[2024-11-26T19:27:48.381+0000] {taskinstance.py:1165} INFO - Dependencies all met for <TaskInstance: demo.hello scheduled__2024-10-22T00:00:00+00:00 [queued]>
[2024-11-26T19:27:48.438+0000] {taskinstance.py:1165} INFO - Dependencies all met for <TaskInstance: demo.hello scheduled__2024-10-22T00:00:00+00:00 [queued]>
[2024-11-26T19:27:48.465+0000] {taskinstance.py:1362} INFO - 
--------------------------------------------------------------------------------
[2024-11-26T19:27:48.480+0000] {taskinstance.py:1363} INFO - Starting attempt 1 of 1
[2024-11-26T19:27:48.481+0000] {taskinstance.py:1364} INFO - 
--------------------------------------------------------------------------------
[2024-11-26T19:27:48.546+0000] {taskinstance.py:1383} INFO - Executing <Task(BashOperator): hello> on 2024-10-22 00:00:00+00:00
[2024-11-26T19:27:48.561+0000] {standard_task_runner.py:55} INFO - Started process 5464 to run task
[2024-11-26T19:27:48.576+0000] {standard_task_runner.py:82} INFO - Running: ['***', 'tasks', 'run', 'demo', 'hello', 'scheduled__2024-10-22T00:00:00+00:00', '--job-id', '2096', '--raw', '--subdir', 'DAGS_FOLDER/demo.py', '--cfg-path', '/tmp/tmpp287viab']
[2024-11-26T19:27:48.577+0000] {standard_task_runner.py:83} INFO - Job 2096: Subtask hello
[2024-11-26T19:27:48.755+0000] {task_command.py:376} INFO - Running <TaskInstance: demo.hello scheduled__2024-10-22T00:00:00+00:00 [running]> on host ece2bbff80df
[2024-11-26T19:27:48.859+0000] {taskinstance.py:1592} INFO - Exporting the following env vars:
AIRFLOW_CTX_DAG_OWNER=***
AIRFLOW_CTX_DAG_ID=demo
AIRFLOW_CTX_TASK_ID=hello
AIRFLOW_CTX_EXECUTION_DATE=2024-10-22T00:00:00+00:00
AIRFLOW_CTX_TRY_NUMBER=1
AIRFLOW_CTX_DAG_RUN_ID=scheduled__2024-10-22T00:00:00+00:00
[2024-11-26T19:27:48.860+0000] {subprocess.py:63} INFO - Tmp dir root location: 
 /tmp
[2024-11-26T19:27:48.861+0000] {subprocess.py:75} INFO - Running command: ['/bin/bash', '-c', 'echo hello soundarya']
[2024-11-26T19:27:48.875+0000] {subprocess.py:86} INFO - Output:
[2024-11-26T19:27:48.877+0000] {subprocess.py:93} INFO - hello soundarya
[2024-11-26T19:27:48.878+0000] {subprocess.py:97} INFO - Command exited with return code 0
[2024-11-26T19:27:48.904+0000] {taskinstance.py:1406} INFO - Marking task as SUCCESS. dag_id=demo, task_id=hello, execution_date=20241022T000000, start_date=20241126T192748, end_date=20241126T192748
[2024-11-26T19:27:48.955+0000] {local_task_job.py:164} INFO - Task exited with return code 0
[2024-11-26T19:27:48.975+0000] {local_task_job.py:273} INFO - 1 downstream tasks scheduled from follow-on schedule check
