[2024-12-08T08:25:02.841+0000] {taskinstance.py:1165} INFO - Dependencies all met for <TaskInstance: dummy_dag.hello manual__2024-12-08T08:25:01.883098+00:00 [queued]>
[2024-12-08T08:25:02.852+0000] {taskinstance.py:1165} INFO - Dependencies all met for <TaskInstance: dummy_dag.hello manual__2024-12-08T08:25:01.883098+00:00 [queued]>
[2024-12-08T08:25:02.853+0000] {taskinstance.py:1362} INFO - 
--------------------------------------------------------------------------------
[2024-12-08T08:25:02.853+0000] {taskinstance.py:1363} INFO - Starting attempt 1 of 2
[2024-12-08T08:25:02.854+0000] {taskinstance.py:1364} INFO - 
--------------------------------------------------------------------------------
[2024-12-08T08:25:02.869+0000] {taskinstance.py:1383} INFO - Executing <Task(BashOperator): hello> on 2024-12-08 08:25:01.883098+00:00
[2024-12-08T08:25:02.874+0000] {standard_task_runner.py:55} INFO - Started process 603 to run task
[2024-12-08T08:25:02.877+0000] {standard_task_runner.py:82} INFO - Running: ['***', 'tasks', 'run', 'dummy_dag', 'hello', 'manual__2024-12-08T08:25:01.883098+00:00', '--job-id', '2348', '--raw', '--subdir', 'DAGS_FOLDER/demo.py', '--cfg-path', '/tmp/tmpl1rmmvyu']
[2024-12-08T08:25:02.878+0000] {standard_task_runner.py:83} INFO - Job 2348: Subtask hello
[2024-12-08T08:25:02.940+0000] {task_command.py:376} INFO - Running <TaskInstance: dummy_dag.hello manual__2024-12-08T08:25:01.883098+00:00 [running]> on host ece2bbff80df
[2024-12-08T08:25:03.016+0000] {taskinstance.py:1592} INFO - Exporting the following env vars:
AIRFLOW_CTX_DAG_OWNER=***
AIRFLOW_CTX_DAG_ID=dummy_dag
AIRFLOW_CTX_TASK_ID=hello
AIRFLOW_CTX_EXECUTION_DATE=2024-12-08T08:25:01.883098+00:00
AIRFLOW_CTX_TRY_NUMBER=1
AIRFLOW_CTX_DAG_RUN_ID=manual__2024-12-08T08:25:01.883098+00:00
[2024-12-08T08:25:03.017+0000] {subprocess.py:63} INFO - Tmp dir root location: 
 /tmp
[2024-12-08T08:25:03.018+0000] {subprocess.py:75} INFO - Running command: ['/bin/bash', '-c', 'echo hello soundarya']
[2024-12-08T08:25:03.036+0000] {subprocess.py:86} INFO - Output:
[2024-12-08T08:25:03.040+0000] {subprocess.py:93} INFO - hello soundarya
[2024-12-08T08:25:03.042+0000] {subprocess.py:97} INFO - Command exited with return code 0
[2024-12-08T08:25:03.073+0000] {taskinstance.py:1406} INFO - Marking task as SUCCESS. dag_id=dummy_dag, task_id=hello, execution_date=20241208T082501, start_date=20241208T082502, end_date=20241208T082503
[2024-12-08T08:25:03.130+0000] {local_task_job.py:164} INFO - Task exited with return code 0
[2024-12-08T08:25:03.154+0000] {local_task_job.py:273} INFO - 1 downstream tasks scheduled from follow-on schedule check
