[2024-11-26T19:26:00.916+0000] {taskinstance.py:1165} INFO - Dependencies all met for <TaskInstance: demo.hello scheduled__2024-07-07T00:00:00+00:00 [queued]>
[2024-11-26T19:26:00.943+0000] {taskinstance.py:1165} INFO - Dependencies all met for <TaskInstance: demo.hello scheduled__2024-07-07T00:00:00+00:00 [queued]>
[2024-11-26T19:26:00.944+0000] {taskinstance.py:1362} INFO - 
--------------------------------------------------------------------------------
[2024-11-26T19:26:00.945+0000] {taskinstance.py:1363} INFO - Starting attempt 1 of 1
[2024-11-26T19:26:00.946+0000] {taskinstance.py:1364} INFO - 
--------------------------------------------------------------------------------
[2024-11-26T19:26:00.984+0000] {taskinstance.py:1383} INFO - Executing <Task(BashOperator): hello> on 2024-07-07 00:00:00+00:00
[2024-11-26T19:26:00.996+0000] {standard_task_runner.py:55} INFO - Started process 4860 to run task
[2024-11-26T19:26:01.005+0000] {standard_task_runner.py:82} INFO - Running: ['***', 'tasks', 'run', 'demo', 'hello', 'scheduled__2024-07-07T00:00:00+00:00', '--job-id', '1884', '--raw', '--subdir', 'DAGS_FOLDER/demo.py', '--cfg-path', '/tmp/tmp51_zz1og']
[2024-11-26T19:26:01.008+0000] {standard_task_runner.py:83} INFO - Job 1884: Subtask hello
[2024-11-26T19:26:01.140+0000] {task_command.py:376} INFO - Running <TaskInstance: demo.hello scheduled__2024-07-07T00:00:00+00:00 [running]> on host ece2bbff80df
[2024-11-26T19:26:01.325+0000] {taskinstance.py:1592} INFO - Exporting the following env vars:
AIRFLOW_CTX_DAG_OWNER=***
AIRFLOW_CTX_DAG_ID=demo
AIRFLOW_CTX_TASK_ID=hello
AIRFLOW_CTX_EXECUTION_DATE=2024-07-07T00:00:00+00:00
AIRFLOW_CTX_TRY_NUMBER=1
AIRFLOW_CTX_DAG_RUN_ID=scheduled__2024-07-07T00:00:00+00:00
[2024-11-26T19:26:01.326+0000] {subprocess.py:63} INFO - Tmp dir root location: 
 /tmp
[2024-11-26T19:26:01.328+0000] {subprocess.py:75} INFO - Running command: ['/bin/bash', '-c', 'echo hello soundarya']
[2024-11-26T19:26:01.348+0000] {subprocess.py:86} INFO - Output:
[2024-11-26T19:26:01.350+0000] {subprocess.py:93} INFO - hello soundarya
[2024-11-26T19:26:01.351+0000] {subprocess.py:97} INFO - Command exited with return code 0
[2024-11-26T19:26:01.414+0000] {taskinstance.py:1406} INFO - Marking task as SUCCESS. dag_id=demo, task_id=hello, execution_date=20240707T000000, start_date=20241126T192600, end_date=20241126T192601
[2024-11-26T19:26:01.497+0000] {local_task_job.py:164} INFO - Task exited with return code 0
[2024-11-26T19:26:01.565+0000] {local_task_job.py:273} INFO - 1 downstream tasks scheduled from follow-on schedule check
