[2024-11-26T19:16:51.406+0000] {taskinstance.py:1165} INFO - Dependencies all met for <TaskInstance: demo.hello scheduled__2022-12-18T00:00:00+00:00 [queued]>
[2024-11-26T19:16:51.429+0000] {taskinstance.py:1165} INFO - Dependencies all met for <TaskInstance: demo.hello scheduled__2022-12-18T00:00:00+00:00 [queued]>
[2024-11-26T19:16:51.436+0000] {taskinstance.py:1362} INFO - 
--------------------------------------------------------------------------------
[2024-11-26T19:16:51.438+0000] {taskinstance.py:1363} INFO - Starting attempt 1 of 1
[2024-11-26T19:16:51.439+0000] {taskinstance.py:1364} INFO - 
--------------------------------------------------------------------------------
[2024-11-26T19:16:51.521+0000] {taskinstance.py:1383} INFO - Executing <Task(BashOperator): hello> on 2022-12-18 00:00:00+00:00
[2024-11-26T19:16:51.531+0000] {standard_task_runner.py:55} INFO - Started process 1650 to run task
[2024-11-26T19:16:51.543+0000] {standard_task_runner.py:82} INFO - Running: ['***', 'tasks', 'run', 'demo', 'hello', 'scheduled__2022-12-18T00:00:00+00:00', '--job-id', '748', '--raw', '--subdir', 'DAGS_FOLDER/demo.py', '--cfg-path', '/tmp/tmpw3e5sxoa']
[2024-11-26T19:16:51.555+0000] {standard_task_runner.py:83} INFO - Job 748: Subtask hello
[2024-11-26T19:16:51.718+0000] {task_command.py:376} INFO - Running <TaskInstance: demo.hello scheduled__2022-12-18T00:00:00+00:00 [running]> on host ece2bbff80df
[2024-11-26T19:16:51.868+0000] {taskinstance.py:1592} INFO - Exporting the following env vars:
AIRFLOW_CTX_DAG_OWNER=***
AIRFLOW_CTX_DAG_ID=demo
AIRFLOW_CTX_TASK_ID=hello
AIRFLOW_CTX_EXECUTION_DATE=2022-12-18T00:00:00+00:00
AIRFLOW_CTX_TRY_NUMBER=1
AIRFLOW_CTX_DAG_RUN_ID=scheduled__2022-12-18T00:00:00+00:00
[2024-11-26T19:16:51.873+0000] {subprocess.py:63} INFO - Tmp dir root location: 
 /tmp
[2024-11-26T19:16:51.883+0000] {subprocess.py:75} INFO - Running command: ['/bin/bash', '-c', 'echo hello soundarya']
[2024-11-26T19:16:51.940+0000] {subprocess.py:86} INFO - Output:
[2024-11-26T19:16:51.941+0000] {subprocess.py:93} INFO - hello soundarya
[2024-11-26T19:16:51.942+0000] {subprocess.py:97} INFO - Command exited with return code 0
[2024-11-26T19:16:52.027+0000] {taskinstance.py:1406} INFO - Marking task as SUCCESS. dag_id=demo, task_id=hello, execution_date=20221218T000000, start_date=20241126T191651, end_date=20241126T191652
[2024-11-26T19:16:52.124+0000] {local_task_job.py:164} INFO - Task exited with return code 0
[2024-11-26T19:16:52.188+0000] {local_task_job.py:273} INFO - 0 downstream tasks scheduled from follow-on schedule check
