[2024-11-26T19:13:09.669+0000] {taskinstance.py:1165} INFO - Dependencies all met for <TaskInstance: demo.hello scheduled__2022-05-31T00:00:00+00:00 [queued]>
[2024-11-26T19:13:09.693+0000] {taskinstance.py:1165} INFO - Dependencies all met for <TaskInstance: demo.hello scheduled__2022-05-31T00:00:00+00:00 [queued]>
[2024-11-26T19:13:09.693+0000] {taskinstance.py:1362} INFO - 
--------------------------------------------------------------------------------
[2024-11-26T19:13:09.694+0000] {taskinstance.py:1363} INFO - Starting attempt 1 of 1
[2024-11-26T19:13:09.695+0000] {taskinstance.py:1364} INFO - 
--------------------------------------------------------------------------------
[2024-11-26T19:13:09.732+0000] {taskinstance.py:1383} INFO - Executing <Task(BashOperator): hello> on 2022-05-31 00:00:00+00:00
[2024-11-26T19:13:09.749+0000] {standard_task_runner.py:55} INFO - Started process 503 to run task
[2024-11-26T19:13:09.765+0000] {standard_task_runner.py:82} INFO - Running: ['***', 'tasks', 'run', 'demo', 'hello', 'scheduled__2022-05-31T00:00:00+00:00', '--job-id', '346', '--raw', '--subdir', 'DAGS_FOLDER/demo.py', '--cfg-path', '/tmp/tmpw26i4a80']
[2024-11-26T19:13:09.768+0000] {standard_task_runner.py:83} INFO - Job 346: Subtask hello
[2024-11-26T19:13:09.998+0000] {task_command.py:376} INFO - Running <TaskInstance: demo.hello scheduled__2022-05-31T00:00:00+00:00 [running]> on host ece2bbff80df
[2024-11-26T19:13:10.215+0000] {taskinstance.py:1592} INFO - Exporting the following env vars:
AIRFLOW_CTX_DAG_OWNER=***
AIRFLOW_CTX_DAG_ID=demo
AIRFLOW_CTX_TASK_ID=hello
AIRFLOW_CTX_EXECUTION_DATE=2022-05-31T00:00:00+00:00
AIRFLOW_CTX_TRY_NUMBER=1
AIRFLOW_CTX_DAG_RUN_ID=scheduled__2022-05-31T00:00:00+00:00
[2024-11-26T19:13:10.218+0000] {subprocess.py:63} INFO - Tmp dir root location: 
 /tmp
[2024-11-26T19:13:10.223+0000] {subprocess.py:75} INFO - Running command: ['/bin/bash', '-c', 'echo hello soundarya']
[2024-11-26T19:13:10.253+0000] {subprocess.py:86} INFO - Output:
[2024-11-26T19:13:10.256+0000] {subprocess.py:93} INFO - hello soundarya
[2024-11-26T19:13:10.259+0000] {subprocess.py:97} INFO - Command exited with return code 0
[2024-11-26T19:13:10.418+0000] {taskinstance.py:1406} INFO - Marking task as SUCCESS. dag_id=demo, task_id=hello, execution_date=20220531T000000, start_date=20241126T191309, end_date=20241126T191310
[2024-11-26T19:13:10.530+0000] {local_task_job.py:164} INFO - Task exited with return code 0
[2024-11-26T19:13:10.682+0000] {local_task_job.py:273} INFO - 1 downstream tasks scheduled from follow-on schedule check
