[2024-11-26T19:24:36.956+0000] {taskinstance.py:1165} INFO - Dependencies all met for <TaskInstance: demo.airflow scheduled__2024-04-11T00:00:00+00:00 [queued]>
[2024-11-26T19:24:36.970+0000] {taskinstance.py:1165} INFO - Dependencies all met for <TaskInstance: demo.airflow scheduled__2024-04-11T00:00:00+00:00 [queued]>
[2024-11-26T19:24:36.971+0000] {taskinstance.py:1362} INFO - 
--------------------------------------------------------------------------------
[2024-11-26T19:24:36.972+0000] {taskinstance.py:1363} INFO - Starting attempt 1 of 1
[2024-11-26T19:24:36.973+0000] {taskinstance.py:1364} INFO - 
--------------------------------------------------------------------------------
[2024-11-26T19:24:36.996+0000] {taskinstance.py:1383} INFO - Executing <Task(_PythonDecoratedOperator): airflow> on 2024-04-11 00:00:00+00:00
[2024-11-26T19:24:37.002+0000] {standard_task_runner.py:55} INFO - Started process 4380 to run task
[2024-11-26T19:24:37.007+0000] {standard_task_runner.py:82} INFO - Running: ['***', 'tasks', 'run', 'demo', '***', 'scheduled__2024-04-11T00:00:00+00:00', '--job-id', '1714', '--raw', '--subdir', 'DAGS_FOLDER/demo.py', '--cfg-path', '/tmp/tmpy83d457x']
[2024-11-26T19:24:37.008+0000] {standard_task_runner.py:83} INFO - Job 1714: Subtask ***
[2024-11-26T19:24:37.096+0000] {task_command.py:376} INFO - Running <TaskInstance: demo.airflow scheduled__2024-04-11T00:00:00+00:00 [running]> on host ece2bbff80df
[2024-11-26T19:24:37.194+0000] {taskinstance.py:1592} INFO - Exporting the following env vars:
AIRFLOW_CTX_DAG_OWNER=***
AIRFLOW_CTX_DAG_ID=demo
AIRFLOW_CTX_TASK_ID=***
AIRFLOW_CTX_EXECUTION_DATE=2024-04-11T00:00:00+00:00
AIRFLOW_CTX_TRY_NUMBER=1
AIRFLOW_CTX_DAG_RUN_ID=scheduled__2024-04-11T00:00:00+00:00
[2024-11-26T19:24:37.195+0000] {logging_mixin.py:120} INFO - ***
[2024-11-26T19:24:37.196+0000] {python.py:177} INFO - Done. Returned value was: None
[2024-11-26T19:24:37.218+0000] {taskinstance.py:1406} INFO - Marking task as SUCCESS. dag_id=demo, task_id=***, execution_date=20240411T000000, start_date=20241126T192436, end_date=20241126T192437
[2024-11-26T19:24:37.259+0000] {local_task_job.py:164} INFO - Task exited with return code 0
[2024-11-26T19:24:37.286+0000] {local_task_job.py:273} INFO - 0 downstream tasks scheduled from follow-on schedule check
