[2024-11-26T19:16:01.140+0000] {taskinstance.py:1165} INFO - Dependencies all met for <TaskInstance: demo.hello scheduled__2022-11-08T00:00:00+00:00 [queued]>
[2024-11-26T19:16:01.194+0000] {taskinstance.py:1165} INFO - Dependencies all met for <TaskInstance: demo.hello scheduled__2022-11-08T00:00:00+00:00 [queued]>
[2024-11-26T19:16:01.217+0000] {taskinstance.py:1362} INFO - 
--------------------------------------------------------------------------------
[2024-11-26T19:16:01.229+0000] {taskinstance.py:1363} INFO - Starting attempt 1 of 1
[2024-11-26T19:16:01.243+0000] {taskinstance.py:1364} INFO - 
--------------------------------------------------------------------------------
[2024-11-26T19:16:01.297+0000] {taskinstance.py:1383} INFO - Executing <Task(BashOperator): hello> on 2022-11-08 00:00:00+00:00
[2024-11-26T19:16:01.317+0000] {standard_task_runner.py:55} INFO - Started process 1420 to run task
[2024-11-26T19:16:01.331+0000] {standard_task_runner.py:82} INFO - Running: ['***', 'tasks', 'run', 'demo', 'hello', 'scheduled__2022-11-08T00:00:00+00:00', '--job-id', '667', '--raw', '--subdir', 'DAGS_FOLDER/demo.py', '--cfg-path', '/tmp/tmpqco1300e']
[2024-11-26T19:16:01.334+0000] {standard_task_runner.py:83} INFO - Job 667: Subtask hello
[2024-11-26T19:16:01.672+0000] {task_command.py:376} INFO - Running <TaskInstance: demo.hello scheduled__2022-11-08T00:00:00+00:00 [running]> on host ece2bbff80df
[2024-11-26T19:16:02.030+0000] {taskinstance.py:1592} INFO - Exporting the following env vars:
AIRFLOW_CTX_DAG_OWNER=***
AIRFLOW_CTX_DAG_ID=demo
AIRFLOW_CTX_TASK_ID=hello
AIRFLOW_CTX_EXECUTION_DATE=2022-11-08T00:00:00+00:00
AIRFLOW_CTX_TRY_NUMBER=1
AIRFLOW_CTX_DAG_RUN_ID=scheduled__2022-11-08T00:00:00+00:00
[2024-11-26T19:16:02.041+0000] {subprocess.py:63} INFO - Tmp dir root location: 
 /tmp
[2024-11-26T19:16:02.046+0000] {subprocess.py:75} INFO - Running command: ['/bin/bash', '-c', 'echo hello soundarya']
[2024-11-26T19:16:02.097+0000] {subprocess.py:86} INFO - Output:
[2024-11-26T19:16:02.111+0000] {subprocess.py:93} INFO - hello soundarya
[2024-11-26T19:16:02.143+0000] {subprocess.py:97} INFO - Command exited with return code 0
[2024-11-26T19:16:02.338+0000] {taskinstance.py:1406} INFO - Marking task as SUCCESS. dag_id=demo, task_id=hello, execution_date=20221108T000000, start_date=20241126T191601, end_date=20241126T191602
[2024-11-26T19:16:02.450+0000] {local_task_job.py:164} INFO - Task exited with return code 0
[2024-11-26T19:16:02.550+0000] {local_task_job.py:273} INFO - 1 downstream tasks scheduled from follow-on schedule check
