[2024-11-26T19:10:41.784+0000] {taskinstance.py:1165} INFO - Dependencies all met for <TaskInstance: demo.hello scheduled__2022-02-28T00:00:00+00:00 [queued]>
[2024-11-26T19:10:41.807+0000] {taskinstance.py:1165} INFO - Dependencies all met for <TaskInstance: demo.hello scheduled__2022-02-28T00:00:00+00:00 [queued]>
[2024-11-26T19:10:41.808+0000] {taskinstance.py:1362} INFO - 
--------------------------------------------------------------------------------
[2024-11-26T19:10:41.809+0000] {taskinstance.py:1363} INFO - Starting attempt 1 of 1
[2024-11-26T19:10:41.816+0000] {taskinstance.py:1364} INFO - 
--------------------------------------------------------------------------------
[2024-11-26T19:10:41.848+0000] {taskinstance.py:1383} INFO - Executing <Task(BashOperator): hello> on 2022-02-28 00:00:00+00:00
[2024-11-26T19:10:41.855+0000] {standard_task_runner.py:55} INFO - Started process 448 to run task
[2024-11-26T19:10:41.862+0000] {standard_task_runner.py:82} INFO - Running: ['***', 'tasks', 'run', 'demo', 'hello', 'scheduled__2022-02-28T00:00:00+00:00', '--job-id', '158', '--raw', '--subdir', 'DAGS_FOLDER/demo.py', '--cfg-path', '/tmp/tmpz2vr_6wi']
[2024-11-26T19:10:41.865+0000] {standard_task_runner.py:83} INFO - Job 158: Subtask hello
[2024-11-26T19:10:42.021+0000] {task_command.py:376} INFO - Running <TaskInstance: demo.hello scheduled__2022-02-28T00:00:00+00:00 [running]> on host ece2bbff80df
[2024-11-26T19:10:42.190+0000] {taskinstance.py:1592} INFO - Exporting the following env vars:
AIRFLOW_CTX_DAG_OWNER=***
AIRFLOW_CTX_DAG_ID=demo
AIRFLOW_CTX_TASK_ID=hello
AIRFLOW_CTX_EXECUTION_DATE=2022-02-28T00:00:00+00:00
AIRFLOW_CTX_TRY_NUMBER=1
AIRFLOW_CTX_DAG_RUN_ID=scheduled__2022-02-28T00:00:00+00:00
[2024-11-26T19:10:42.191+0000] {subprocess.py:63} INFO - Tmp dir root location: 
 /tmp
[2024-11-26T19:10:42.193+0000] {subprocess.py:75} INFO - Running command: ['/bin/bash', '-c', 'echo hello']
[2024-11-26T19:10:42.226+0000] {subprocess.py:86} INFO - Output:
[2024-11-26T19:10:42.229+0000] {subprocess.py:93} INFO - hello
[2024-11-26T19:10:42.230+0000] {subprocess.py:97} INFO - Command exited with return code 0
[2024-11-26T19:10:42.296+0000] {taskinstance.py:1406} INFO - Marking task as SUCCESS. dag_id=demo, task_id=hello, execution_date=20220228T000000, start_date=20241126T191041, end_date=20241126T191042
[2024-11-26T19:10:42.388+0000] {local_task_job.py:164} INFO - Task exited with return code 0
[2024-11-26T19:10:42.440+0000] {local_task_job.py:273} INFO - 0 downstream tasks scheduled from follow-on schedule check
