[2024-11-26T19:24:27.587+0000] {taskinstance.py:1165} INFO - Dependencies all met for <TaskInstance: demo.airflow scheduled__2024-04-03T00:00:00+00:00 [queued]>
[2024-11-26T19:24:27.603+0000] {taskinstance.py:1165} INFO - Dependencies all met for <TaskInstance: demo.airflow scheduled__2024-04-03T00:00:00+00:00 [queued]>
[2024-11-26T19:24:27.604+0000] {taskinstance.py:1362} INFO - 
--------------------------------------------------------------------------------
[2024-11-26T19:24:27.605+0000] {taskinstance.py:1363} INFO - Starting attempt 1 of 1
[2024-11-26T19:24:27.607+0000] {taskinstance.py:1364} INFO - 
--------------------------------------------------------------------------------
[2024-11-26T19:24:27.629+0000] {taskinstance.py:1383} INFO - Executing <Task(_PythonDecoratedOperator): airflow> on 2024-04-03 00:00:00+00:00
[2024-11-26T19:24:27.637+0000] {standard_task_runner.py:55} INFO - Started process 4328 to run task
[2024-11-26T19:24:27.641+0000] {standard_task_runner.py:82} INFO - Running: ['***', 'tasks', 'run', 'demo', '***', 'scheduled__2024-04-03T00:00:00+00:00', '--job-id', '1695', '--raw', '--subdir', 'DAGS_FOLDER/demo.py', '--cfg-path', '/tmp/tmpu_kv14zw']
[2024-11-26T19:24:27.642+0000] {standard_task_runner.py:83} INFO - Job 1695: Subtask ***
[2024-11-26T19:24:27.729+0000] {task_command.py:376} INFO - Running <TaskInstance: demo.airflow scheduled__2024-04-03T00:00:00+00:00 [running]> on host ece2bbff80df
[2024-11-26T19:24:27.824+0000] {taskinstance.py:1592} INFO - Exporting the following env vars:
AIRFLOW_CTX_DAG_OWNER=***
AIRFLOW_CTX_DAG_ID=demo
AIRFLOW_CTX_TASK_ID=***
AIRFLOW_CTX_EXECUTION_DATE=2024-04-03T00:00:00+00:00
AIRFLOW_CTX_TRY_NUMBER=1
AIRFLOW_CTX_DAG_RUN_ID=scheduled__2024-04-03T00:00:00+00:00
[2024-11-26T19:24:27.825+0000] {logging_mixin.py:120} INFO - ***
[2024-11-26T19:24:27.826+0000] {python.py:177} INFO - Done. Returned value was: None
[2024-11-26T19:24:27.839+0000] {taskinstance.py:1406} INFO - Marking task as SUCCESS. dag_id=demo, task_id=***, execution_date=20240403T000000, start_date=20241126T192427, end_date=20241126T192427
[2024-11-26T19:24:27.893+0000] {local_task_job.py:164} INFO - Task exited with return code 0
[2024-11-26T19:24:27.938+0000] {local_task_job.py:273} INFO - 0 downstream tasks scheduled from follow-on schedule check
