[2024-11-26T19:10:03.508+0000] {taskinstance.py:1165} INFO - Dependencies all met for <TaskInstance: demo.hello scheduled__2022-01-30T00:00:00+00:00 [queued]>
[2024-11-26T19:10:03.651+0000] {taskinstance.py:1165} INFO - Dependencies all met for <TaskInstance: demo.hello scheduled__2022-01-30T00:00:00+00:00 [queued]>
[2024-11-26T19:10:03.652+0000] {taskinstance.py:1362} INFO - 
--------------------------------------------------------------------------------
[2024-11-26T19:10:03.653+0000] {taskinstance.py:1363} INFO - Starting attempt 1 of 1
[2024-11-26T19:10:03.656+0000] {taskinstance.py:1364} INFO - 
--------------------------------------------------------------------------------
[2024-11-26T19:10:03.756+0000] {taskinstance.py:1383} INFO - Executing <Task(BashOperator): hello> on 2022-01-30 00:00:00+00:00
[2024-11-26T19:10:03.781+0000] {standard_task_runner.py:55} INFO - Started process 274 to run task
[2024-11-26T19:10:03.812+0000] {standard_task_runner.py:82} INFO - Running: ['***', 'tasks', 'run', 'demo', 'hello', 'scheduled__2022-01-30T00:00:00+00:00', '--job-id', '97', '--raw', '--subdir', 'DAGS_FOLDER/demo.py', '--cfg-path', '/tmp/tmpj09d5ygp']
[2024-11-26T19:10:03.820+0000] {standard_task_runner.py:83} INFO - Job 97: Subtask hello
[2024-11-26T19:10:04.137+0000] {task_command.py:376} INFO - Running <TaskInstance: demo.hello scheduled__2022-01-30T00:00:00+00:00 [running]> on host ece2bbff80df
[2024-11-26T19:10:04.457+0000] {taskinstance.py:1592} INFO - Exporting the following env vars:
AIRFLOW_CTX_DAG_OWNER=***
AIRFLOW_CTX_DAG_ID=demo
AIRFLOW_CTX_TASK_ID=hello
AIRFLOW_CTX_EXECUTION_DATE=2022-01-30T00:00:00+00:00
AIRFLOW_CTX_TRY_NUMBER=1
AIRFLOW_CTX_DAG_RUN_ID=scheduled__2022-01-30T00:00:00+00:00
[2024-11-26T19:10:04.462+0000] {subprocess.py:63} INFO - Tmp dir root location: 
 /tmp
[2024-11-26T19:10:04.463+0000] {subprocess.py:75} INFO - Running command: ['/bin/bash', '-c', 'echo hello']
[2024-11-26T19:10:04.488+0000] {subprocess.py:86} INFO - Output:
[2024-11-26T19:10:04.495+0000] {subprocess.py:93} INFO - hello
[2024-11-26T19:10:04.505+0000] {subprocess.py:97} INFO - Command exited with return code 0
[2024-11-26T19:10:04.617+0000] {taskinstance.py:1406} INFO - Marking task as SUCCESS. dag_id=demo, task_id=hello, execution_date=20220130T000000, start_date=20241126T191003, end_date=20241126T191004
[2024-11-26T19:10:04.715+0000] {local_task_job.py:164} INFO - Task exited with return code 0
[2024-11-26T19:10:04.792+0000] {local_task_job.py:273} INFO - 1 downstream tasks scheduled from follow-on schedule check
