[2024-11-26T19:13:32.596+0000] {taskinstance.py:1165} INFO - Dependencies all met for <TaskInstance: demo.hello scheduled__2022-06-23T00:00:00+00:00 [queued]>
[2024-11-26T19:13:32.616+0000] {taskinstance.py:1165} INFO - Dependencies all met for <TaskInstance: demo.hello scheduled__2022-06-23T00:00:00+00:00 [queued]>
[2024-11-26T19:13:32.617+0000] {taskinstance.py:1362} INFO - 
--------------------------------------------------------------------------------
[2024-11-26T19:13:32.617+0000] {taskinstance.py:1363} INFO - Starting attempt 1 of 1
[2024-11-26T19:13:32.622+0000] {taskinstance.py:1364} INFO - 
--------------------------------------------------------------------------------
[2024-11-26T19:13:32.658+0000] {taskinstance.py:1383} INFO - Executing <Task(BashOperator): hello> on 2022-06-23 00:00:00+00:00
[2024-11-26T19:13:32.667+0000] {standard_task_runner.py:55} INFO - Started process 635 to run task
[2024-11-26T19:13:32.680+0000] {standard_task_runner.py:82} INFO - Running: ['***', 'tasks', 'run', 'demo', 'hello', 'scheduled__2022-06-23T00:00:00+00:00', '--job-id', '391', '--raw', '--subdir', 'DAGS_FOLDER/demo.py', '--cfg-path', '/tmp/tmp94b8d5b6']
[2024-11-26T19:13:32.681+0000] {standard_task_runner.py:83} INFO - Job 391: Subtask hello
[2024-11-26T19:13:32.803+0000] {task_command.py:376} INFO - Running <TaskInstance: demo.hello scheduled__2022-06-23T00:00:00+00:00 [running]> on host ece2bbff80df
[2024-11-26T19:13:33.021+0000] {taskinstance.py:1592} INFO - Exporting the following env vars:
AIRFLOW_CTX_DAG_OWNER=***
AIRFLOW_CTX_DAG_ID=demo
AIRFLOW_CTX_TASK_ID=hello
AIRFLOW_CTX_EXECUTION_DATE=2022-06-23T00:00:00+00:00
AIRFLOW_CTX_TRY_NUMBER=1
AIRFLOW_CTX_DAG_RUN_ID=scheduled__2022-06-23T00:00:00+00:00
[2024-11-26T19:13:33.029+0000] {subprocess.py:63} INFO - Tmp dir root location: 
 /tmp
[2024-11-26T19:13:33.034+0000] {subprocess.py:75} INFO - Running command: ['/bin/bash', '-c', 'echo hello soundarya']
[2024-11-26T19:13:33.074+0000] {subprocess.py:86} INFO - Output:
[2024-11-26T19:13:33.080+0000] {subprocess.py:93} INFO - hello soundarya
[2024-11-26T19:13:33.081+0000] {subprocess.py:97} INFO - Command exited with return code 0
[2024-11-26T19:13:33.175+0000] {taskinstance.py:1406} INFO - Marking task as SUCCESS. dag_id=demo, task_id=hello, execution_date=20220623T000000, start_date=20241126T191332, end_date=20241126T191333
[2024-11-26T19:13:33.219+0000] {local_task_job.py:164} INFO - Task exited with return code 0
[2024-11-26T19:13:33.335+0000] {local_task_job.py:273} INFO - 0 downstream tasks scheduled from follow-on schedule check
