[2024-12-08T08:14:42.165+0000] {taskinstance.py:1165} INFO - Dependencies all met for <TaskInstance: dummy_dag.hello manual__2024-12-08T08:14:39.826015+00:00 [queued]>
[2024-12-08T08:14:42.196+0000] {taskinstance.py:1165} INFO - Dependencies all met for <TaskInstance: dummy_dag.hello manual__2024-12-08T08:14:39.826015+00:00 [queued]>
[2024-12-08T08:14:42.198+0000] {taskinstance.py:1362} INFO - 
--------------------------------------------------------------------------------
[2024-12-08T08:14:42.200+0000] {taskinstance.py:1363} INFO - Starting attempt 1 of 2
[2024-12-08T08:14:42.202+0000] {taskinstance.py:1364} INFO - 
--------------------------------------------------------------------------------
[2024-12-08T08:14:42.243+0000] {taskinstance.py:1383} INFO - Executing <Task(BashOperator): hello> on 2024-12-08 08:14:39.826015+00:00
[2024-12-08T08:14:42.253+0000] {standard_task_runner.py:55} INFO - Started process 109 to run task
[2024-12-08T08:14:42.264+0000] {standard_task_runner.py:82} INFO - Running: ['***', 'tasks', 'run', 'dummy_dag', 'hello', 'manual__2024-12-08T08:14:39.826015+00:00', '--job-id', '2332', '--raw', '--subdir', 'DAGS_FOLDER/demo.py', '--cfg-path', '/tmp/tmpe3d9564i']
[2024-12-08T08:14:42.266+0000] {standard_task_runner.py:83} INFO - Job 2332: Subtask hello
[2024-12-08T08:14:42.435+0000] {task_command.py:376} INFO - Running <TaskInstance: dummy_dag.hello manual__2024-12-08T08:14:39.826015+00:00 [running]> on host ece2bbff80df
[2024-12-08T08:14:42.533+0000] {taskinstance.py:1592} INFO - Exporting the following env vars:
AIRFLOW_CTX_DAG_OWNER=***
AIRFLOW_CTX_DAG_ID=dummy_dag
AIRFLOW_CTX_TASK_ID=hello
AIRFLOW_CTX_EXECUTION_DATE=2024-12-08T08:14:39.826015+00:00
AIRFLOW_CTX_TRY_NUMBER=1
AIRFLOW_CTX_DAG_RUN_ID=manual__2024-12-08T08:14:39.826015+00:00
[2024-12-08T08:14:42.536+0000] {subprocess.py:63} INFO - Tmp dir root location: 
 /tmp
[2024-12-08T08:14:42.538+0000] {subprocess.py:75} INFO - Running command: ['/bin/bash', '-c', 'echo hello soundarya']
[2024-12-08T08:14:42.554+0000] {subprocess.py:86} INFO - Output:
[2024-12-08T08:14:42.556+0000] {subprocess.py:93} INFO - hello soundarya
[2024-12-08T08:14:42.557+0000] {subprocess.py:97} INFO - Command exited with return code 0
[2024-12-08T08:14:42.601+0000] {taskinstance.py:1406} INFO - Marking task as SUCCESS. dag_id=dummy_dag, task_id=hello, execution_date=20241208T081439, start_date=20241208T081442, end_date=20241208T081442
[2024-12-08T08:14:42.636+0000] {local_task_job.py:164} INFO - Task exited with return code 0
[2024-12-08T08:14:42.678+0000] {local_task_job.py:273} INFO - 1 downstream tasks scheduled from follow-on schedule check
