[2024-11-29T02:08:49.058+0000] {processor.py:154} INFO - Started process (PID=58) to work on /home/airflow/.local/lib/python3.7/site-packages/airflow/example_dags/example_dag_decorator.py
[2024-11-29T02:08:49.060+0000] {processor.py:756} INFO - Processing file /home/airflow/.local/lib/python3.7/site-packages/airflow/example_dags/example_dag_decorator.py for tasks to queue
[2024-11-29T02:08:49.062+0000] {logging_mixin.py:120} INFO - [2024-11-29T02:08:49.062+0000] {dagbag.py:537} INFO - Filling up the DagBag from /home/airflow/.local/lib/python3.7/site-packages/airflow/example_dags/example_dag_decorator.py
[2024-11-29T02:08:49.121+0000] {logging_mixin.py:120} INFO - [2024-11-29T02:08:49.121+0000] {taskmixin.py:205} WARNING - Dependency <Task(_PythonDecoratedOperator): prepare_email>, send_email already registered for DAG: example_dag_decorator
[2024-11-29T02:08:49.122+0000] {logging_mixin.py:120} INFO - [2024-11-29T02:08:49.122+0000] {taskmixin.py:205} WARNING - Dependency <Task(EmailOperator): send_email>, prepare_email already registered for DAG: example_dag_decorator
[2024-11-29T02:08:49.161+0000] {processor.py:766} INFO - DAG(s) dict_keys(['example_dag_decorator']) retrieved from /home/airflow/.local/lib/python3.7/site-packages/airflow/example_dags/example_dag_decorator.py
[2024-11-29T02:08:49.506+0000] {logging_mixin.py:120} INFO - [2024-11-29T02:08:49.505+0000] {dag.py:2585} INFO - Sync 1 DAGs
[2024-11-29T02:08:49.633+0000] {logging_mixin.py:120} INFO - [2024-11-29T02:08:49.623+0000] {dag.py:3340} INFO - Setting next_dagrun for example_dag_decorator to None, run_after=None
[2024-11-29T02:08:49.731+0000] {processor.py:176} INFO - Processing /home/airflow/.local/lib/python3.7/site-packages/airflow/example_dags/example_dag_decorator.py took 0.679 seconds
[2024-11-29T02:09:38.635+0000] {processor.py:154} INFO - Started process (PID=59) to work on /home/airflow/.local/lib/python3.7/site-packages/airflow/example_dags/example_dag_decorator.py
[2024-11-29T02:09:38.637+0000] {processor.py:756} INFO - Processing file /home/airflow/.local/lib/python3.7/site-packages/airflow/example_dags/example_dag_decorator.py for tasks to queue
[2024-11-29T02:09:38.638+0000] {logging_mixin.py:120} INFO - [2024-11-29T02:09:38.638+0000] {dagbag.py:537} INFO - Filling up the DagBag from /home/airflow/.local/lib/python3.7/site-packages/airflow/example_dags/example_dag_decorator.py
[2024-11-29T02:09:38.660+0000] {logging_mixin.py:120} INFO - [2024-11-29T02:09:38.660+0000] {taskmixin.py:205} WARNING - Dependency <Task(_PythonDecoratedOperator): prepare_email>, send_email already registered for DAG: example_dag_decorator
[2024-11-29T02:09:38.661+0000] {logging_mixin.py:120} INFO - [2024-11-29T02:09:38.661+0000] {taskmixin.py:205} WARNING - Dependency <Task(EmailOperator): send_email>, prepare_email already registered for DAG: example_dag_decorator
[2024-11-29T02:09:38.681+0000] {processor.py:766} INFO - DAG(s) dict_keys(['example_dag_decorator']) retrieved from /home/airflow/.local/lib/python3.7/site-packages/airflow/example_dags/example_dag_decorator.py
[2024-11-29T02:09:38.825+0000] {logging_mixin.py:120} INFO - [2024-11-29T02:09:38.825+0000] {dag.py:2585} INFO - Sync 1 DAGs
[2024-11-29T02:09:38.863+0000] {logging_mixin.py:120} INFO - [2024-11-29T02:09:38.862+0000] {dag.py:3340} INFO - Setting next_dagrun for example_dag_decorator to None, run_after=None
[2024-11-29T02:09:38.902+0000] {processor.py:176} INFO - Processing /home/airflow/.local/lib/python3.7/site-packages/airflow/example_dags/example_dag_decorator.py took 0.271 seconds
[2024-11-29T02:10:09.807+0000] {processor.py:154} INFO - Started process (PID=114) to work on /home/airflow/.local/lib/python3.7/site-packages/airflow/example_dags/example_dag_decorator.py
[2024-11-29T02:10:09.809+0000] {processor.py:756} INFO - Processing file /home/airflow/.local/lib/python3.7/site-packages/airflow/example_dags/example_dag_decorator.py for tasks to queue
[2024-11-29T02:10:09.811+0000] {logging_mixin.py:120} INFO - [2024-11-29T02:10:09.810+0000] {dagbag.py:537} INFO - Filling up the DagBag from /home/airflow/.local/lib/python3.7/site-packages/airflow/example_dags/example_dag_decorator.py
[2024-11-29T02:10:09.843+0000] {logging_mixin.py:120} INFO - [2024-11-29T02:10:09.843+0000] {taskmixin.py:205} WARNING - Dependency <Task(_PythonDecoratedOperator): prepare_email>, send_email already registered for DAG: example_dag_decorator
[2024-11-29T02:10:09.844+0000] {logging_mixin.py:120} INFO - [2024-11-29T02:10:09.844+0000] {taskmixin.py:205} WARNING - Dependency <Task(EmailOperator): send_email>, prepare_email already registered for DAG: example_dag_decorator
[2024-11-29T02:10:09.863+0000] {processor.py:766} INFO - DAG(s) dict_keys(['example_dag_decorator']) retrieved from /home/airflow/.local/lib/python3.7/site-packages/airflow/example_dags/example_dag_decorator.py
[2024-11-29T02:10:09.977+0000] {logging_mixin.py:120} INFO - [2024-11-29T02:10:09.977+0000] {dag.py:2585} INFO - Sync 1 DAGs
[2024-11-29T02:10:10.025+0000] {logging_mixin.py:120} INFO - [2024-11-29T02:10:10.025+0000] {dag.py:3340} INFO - Setting next_dagrun for example_dag_decorator to None, run_after=None
[2024-11-29T02:10:10.053+0000] {processor.py:176} INFO - Processing /home/airflow/.local/lib/python3.7/site-packages/airflow/example_dags/example_dag_decorator.py took 0.253 seconds
[2024-11-29T02:10:40.858+0000] {processor.py:154} INFO - Started process (PID=180) to work on /home/airflow/.local/lib/python3.7/site-packages/airflow/example_dags/example_dag_decorator.py
[2024-11-29T02:10:40.859+0000] {processor.py:756} INFO - Processing file /home/airflow/.local/lib/python3.7/site-packages/airflow/example_dags/example_dag_decorator.py for tasks to queue
[2024-11-29T02:10:40.860+0000] {logging_mixin.py:120} INFO - [2024-11-29T02:10:40.860+0000] {dagbag.py:537} INFO - Filling up the DagBag from /home/airflow/.local/lib/python3.7/site-packages/airflow/example_dags/example_dag_decorator.py
[2024-11-29T02:10:40.878+0000] {logging_mixin.py:120} INFO - [2024-11-29T02:10:40.878+0000] {taskmixin.py:205} WARNING - Dependency <Task(_PythonDecoratedOperator): prepare_email>, send_email already registered for DAG: example_dag_decorator
[2024-11-29T02:10:40.879+0000] {logging_mixin.py:120} INFO - [2024-11-29T02:10:40.879+0000] {taskmixin.py:205} WARNING - Dependency <Task(EmailOperator): send_email>, prepare_email already registered for DAG: example_dag_decorator
[2024-11-29T02:10:40.894+0000] {processor.py:766} INFO - DAG(s) dict_keys(['example_dag_decorator']) retrieved from /home/airflow/.local/lib/python3.7/site-packages/airflow/example_dags/example_dag_decorator.py
[2024-11-29T02:10:41.008+0000] {logging_mixin.py:120} INFO - [2024-11-29T02:10:41.008+0000] {dag.py:2585} INFO - Sync 1 DAGs
[2024-11-29T02:10:41.048+0000] {logging_mixin.py:120} INFO - [2024-11-29T02:10:41.047+0000] {dag.py:3340} INFO - Setting next_dagrun for example_dag_decorator to None, run_after=None
[2024-11-29T02:10:41.090+0000] {processor.py:176} INFO - Processing /home/airflow/.local/lib/python3.7/site-packages/airflow/example_dags/example_dag_decorator.py took 0.236 seconds
[2024-11-29T02:11:11.665+0000] {processor.py:154} INFO - Started process (PID=242) to work on /home/airflow/.local/lib/python3.7/site-packages/airflow/example_dags/example_dag_decorator.py
[2024-11-29T02:11:11.666+0000] {processor.py:756} INFO - Processing file /home/airflow/.local/lib/python3.7/site-packages/airflow/example_dags/example_dag_decorator.py for tasks to queue
[2024-11-29T02:11:11.668+0000] {logging_mixin.py:120} INFO - [2024-11-29T02:11:11.667+0000] {dagbag.py:537} INFO - Filling up the DagBag from /home/airflow/.local/lib/python3.7/site-packages/airflow/example_dags/example_dag_decorator.py
[2024-11-29T02:11:11.688+0000] {logging_mixin.py:120} INFO - [2024-11-29T02:11:11.688+0000] {taskmixin.py:205} WARNING - Dependency <Task(_PythonDecoratedOperator): prepare_email>, send_email already registered for DAG: example_dag_decorator
[2024-11-29T02:11:11.689+0000] {logging_mixin.py:120} INFO - [2024-11-29T02:11:11.688+0000] {taskmixin.py:205} WARNING - Dependency <Task(EmailOperator): send_email>, prepare_email already registered for DAG: example_dag_decorator
[2024-11-29T02:11:11.707+0000] {processor.py:766} INFO - DAG(s) dict_keys(['example_dag_decorator']) retrieved from /home/airflow/.local/lib/python3.7/site-packages/airflow/example_dags/example_dag_decorator.py
[2024-11-29T02:11:11.817+0000] {logging_mixin.py:120} INFO - [2024-11-29T02:11:11.817+0000] {dag.py:2585} INFO - Sync 1 DAGs
[2024-11-29T02:11:11.852+0000] {logging_mixin.py:120} INFO - [2024-11-29T02:11:11.852+0000] {dag.py:3340} INFO - Setting next_dagrun for example_dag_decorator to None, run_after=None
[2024-11-29T02:11:11.892+0000] {processor.py:176} INFO - Processing /home/airflow/.local/lib/python3.7/site-packages/airflow/example_dags/example_dag_decorator.py took 0.231 seconds
[2024-11-29T02:11:42.290+0000] {processor.py:154} INFO - Started process (PID=299) to work on /home/airflow/.local/lib/python3.7/site-packages/airflow/example_dags/example_dag_decorator.py
[2024-11-29T02:11:42.291+0000] {processor.py:756} INFO - Processing file /home/airflow/.local/lib/python3.7/site-packages/airflow/example_dags/example_dag_decorator.py for tasks to queue
[2024-11-29T02:11:42.293+0000] {logging_mixin.py:120} INFO - [2024-11-29T02:11:42.292+0000] {dagbag.py:537} INFO - Filling up the DagBag from /home/airflow/.local/lib/python3.7/site-packages/airflow/example_dags/example_dag_decorator.py
[2024-11-29T02:11:42.314+0000] {logging_mixin.py:120} INFO - [2024-11-29T02:11:42.314+0000] {taskmixin.py:205} WARNING - Dependency <Task(_PythonDecoratedOperator): prepare_email>, send_email already registered for DAG: example_dag_decorator
[2024-11-29T02:11:42.315+0000] {logging_mixin.py:120} INFO - [2024-11-29T02:11:42.315+0000] {taskmixin.py:205} WARNING - Dependency <Task(EmailOperator): send_email>, prepare_email already registered for DAG: example_dag_decorator
[2024-11-29T02:11:42.335+0000] {processor.py:766} INFO - DAG(s) dict_keys(['example_dag_decorator']) retrieved from /home/airflow/.local/lib/python3.7/site-packages/airflow/example_dags/example_dag_decorator.py
[2024-11-29T02:11:42.433+0000] {logging_mixin.py:120} INFO - [2024-11-29T02:11:42.433+0000] {dag.py:2585} INFO - Sync 1 DAGs
[2024-11-29T02:11:42.463+0000] {logging_mixin.py:120} INFO - [2024-11-29T02:11:42.463+0000] {dag.py:3340} INFO - Setting next_dagrun for example_dag_decorator to None, run_after=None
[2024-11-29T02:11:42.490+0000] {processor.py:176} INFO - Processing /home/airflow/.local/lib/python3.7/site-packages/airflow/example_dags/example_dag_decorator.py took 0.203 seconds
[2024-11-29T02:12:12.613+0000] {processor.py:154} INFO - Started process (PID=362) to work on /home/airflow/.local/lib/python3.7/site-packages/airflow/example_dags/example_dag_decorator.py
[2024-11-29T02:12:12.615+0000] {processor.py:756} INFO - Processing file /home/airflow/.local/lib/python3.7/site-packages/airflow/example_dags/example_dag_decorator.py for tasks to queue
[2024-11-29T02:12:12.616+0000] {logging_mixin.py:120} INFO - [2024-11-29T02:12:12.616+0000] {dagbag.py:537} INFO - Filling up the DagBag from /home/airflow/.local/lib/python3.7/site-packages/airflow/example_dags/example_dag_decorator.py
[2024-11-29T02:12:12.638+0000] {logging_mixin.py:120} INFO - [2024-11-29T02:12:12.638+0000] {taskmixin.py:205} WARNING - Dependency <Task(_PythonDecoratedOperator): prepare_email>, send_email already registered for DAG: example_dag_decorator
[2024-11-29T02:12:12.639+0000] {logging_mixin.py:120} INFO - [2024-11-29T02:12:12.639+0000] {taskmixin.py:205} WARNING - Dependency <Task(EmailOperator): send_email>, prepare_email already registered for DAG: example_dag_decorator
[2024-11-29T02:12:12.652+0000] {processor.py:766} INFO - DAG(s) dict_keys(['example_dag_decorator']) retrieved from /home/airflow/.local/lib/python3.7/site-packages/airflow/example_dags/example_dag_decorator.py
[2024-11-29T02:12:12.748+0000] {logging_mixin.py:120} INFO - [2024-11-29T02:12:12.748+0000] {dag.py:2585} INFO - Sync 1 DAGs
[2024-11-29T02:12:12.781+0000] {logging_mixin.py:120} INFO - [2024-11-29T02:12:12.781+0000] {dag.py:3340} INFO - Setting next_dagrun for example_dag_decorator to None, run_after=None
[2024-11-29T02:12:12.811+0000] {processor.py:176} INFO - Processing /home/airflow/.local/lib/python3.7/site-packages/airflow/example_dags/example_dag_decorator.py took 0.203 seconds
[2024-11-29T02:12:42.861+0000] {processor.py:154} INFO - Started process (PID=417) to work on /home/airflow/.local/lib/python3.7/site-packages/airflow/example_dags/example_dag_decorator.py
[2024-11-29T02:12:42.863+0000] {processor.py:756} INFO - Processing file /home/airflow/.local/lib/python3.7/site-packages/airflow/example_dags/example_dag_decorator.py for tasks to queue
[2024-11-29T02:12:42.864+0000] {logging_mixin.py:120} INFO - [2024-11-29T02:12:42.864+0000] {dagbag.py:537} INFO - Filling up the DagBag from /home/airflow/.local/lib/python3.7/site-packages/airflow/example_dags/example_dag_decorator.py
[2024-11-29T02:12:42.881+0000] {logging_mixin.py:120} INFO - [2024-11-29T02:12:42.880+0000] {taskmixin.py:205} WARNING - Dependency <Task(_PythonDecoratedOperator): prepare_email>, send_email already registered for DAG: example_dag_decorator
[2024-11-29T02:12:42.881+0000] {logging_mixin.py:120} INFO - [2024-11-29T02:12:42.881+0000] {taskmixin.py:205} WARNING - Dependency <Task(EmailOperator): send_email>, prepare_email already registered for DAG: example_dag_decorator
[2024-11-29T02:12:42.894+0000] {processor.py:766} INFO - DAG(s) dict_keys(['example_dag_decorator']) retrieved from /home/airflow/.local/lib/python3.7/site-packages/airflow/example_dags/example_dag_decorator.py
[2024-11-29T02:12:42.992+0000] {logging_mixin.py:120} INFO - [2024-11-29T02:12:42.992+0000] {dag.py:2585} INFO - Sync 1 DAGs
[2024-11-29T02:12:43.025+0000] {logging_mixin.py:120} INFO - [2024-11-29T02:12:43.025+0000] {dag.py:3340} INFO - Setting next_dagrun for example_dag_decorator to None, run_after=None
[2024-11-29T02:12:43.056+0000] {processor.py:176} INFO - Processing /home/airflow/.local/lib/python3.7/site-packages/airflow/example_dags/example_dag_decorator.py took 0.199 seconds
[2024-11-29T02:13:13.631+0000] {processor.py:154} INFO - Started process (PID=481) to work on /home/airflow/.local/lib/python3.7/site-packages/airflow/example_dags/example_dag_decorator.py
[2024-11-29T02:13:13.632+0000] {processor.py:756} INFO - Processing file /home/airflow/.local/lib/python3.7/site-packages/airflow/example_dags/example_dag_decorator.py for tasks to queue
[2024-11-29T02:13:13.634+0000] {logging_mixin.py:120} INFO - [2024-11-29T02:13:13.634+0000] {dagbag.py:537} INFO - Filling up the DagBag from /home/airflow/.local/lib/python3.7/site-packages/airflow/example_dags/example_dag_decorator.py
[2024-11-29T02:13:13.651+0000] {logging_mixin.py:120} INFO - [2024-11-29T02:13:13.651+0000] {taskmixin.py:205} WARNING - Dependency <Task(_PythonDecoratedOperator): prepare_email>, send_email already registered for DAG: example_dag_decorator
[2024-11-29T02:13:13.652+0000] {logging_mixin.py:120} INFO - [2024-11-29T02:13:13.652+0000] {taskmixin.py:205} WARNING - Dependency <Task(EmailOperator): send_email>, prepare_email already registered for DAG: example_dag_decorator
[2024-11-29T02:13:13.676+0000] {processor.py:766} INFO - DAG(s) dict_keys(['example_dag_decorator']) retrieved from /home/airflow/.local/lib/python3.7/site-packages/airflow/example_dags/example_dag_decorator.py
[2024-11-29T02:13:13.768+0000] {logging_mixin.py:120} INFO - [2024-11-29T02:13:13.767+0000] {dag.py:2585} INFO - Sync 1 DAGs
[2024-11-29T02:13:13.794+0000] {logging_mixin.py:120} INFO - [2024-11-29T02:13:13.794+0000] {dag.py:3340} INFO - Setting next_dagrun for example_dag_decorator to None, run_after=None
[2024-11-29T02:13:13.827+0000] {processor.py:176} INFO - Processing /home/airflow/.local/lib/python3.7/site-packages/airflow/example_dags/example_dag_decorator.py took 0.200 seconds
[2024-11-29T02:13:44.001+0000] {processor.py:154} INFO - Started process (PID=545) to work on /home/airflow/.local/lib/python3.7/site-packages/airflow/example_dags/example_dag_decorator.py
[2024-11-29T02:13:44.003+0000] {processor.py:756} INFO - Processing file /home/airflow/.local/lib/python3.7/site-packages/airflow/example_dags/example_dag_decorator.py for tasks to queue
[2024-11-29T02:13:44.004+0000] {logging_mixin.py:120} INFO - [2024-11-29T02:13:44.004+0000] {dagbag.py:537} INFO - Filling up the DagBag from /home/airflow/.local/lib/python3.7/site-packages/airflow/example_dags/example_dag_decorator.py
[2024-11-29T02:13:44.026+0000] {logging_mixin.py:120} INFO - [2024-11-29T02:13:44.026+0000] {taskmixin.py:205} WARNING - Dependency <Task(_PythonDecoratedOperator): prepare_email>, send_email already registered for DAG: example_dag_decorator
[2024-11-29T02:13:44.027+0000] {logging_mixin.py:120} INFO - [2024-11-29T02:13:44.027+0000] {taskmixin.py:205} WARNING - Dependency <Task(EmailOperator): send_email>, prepare_email already registered for DAG: example_dag_decorator
[2024-11-29T02:13:44.047+0000] {processor.py:766} INFO - DAG(s) dict_keys(['example_dag_decorator']) retrieved from /home/airflow/.local/lib/python3.7/site-packages/airflow/example_dags/example_dag_decorator.py
[2024-11-29T02:13:44.149+0000] {logging_mixin.py:120} INFO - [2024-11-29T02:13:44.149+0000] {dag.py:2585} INFO - Sync 1 DAGs
[2024-11-29T02:13:44.185+0000] {logging_mixin.py:120} INFO - [2024-11-29T02:13:44.185+0000] {dag.py:3340} INFO - Setting next_dagrun for example_dag_decorator to None, run_after=None
[2024-11-29T02:13:44.223+0000] {processor.py:176} INFO - Processing /home/airflow/.local/lib/python3.7/site-packages/airflow/example_dags/example_dag_decorator.py took 0.226 seconds
[2024-11-29T02:14:14.613+0000] {processor.py:154} INFO - Started process (PID=602) to work on /home/airflow/.local/lib/python3.7/site-packages/airflow/example_dags/example_dag_decorator.py
[2024-11-29T02:14:14.614+0000] {processor.py:756} INFO - Processing file /home/airflow/.local/lib/python3.7/site-packages/airflow/example_dags/example_dag_decorator.py for tasks to queue
[2024-11-29T02:14:14.615+0000] {logging_mixin.py:120} INFO - [2024-11-29T02:14:14.615+0000] {dagbag.py:537} INFO - Filling up the DagBag from /home/airflow/.local/lib/python3.7/site-packages/airflow/example_dags/example_dag_decorator.py
[2024-11-29T02:14:14.640+0000] {logging_mixin.py:120} INFO - [2024-11-29T02:14:14.639+0000] {taskmixin.py:205} WARNING - Dependency <Task(_PythonDecoratedOperator): prepare_email>, send_email already registered for DAG: example_dag_decorator
[2024-11-29T02:14:14.640+0000] {logging_mixin.py:120} INFO - [2024-11-29T02:14:14.640+0000] {taskmixin.py:205} WARNING - Dependency <Task(EmailOperator): send_email>, prepare_email already registered for DAG: example_dag_decorator
[2024-11-29T02:14:14.655+0000] {processor.py:766} INFO - DAG(s) dict_keys(['example_dag_decorator']) retrieved from /home/airflow/.local/lib/python3.7/site-packages/airflow/example_dags/example_dag_decorator.py
[2024-11-29T02:14:14.753+0000] {logging_mixin.py:120} INFO - [2024-11-29T02:14:14.752+0000] {dag.py:2585} INFO - Sync 1 DAGs
[2024-11-29T02:14:14.783+0000] {logging_mixin.py:120} INFO - [2024-11-29T02:14:14.783+0000] {dag.py:3340} INFO - Setting next_dagrun for example_dag_decorator to None, run_after=None
[2024-11-29T02:14:14.814+0000] {processor.py:176} INFO - Processing /home/airflow/.local/lib/python3.7/site-packages/airflow/example_dags/example_dag_decorator.py took 0.205 seconds
[2024-11-29T02:14:44.901+0000] {processor.py:154} INFO - Started process (PID=667) to work on /home/airflow/.local/lib/python3.7/site-packages/airflow/example_dags/example_dag_decorator.py
[2024-11-29T02:14:44.902+0000] {processor.py:756} INFO - Processing file /home/airflow/.local/lib/python3.7/site-packages/airflow/example_dags/example_dag_decorator.py for tasks to queue
[2024-11-29T02:14:44.903+0000] {logging_mixin.py:120} INFO - [2024-11-29T02:14:44.903+0000] {dagbag.py:537} INFO - Filling up the DagBag from /home/airflow/.local/lib/python3.7/site-packages/airflow/example_dags/example_dag_decorator.py
[2024-11-29T02:14:44.921+0000] {logging_mixin.py:120} INFO - [2024-11-29T02:14:44.921+0000] {taskmixin.py:205} WARNING - Dependency <Task(_PythonDecoratedOperator): prepare_email>, send_email already registered for DAG: example_dag_decorator
[2024-11-29T02:14:44.922+0000] {logging_mixin.py:120} INFO - [2024-11-29T02:14:44.922+0000] {taskmixin.py:205} WARNING - Dependency <Task(EmailOperator): send_email>, prepare_email already registered for DAG: example_dag_decorator
[2024-11-29T02:14:44.939+0000] {processor.py:766} INFO - DAG(s) dict_keys(['example_dag_decorator']) retrieved from /home/airflow/.local/lib/python3.7/site-packages/airflow/example_dags/example_dag_decorator.py
[2024-11-29T02:14:45.036+0000] {logging_mixin.py:120} INFO - [2024-11-29T02:14:45.036+0000] {dag.py:2585} INFO - Sync 1 DAGs
[2024-11-29T02:14:45.073+0000] {logging_mixin.py:120} INFO - [2024-11-29T02:14:45.072+0000] {dag.py:3340} INFO - Setting next_dagrun for example_dag_decorator to None, run_after=None
[2024-11-29T02:14:45.108+0000] {processor.py:176} INFO - Processing /home/airflow/.local/lib/python3.7/site-packages/airflow/example_dags/example_dag_decorator.py took 0.213 seconds
[2024-11-29T02:15:15.716+0000] {processor.py:154} INFO - Started process (PID=731) to work on /home/airflow/.local/lib/python3.7/site-packages/airflow/example_dags/example_dag_decorator.py
[2024-11-29T02:15:15.718+0000] {processor.py:756} INFO - Processing file /home/airflow/.local/lib/python3.7/site-packages/airflow/example_dags/example_dag_decorator.py for tasks to queue
[2024-11-29T02:15:15.719+0000] {logging_mixin.py:120} INFO - [2024-11-29T02:15:15.719+0000] {dagbag.py:537} INFO - Filling up the DagBag from /home/airflow/.local/lib/python3.7/site-packages/airflow/example_dags/example_dag_decorator.py
[2024-11-29T02:15:15.736+0000] {logging_mixin.py:120} INFO - [2024-11-29T02:15:15.736+0000] {taskmixin.py:205} WARNING - Dependency <Task(_PythonDecoratedOperator): prepare_email>, send_email already registered for DAG: example_dag_decorator
[2024-11-29T02:15:15.737+0000] {logging_mixin.py:120} INFO - [2024-11-29T02:15:15.736+0000] {taskmixin.py:205} WARNING - Dependency <Task(EmailOperator): send_email>, prepare_email already registered for DAG: example_dag_decorator
[2024-11-29T02:15:15.754+0000] {processor.py:766} INFO - DAG(s) dict_keys(['example_dag_decorator']) retrieved from /home/airflow/.local/lib/python3.7/site-packages/airflow/example_dags/example_dag_decorator.py
[2024-11-29T02:15:15.869+0000] {logging_mixin.py:120} INFO - [2024-11-29T02:15:15.869+0000] {dag.py:2585} INFO - Sync 1 DAGs
[2024-11-29T02:15:15.906+0000] {logging_mixin.py:120} INFO - [2024-11-29T02:15:15.905+0000] {dag.py:3340} INFO - Setting next_dagrun for example_dag_decorator to None, run_after=None
[2024-11-29T02:15:15.936+0000] {processor.py:176} INFO - Processing /home/airflow/.local/lib/python3.7/site-packages/airflow/example_dags/example_dag_decorator.py took 0.223 seconds
