[2024-11-29T02:08:47.625+0000] {processor.py:154} INFO - Started process (PID=54) to work on /home/airflow/.local/lib/python3.7/site-packages/airflow/example_dags/example_branch_python_dop_operator_3.py
[2024-11-29T02:08:47.629+0000] {processor.py:756} INFO - Processing file /home/airflow/.local/lib/python3.7/site-packages/airflow/example_dags/example_branch_python_dop_operator_3.py for tasks to queue
[2024-11-29T02:08:47.650+0000] {logging_mixin.py:120} INFO - [2024-11-29T02:08:47.648+0000] {dagbag.py:537} INFO - Filling up the DagBag from /home/airflow/.local/lib/python3.7/site-packages/airflow/example_dags/example_branch_python_dop_operator_3.py
[2024-11-29T02:08:47.799+0000] {processor.py:766} INFO - DAG(s) dict_keys(['example_branch_dop_operator_v3']) retrieved from /home/airflow/.local/lib/python3.7/site-packages/airflow/example_dags/example_branch_python_dop_operator_3.py
[2024-11-29T02:08:47.988+0000] {logging_mixin.py:120} INFO - [2024-11-29T02:08:47.988+0000] {dag.py:2585} INFO - Sync 1 DAGs
[2024-11-29T02:08:48.145+0000] {logging_mixin.py:120} INFO - [2024-11-29T02:08:48.145+0000] {dag.py:3340} INFO - Setting next_dagrun for example_branch_dop_operator_v3 to 2024-11-29T02:07:00+00:00, run_after=2024-11-29T02:08:00+00:00
[2024-11-29T02:08:48.283+0000] {processor.py:176} INFO - Processing /home/airflow/.local/lib/python3.7/site-packages/airflow/example_dags/example_branch_python_dop_operator_3.py took 0.672 seconds
[2024-11-29T02:09:37.928+0000] {processor.py:154} INFO - Started process (PID=55) to work on /home/airflow/.local/lib/python3.7/site-packages/airflow/example_dags/example_branch_python_dop_operator_3.py
[2024-11-29T02:09:37.936+0000] {processor.py:756} INFO - Processing file /home/airflow/.local/lib/python3.7/site-packages/airflow/example_dags/example_branch_python_dop_operator_3.py for tasks to queue
[2024-11-29T02:09:37.939+0000] {logging_mixin.py:120} INFO - [2024-11-29T02:09:37.938+0000] {dagbag.py:537} INFO - Filling up the DagBag from /home/airflow/.local/lib/python3.7/site-packages/airflow/example_dags/example_branch_python_dop_operator_3.py
[2024-11-29T02:09:38.028+0000] {processor.py:766} INFO - DAG(s) dict_keys(['example_branch_dop_operator_v3']) retrieved from /home/airflow/.local/lib/python3.7/site-packages/airflow/example_dags/example_branch_python_dop_operator_3.py
[2024-11-29T02:09:38.155+0000] {logging_mixin.py:120} INFO - [2024-11-29T02:09:38.154+0000] {dag.py:2585} INFO - Sync 1 DAGs
[2024-11-29T02:09:38.258+0000] {logging_mixin.py:120} INFO - [2024-11-29T02:09:38.256+0000] {dag.py:3340} INFO - Setting next_dagrun for example_branch_dop_operator_v3 to 2024-11-29T02:08:00+00:00, run_after=2024-11-29T02:09:00+00:00
[2024-11-29T02:09:38.336+0000] {processor.py:176} INFO - Processing /home/airflow/.local/lib/python3.7/site-packages/airflow/example_dags/example_branch_python_dop_operator_3.py took 0.424 seconds
[2024-11-29T02:10:08.927+0000] {processor.py:154} INFO - Started process (PID=110) to work on /home/airflow/.local/lib/python3.7/site-packages/airflow/example_dags/example_branch_python_dop_operator_3.py
[2024-11-29T02:10:08.930+0000] {processor.py:756} INFO - Processing file /home/airflow/.local/lib/python3.7/site-packages/airflow/example_dags/example_branch_python_dop_operator_3.py for tasks to queue
[2024-11-29T02:10:08.932+0000] {logging_mixin.py:120} INFO - [2024-11-29T02:10:08.932+0000] {dagbag.py:537} INFO - Filling up the DagBag from /home/airflow/.local/lib/python3.7/site-packages/airflow/example_dags/example_branch_python_dop_operator_3.py
[2024-11-29T02:10:09.008+0000] {processor.py:766} INFO - DAG(s) dict_keys(['example_branch_dop_operator_v3']) retrieved from /home/airflow/.local/lib/python3.7/site-packages/airflow/example_dags/example_branch_python_dop_operator_3.py
[2024-11-29T02:10:09.128+0000] {logging_mixin.py:120} INFO - [2024-11-29T02:10:09.128+0000] {dag.py:2585} INFO - Sync 1 DAGs
[2024-11-29T02:10:09.219+0000] {logging_mixin.py:120} INFO - [2024-11-29T02:10:09.219+0000] {dag.py:3340} INFO - Setting next_dagrun for example_branch_dop_operator_v3 to 2024-11-29T02:09:00+00:00, run_after=2024-11-29T02:10:00+00:00
[2024-11-29T02:10:09.256+0000] {processor.py:176} INFO - Processing /home/airflow/.local/lib/python3.7/site-packages/airflow/example_dags/example_branch_python_dop_operator_3.py took 0.338 seconds
[2024-11-29T02:10:40.084+0000] {processor.py:154} INFO - Started process (PID=175) to work on /home/airflow/.local/lib/python3.7/site-packages/airflow/example_dags/example_branch_python_dop_operator_3.py
[2024-11-29T02:10:40.088+0000] {processor.py:756} INFO - Processing file /home/airflow/.local/lib/python3.7/site-packages/airflow/example_dags/example_branch_python_dop_operator_3.py for tasks to queue
[2024-11-29T02:10:40.090+0000] {logging_mixin.py:120} INFO - [2024-11-29T02:10:40.090+0000] {dagbag.py:537} INFO - Filling up the DagBag from /home/airflow/.local/lib/python3.7/site-packages/airflow/example_dags/example_branch_python_dop_operator_3.py
[2024-11-29T02:10:40.142+0000] {processor.py:766} INFO - DAG(s) dict_keys(['example_branch_dop_operator_v3']) retrieved from /home/airflow/.local/lib/python3.7/site-packages/airflow/example_dags/example_branch_python_dop_operator_3.py
[2024-11-29T02:10:40.227+0000] {logging_mixin.py:120} INFO - [2024-11-29T02:10:40.226+0000] {dag.py:2585} INFO - Sync 1 DAGs
[2024-11-29T02:10:40.272+0000] {logging_mixin.py:120} INFO - [2024-11-29T02:10:40.271+0000] {dag.py:3340} INFO - Setting next_dagrun for example_branch_dop_operator_v3 to 2024-11-29T02:09:00+00:00, run_after=2024-11-29T02:10:00+00:00
[2024-11-29T02:10:40.298+0000] {processor.py:176} INFO - Processing /home/airflow/.local/lib/python3.7/site-packages/airflow/example_dags/example_branch_python_dop_operator_3.py took 0.223 seconds
[2024-11-29T02:11:11.009+0000] {processor.py:154} INFO - Started process (PID=230) to work on /home/airflow/.local/lib/python3.7/site-packages/airflow/example_dags/example_branch_python_dop_operator_3.py
[2024-11-29T02:11:11.011+0000] {processor.py:756} INFO - Processing file /home/airflow/.local/lib/python3.7/site-packages/airflow/example_dags/example_branch_python_dop_operator_3.py for tasks to queue
[2024-11-29T02:11:11.012+0000] {logging_mixin.py:120} INFO - [2024-11-29T02:11:11.012+0000] {dagbag.py:537} INFO - Filling up the DagBag from /home/airflow/.local/lib/python3.7/site-packages/airflow/example_dags/example_branch_python_dop_operator_3.py
[2024-11-29T02:11:11.038+0000] {processor.py:766} INFO - DAG(s) dict_keys(['example_branch_dop_operator_v3']) retrieved from /home/airflow/.local/lib/python3.7/site-packages/airflow/example_dags/example_branch_python_dop_operator_3.py
[2024-11-29T02:11:11.093+0000] {logging_mixin.py:120} INFO - [2024-11-29T02:11:11.092+0000] {dag.py:2585} INFO - Sync 1 DAGs
[2024-11-29T02:11:11.130+0000] {logging_mixin.py:120} INFO - [2024-11-29T02:11:11.129+0000] {dag.py:3340} INFO - Setting next_dagrun for example_branch_dop_operator_v3 to 2024-11-29T02:10:00+00:00, run_after=2024-11-29T02:11:00+00:00
[2024-11-29T02:11:11.156+0000] {processor.py:176} INFO - Processing /home/airflow/.local/lib/python3.7/site-packages/airflow/example_dags/example_branch_python_dop_operator_3.py took 0.151 seconds
[2024-11-29T02:11:41.711+0000] {processor.py:154} INFO - Started process (PID=294) to work on /home/airflow/.local/lib/python3.7/site-packages/airflow/example_dags/example_branch_python_dop_operator_3.py
[2024-11-29T02:11:41.712+0000] {processor.py:756} INFO - Processing file /home/airflow/.local/lib/python3.7/site-packages/airflow/example_dags/example_branch_python_dop_operator_3.py for tasks to queue
[2024-11-29T02:11:41.714+0000] {logging_mixin.py:120} INFO - [2024-11-29T02:11:41.713+0000] {dagbag.py:537} INFO - Filling up the DagBag from /home/airflow/.local/lib/python3.7/site-packages/airflow/example_dags/example_branch_python_dop_operator_3.py
[2024-11-29T02:11:41.746+0000] {processor.py:766} INFO - DAG(s) dict_keys(['example_branch_dop_operator_v3']) retrieved from /home/airflow/.local/lib/python3.7/site-packages/airflow/example_dags/example_branch_python_dop_operator_3.py
[2024-11-29T02:11:41.800+0000] {logging_mixin.py:120} INFO - [2024-11-29T02:11:41.799+0000] {dag.py:2585} INFO - Sync 1 DAGs
[2024-11-29T02:11:41.844+0000] {logging_mixin.py:120} INFO - [2024-11-29T02:11:41.844+0000] {dag.py:3340} INFO - Setting next_dagrun for example_branch_dop_operator_v3 to 2024-11-29T02:10:00+00:00, run_after=2024-11-29T02:11:00+00:00
[2024-11-29T02:11:41.874+0000] {processor.py:176} INFO - Processing /home/airflow/.local/lib/python3.7/site-packages/airflow/example_dags/example_branch_python_dop_operator_3.py took 0.167 seconds
[2024-11-29T02:12:12.183+0000] {processor.py:154} INFO - Started process (PID=358) to work on /home/airflow/.local/lib/python3.7/site-packages/airflow/example_dags/example_branch_python_dop_operator_3.py
[2024-11-29T02:12:12.184+0000] {processor.py:756} INFO - Processing file /home/airflow/.local/lib/python3.7/site-packages/airflow/example_dags/example_branch_python_dop_operator_3.py for tasks to queue
[2024-11-29T02:12:12.186+0000] {logging_mixin.py:120} INFO - [2024-11-29T02:12:12.186+0000] {dagbag.py:537} INFO - Filling up the DagBag from /home/airflow/.local/lib/python3.7/site-packages/airflow/example_dags/example_branch_python_dop_operator_3.py
[2024-11-29T02:12:12.216+0000] {processor.py:766} INFO - DAG(s) dict_keys(['example_branch_dop_operator_v3']) retrieved from /home/airflow/.local/lib/python3.7/site-packages/airflow/example_dags/example_branch_python_dop_operator_3.py
[2024-11-29T02:12:12.265+0000] {logging_mixin.py:120} INFO - [2024-11-29T02:12:12.265+0000] {dag.py:2585} INFO - Sync 1 DAGs
[2024-11-29T02:12:12.319+0000] {logging_mixin.py:120} INFO - [2024-11-29T02:12:12.319+0000] {dag.py:3340} INFO - Setting next_dagrun for example_branch_dop_operator_v3 to 2024-11-29T02:11:00+00:00, run_after=2024-11-29T02:12:00+00:00
[2024-11-29T02:12:12.359+0000] {processor.py:176} INFO - Processing /home/airflow/.local/lib/python3.7/site-packages/airflow/example_dags/example_branch_python_dop_operator_3.py took 0.179 seconds
[2024-11-29T02:12:42.501+0000] {processor.py:154} INFO - Started process (PID=413) to work on /home/airflow/.local/lib/python3.7/site-packages/airflow/example_dags/example_branch_python_dop_operator_3.py
[2024-11-29T02:12:42.503+0000] {processor.py:756} INFO - Processing file /home/airflow/.local/lib/python3.7/site-packages/airflow/example_dags/example_branch_python_dop_operator_3.py for tasks to queue
[2024-11-29T02:12:42.504+0000] {logging_mixin.py:120} INFO - [2024-11-29T02:12:42.504+0000] {dagbag.py:537} INFO - Filling up the DagBag from /home/airflow/.local/lib/python3.7/site-packages/airflow/example_dags/example_branch_python_dop_operator_3.py
[2024-11-29T02:12:42.535+0000] {processor.py:766} INFO - DAG(s) dict_keys(['example_branch_dop_operator_v3']) retrieved from /home/airflow/.local/lib/python3.7/site-packages/airflow/example_dags/example_branch_python_dop_operator_3.py
[2024-11-29T02:12:42.583+0000] {logging_mixin.py:120} INFO - [2024-11-29T02:12:42.582+0000] {dag.py:2585} INFO - Sync 1 DAGs
[2024-11-29T02:12:42.616+0000] {logging_mixin.py:120} INFO - [2024-11-29T02:12:42.615+0000] {dag.py:3340} INFO - Setting next_dagrun for example_branch_dop_operator_v3 to 2024-11-29T02:11:00+00:00, run_after=2024-11-29T02:12:00+00:00
[2024-11-29T02:12:42.644+0000] {processor.py:176} INFO - Processing /home/airflow/.local/lib/python3.7/site-packages/airflow/example_dags/example_branch_python_dop_operator_3.py took 0.147 seconds
[2024-11-29T02:13:13.067+0000] {processor.py:154} INFO - Started process (PID=477) to work on /home/airflow/.local/lib/python3.7/site-packages/airflow/example_dags/example_branch_python_dop_operator_3.py
[2024-11-29T02:13:13.069+0000] {processor.py:756} INFO - Processing file /home/airflow/.local/lib/python3.7/site-packages/airflow/example_dags/example_branch_python_dop_operator_3.py for tasks to queue
[2024-11-29T02:13:13.071+0000] {logging_mixin.py:120} INFO - [2024-11-29T02:13:13.071+0000] {dagbag.py:537} INFO - Filling up the DagBag from /home/airflow/.local/lib/python3.7/site-packages/airflow/example_dags/example_branch_python_dop_operator_3.py
[2024-11-29T02:13:13.095+0000] {processor.py:766} INFO - DAG(s) dict_keys(['example_branch_dop_operator_v3']) retrieved from /home/airflow/.local/lib/python3.7/site-packages/airflow/example_dags/example_branch_python_dop_operator_3.py
[2024-11-29T02:13:13.144+0000] {logging_mixin.py:120} INFO - [2024-11-29T02:13:13.143+0000] {dag.py:2585} INFO - Sync 1 DAGs
[2024-11-29T02:13:13.178+0000] {logging_mixin.py:120} INFO - [2024-11-29T02:13:13.178+0000] {dag.py:3340} INFO - Setting next_dagrun for example_branch_dop_operator_v3 to 2024-11-29T02:12:00+00:00, run_after=2024-11-29T02:13:00+00:00
[2024-11-29T02:13:13.201+0000] {processor.py:176} INFO - Processing /home/airflow/.local/lib/python3.7/site-packages/airflow/example_dags/example_branch_python_dop_operator_3.py took 0.140 seconds
[2024-11-29T02:13:43.580+0000] {processor.py:154} INFO - Started process (PID=541) to work on /home/airflow/.local/lib/python3.7/site-packages/airflow/example_dags/example_branch_python_dop_operator_3.py
[2024-11-29T02:13:43.581+0000] {processor.py:756} INFO - Processing file /home/airflow/.local/lib/python3.7/site-packages/airflow/example_dags/example_branch_python_dop_operator_3.py for tasks to queue
[2024-11-29T02:13:43.582+0000] {logging_mixin.py:120} INFO - [2024-11-29T02:13:43.582+0000] {dagbag.py:537} INFO - Filling up the DagBag from /home/airflow/.local/lib/python3.7/site-packages/airflow/example_dags/example_branch_python_dop_operator_3.py
[2024-11-29T02:13:43.615+0000] {processor.py:766} INFO - DAG(s) dict_keys(['example_branch_dop_operator_v3']) retrieved from /home/airflow/.local/lib/python3.7/site-packages/airflow/example_dags/example_branch_python_dop_operator_3.py
[2024-11-29T02:13:43.661+0000] {logging_mixin.py:120} INFO - [2024-11-29T02:13:43.661+0000] {dag.py:2585} INFO - Sync 1 DAGs
[2024-11-29T02:13:43.703+0000] {logging_mixin.py:120} INFO - [2024-11-29T02:13:43.703+0000] {dag.py:3340} INFO - Setting next_dagrun for example_branch_dop_operator_v3 to 2024-11-29T02:12:00+00:00, run_after=2024-11-29T02:13:00+00:00
[2024-11-29T02:13:43.728+0000] {processor.py:176} INFO - Processing /home/airflow/.local/lib/python3.7/site-packages/airflow/example_dags/example_branch_python_dop_operator_3.py took 0.153 seconds
[2024-11-29T02:14:14.039+0000] {processor.py:154} INFO - Started process (PID=598) to work on /home/airflow/.local/lib/python3.7/site-packages/airflow/example_dags/example_branch_python_dop_operator_3.py
[2024-11-29T02:14:14.041+0000] {processor.py:756} INFO - Processing file /home/airflow/.local/lib/python3.7/site-packages/airflow/example_dags/example_branch_python_dop_operator_3.py for tasks to queue
[2024-11-29T02:14:14.042+0000] {logging_mixin.py:120} INFO - [2024-11-29T02:14:14.042+0000] {dagbag.py:537} INFO - Filling up the DagBag from /home/airflow/.local/lib/python3.7/site-packages/airflow/example_dags/example_branch_python_dop_operator_3.py
[2024-11-29T02:14:14.081+0000] {processor.py:766} INFO - DAG(s) dict_keys(['example_branch_dop_operator_v3']) retrieved from /home/airflow/.local/lib/python3.7/site-packages/airflow/example_dags/example_branch_python_dop_operator_3.py
[2024-11-29T02:14:14.145+0000] {logging_mixin.py:120} INFO - [2024-11-29T02:14:14.145+0000] {dag.py:2585} INFO - Sync 1 DAGs
[2024-11-29T02:14:14.225+0000] {logging_mixin.py:120} INFO - [2024-11-29T02:14:14.225+0000] {dag.py:3340} INFO - Setting next_dagrun for example_branch_dop_operator_v3 to 2024-11-29T02:13:00+00:00, run_after=2024-11-29T02:14:00+00:00
[2024-11-29T02:14:14.294+0000] {processor.py:176} INFO - Processing /home/airflow/.local/lib/python3.7/site-packages/airflow/example_dags/example_branch_python_dop_operator_3.py took 0.260 seconds
[2024-11-29T02:14:44.519+0000] {processor.py:154} INFO - Started process (PID=663) to work on /home/airflow/.local/lib/python3.7/site-packages/airflow/example_dags/example_branch_python_dop_operator_3.py
[2024-11-29T02:14:44.521+0000] {processor.py:756} INFO - Processing file /home/airflow/.local/lib/python3.7/site-packages/airflow/example_dags/example_branch_python_dop_operator_3.py for tasks to queue
[2024-11-29T02:14:44.523+0000] {logging_mixin.py:120} INFO - [2024-11-29T02:14:44.522+0000] {dagbag.py:537} INFO - Filling up the DagBag from /home/airflow/.local/lib/python3.7/site-packages/airflow/example_dags/example_branch_python_dop_operator_3.py
[2024-11-29T02:14:44.548+0000] {processor.py:766} INFO - DAG(s) dict_keys(['example_branch_dop_operator_v3']) retrieved from /home/airflow/.local/lib/python3.7/site-packages/airflow/example_dags/example_branch_python_dop_operator_3.py
[2024-11-29T02:14:44.598+0000] {logging_mixin.py:120} INFO - [2024-11-29T02:14:44.598+0000] {dag.py:2585} INFO - Sync 1 DAGs
[2024-11-29T02:14:44.630+0000] {logging_mixin.py:120} INFO - [2024-11-29T02:14:44.630+0000] {dag.py:3340} INFO - Setting next_dagrun for example_branch_dop_operator_v3 to 2024-11-29T02:13:00+00:00, run_after=2024-11-29T02:14:00+00:00
[2024-11-29T02:14:44.670+0000] {processor.py:176} INFO - Processing /home/airflow/.local/lib/python3.7/site-packages/airflow/example_dags/example_branch_python_dop_operator_3.py took 0.154 seconds
[2024-11-29T02:15:15.120+0000] {processor.py:154} INFO - Started process (PID=718) to work on /home/airflow/.local/lib/python3.7/site-packages/airflow/example_dags/example_branch_python_dop_operator_3.py
[2024-11-29T02:15:15.122+0000] {processor.py:756} INFO - Processing file /home/airflow/.local/lib/python3.7/site-packages/airflow/example_dags/example_branch_python_dop_operator_3.py for tasks to queue
[2024-11-29T02:15:15.123+0000] {logging_mixin.py:120} INFO - [2024-11-29T02:15:15.123+0000] {dagbag.py:537} INFO - Filling up the DagBag from /home/airflow/.local/lib/python3.7/site-packages/airflow/example_dags/example_branch_python_dop_operator_3.py
[2024-11-29T02:15:15.155+0000] {processor.py:766} INFO - DAG(s) dict_keys(['example_branch_dop_operator_v3']) retrieved from /home/airflow/.local/lib/python3.7/site-packages/airflow/example_dags/example_branch_python_dop_operator_3.py
[2024-11-29T02:15:15.208+0000] {logging_mixin.py:120} INFO - [2024-11-29T02:15:15.208+0000] {dag.py:2585} INFO - Sync 1 DAGs
[2024-11-29T02:15:15.256+0000] {logging_mixin.py:120} INFO - [2024-11-29T02:15:15.256+0000] {dag.py:3340} INFO - Setting next_dagrun for example_branch_dop_operator_v3 to 2024-11-29T02:14:00+00:00, run_after=2024-11-29T02:15:00+00:00
[2024-11-29T02:15:15.286+0000] {processor.py:176} INFO - Processing /home/airflow/.local/lib/python3.7/site-packages/airflow/example_dags/example_branch_python_dop_operator_3.py took 0.171 seconds
