[2024-11-29T02:08:52.386+0000] {processor.py:154} INFO - Started process (PID=80) to work on /home/airflow/.local/lib/python3.7/site-packages/airflow/example_dags/example_python_operator.py
[2024-11-29T02:08:52.388+0000] {processor.py:756} INFO - Processing file /home/airflow/.local/lib/python3.7/site-packages/airflow/example_dags/example_python_operator.py for tasks to queue
[2024-11-29T02:08:52.390+0000] {logging_mixin.py:120} INFO - [2024-11-29T02:08:52.389+0000] {dagbag.py:537} INFO - Filling up the DagBag from /home/airflow/.local/lib/python3.7/site-packages/airflow/example_dags/example_python_operator.py
[2024-11-29T02:08:52.426+0000] {logging_mixin.py:120} INFO - [2024-11-29T02:08:52.426+0000] {taskmixin.py:205} WARNING - Dependency <Task(_PythonDecoratedOperator): print_the_context>, log_sql_query already registered for DAG: example_python_operator
[2024-11-29T02:08:52.427+0000] {logging_mixin.py:120} INFO - [2024-11-29T02:08:52.427+0000] {taskmixin.py:205} WARNING - Dependency <Task(_PythonDecoratedOperator): log_sql_query>, print_the_context already registered for DAG: example_python_operator
[2024-11-29T02:08:52.429+0000] {logging_mixin.py:120} INFO - [2024-11-29T02:08:52.429+0000] {taskmixin.py:205} WARNING - Dependency <Task(_PythonDecoratedOperator): print_the_context>, log_sql_query already registered for DAG: example_python_operator
[2024-11-29T02:08:52.430+0000] {logging_mixin.py:120} INFO - [2024-11-29T02:08:52.430+0000] {taskmixin.py:205} WARNING - Dependency <Task(_PythonDecoratedOperator): log_sql_query>, print_the_context already registered for DAG: example_python_operator
[2024-11-29T02:08:52.432+0000] {logging_mixin.py:120} INFO - [2024-11-29T02:08:52.431+0000] {taskmixin.py:205} WARNING - Dependency <Task(_PythonDecoratedOperator): print_the_context>, log_sql_query already registered for DAG: example_python_operator
[2024-11-29T02:08:52.433+0000] {logging_mixin.py:120} INFO - [2024-11-29T02:08:52.432+0000] {taskmixin.py:205} WARNING - Dependency <Task(_PythonDecoratedOperator): log_sql_query>, print_the_context already registered for DAG: example_python_operator
[2024-11-29T02:08:52.434+0000] {logging_mixin.py:120} INFO - [2024-11-29T02:08:52.434+0000] {taskmixin.py:205} WARNING - Dependency <Task(_PythonDecoratedOperator): print_the_context>, log_sql_query already registered for DAG: example_python_operator
[2024-11-29T02:08:52.435+0000] {logging_mixin.py:120} INFO - [2024-11-29T02:08:52.435+0000] {taskmixin.py:205} WARNING - Dependency <Task(_PythonDecoratedOperator): log_sql_query>, print_the_context already registered for DAG: example_python_operator
[2024-11-29T02:08:52.450+0000] {processor.py:766} INFO - DAG(s) dict_keys(['example_python_operator']) retrieved from /home/airflow/.local/lib/python3.7/site-packages/airflow/example_dags/example_python_operator.py
[2024-11-29T02:08:52.544+0000] {logging_mixin.py:120} INFO - [2024-11-29T02:08:52.543+0000] {dag.py:2585} INFO - Sync 1 DAGs
[2024-11-29T02:08:52.608+0000] {logging_mixin.py:120} INFO - [2024-11-29T02:08:52.608+0000] {dag.py:3340} INFO - Setting next_dagrun for example_python_operator to None, run_after=None
[2024-11-29T02:08:52.745+0000] {processor.py:176} INFO - Processing /home/airflow/.local/lib/python3.7/site-packages/airflow/example_dags/example_python_operator.py took 0.364 seconds
[2024-11-29T02:09:40.198+0000] {processor.py:154} INFO - Started process (PID=72) to work on /home/airflow/.local/lib/python3.7/site-packages/airflow/example_dags/example_python_operator.py
[2024-11-29T02:09:40.200+0000] {processor.py:756} INFO - Processing file /home/airflow/.local/lib/python3.7/site-packages/airflow/example_dags/example_python_operator.py for tasks to queue
[2024-11-29T02:09:40.202+0000] {logging_mixin.py:120} INFO - [2024-11-29T02:09:40.201+0000] {dagbag.py:537} INFO - Filling up the DagBag from /home/airflow/.local/lib/python3.7/site-packages/airflow/example_dags/example_python_operator.py
[2024-11-29T02:09:40.230+0000] {logging_mixin.py:120} INFO - [2024-11-29T02:09:40.229+0000] {taskmixin.py:205} WARNING - Dependency <Task(_PythonDecoratedOperator): print_the_context>, log_sql_query already registered for DAG: example_python_operator
[2024-11-29T02:09:40.231+0000] {logging_mixin.py:120} INFO - [2024-11-29T02:09:40.230+0000] {taskmixin.py:205} WARNING - Dependency <Task(_PythonDecoratedOperator): log_sql_query>, print_the_context already registered for DAG: example_python_operator
[2024-11-29T02:09:40.233+0000] {logging_mixin.py:120} INFO - [2024-11-29T02:09:40.232+0000] {taskmixin.py:205} WARNING - Dependency <Task(_PythonDecoratedOperator): print_the_context>, log_sql_query already registered for DAG: example_python_operator
[2024-11-29T02:09:40.234+0000] {logging_mixin.py:120} INFO - [2024-11-29T02:09:40.233+0000] {taskmixin.py:205} WARNING - Dependency <Task(_PythonDecoratedOperator): log_sql_query>, print_the_context already registered for DAG: example_python_operator
[2024-11-29T02:09:40.235+0000] {logging_mixin.py:120} INFO - [2024-11-29T02:09:40.235+0000] {taskmixin.py:205} WARNING - Dependency <Task(_PythonDecoratedOperator): print_the_context>, log_sql_query already registered for DAG: example_python_operator
[2024-11-29T02:09:40.236+0000] {logging_mixin.py:120} INFO - [2024-11-29T02:09:40.236+0000] {taskmixin.py:205} WARNING - Dependency <Task(_PythonDecoratedOperator): log_sql_query>, print_the_context already registered for DAG: example_python_operator
[2024-11-29T02:09:40.237+0000] {logging_mixin.py:120} INFO - [2024-11-29T02:09:40.237+0000] {taskmixin.py:205} WARNING - Dependency <Task(_PythonDecoratedOperator): print_the_context>, log_sql_query already registered for DAG: example_python_operator
[2024-11-29T02:09:40.238+0000] {logging_mixin.py:120} INFO - [2024-11-29T02:09:40.238+0000] {taskmixin.py:205} WARNING - Dependency <Task(_PythonDecoratedOperator): log_sql_query>, print_the_context already registered for DAG: example_python_operator
[2024-11-29T02:09:40.250+0000] {processor.py:766} INFO - DAG(s) dict_keys(['example_python_operator']) retrieved from /home/airflow/.local/lib/python3.7/site-packages/airflow/example_dags/example_python_operator.py
[2024-11-29T02:09:40.306+0000] {logging_mixin.py:120} INFO - [2024-11-29T02:09:40.306+0000] {dag.py:2585} INFO - Sync 1 DAGs
[2024-11-29T02:09:40.343+0000] {logging_mixin.py:120} INFO - [2024-11-29T02:09:40.343+0000] {dag.py:3340} INFO - Setting next_dagrun for example_python_operator to None, run_after=None
[2024-11-29T02:09:40.382+0000] {processor.py:176} INFO - Processing /home/airflow/.local/lib/python3.7/site-packages/airflow/example_dags/example_python_operator.py took 0.189 seconds
[2024-11-29T02:10:11.373+0000] {processor.py:154} INFO - Started process (PID=127) to work on /home/airflow/.local/lib/python3.7/site-packages/airflow/example_dags/example_python_operator.py
[2024-11-29T02:10:11.374+0000] {processor.py:756} INFO - Processing file /home/airflow/.local/lib/python3.7/site-packages/airflow/example_dags/example_python_operator.py for tasks to queue
[2024-11-29T02:10:11.376+0000] {logging_mixin.py:120} INFO - [2024-11-29T02:10:11.375+0000] {dagbag.py:537} INFO - Filling up the DagBag from /home/airflow/.local/lib/python3.7/site-packages/airflow/example_dags/example_python_operator.py
[2024-11-29T02:10:11.397+0000] {logging_mixin.py:120} INFO - [2024-11-29T02:10:11.397+0000] {taskmixin.py:205} WARNING - Dependency <Task(_PythonDecoratedOperator): print_the_context>, log_sql_query already registered for DAG: example_python_operator
[2024-11-29T02:10:11.398+0000] {logging_mixin.py:120} INFO - [2024-11-29T02:10:11.398+0000] {taskmixin.py:205} WARNING - Dependency <Task(_PythonDecoratedOperator): log_sql_query>, print_the_context already registered for DAG: example_python_operator
[2024-11-29T02:10:11.399+0000] {logging_mixin.py:120} INFO - [2024-11-29T02:10:11.399+0000] {taskmixin.py:205} WARNING - Dependency <Task(_PythonDecoratedOperator): print_the_context>, log_sql_query already registered for DAG: example_python_operator
[2024-11-29T02:10:11.400+0000] {logging_mixin.py:120} INFO - [2024-11-29T02:10:11.400+0000] {taskmixin.py:205} WARNING - Dependency <Task(_PythonDecoratedOperator): log_sql_query>, print_the_context already registered for DAG: example_python_operator
[2024-11-29T02:10:11.401+0000] {logging_mixin.py:120} INFO - [2024-11-29T02:10:11.401+0000] {taskmixin.py:205} WARNING - Dependency <Task(_PythonDecoratedOperator): print_the_context>, log_sql_query already registered for DAG: example_python_operator
[2024-11-29T02:10:11.401+0000] {logging_mixin.py:120} INFO - [2024-11-29T02:10:11.401+0000] {taskmixin.py:205} WARNING - Dependency <Task(_PythonDecoratedOperator): log_sql_query>, print_the_context already registered for DAG: example_python_operator
[2024-11-29T02:10:11.403+0000] {logging_mixin.py:120} INFO - [2024-11-29T02:10:11.403+0000] {taskmixin.py:205} WARNING - Dependency <Task(_PythonDecoratedOperator): print_the_context>, log_sql_query already registered for DAG: example_python_operator
[2024-11-29T02:10:11.404+0000] {logging_mixin.py:120} INFO - [2024-11-29T02:10:11.404+0000] {taskmixin.py:205} WARNING - Dependency <Task(_PythonDecoratedOperator): log_sql_query>, print_the_context already registered for DAG: example_python_operator
[2024-11-29T02:10:11.415+0000] {processor.py:766} INFO - DAG(s) dict_keys(['example_python_operator']) retrieved from /home/airflow/.local/lib/python3.7/site-packages/airflow/example_dags/example_python_operator.py
[2024-11-29T02:10:11.474+0000] {logging_mixin.py:120} INFO - [2024-11-29T02:10:11.473+0000] {dag.py:2585} INFO - Sync 1 DAGs
[2024-11-29T02:10:11.507+0000] {logging_mixin.py:120} INFO - [2024-11-29T02:10:11.507+0000] {dag.py:3340} INFO - Setting next_dagrun for example_python_operator to None, run_after=None
[2024-11-29T02:10:11.534+0000] {processor.py:176} INFO - Processing /home/airflow/.local/lib/python3.7/site-packages/airflow/example_dags/example_python_operator.py took 0.166 seconds
[2024-11-29T02:10:42.284+0000] {processor.py:154} INFO - Started process (PID=191) to work on /home/airflow/.local/lib/python3.7/site-packages/airflow/example_dags/example_python_operator.py
[2024-11-29T02:10:42.286+0000] {processor.py:756} INFO - Processing file /home/airflow/.local/lib/python3.7/site-packages/airflow/example_dags/example_python_operator.py for tasks to queue
[2024-11-29T02:10:42.289+0000] {logging_mixin.py:120} INFO - [2024-11-29T02:10:42.289+0000] {dagbag.py:537} INFO - Filling up the DagBag from /home/airflow/.local/lib/python3.7/site-packages/airflow/example_dags/example_python_operator.py
[2024-11-29T02:10:42.327+0000] {logging_mixin.py:120} INFO - [2024-11-29T02:10:42.326+0000] {taskmixin.py:205} WARNING - Dependency <Task(_PythonDecoratedOperator): print_the_context>, log_sql_query already registered for DAG: example_python_operator
[2024-11-29T02:10:42.327+0000] {logging_mixin.py:120} INFO - [2024-11-29T02:10:42.327+0000] {taskmixin.py:205} WARNING - Dependency <Task(_PythonDecoratedOperator): log_sql_query>, print_the_context already registered for DAG: example_python_operator
[2024-11-29T02:10:42.329+0000] {logging_mixin.py:120} INFO - [2024-11-29T02:10:42.329+0000] {taskmixin.py:205} WARNING - Dependency <Task(_PythonDecoratedOperator): print_the_context>, log_sql_query already registered for DAG: example_python_operator
[2024-11-29T02:10:42.330+0000] {logging_mixin.py:120} INFO - [2024-11-29T02:10:42.330+0000] {taskmixin.py:205} WARNING - Dependency <Task(_PythonDecoratedOperator): log_sql_query>, print_the_context already registered for DAG: example_python_operator
[2024-11-29T02:10:42.331+0000] {logging_mixin.py:120} INFO - [2024-11-29T02:10:42.331+0000] {taskmixin.py:205} WARNING - Dependency <Task(_PythonDecoratedOperator): print_the_context>, log_sql_query already registered for DAG: example_python_operator
[2024-11-29T02:10:42.332+0000] {logging_mixin.py:120} INFO - [2024-11-29T02:10:42.332+0000] {taskmixin.py:205} WARNING - Dependency <Task(_PythonDecoratedOperator): log_sql_query>, print_the_context already registered for DAG: example_python_operator
[2024-11-29T02:10:42.334+0000] {logging_mixin.py:120} INFO - [2024-11-29T02:10:42.333+0000] {taskmixin.py:205} WARNING - Dependency <Task(_PythonDecoratedOperator): print_the_context>, log_sql_query already registered for DAG: example_python_operator
[2024-11-29T02:10:42.335+0000] {logging_mixin.py:120} INFO - [2024-11-29T02:10:42.334+0000] {taskmixin.py:205} WARNING - Dependency <Task(_PythonDecoratedOperator): log_sql_query>, print_the_context already registered for DAG: example_python_operator
[2024-11-29T02:10:42.350+0000] {processor.py:766} INFO - DAG(s) dict_keys(['example_python_operator']) retrieved from /home/airflow/.local/lib/python3.7/site-packages/airflow/example_dags/example_python_operator.py
[2024-11-29T02:10:42.408+0000] {logging_mixin.py:120} INFO - [2024-11-29T02:10:42.408+0000] {dag.py:2585} INFO - Sync 1 DAGs
[2024-11-29T02:10:42.441+0000] {logging_mixin.py:120} INFO - [2024-11-29T02:10:42.441+0000] {dag.py:3340} INFO - Setting next_dagrun for example_python_operator to None, run_after=None
[2024-11-29T02:10:42.475+0000] {processor.py:176} INFO - Processing /home/airflow/.local/lib/python3.7/site-packages/airflow/example_dags/example_python_operator.py took 0.196 seconds
[2024-11-29T02:11:12.992+0000] {processor.py:154} INFO - Started process (PID=256) to work on /home/airflow/.local/lib/python3.7/site-packages/airflow/example_dags/example_python_operator.py
[2024-11-29T02:11:12.993+0000] {processor.py:756} INFO - Processing file /home/airflow/.local/lib/python3.7/site-packages/airflow/example_dags/example_python_operator.py for tasks to queue
[2024-11-29T02:11:12.994+0000] {logging_mixin.py:120} INFO - [2024-11-29T02:11:12.994+0000] {dagbag.py:537} INFO - Filling up the DagBag from /home/airflow/.local/lib/python3.7/site-packages/airflow/example_dags/example_python_operator.py
[2024-11-29T02:11:13.013+0000] {logging_mixin.py:120} INFO - [2024-11-29T02:11:13.013+0000] {taskmixin.py:205} WARNING - Dependency <Task(_PythonDecoratedOperator): print_the_context>, log_sql_query already registered for DAG: example_python_operator
[2024-11-29T02:11:13.014+0000] {logging_mixin.py:120} INFO - [2024-11-29T02:11:13.014+0000] {taskmixin.py:205} WARNING - Dependency <Task(_PythonDecoratedOperator): log_sql_query>, print_the_context already registered for DAG: example_python_operator
[2024-11-29T02:11:13.015+0000] {logging_mixin.py:120} INFO - [2024-11-29T02:11:13.015+0000] {taskmixin.py:205} WARNING - Dependency <Task(_PythonDecoratedOperator): print_the_context>, log_sql_query already registered for DAG: example_python_operator
[2024-11-29T02:11:13.015+0000] {logging_mixin.py:120} INFO - [2024-11-29T02:11:13.015+0000] {taskmixin.py:205} WARNING - Dependency <Task(_PythonDecoratedOperator): log_sql_query>, print_the_context already registered for DAG: example_python_operator
[2024-11-29T02:11:13.017+0000] {logging_mixin.py:120} INFO - [2024-11-29T02:11:13.016+0000] {taskmixin.py:205} WARNING - Dependency <Task(_PythonDecoratedOperator): print_the_context>, log_sql_query already registered for DAG: example_python_operator
[2024-11-29T02:11:13.017+0000] {logging_mixin.py:120} INFO - [2024-11-29T02:11:13.017+0000] {taskmixin.py:205} WARNING - Dependency <Task(_PythonDecoratedOperator): log_sql_query>, print_the_context already registered for DAG: example_python_operator
[2024-11-29T02:11:13.018+0000] {logging_mixin.py:120} INFO - [2024-11-29T02:11:13.018+0000] {taskmixin.py:205} WARNING - Dependency <Task(_PythonDecoratedOperator): print_the_context>, log_sql_query already registered for DAG: example_python_operator
[2024-11-29T02:11:13.019+0000] {logging_mixin.py:120} INFO - [2024-11-29T02:11:13.019+0000] {taskmixin.py:205} WARNING - Dependency <Task(_PythonDecoratedOperator): log_sql_query>, print_the_context already registered for DAG: example_python_operator
[2024-11-29T02:11:13.030+0000] {processor.py:766} INFO - DAG(s) dict_keys(['example_python_operator']) retrieved from /home/airflow/.local/lib/python3.7/site-packages/airflow/example_dags/example_python_operator.py
[2024-11-29T02:11:13.094+0000] {logging_mixin.py:120} INFO - [2024-11-29T02:11:13.094+0000] {dag.py:2585} INFO - Sync 1 DAGs
[2024-11-29T02:11:13.138+0000] {logging_mixin.py:120} INFO - [2024-11-29T02:11:13.138+0000] {dag.py:3340} INFO - Setting next_dagrun for example_python_operator to None, run_after=None
[2024-11-29T02:11:13.183+0000] {processor.py:176} INFO - Processing /home/airflow/.local/lib/python3.7/site-packages/airflow/example_dags/example_python_operator.py took 0.195 seconds
[2024-11-29T02:11:43.619+0000] {processor.py:154} INFO - Started process (PID=310) to work on /home/airflow/.local/lib/python3.7/site-packages/airflow/example_dags/example_python_operator.py
[2024-11-29T02:11:43.621+0000] {processor.py:756} INFO - Processing file /home/airflow/.local/lib/python3.7/site-packages/airflow/example_dags/example_python_operator.py for tasks to queue
[2024-11-29T02:11:43.622+0000] {logging_mixin.py:120} INFO - [2024-11-29T02:11:43.622+0000] {dagbag.py:537} INFO - Filling up the DagBag from /home/airflow/.local/lib/python3.7/site-packages/airflow/example_dags/example_python_operator.py
[2024-11-29T02:11:43.646+0000] {logging_mixin.py:120} INFO - [2024-11-29T02:11:43.645+0000] {taskmixin.py:205} WARNING - Dependency <Task(_PythonDecoratedOperator): print_the_context>, log_sql_query already registered for DAG: example_python_operator
[2024-11-29T02:11:43.646+0000] {logging_mixin.py:120} INFO - [2024-11-29T02:11:43.646+0000] {taskmixin.py:205} WARNING - Dependency <Task(_PythonDecoratedOperator): log_sql_query>, print_the_context already registered for DAG: example_python_operator
[2024-11-29T02:11:43.647+0000] {logging_mixin.py:120} INFO - [2024-11-29T02:11:43.647+0000] {taskmixin.py:205} WARNING - Dependency <Task(_PythonDecoratedOperator): print_the_context>, log_sql_query already registered for DAG: example_python_operator
[2024-11-29T02:11:43.648+0000] {logging_mixin.py:120} INFO - [2024-11-29T02:11:43.648+0000] {taskmixin.py:205} WARNING - Dependency <Task(_PythonDecoratedOperator): log_sql_query>, print_the_context already registered for DAG: example_python_operator
[2024-11-29T02:11:43.649+0000] {logging_mixin.py:120} INFO - [2024-11-29T02:11:43.649+0000] {taskmixin.py:205} WARNING - Dependency <Task(_PythonDecoratedOperator): print_the_context>, log_sql_query already registered for DAG: example_python_operator
[2024-11-29T02:11:43.650+0000] {logging_mixin.py:120} INFO - [2024-11-29T02:11:43.650+0000] {taskmixin.py:205} WARNING - Dependency <Task(_PythonDecoratedOperator): log_sql_query>, print_the_context already registered for DAG: example_python_operator
[2024-11-29T02:11:43.651+0000] {logging_mixin.py:120} INFO - [2024-11-29T02:11:43.651+0000] {taskmixin.py:205} WARNING - Dependency <Task(_PythonDecoratedOperator): print_the_context>, log_sql_query already registered for DAG: example_python_operator
[2024-11-29T02:11:43.651+0000] {logging_mixin.py:120} INFO - [2024-11-29T02:11:43.651+0000] {taskmixin.py:205} WARNING - Dependency <Task(_PythonDecoratedOperator): log_sql_query>, print_the_context already registered for DAG: example_python_operator
[2024-11-29T02:11:43.661+0000] {processor.py:766} INFO - DAG(s) dict_keys(['example_python_operator']) retrieved from /home/airflow/.local/lib/python3.7/site-packages/airflow/example_dags/example_python_operator.py
[2024-11-29T02:11:43.710+0000] {logging_mixin.py:120} INFO - [2024-11-29T02:11:43.709+0000] {dag.py:2585} INFO - Sync 1 DAGs
[2024-11-29T02:11:43.744+0000] {logging_mixin.py:120} INFO - [2024-11-29T02:11:43.744+0000] {dag.py:3340} INFO - Setting next_dagrun for example_python_operator to None, run_after=None
[2024-11-29T02:11:43.775+0000] {processor.py:176} INFO - Processing /home/airflow/.local/lib/python3.7/site-packages/airflow/example_dags/example_python_operator.py took 0.160 seconds
[2024-11-29T02:12:13.850+0000] {processor.py:154} INFO - Started process (PID=374) to work on /home/airflow/.local/lib/python3.7/site-packages/airflow/example_dags/example_python_operator.py
[2024-11-29T02:12:13.852+0000] {processor.py:756} INFO - Processing file /home/airflow/.local/lib/python3.7/site-packages/airflow/example_dags/example_python_operator.py for tasks to queue
[2024-11-29T02:12:13.853+0000] {logging_mixin.py:120} INFO - [2024-11-29T02:12:13.853+0000] {dagbag.py:537} INFO - Filling up the DagBag from /home/airflow/.local/lib/python3.7/site-packages/airflow/example_dags/example_python_operator.py
[2024-11-29T02:12:13.880+0000] {logging_mixin.py:120} INFO - [2024-11-29T02:12:13.880+0000] {taskmixin.py:205} WARNING - Dependency <Task(_PythonDecoratedOperator): print_the_context>, log_sql_query already registered for DAG: example_python_operator
[2024-11-29T02:12:13.881+0000] {logging_mixin.py:120} INFO - [2024-11-29T02:12:13.881+0000] {taskmixin.py:205} WARNING - Dependency <Task(_PythonDecoratedOperator): log_sql_query>, print_the_context already registered for DAG: example_python_operator
[2024-11-29T02:12:13.882+0000] {logging_mixin.py:120} INFO - [2024-11-29T02:12:13.882+0000] {taskmixin.py:205} WARNING - Dependency <Task(_PythonDecoratedOperator): print_the_context>, log_sql_query already registered for DAG: example_python_operator
[2024-11-29T02:12:13.882+0000] {logging_mixin.py:120} INFO - [2024-11-29T02:12:13.882+0000] {taskmixin.py:205} WARNING - Dependency <Task(_PythonDecoratedOperator): log_sql_query>, print_the_context already registered for DAG: example_python_operator
[2024-11-29T02:12:13.883+0000] {logging_mixin.py:120} INFO - [2024-11-29T02:12:13.883+0000] {taskmixin.py:205} WARNING - Dependency <Task(_PythonDecoratedOperator): print_the_context>, log_sql_query already registered for DAG: example_python_operator
[2024-11-29T02:12:13.884+0000] {logging_mixin.py:120} INFO - [2024-11-29T02:12:13.883+0000] {taskmixin.py:205} WARNING - Dependency <Task(_PythonDecoratedOperator): log_sql_query>, print_the_context already registered for DAG: example_python_operator
[2024-11-29T02:12:13.884+0000] {logging_mixin.py:120} INFO - [2024-11-29T02:12:13.884+0000] {taskmixin.py:205} WARNING - Dependency <Task(_PythonDecoratedOperator): print_the_context>, log_sql_query already registered for DAG: example_python_operator
[2024-11-29T02:12:13.885+0000] {logging_mixin.py:120} INFO - [2024-11-29T02:12:13.885+0000] {taskmixin.py:205} WARNING - Dependency <Task(_PythonDecoratedOperator): log_sql_query>, print_the_context already registered for DAG: example_python_operator
[2024-11-29T02:12:13.893+0000] {processor.py:766} INFO - DAG(s) dict_keys(['example_python_operator']) retrieved from /home/airflow/.local/lib/python3.7/site-packages/airflow/example_dags/example_python_operator.py
[2024-11-29T02:12:13.946+0000] {logging_mixin.py:120} INFO - [2024-11-29T02:12:13.946+0000] {dag.py:2585} INFO - Sync 1 DAGs
[2024-11-29T02:12:13.981+0000] {logging_mixin.py:120} INFO - [2024-11-29T02:12:13.981+0000] {dag.py:3340} INFO - Setting next_dagrun for example_python_operator to None, run_after=None
[2024-11-29T02:12:14.007+0000] {processor.py:176} INFO - Processing /home/airflow/.local/lib/python3.7/site-packages/airflow/example_dags/example_python_operator.py took 0.162 seconds
[2024-11-29T02:12:44.125+0000] {processor.py:154} INFO - Started process (PID=428) to work on /home/airflow/.local/lib/python3.7/site-packages/airflow/example_dags/example_python_operator.py
[2024-11-29T02:12:44.127+0000] {processor.py:756} INFO - Processing file /home/airflow/.local/lib/python3.7/site-packages/airflow/example_dags/example_python_operator.py for tasks to queue
[2024-11-29T02:12:44.128+0000] {logging_mixin.py:120} INFO - [2024-11-29T02:12:44.128+0000] {dagbag.py:537} INFO - Filling up the DagBag from /home/airflow/.local/lib/python3.7/site-packages/airflow/example_dags/example_python_operator.py
[2024-11-29T02:12:44.145+0000] {logging_mixin.py:120} INFO - [2024-11-29T02:12:44.145+0000] {taskmixin.py:205} WARNING - Dependency <Task(_PythonDecoratedOperator): print_the_context>, log_sql_query already registered for DAG: example_python_operator
[2024-11-29T02:12:44.146+0000] {logging_mixin.py:120} INFO - [2024-11-29T02:12:44.145+0000] {taskmixin.py:205} WARNING - Dependency <Task(_PythonDecoratedOperator): log_sql_query>, print_the_context already registered for DAG: example_python_operator
[2024-11-29T02:12:44.147+0000] {logging_mixin.py:120} INFO - [2024-11-29T02:12:44.147+0000] {taskmixin.py:205} WARNING - Dependency <Task(_PythonDecoratedOperator): print_the_context>, log_sql_query already registered for DAG: example_python_operator
[2024-11-29T02:12:44.147+0000] {logging_mixin.py:120} INFO - [2024-11-29T02:12:44.147+0000] {taskmixin.py:205} WARNING - Dependency <Task(_PythonDecoratedOperator): log_sql_query>, print_the_context already registered for DAG: example_python_operator
[2024-11-29T02:12:44.148+0000] {logging_mixin.py:120} INFO - [2024-11-29T02:12:44.148+0000] {taskmixin.py:205} WARNING - Dependency <Task(_PythonDecoratedOperator): print_the_context>, log_sql_query already registered for DAG: example_python_operator
[2024-11-29T02:12:44.149+0000] {logging_mixin.py:120} INFO - [2024-11-29T02:12:44.149+0000] {taskmixin.py:205} WARNING - Dependency <Task(_PythonDecoratedOperator): log_sql_query>, print_the_context already registered for DAG: example_python_operator
[2024-11-29T02:12:44.150+0000] {logging_mixin.py:120} INFO - [2024-11-29T02:12:44.149+0000] {taskmixin.py:205} WARNING - Dependency <Task(_PythonDecoratedOperator): print_the_context>, log_sql_query already registered for DAG: example_python_operator
[2024-11-29T02:12:44.150+0000] {logging_mixin.py:120} INFO - [2024-11-29T02:12:44.150+0000] {taskmixin.py:205} WARNING - Dependency <Task(_PythonDecoratedOperator): log_sql_query>, print_the_context already registered for DAG: example_python_operator
[2024-11-29T02:12:44.159+0000] {processor.py:766} INFO - DAG(s) dict_keys(['example_python_operator']) retrieved from /home/airflow/.local/lib/python3.7/site-packages/airflow/example_dags/example_python_operator.py
[2024-11-29T02:12:44.209+0000] {logging_mixin.py:120} INFO - [2024-11-29T02:12:44.209+0000] {dag.py:2585} INFO - Sync 1 DAGs
[2024-11-29T02:12:44.240+0000] {logging_mixin.py:120} INFO - [2024-11-29T02:12:44.240+0000] {dag.py:3340} INFO - Setting next_dagrun for example_python_operator to None, run_after=None
[2024-11-29T02:12:44.270+0000] {processor.py:176} INFO - Processing /home/airflow/.local/lib/python3.7/site-packages/airflow/example_dags/example_python_operator.py took 0.148 seconds
[2024-11-29T02:13:14.733+0000] {processor.py:154} INFO - Started process (PID=493) to work on /home/airflow/.local/lib/python3.7/site-packages/airflow/example_dags/example_python_operator.py
[2024-11-29T02:13:14.734+0000] {processor.py:756} INFO - Processing file /home/airflow/.local/lib/python3.7/site-packages/airflow/example_dags/example_python_operator.py for tasks to queue
[2024-11-29T02:13:14.735+0000] {logging_mixin.py:120} INFO - [2024-11-29T02:13:14.735+0000] {dagbag.py:537} INFO - Filling up the DagBag from /home/airflow/.local/lib/python3.7/site-packages/airflow/example_dags/example_python_operator.py
[2024-11-29T02:13:14.754+0000] {logging_mixin.py:120} INFO - [2024-11-29T02:13:14.753+0000] {taskmixin.py:205} WARNING - Dependency <Task(_PythonDecoratedOperator): print_the_context>, log_sql_query already registered for DAG: example_python_operator
[2024-11-29T02:13:14.754+0000] {logging_mixin.py:120} INFO - [2024-11-29T02:13:14.754+0000] {taskmixin.py:205} WARNING - Dependency <Task(_PythonDecoratedOperator): log_sql_query>, print_the_context already registered for DAG: example_python_operator
[2024-11-29T02:13:14.756+0000] {logging_mixin.py:120} INFO - [2024-11-29T02:13:14.755+0000] {taskmixin.py:205} WARNING - Dependency <Task(_PythonDecoratedOperator): print_the_context>, log_sql_query already registered for DAG: example_python_operator
[2024-11-29T02:13:14.756+0000] {logging_mixin.py:120} INFO - [2024-11-29T02:13:14.756+0000] {taskmixin.py:205} WARNING - Dependency <Task(_PythonDecoratedOperator): log_sql_query>, print_the_context already registered for DAG: example_python_operator
[2024-11-29T02:13:14.757+0000] {logging_mixin.py:120} INFO - [2024-11-29T02:13:14.757+0000] {taskmixin.py:205} WARNING - Dependency <Task(_PythonDecoratedOperator): print_the_context>, log_sql_query already registered for DAG: example_python_operator
[2024-11-29T02:13:14.758+0000] {logging_mixin.py:120} INFO - [2024-11-29T02:13:14.758+0000] {taskmixin.py:205} WARNING - Dependency <Task(_PythonDecoratedOperator): log_sql_query>, print_the_context already registered for DAG: example_python_operator
[2024-11-29T02:13:14.759+0000] {logging_mixin.py:120} INFO - [2024-11-29T02:13:14.759+0000] {taskmixin.py:205} WARNING - Dependency <Task(_PythonDecoratedOperator): print_the_context>, log_sql_query already registered for DAG: example_python_operator
[2024-11-29T02:13:14.760+0000] {logging_mixin.py:120} INFO - [2024-11-29T02:13:14.760+0000] {taskmixin.py:205} WARNING - Dependency <Task(_PythonDecoratedOperator): log_sql_query>, print_the_context already registered for DAG: example_python_operator
[2024-11-29T02:13:14.767+0000] {processor.py:766} INFO - DAG(s) dict_keys(['example_python_operator']) retrieved from /home/airflow/.local/lib/python3.7/site-packages/airflow/example_dags/example_python_operator.py
[2024-11-29T02:13:14.823+0000] {logging_mixin.py:120} INFO - [2024-11-29T02:13:14.822+0000] {dag.py:2585} INFO - Sync 1 DAGs
[2024-11-29T02:13:14.860+0000] {logging_mixin.py:120} INFO - [2024-11-29T02:13:14.859+0000] {dag.py:3340} INFO - Setting next_dagrun for example_python_operator to None, run_after=None
[2024-11-29T02:13:14.886+0000] {processor.py:176} INFO - Processing /home/airflow/.local/lib/python3.7/site-packages/airflow/example_dags/example_python_operator.py took 0.157 seconds
[2024-11-29T02:13:45.063+0000] {processor.py:154} INFO - Started process (PID=556) to work on /home/airflow/.local/lib/python3.7/site-packages/airflow/example_dags/example_python_operator.py
[2024-11-29T02:13:45.065+0000] {processor.py:756} INFO - Processing file /home/airflow/.local/lib/python3.7/site-packages/airflow/example_dags/example_python_operator.py for tasks to queue
[2024-11-29T02:13:45.066+0000] {logging_mixin.py:120} INFO - [2024-11-29T02:13:45.066+0000] {dagbag.py:537} INFO - Filling up the DagBag from /home/airflow/.local/lib/python3.7/site-packages/airflow/example_dags/example_python_operator.py
[2024-11-29T02:13:45.082+0000] {logging_mixin.py:120} INFO - [2024-11-29T02:13:45.082+0000] {taskmixin.py:205} WARNING - Dependency <Task(_PythonDecoratedOperator): print_the_context>, log_sql_query already registered for DAG: example_python_operator
[2024-11-29T02:13:45.083+0000] {logging_mixin.py:120} INFO - [2024-11-29T02:13:45.083+0000] {taskmixin.py:205} WARNING - Dependency <Task(_PythonDecoratedOperator): log_sql_query>, print_the_context already registered for DAG: example_python_operator
[2024-11-29T02:13:45.084+0000] {logging_mixin.py:120} INFO - [2024-11-29T02:13:45.084+0000] {taskmixin.py:205} WARNING - Dependency <Task(_PythonDecoratedOperator): print_the_context>, log_sql_query already registered for DAG: example_python_operator
[2024-11-29T02:13:45.085+0000] {logging_mixin.py:120} INFO - [2024-11-29T02:13:45.085+0000] {taskmixin.py:205} WARNING - Dependency <Task(_PythonDecoratedOperator): log_sql_query>, print_the_context already registered for DAG: example_python_operator
[2024-11-29T02:13:45.086+0000] {logging_mixin.py:120} INFO - [2024-11-29T02:13:45.086+0000] {taskmixin.py:205} WARNING - Dependency <Task(_PythonDecoratedOperator): print_the_context>, log_sql_query already registered for DAG: example_python_operator
[2024-11-29T02:13:45.086+0000] {logging_mixin.py:120} INFO - [2024-11-29T02:13:45.086+0000] {taskmixin.py:205} WARNING - Dependency <Task(_PythonDecoratedOperator): log_sql_query>, print_the_context already registered for DAG: example_python_operator
[2024-11-29T02:13:45.088+0000] {logging_mixin.py:120} INFO - [2024-11-29T02:13:45.088+0000] {taskmixin.py:205} WARNING - Dependency <Task(_PythonDecoratedOperator): print_the_context>, log_sql_query already registered for DAG: example_python_operator
[2024-11-29T02:13:45.088+0000] {logging_mixin.py:120} INFO - [2024-11-29T02:13:45.088+0000] {taskmixin.py:205} WARNING - Dependency <Task(_PythonDecoratedOperator): log_sql_query>, print_the_context already registered for DAG: example_python_operator
[2024-11-29T02:13:45.101+0000] {processor.py:766} INFO - DAG(s) dict_keys(['example_python_operator']) retrieved from /home/airflow/.local/lib/python3.7/site-packages/airflow/example_dags/example_python_operator.py
[2024-11-29T02:13:45.155+0000] {logging_mixin.py:120} INFO - [2024-11-29T02:13:45.155+0000] {dag.py:2585} INFO - Sync 1 DAGs
[2024-11-29T02:13:45.191+0000] {logging_mixin.py:120} INFO - [2024-11-29T02:13:45.191+0000] {dag.py:3340} INFO - Setting next_dagrun for example_python_operator to None, run_after=None
[2024-11-29T02:13:45.219+0000] {processor.py:176} INFO - Processing /home/airflow/.local/lib/python3.7/site-packages/airflow/example_dags/example_python_operator.py took 0.159 seconds
[2024-11-29T02:14:16.039+0000] {processor.py:154} INFO - Started process (PID=614) to work on /home/airflow/.local/lib/python3.7/site-packages/airflow/example_dags/example_python_operator.py
[2024-11-29T02:14:16.041+0000] {processor.py:756} INFO - Processing file /home/airflow/.local/lib/python3.7/site-packages/airflow/example_dags/example_python_operator.py for tasks to queue
[2024-11-29T02:14:16.042+0000] {logging_mixin.py:120} INFO - [2024-11-29T02:14:16.041+0000] {dagbag.py:537} INFO - Filling up the DagBag from /home/airflow/.local/lib/python3.7/site-packages/airflow/example_dags/example_python_operator.py
[2024-11-29T02:14:16.061+0000] {logging_mixin.py:120} INFO - [2024-11-29T02:14:16.061+0000] {taskmixin.py:205} WARNING - Dependency <Task(_PythonDecoratedOperator): print_the_context>, log_sql_query already registered for DAG: example_python_operator
[2024-11-29T02:14:16.062+0000] {logging_mixin.py:120} INFO - [2024-11-29T02:14:16.062+0000] {taskmixin.py:205} WARNING - Dependency <Task(_PythonDecoratedOperator): log_sql_query>, print_the_context already registered for DAG: example_python_operator
[2024-11-29T02:14:16.064+0000] {logging_mixin.py:120} INFO - [2024-11-29T02:14:16.064+0000] {taskmixin.py:205} WARNING - Dependency <Task(_PythonDecoratedOperator): print_the_context>, log_sql_query already registered for DAG: example_python_operator
[2024-11-29T02:14:16.065+0000] {logging_mixin.py:120} INFO - [2024-11-29T02:14:16.065+0000] {taskmixin.py:205} WARNING - Dependency <Task(_PythonDecoratedOperator): log_sql_query>, print_the_context already registered for DAG: example_python_operator
[2024-11-29T02:14:16.066+0000] {logging_mixin.py:120} INFO - [2024-11-29T02:14:16.066+0000] {taskmixin.py:205} WARNING - Dependency <Task(_PythonDecoratedOperator): print_the_context>, log_sql_query already registered for DAG: example_python_operator
[2024-11-29T02:14:16.067+0000] {logging_mixin.py:120} INFO - [2024-11-29T02:14:16.067+0000] {taskmixin.py:205} WARNING - Dependency <Task(_PythonDecoratedOperator): log_sql_query>, print_the_context already registered for DAG: example_python_operator
[2024-11-29T02:14:16.069+0000] {logging_mixin.py:120} INFO - [2024-11-29T02:14:16.068+0000] {taskmixin.py:205} WARNING - Dependency <Task(_PythonDecoratedOperator): print_the_context>, log_sql_query already registered for DAG: example_python_operator
[2024-11-29T02:14:16.069+0000] {logging_mixin.py:120} INFO - [2024-11-29T02:14:16.069+0000] {taskmixin.py:205} WARNING - Dependency <Task(_PythonDecoratedOperator): log_sql_query>, print_the_context already registered for DAG: example_python_operator
[2024-11-29T02:14:16.080+0000] {processor.py:766} INFO - DAG(s) dict_keys(['example_python_operator']) retrieved from /home/airflow/.local/lib/python3.7/site-packages/airflow/example_dags/example_python_operator.py
[2024-11-29T02:14:16.124+0000] {logging_mixin.py:120} INFO - [2024-11-29T02:14:16.124+0000] {dag.py:2585} INFO - Sync 1 DAGs
[2024-11-29T02:14:16.153+0000] {logging_mixin.py:120} INFO - [2024-11-29T02:14:16.153+0000] {dag.py:3340} INFO - Setting next_dagrun for example_python_operator to None, run_after=None
[2024-11-29T02:14:16.179+0000] {processor.py:176} INFO - Processing /home/airflow/.local/lib/python3.7/site-packages/airflow/example_dags/example_python_operator.py took 0.143 seconds
[2024-11-29T02:14:46.589+0000] {processor.py:154} INFO - Started process (PID=679) to work on /home/airflow/.local/lib/python3.7/site-packages/airflow/example_dags/example_python_operator.py
[2024-11-29T02:14:46.590+0000] {processor.py:756} INFO - Processing file /home/airflow/.local/lib/python3.7/site-packages/airflow/example_dags/example_python_operator.py for tasks to queue
[2024-11-29T02:14:46.592+0000] {logging_mixin.py:120} INFO - [2024-11-29T02:14:46.592+0000] {dagbag.py:537} INFO - Filling up the DagBag from /home/airflow/.local/lib/python3.7/site-packages/airflow/example_dags/example_python_operator.py
[2024-11-29T02:14:46.614+0000] {logging_mixin.py:120} INFO - [2024-11-29T02:14:46.614+0000] {taskmixin.py:205} WARNING - Dependency <Task(_PythonDecoratedOperator): print_the_context>, log_sql_query already registered for DAG: example_python_operator
[2024-11-29T02:14:46.615+0000] {logging_mixin.py:120} INFO - [2024-11-29T02:14:46.615+0000] {taskmixin.py:205} WARNING - Dependency <Task(_PythonDecoratedOperator): log_sql_query>, print_the_context already registered for DAG: example_python_operator
[2024-11-29T02:14:46.616+0000] {logging_mixin.py:120} INFO - [2024-11-29T02:14:46.616+0000] {taskmixin.py:205} WARNING - Dependency <Task(_PythonDecoratedOperator): print_the_context>, log_sql_query already registered for DAG: example_python_operator
[2024-11-29T02:14:46.617+0000] {logging_mixin.py:120} INFO - [2024-11-29T02:14:46.617+0000] {taskmixin.py:205} WARNING - Dependency <Task(_PythonDecoratedOperator): log_sql_query>, print_the_context already registered for DAG: example_python_operator
[2024-11-29T02:14:46.618+0000] {logging_mixin.py:120} INFO - [2024-11-29T02:14:46.618+0000] {taskmixin.py:205} WARNING - Dependency <Task(_PythonDecoratedOperator): print_the_context>, log_sql_query already registered for DAG: example_python_operator
[2024-11-29T02:14:46.619+0000] {logging_mixin.py:120} INFO - [2024-11-29T02:14:46.619+0000] {taskmixin.py:205} WARNING - Dependency <Task(_PythonDecoratedOperator): log_sql_query>, print_the_context already registered for DAG: example_python_operator
[2024-11-29T02:14:46.620+0000] {logging_mixin.py:120} INFO - [2024-11-29T02:14:46.620+0000] {taskmixin.py:205} WARNING - Dependency <Task(_PythonDecoratedOperator): print_the_context>, log_sql_query already registered for DAG: example_python_operator
[2024-11-29T02:14:46.621+0000] {logging_mixin.py:120} INFO - [2024-11-29T02:14:46.621+0000] {taskmixin.py:205} WARNING - Dependency <Task(_PythonDecoratedOperator): log_sql_query>, print_the_context already registered for DAG: example_python_operator
[2024-11-29T02:14:46.630+0000] {processor.py:766} INFO - DAG(s) dict_keys(['example_python_operator']) retrieved from /home/airflow/.local/lib/python3.7/site-packages/airflow/example_dags/example_python_operator.py
[2024-11-29T02:14:46.686+0000] {logging_mixin.py:120} INFO - [2024-11-29T02:14:46.686+0000] {dag.py:2585} INFO - Sync 1 DAGs
[2024-11-29T02:14:46.717+0000] {logging_mixin.py:120} INFO - [2024-11-29T02:14:46.716+0000] {dag.py:3340} INFO - Setting next_dagrun for example_python_operator to None, run_after=None
[2024-11-29T02:14:46.741+0000] {processor.py:176} INFO - Processing /home/airflow/.local/lib/python3.7/site-packages/airflow/example_dags/example_python_operator.py took 0.156 seconds
[2024-11-29T02:15:17.039+0000] {processor.py:154} INFO - Started process (PID=743) to work on /home/airflow/.local/lib/python3.7/site-packages/airflow/example_dags/example_python_operator.py
[2024-11-29T02:15:17.041+0000] {processor.py:756} INFO - Processing file /home/airflow/.local/lib/python3.7/site-packages/airflow/example_dags/example_python_operator.py for tasks to queue
[2024-11-29T02:15:17.042+0000] {logging_mixin.py:120} INFO - [2024-11-29T02:15:17.042+0000] {dagbag.py:537} INFO - Filling up the DagBag from /home/airflow/.local/lib/python3.7/site-packages/airflow/example_dags/example_python_operator.py
[2024-11-29T02:15:17.062+0000] {logging_mixin.py:120} INFO - [2024-11-29T02:15:17.062+0000] {taskmixin.py:205} WARNING - Dependency <Task(_PythonDecoratedOperator): print_the_context>, log_sql_query already registered for DAG: example_python_operator
[2024-11-29T02:15:17.063+0000] {logging_mixin.py:120} INFO - [2024-11-29T02:15:17.063+0000] {taskmixin.py:205} WARNING - Dependency <Task(_PythonDecoratedOperator): log_sql_query>, print_the_context already registered for DAG: example_python_operator
[2024-11-29T02:15:17.065+0000] {logging_mixin.py:120} INFO - [2024-11-29T02:15:17.064+0000] {taskmixin.py:205} WARNING - Dependency <Task(_PythonDecoratedOperator): print_the_context>, log_sql_query already registered for DAG: example_python_operator
[2024-11-29T02:15:17.065+0000] {logging_mixin.py:120} INFO - [2024-11-29T02:15:17.065+0000] {taskmixin.py:205} WARNING - Dependency <Task(_PythonDecoratedOperator): log_sql_query>, print_the_context already registered for DAG: example_python_operator
[2024-11-29T02:15:17.066+0000] {logging_mixin.py:120} INFO - [2024-11-29T02:15:17.066+0000] {taskmixin.py:205} WARNING - Dependency <Task(_PythonDecoratedOperator): print_the_context>, log_sql_query already registered for DAG: example_python_operator
[2024-11-29T02:15:17.067+0000] {logging_mixin.py:120} INFO - [2024-11-29T02:15:17.067+0000] {taskmixin.py:205} WARNING - Dependency <Task(_PythonDecoratedOperator): log_sql_query>, print_the_context already registered for DAG: example_python_operator
[2024-11-29T02:15:17.068+0000] {logging_mixin.py:120} INFO - [2024-11-29T02:15:17.068+0000] {taskmixin.py:205} WARNING - Dependency <Task(_PythonDecoratedOperator): print_the_context>, log_sql_query already registered for DAG: example_python_operator
[2024-11-29T02:15:17.069+0000] {logging_mixin.py:120} INFO - [2024-11-29T02:15:17.068+0000] {taskmixin.py:205} WARNING - Dependency <Task(_PythonDecoratedOperator): log_sql_query>, print_the_context already registered for DAG: example_python_operator
[2024-11-29T02:15:17.080+0000] {processor.py:766} INFO - DAG(s) dict_keys(['example_python_operator']) retrieved from /home/airflow/.local/lib/python3.7/site-packages/airflow/example_dags/example_python_operator.py
[2024-11-29T02:15:17.135+0000] {logging_mixin.py:120} INFO - [2024-11-29T02:15:17.135+0000] {dag.py:2585} INFO - Sync 1 DAGs
[2024-11-29T02:15:17.165+0000] {logging_mixin.py:120} INFO - [2024-11-29T02:15:17.165+0000] {dag.py:3340} INFO - Setting next_dagrun for example_python_operator to None, run_after=None
[2024-11-29T02:15:17.190+0000] {processor.py:176} INFO - Processing /home/airflow/.local/lib/python3.7/site-packages/airflow/example_dags/example_python_operator.py took 0.155 seconds
