[2024-11-29T02:08:55.444+0000] {processor.py:154} INFO - Started process (PID=88) to work on /home/airflow/.local/lib/python3.7/site-packages/airflow/example_dags/example_bash_operator.py
[2024-11-29T02:08:55.446+0000] {processor.py:756} INFO - Processing file /home/airflow/.local/lib/python3.7/site-packages/airflow/example_dags/example_bash_operator.py for tasks to queue
[2024-11-29T02:08:55.447+0000] {logging_mixin.py:120} INFO - [2024-11-29T02:08:55.447+0000] {dagbag.py:537} INFO - Filling up the DagBag from /home/airflow/.local/lib/python3.7/site-packages/airflow/example_dags/example_bash_operator.py
[2024-11-29T02:08:55.496+0000] {processor.py:766} INFO - DAG(s) dict_keys(['example_bash_operator']) retrieved from /home/airflow/.local/lib/python3.7/site-packages/airflow/example_dags/example_bash_operator.py
[2024-11-29T02:08:55.670+0000] {logging_mixin.py:120} INFO - [2024-11-29T02:08:55.669+0000] {dag.py:2585} INFO - Sync 1 DAGs
[2024-11-29T02:08:55.739+0000] {logging_mixin.py:120} INFO - [2024-11-29T02:08:55.739+0000] {dag.py:3340} INFO - Setting next_dagrun for example_bash_operator to 2024-11-28T00:00:00+00:00, run_after=2024-11-29T00:00:00+00:00
[2024-11-29T02:08:55.786+0000] {processor.py:176} INFO - Processing /home/airflow/.local/lib/python3.7/site-packages/airflow/example_dags/example_bash_operator.py took 0.348 seconds
[2024-11-29T02:09:41.838+0000] {processor.py:154} INFO - Started process (PID=80) to work on /home/airflow/.local/lib/python3.7/site-packages/airflow/example_dags/example_bash_operator.py
[2024-11-29T02:09:41.840+0000] {processor.py:756} INFO - Processing file /home/airflow/.local/lib/python3.7/site-packages/airflow/example_dags/example_bash_operator.py for tasks to queue
[2024-11-29T02:09:41.847+0000] {logging_mixin.py:120} INFO - [2024-11-29T02:09:41.847+0000] {dagbag.py:537} INFO - Filling up the DagBag from /home/airflow/.local/lib/python3.7/site-packages/airflow/example_dags/example_bash_operator.py
[2024-11-29T02:09:41.912+0000] {processor.py:766} INFO - DAG(s) dict_keys(['example_bash_operator']) retrieved from /home/airflow/.local/lib/python3.7/site-packages/airflow/example_dags/example_bash_operator.py
[2024-11-29T02:09:42.018+0000] {logging_mixin.py:120} INFO - [2024-11-29T02:09:42.018+0000] {dag.py:2585} INFO - Sync 1 DAGs
[2024-11-29T02:09:42.094+0000] {logging_mixin.py:120} INFO - [2024-11-29T02:09:42.093+0000] {dag.py:3340} INFO - Setting next_dagrun for example_bash_operator to 2024-11-28T00:00:00+00:00, run_after=2024-11-29T00:00:00+00:00
[2024-11-29T02:09:42.138+0000] {processor.py:176} INFO - Processing /home/airflow/.local/lib/python3.7/site-packages/airflow/example_dags/example_bash_operator.py took 0.322 seconds
[2024-11-29T02:10:12.493+0000] {processor.py:154} INFO - Started process (PID=135) to work on /home/airflow/.local/lib/python3.7/site-packages/airflow/example_dags/example_bash_operator.py
[2024-11-29T02:10:12.494+0000] {processor.py:756} INFO - Processing file /home/airflow/.local/lib/python3.7/site-packages/airflow/example_dags/example_bash_operator.py for tasks to queue
[2024-11-29T02:10:12.496+0000] {logging_mixin.py:120} INFO - [2024-11-29T02:10:12.495+0000] {dagbag.py:537} INFO - Filling up the DagBag from /home/airflow/.local/lib/python3.7/site-packages/airflow/example_dags/example_bash_operator.py
[2024-11-29T02:10:12.528+0000] {processor.py:766} INFO - DAG(s) dict_keys(['example_bash_operator']) retrieved from /home/airflow/.local/lib/python3.7/site-packages/airflow/example_dags/example_bash_operator.py
[2024-11-29T02:10:12.612+0000] {logging_mixin.py:120} INFO - [2024-11-29T02:10:12.612+0000] {dag.py:2585} INFO - Sync 1 DAGs
[2024-11-29T02:10:12.657+0000] {logging_mixin.py:120} INFO - [2024-11-29T02:10:12.657+0000] {dag.py:3340} INFO - Setting next_dagrun for example_bash_operator to 2024-11-28T00:00:00+00:00, run_after=2024-11-29T00:00:00+00:00
[2024-11-29T02:10:12.692+0000] {processor.py:176} INFO - Processing /home/airflow/.local/lib/python3.7/site-packages/airflow/example_dags/example_bash_operator.py took 0.204 seconds
[2024-11-29T02:10:43.506+0000] {processor.py:154} INFO - Started process (PID=200) to work on /home/airflow/.local/lib/python3.7/site-packages/airflow/example_dags/example_bash_operator.py
[2024-11-29T02:10:43.508+0000] {processor.py:756} INFO - Processing file /home/airflow/.local/lib/python3.7/site-packages/airflow/example_dags/example_bash_operator.py for tasks to queue
[2024-11-29T02:10:43.509+0000] {logging_mixin.py:120} INFO - [2024-11-29T02:10:43.509+0000] {dagbag.py:537} INFO - Filling up the DagBag from /home/airflow/.local/lib/python3.7/site-packages/airflow/example_dags/example_bash_operator.py
[2024-11-29T02:10:43.541+0000] {processor.py:766} INFO - DAG(s) dict_keys(['example_bash_operator']) retrieved from /home/airflow/.local/lib/python3.7/site-packages/airflow/example_dags/example_bash_operator.py
[2024-11-29T02:10:43.605+0000] {logging_mixin.py:120} INFO - [2024-11-29T02:10:43.605+0000] {dag.py:2585} INFO - Sync 1 DAGs
[2024-11-29T02:10:43.640+0000] {logging_mixin.py:120} INFO - [2024-11-29T02:10:43.640+0000] {dag.py:3340} INFO - Setting next_dagrun for example_bash_operator to 2024-11-28T00:00:00+00:00, run_after=2024-11-29T00:00:00+00:00
[2024-11-29T02:10:43.684+0000] {processor.py:176} INFO - Processing /home/airflow/.local/lib/python3.7/site-packages/airflow/example_dags/example_bash_operator.py took 0.183 seconds
[2024-11-29T02:11:14.036+0000] {processor.py:154} INFO - Started process (PID=264) to work on /home/airflow/.local/lib/python3.7/site-packages/airflow/example_dags/example_bash_operator.py
[2024-11-29T02:11:14.038+0000] {processor.py:756} INFO - Processing file /home/airflow/.local/lib/python3.7/site-packages/airflow/example_dags/example_bash_operator.py for tasks to queue
[2024-11-29T02:11:14.039+0000] {logging_mixin.py:120} INFO - [2024-11-29T02:11:14.039+0000] {dagbag.py:537} INFO - Filling up the DagBag from /home/airflow/.local/lib/python3.7/site-packages/airflow/example_dags/example_bash_operator.py
[2024-11-29T02:11:14.064+0000] {processor.py:766} INFO - DAG(s) dict_keys(['example_bash_operator']) retrieved from /home/airflow/.local/lib/python3.7/site-packages/airflow/example_dags/example_bash_operator.py
[2024-11-29T02:11:14.118+0000] {logging_mixin.py:120} INFO - [2024-11-29T02:11:14.118+0000] {dag.py:2585} INFO - Sync 1 DAGs
[2024-11-29T02:11:14.161+0000] {logging_mixin.py:120} INFO - [2024-11-29T02:11:14.161+0000] {dag.py:3340} INFO - Setting next_dagrun for example_bash_operator to 2024-11-28T00:00:00+00:00, run_after=2024-11-29T00:00:00+00:00
[2024-11-29T02:11:14.190+0000] {processor.py:176} INFO - Processing /home/airflow/.local/lib/python3.7/site-packages/airflow/example_dags/example_bash_operator.py took 0.158 seconds
[2024-11-29T02:11:44.654+0000] {processor.py:154} INFO - Started process (PID=319) to work on /home/airflow/.local/lib/python3.7/site-packages/airflow/example_dags/example_bash_operator.py
[2024-11-29T02:11:44.655+0000] {processor.py:756} INFO - Processing file /home/airflow/.local/lib/python3.7/site-packages/airflow/example_dags/example_bash_operator.py for tasks to queue
[2024-11-29T02:11:44.657+0000] {logging_mixin.py:120} INFO - [2024-11-29T02:11:44.656+0000] {dagbag.py:537} INFO - Filling up the DagBag from /home/airflow/.local/lib/python3.7/site-packages/airflow/example_dags/example_bash_operator.py
[2024-11-29T02:11:44.683+0000] {processor.py:766} INFO - DAG(s) dict_keys(['example_bash_operator']) retrieved from /home/airflow/.local/lib/python3.7/site-packages/airflow/example_dags/example_bash_operator.py
[2024-11-29T02:11:44.737+0000] {logging_mixin.py:120} INFO - [2024-11-29T02:11:44.737+0000] {dag.py:2585} INFO - Sync 1 DAGs
[2024-11-29T02:11:44.777+0000] {logging_mixin.py:120} INFO - [2024-11-29T02:11:44.777+0000] {dag.py:3340} INFO - Setting next_dagrun for example_bash_operator to 2024-11-28T00:00:00+00:00, run_after=2024-11-29T00:00:00+00:00
[2024-11-29T02:11:44.803+0000] {processor.py:176} INFO - Processing /home/airflow/.local/lib/python3.7/site-packages/airflow/example_dags/example_bash_operator.py took 0.153 seconds
[2024-11-29T02:12:15.170+0000] {processor.py:154} INFO - Started process (PID=383) to work on /home/airflow/.local/lib/python3.7/site-packages/airflow/example_dags/example_bash_operator.py
[2024-11-29T02:12:15.171+0000] {processor.py:756} INFO - Processing file /home/airflow/.local/lib/python3.7/site-packages/airflow/example_dags/example_bash_operator.py for tasks to queue
[2024-11-29T02:12:15.172+0000] {logging_mixin.py:120} INFO - [2024-11-29T02:12:15.172+0000] {dagbag.py:537} INFO - Filling up the DagBag from /home/airflow/.local/lib/python3.7/site-packages/airflow/example_dags/example_bash_operator.py
[2024-11-29T02:12:15.197+0000] {processor.py:766} INFO - DAG(s) dict_keys(['example_bash_operator']) retrieved from /home/airflow/.local/lib/python3.7/site-packages/airflow/example_dags/example_bash_operator.py
[2024-11-29T02:12:15.262+0000] {logging_mixin.py:120} INFO - [2024-11-29T02:12:15.262+0000] {dag.py:2585} INFO - Sync 1 DAGs
[2024-11-29T02:12:15.310+0000] {logging_mixin.py:120} INFO - [2024-11-29T02:12:15.309+0000] {dag.py:3340} INFO - Setting next_dagrun for example_bash_operator to 2024-11-28T00:00:00+00:00, run_after=2024-11-29T00:00:00+00:00
[2024-11-29T02:12:15.372+0000] {processor.py:176} INFO - Processing /home/airflow/.local/lib/python3.7/site-packages/airflow/example_dags/example_bash_operator.py took 0.206 seconds
[2024-11-29T02:12:45.729+0000] {processor.py:154} INFO - Started process (PID=445) to work on /home/airflow/.local/lib/python3.7/site-packages/airflow/example_dags/example_bash_operator.py
[2024-11-29T02:12:45.731+0000] {processor.py:756} INFO - Processing file /home/airflow/.local/lib/python3.7/site-packages/airflow/example_dags/example_bash_operator.py for tasks to queue
[2024-11-29T02:12:45.732+0000] {logging_mixin.py:120} INFO - [2024-11-29T02:12:45.732+0000] {dagbag.py:537} INFO - Filling up the DagBag from /home/airflow/.local/lib/python3.7/site-packages/airflow/example_dags/example_bash_operator.py
[2024-11-29T02:12:45.761+0000] {processor.py:766} INFO - DAG(s) dict_keys(['example_bash_operator']) retrieved from /home/airflow/.local/lib/python3.7/site-packages/airflow/example_dags/example_bash_operator.py
[2024-11-29T02:12:45.823+0000] {logging_mixin.py:120} INFO - [2024-11-29T02:12:45.823+0000] {dag.py:2585} INFO - Sync 1 DAGs
[2024-11-29T02:12:45.855+0000] {logging_mixin.py:120} INFO - [2024-11-29T02:12:45.855+0000] {dag.py:3340} INFO - Setting next_dagrun for example_bash_operator to 2024-11-28T00:00:00+00:00, run_after=2024-11-29T00:00:00+00:00
[2024-11-29T02:12:45.884+0000] {processor.py:176} INFO - Processing /home/airflow/.local/lib/python3.7/site-packages/airflow/example_dags/example_bash_operator.py took 0.160 seconds
[2024-11-29T02:13:16.156+0000] {processor.py:154} INFO - Started process (PID=502) to work on /home/airflow/.local/lib/python3.7/site-packages/airflow/example_dags/example_bash_operator.py
[2024-11-29T02:13:16.157+0000] {processor.py:756} INFO - Processing file /home/airflow/.local/lib/python3.7/site-packages/airflow/example_dags/example_bash_operator.py for tasks to queue
[2024-11-29T02:13:16.158+0000] {logging_mixin.py:120} INFO - [2024-11-29T02:13:16.158+0000] {dagbag.py:537} INFO - Filling up the DagBag from /home/airflow/.local/lib/python3.7/site-packages/airflow/example_dags/example_bash_operator.py
[2024-11-29T02:13:16.188+0000] {processor.py:766} INFO - DAG(s) dict_keys(['example_bash_operator']) retrieved from /home/airflow/.local/lib/python3.7/site-packages/airflow/example_dags/example_bash_operator.py
[2024-11-29T02:13:16.248+0000] {logging_mixin.py:120} INFO - [2024-11-29T02:13:16.247+0000] {dag.py:2585} INFO - Sync 1 DAGs
[2024-11-29T02:13:16.277+0000] {logging_mixin.py:120} INFO - [2024-11-29T02:13:16.277+0000] {dag.py:3340} INFO - Setting next_dagrun for example_bash_operator to 2024-11-28T00:00:00+00:00, run_after=2024-11-29T00:00:00+00:00
[2024-11-29T02:13:16.310+0000] {processor.py:176} INFO - Processing /home/airflow/.local/lib/python3.7/site-packages/airflow/example_dags/example_bash_operator.py took 0.158 seconds
[2024-11-29T02:13:47.246+0000] {processor.py:154} INFO - Started process (PID=566) to work on /home/airflow/.local/lib/python3.7/site-packages/airflow/example_dags/example_bash_operator.py
[2024-11-29T02:13:47.248+0000] {processor.py:756} INFO - Processing file /home/airflow/.local/lib/python3.7/site-packages/airflow/example_dags/example_bash_operator.py for tasks to queue
[2024-11-29T02:13:47.249+0000] {logging_mixin.py:120} INFO - [2024-11-29T02:13:47.249+0000] {dagbag.py:537} INFO - Filling up the DagBag from /home/airflow/.local/lib/python3.7/site-packages/airflow/example_dags/example_bash_operator.py
[2024-11-29T02:13:47.280+0000] {processor.py:766} INFO - DAG(s) dict_keys(['example_bash_operator']) retrieved from /home/airflow/.local/lib/python3.7/site-packages/airflow/example_dags/example_bash_operator.py
[2024-11-29T02:13:47.332+0000] {logging_mixin.py:120} INFO - [2024-11-29T02:13:47.331+0000] {dag.py:2585} INFO - Sync 1 DAGs
[2024-11-29T02:13:47.364+0000] {logging_mixin.py:120} INFO - [2024-11-29T02:13:47.363+0000] {dag.py:3340} INFO - Setting next_dagrun for example_bash_operator to 2024-11-28T00:00:00+00:00, run_after=2024-11-29T00:00:00+00:00
[2024-11-29T02:13:47.390+0000] {processor.py:176} INFO - Processing /home/airflow/.local/lib/python3.7/site-packages/airflow/example_dags/example_bash_operator.py took 0.148 seconds
[2024-11-29T02:14:17.975+0000] {processor.py:154} INFO - Started process (PID=630) to work on /home/airflow/.local/lib/python3.7/site-packages/airflow/example_dags/example_bash_operator.py
[2024-11-29T02:14:17.976+0000] {processor.py:756} INFO - Processing file /home/airflow/.local/lib/python3.7/site-packages/airflow/example_dags/example_bash_operator.py for tasks to queue
[2024-11-29T02:14:17.977+0000] {logging_mixin.py:120} INFO - [2024-11-29T02:14:17.977+0000] {dagbag.py:537} INFO - Filling up the DagBag from /home/airflow/.local/lib/python3.7/site-packages/airflow/example_dags/example_bash_operator.py
[2024-11-29T02:14:18.007+0000] {processor.py:766} INFO - DAG(s) dict_keys(['example_bash_operator']) retrieved from /home/airflow/.local/lib/python3.7/site-packages/airflow/example_dags/example_bash_operator.py
[2024-11-29T02:14:18.062+0000] {logging_mixin.py:120} INFO - [2024-11-29T02:14:18.062+0000] {dag.py:2585} INFO - Sync 1 DAGs
[2024-11-29T02:14:18.096+0000] {logging_mixin.py:120} INFO - [2024-11-29T02:14:18.095+0000] {dag.py:3340} INFO - Setting next_dagrun for example_bash_operator to 2024-11-28T00:00:00+00:00, run_after=2024-11-29T00:00:00+00:00
[2024-11-29T02:14:18.126+0000] {processor.py:176} INFO - Processing /home/airflow/.local/lib/python3.7/site-packages/airflow/example_dags/example_bash_operator.py took 0.156 seconds
[2024-11-29T02:14:48.518+0000] {processor.py:154} INFO - Started process (PID=688) to work on /home/airflow/.local/lib/python3.7/site-packages/airflow/example_dags/example_bash_operator.py
[2024-11-29T02:14:48.519+0000] {processor.py:756} INFO - Processing file /home/airflow/.local/lib/python3.7/site-packages/airflow/example_dags/example_bash_operator.py for tasks to queue
[2024-11-29T02:14:48.521+0000] {logging_mixin.py:120} INFO - [2024-11-29T02:14:48.520+0000] {dagbag.py:537} INFO - Filling up the DagBag from /home/airflow/.local/lib/python3.7/site-packages/airflow/example_dags/example_bash_operator.py
[2024-11-29T02:14:48.549+0000] {processor.py:766} INFO - DAG(s) dict_keys(['example_bash_operator']) retrieved from /home/airflow/.local/lib/python3.7/site-packages/airflow/example_dags/example_bash_operator.py
[2024-11-29T02:14:48.605+0000] {logging_mixin.py:120} INFO - [2024-11-29T02:14:48.604+0000] {dag.py:2585} INFO - Sync 1 DAGs
[2024-11-29T02:14:48.637+0000] {logging_mixin.py:120} INFO - [2024-11-29T02:14:48.637+0000] {dag.py:3340} INFO - Setting next_dagrun for example_bash_operator to 2024-11-28T00:00:00+00:00, run_after=2024-11-29T00:00:00+00:00
[2024-11-29T02:14:48.663+0000] {processor.py:176} INFO - Processing /home/airflow/.local/lib/python3.7/site-packages/airflow/example_dags/example_bash_operator.py took 0.148 seconds
[2024-11-29T02:15:19.259+0000] {processor.py:154} INFO - Started process (PID=752) to work on /home/airflow/.local/lib/python3.7/site-packages/airflow/example_dags/example_bash_operator.py
[2024-11-29T02:15:19.262+0000] {processor.py:756} INFO - Processing file /home/airflow/.local/lib/python3.7/site-packages/airflow/example_dags/example_bash_operator.py for tasks to queue
[2024-11-29T02:15:19.264+0000] {logging_mixin.py:120} INFO - [2024-11-29T02:15:19.263+0000] {dagbag.py:537} INFO - Filling up the DagBag from /home/airflow/.local/lib/python3.7/site-packages/airflow/example_dags/example_bash_operator.py
[2024-11-29T02:15:19.327+0000] {processor.py:766} INFO - DAG(s) dict_keys(['example_bash_operator']) retrieved from /home/airflow/.local/lib/python3.7/site-packages/airflow/example_dags/example_bash_operator.py
[2024-11-29T02:15:19.396+0000] {logging_mixin.py:120} INFO - [2024-11-29T02:15:19.396+0000] {dag.py:2585} INFO - Sync 1 DAGs
[2024-11-29T02:15:19.428+0000] {logging_mixin.py:120} INFO - [2024-11-29T02:15:19.428+0000] {dag.py:3340} INFO - Setting next_dagrun for example_bash_operator to 2024-11-28T00:00:00+00:00, run_after=2024-11-29T00:00:00+00:00
[2024-11-29T02:15:19.480+0000] {processor.py:176} INFO - Processing /home/airflow/.local/lib/python3.7/site-packages/airflow/example_dags/example_bash_operator.py took 0.230 seconds
