[2024-11-29T02:08:50.608+0000] {processor.py:154} INFO - Started process (PID=64) to work on /home/airflow/.local/lib/python3.7/site-packages/airflow/example_dags/example_datasets.py
[2024-11-29T02:08:50.610+0000] {processor.py:756} INFO - Processing file /home/airflow/.local/lib/python3.7/site-packages/airflow/example_dags/example_datasets.py for tasks to queue
[2024-11-29T02:08:50.613+0000] {logging_mixin.py:120} INFO - [2024-11-29T02:08:50.611+0000] {dagbag.py:537} INFO - Filling up the DagBag from /home/airflow/.local/lib/python3.7/site-packages/airflow/example_dags/example_datasets.py
[2024-11-29T02:08:50.679+0000] {processor.py:766} INFO - DAG(s) dict_keys(['dataset_consumes_unknown_never_scheduled', 'dataset_consumes_1', 'dataset_produces_2', 'dataset_produces_1', 'dataset_consumes_1_never_scheduled', 'dataset_consumes_1_and_2']) retrieved from /home/airflow/.local/lib/python3.7/site-packages/airflow/example_dags/example_datasets.py
[2024-11-29T02:08:51.071+0000] {logging_mixin.py:120} INFO - [2024-11-29T02:08:51.071+0000] {dag.py:2585} INFO - Sync 6 DAGs
[2024-11-29T02:08:51.145+0000] {logging_mixin.py:120} INFO - [2024-11-29T02:08:51.144+0000] {dag.py:3340} INFO - Setting next_dagrun for dataset_consumes_1 to None, run_after=None
[2024-11-29T02:08:51.163+0000] {logging_mixin.py:120} INFO - [2024-11-29T02:08:51.163+0000] {dag.py:3340} INFO - Setting next_dagrun for dataset_consumes_1_and_2 to None, run_after=None
[2024-11-29T02:08:51.175+0000] {logging_mixin.py:120} INFO - [2024-11-29T02:08:51.172+0000] {dag.py:3340} INFO - Setting next_dagrun for dataset_consumes_1_never_scheduled to None, run_after=None
[2024-11-29T02:08:51.189+0000] {logging_mixin.py:120} INFO - [2024-11-29T02:08:51.189+0000] {dag.py:3340} INFO - Setting next_dagrun for dataset_consumes_unknown_never_scheduled to None, run_after=None
[2024-11-29T02:08:51.195+0000] {logging_mixin.py:120} INFO - [2024-11-29T02:08:51.194+0000] {dag.py:3340} INFO - Setting next_dagrun for dataset_produces_1 to 2024-11-28T00:00:00+00:00, run_after=2024-11-29T00:00:00+00:00
[2024-11-29T02:08:51.209+0000] {logging_mixin.py:120} INFO - [2024-11-29T02:08:51.208+0000] {dag.py:3340} INFO - Setting next_dagrun for dataset_produces_2 to None, run_after=None
[2024-11-29T02:08:51.365+0000] {processor.py:176} INFO - Processing /home/airflow/.local/lib/python3.7/site-packages/airflow/example_dags/example_datasets.py took 0.763 seconds
[2024-11-29T02:09:39.347+0000] {processor.py:154} INFO - Started process (PID=65) to work on /home/airflow/.local/lib/python3.7/site-packages/airflow/example_dags/example_datasets.py
[2024-11-29T02:09:39.349+0000] {processor.py:756} INFO - Processing file /home/airflow/.local/lib/python3.7/site-packages/airflow/example_dags/example_datasets.py for tasks to queue
[2024-11-29T02:09:39.350+0000] {logging_mixin.py:120} INFO - [2024-11-29T02:09:39.350+0000] {dagbag.py:537} INFO - Filling up the DagBag from /home/airflow/.local/lib/python3.7/site-packages/airflow/example_dags/example_datasets.py
[2024-11-29T02:09:39.377+0000] {processor.py:766} INFO - DAG(s) dict_keys(['dataset_consumes_1', 'dataset_consumes_unknown_never_scheduled', 'dataset_produces_1', 'dataset_consumes_1_never_scheduled', 'dataset_consumes_1_and_2', 'dataset_produces_2']) retrieved from /home/airflow/.local/lib/python3.7/site-packages/airflow/example_dags/example_datasets.py
[2024-11-29T02:09:39.539+0000] {logging_mixin.py:120} INFO - [2024-11-29T02:09:39.539+0000] {dag.py:2585} INFO - Sync 6 DAGs
[2024-11-29T02:09:39.577+0000] {logging_mixin.py:120} INFO - [2024-11-29T02:09:39.576+0000] {dag.py:3340} INFO - Setting next_dagrun for dataset_consumes_1 to None, run_after=None
[2024-11-29T02:09:39.582+0000] {logging_mixin.py:120} INFO - [2024-11-29T02:09:39.582+0000] {dag.py:3340} INFO - Setting next_dagrun for dataset_consumes_1_and_2 to None, run_after=None
[2024-11-29T02:09:39.585+0000] {logging_mixin.py:120} INFO - [2024-11-29T02:09:39.585+0000] {dag.py:3340} INFO - Setting next_dagrun for dataset_consumes_1_never_scheduled to None, run_after=None
[2024-11-29T02:09:39.588+0000] {logging_mixin.py:120} INFO - [2024-11-29T02:09:39.587+0000] {dag.py:3340} INFO - Setting next_dagrun for dataset_consumes_unknown_never_scheduled to None, run_after=None
[2024-11-29T02:09:39.592+0000] {logging_mixin.py:120} INFO - [2024-11-29T02:09:39.592+0000] {dag.py:3340} INFO - Setting next_dagrun for dataset_produces_1 to 2024-11-28T00:00:00+00:00, run_after=2024-11-29T00:00:00+00:00
[2024-11-29T02:09:39.595+0000] {logging_mixin.py:120} INFO - [2024-11-29T02:09:39.595+0000] {dag.py:3340} INFO - Setting next_dagrun for dataset_produces_2 to None, run_after=None
[2024-11-29T02:09:39.646+0000] {processor.py:176} INFO - Processing /home/airflow/.local/lib/python3.7/site-packages/airflow/example_dags/example_datasets.py took 0.304 seconds
[2024-11-29T02:10:10.481+0000] {processor.py:154} INFO - Started process (PID=120) to work on /home/airflow/.local/lib/python3.7/site-packages/airflow/example_dags/example_datasets.py
[2024-11-29T02:10:10.483+0000] {processor.py:756} INFO - Processing file /home/airflow/.local/lib/python3.7/site-packages/airflow/example_dags/example_datasets.py for tasks to queue
[2024-11-29T02:10:10.484+0000] {logging_mixin.py:120} INFO - [2024-11-29T02:10:10.484+0000] {dagbag.py:537} INFO - Filling up the DagBag from /home/airflow/.local/lib/python3.7/site-packages/airflow/example_dags/example_datasets.py
[2024-11-29T02:10:10.515+0000] {processor.py:766} INFO - DAG(s) dict_keys(['dataset_consumes_1', 'dataset_consumes_1_never_scheduled', 'dataset_produces_2', 'dataset_consumes_unknown_never_scheduled', 'dataset_produces_1', 'dataset_consumes_1_and_2']) retrieved from /home/airflow/.local/lib/python3.7/site-packages/airflow/example_dags/example_datasets.py
[2024-11-29T02:10:10.601+0000] {logging_mixin.py:120} INFO - [2024-11-29T02:10:10.601+0000] {dag.py:2585} INFO - Sync 6 DAGs
[2024-11-29T02:10:10.641+0000] {logging_mixin.py:120} INFO - [2024-11-29T02:10:10.641+0000] {dag.py:3340} INFO - Setting next_dagrun for dataset_consumes_1 to None, run_after=None
[2024-11-29T02:10:10.646+0000] {logging_mixin.py:120} INFO - [2024-11-29T02:10:10.646+0000] {dag.py:3340} INFO - Setting next_dagrun for dataset_consumes_1_and_2 to None, run_after=None
[2024-11-29T02:10:10.648+0000] {logging_mixin.py:120} INFO - [2024-11-29T02:10:10.648+0000] {dag.py:3340} INFO - Setting next_dagrun for dataset_consumes_1_never_scheduled to None, run_after=None
[2024-11-29T02:10:10.650+0000] {logging_mixin.py:120} INFO - [2024-11-29T02:10:10.650+0000] {dag.py:3340} INFO - Setting next_dagrun for dataset_consumes_unknown_never_scheduled to None, run_after=None
[2024-11-29T02:10:10.656+0000] {logging_mixin.py:120} INFO - [2024-11-29T02:10:10.656+0000] {dag.py:3340} INFO - Setting next_dagrun for dataset_produces_1 to 2024-11-28T00:00:00+00:00, run_after=2024-11-29T00:00:00+00:00
[2024-11-29T02:10:10.659+0000] {logging_mixin.py:120} INFO - [2024-11-29T02:10:10.658+0000] {dag.py:3340} INFO - Setting next_dagrun for dataset_produces_2 to None, run_after=None
[2024-11-29T02:10:10.698+0000] {processor.py:176} INFO - Processing /home/airflow/.local/lib/python3.7/site-packages/airflow/example_dags/example_datasets.py took 0.221 seconds
[2024-11-29T02:10:41.326+0000] {processor.py:154} INFO - Started process (PID=185) to work on /home/airflow/.local/lib/python3.7/site-packages/airflow/example_dags/example_datasets.py
[2024-11-29T02:10:41.328+0000] {processor.py:756} INFO - Processing file /home/airflow/.local/lib/python3.7/site-packages/airflow/example_dags/example_datasets.py for tasks to queue
[2024-11-29T02:10:41.329+0000] {logging_mixin.py:120} INFO - [2024-11-29T02:10:41.329+0000] {dagbag.py:537} INFO - Filling up the DagBag from /home/airflow/.local/lib/python3.7/site-packages/airflow/example_dags/example_datasets.py
[2024-11-29T02:10:41.359+0000] {processor.py:766} INFO - DAG(s) dict_keys(['dataset_consumes_1_and_2', 'dataset_consumes_1', 'dataset_produces_1', 'dataset_consumes_1_never_scheduled', 'dataset_consumes_unknown_never_scheduled', 'dataset_produces_2']) retrieved from /home/airflow/.local/lib/python3.7/site-packages/airflow/example_dags/example_datasets.py
[2024-11-29T02:10:41.439+0000] {logging_mixin.py:120} INFO - [2024-11-29T02:10:41.439+0000] {dag.py:2585} INFO - Sync 6 DAGs
[2024-11-29T02:10:41.479+0000] {logging_mixin.py:120} INFO - [2024-11-29T02:10:41.479+0000] {dag.py:3340} INFO - Setting next_dagrun for dataset_consumes_1 to None, run_after=None
[2024-11-29T02:10:41.488+0000] {logging_mixin.py:120} INFO - [2024-11-29T02:10:41.487+0000] {dag.py:3340} INFO - Setting next_dagrun for dataset_consumes_1_and_2 to None, run_after=None
[2024-11-29T02:10:41.491+0000] {logging_mixin.py:120} INFO - [2024-11-29T02:10:41.491+0000] {dag.py:3340} INFO - Setting next_dagrun for dataset_consumes_1_never_scheduled to None, run_after=None
[2024-11-29T02:10:41.494+0000] {logging_mixin.py:120} INFO - [2024-11-29T02:10:41.494+0000] {dag.py:3340} INFO - Setting next_dagrun for dataset_consumes_unknown_never_scheduled to None, run_after=None
[2024-11-29T02:10:41.502+0000] {logging_mixin.py:120} INFO - [2024-11-29T02:10:41.502+0000] {dag.py:3340} INFO - Setting next_dagrun for dataset_produces_1 to 2024-11-28T00:00:00+00:00, run_after=2024-11-29T00:00:00+00:00
[2024-11-29T02:10:41.507+0000] {logging_mixin.py:120} INFO - [2024-11-29T02:10:41.506+0000] {dag.py:3340} INFO - Setting next_dagrun for dataset_produces_2 to None, run_after=None
[2024-11-29T02:10:41.575+0000] {processor.py:176} INFO - Processing /home/airflow/.local/lib/python3.7/site-packages/airflow/example_dags/example_datasets.py took 0.252 seconds
[2024-11-29T02:11:12.136+0000] {processor.py:154} INFO - Started process (PID=249) to work on /home/airflow/.local/lib/python3.7/site-packages/airflow/example_dags/example_datasets.py
[2024-11-29T02:11:12.138+0000] {processor.py:756} INFO - Processing file /home/airflow/.local/lib/python3.7/site-packages/airflow/example_dags/example_datasets.py for tasks to queue
[2024-11-29T02:11:12.139+0000] {logging_mixin.py:120} INFO - [2024-11-29T02:11:12.139+0000] {dagbag.py:537} INFO - Filling up the DagBag from /home/airflow/.local/lib/python3.7/site-packages/airflow/example_dags/example_datasets.py
[2024-11-29T02:11:12.161+0000] {processor.py:766} INFO - DAG(s) dict_keys(['dataset_produces_1', 'dataset_consumes_1', 'dataset_consumes_unknown_never_scheduled', 'dataset_produces_2', 'dataset_consumes_1_never_scheduled', 'dataset_consumes_1_and_2']) retrieved from /home/airflow/.local/lib/python3.7/site-packages/airflow/example_dags/example_datasets.py
[2024-11-29T02:11:12.246+0000] {logging_mixin.py:120} INFO - [2024-11-29T02:11:12.246+0000] {dag.py:2585} INFO - Sync 6 DAGs
[2024-11-29T02:11:12.282+0000] {logging_mixin.py:120} INFO - [2024-11-29T02:11:12.282+0000] {dag.py:3340} INFO - Setting next_dagrun for dataset_consumes_1 to None, run_after=None
[2024-11-29T02:11:12.288+0000] {logging_mixin.py:120} INFO - [2024-11-29T02:11:12.288+0000] {dag.py:3340} INFO - Setting next_dagrun for dataset_consumes_1_and_2 to None, run_after=None
[2024-11-29T02:11:12.291+0000] {logging_mixin.py:120} INFO - [2024-11-29T02:11:12.291+0000] {dag.py:3340} INFO - Setting next_dagrun for dataset_consumes_1_never_scheduled to None, run_after=None
[2024-11-29T02:11:12.294+0000] {logging_mixin.py:120} INFO - [2024-11-29T02:11:12.294+0000] {dag.py:3340} INFO - Setting next_dagrun for dataset_consumes_unknown_never_scheduled to None, run_after=None
[2024-11-29T02:11:12.299+0000] {logging_mixin.py:120} INFO - [2024-11-29T02:11:12.299+0000] {dag.py:3340} INFO - Setting next_dagrun for dataset_produces_1 to 2024-11-28T00:00:00+00:00, run_after=2024-11-29T00:00:00+00:00
[2024-11-29T02:11:12.302+0000] {logging_mixin.py:120} INFO - [2024-11-29T02:11:12.302+0000] {dag.py:3340} INFO - Setting next_dagrun for dataset_produces_2 to None, run_after=None
[2024-11-29T02:11:12.352+0000] {processor.py:176} INFO - Processing /home/airflow/.local/lib/python3.7/site-packages/airflow/example_dags/example_datasets.py took 0.220 seconds
[2024-11-29T02:11:42.897+0000] {processor.py:154} INFO - Started process (PID=304) to work on /home/airflow/.local/lib/python3.7/site-packages/airflow/example_dags/example_datasets.py
[2024-11-29T02:11:42.899+0000] {processor.py:756} INFO - Processing file /home/airflow/.local/lib/python3.7/site-packages/airflow/example_dags/example_datasets.py for tasks to queue
[2024-11-29T02:11:42.900+0000] {logging_mixin.py:120} INFO - [2024-11-29T02:11:42.900+0000] {dagbag.py:537} INFO - Filling up the DagBag from /home/airflow/.local/lib/python3.7/site-packages/airflow/example_dags/example_datasets.py
[2024-11-29T02:11:42.918+0000] {processor.py:766} INFO - DAG(s) dict_keys(['dataset_produces_2', 'dataset_produces_1', 'dataset_consumes_1_never_scheduled', 'dataset_consumes_1', 'dataset_consumes_unknown_never_scheduled', 'dataset_consumes_1_and_2']) retrieved from /home/airflow/.local/lib/python3.7/site-packages/airflow/example_dags/example_datasets.py
[2024-11-29T02:11:42.990+0000] {logging_mixin.py:120} INFO - [2024-11-29T02:11:42.989+0000] {dag.py:2585} INFO - Sync 6 DAGs
[2024-11-29T02:11:43.023+0000] {logging_mixin.py:120} INFO - [2024-11-29T02:11:43.023+0000] {dag.py:3340} INFO - Setting next_dagrun for dataset_consumes_1 to None, run_after=None
[2024-11-29T02:11:43.028+0000] {logging_mixin.py:120} INFO - [2024-11-29T02:11:43.028+0000] {dag.py:3340} INFO - Setting next_dagrun for dataset_consumes_1_and_2 to None, run_after=None
[2024-11-29T02:11:43.030+0000] {logging_mixin.py:120} INFO - [2024-11-29T02:11:43.030+0000] {dag.py:3340} INFO - Setting next_dagrun for dataset_consumes_1_never_scheduled to None, run_after=None
[2024-11-29T02:11:43.032+0000] {logging_mixin.py:120} INFO - [2024-11-29T02:11:43.032+0000] {dag.py:3340} INFO - Setting next_dagrun for dataset_consumes_unknown_never_scheduled to None, run_after=None
[2024-11-29T02:11:43.036+0000] {logging_mixin.py:120} INFO - [2024-11-29T02:11:43.036+0000] {dag.py:3340} INFO - Setting next_dagrun for dataset_produces_1 to 2024-11-28T00:00:00+00:00, run_after=2024-11-29T00:00:00+00:00
[2024-11-29T02:11:43.038+0000] {logging_mixin.py:120} INFO - [2024-11-29T02:11:43.038+0000] {dag.py:3340} INFO - Setting next_dagrun for dataset_produces_2 to None, run_after=None
[2024-11-29T02:11:43.079+0000] {processor.py:176} INFO - Processing /home/airflow/.local/lib/python3.7/site-packages/airflow/example_dags/example_datasets.py took 0.185 seconds
[2024-11-29T02:12:13.203+0000] {processor.py:154} INFO - Started process (PID=368) to work on /home/airflow/.local/lib/python3.7/site-packages/airflow/example_dags/example_datasets.py
[2024-11-29T02:12:13.205+0000] {processor.py:756} INFO - Processing file /home/airflow/.local/lib/python3.7/site-packages/airflow/example_dags/example_datasets.py for tasks to queue
[2024-11-29T02:12:13.206+0000] {logging_mixin.py:120} INFO - [2024-11-29T02:12:13.206+0000] {dagbag.py:537} INFO - Filling up the DagBag from /home/airflow/.local/lib/python3.7/site-packages/airflow/example_dags/example_datasets.py
[2024-11-29T02:12:13.230+0000] {processor.py:766} INFO - DAG(s) dict_keys(['dataset_consumes_unknown_never_scheduled', 'dataset_consumes_1', 'dataset_consumes_1_and_2', 'dataset_produces_1', 'dataset_consumes_1_never_scheduled', 'dataset_produces_2']) retrieved from /home/airflow/.local/lib/python3.7/site-packages/airflow/example_dags/example_datasets.py
[2024-11-29T02:12:13.320+0000] {logging_mixin.py:120} INFO - [2024-11-29T02:12:13.319+0000] {dag.py:2585} INFO - Sync 6 DAGs
[2024-11-29T02:12:13.374+0000] {logging_mixin.py:120} INFO - [2024-11-29T02:12:13.373+0000] {dag.py:3340} INFO - Setting next_dagrun for dataset_consumes_1 to None, run_after=None
[2024-11-29T02:12:13.379+0000] {logging_mixin.py:120} INFO - [2024-11-29T02:12:13.379+0000] {dag.py:3340} INFO - Setting next_dagrun for dataset_consumes_1_and_2 to None, run_after=None
[2024-11-29T02:12:13.382+0000] {logging_mixin.py:120} INFO - [2024-11-29T02:12:13.382+0000] {dag.py:3340} INFO - Setting next_dagrun for dataset_consumes_1_never_scheduled to None, run_after=None
[2024-11-29T02:12:13.385+0000] {logging_mixin.py:120} INFO - [2024-11-29T02:12:13.384+0000] {dag.py:3340} INFO - Setting next_dagrun for dataset_consumes_unknown_never_scheduled to None, run_after=None
[2024-11-29T02:12:13.389+0000] {logging_mixin.py:120} INFO - [2024-11-29T02:12:13.389+0000] {dag.py:3340} INFO - Setting next_dagrun for dataset_produces_1 to 2024-11-28T00:00:00+00:00, run_after=2024-11-29T00:00:00+00:00
[2024-11-29T02:12:13.392+0000] {logging_mixin.py:120} INFO - [2024-11-29T02:12:13.392+0000] {dag.py:3340} INFO - Setting next_dagrun for dataset_produces_2 to None, run_after=None
[2024-11-29T02:12:13.432+0000] {processor.py:176} INFO - Processing /home/airflow/.local/lib/python3.7/site-packages/airflow/example_dags/example_datasets.py took 0.233 seconds
[2024-11-29T02:12:43.608+0000] {processor.py:154} INFO - Started process (PID=423) to work on /home/airflow/.local/lib/python3.7/site-packages/airflow/example_dags/example_datasets.py
[2024-11-29T02:12:43.609+0000] {processor.py:756} INFO - Processing file /home/airflow/.local/lib/python3.7/site-packages/airflow/example_dags/example_datasets.py for tasks to queue
[2024-11-29T02:12:43.610+0000] {logging_mixin.py:120} INFO - [2024-11-29T02:12:43.610+0000] {dagbag.py:537} INFO - Filling up the DagBag from /home/airflow/.local/lib/python3.7/site-packages/airflow/example_dags/example_datasets.py
[2024-11-29T02:12:43.627+0000] {processor.py:766} INFO - DAG(s) dict_keys(['dataset_produces_2', 'dataset_consumes_unknown_never_scheduled', 'dataset_consumes_1_never_scheduled', 'dataset_consumes_1', 'dataset_consumes_1_and_2', 'dataset_produces_1']) retrieved from /home/airflow/.local/lib/python3.7/site-packages/airflow/example_dags/example_datasets.py
[2024-11-29T02:12:43.697+0000] {logging_mixin.py:120} INFO - [2024-11-29T02:12:43.696+0000] {dag.py:2585} INFO - Sync 6 DAGs
[2024-11-29T02:12:43.728+0000] {logging_mixin.py:120} INFO - [2024-11-29T02:12:43.727+0000] {dag.py:3340} INFO - Setting next_dagrun for dataset_consumes_1 to None, run_after=None
[2024-11-29T02:12:43.732+0000] {logging_mixin.py:120} INFO - [2024-11-29T02:12:43.732+0000] {dag.py:3340} INFO - Setting next_dagrun for dataset_consumes_1_and_2 to None, run_after=None
[2024-11-29T02:12:43.734+0000] {logging_mixin.py:120} INFO - [2024-11-29T02:12:43.734+0000] {dag.py:3340} INFO - Setting next_dagrun for dataset_consumes_1_never_scheduled to None, run_after=None
[2024-11-29T02:12:43.736+0000] {logging_mixin.py:120} INFO - [2024-11-29T02:12:43.736+0000] {dag.py:3340} INFO - Setting next_dagrun for dataset_consumes_unknown_never_scheduled to None, run_after=None
[2024-11-29T02:12:43.740+0000] {logging_mixin.py:120} INFO - [2024-11-29T02:12:43.740+0000] {dag.py:3340} INFO - Setting next_dagrun for dataset_produces_1 to 2024-11-28T00:00:00+00:00, run_after=2024-11-29T00:00:00+00:00
[2024-11-29T02:12:43.743+0000] {logging_mixin.py:120} INFO - [2024-11-29T02:12:43.743+0000] {dag.py:3340} INFO - Setting next_dagrun for dataset_produces_2 to None, run_after=None
[2024-11-29T02:12:43.783+0000] {processor.py:176} INFO - Processing /home/airflow/.local/lib/python3.7/site-packages/airflow/example_dags/example_datasets.py took 0.179 seconds
[2024-11-29T02:13:14.159+0000] {processor.py:154} INFO - Started process (PID=487) to work on /home/airflow/.local/lib/python3.7/site-packages/airflow/example_dags/example_datasets.py
[2024-11-29T02:13:14.160+0000] {processor.py:756} INFO - Processing file /home/airflow/.local/lib/python3.7/site-packages/airflow/example_dags/example_datasets.py for tasks to queue
[2024-11-29T02:13:14.161+0000] {logging_mixin.py:120} INFO - [2024-11-29T02:13:14.161+0000] {dagbag.py:537} INFO - Filling up the DagBag from /home/airflow/.local/lib/python3.7/site-packages/airflow/example_dags/example_datasets.py
[2024-11-29T02:13:14.183+0000] {processor.py:766} INFO - DAG(s) dict_keys(['dataset_produces_1', 'dataset_consumes_1_and_2', 'dataset_produces_2', 'dataset_consumes_1_never_scheduled', 'dataset_consumes_1', 'dataset_consumes_unknown_never_scheduled']) retrieved from /home/airflow/.local/lib/python3.7/site-packages/airflow/example_dags/example_datasets.py
[2024-11-29T02:13:14.264+0000] {logging_mixin.py:120} INFO - [2024-11-29T02:13:14.264+0000] {dag.py:2585} INFO - Sync 6 DAGs
[2024-11-29T02:13:14.299+0000] {logging_mixin.py:120} INFO - [2024-11-29T02:13:14.299+0000] {dag.py:3340} INFO - Setting next_dagrun for dataset_consumes_1 to None, run_after=None
[2024-11-29T02:13:14.304+0000] {logging_mixin.py:120} INFO - [2024-11-29T02:13:14.304+0000] {dag.py:3340} INFO - Setting next_dagrun for dataset_consumes_1_and_2 to None, run_after=None
[2024-11-29T02:13:14.306+0000] {logging_mixin.py:120} INFO - [2024-11-29T02:13:14.306+0000] {dag.py:3340} INFO - Setting next_dagrun for dataset_consumes_1_never_scheduled to None, run_after=None
[2024-11-29T02:13:14.308+0000] {logging_mixin.py:120} INFO - [2024-11-29T02:13:14.308+0000] {dag.py:3340} INFO - Setting next_dagrun for dataset_consumes_unknown_never_scheduled to None, run_after=None
[2024-11-29T02:13:14.312+0000] {logging_mixin.py:120} INFO - [2024-11-29T02:13:14.312+0000] {dag.py:3340} INFO - Setting next_dagrun for dataset_produces_1 to 2024-11-28T00:00:00+00:00, run_after=2024-11-29T00:00:00+00:00
[2024-11-29T02:13:14.315+0000] {logging_mixin.py:120} INFO - [2024-11-29T02:13:14.314+0000] {dag.py:3340} INFO - Setting next_dagrun for dataset_produces_2 to None, run_after=None
[2024-11-29T02:13:14.351+0000] {processor.py:176} INFO - Processing /home/airflow/.local/lib/python3.7/site-packages/airflow/example_dags/example_datasets.py took 0.196 seconds
[2024-11-29T02:13:44.616+0000] {processor.py:154} INFO - Started process (PID=551) to work on /home/airflow/.local/lib/python3.7/site-packages/airflow/example_dags/example_datasets.py
[2024-11-29T02:13:44.617+0000] {processor.py:756} INFO - Processing file /home/airflow/.local/lib/python3.7/site-packages/airflow/example_dags/example_datasets.py for tasks to queue
[2024-11-29T02:13:44.618+0000] {logging_mixin.py:120} INFO - [2024-11-29T02:13:44.618+0000] {dagbag.py:537} INFO - Filling up the DagBag from /home/airflow/.local/lib/python3.7/site-packages/airflow/example_dags/example_datasets.py
[2024-11-29T02:13:44.638+0000] {processor.py:766} INFO - DAG(s) dict_keys(['dataset_consumes_1_and_2', 'dataset_consumes_1_never_scheduled', 'dataset_produces_2', 'dataset_produces_1', 'dataset_consumes_unknown_never_scheduled', 'dataset_consumes_1']) retrieved from /home/airflow/.local/lib/python3.7/site-packages/airflow/example_dags/example_datasets.py
[2024-11-29T02:13:44.721+0000] {logging_mixin.py:120} INFO - [2024-11-29T02:13:44.720+0000] {dag.py:2585} INFO - Sync 6 DAGs
[2024-11-29T02:13:44.756+0000] {logging_mixin.py:120} INFO - [2024-11-29T02:13:44.755+0000] {dag.py:3340} INFO - Setting next_dagrun for dataset_consumes_1 to None, run_after=None
[2024-11-29T02:13:44.762+0000] {logging_mixin.py:120} INFO - [2024-11-29T02:13:44.762+0000] {dag.py:3340} INFO - Setting next_dagrun for dataset_consumes_1_and_2 to None, run_after=None
[2024-11-29T02:13:44.764+0000] {logging_mixin.py:120} INFO - [2024-11-29T02:13:44.764+0000] {dag.py:3340} INFO - Setting next_dagrun for dataset_consumes_1_never_scheduled to None, run_after=None
[2024-11-29T02:13:44.766+0000] {logging_mixin.py:120} INFO - [2024-11-29T02:13:44.766+0000] {dag.py:3340} INFO - Setting next_dagrun for dataset_consumes_unknown_never_scheduled to None, run_after=None
[2024-11-29T02:13:44.769+0000] {logging_mixin.py:120} INFO - [2024-11-29T02:13:44.769+0000] {dag.py:3340} INFO - Setting next_dagrun for dataset_produces_1 to 2024-11-28T00:00:00+00:00, run_after=2024-11-29T00:00:00+00:00
[2024-11-29T02:13:44.772+0000] {logging_mixin.py:120} INFO - [2024-11-29T02:13:44.771+0000] {dag.py:3340} INFO - Setting next_dagrun for dataset_produces_2 to None, run_after=None
[2024-11-29T02:13:44.809+0000] {processor.py:176} INFO - Processing /home/airflow/.local/lib/python3.7/site-packages/airflow/example_dags/example_datasets.py took 0.196 seconds
[2024-11-29T02:14:15.312+0000] {processor.py:154} INFO - Started process (PID=608) to work on /home/airflow/.local/lib/python3.7/site-packages/airflow/example_dags/example_datasets.py
[2024-11-29T02:14:15.313+0000] {processor.py:756} INFO - Processing file /home/airflow/.local/lib/python3.7/site-packages/airflow/example_dags/example_datasets.py for tasks to queue
[2024-11-29T02:14:15.314+0000] {logging_mixin.py:120} INFO - [2024-11-29T02:14:15.314+0000] {dagbag.py:537} INFO - Filling up the DagBag from /home/airflow/.local/lib/python3.7/site-packages/airflow/example_dags/example_datasets.py
[2024-11-29T02:14:15.334+0000] {processor.py:766} INFO - DAG(s) dict_keys(['dataset_consumes_1_never_scheduled', 'dataset_consumes_1', 'dataset_consumes_1_and_2', 'dataset_produces_1', 'dataset_consumes_unknown_never_scheduled', 'dataset_produces_2']) retrieved from /home/airflow/.local/lib/python3.7/site-packages/airflow/example_dags/example_datasets.py
[2024-11-29T02:14:15.412+0000] {logging_mixin.py:120} INFO - [2024-11-29T02:14:15.412+0000] {dag.py:2585} INFO - Sync 6 DAGs
[2024-11-29T02:14:15.447+0000] {logging_mixin.py:120} INFO - [2024-11-29T02:14:15.446+0000] {dag.py:3340} INFO - Setting next_dagrun for dataset_consumes_1 to None, run_after=None
[2024-11-29T02:14:15.452+0000] {logging_mixin.py:120} INFO - [2024-11-29T02:14:15.451+0000] {dag.py:3340} INFO - Setting next_dagrun for dataset_consumes_1_and_2 to None, run_after=None
[2024-11-29T02:14:15.454+0000] {logging_mixin.py:120} INFO - [2024-11-29T02:14:15.454+0000] {dag.py:3340} INFO - Setting next_dagrun for dataset_consumes_1_never_scheduled to None, run_after=None
[2024-11-29T02:14:15.457+0000] {logging_mixin.py:120} INFO - [2024-11-29T02:14:15.457+0000] {dag.py:3340} INFO - Setting next_dagrun for dataset_consumes_unknown_never_scheduled to None, run_after=None
[2024-11-29T02:14:15.462+0000] {logging_mixin.py:120} INFO - [2024-11-29T02:14:15.461+0000] {dag.py:3340} INFO - Setting next_dagrun for dataset_produces_1 to 2024-11-28T00:00:00+00:00, run_after=2024-11-29T00:00:00+00:00
[2024-11-29T02:14:15.464+0000] {logging_mixin.py:120} INFO - [2024-11-29T02:14:15.464+0000] {dag.py:3340} INFO - Setting next_dagrun for dataset_produces_2 to None, run_after=None
[2024-11-29T02:14:15.497+0000] {processor.py:176} INFO - Processing /home/airflow/.local/lib/python3.7/site-packages/airflow/example_dags/example_datasets.py took 0.188 seconds
[2024-11-29T02:14:45.818+0000] {processor.py:154} INFO - Started process (PID=673) to work on /home/airflow/.local/lib/python3.7/site-packages/airflow/example_dags/example_datasets.py
[2024-11-29T02:14:45.821+0000] {processor.py:756} INFO - Processing file /home/airflow/.local/lib/python3.7/site-packages/airflow/example_dags/example_datasets.py for tasks to queue
[2024-11-29T02:14:45.823+0000] {logging_mixin.py:120} INFO - [2024-11-29T02:14:45.823+0000] {dagbag.py:537} INFO - Filling up the DagBag from /home/airflow/.local/lib/python3.7/site-packages/airflow/example_dags/example_datasets.py
[2024-11-29T02:14:45.865+0000] {processor.py:766} INFO - DAG(s) dict_keys(['dataset_consumes_1_and_2', 'dataset_produces_2', 'dataset_consumes_unknown_never_scheduled', 'dataset_consumes_1', 'dataset_produces_1', 'dataset_consumes_1_never_scheduled']) retrieved from /home/airflow/.local/lib/python3.7/site-packages/airflow/example_dags/example_datasets.py
[2024-11-29T02:14:45.993+0000] {logging_mixin.py:120} INFO - [2024-11-29T02:14:45.992+0000] {dag.py:2585} INFO - Sync 6 DAGs
[2024-11-29T02:14:46.034+0000] {logging_mixin.py:120} INFO - [2024-11-29T02:14:46.034+0000] {dag.py:3340} INFO - Setting next_dagrun for dataset_consumes_1 to None, run_after=None
[2024-11-29T02:14:46.040+0000] {logging_mixin.py:120} INFO - [2024-11-29T02:14:46.040+0000] {dag.py:3340} INFO - Setting next_dagrun for dataset_consumes_1_and_2 to None, run_after=None
[2024-11-29T02:14:46.042+0000] {logging_mixin.py:120} INFO - [2024-11-29T02:14:46.042+0000] {dag.py:3340} INFO - Setting next_dagrun for dataset_consumes_1_never_scheduled to None, run_after=None
[2024-11-29T02:14:46.044+0000] {logging_mixin.py:120} INFO - [2024-11-29T02:14:46.044+0000] {dag.py:3340} INFO - Setting next_dagrun for dataset_consumes_unknown_never_scheduled to None, run_after=None
[2024-11-29T02:14:46.048+0000] {logging_mixin.py:120} INFO - [2024-11-29T02:14:46.047+0000] {dag.py:3340} INFO - Setting next_dagrun for dataset_produces_1 to 2024-11-28T00:00:00+00:00, run_after=2024-11-29T00:00:00+00:00
[2024-11-29T02:14:46.050+0000] {logging_mixin.py:120} INFO - [2024-11-29T02:14:46.050+0000] {dag.py:3340} INFO - Setting next_dagrun for dataset_produces_2 to None, run_after=None
[2024-11-29T02:14:46.092+0000] {processor.py:176} INFO - Processing /home/airflow/.local/lib/python3.7/site-packages/airflow/example_dags/example_datasets.py took 0.283 seconds
[2024-11-29T02:15:16.292+0000] {processor.py:154} INFO - Started process (PID=737) to work on /home/airflow/.local/lib/python3.7/site-packages/airflow/example_dags/example_datasets.py
[2024-11-29T02:15:16.294+0000] {processor.py:756} INFO - Processing file /home/airflow/.local/lib/python3.7/site-packages/airflow/example_dags/example_datasets.py for tasks to queue
[2024-11-29T02:15:16.295+0000] {logging_mixin.py:120} INFO - [2024-11-29T02:15:16.294+0000] {dagbag.py:537} INFO - Filling up the DagBag from /home/airflow/.local/lib/python3.7/site-packages/airflow/example_dags/example_datasets.py
[2024-11-29T02:15:16.318+0000] {processor.py:766} INFO - DAG(s) dict_keys(['dataset_consumes_unknown_never_scheduled', 'dataset_consumes_1', 'dataset_produces_2', 'dataset_consumes_1_and_2', 'dataset_produces_1', 'dataset_consumes_1_never_scheduled']) retrieved from /home/airflow/.local/lib/python3.7/site-packages/airflow/example_dags/example_datasets.py
[2024-11-29T02:15:16.406+0000] {logging_mixin.py:120} INFO - [2024-11-29T02:15:16.406+0000] {dag.py:2585} INFO - Sync 6 DAGs
[2024-11-29T02:15:16.441+0000] {logging_mixin.py:120} INFO - [2024-11-29T02:15:16.441+0000] {dag.py:3340} INFO - Setting next_dagrun for dataset_consumes_1 to None, run_after=None
[2024-11-29T02:15:16.448+0000] {logging_mixin.py:120} INFO - [2024-11-29T02:15:16.448+0000] {dag.py:3340} INFO - Setting next_dagrun for dataset_consumes_1_and_2 to None, run_after=None
[2024-11-29T02:15:16.451+0000] {logging_mixin.py:120} INFO - [2024-11-29T02:15:16.450+0000] {dag.py:3340} INFO - Setting next_dagrun for dataset_consumes_1_never_scheduled to None, run_after=None
[2024-11-29T02:15:16.453+0000] {logging_mixin.py:120} INFO - [2024-11-29T02:15:16.453+0000] {dag.py:3340} INFO - Setting next_dagrun for dataset_consumes_unknown_never_scheduled to None, run_after=None
[2024-11-29T02:15:16.459+0000] {logging_mixin.py:120} INFO - [2024-11-29T02:15:16.458+0000] {dag.py:3340} INFO - Setting next_dagrun for dataset_produces_1 to 2024-11-28T00:00:00+00:00, run_after=2024-11-29T00:00:00+00:00
[2024-11-29T02:15:16.461+0000] {logging_mixin.py:120} INFO - [2024-11-29T02:15:16.461+0000] {dag.py:3340} INFO - Setting next_dagrun for dataset_produces_2 to None, run_after=None
[2024-11-29T02:15:16.510+0000] {processor.py:176} INFO - Processing /home/airflow/.local/lib/python3.7/site-packages/airflow/example_dags/example_datasets.py took 0.222 seconds
