[2024-11-29T02:08:51.412+0000] {processor.py:154} INFO - Started process (PID=74) to work on /home/airflow/.local/lib/python3.7/site-packages/airflow/example_dags/example_external_task_marker_dag.py
[2024-11-29T02:08:51.414+0000] {processor.py:756} INFO - Processing file /home/airflow/.local/lib/python3.7/site-packages/airflow/example_dags/example_external_task_marker_dag.py for tasks to queue
[2024-11-29T02:08:51.416+0000] {logging_mixin.py:120} INFO - [2024-11-29T02:08:51.416+0000] {dagbag.py:537} INFO - Filling up the DagBag from /home/airflow/.local/lib/python3.7/site-packages/airflow/example_dags/example_external_task_marker_dag.py
[2024-11-29T02:08:51.456+0000] {processor.py:766} INFO - DAG(s) dict_keys(['example_external_task_marker_child', 'example_external_task_marker_parent']) retrieved from /home/airflow/.local/lib/python3.7/site-packages/airflow/example_dags/example_external_task_marker_dag.py
[2024-11-29T02:08:52.121+0000] {logging_mixin.py:120} INFO - [2024-11-29T02:08:52.121+0000] {dag.py:2585} INFO - Sync 2 DAGs
[2024-11-29T02:08:52.178+0000] {logging_mixin.py:120} INFO - [2024-11-29T02:08:52.177+0000] {dag.py:3340} INFO - Setting next_dagrun for example_external_task_marker_child to None, run_after=None
[2024-11-29T02:08:52.191+0000] {logging_mixin.py:120} INFO - [2024-11-29T02:08:52.191+0000] {dag.py:3340} INFO - Setting next_dagrun for example_external_task_marker_parent to None, run_after=None
[2024-11-29T02:08:52.251+0000] {processor.py:176} INFO - Processing /home/airflow/.local/lib/python3.7/site-packages/airflow/example_dags/example_external_task_marker_dag.py took 0.843 seconds
[2024-11-29T02:09:39.678+0000] {processor.py:154} INFO - Started process (PID=68) to work on /home/airflow/.local/lib/python3.7/site-packages/airflow/example_dags/example_external_task_marker_dag.py
[2024-11-29T02:09:39.680+0000] {processor.py:756} INFO - Processing file /home/airflow/.local/lib/python3.7/site-packages/airflow/example_dags/example_external_task_marker_dag.py for tasks to queue
[2024-11-29T02:09:39.682+0000] {logging_mixin.py:120} INFO - [2024-11-29T02:09:39.682+0000] {dagbag.py:537} INFO - Filling up the DagBag from /home/airflow/.local/lib/python3.7/site-packages/airflow/example_dags/example_external_task_marker_dag.py
[2024-11-29T02:09:39.714+0000] {processor.py:766} INFO - DAG(s) dict_keys(['example_external_task_marker_parent', 'example_external_task_marker_child']) retrieved from /home/airflow/.local/lib/python3.7/site-packages/airflow/example_dags/example_external_task_marker_dag.py
[2024-11-29T02:09:40.001+0000] {logging_mixin.py:120} INFO - [2024-11-29T02:09:40.001+0000] {dag.py:2585} INFO - Sync 2 DAGs
[2024-11-29T02:09:40.033+0000] {logging_mixin.py:120} INFO - [2024-11-29T02:09:40.033+0000] {dag.py:3340} INFO - Setting next_dagrun for example_external_task_marker_child to None, run_after=None
[2024-11-29T02:09:40.038+0000] {logging_mixin.py:120} INFO - [2024-11-29T02:09:40.038+0000] {dag.py:3340} INFO - Setting next_dagrun for example_external_task_marker_parent to None, run_after=None
[2024-11-29T02:09:40.064+0000] {processor.py:176} INFO - Processing /home/airflow/.local/lib/python3.7/site-packages/airflow/example_dags/example_external_task_marker_dag.py took 0.391 seconds
[2024-11-29T02:10:10.935+0000] {processor.py:154} INFO - Started process (PID=123) to work on /home/airflow/.local/lib/python3.7/site-packages/airflow/example_dags/example_external_task_marker_dag.py
[2024-11-29T02:10:10.937+0000] {processor.py:756} INFO - Processing file /home/airflow/.local/lib/python3.7/site-packages/airflow/example_dags/example_external_task_marker_dag.py for tasks to queue
[2024-11-29T02:10:10.939+0000] {logging_mixin.py:120} INFO - [2024-11-29T02:10:10.939+0000] {dagbag.py:537} INFO - Filling up the DagBag from /home/airflow/.local/lib/python3.7/site-packages/airflow/example_dags/example_external_task_marker_dag.py
[2024-11-29T02:10:10.968+0000] {processor.py:766} INFO - DAG(s) dict_keys(['example_external_task_marker_child', 'example_external_task_marker_parent']) retrieved from /home/airflow/.local/lib/python3.7/site-packages/airflow/example_dags/example_external_task_marker_dag.py
[2024-11-29T02:10:11.262+0000] {logging_mixin.py:120} INFO - [2024-11-29T02:10:11.262+0000] {dag.py:2585} INFO - Sync 2 DAGs
[2024-11-29T02:10:11.302+0000] {logging_mixin.py:120} INFO - [2024-11-29T02:10:11.302+0000] {dag.py:3340} INFO - Setting next_dagrun for example_external_task_marker_child to None, run_after=None
[2024-11-29T02:10:11.308+0000] {logging_mixin.py:120} INFO - [2024-11-29T02:10:11.308+0000] {dag.py:3340} INFO - Setting next_dagrun for example_external_task_marker_parent to None, run_after=None
[2024-11-29T02:10:11.340+0000] {processor.py:176} INFO - Processing /home/airflow/.local/lib/python3.7/site-packages/airflow/example_dags/example_external_task_marker_dag.py took 0.409 seconds
[2024-11-29T02:10:41.734+0000] {processor.py:154} INFO - Started process (PID=188) to work on /home/airflow/.local/lib/python3.7/site-packages/airflow/example_dags/example_external_task_marker_dag.py
[2024-11-29T02:10:41.737+0000] {processor.py:756} INFO - Processing file /home/airflow/.local/lib/python3.7/site-packages/airflow/example_dags/example_external_task_marker_dag.py for tasks to queue
[2024-11-29T02:10:41.739+0000] {logging_mixin.py:120} INFO - [2024-11-29T02:10:41.739+0000] {dagbag.py:537} INFO - Filling up the DagBag from /home/airflow/.local/lib/python3.7/site-packages/airflow/example_dags/example_external_task_marker_dag.py
[2024-11-29T02:10:41.759+0000] {processor.py:766} INFO - DAG(s) dict_keys(['example_external_task_marker_child', 'example_external_task_marker_parent']) retrieved from /home/airflow/.local/lib/python3.7/site-packages/airflow/example_dags/example_external_task_marker_dag.py
[2024-11-29T02:10:42.101+0000] {logging_mixin.py:120} INFO - [2024-11-29T02:10:42.101+0000] {dag.py:2585} INFO - Sync 2 DAGs
[2024-11-29T02:10:42.159+0000] {logging_mixin.py:120} INFO - [2024-11-29T02:10:42.159+0000] {dag.py:3340} INFO - Setting next_dagrun for example_external_task_marker_child to None, run_after=None
[2024-11-29T02:10:42.167+0000] {logging_mixin.py:120} INFO - [2024-11-29T02:10:42.167+0000] {dag.py:3340} INFO - Setting next_dagrun for example_external_task_marker_parent to None, run_after=None
[2024-11-29T02:10:42.228+0000] {processor.py:176} INFO - Processing /home/airflow/.local/lib/python3.7/site-packages/airflow/example_dags/example_external_task_marker_dag.py took 0.498 seconds
[2024-11-29T02:11:12.495+0000] {processor.py:154} INFO - Started process (PID=252) to work on /home/airflow/.local/lib/python3.7/site-packages/airflow/example_dags/example_external_task_marker_dag.py
[2024-11-29T02:11:12.497+0000] {processor.py:756} INFO - Processing file /home/airflow/.local/lib/python3.7/site-packages/airflow/example_dags/example_external_task_marker_dag.py for tasks to queue
[2024-11-29T02:11:12.498+0000] {logging_mixin.py:120} INFO - [2024-11-29T02:11:12.498+0000] {dagbag.py:537} INFO - Filling up the DagBag from /home/airflow/.local/lib/python3.7/site-packages/airflow/example_dags/example_external_task_marker_dag.py
[2024-11-29T02:11:12.519+0000] {processor.py:766} INFO - DAG(s) dict_keys(['example_external_task_marker_child', 'example_external_task_marker_parent']) retrieved from /home/airflow/.local/lib/python3.7/site-packages/airflow/example_dags/example_external_task_marker_dag.py
[2024-11-29T02:11:12.822+0000] {logging_mixin.py:120} INFO - [2024-11-29T02:11:12.821+0000] {dag.py:2585} INFO - Sync 2 DAGs
[2024-11-29T02:11:12.862+0000] {logging_mixin.py:120} INFO - [2024-11-29T02:11:12.861+0000] {dag.py:3340} INFO - Setting next_dagrun for example_external_task_marker_child to None, run_after=None
[2024-11-29T02:11:12.868+0000] {logging_mixin.py:120} INFO - [2024-11-29T02:11:12.868+0000] {dag.py:3340} INFO - Setting next_dagrun for example_external_task_marker_parent to None, run_after=None
[2024-11-29T02:11:12.898+0000] {processor.py:176} INFO - Processing /home/airflow/.local/lib/python3.7/site-packages/airflow/example_dags/example_external_task_marker_dag.py took 0.406 seconds
[2024-11-29T02:11:43.326+0000] {processor.py:154} INFO - Started process (PID=308) to work on /home/airflow/.local/lib/python3.7/site-packages/airflow/example_dags/example_external_task_marker_dag.py
[2024-11-29T02:11:43.327+0000] {processor.py:756} INFO - Processing file /home/airflow/.local/lib/python3.7/site-packages/airflow/example_dags/example_external_task_marker_dag.py for tasks to queue
[2024-11-29T02:11:43.329+0000] {logging_mixin.py:120} INFO - [2024-11-29T02:11:43.328+0000] {dagbag.py:537} INFO - Filling up the DagBag from /home/airflow/.local/lib/python3.7/site-packages/airflow/example_dags/example_external_task_marker_dag.py
[2024-11-29T02:11:43.344+0000] {processor.py:766} INFO - DAG(s) dict_keys(['example_external_task_marker_parent', 'example_external_task_marker_child']) retrieved from /home/airflow/.local/lib/python3.7/site-packages/airflow/example_dags/example_external_task_marker_dag.py
[2024-11-29T02:11:43.587+0000] {logging_mixin.py:120} INFO - [2024-11-29T02:11:43.587+0000] {dag.py:2585} INFO - Sync 2 DAGs
[2024-11-29T02:11:43.627+0000] {logging_mixin.py:120} INFO - [2024-11-29T02:11:43.626+0000] {dag.py:3340} INFO - Setting next_dagrun for example_external_task_marker_child to None, run_after=None
[2024-11-29T02:11:43.633+0000] {logging_mixin.py:120} INFO - [2024-11-29T02:11:43.633+0000] {dag.py:3340} INFO - Setting next_dagrun for example_external_task_marker_parent to None, run_after=None
[2024-11-29T02:11:43.659+0000] {processor.py:176} INFO - Processing /home/airflow/.local/lib/python3.7/site-packages/airflow/example_dags/example_external_task_marker_dag.py took 0.337 seconds
[2024-11-29T02:12:13.757+0000] {processor.py:154} INFO - Started process (PID=373) to work on /home/airflow/.local/lib/python3.7/site-packages/airflow/example_dags/example_external_task_marker_dag.py
[2024-11-29T02:12:13.759+0000] {processor.py:756} INFO - Processing file /home/airflow/.local/lib/python3.7/site-packages/airflow/example_dags/example_external_task_marker_dag.py for tasks to queue
[2024-11-29T02:12:13.760+0000] {logging_mixin.py:120} INFO - [2024-11-29T02:12:13.760+0000] {dagbag.py:537} INFO - Filling up the DagBag from /home/airflow/.local/lib/python3.7/site-packages/airflow/example_dags/example_external_task_marker_dag.py
[2024-11-29T02:12:13.776+0000] {processor.py:766} INFO - DAG(s) dict_keys(['example_external_task_marker_parent', 'example_external_task_marker_child']) retrieved from /home/airflow/.local/lib/python3.7/site-packages/airflow/example_dags/example_external_task_marker_dag.py
[2024-11-29T02:12:14.042+0000] {logging_mixin.py:120} INFO - [2024-11-29T02:12:14.042+0000] {dag.py:2585} INFO - Sync 2 DAGs
[2024-11-29T02:12:14.079+0000] {logging_mixin.py:120} INFO - [2024-11-29T02:12:14.078+0000] {dag.py:3340} INFO - Setting next_dagrun for example_external_task_marker_child to None, run_after=None
[2024-11-29T02:12:14.085+0000] {logging_mixin.py:120} INFO - [2024-11-29T02:12:14.085+0000] {dag.py:3340} INFO - Setting next_dagrun for example_external_task_marker_parent to None, run_after=None
[2024-11-29T02:12:14.120+0000] {processor.py:176} INFO - Processing /home/airflow/.local/lib/python3.7/site-packages/airflow/example_dags/example_external_task_marker_dag.py took 0.366 seconds
[2024-11-29T02:12:44.312+0000] {processor.py:154} INFO - Started process (PID=429) to work on /home/airflow/.local/lib/python3.7/site-packages/airflow/example_dags/example_external_task_marker_dag.py
[2024-11-29T02:12:44.314+0000] {processor.py:756} INFO - Processing file /home/airflow/.local/lib/python3.7/site-packages/airflow/example_dags/example_external_task_marker_dag.py for tasks to queue
[2024-11-29T02:12:44.315+0000] {logging_mixin.py:120} INFO - [2024-11-29T02:12:44.314+0000] {dagbag.py:537} INFO - Filling up the DagBag from /home/airflow/.local/lib/python3.7/site-packages/airflow/example_dags/example_external_task_marker_dag.py
[2024-11-29T02:12:44.329+0000] {processor.py:766} INFO - DAG(s) dict_keys(['example_external_task_marker_child', 'example_external_task_marker_parent']) retrieved from /home/airflow/.local/lib/python3.7/site-packages/airflow/example_dags/example_external_task_marker_dag.py
[2024-11-29T02:12:44.542+0000] {logging_mixin.py:120} INFO - [2024-11-29T02:12:44.542+0000] {dag.py:2585} INFO - Sync 2 DAGs
[2024-11-29T02:12:44.569+0000] {logging_mixin.py:120} INFO - [2024-11-29T02:12:44.569+0000] {dag.py:3340} INFO - Setting next_dagrun for example_external_task_marker_child to None, run_after=None
[2024-11-29T02:12:44.573+0000] {logging_mixin.py:120} INFO - [2024-11-29T02:12:44.573+0000] {dag.py:3340} INFO - Setting next_dagrun for example_external_task_marker_parent to None, run_after=None
[2024-11-29T02:12:44.594+0000] {processor.py:176} INFO - Processing /home/airflow/.local/lib/python3.7/site-packages/airflow/example_dags/example_external_task_marker_dag.py took 0.285 seconds
[2024-11-29T02:13:14.713+0000] {processor.py:154} INFO - Started process (PID=492) to work on /home/airflow/.local/lib/python3.7/site-packages/airflow/example_dags/example_external_task_marker_dag.py
[2024-11-29T02:13:14.715+0000] {processor.py:756} INFO - Processing file /home/airflow/.local/lib/python3.7/site-packages/airflow/example_dags/example_external_task_marker_dag.py for tasks to queue
[2024-11-29T02:13:14.716+0000] {logging_mixin.py:120} INFO - [2024-11-29T02:13:14.716+0000] {dagbag.py:537} INFO - Filling up the DagBag from /home/airflow/.local/lib/python3.7/site-packages/airflow/example_dags/example_external_task_marker_dag.py
[2024-11-29T02:13:14.733+0000] {processor.py:766} INFO - DAG(s) dict_keys(['example_external_task_marker_child', 'example_external_task_marker_parent']) retrieved from /home/airflow/.local/lib/python3.7/site-packages/airflow/example_dags/example_external_task_marker_dag.py
[2024-11-29T02:13:14.980+0000] {logging_mixin.py:120} INFO - [2024-11-29T02:13:14.980+0000] {dag.py:2585} INFO - Sync 2 DAGs
[2024-11-29T02:13:15.008+0000] {logging_mixin.py:120} INFO - [2024-11-29T02:13:15.008+0000] {dag.py:3340} INFO - Setting next_dagrun for example_external_task_marker_child to None, run_after=None
[2024-11-29T02:13:15.012+0000] {logging_mixin.py:120} INFO - [2024-11-29T02:13:15.012+0000] {dag.py:3340} INFO - Setting next_dagrun for example_external_task_marker_parent to None, run_after=None
[2024-11-29T02:13:15.037+0000] {processor.py:176} INFO - Processing /home/airflow/.local/lib/python3.7/site-packages/airflow/example_dags/example_external_task_marker_dag.py took 0.329 seconds
[2024-11-29T02:13:45.212+0000] {processor.py:154} INFO - Started process (PID=557) to work on /home/airflow/.local/lib/python3.7/site-packages/airflow/example_dags/example_external_task_marker_dag.py
[2024-11-29T02:13:45.213+0000] {processor.py:756} INFO - Processing file /home/airflow/.local/lib/python3.7/site-packages/airflow/example_dags/example_external_task_marker_dag.py for tasks to queue
[2024-11-29T02:13:45.215+0000] {logging_mixin.py:120} INFO - [2024-11-29T02:13:45.214+0000] {dagbag.py:537} INFO - Filling up the DagBag from /home/airflow/.local/lib/python3.7/site-packages/airflow/example_dags/example_external_task_marker_dag.py
[2024-11-29T02:13:45.237+0000] {processor.py:766} INFO - DAG(s) dict_keys(['example_external_task_marker_child', 'example_external_task_marker_parent']) retrieved from /home/airflow/.local/lib/python3.7/site-packages/airflow/example_dags/example_external_task_marker_dag.py
[2024-11-29T02:13:45.459+0000] {logging_mixin.py:120} INFO - [2024-11-29T02:13:45.458+0000] {dag.py:2585} INFO - Sync 2 DAGs
[2024-11-29T02:13:45.491+0000] {logging_mixin.py:120} INFO - [2024-11-29T02:13:45.490+0000] {dag.py:3340} INFO - Setting next_dagrun for example_external_task_marker_child to None, run_after=None
[2024-11-29T02:13:45.495+0000] {logging_mixin.py:120} INFO - [2024-11-29T02:13:45.495+0000] {dag.py:3340} INFO - Setting next_dagrun for example_external_task_marker_parent to None, run_after=None
[2024-11-29T02:13:45.518+0000] {processor.py:176} INFO - Processing /home/airflow/.local/lib/python3.7/site-packages/airflow/example_dags/example_external_task_marker_dag.py took 0.311 seconds
[2024-11-29T02:14:15.651+0000] {processor.py:154} INFO - Started process (PID=611) to work on /home/airflow/.local/lib/python3.7/site-packages/airflow/example_dags/example_external_task_marker_dag.py
[2024-11-29T02:14:15.653+0000] {processor.py:756} INFO - Processing file /home/airflow/.local/lib/python3.7/site-packages/airflow/example_dags/example_external_task_marker_dag.py for tasks to queue
[2024-11-29T02:14:15.654+0000] {logging_mixin.py:120} INFO - [2024-11-29T02:14:15.654+0000] {dagbag.py:537} INFO - Filling up the DagBag from /home/airflow/.local/lib/python3.7/site-packages/airflow/example_dags/example_external_task_marker_dag.py
[2024-11-29T02:14:15.674+0000] {processor.py:766} INFO - DAG(s) dict_keys(['example_external_task_marker_child', 'example_external_task_marker_parent']) retrieved from /home/airflow/.local/lib/python3.7/site-packages/airflow/example_dags/example_external_task_marker_dag.py
[2024-11-29T02:14:15.947+0000] {logging_mixin.py:120} INFO - [2024-11-29T02:14:15.947+0000] {dag.py:2585} INFO - Sync 2 DAGs
[2024-11-29T02:14:15.980+0000] {logging_mixin.py:120} INFO - [2024-11-29T02:14:15.980+0000] {dag.py:3340} INFO - Setting next_dagrun for example_external_task_marker_child to None, run_after=None
[2024-11-29T02:14:15.985+0000] {logging_mixin.py:120} INFO - [2024-11-29T02:14:15.985+0000] {dag.py:3340} INFO - Setting next_dagrun for example_external_task_marker_parent to None, run_after=None
[2024-11-29T02:14:16.010+0000] {processor.py:176} INFO - Processing /home/airflow/.local/lib/python3.7/site-packages/airflow/example_dags/example_external_task_marker_dag.py took 0.366 seconds
[2024-11-29T02:14:46.234+0000] {processor.py:154} INFO - Started process (PID=676) to work on /home/airflow/.local/lib/python3.7/site-packages/airflow/example_dags/example_external_task_marker_dag.py
[2024-11-29T02:14:46.236+0000] {processor.py:756} INFO - Processing file /home/airflow/.local/lib/python3.7/site-packages/airflow/example_dags/example_external_task_marker_dag.py for tasks to queue
[2024-11-29T02:14:46.237+0000] {logging_mixin.py:120} INFO - [2024-11-29T02:14:46.237+0000] {dagbag.py:537} INFO - Filling up the DagBag from /home/airflow/.local/lib/python3.7/site-packages/airflow/example_dags/example_external_task_marker_dag.py
[2024-11-29T02:14:46.252+0000] {processor.py:766} INFO - DAG(s) dict_keys(['example_external_task_marker_child', 'example_external_task_marker_parent']) retrieved from /home/airflow/.local/lib/python3.7/site-packages/airflow/example_dags/example_external_task_marker_dag.py
[2024-11-29T02:14:46.500+0000] {logging_mixin.py:120} INFO - [2024-11-29T02:14:46.499+0000] {dag.py:2585} INFO - Sync 2 DAGs
[2024-11-29T02:14:46.532+0000] {logging_mixin.py:120} INFO - [2024-11-29T02:14:46.532+0000] {dag.py:3340} INFO - Setting next_dagrun for example_external_task_marker_child to None, run_after=None
[2024-11-29T02:14:46.537+0000] {logging_mixin.py:120} INFO - [2024-11-29T02:14:46.536+0000] {dag.py:3340} INFO - Setting next_dagrun for example_external_task_marker_parent to None, run_after=None
[2024-11-29T02:14:46.560+0000] {processor.py:176} INFO - Processing /home/airflow/.local/lib/python3.7/site-packages/airflow/example_dags/example_external_task_marker_dag.py took 0.331 seconds
[2024-11-29T02:15:16.761+0000] {processor.py:154} INFO - Started process (PID=741) to work on /home/airflow/.local/lib/python3.7/site-packages/airflow/example_dags/example_external_task_marker_dag.py
[2024-11-29T02:15:16.762+0000] {processor.py:756} INFO - Processing file /home/airflow/.local/lib/python3.7/site-packages/airflow/example_dags/example_external_task_marker_dag.py for tasks to queue
[2024-11-29T02:15:16.764+0000] {logging_mixin.py:120} INFO - [2024-11-29T02:15:16.763+0000] {dagbag.py:537} INFO - Filling up the DagBag from /home/airflow/.local/lib/python3.7/site-packages/airflow/example_dags/example_external_task_marker_dag.py
[2024-11-29T02:15:16.796+0000] {processor.py:766} INFO - DAG(s) dict_keys(['example_external_task_marker_parent', 'example_external_task_marker_child']) retrieved from /home/airflow/.local/lib/python3.7/site-packages/airflow/example_dags/example_external_task_marker_dag.py
[2024-11-29T02:15:17.104+0000] {logging_mixin.py:120} INFO - [2024-11-29T02:15:17.104+0000] {dag.py:2585} INFO - Sync 2 DAGs
[2024-11-29T02:15:17.142+0000] {logging_mixin.py:120} INFO - [2024-11-29T02:15:17.141+0000] {dag.py:3340} INFO - Setting next_dagrun for example_external_task_marker_child to None, run_after=None
[2024-11-29T02:15:17.148+0000] {logging_mixin.py:120} INFO - [2024-11-29T02:15:17.147+0000] {dag.py:3340} INFO - Setting next_dagrun for example_external_task_marker_parent to None, run_after=None
[2024-11-29T02:15:17.170+0000] {processor.py:176} INFO - Processing /home/airflow/.local/lib/python3.7/site-packages/airflow/example_dags/example_external_task_marker_dag.py took 0.415 seconds
