[2024-11-29T02:08:49.823+0000] {processor.py:154} INFO - Started process (PID=61) to work on /home/airflow/.local/lib/python3.7/site-packages/airflow/example_dags/example_complex.py
[2024-11-29T02:08:49.826+0000] {processor.py:756} INFO - Processing file /home/airflow/.local/lib/python3.7/site-packages/airflow/example_dags/example_complex.py for tasks to queue
[2024-11-29T02:08:49.827+0000] {logging_mixin.py:120} INFO - [2024-11-29T02:08:49.827+0000] {dagbag.py:537} INFO - Filling up the DagBag from /home/airflow/.local/lib/python3.7/site-packages/airflow/example_dags/example_complex.py
[2024-11-29T02:08:49.865+0000] {logging_mixin.py:120} INFO - [2024-11-29T02:08:49.864+0000] {taskmixin.py:205} WARNING - Dependency <Task(BashOperator): create_entry_group>, delete_entry_group already registered for DAG: example_complex
[2024-11-29T02:08:49.866+0000] {logging_mixin.py:120} INFO - [2024-11-29T02:08:49.865+0000] {taskmixin.py:205} WARNING - Dependency <Task(BashOperator): delete_entry_group>, create_entry_group already registered for DAG: example_complex
[2024-11-29T02:08:49.871+0000] {logging_mixin.py:120} INFO - [2024-11-29T02:08:49.871+0000] {taskmixin.py:205} WARNING - Dependency <Task(BashOperator): create_entry_gcs>, delete_entry already registered for DAG: example_complex
[2024-11-29T02:08:49.873+0000] {logging_mixin.py:120} INFO - [2024-11-29T02:08:49.873+0000] {taskmixin.py:205} WARNING - Dependency <Task(BashOperator): delete_entry>, create_entry_gcs already registered for DAG: example_complex
[2024-11-29T02:08:49.874+0000] {logging_mixin.py:120} INFO - [2024-11-29T02:08:49.874+0000] {taskmixin.py:205} WARNING - Dependency <Task(BashOperator): create_tag>, delete_tag already registered for DAG: example_complex
[2024-11-29T02:08:49.875+0000] {logging_mixin.py:120} INFO - [2024-11-29T02:08:49.875+0000] {taskmixin.py:205} WARNING - Dependency <Task(BashOperator): delete_tag>, create_tag already registered for DAG: example_complex
[2024-11-29T02:08:49.907+0000] {processor.py:766} INFO - DAG(s) dict_keys(['example_complex']) retrieved from /home/airflow/.local/lib/python3.7/site-packages/airflow/example_dags/example_complex.py
[2024-11-29T02:08:50.070+0000] {logging_mixin.py:120} INFO - [2024-11-29T02:08:50.069+0000] {dag.py:2585} INFO - Sync 1 DAGs
[2024-11-29T02:08:50.144+0000] {logging_mixin.py:120} INFO - [2024-11-29T02:08:50.144+0000] {dag.py:3340} INFO - Setting next_dagrun for example_complex to None, run_after=None
[2024-11-29T02:08:50.244+0000] {processor.py:176} INFO - Processing /home/airflow/.local/lib/python3.7/site-packages/airflow/example_dags/example_complex.py took 0.427 seconds
[2024-11-29T02:09:38.990+0000] {processor.py:154} INFO - Started process (PID=62) to work on /home/airflow/.local/lib/python3.7/site-packages/airflow/example_dags/example_complex.py
[2024-11-29T02:09:38.991+0000] {processor.py:756} INFO - Processing file /home/airflow/.local/lib/python3.7/site-packages/airflow/example_dags/example_complex.py for tasks to queue
[2024-11-29T02:09:38.992+0000] {logging_mixin.py:120} INFO - [2024-11-29T02:09:38.992+0000] {dagbag.py:537} INFO - Filling up the DagBag from /home/airflow/.local/lib/python3.7/site-packages/airflow/example_dags/example_complex.py
[2024-11-29T02:09:39.010+0000] {logging_mixin.py:120} INFO - [2024-11-29T02:09:39.010+0000] {taskmixin.py:205} WARNING - Dependency <Task(BashOperator): create_entry_group>, delete_entry_group already registered for DAG: example_complex
[2024-11-29T02:09:39.011+0000] {logging_mixin.py:120} INFO - [2024-11-29T02:09:39.011+0000] {taskmixin.py:205} WARNING - Dependency <Task(BashOperator): delete_entry_group>, create_entry_group already registered for DAG: example_complex
[2024-11-29T02:09:39.012+0000] {logging_mixin.py:120} INFO - [2024-11-29T02:09:39.012+0000] {taskmixin.py:205} WARNING - Dependency <Task(BashOperator): create_entry_gcs>, delete_entry already registered for DAG: example_complex
[2024-11-29T02:09:39.012+0000] {logging_mixin.py:120} INFO - [2024-11-29T02:09:39.012+0000] {taskmixin.py:205} WARNING - Dependency <Task(BashOperator): delete_entry>, create_entry_gcs already registered for DAG: example_complex
[2024-11-29T02:09:39.013+0000] {logging_mixin.py:120} INFO - [2024-11-29T02:09:39.013+0000] {taskmixin.py:205} WARNING - Dependency <Task(BashOperator): create_tag>, delete_tag already registered for DAG: example_complex
[2024-11-29T02:09:39.014+0000] {logging_mixin.py:120} INFO - [2024-11-29T02:09:39.014+0000] {taskmixin.py:205} WARNING - Dependency <Task(BashOperator): delete_tag>, create_tag already registered for DAG: example_complex
[2024-11-29T02:09:39.025+0000] {processor.py:766} INFO - DAG(s) dict_keys(['example_complex']) retrieved from /home/airflow/.local/lib/python3.7/site-packages/airflow/example_dags/example_complex.py
[2024-11-29T02:09:39.091+0000] {logging_mixin.py:120} INFO - [2024-11-29T02:09:39.090+0000] {dag.py:2585} INFO - Sync 1 DAGs
[2024-11-29T02:09:39.135+0000] {logging_mixin.py:120} INFO - [2024-11-29T02:09:39.135+0000] {dag.py:3340} INFO - Setting next_dagrun for example_complex to None, run_after=None
[2024-11-29T02:09:39.165+0000] {processor.py:176} INFO - Processing /home/airflow/.local/lib/python3.7/site-packages/airflow/example_dags/example_complex.py took 0.179 seconds
[2024-11-29T02:10:10.085+0000] {processor.py:154} INFO - Started process (PID=117) to work on /home/airflow/.local/lib/python3.7/site-packages/airflow/example_dags/example_complex.py
[2024-11-29T02:10:10.088+0000] {processor.py:756} INFO - Processing file /home/airflow/.local/lib/python3.7/site-packages/airflow/example_dags/example_complex.py for tasks to queue
[2024-11-29T02:10:10.090+0000] {logging_mixin.py:120} INFO - [2024-11-29T02:10:10.089+0000] {dagbag.py:537} INFO - Filling up the DagBag from /home/airflow/.local/lib/python3.7/site-packages/airflow/example_dags/example_complex.py
[2024-11-29T02:10:10.104+0000] {logging_mixin.py:120} INFO - [2024-11-29T02:10:10.104+0000] {taskmixin.py:205} WARNING - Dependency <Task(BashOperator): create_entry_group>, delete_entry_group already registered for DAG: example_complex
[2024-11-29T02:10:10.106+0000] {logging_mixin.py:120} INFO - [2024-11-29T02:10:10.105+0000] {taskmixin.py:205} WARNING - Dependency <Task(BashOperator): delete_entry_group>, create_entry_group already registered for DAG: example_complex
[2024-11-29T02:10:10.107+0000] {logging_mixin.py:120} INFO - [2024-11-29T02:10:10.107+0000] {taskmixin.py:205} WARNING - Dependency <Task(BashOperator): create_entry_gcs>, delete_entry already registered for DAG: example_complex
[2024-11-29T02:10:10.107+0000] {logging_mixin.py:120} INFO - [2024-11-29T02:10:10.107+0000] {taskmixin.py:205} WARNING - Dependency <Task(BashOperator): delete_entry>, create_entry_gcs already registered for DAG: example_complex
[2024-11-29T02:10:10.109+0000] {logging_mixin.py:120} INFO - [2024-11-29T02:10:10.108+0000] {taskmixin.py:205} WARNING - Dependency <Task(BashOperator): create_tag>, delete_tag already registered for DAG: example_complex
[2024-11-29T02:10:10.109+0000] {logging_mixin.py:120} INFO - [2024-11-29T02:10:10.109+0000] {taskmixin.py:205} WARNING - Dependency <Task(BashOperator): delete_tag>, create_tag already registered for DAG: example_complex
[2024-11-29T02:10:10.121+0000] {processor.py:766} INFO - DAG(s) dict_keys(['example_complex']) retrieved from /home/airflow/.local/lib/python3.7/site-packages/airflow/example_dags/example_complex.py
[2024-11-29T02:10:10.204+0000] {logging_mixin.py:120} INFO - [2024-11-29T02:10:10.204+0000] {dag.py:2585} INFO - Sync 1 DAGs
[2024-11-29T02:10:10.262+0000] {logging_mixin.py:120} INFO - [2024-11-29T02:10:10.262+0000] {dag.py:3340} INFO - Setting next_dagrun for example_complex to None, run_after=None
[2024-11-29T02:10:10.300+0000] {processor.py:176} INFO - Processing /home/airflow/.local/lib/python3.7/site-packages/airflow/example_dags/example_complex.py took 0.218 seconds
[2024-11-29T02:10:41.068+0000] {processor.py:154} INFO - Started process (PID=182) to work on /home/airflow/.local/lib/python3.7/site-packages/airflow/example_dags/example_complex.py
[2024-11-29T02:10:41.070+0000] {processor.py:756} INFO - Processing file /home/airflow/.local/lib/python3.7/site-packages/airflow/example_dags/example_complex.py for tasks to queue
[2024-11-29T02:10:41.072+0000] {logging_mixin.py:120} INFO - [2024-11-29T02:10:41.072+0000] {dagbag.py:537} INFO - Filling up the DagBag from /home/airflow/.local/lib/python3.7/site-packages/airflow/example_dags/example_complex.py
[2024-11-29T02:10:41.096+0000] {logging_mixin.py:120} INFO - [2024-11-29T02:10:41.095+0000] {taskmixin.py:205} WARNING - Dependency <Task(BashOperator): create_entry_group>, delete_entry_group already registered for DAG: example_complex
[2024-11-29T02:10:41.097+0000] {logging_mixin.py:120} INFO - [2024-11-29T02:10:41.097+0000] {taskmixin.py:205} WARNING - Dependency <Task(BashOperator): delete_entry_group>, create_entry_group already registered for DAG: example_complex
[2024-11-29T02:10:41.098+0000] {logging_mixin.py:120} INFO - [2024-11-29T02:10:41.097+0000] {taskmixin.py:205} WARNING - Dependency <Task(BashOperator): create_entry_gcs>, delete_entry already registered for DAG: example_complex
[2024-11-29T02:10:41.098+0000] {logging_mixin.py:120} INFO - [2024-11-29T02:10:41.098+0000] {taskmixin.py:205} WARNING - Dependency <Task(BashOperator): delete_entry>, create_entry_gcs already registered for DAG: example_complex
[2024-11-29T02:10:41.099+0000] {logging_mixin.py:120} INFO - [2024-11-29T02:10:41.099+0000] {taskmixin.py:205} WARNING - Dependency <Task(BashOperator): create_tag>, delete_tag already registered for DAG: example_complex
[2024-11-29T02:10:41.100+0000] {logging_mixin.py:120} INFO - [2024-11-29T02:10:41.100+0000] {taskmixin.py:205} WARNING - Dependency <Task(BashOperator): delete_tag>, create_tag already registered for DAG: example_complex
[2024-11-29T02:10:41.111+0000] {processor.py:766} INFO - DAG(s) dict_keys(['example_complex']) retrieved from /home/airflow/.local/lib/python3.7/site-packages/airflow/example_dags/example_complex.py
[2024-11-29T02:10:41.181+0000] {logging_mixin.py:120} INFO - [2024-11-29T02:10:41.181+0000] {dag.py:2585} INFO - Sync 1 DAGs
[2024-11-29T02:10:41.241+0000] {logging_mixin.py:120} INFO - [2024-11-29T02:10:41.241+0000] {dag.py:3340} INFO - Setting next_dagrun for example_complex to None, run_after=None
[2024-11-29T02:10:41.272+0000] {processor.py:176} INFO - Processing /home/airflow/.local/lib/python3.7/site-packages/airflow/example_dags/example_complex.py took 0.209 seconds
[2024-11-29T02:11:11.899+0000] {processor.py:154} INFO - Started process (PID=244) to work on /home/airflow/.local/lib/python3.7/site-packages/airflow/example_dags/example_complex.py
[2024-11-29T02:11:11.901+0000] {processor.py:756} INFO - Processing file /home/airflow/.local/lib/python3.7/site-packages/airflow/example_dags/example_complex.py for tasks to queue
[2024-11-29T02:11:11.904+0000] {logging_mixin.py:120} INFO - [2024-11-29T02:11:11.903+0000] {dagbag.py:537} INFO - Filling up the DagBag from /home/airflow/.local/lib/python3.7/site-packages/airflow/example_dags/example_complex.py
[2024-11-29T02:11:11.924+0000] {logging_mixin.py:120} INFO - [2024-11-29T02:11:11.924+0000] {taskmixin.py:205} WARNING - Dependency <Task(BashOperator): create_entry_group>, delete_entry_group already registered for DAG: example_complex
[2024-11-29T02:11:11.925+0000] {logging_mixin.py:120} INFO - [2024-11-29T02:11:11.925+0000] {taskmixin.py:205} WARNING - Dependency <Task(BashOperator): delete_entry_group>, create_entry_group already registered for DAG: example_complex
[2024-11-29T02:11:11.926+0000] {logging_mixin.py:120} INFO - [2024-11-29T02:11:11.926+0000] {taskmixin.py:205} WARNING - Dependency <Task(BashOperator): create_entry_gcs>, delete_entry already registered for DAG: example_complex
[2024-11-29T02:11:11.926+0000] {logging_mixin.py:120} INFO - [2024-11-29T02:11:11.926+0000] {taskmixin.py:205} WARNING - Dependency <Task(BashOperator): delete_entry>, create_entry_gcs already registered for DAG: example_complex
[2024-11-29T02:11:11.927+0000] {logging_mixin.py:120} INFO - [2024-11-29T02:11:11.927+0000] {taskmixin.py:205} WARNING - Dependency <Task(BashOperator): create_tag>, delete_tag already registered for DAG: example_complex
[2024-11-29T02:11:11.928+0000] {logging_mixin.py:120} INFO - [2024-11-29T02:11:11.928+0000] {taskmixin.py:205} WARNING - Dependency <Task(BashOperator): delete_tag>, create_tag already registered for DAG: example_complex
[2024-11-29T02:11:11.937+0000] {processor.py:766} INFO - DAG(s) dict_keys(['example_complex']) retrieved from /home/airflow/.local/lib/python3.7/site-packages/airflow/example_dags/example_complex.py
[2024-11-29T02:11:12.008+0000] {logging_mixin.py:120} INFO - [2024-11-29T02:11:12.008+0000] {dag.py:2585} INFO - Sync 1 DAGs
[2024-11-29T02:11:12.047+0000] {logging_mixin.py:120} INFO - [2024-11-29T02:11:12.047+0000] {dag.py:3340} INFO - Setting next_dagrun for example_complex to None, run_after=None
[2024-11-29T02:11:12.080+0000] {processor.py:176} INFO - Processing /home/airflow/.local/lib/python3.7/site-packages/airflow/example_dags/example_complex.py took 0.186 seconds
[2024-11-29T02:11:42.536+0000] {processor.py:154} INFO - Started process (PID=301) to work on /home/airflow/.local/lib/python3.7/site-packages/airflow/example_dags/example_complex.py
[2024-11-29T02:11:42.538+0000] {processor.py:756} INFO - Processing file /home/airflow/.local/lib/python3.7/site-packages/airflow/example_dags/example_complex.py for tasks to queue
[2024-11-29T02:11:42.539+0000] {logging_mixin.py:120} INFO - [2024-11-29T02:11:42.539+0000] {dagbag.py:537} INFO - Filling up the DagBag from /home/airflow/.local/lib/python3.7/site-packages/airflow/example_dags/example_complex.py
[2024-11-29T02:11:42.551+0000] {logging_mixin.py:120} INFO - [2024-11-29T02:11:42.551+0000] {taskmixin.py:205} WARNING - Dependency <Task(BashOperator): create_entry_group>, delete_entry_group already registered for DAG: example_complex
[2024-11-29T02:11:42.552+0000] {logging_mixin.py:120} INFO - [2024-11-29T02:11:42.552+0000] {taskmixin.py:205} WARNING - Dependency <Task(BashOperator): delete_entry_group>, create_entry_group already registered for DAG: example_complex
[2024-11-29T02:11:42.553+0000] {logging_mixin.py:120} INFO - [2024-11-29T02:11:42.553+0000] {taskmixin.py:205} WARNING - Dependency <Task(BashOperator): create_entry_gcs>, delete_entry already registered for DAG: example_complex
[2024-11-29T02:11:42.553+0000] {logging_mixin.py:120} INFO - [2024-11-29T02:11:42.553+0000] {taskmixin.py:205} WARNING - Dependency <Task(BashOperator): delete_entry>, create_entry_gcs already registered for DAG: example_complex
[2024-11-29T02:11:42.554+0000] {logging_mixin.py:120} INFO - [2024-11-29T02:11:42.554+0000] {taskmixin.py:205} WARNING - Dependency <Task(BashOperator): create_tag>, delete_tag already registered for DAG: example_complex
[2024-11-29T02:11:42.554+0000] {logging_mixin.py:120} INFO - [2024-11-29T02:11:42.554+0000] {taskmixin.py:205} WARNING - Dependency <Task(BashOperator): delete_tag>, create_tag already registered for DAG: example_complex
[2024-11-29T02:11:42.566+0000] {processor.py:766} INFO - DAG(s) dict_keys(['example_complex']) retrieved from /home/airflow/.local/lib/python3.7/site-packages/airflow/example_dags/example_complex.py
[2024-11-29T02:11:42.621+0000] {logging_mixin.py:120} INFO - [2024-11-29T02:11:42.621+0000] {dag.py:2585} INFO - Sync 1 DAGs
[2024-11-29T02:11:42.653+0000] {logging_mixin.py:120} INFO - [2024-11-29T02:11:42.653+0000] {dag.py:3340} INFO - Setting next_dagrun for example_complex to None, run_after=None
[2024-11-29T02:11:42.687+0000] {processor.py:176} INFO - Processing /home/airflow/.local/lib/python3.7/site-packages/airflow/example_dags/example_complex.py took 0.154 seconds
[2024-11-29T02:12:12.972+0000] {processor.py:154} INFO - Started process (PID=365) to work on /home/airflow/.local/lib/python3.7/site-packages/airflow/example_dags/example_complex.py
[2024-11-29T02:12:12.973+0000] {processor.py:756} INFO - Processing file /home/airflow/.local/lib/python3.7/site-packages/airflow/example_dags/example_complex.py for tasks to queue
[2024-11-29T02:12:12.974+0000] {logging_mixin.py:120} INFO - [2024-11-29T02:12:12.974+0000] {dagbag.py:537} INFO - Filling up the DagBag from /home/airflow/.local/lib/python3.7/site-packages/airflow/example_dags/example_complex.py
[2024-11-29T02:12:12.991+0000] {logging_mixin.py:120} INFO - [2024-11-29T02:12:12.991+0000] {taskmixin.py:205} WARNING - Dependency <Task(BashOperator): create_entry_group>, delete_entry_group already registered for DAG: example_complex
[2024-11-29T02:12:12.992+0000] {logging_mixin.py:120} INFO - [2024-11-29T02:12:12.992+0000] {taskmixin.py:205} WARNING - Dependency <Task(BashOperator): delete_entry_group>, create_entry_group already registered for DAG: example_complex
[2024-11-29T02:12:12.993+0000] {logging_mixin.py:120} INFO - [2024-11-29T02:12:12.993+0000] {taskmixin.py:205} WARNING - Dependency <Task(BashOperator): create_entry_gcs>, delete_entry already registered for DAG: example_complex
[2024-11-29T02:12:12.993+0000] {logging_mixin.py:120} INFO - [2024-11-29T02:12:12.993+0000] {taskmixin.py:205} WARNING - Dependency <Task(BashOperator): delete_entry>, create_entry_gcs already registered for DAG: example_complex
[2024-11-29T02:12:12.994+0000] {logging_mixin.py:120} INFO - [2024-11-29T02:12:12.994+0000] {taskmixin.py:205} WARNING - Dependency <Task(BashOperator): create_tag>, delete_tag already registered for DAG: example_complex
[2024-11-29T02:12:12.994+0000] {logging_mixin.py:120} INFO - [2024-11-29T02:12:12.994+0000] {taskmixin.py:205} WARNING - Dependency <Task(BashOperator): delete_tag>, create_tag already registered for DAG: example_complex
[2024-11-29T02:12:13.003+0000] {processor.py:766} INFO - DAG(s) dict_keys(['example_complex']) retrieved from /home/airflow/.local/lib/python3.7/site-packages/airflow/example_dags/example_complex.py
[2024-11-29T02:12:13.061+0000] {logging_mixin.py:120} INFO - [2024-11-29T02:12:13.061+0000] {dag.py:2585} INFO - Sync 1 DAGs
[2024-11-29T02:12:13.095+0000] {logging_mixin.py:120} INFO - [2024-11-29T02:12:13.095+0000] {dag.py:3340} INFO - Setting next_dagrun for example_complex to None, run_after=None
[2024-11-29T02:12:13.127+0000] {processor.py:176} INFO - Processing /home/airflow/.local/lib/python3.7/site-packages/airflow/example_dags/example_complex.py took 0.159 seconds
[2024-11-29T02:12:43.190+0000] {processor.py:154} INFO - Started process (PID=420) to work on /home/airflow/.local/lib/python3.7/site-packages/airflow/example_dags/example_complex.py
[2024-11-29T02:12:43.191+0000] {processor.py:756} INFO - Processing file /home/airflow/.local/lib/python3.7/site-packages/airflow/example_dags/example_complex.py for tasks to queue
[2024-11-29T02:12:43.192+0000] {logging_mixin.py:120} INFO - [2024-11-29T02:12:43.192+0000] {dagbag.py:537} INFO - Filling up the DagBag from /home/airflow/.local/lib/python3.7/site-packages/airflow/example_dags/example_complex.py
[2024-11-29T02:12:43.206+0000] {logging_mixin.py:120} INFO - [2024-11-29T02:12:43.206+0000] {taskmixin.py:205} WARNING - Dependency <Task(BashOperator): create_entry_group>, delete_entry_group already registered for DAG: example_complex
[2024-11-29T02:12:43.207+0000] {logging_mixin.py:120} INFO - [2024-11-29T02:12:43.207+0000] {taskmixin.py:205} WARNING - Dependency <Task(BashOperator): delete_entry_group>, create_entry_group already registered for DAG: example_complex
[2024-11-29T02:12:43.208+0000] {logging_mixin.py:120} INFO - [2024-11-29T02:12:43.207+0000] {taskmixin.py:205} WARNING - Dependency <Task(BashOperator): create_entry_gcs>, delete_entry already registered for DAG: example_complex
[2024-11-29T02:12:43.208+0000] {logging_mixin.py:120} INFO - [2024-11-29T02:12:43.208+0000] {taskmixin.py:205} WARNING - Dependency <Task(BashOperator): delete_entry>, create_entry_gcs already registered for DAG: example_complex
[2024-11-29T02:12:43.209+0000] {logging_mixin.py:120} INFO - [2024-11-29T02:12:43.208+0000] {taskmixin.py:205} WARNING - Dependency <Task(BashOperator): create_tag>, delete_tag already registered for DAG: example_complex
[2024-11-29T02:12:43.209+0000] {logging_mixin.py:120} INFO - [2024-11-29T02:12:43.209+0000] {taskmixin.py:205} WARNING - Dependency <Task(BashOperator): delete_tag>, create_tag already registered for DAG: example_complex
[2024-11-29T02:12:43.219+0000] {processor.py:766} INFO - DAG(s) dict_keys(['example_complex']) retrieved from /home/airflow/.local/lib/python3.7/site-packages/airflow/example_dags/example_complex.py
[2024-11-29T02:12:43.275+0000] {logging_mixin.py:120} INFO - [2024-11-29T02:12:43.275+0000] {dag.py:2585} INFO - Sync 1 DAGs
[2024-11-29T02:12:43.302+0000] {logging_mixin.py:120} INFO - [2024-11-29T02:12:43.302+0000] {dag.py:3340} INFO - Setting next_dagrun for example_complex to None, run_after=None
[2024-11-29T02:12:43.328+0000] {processor.py:176} INFO - Processing /home/airflow/.local/lib/python3.7/site-packages/airflow/example_dags/example_complex.py took 0.143 seconds
[2024-11-29T02:13:13.858+0000] {processor.py:154} INFO - Started process (PID=484) to work on /home/airflow/.local/lib/python3.7/site-packages/airflow/example_dags/example_complex.py
[2024-11-29T02:13:13.859+0000] {processor.py:756} INFO - Processing file /home/airflow/.local/lib/python3.7/site-packages/airflow/example_dags/example_complex.py for tasks to queue
[2024-11-29T02:13:13.861+0000] {logging_mixin.py:120} INFO - [2024-11-29T02:13:13.861+0000] {dagbag.py:537} INFO - Filling up the DagBag from /home/airflow/.local/lib/python3.7/site-packages/airflow/example_dags/example_complex.py
[2024-11-29T02:13:13.873+0000] {logging_mixin.py:120} INFO - [2024-11-29T02:13:13.873+0000] {taskmixin.py:205} WARNING - Dependency <Task(BashOperator): create_entry_group>, delete_entry_group already registered for DAG: example_complex
[2024-11-29T02:13:13.874+0000] {logging_mixin.py:120} INFO - [2024-11-29T02:13:13.874+0000] {taskmixin.py:205} WARNING - Dependency <Task(BashOperator): delete_entry_group>, create_entry_group already registered for DAG: example_complex
[2024-11-29T02:13:13.875+0000] {logging_mixin.py:120} INFO - [2024-11-29T02:13:13.875+0000] {taskmixin.py:205} WARNING - Dependency <Task(BashOperator): create_entry_gcs>, delete_entry already registered for DAG: example_complex
[2024-11-29T02:13:13.876+0000] {logging_mixin.py:120} INFO - [2024-11-29T02:13:13.876+0000] {taskmixin.py:205} WARNING - Dependency <Task(BashOperator): delete_entry>, create_entry_gcs already registered for DAG: example_complex
[2024-11-29T02:13:13.877+0000] {logging_mixin.py:120} INFO - [2024-11-29T02:13:13.876+0000] {taskmixin.py:205} WARNING - Dependency <Task(BashOperator): create_tag>, delete_tag already registered for DAG: example_complex
[2024-11-29T02:13:13.877+0000] {logging_mixin.py:120} INFO - [2024-11-29T02:13:13.877+0000] {taskmixin.py:205} WARNING - Dependency <Task(BashOperator): delete_tag>, create_tag already registered for DAG: example_complex
[2024-11-29T02:13:13.886+0000] {processor.py:766} INFO - DAG(s) dict_keys(['example_complex']) retrieved from /home/airflow/.local/lib/python3.7/site-packages/airflow/example_dags/example_complex.py
[2024-11-29T02:13:13.940+0000] {logging_mixin.py:120} INFO - [2024-11-29T02:13:13.940+0000] {dag.py:2585} INFO - Sync 1 DAGs
[2024-11-29T02:13:13.968+0000] {logging_mixin.py:120} INFO - [2024-11-29T02:13:13.968+0000] {dag.py:3340} INFO - Setting next_dagrun for example_complex to None, run_after=None
[2024-11-29T02:13:13.996+0000] {processor.py:176} INFO - Processing /home/airflow/.local/lib/python3.7/site-packages/airflow/example_dags/example_complex.py took 0.142 seconds
[2024-11-29T02:13:44.364+0000] {processor.py:154} INFO - Started process (PID=548) to work on /home/airflow/.local/lib/python3.7/site-packages/airflow/example_dags/example_complex.py
[2024-11-29T02:13:44.365+0000] {processor.py:756} INFO - Processing file /home/airflow/.local/lib/python3.7/site-packages/airflow/example_dags/example_complex.py for tasks to queue
[2024-11-29T02:13:44.367+0000] {logging_mixin.py:120} INFO - [2024-11-29T02:13:44.366+0000] {dagbag.py:537} INFO - Filling up the DagBag from /home/airflow/.local/lib/python3.7/site-packages/airflow/example_dags/example_complex.py
[2024-11-29T02:13:44.383+0000] {logging_mixin.py:120} INFO - [2024-11-29T02:13:44.382+0000] {taskmixin.py:205} WARNING - Dependency <Task(BashOperator): create_entry_group>, delete_entry_group already registered for DAG: example_complex
[2024-11-29T02:13:44.384+0000] {logging_mixin.py:120} INFO - [2024-11-29T02:13:44.383+0000] {taskmixin.py:205} WARNING - Dependency <Task(BashOperator): delete_entry_group>, create_entry_group already registered for DAG: example_complex
[2024-11-29T02:13:44.385+0000] {logging_mixin.py:120} INFO - [2024-11-29T02:13:44.384+0000] {taskmixin.py:205} WARNING - Dependency <Task(BashOperator): create_entry_gcs>, delete_entry already registered for DAG: example_complex
[2024-11-29T02:13:44.385+0000] {logging_mixin.py:120} INFO - [2024-11-29T02:13:44.385+0000] {taskmixin.py:205} WARNING - Dependency <Task(BashOperator): delete_entry>, create_entry_gcs already registered for DAG: example_complex
[2024-11-29T02:13:44.387+0000] {logging_mixin.py:120} INFO - [2024-11-29T02:13:44.386+0000] {taskmixin.py:205} WARNING - Dependency <Task(BashOperator): create_tag>, delete_tag already registered for DAG: example_complex
[2024-11-29T02:13:44.387+0000] {logging_mixin.py:120} INFO - [2024-11-29T02:13:44.387+0000] {taskmixin.py:205} WARNING - Dependency <Task(BashOperator): delete_tag>, create_tag already registered for DAG: example_complex
[2024-11-29T02:13:44.397+0000] {processor.py:766} INFO - DAG(s) dict_keys(['example_complex']) retrieved from /home/airflow/.local/lib/python3.7/site-packages/airflow/example_dags/example_complex.py
[2024-11-29T02:13:44.455+0000] {logging_mixin.py:120} INFO - [2024-11-29T02:13:44.455+0000] {dag.py:2585} INFO - Sync 1 DAGs
[2024-11-29T02:13:44.482+0000] {logging_mixin.py:120} INFO - [2024-11-29T02:13:44.482+0000] {dag.py:3340} INFO - Setting next_dagrun for example_complex to None, run_after=None
[2024-11-29T02:13:44.510+0000] {processor.py:176} INFO - Processing /home/airflow/.local/lib/python3.7/site-packages/airflow/example_dags/example_complex.py took 0.153 seconds
[2024-11-29T02:14:14.973+0000] {processor.py:154} INFO - Started process (PID=605) to work on /home/airflow/.local/lib/python3.7/site-packages/airflow/example_dags/example_complex.py
[2024-11-29T02:14:14.974+0000] {processor.py:756} INFO - Processing file /home/airflow/.local/lib/python3.7/site-packages/airflow/example_dags/example_complex.py for tasks to queue
[2024-11-29T02:14:14.975+0000] {logging_mixin.py:120} INFO - [2024-11-29T02:14:14.975+0000] {dagbag.py:537} INFO - Filling up the DagBag from /home/airflow/.local/lib/python3.7/site-packages/airflow/example_dags/example_complex.py
[2024-11-29T02:14:14.993+0000] {logging_mixin.py:120} INFO - [2024-11-29T02:14:14.993+0000] {taskmixin.py:205} WARNING - Dependency <Task(BashOperator): create_entry_group>, delete_entry_group already registered for DAG: example_complex
[2024-11-29T02:14:14.994+0000] {logging_mixin.py:120} INFO - [2024-11-29T02:14:14.994+0000] {taskmixin.py:205} WARNING - Dependency <Task(BashOperator): delete_entry_group>, create_entry_group already registered for DAG: example_complex
[2024-11-29T02:14:14.995+0000] {logging_mixin.py:120} INFO - [2024-11-29T02:14:14.995+0000] {taskmixin.py:205} WARNING - Dependency <Task(BashOperator): create_entry_gcs>, delete_entry already registered for DAG: example_complex
[2024-11-29T02:14:14.996+0000] {logging_mixin.py:120} INFO - [2024-11-29T02:14:14.995+0000] {taskmixin.py:205} WARNING - Dependency <Task(BashOperator): delete_entry>, create_entry_gcs already registered for DAG: example_complex
[2024-11-29T02:14:14.997+0000] {logging_mixin.py:120} INFO - [2024-11-29T02:14:14.997+0000] {taskmixin.py:205} WARNING - Dependency <Task(BashOperator): create_tag>, delete_tag already registered for DAG: example_complex
[2024-11-29T02:14:14.998+0000] {logging_mixin.py:120} INFO - [2024-11-29T02:14:14.998+0000] {taskmixin.py:205} WARNING - Dependency <Task(BashOperator): delete_tag>, create_tag already registered for DAG: example_complex
[2024-11-29T02:14:15.016+0000] {processor.py:766} INFO - DAG(s) dict_keys(['example_complex']) retrieved from /home/airflow/.local/lib/python3.7/site-packages/airflow/example_dags/example_complex.py
[2024-11-29T02:14:15.124+0000] {logging_mixin.py:120} INFO - [2024-11-29T02:14:15.124+0000] {dag.py:2585} INFO - Sync 1 DAGs
[2024-11-29T02:14:15.184+0000] {logging_mixin.py:120} INFO - [2024-11-29T02:14:15.183+0000] {dag.py:3340} INFO - Setting next_dagrun for example_complex to None, run_after=None
[2024-11-29T02:14:15.240+0000] {processor.py:176} INFO - Processing /home/airflow/.local/lib/python3.7/site-packages/airflow/example_dags/example_complex.py took 0.272 seconds
[2024-11-29T02:14:45.432+0000] {processor.py:154} INFO - Started process (PID=670) to work on /home/airflow/.local/lib/python3.7/site-packages/airflow/example_dags/example_complex.py
[2024-11-29T02:14:45.436+0000] {processor.py:756} INFO - Processing file /home/airflow/.local/lib/python3.7/site-packages/airflow/example_dags/example_complex.py for tasks to queue
[2024-11-29T02:14:45.439+0000] {logging_mixin.py:120} INFO - [2024-11-29T02:14:45.438+0000] {dagbag.py:537} INFO - Filling up the DagBag from /home/airflow/.local/lib/python3.7/site-packages/airflow/example_dags/example_complex.py
[2024-11-29T02:14:45.473+0000] {logging_mixin.py:120} INFO - [2024-11-29T02:14:45.473+0000] {taskmixin.py:205} WARNING - Dependency <Task(BashOperator): create_entry_group>, delete_entry_group already registered for DAG: example_complex
[2024-11-29T02:14:45.475+0000] {logging_mixin.py:120} INFO - [2024-11-29T02:14:45.474+0000] {taskmixin.py:205} WARNING - Dependency <Task(BashOperator): delete_entry_group>, create_entry_group already registered for DAG: example_complex
[2024-11-29T02:14:45.476+0000] {logging_mixin.py:120} INFO - [2024-11-29T02:14:45.476+0000] {taskmixin.py:205} WARNING - Dependency <Task(BashOperator): create_entry_gcs>, delete_entry already registered for DAG: example_complex
[2024-11-29T02:14:45.477+0000] {logging_mixin.py:120} INFO - [2024-11-29T02:14:45.477+0000] {taskmixin.py:205} WARNING - Dependency <Task(BashOperator): delete_entry>, create_entry_gcs already registered for DAG: example_complex
[2024-11-29T02:14:45.479+0000] {logging_mixin.py:120} INFO - [2024-11-29T02:14:45.479+0000] {taskmixin.py:205} WARNING - Dependency <Task(BashOperator): create_tag>, delete_tag already registered for DAG: example_complex
[2024-11-29T02:14:45.480+0000] {logging_mixin.py:120} INFO - [2024-11-29T02:14:45.480+0000] {taskmixin.py:205} WARNING - Dependency <Task(BashOperator): delete_tag>, create_tag already registered for DAG: example_complex
[2024-11-29T02:14:45.500+0000] {processor.py:766} INFO - DAG(s) dict_keys(['example_complex']) retrieved from /home/airflow/.local/lib/python3.7/site-packages/airflow/example_dags/example_complex.py
[2024-11-29T02:14:45.626+0000] {logging_mixin.py:120} INFO - [2024-11-29T02:14:45.625+0000] {dag.py:2585} INFO - Sync 1 DAGs
[2024-11-29T02:14:45.693+0000] {logging_mixin.py:120} INFO - [2024-11-29T02:14:45.692+0000] {dag.py:3340} INFO - Setting next_dagrun for example_complex to None, run_after=None
[2024-11-29T02:14:45.737+0000] {processor.py:176} INFO - Processing /home/airflow/.local/lib/python3.7/site-packages/airflow/example_dags/example_complex.py took 0.315 seconds
[2024-11-29T02:15:15.970+0000] {processor.py:154} INFO - Started process (PID=734) to work on /home/airflow/.local/lib/python3.7/site-packages/airflow/example_dags/example_complex.py
[2024-11-29T02:15:15.972+0000] {processor.py:756} INFO - Processing file /home/airflow/.local/lib/python3.7/site-packages/airflow/example_dags/example_complex.py for tasks to queue
[2024-11-29T02:15:15.973+0000] {logging_mixin.py:120} INFO - [2024-11-29T02:15:15.973+0000] {dagbag.py:537} INFO - Filling up the DagBag from /home/airflow/.local/lib/python3.7/site-packages/airflow/example_dags/example_complex.py
[2024-11-29T02:15:15.993+0000] {logging_mixin.py:120} INFO - [2024-11-29T02:15:15.993+0000] {taskmixin.py:205} WARNING - Dependency <Task(BashOperator): create_entry_group>, delete_entry_group already registered for DAG: example_complex
[2024-11-29T02:15:15.994+0000] {logging_mixin.py:120} INFO - [2024-11-29T02:15:15.994+0000] {taskmixin.py:205} WARNING - Dependency <Task(BashOperator): delete_entry_group>, create_entry_group already registered for DAG: example_complex
[2024-11-29T02:15:15.995+0000] {logging_mixin.py:120} INFO - [2024-11-29T02:15:15.995+0000] {taskmixin.py:205} WARNING - Dependency <Task(BashOperator): create_entry_gcs>, delete_entry already registered for DAG: example_complex
[2024-11-29T02:15:15.996+0000] {logging_mixin.py:120} INFO - [2024-11-29T02:15:15.995+0000] {taskmixin.py:205} WARNING - Dependency <Task(BashOperator): delete_entry>, create_entry_gcs already registered for DAG: example_complex
[2024-11-29T02:15:15.996+0000] {logging_mixin.py:120} INFO - [2024-11-29T02:15:15.996+0000] {taskmixin.py:205} WARNING - Dependency <Task(BashOperator): create_tag>, delete_tag already registered for DAG: example_complex
[2024-11-29T02:15:15.997+0000] {logging_mixin.py:120} INFO - [2024-11-29T02:15:15.997+0000] {taskmixin.py:205} WARNING - Dependency <Task(BashOperator): delete_tag>, create_tag already registered for DAG: example_complex
[2024-11-29T02:15:16.008+0000] {processor.py:766} INFO - DAG(s) dict_keys(['example_complex']) retrieved from /home/airflow/.local/lib/python3.7/site-packages/airflow/example_dags/example_complex.py
[2024-11-29T02:15:16.074+0000] {logging_mixin.py:120} INFO - [2024-11-29T02:15:16.074+0000] {dag.py:2585} INFO - Sync 1 DAGs
[2024-11-29T02:15:16.116+0000] {logging_mixin.py:120} INFO - [2024-11-29T02:15:16.116+0000] {dag.py:3340} INFO - Setting next_dagrun for example_complex to None, run_after=None
[2024-11-29T02:15:16.141+0000] {processor.py:176} INFO - Processing /home/airflow/.local/lib/python3.7/site-packages/airflow/example_dags/example_complex.py took 0.177 seconds
