[2024-11-29T02:08:55.038+0000] {processor.py:154} INFO - Started process (PID=87) to work on /home/airflow/.local/lib/python3.7/site-packages/airflow/example_dags/example_short_circuit_decorator.py
[2024-11-29T02:08:55.040+0000] {processor.py:756} INFO - Processing file /home/airflow/.local/lib/python3.7/site-packages/airflow/example_dags/example_short_circuit_decorator.py for tasks to queue
[2024-11-29T02:08:55.042+0000] {logging_mixin.py:120} INFO - [2024-11-29T02:08:55.042+0000] {dagbag.py:537} INFO - Filling up the DagBag from /home/airflow/.local/lib/python3.7/site-packages/airflow/example_dags/example_short_circuit_decorator.py
[2024-11-29T02:08:55.112+0000] {processor.py:766} INFO - DAG(s) dict_keys(['example_short_circuit_decorator']) retrieved from /home/airflow/.local/lib/python3.7/site-packages/airflow/example_dags/example_short_circuit_decorator.py
[2024-11-29T02:08:55.211+0000] {logging_mixin.py:120} INFO - [2024-11-29T02:08:55.211+0000] {dag.py:2585} INFO - Sync 1 DAGs
[2024-11-29T02:08:55.314+0000] {logging_mixin.py:120} INFO - [2024-11-29T02:08:55.314+0000] {dag.py:3340} INFO - Setting next_dagrun for example_short_circuit_decorator to 2024-11-28T02:08:55.313675+00:00, run_after=2024-11-29T02:08:55.313675+00:00
[2024-11-29T02:08:55.367+0000] {processor.py:176} INFO - Processing /home/airflow/.local/lib/python3.7/site-packages/airflow/example_dags/example_short_circuit_decorator.py took 0.336 seconds
[2024-11-29T02:09:41.734+0000] {processor.py:154} INFO - Started process (PID=79) to work on /home/airflow/.local/lib/python3.7/site-packages/airflow/example_dags/example_short_circuit_decorator.py
[2024-11-29T02:09:41.743+0000] {processor.py:756} INFO - Processing file /home/airflow/.local/lib/python3.7/site-packages/airflow/example_dags/example_short_circuit_decorator.py for tasks to queue
[2024-11-29T02:09:41.745+0000] {logging_mixin.py:120} INFO - [2024-11-29T02:09:41.745+0000] {dagbag.py:537} INFO - Filling up the DagBag from /home/airflow/.local/lib/python3.7/site-packages/airflow/example_dags/example_short_circuit_decorator.py
[2024-11-29T02:09:41.823+0000] {processor.py:766} INFO - DAG(s) dict_keys(['example_short_circuit_decorator']) retrieved from /home/airflow/.local/lib/python3.7/site-packages/airflow/example_dags/example_short_circuit_decorator.py
[2024-11-29T02:09:41.935+0000] {logging_mixin.py:120} INFO - [2024-11-29T02:09:41.935+0000] {dag.py:2585} INFO - Sync 1 DAGs
[2024-11-29T02:09:41.994+0000] {logging_mixin.py:120} INFO - [2024-11-29T02:09:41.994+0000] {dag.py:3340} INFO - Setting next_dagrun for example_short_circuit_decorator to 2024-11-28T02:09:41.994032+00:00, run_after=2024-11-29T02:09:41.994032+00:00
[2024-11-29T02:09:42.063+0000] {processor.py:176} INFO - Processing /home/airflow/.local/lib/python3.7/site-packages/airflow/example_dags/example_short_circuit_decorator.py took 0.337 seconds
[2024-11-29T02:10:12.464+0000] {processor.py:154} INFO - Started process (PID=134) to work on /home/airflow/.local/lib/python3.7/site-packages/airflow/example_dags/example_short_circuit_decorator.py
[2024-11-29T02:10:12.467+0000] {processor.py:756} INFO - Processing file /home/airflow/.local/lib/python3.7/site-packages/airflow/example_dags/example_short_circuit_decorator.py for tasks to queue
[2024-11-29T02:10:12.468+0000] {logging_mixin.py:120} INFO - [2024-11-29T02:10:12.468+0000] {dagbag.py:537} INFO - Filling up the DagBag from /home/airflow/.local/lib/python3.7/site-packages/airflow/example_dags/example_short_circuit_decorator.py
[2024-11-29T02:10:12.504+0000] {processor.py:766} INFO - DAG(s) dict_keys(['example_short_circuit_decorator']) retrieved from /home/airflow/.local/lib/python3.7/site-packages/airflow/example_dags/example_short_circuit_decorator.py
[2024-11-29T02:10:12.571+0000] {logging_mixin.py:120} INFO - [2024-11-29T02:10:12.571+0000] {dag.py:2585} INFO - Sync 1 DAGs
[2024-11-29T02:10:12.619+0000] {logging_mixin.py:120} INFO - [2024-11-29T02:10:12.619+0000] {dag.py:3340} INFO - Setting next_dagrun for example_short_circuit_decorator to 2024-11-28T02:10:12.618884+00:00, run_after=2024-11-29T02:10:12.618884+00:00
[2024-11-29T02:10:12.652+0000] {processor.py:176} INFO - Processing /home/airflow/.local/lib/python3.7/site-packages/airflow/example_dags/example_short_circuit_decorator.py took 0.193 seconds
[2024-11-29T02:10:43.484+0000] {processor.py:154} INFO - Started process (PID=199) to work on /home/airflow/.local/lib/python3.7/site-packages/airflow/example_dags/example_short_circuit_decorator.py
[2024-11-29T02:10:43.485+0000] {processor.py:756} INFO - Processing file /home/airflow/.local/lib/python3.7/site-packages/airflow/example_dags/example_short_circuit_decorator.py for tasks to queue
[2024-11-29T02:10:43.487+0000] {logging_mixin.py:120} INFO - [2024-11-29T02:10:43.486+0000] {dagbag.py:537} INFO - Filling up the DagBag from /home/airflow/.local/lib/python3.7/site-packages/airflow/example_dags/example_short_circuit_decorator.py
[2024-11-29T02:10:43.522+0000] {processor.py:766} INFO - DAG(s) dict_keys(['example_short_circuit_decorator']) retrieved from /home/airflow/.local/lib/python3.7/site-packages/airflow/example_dags/example_short_circuit_decorator.py
[2024-11-29T02:10:43.575+0000] {logging_mixin.py:120} INFO - [2024-11-29T02:10:43.575+0000] {dag.py:2585} INFO - Sync 1 DAGs
[2024-11-29T02:10:43.609+0000] {logging_mixin.py:120} INFO - [2024-11-29T02:10:43.608+0000] {dag.py:3340} INFO - Setting next_dagrun for example_short_circuit_decorator to 2024-11-28T02:10:43.608593+00:00, run_after=2024-11-29T02:10:43.608593+00:00
[2024-11-29T02:10:43.634+0000] {processor.py:176} INFO - Processing /home/airflow/.local/lib/python3.7/site-packages/airflow/example_dags/example_short_circuit_decorator.py took 0.154 seconds
[2024-11-29T02:11:13.972+0000] {processor.py:154} INFO - Started process (PID=263) to work on /home/airflow/.local/lib/python3.7/site-packages/airflow/example_dags/example_short_circuit_decorator.py
[2024-11-29T02:11:13.974+0000] {processor.py:756} INFO - Processing file /home/airflow/.local/lib/python3.7/site-packages/airflow/example_dags/example_short_circuit_decorator.py for tasks to queue
[2024-11-29T02:11:13.975+0000] {logging_mixin.py:120} INFO - [2024-11-29T02:11:13.975+0000] {dagbag.py:537} INFO - Filling up the DagBag from /home/airflow/.local/lib/python3.7/site-packages/airflow/example_dags/example_short_circuit_decorator.py
[2024-11-29T02:11:14.008+0000] {processor.py:766} INFO - DAG(s) dict_keys(['example_short_circuit_decorator']) retrieved from /home/airflow/.local/lib/python3.7/site-packages/airflow/example_dags/example_short_circuit_decorator.py
[2024-11-29T02:11:14.062+0000] {logging_mixin.py:120} INFO - [2024-11-29T02:11:14.061+0000] {dag.py:2585} INFO - Sync 1 DAGs
[2024-11-29T02:11:14.092+0000] {logging_mixin.py:120} INFO - [2024-11-29T02:11:14.092+0000] {dag.py:3340} INFO - Setting next_dagrun for example_short_circuit_decorator to 2024-11-28T02:11:14.092199+00:00, run_after=2024-11-29T02:11:14.092199+00:00
[2024-11-29T02:11:14.124+0000] {processor.py:176} INFO - Processing /home/airflow/.local/lib/python3.7/site-packages/airflow/example_dags/example_short_circuit_decorator.py took 0.157 seconds
[2024-11-29T02:11:44.561+0000] {processor.py:154} INFO - Started process (PID=318) to work on /home/airflow/.local/lib/python3.7/site-packages/airflow/example_dags/example_short_circuit_decorator.py
[2024-11-29T02:11:44.563+0000] {processor.py:756} INFO - Processing file /home/airflow/.local/lib/python3.7/site-packages/airflow/example_dags/example_short_circuit_decorator.py for tasks to queue
[2024-11-29T02:11:44.564+0000] {logging_mixin.py:120} INFO - [2024-11-29T02:11:44.564+0000] {dagbag.py:537} INFO - Filling up the DagBag from /home/airflow/.local/lib/python3.7/site-packages/airflow/example_dags/example_short_circuit_decorator.py
[2024-11-29T02:11:44.600+0000] {processor.py:766} INFO - DAG(s) dict_keys(['example_short_circuit_decorator']) retrieved from /home/airflow/.local/lib/python3.7/site-packages/airflow/example_dags/example_short_circuit_decorator.py
[2024-11-29T02:11:44.663+0000] {logging_mixin.py:120} INFO - [2024-11-29T02:11:44.663+0000] {dag.py:2585} INFO - Sync 1 DAGs
[2024-11-29T02:11:44.693+0000] {logging_mixin.py:120} INFO - [2024-11-29T02:11:44.693+0000] {dag.py:3340} INFO - Setting next_dagrun for example_short_circuit_decorator to 2024-11-28T02:11:44.693155+00:00, run_after=2024-11-29T02:11:44.693155+00:00
[2024-11-29T02:11:44.721+0000] {processor.py:176} INFO - Processing /home/airflow/.local/lib/python3.7/site-packages/airflow/example_dags/example_short_circuit_decorator.py took 0.164 seconds
[2024-11-29T02:12:15.056+0000] {processor.py:154} INFO - Started process (PID=382) to work on /home/airflow/.local/lib/python3.7/site-packages/airflow/example_dags/example_short_circuit_decorator.py
[2024-11-29T02:12:15.057+0000] {processor.py:756} INFO - Processing file /home/airflow/.local/lib/python3.7/site-packages/airflow/example_dags/example_short_circuit_decorator.py for tasks to queue
[2024-11-29T02:12:15.059+0000] {logging_mixin.py:120} INFO - [2024-11-29T02:12:15.058+0000] {dagbag.py:537} INFO - Filling up the DagBag from /home/airflow/.local/lib/python3.7/site-packages/airflow/example_dags/example_short_circuit_decorator.py
[2024-11-29T02:12:15.092+0000] {processor.py:766} INFO - DAG(s) dict_keys(['example_short_circuit_decorator']) retrieved from /home/airflow/.local/lib/python3.7/site-packages/airflow/example_dags/example_short_circuit_decorator.py
[2024-11-29T02:12:15.147+0000] {logging_mixin.py:120} INFO - [2024-11-29T02:12:15.147+0000] {dag.py:2585} INFO - Sync 1 DAGs
[2024-11-29T02:12:15.181+0000] {logging_mixin.py:120} INFO - [2024-11-29T02:12:15.181+0000] {dag.py:3340} INFO - Setting next_dagrun for example_short_circuit_decorator to 2024-11-28T02:12:15.181038+00:00, run_after=2024-11-29T02:12:15.181038+00:00
[2024-11-29T02:12:15.213+0000] {processor.py:176} INFO - Processing /home/airflow/.local/lib/python3.7/site-packages/airflow/example_dags/example_short_circuit_decorator.py took 0.162 seconds
[2024-11-29T02:12:45.560+0000] {processor.py:154} INFO - Started process (PID=437) to work on /home/airflow/.local/lib/python3.7/site-packages/airflow/example_dags/example_short_circuit_decorator.py
[2024-11-29T02:12:45.562+0000] {processor.py:756} INFO - Processing file /home/airflow/.local/lib/python3.7/site-packages/airflow/example_dags/example_short_circuit_decorator.py for tasks to queue
[2024-11-29T02:12:45.564+0000] {logging_mixin.py:120} INFO - [2024-11-29T02:12:45.564+0000] {dagbag.py:537} INFO - Filling up the DagBag from /home/airflow/.local/lib/python3.7/site-packages/airflow/example_dags/example_short_circuit_decorator.py
[2024-11-29T02:12:45.600+0000] {processor.py:766} INFO - DAG(s) dict_keys(['example_short_circuit_decorator']) retrieved from /home/airflow/.local/lib/python3.7/site-packages/airflow/example_dags/example_short_circuit_decorator.py
[2024-11-29T02:12:45.656+0000] {logging_mixin.py:120} INFO - [2024-11-29T02:12:45.656+0000] {dag.py:2585} INFO - Sync 1 DAGs
[2024-11-29T02:12:45.691+0000] {logging_mixin.py:120} INFO - [2024-11-29T02:12:45.691+0000] {dag.py:3340} INFO - Setting next_dagrun for example_short_circuit_decorator to 2024-11-28T02:12:45.691169+00:00, run_after=2024-11-29T02:12:45.691169+00:00
[2024-11-29T02:12:45.725+0000] {processor.py:176} INFO - Processing /home/airflow/.local/lib/python3.7/site-packages/airflow/example_dags/example_short_circuit_decorator.py took 0.171 seconds
[2024-11-29T02:13:16.036+0000] {processor.py:154} INFO - Started process (PID=501) to work on /home/airflow/.local/lib/python3.7/site-packages/airflow/example_dags/example_short_circuit_decorator.py
[2024-11-29T02:13:16.038+0000] {processor.py:756} INFO - Processing file /home/airflow/.local/lib/python3.7/site-packages/airflow/example_dags/example_short_circuit_decorator.py for tasks to queue
[2024-11-29T02:13:16.039+0000] {logging_mixin.py:120} INFO - [2024-11-29T02:13:16.039+0000] {dagbag.py:537} INFO - Filling up the DagBag from /home/airflow/.local/lib/python3.7/site-packages/airflow/example_dags/example_short_circuit_decorator.py
[2024-11-29T02:13:16.066+0000] {processor.py:766} INFO - DAG(s) dict_keys(['example_short_circuit_decorator']) retrieved from /home/airflow/.local/lib/python3.7/site-packages/airflow/example_dags/example_short_circuit_decorator.py
[2024-11-29T02:13:16.111+0000] {logging_mixin.py:120} INFO - [2024-11-29T02:13:16.111+0000] {dag.py:2585} INFO - Sync 1 DAGs
[2024-11-29T02:13:16.148+0000] {logging_mixin.py:120} INFO - [2024-11-29T02:13:16.147+0000] {dag.py:3340} INFO - Setting next_dagrun for example_short_circuit_decorator to 2024-11-28T02:13:16.147571+00:00, run_after=2024-11-29T02:13:16.147571+00:00
[2024-11-29T02:13:16.176+0000] {processor.py:176} INFO - Processing /home/airflow/.local/lib/python3.7/site-packages/airflow/example_dags/example_short_circuit_decorator.py took 0.144 seconds
[2024-11-29T02:13:47.104+0000] {processor.py:154} INFO - Started process (PID=565) to work on /home/airflow/.local/lib/python3.7/site-packages/airflow/example_dags/example_short_circuit_decorator.py
[2024-11-29T02:13:47.105+0000] {processor.py:756} INFO - Processing file /home/airflow/.local/lib/python3.7/site-packages/airflow/example_dags/example_short_circuit_decorator.py for tasks to queue
[2024-11-29T02:13:47.106+0000] {logging_mixin.py:120} INFO - [2024-11-29T02:13:47.106+0000] {dagbag.py:537} INFO - Filling up the DagBag from /home/airflow/.local/lib/python3.7/site-packages/airflow/example_dags/example_short_circuit_decorator.py
[2024-11-29T02:13:47.134+0000] {processor.py:766} INFO - DAG(s) dict_keys(['example_short_circuit_decorator']) retrieved from /home/airflow/.local/lib/python3.7/site-packages/airflow/example_dags/example_short_circuit_decorator.py
[2024-11-29T02:13:47.181+0000] {logging_mixin.py:120} INFO - [2024-11-29T02:13:47.180+0000] {dag.py:2585} INFO - Sync 1 DAGs
[2024-11-29T02:13:47.214+0000] {logging_mixin.py:120} INFO - [2024-11-29T02:13:47.214+0000] {dag.py:3340} INFO - Setting next_dagrun for example_short_circuit_decorator to 2024-11-28T02:13:47.214090+00:00, run_after=2024-11-29T02:13:47.214090+00:00
[2024-11-29T02:13:47.246+0000] {processor.py:176} INFO - Processing /home/airflow/.local/lib/python3.7/site-packages/airflow/example_dags/example_short_circuit_decorator.py took 0.146 seconds
[2024-11-29T02:14:17.835+0000] {processor.py:154} INFO - Started process (PID=629) to work on /home/airflow/.local/lib/python3.7/site-packages/airflow/example_dags/example_short_circuit_decorator.py
[2024-11-29T02:14:17.837+0000] {processor.py:756} INFO - Processing file /home/airflow/.local/lib/python3.7/site-packages/airflow/example_dags/example_short_circuit_decorator.py for tasks to queue
[2024-11-29T02:14:17.839+0000] {logging_mixin.py:120} INFO - [2024-11-29T02:14:17.838+0000] {dagbag.py:537} INFO - Filling up the DagBag from /home/airflow/.local/lib/python3.7/site-packages/airflow/example_dags/example_short_circuit_decorator.py
[2024-11-29T02:14:17.870+0000] {processor.py:766} INFO - DAG(s) dict_keys(['example_short_circuit_decorator']) retrieved from /home/airflow/.local/lib/python3.7/site-packages/airflow/example_dags/example_short_circuit_decorator.py
[2024-11-29T02:14:17.916+0000] {logging_mixin.py:120} INFO - [2024-11-29T02:14:17.916+0000] {dag.py:2585} INFO - Sync 1 DAGs
[2024-11-29T02:14:17.951+0000] {logging_mixin.py:120} INFO - [2024-11-29T02:14:17.951+0000] {dag.py:3340} INFO - Setting next_dagrun for example_short_circuit_decorator to 2024-11-28T02:14:17.950739+00:00, run_after=2024-11-29T02:14:17.950739+00:00
[2024-11-29T02:14:17.982+0000] {processor.py:176} INFO - Processing /home/airflow/.local/lib/python3.7/site-packages/airflow/example_dags/example_short_circuit_decorator.py took 0.152 seconds
[2024-11-29T02:14:48.388+0000] {processor.py:154} INFO - Started process (PID=687) to work on /home/airflow/.local/lib/python3.7/site-packages/airflow/example_dags/example_short_circuit_decorator.py
[2024-11-29T02:14:48.390+0000] {processor.py:756} INFO - Processing file /home/airflow/.local/lib/python3.7/site-packages/airflow/example_dags/example_short_circuit_decorator.py for tasks to queue
[2024-11-29T02:14:48.392+0000] {logging_mixin.py:120} INFO - [2024-11-29T02:14:48.392+0000] {dagbag.py:537} INFO - Filling up the DagBag from /home/airflow/.local/lib/python3.7/site-packages/airflow/example_dags/example_short_circuit_decorator.py
[2024-11-29T02:14:48.427+0000] {processor.py:766} INFO - DAG(s) dict_keys(['example_short_circuit_decorator']) retrieved from /home/airflow/.local/lib/python3.7/site-packages/airflow/example_dags/example_short_circuit_decorator.py
[2024-11-29T02:14:48.473+0000] {logging_mixin.py:120} INFO - [2024-11-29T02:14:48.473+0000] {dag.py:2585} INFO - Sync 1 DAGs
[2024-11-29T02:14:48.504+0000] {logging_mixin.py:120} INFO - [2024-11-29T02:14:48.503+0000] {dag.py:3340} INFO - Setting next_dagrun for example_short_circuit_decorator to 2024-11-28T02:14:48.503306+00:00, run_after=2024-11-29T02:14:48.503306+00:00
[2024-11-29T02:14:48.532+0000] {processor.py:176} INFO - Processing /home/airflow/.local/lib/python3.7/site-packages/airflow/example_dags/example_short_circuit_decorator.py took 0.148 seconds
[2024-11-29T02:15:19.105+0000] {processor.py:154} INFO - Started process (PID=751) to work on /home/airflow/.local/lib/python3.7/site-packages/airflow/example_dags/example_short_circuit_decorator.py
[2024-11-29T02:15:19.107+0000] {processor.py:756} INFO - Processing file /home/airflow/.local/lib/python3.7/site-packages/airflow/example_dags/example_short_circuit_decorator.py for tasks to queue
[2024-11-29T02:15:19.109+0000] {logging_mixin.py:120} INFO - [2024-11-29T02:15:19.108+0000] {dagbag.py:537} INFO - Filling up the DagBag from /home/airflow/.local/lib/python3.7/site-packages/airflow/example_dags/example_short_circuit_decorator.py
[2024-11-29T02:15:19.144+0000] {processor.py:766} INFO - DAG(s) dict_keys(['example_short_circuit_decorator']) retrieved from /home/airflow/.local/lib/python3.7/site-packages/airflow/example_dags/example_short_circuit_decorator.py
[2024-11-29T02:15:19.211+0000] {logging_mixin.py:120} INFO - [2024-11-29T02:15:19.211+0000] {dag.py:2585} INFO - Sync 1 DAGs
[2024-11-29T02:15:19.267+0000] {logging_mixin.py:120} INFO - [2024-11-29T02:15:19.266+0000] {dag.py:3340} INFO - Setting next_dagrun for example_short_circuit_decorator to 2024-11-28T02:15:19.266307+00:00, run_after=2024-11-29T02:15:19.266307+00:00
[2024-11-29T02:15:19.325+0000] {processor.py:176} INFO - Processing /home/airflow/.local/lib/python3.7/site-packages/airflow/example_dags/example_short_circuit_decorator.py took 0.227 seconds
