[2024-11-29T02:08:52.077+0000] {processor.py:154} INFO - Started process (PID=78) to work on /home/airflow/.local/lib/python3.7/site-packages/airflow/example_dags/example_task_group_decorator.py
[2024-11-29T02:08:52.079+0000] {processor.py:756} INFO - Processing file /home/airflow/.local/lib/python3.7/site-packages/airflow/example_dags/example_task_group_decorator.py for tasks to queue
[2024-11-29T02:08:52.081+0000] {logging_mixin.py:120} INFO - [2024-11-29T02:08:52.081+0000] {dagbag.py:537} INFO - Filling up the DagBag from /home/airflow/.local/lib/python3.7/site-packages/airflow/example_dags/example_task_group_decorator.py
[2024-11-29T02:08:52.134+0000] {processor.py:766} INFO - DAG(s) dict_keys(['example_task_group_decorator']) retrieved from /home/airflow/.local/lib/python3.7/site-packages/airflow/example_dags/example_task_group_decorator.py
[2024-11-29T02:08:52.234+0000] {logging_mixin.py:120} INFO - [2024-11-29T02:08:52.233+0000] {dag.py:2585} INFO - Sync 1 DAGs
[2024-11-29T02:08:52.302+0000] {logging_mixin.py:120} INFO - [2024-11-29T02:08:52.301+0000] {dag.py:3340} INFO - Setting next_dagrun for example_task_group_decorator to 2024-11-28T02:08:52.300537+00:00, run_after=2024-11-29T02:08:52.300537+00:00
[2024-11-29T02:08:52.341+0000] {processor.py:176} INFO - Processing /home/airflow/.local/lib/python3.7/site-packages/airflow/example_dags/example_task_group_decorator.py took 0.270 seconds
[2024-11-29T02:09:39.988+0000] {processor.py:154} INFO - Started process (PID=70) to work on /home/airflow/.local/lib/python3.7/site-packages/airflow/example_dags/example_task_group_decorator.py
[2024-11-29T02:09:39.990+0000] {processor.py:756} INFO - Processing file /home/airflow/.local/lib/python3.7/site-packages/airflow/example_dags/example_task_group_decorator.py for tasks to queue
[2024-11-29T02:09:39.991+0000] {logging_mixin.py:120} INFO - [2024-11-29T02:09:39.991+0000] {dagbag.py:537} INFO - Filling up the DagBag from /home/airflow/.local/lib/python3.7/site-packages/airflow/example_dags/example_task_group_decorator.py
[2024-11-29T02:09:40.033+0000] {processor.py:766} INFO - DAG(s) dict_keys(['example_task_group_decorator']) retrieved from /home/airflow/.local/lib/python3.7/site-packages/airflow/example_dags/example_task_group_decorator.py
[2024-11-29T02:09:40.093+0000] {logging_mixin.py:120} INFO - [2024-11-29T02:09:40.093+0000] {dag.py:2585} INFO - Sync 1 DAGs
[2024-11-29T02:09:40.129+0000] {logging_mixin.py:120} INFO - [2024-11-29T02:09:40.129+0000] {dag.py:3340} INFO - Setting next_dagrun for example_task_group_decorator to 2024-11-28T02:09:40.129223+00:00, run_after=2024-11-29T02:09:40.129223+00:00
[2024-11-29T02:09:40.166+0000] {processor.py:176} INFO - Processing /home/airflow/.local/lib/python3.7/site-packages/airflow/example_dags/example_task_group_decorator.py took 0.182 seconds
[2024-11-29T02:10:11.141+0000] {processor.py:154} INFO - Started process (PID=125) to work on /home/airflow/.local/lib/python3.7/site-packages/airflow/example_dags/example_task_group_decorator.py
[2024-11-29T02:10:11.142+0000] {processor.py:756} INFO - Processing file /home/airflow/.local/lib/python3.7/site-packages/airflow/example_dags/example_task_group_decorator.py for tasks to queue
[2024-11-29T02:10:11.144+0000] {logging_mixin.py:120} INFO - [2024-11-29T02:10:11.143+0000] {dagbag.py:537} INFO - Filling up the DagBag from /home/airflow/.local/lib/python3.7/site-packages/airflow/example_dags/example_task_group_decorator.py
[2024-11-29T02:10:11.178+0000] {processor.py:766} INFO - DAG(s) dict_keys(['example_task_group_decorator']) retrieved from /home/airflow/.local/lib/python3.7/site-packages/airflow/example_dags/example_task_group_decorator.py
[2024-11-29T02:10:11.235+0000] {logging_mixin.py:120} INFO - [2024-11-29T02:10:11.234+0000] {dag.py:2585} INFO - Sync 1 DAGs
[2024-11-29T02:10:11.281+0000] {logging_mixin.py:120} INFO - [2024-11-29T02:10:11.281+0000] {dag.py:3340} INFO - Setting next_dagrun for example_task_group_decorator to 2024-11-28T02:10:11.281116+00:00, run_after=2024-11-29T02:10:11.281116+00:00
[2024-11-29T02:10:11.312+0000] {processor.py:176} INFO - Processing /home/airflow/.local/lib/python3.7/site-packages/airflow/example_dags/example_task_group_decorator.py took 0.176 seconds
[2024-11-29T02:10:42.036+0000] {processor.py:154} INFO - Started process (PID=190) to work on /home/airflow/.local/lib/python3.7/site-packages/airflow/example_dags/example_task_group_decorator.py
[2024-11-29T02:10:42.038+0000] {processor.py:756} INFO - Processing file /home/airflow/.local/lib/python3.7/site-packages/airflow/example_dags/example_task_group_decorator.py for tasks to queue
[2024-11-29T02:10:42.040+0000] {logging_mixin.py:120} INFO - [2024-11-29T02:10:42.039+0000] {dagbag.py:537} INFO - Filling up the DagBag from /home/airflow/.local/lib/python3.7/site-packages/airflow/example_dags/example_task_group_decorator.py
[2024-11-29T02:10:42.092+0000] {processor.py:766} INFO - DAG(s) dict_keys(['example_task_group_decorator']) retrieved from /home/airflow/.local/lib/python3.7/site-packages/airflow/example_dags/example_task_group_decorator.py
[2024-11-29T02:10:42.185+0000] {logging_mixin.py:120} INFO - [2024-11-29T02:10:42.184+0000] {dag.py:2585} INFO - Sync 1 DAGs
[2024-11-29T02:10:42.267+0000] {logging_mixin.py:120} INFO - [2024-11-29T02:10:42.267+0000] {dag.py:3340} INFO - Setting next_dagrun for example_task_group_decorator to 2024-11-28T02:10:42.267050+00:00, run_after=2024-11-29T02:10:42.267050+00:00
[2024-11-29T02:10:42.314+0000] {processor.py:176} INFO - Processing /home/airflow/.local/lib/python3.7/site-packages/airflow/example_dags/example_task_group_decorator.py took 0.283 seconds
[2024-11-29T02:11:12.786+0000] {processor.py:154} INFO - Started process (PID=254) to work on /home/airflow/.local/lib/python3.7/site-packages/airflow/example_dags/example_task_group_decorator.py
[2024-11-29T02:11:12.788+0000] {processor.py:756} INFO - Processing file /home/airflow/.local/lib/python3.7/site-packages/airflow/example_dags/example_task_group_decorator.py for tasks to queue
[2024-11-29T02:11:12.789+0000] {logging_mixin.py:120} INFO - [2024-11-29T02:11:12.789+0000] {dagbag.py:537} INFO - Filling up the DagBag from /home/airflow/.local/lib/python3.7/site-packages/airflow/example_dags/example_task_group_decorator.py
[2024-11-29T02:11:12.828+0000] {processor.py:766} INFO - DAG(s) dict_keys(['example_task_group_decorator']) retrieved from /home/airflow/.local/lib/python3.7/site-packages/airflow/example_dags/example_task_group_decorator.py
[2024-11-29T02:11:12.883+0000] {logging_mixin.py:120} INFO - [2024-11-29T02:11:12.882+0000] {dag.py:2585} INFO - Sync 1 DAGs
[2024-11-29T02:11:12.921+0000] {logging_mixin.py:120} INFO - [2024-11-29T02:11:12.921+0000] {dag.py:3340} INFO - Setting next_dagrun for example_task_group_decorator to 2024-11-28T02:11:12.920998+00:00, run_after=2024-11-29T02:11:12.920998+00:00
[2024-11-29T02:11:12.961+0000] {processor.py:176} INFO - Processing /home/airflow/.local/lib/python3.7/site-packages/airflow/example_dags/example_task_group_decorator.py took 0.180 seconds
[2024-11-29T02:11:43.435+0000] {processor.py:154} INFO - Started process (PID=309) to work on /home/airflow/.local/lib/python3.7/site-packages/airflow/example_dags/example_task_group_decorator.py
[2024-11-29T02:11:43.436+0000] {processor.py:756} INFO - Processing file /home/airflow/.local/lib/python3.7/site-packages/airflow/example_dags/example_task_group_decorator.py for tasks to queue
[2024-11-29T02:11:43.437+0000] {logging_mixin.py:120} INFO - [2024-11-29T02:11:43.437+0000] {dagbag.py:537} INFO - Filling up the DagBag from /home/airflow/.local/lib/python3.7/site-packages/airflow/example_dags/example_task_group_decorator.py
[2024-11-29T02:11:43.473+0000] {processor.py:766} INFO - DAG(s) dict_keys(['example_task_group_decorator']) retrieved from /home/airflow/.local/lib/python3.7/site-packages/airflow/example_dags/example_task_group_decorator.py
[2024-11-29T02:11:43.527+0000] {logging_mixin.py:120} INFO - [2024-11-29T02:11:43.527+0000] {dag.py:2585} INFO - Sync 1 DAGs
[2024-11-29T02:11:43.558+0000] {logging_mixin.py:120} INFO - [2024-11-29T02:11:43.558+0000] {dag.py:3340} INFO - Setting next_dagrun for example_task_group_decorator to 2024-11-28T02:11:43.558002+00:00, run_after=2024-11-29T02:11:43.558002+00:00
[2024-11-29T02:11:43.587+0000] {processor.py:176} INFO - Processing /home/airflow/.local/lib/python3.7/site-packages/airflow/example_dags/example_task_group_decorator.py took 0.157 seconds
[2024-11-29T02:12:13.656+0000] {processor.py:154} INFO - Started process (PID=372) to work on /home/airflow/.local/lib/python3.7/site-packages/airflow/example_dags/example_task_group_decorator.py
[2024-11-29T02:12:13.657+0000] {processor.py:756} INFO - Processing file /home/airflow/.local/lib/python3.7/site-packages/airflow/example_dags/example_task_group_decorator.py for tasks to queue
[2024-11-29T02:12:13.658+0000] {logging_mixin.py:120} INFO - [2024-11-29T02:12:13.658+0000] {dagbag.py:537} INFO - Filling up the DagBag from /home/airflow/.local/lib/python3.7/site-packages/airflow/example_dags/example_task_group_decorator.py
[2024-11-29T02:12:13.695+0000] {processor.py:766} INFO - DAG(s) dict_keys(['example_task_group_decorator']) retrieved from /home/airflow/.local/lib/python3.7/site-packages/airflow/example_dags/example_task_group_decorator.py
[2024-11-29T02:12:13.742+0000] {logging_mixin.py:120} INFO - [2024-11-29T02:12:13.742+0000] {dag.py:2585} INFO - Sync 1 DAGs
[2024-11-29T02:12:13.772+0000] {logging_mixin.py:120} INFO - [2024-11-29T02:12:13.772+0000] {dag.py:3340} INFO - Setting next_dagrun for example_task_group_decorator to 2024-11-28T02:12:13.771957+00:00, run_after=2024-11-29T02:12:13.771957+00:00
[2024-11-29T02:12:13.807+0000] {processor.py:176} INFO - Processing /home/airflow/.local/lib/python3.7/site-packages/airflow/example_dags/example_task_group_decorator.py took 0.155 seconds
[2024-11-29T02:12:43.937+0000] {processor.py:154} INFO - Started process (PID=427) to work on /home/airflow/.local/lib/python3.7/site-packages/airflow/example_dags/example_task_group_decorator.py
[2024-11-29T02:12:43.938+0000] {processor.py:756} INFO - Processing file /home/airflow/.local/lib/python3.7/site-packages/airflow/example_dags/example_task_group_decorator.py for tasks to queue
[2024-11-29T02:12:43.939+0000] {logging_mixin.py:120} INFO - [2024-11-29T02:12:43.939+0000] {dagbag.py:537} INFO - Filling up the DagBag from /home/airflow/.local/lib/python3.7/site-packages/airflow/example_dags/example_task_group_decorator.py
[2024-11-29T02:12:43.971+0000] {processor.py:766} INFO - DAG(s) dict_keys(['example_task_group_decorator']) retrieved from /home/airflow/.local/lib/python3.7/site-packages/airflow/example_dags/example_task_group_decorator.py
[2024-11-29T02:12:44.027+0000] {logging_mixin.py:120} INFO - [2024-11-29T02:12:44.027+0000] {dag.py:2585} INFO - Sync 1 DAGs
[2024-11-29T02:12:44.058+0000] {logging_mixin.py:120} INFO - [2024-11-29T02:12:44.058+0000] {dag.py:3340} INFO - Setting next_dagrun for example_task_group_decorator to 2024-11-28T02:12:44.057972+00:00, run_after=2024-11-29T02:12:44.057972+00:00
[2024-11-29T02:12:44.085+0000] {processor.py:176} INFO - Processing /home/airflow/.local/lib/python3.7/site-packages/airflow/example_dags/example_task_group_decorator.py took 0.153 seconds
[2024-11-29T02:13:14.556+0000] {processor.py:154} INFO - Started process (PID=491) to work on /home/airflow/.local/lib/python3.7/site-packages/airflow/example_dags/example_task_group_decorator.py
[2024-11-29T02:13:14.558+0000] {processor.py:756} INFO - Processing file /home/airflow/.local/lib/python3.7/site-packages/airflow/example_dags/example_task_group_decorator.py for tasks to queue
[2024-11-29T02:13:14.559+0000] {logging_mixin.py:120} INFO - [2024-11-29T02:13:14.559+0000] {dagbag.py:537} INFO - Filling up the DagBag from /home/airflow/.local/lib/python3.7/site-packages/airflow/example_dags/example_task_group_decorator.py
[2024-11-29T02:13:14.590+0000] {processor.py:766} INFO - DAG(s) dict_keys(['example_task_group_decorator']) retrieved from /home/airflow/.local/lib/python3.7/site-packages/airflow/example_dags/example_task_group_decorator.py
[2024-11-29T02:13:14.641+0000] {logging_mixin.py:120} INFO - [2024-11-29T02:13:14.641+0000] {dag.py:2585} INFO - Sync 1 DAGs
[2024-11-29T02:13:14.671+0000] {logging_mixin.py:120} INFO - [2024-11-29T02:13:14.671+0000] {dag.py:3340} INFO - Setting next_dagrun for example_task_group_decorator to 2024-11-28T02:13:14.670918+00:00, run_after=2024-11-29T02:13:14.670918+00:00
[2024-11-29T02:13:14.699+0000] {processor.py:176} INFO - Processing /home/airflow/.local/lib/python3.7/site-packages/airflow/example_dags/example_task_group_decorator.py took 0.146 seconds
[2024-11-29T02:13:45.021+0000] {processor.py:154} INFO - Started process (PID=555) to work on /home/airflow/.local/lib/python3.7/site-packages/airflow/example_dags/example_task_group_decorator.py
[2024-11-29T02:13:45.022+0000] {processor.py:756} INFO - Processing file /home/airflow/.local/lib/python3.7/site-packages/airflow/example_dags/example_task_group_decorator.py for tasks to queue
[2024-11-29T02:13:45.024+0000] {logging_mixin.py:120} INFO - [2024-11-29T02:13:45.023+0000] {dagbag.py:537} INFO - Filling up the DagBag from /home/airflow/.local/lib/python3.7/site-packages/airflow/example_dags/example_task_group_decorator.py
[2024-11-29T02:13:45.060+0000] {processor.py:766} INFO - DAG(s) dict_keys(['example_task_group_decorator']) retrieved from /home/airflow/.local/lib/python3.7/site-packages/airflow/example_dags/example_task_group_decorator.py
[2024-11-29T02:13:45.120+0000] {logging_mixin.py:120} INFO - [2024-11-29T02:13:45.119+0000] {dag.py:2585} INFO - Sync 1 DAGs
[2024-11-29T02:13:45.151+0000] {logging_mixin.py:120} INFO - [2024-11-29T02:13:45.151+0000] {dag.py:3340} INFO - Setting next_dagrun for example_task_group_decorator to 2024-11-28T02:13:45.150761+00:00, run_after=2024-11-29T02:13:45.150761+00:00
[2024-11-29T02:13:45.180+0000] {processor.py:176} INFO - Processing /home/airflow/.local/lib/python3.7/site-packages/airflow/example_dags/example_task_group_decorator.py took 0.163 seconds
[2024-11-29T02:14:15.890+0000] {processor.py:154} INFO - Started process (PID=613) to work on /home/airflow/.local/lib/python3.7/site-packages/airflow/example_dags/example_task_group_decorator.py
[2024-11-29T02:14:15.891+0000] {processor.py:756} INFO - Processing file /home/airflow/.local/lib/python3.7/site-packages/airflow/example_dags/example_task_group_decorator.py for tasks to queue
[2024-11-29T02:14:15.892+0000] {logging_mixin.py:120} INFO - [2024-11-29T02:14:15.892+0000] {dagbag.py:537} INFO - Filling up the DagBag from /home/airflow/.local/lib/python3.7/site-packages/airflow/example_dags/example_task_group_decorator.py
[2024-11-29T02:14:15.922+0000] {processor.py:766} INFO - DAG(s) dict_keys(['example_task_group_decorator']) retrieved from /home/airflow/.local/lib/python3.7/site-packages/airflow/example_dags/example_task_group_decorator.py
[2024-11-29T02:14:15.978+0000] {logging_mixin.py:120} INFO - [2024-11-29T02:14:15.978+0000] {dag.py:2585} INFO - Sync 1 DAGs
[2024-11-29T02:14:16.014+0000] {logging_mixin.py:120} INFO - [2024-11-29T02:14:16.014+0000] {dag.py:3340} INFO - Setting next_dagrun for example_task_group_decorator to 2024-11-28T02:14:16.014066+00:00, run_after=2024-11-29T02:14:16.014066+00:00
[2024-11-29T02:14:16.043+0000] {processor.py:176} INFO - Processing /home/airflow/.local/lib/python3.7/site-packages/airflow/example_dags/example_task_group_decorator.py took 0.157 seconds
[2024-11-29T02:14:46.443+0000] {processor.py:154} INFO - Started process (PID=678) to work on /home/airflow/.local/lib/python3.7/site-packages/airflow/example_dags/example_task_group_decorator.py
[2024-11-29T02:14:46.444+0000] {processor.py:756} INFO - Processing file /home/airflow/.local/lib/python3.7/site-packages/airflow/example_dags/example_task_group_decorator.py for tasks to queue
[2024-11-29T02:14:46.445+0000] {logging_mixin.py:120} INFO - [2024-11-29T02:14:46.445+0000] {dagbag.py:537} INFO - Filling up the DagBag from /home/airflow/.local/lib/python3.7/site-packages/airflow/example_dags/example_task_group_decorator.py
[2024-11-29T02:14:46.483+0000] {processor.py:766} INFO - DAG(s) dict_keys(['example_task_group_decorator']) retrieved from /home/airflow/.local/lib/python3.7/site-packages/airflow/example_dags/example_task_group_decorator.py
[2024-11-29T02:14:46.533+0000] {logging_mixin.py:120} INFO - [2024-11-29T02:14:46.533+0000] {dag.py:2585} INFO - Sync 1 DAGs
[2024-11-29T02:14:46.559+0000] {logging_mixin.py:120} INFO - [2024-11-29T02:14:46.559+0000] {dag.py:3340} INFO - Setting next_dagrun for example_task_group_decorator to 2024-11-28T02:14:46.558707+00:00, run_after=2024-11-29T02:14:46.558707+00:00
[2024-11-29T02:14:46.590+0000] {processor.py:176} INFO - Processing /home/airflow/.local/lib/python3.7/site-packages/airflow/example_dags/example_task_group_decorator.py took 0.151 seconds
[2024-11-29T02:15:16.779+0000] {processor.py:154} INFO - Started process (PID=742) to work on /home/airflow/.local/lib/python3.7/site-packages/airflow/example_dags/example_task_group_decorator.py
[2024-11-29T02:15:16.782+0000] {processor.py:756} INFO - Processing file /home/airflow/.local/lib/python3.7/site-packages/airflow/example_dags/example_task_group_decorator.py for tasks to queue
[2024-11-29T02:15:16.783+0000] {logging_mixin.py:120} INFO - [2024-11-29T02:15:16.783+0000] {dagbag.py:537} INFO - Filling up the DagBag from /home/airflow/.local/lib/python3.7/site-packages/airflow/example_dags/example_task_group_decorator.py
[2024-11-29T02:15:16.830+0000] {processor.py:766} INFO - DAG(s) dict_keys(['example_task_group_decorator']) retrieved from /home/airflow/.local/lib/python3.7/site-packages/airflow/example_dags/example_task_group_decorator.py
[2024-11-29T02:15:16.902+0000] {logging_mixin.py:120} INFO - [2024-11-29T02:15:16.902+0000] {dag.py:2585} INFO - Sync 1 DAGs
[2024-11-29T02:15:16.950+0000] {logging_mixin.py:120} INFO - [2024-11-29T02:15:16.950+0000] {dag.py:3340} INFO - Setting next_dagrun for example_task_group_decorator to 2024-11-28T02:15:16.949924+00:00, run_after=2024-11-29T02:15:16.949924+00:00
[2024-11-29T02:15:17.004+0000] {processor.py:176} INFO - Processing /home/airflow/.local/lib/python3.7/site-packages/airflow/example_dags/example_task_group_decorator.py took 0.232 seconds
