[2024-11-29T02:08:50.952+0000] {processor.py:154} INFO - Started process (PID=65) to work on /home/airflow/.local/lib/python3.7/site-packages/airflow/example_dags/example_latest_only_with_trigger.py
[2024-11-29T02:08:50.954+0000] {processor.py:756} INFO - Processing file /home/airflow/.local/lib/python3.7/site-packages/airflow/example_dags/example_latest_only_with_trigger.py for tasks to queue
[2024-11-29T02:08:50.956+0000] {logging_mixin.py:120} INFO - [2024-11-29T02:08:50.956+0000] {dagbag.py:537} INFO - Filling up the DagBag from /home/airflow/.local/lib/python3.7/site-packages/airflow/example_dags/example_latest_only_with_trigger.py
[2024-11-29T02:08:50.986+0000] {processor.py:766} INFO - DAG(s) dict_keys(['latest_only_with_trigger']) retrieved from /home/airflow/.local/lib/python3.7/site-packages/airflow/example_dags/example_latest_only_with_trigger.py
[2024-11-29T02:08:51.082+0000] {logging_mixin.py:120} INFO - [2024-11-29T02:08:51.082+0000] {dag.py:2585} INFO - Sync 1 DAGs
[2024-11-29T02:08:51.187+0000] {logging_mixin.py:120} INFO - [2024-11-29T02:08:51.187+0000] {dag.py:3340} INFO - Setting next_dagrun for latest_only_with_trigger to 2024-11-28T22:08:51.176224+00:00, run_after=2024-11-29T02:08:51.176224+00:00
[2024-11-29T02:08:51.263+0000] {processor.py:176} INFO - Processing /home/airflow/.local/lib/python3.7/site-packages/airflow/example_dags/example_latest_only_with_trigger.py took 0.316 seconds
[2024-11-29T02:09:39.418+0000] {processor.py:154} INFO - Started process (PID=66) to work on /home/airflow/.local/lib/python3.7/site-packages/airflow/example_dags/example_latest_only_with_trigger.py
[2024-11-29T02:09:39.420+0000] {processor.py:756} INFO - Processing file /home/airflow/.local/lib/python3.7/site-packages/airflow/example_dags/example_latest_only_with_trigger.py for tasks to queue
[2024-11-29T02:09:39.421+0000] {logging_mixin.py:120} INFO - [2024-11-29T02:09:39.421+0000] {dagbag.py:537} INFO - Filling up the DagBag from /home/airflow/.local/lib/python3.7/site-packages/airflow/example_dags/example_latest_only_with_trigger.py
[2024-11-29T02:09:39.444+0000] {processor.py:766} INFO - DAG(s) dict_keys(['latest_only_with_trigger']) retrieved from /home/airflow/.local/lib/python3.7/site-packages/airflow/example_dags/example_latest_only_with_trigger.py
[2024-11-29T02:09:39.492+0000] {logging_mixin.py:120} INFO - [2024-11-29T02:09:39.492+0000] {dag.py:2585} INFO - Sync 1 DAGs
[2024-11-29T02:09:39.528+0000] {logging_mixin.py:120} INFO - [2024-11-29T02:09:39.527+0000] {dag.py:3340} INFO - Setting next_dagrun for latest_only_with_trigger to 2024-11-28T22:09:39.527619+00:00, run_after=2024-11-29T02:09:39.527619+00:00
[2024-11-29T02:09:39.559+0000] {processor.py:176} INFO - Processing /home/airflow/.local/lib/python3.7/site-packages/airflow/example_dags/example_latest_only_with_trigger.py took 0.146 seconds
[2024-11-29T02:10:10.562+0000] {processor.py:154} INFO - Started process (PID=121) to work on /home/airflow/.local/lib/python3.7/site-packages/airflow/example_dags/example_latest_only_with_trigger.py
[2024-11-29T02:10:10.564+0000] {processor.py:756} INFO - Processing file /home/airflow/.local/lib/python3.7/site-packages/airflow/example_dags/example_latest_only_with_trigger.py for tasks to queue
[2024-11-29T02:10:10.565+0000] {logging_mixin.py:120} INFO - [2024-11-29T02:10:10.565+0000] {dagbag.py:537} INFO - Filling up the DagBag from /home/airflow/.local/lib/python3.7/site-packages/airflow/example_dags/example_latest_only_with_trigger.py
[2024-11-29T02:10:10.584+0000] {processor.py:766} INFO - DAG(s) dict_keys(['latest_only_with_trigger']) retrieved from /home/airflow/.local/lib/python3.7/site-packages/airflow/example_dags/example_latest_only_with_trigger.py
[2024-11-29T02:10:10.638+0000] {logging_mixin.py:120} INFO - [2024-11-29T02:10:10.637+0000] {dag.py:2585} INFO - Sync 1 DAGs
[2024-11-29T02:10:10.678+0000] {logging_mixin.py:120} INFO - [2024-11-29T02:10:10.677+0000] {dag.py:3340} INFO - Setting next_dagrun for latest_only_with_trigger to 2024-11-28T22:10:10.677364+00:00, run_after=2024-11-29T02:10:10.677364+00:00
[2024-11-29T02:10:10.708+0000] {processor.py:176} INFO - Processing /home/airflow/.local/lib/python3.7/site-packages/airflow/example_dags/example_latest_only_with_trigger.py took 0.150 seconds
[2024-11-29T02:10:41.511+0000] {processor.py:154} INFO - Started process (PID=186) to work on /home/airflow/.local/lib/python3.7/site-packages/airflow/example_dags/example_latest_only_with_trigger.py
[2024-11-29T02:10:41.514+0000] {processor.py:756} INFO - Processing file /home/airflow/.local/lib/python3.7/site-packages/airflow/example_dags/example_latest_only_with_trigger.py for tasks to queue
[2024-11-29T02:10:41.516+0000] {logging_mixin.py:120} INFO - [2024-11-29T02:10:41.515+0000] {dagbag.py:537} INFO - Filling up the DagBag from /home/airflow/.local/lib/python3.7/site-packages/airflow/example_dags/example_latest_only_with_trigger.py
[2024-11-29T02:10:41.550+0000] {processor.py:766} INFO - DAG(s) dict_keys(['latest_only_with_trigger']) retrieved from /home/airflow/.local/lib/python3.7/site-packages/airflow/example_dags/example_latest_only_with_trigger.py
[2024-11-29T02:10:41.626+0000] {logging_mixin.py:120} INFO - [2024-11-29T02:10:41.626+0000] {dag.py:2585} INFO - Sync 1 DAGs
[2024-11-29T02:10:41.663+0000] {logging_mixin.py:120} INFO - [2024-11-29T02:10:41.663+0000] {dag.py:3340} INFO - Setting next_dagrun for latest_only_with_trigger to 2024-11-28T22:10:41.662972+00:00, run_after=2024-11-29T02:10:41.662972+00:00
[2024-11-29T02:10:41.698+0000] {processor.py:176} INFO - Processing /home/airflow/.local/lib/python3.7/site-packages/airflow/example_dags/example_latest_only_with_trigger.py took 0.192 seconds
[2024-11-29T02:11:12.310+0000] {processor.py:154} INFO - Started process (PID=250) to work on /home/airflow/.local/lib/python3.7/site-packages/airflow/example_dags/example_latest_only_with_trigger.py
[2024-11-29T02:11:12.312+0000] {processor.py:756} INFO - Processing file /home/airflow/.local/lib/python3.7/site-packages/airflow/example_dags/example_latest_only_with_trigger.py for tasks to queue
[2024-11-29T02:11:12.313+0000] {logging_mixin.py:120} INFO - [2024-11-29T02:11:12.313+0000] {dagbag.py:537} INFO - Filling up the DagBag from /home/airflow/.local/lib/python3.7/site-packages/airflow/example_dags/example_latest_only_with_trigger.py
[2024-11-29T02:11:12.332+0000] {processor.py:766} INFO - DAG(s) dict_keys(['latest_only_with_trigger']) retrieved from /home/airflow/.local/lib/python3.7/site-packages/airflow/example_dags/example_latest_only_with_trigger.py
[2024-11-29T02:11:12.389+0000] {logging_mixin.py:120} INFO - [2024-11-29T02:11:12.389+0000] {dag.py:2585} INFO - Sync 1 DAGs
[2024-11-29T02:11:12.427+0000] {logging_mixin.py:120} INFO - [2024-11-29T02:11:12.427+0000] {dag.py:3340} INFO - Setting next_dagrun for latest_only_with_trigger to 2024-11-28T22:11:12.426802+00:00, run_after=2024-11-29T02:11:12.426802+00:00
[2024-11-29T02:11:12.464+0000] {processor.py:176} INFO - Processing /home/airflow/.local/lib/python3.7/site-packages/airflow/example_dags/example_latest_only_with_trigger.py took 0.159 seconds
[2024-11-29T02:11:43.068+0000] {processor.py:154} INFO - Started process (PID=305) to work on /home/airflow/.local/lib/python3.7/site-packages/airflow/example_dags/example_latest_only_with_trigger.py
[2024-11-29T02:11:43.070+0000] {processor.py:756} INFO - Processing file /home/airflow/.local/lib/python3.7/site-packages/airflow/example_dags/example_latest_only_with_trigger.py for tasks to queue
[2024-11-29T02:11:43.071+0000] {logging_mixin.py:120} INFO - [2024-11-29T02:11:43.071+0000] {dagbag.py:537} INFO - Filling up the DagBag from /home/airflow/.local/lib/python3.7/site-packages/airflow/example_dags/example_latest_only_with_trigger.py
[2024-11-29T02:11:43.093+0000] {processor.py:766} INFO - DAG(s) dict_keys(['latest_only_with_trigger']) retrieved from /home/airflow/.local/lib/python3.7/site-packages/airflow/example_dags/example_latest_only_with_trigger.py
[2024-11-29T02:11:43.149+0000] {logging_mixin.py:120} INFO - [2024-11-29T02:11:43.148+0000] {dag.py:2585} INFO - Sync 1 DAGs
[2024-11-29T02:11:43.185+0000] {logging_mixin.py:120} INFO - [2024-11-29T02:11:43.184+0000] {dag.py:3340} INFO - Setting next_dagrun for latest_only_with_trigger to 2024-11-28T22:11:43.184458+00:00, run_after=2024-11-29T02:11:43.184458+00:00
[2024-11-29T02:11:43.228+0000] {processor.py:176} INFO - Processing /home/airflow/.local/lib/python3.7/site-packages/airflow/example_dags/example_latest_only_with_trigger.py took 0.163 seconds
[2024-11-29T02:12:13.374+0000] {processor.py:154} INFO - Started process (PID=369) to work on /home/airflow/.local/lib/python3.7/site-packages/airflow/example_dags/example_latest_only_with_trigger.py
[2024-11-29T02:12:13.376+0000] {processor.py:756} INFO - Processing file /home/airflow/.local/lib/python3.7/site-packages/airflow/example_dags/example_latest_only_with_trigger.py for tasks to queue
[2024-11-29T02:12:13.377+0000] {logging_mixin.py:120} INFO - [2024-11-29T02:12:13.377+0000] {dagbag.py:537} INFO - Filling up the DagBag from /home/airflow/.local/lib/python3.7/site-packages/airflow/example_dags/example_latest_only_with_trigger.py
[2024-11-29T02:12:13.400+0000] {processor.py:766} INFO - DAG(s) dict_keys(['latest_only_with_trigger']) retrieved from /home/airflow/.local/lib/python3.7/site-packages/airflow/example_dags/example_latest_only_with_trigger.py
[2024-11-29T02:12:13.449+0000] {logging_mixin.py:120} INFO - [2024-11-29T02:12:13.449+0000] {dag.py:2585} INFO - Sync 1 DAGs
[2024-11-29T02:12:13.493+0000] {logging_mixin.py:120} INFO - [2024-11-29T02:12:13.493+0000] {dag.py:3340} INFO - Setting next_dagrun for latest_only_with_trigger to 2024-11-28T22:12:13.492972+00:00, run_after=2024-11-29T02:12:13.492972+00:00
[2024-11-29T02:12:13.528+0000] {processor.py:176} INFO - Processing /home/airflow/.local/lib/python3.7/site-packages/airflow/example_dags/example_latest_only_with_trigger.py took 0.160 seconds
[2024-11-29T02:12:43.607+0000] {processor.py:154} INFO - Started process (PID=424) to work on /home/airflow/.local/lib/python3.7/site-packages/airflow/example_dags/example_latest_only_with_trigger.py
[2024-11-29T02:12:43.609+0000] {processor.py:756} INFO - Processing file /home/airflow/.local/lib/python3.7/site-packages/airflow/example_dags/example_latest_only_with_trigger.py for tasks to queue
[2024-11-29T02:12:43.610+0000] {logging_mixin.py:120} INFO - [2024-11-29T02:12:43.610+0000] {dagbag.py:537} INFO - Filling up the DagBag from /home/airflow/.local/lib/python3.7/site-packages/airflow/example_dags/example_latest_only_with_trigger.py
[2024-11-29T02:12:43.625+0000] {processor.py:766} INFO - DAG(s) dict_keys(['latest_only_with_trigger']) retrieved from /home/airflow/.local/lib/python3.7/site-packages/airflow/example_dags/example_latest_only_with_trigger.py
[2024-11-29T02:12:43.677+0000] {logging_mixin.py:120} INFO - [2024-11-29T02:12:43.677+0000] {dag.py:2585} INFO - Sync 1 DAGs
[2024-11-29T02:12:43.706+0000] {logging_mixin.py:120} INFO - [2024-11-29T02:12:43.706+0000] {dag.py:3340} INFO - Setting next_dagrun for latest_only_with_trigger to 2024-11-28T22:12:43.706358+00:00, run_after=2024-11-29T02:12:43.706358+00:00
[2024-11-29T02:12:43.737+0000] {processor.py:176} INFO - Processing /home/airflow/.local/lib/python3.7/site-packages/airflow/example_dags/example_latest_only_with_trigger.py took 0.133 seconds
[2024-11-29T02:13:14.195+0000] {processor.py:154} INFO - Started process (PID=488) to work on /home/airflow/.local/lib/python3.7/site-packages/airflow/example_dags/example_latest_only_with_trigger.py
[2024-11-29T02:13:14.197+0000] {processor.py:756} INFO - Processing file /home/airflow/.local/lib/python3.7/site-packages/airflow/example_dags/example_latest_only_with_trigger.py for tasks to queue
[2024-11-29T02:13:14.198+0000] {logging_mixin.py:120} INFO - [2024-11-29T02:13:14.198+0000] {dagbag.py:537} INFO - Filling up the DagBag from /home/airflow/.local/lib/python3.7/site-packages/airflow/example_dags/example_latest_only_with_trigger.py
[2024-11-29T02:13:14.220+0000] {processor.py:766} INFO - DAG(s) dict_keys(['latest_only_with_trigger']) retrieved from /home/airflow/.local/lib/python3.7/site-packages/airflow/example_dags/example_latest_only_with_trigger.py
[2024-11-29T02:13:14.275+0000] {logging_mixin.py:120} INFO - [2024-11-29T02:13:14.275+0000] {dag.py:2585} INFO - Sync 1 DAGs
[2024-11-29T02:13:14.306+0000] {logging_mixin.py:120} INFO - [2024-11-29T02:13:14.306+0000] {dag.py:3340} INFO - Setting next_dagrun for latest_only_with_trigger to 2024-11-28T22:13:14.306125+00:00, run_after=2024-11-29T02:13:14.306125+00:00
[2024-11-29T02:13:14.351+0000] {processor.py:176} INFO - Processing /home/airflow/.local/lib/python3.7/site-packages/airflow/example_dags/example_latest_only_with_trigger.py took 0.161 seconds
[2024-11-29T02:13:44.728+0000] {processor.py:154} INFO - Started process (PID=552) to work on /home/airflow/.local/lib/python3.7/site-packages/airflow/example_dags/example_latest_only_with_trigger.py
[2024-11-29T02:13:44.730+0000] {processor.py:756} INFO - Processing file /home/airflow/.local/lib/python3.7/site-packages/airflow/example_dags/example_latest_only_with_trigger.py for tasks to queue
[2024-11-29T02:13:44.731+0000] {logging_mixin.py:120} INFO - [2024-11-29T02:13:44.731+0000] {dagbag.py:537} INFO - Filling up the DagBag from /home/airflow/.local/lib/python3.7/site-packages/airflow/example_dags/example_latest_only_with_trigger.py
[2024-11-29T02:13:44.748+0000] {processor.py:766} INFO - DAG(s) dict_keys(['latest_only_with_trigger']) retrieved from /home/airflow/.local/lib/python3.7/site-packages/airflow/example_dags/example_latest_only_with_trigger.py
[2024-11-29T02:13:44.794+0000] {logging_mixin.py:120} INFO - [2024-11-29T02:13:44.794+0000] {dag.py:2585} INFO - Sync 1 DAGs
[2024-11-29T02:13:44.829+0000] {logging_mixin.py:120} INFO - [2024-11-29T02:13:44.829+0000] {dag.py:3340} INFO - Setting next_dagrun for latest_only_with_trigger to 2024-11-28T22:13:44.829204+00:00, run_after=2024-11-29T02:13:44.829204+00:00
[2024-11-29T02:13:44.859+0000] {processor.py:176} INFO - Processing /home/airflow/.local/lib/python3.7/site-packages/airflow/example_dags/example_latest_only_with_trigger.py took 0.135 seconds
[2024-11-29T02:14:15.470+0000] {processor.py:154} INFO - Started process (PID=609) to work on /home/airflow/.local/lib/python3.7/site-packages/airflow/example_dags/example_latest_only_with_trigger.py
[2024-11-29T02:14:15.471+0000] {processor.py:756} INFO - Processing file /home/airflow/.local/lib/python3.7/site-packages/airflow/example_dags/example_latest_only_with_trigger.py for tasks to queue
[2024-11-29T02:14:15.473+0000] {logging_mixin.py:120} INFO - [2024-11-29T02:14:15.472+0000] {dagbag.py:537} INFO - Filling up the DagBag from /home/airflow/.local/lib/python3.7/site-packages/airflow/example_dags/example_latest_only_with_trigger.py
[2024-11-29T02:14:15.490+0000] {processor.py:766} INFO - DAG(s) dict_keys(['latest_only_with_trigger']) retrieved from /home/airflow/.local/lib/python3.7/site-packages/airflow/example_dags/example_latest_only_with_trigger.py
[2024-11-29T02:14:15.538+0000] {logging_mixin.py:120} INFO - [2024-11-29T02:14:15.538+0000] {dag.py:2585} INFO - Sync 1 DAGs
[2024-11-29T02:14:15.577+0000] {logging_mixin.py:120} INFO - [2024-11-29T02:14:15.576+0000] {dag.py:3340} INFO - Setting next_dagrun for latest_only_with_trigger to 2024-11-28T22:14:15.576412+00:00, run_after=2024-11-29T02:14:15.576412+00:00
[2024-11-29T02:14:15.612+0000] {processor.py:176} INFO - Processing /home/airflow/.local/lib/python3.7/site-packages/airflow/example_dags/example_latest_only_with_trigger.py took 0.147 seconds
[2024-11-29T02:14:46.074+0000] {processor.py:154} INFO - Started process (PID=674) to work on /home/airflow/.local/lib/python3.7/site-packages/airflow/example_dags/example_latest_only_with_trigger.py
[2024-11-29T02:14:46.076+0000] {processor.py:756} INFO - Processing file /home/airflow/.local/lib/python3.7/site-packages/airflow/example_dags/example_latest_only_with_trigger.py for tasks to queue
[2024-11-29T02:14:46.078+0000] {logging_mixin.py:120} INFO - [2024-11-29T02:14:46.078+0000] {dagbag.py:537} INFO - Filling up the DagBag from /home/airflow/.local/lib/python3.7/site-packages/airflow/example_dags/example_latest_only_with_trigger.py
[2024-11-29T02:14:46.098+0000] {processor.py:766} INFO - DAG(s) dict_keys(['latest_only_with_trigger']) retrieved from /home/airflow/.local/lib/python3.7/site-packages/airflow/example_dags/example_latest_only_with_trigger.py
[2024-11-29T02:14:46.145+0000] {logging_mixin.py:120} INFO - [2024-11-29T02:14:46.145+0000] {dag.py:2585} INFO - Sync 1 DAGs
[2024-11-29T02:14:46.173+0000] {logging_mixin.py:120} INFO - [2024-11-29T02:14:46.173+0000] {dag.py:3340} INFO - Setting next_dagrun for latest_only_with_trigger to 2024-11-28T22:14:46.172883+00:00, run_after=2024-11-29T02:14:46.172883+00:00
[2024-11-29T02:14:46.200+0000] {processor.py:176} INFO - Processing /home/airflow/.local/lib/python3.7/site-packages/airflow/example_dags/example_latest_only_with_trigger.py took 0.130 seconds
[2024-11-29T02:15:16.386+0000] {processor.py:154} INFO - Started process (PID=738) to work on /home/airflow/.local/lib/python3.7/site-packages/airflow/example_dags/example_latest_only_with_trigger.py
[2024-11-29T02:15:16.387+0000] {processor.py:756} INFO - Processing file /home/airflow/.local/lib/python3.7/site-packages/airflow/example_dags/example_latest_only_with_trigger.py for tasks to queue
[2024-11-29T02:15:16.389+0000] {logging_mixin.py:120} INFO - [2024-11-29T02:15:16.389+0000] {dagbag.py:537} INFO - Filling up the DagBag from /home/airflow/.local/lib/python3.7/site-packages/airflow/example_dags/example_latest_only_with_trigger.py
[2024-11-29T02:15:16.409+0000] {processor.py:766} INFO - DAG(s) dict_keys(['latest_only_with_trigger']) retrieved from /home/airflow/.local/lib/python3.7/site-packages/airflow/example_dags/example_latest_only_with_trigger.py
[2024-11-29T02:15:16.465+0000] {logging_mixin.py:120} INFO - [2024-11-29T02:15:16.465+0000] {dag.py:2585} INFO - Sync 1 DAGs
[2024-11-29T02:15:16.500+0000] {logging_mixin.py:120} INFO - [2024-11-29T02:15:16.500+0000] {dag.py:3340} INFO - Setting next_dagrun for latest_only_with_trigger to 2024-11-28T22:15:16.499755+00:00, run_after=2024-11-29T02:15:16.499755+00:00
[2024-11-29T02:15:16.538+0000] {processor.py:176} INFO - Processing /home/airflow/.local/lib/python3.7/site-packages/airflow/example_dags/example_latest_only_with_trigger.py took 0.156 seconds
