[2024-11-29T02:08:50.322+0000] {processor.py:154} INFO - Started process (PID=63) to work on /home/airflow/.local/lib/python3.7/site-packages/airflow/example_dags/example_sla_dag.py
[2024-11-29T02:08:50.334+0000] {processor.py:756} INFO - Processing file /home/airflow/.local/lib/python3.7/site-packages/airflow/example_dags/example_sla_dag.py for tasks to queue
[2024-11-29T02:08:50.336+0000] {logging_mixin.py:120} INFO - [2024-11-29T02:08:50.336+0000] {dagbag.py:537} INFO - Filling up the DagBag from /home/airflow/.local/lib/python3.7/site-packages/airflow/example_dags/example_sla_dag.py
[2024-11-29T02:08:50.447+0000] {processor.py:766} INFO - DAG(s) dict_keys(['example_sla_dag']) retrieved from /home/airflow/.local/lib/python3.7/site-packages/airflow/example_dags/example_sla_dag.py
[2024-11-29T02:08:50.620+0000] {logging_mixin.py:120} INFO - [2024-11-29T02:08:50.620+0000] {dag.py:2585} INFO - Sync 1 DAGs
[2024-11-29T02:08:50.742+0000] {logging_mixin.py:120} INFO - [2024-11-29T02:08:50.741+0000] {dag.py:3340} INFO - Setting next_dagrun for example_sla_dag to 2024-11-29T02:06:00+00:00, run_after=2024-11-29T02:08:00+00:00
[2024-11-29T02:08:50.847+0000] {processor.py:176} INFO - Processing /home/airflow/.local/lib/python3.7/site-packages/airflow/example_dags/example_sla_dag.py took 0.532 seconds
[2024-11-29T02:09:39.198+0000] {processor.py:154} INFO - Started process (PID=64) to work on /home/airflow/.local/lib/python3.7/site-packages/airflow/example_dags/example_sla_dag.py
[2024-11-29T02:09:39.200+0000] {processor.py:756} INFO - Processing file /home/airflow/.local/lib/python3.7/site-packages/airflow/example_dags/example_sla_dag.py for tasks to queue
[2024-11-29T02:09:39.202+0000] {logging_mixin.py:120} INFO - [2024-11-29T02:09:39.201+0000] {dagbag.py:537} INFO - Filling up the DagBag from /home/airflow/.local/lib/python3.7/site-packages/airflow/example_dags/example_sla_dag.py
[2024-11-29T02:09:39.247+0000] {processor.py:766} INFO - DAG(s) dict_keys(['example_sla_dag']) retrieved from /home/airflow/.local/lib/python3.7/site-packages/airflow/example_dags/example_sla_dag.py
[2024-11-29T02:09:39.306+0000] {logging_mixin.py:120} INFO - [2024-11-29T02:09:39.306+0000] {dag.py:2585} INFO - Sync 1 DAGs
[2024-11-29T02:09:39.356+0000] {logging_mixin.py:120} INFO - [2024-11-29T02:09:39.356+0000] {dag.py:3340} INFO - Setting next_dagrun for example_sla_dag to 2024-11-29T02:06:00+00:00, run_after=2024-11-29T02:08:00+00:00
[2024-11-29T02:09:39.384+0000] {processor.py:176} INFO - Processing /home/airflow/.local/lib/python3.7/site-packages/airflow/example_dags/example_sla_dag.py took 0.191 seconds
[2024-11-29T02:10:10.336+0000] {processor.py:154} INFO - Started process (PID=119) to work on /home/airflow/.local/lib/python3.7/site-packages/airflow/example_dags/example_sla_dag.py
[2024-11-29T02:10:10.339+0000] {processor.py:756} INFO - Processing file /home/airflow/.local/lib/python3.7/site-packages/airflow/example_dags/example_sla_dag.py for tasks to queue
[2024-11-29T02:10:10.341+0000] {logging_mixin.py:120} INFO - [2024-11-29T02:10:10.341+0000] {dagbag.py:537} INFO - Filling up the DagBag from /home/airflow/.local/lib/python3.7/site-packages/airflow/example_dags/example_sla_dag.py
[2024-11-29T02:10:10.378+0000] {processor.py:766} INFO - DAG(s) dict_keys(['example_sla_dag']) retrieved from /home/airflow/.local/lib/python3.7/site-packages/airflow/example_dags/example_sla_dag.py
[2024-11-29T02:10:10.443+0000] {logging_mixin.py:120} INFO - [2024-11-29T02:10:10.443+0000] {dag.py:2585} INFO - Sync 1 DAGs
[2024-11-29T02:10:10.487+0000] {logging_mixin.py:120} INFO - [2024-11-29T02:10:10.487+0000] {dag.py:3340} INFO - Setting next_dagrun for example_sla_dag to 2024-11-29T02:08:00+00:00, run_after=2024-11-29T02:10:00+00:00
[2024-11-29T02:10:10.523+0000] {processor.py:176} INFO - Processing /home/airflow/.local/lib/python3.7/site-packages/airflow/example_dags/example_sla_dag.py took 0.192 seconds
[2024-11-29T02:10:41.309+0000] {processor.py:154} INFO - Started process (PID=184) to work on /home/airflow/.local/lib/python3.7/site-packages/airflow/example_dags/example_sla_dag.py
[2024-11-29T02:10:41.310+0000] {processor.py:756} INFO - Processing file /home/airflow/.local/lib/python3.7/site-packages/airflow/example_dags/example_sla_dag.py for tasks to queue
[2024-11-29T02:10:41.312+0000] {logging_mixin.py:120} INFO - [2024-11-29T02:10:41.311+0000] {dagbag.py:537} INFO - Filling up the DagBag from /home/airflow/.local/lib/python3.7/site-packages/airflow/example_dags/example_sla_dag.py
[2024-11-29T02:10:41.343+0000] {processor.py:766} INFO - DAG(s) dict_keys(['example_sla_dag']) retrieved from /home/airflow/.local/lib/python3.7/site-packages/airflow/example_dags/example_sla_dag.py
[2024-11-29T02:10:41.399+0000] {logging_mixin.py:120} INFO - [2024-11-29T02:10:41.399+0000] {dag.py:2585} INFO - Sync 1 DAGs
[2024-11-29T02:10:41.436+0000] {logging_mixin.py:120} INFO - [2024-11-29T02:10:41.436+0000] {dag.py:3340} INFO - Setting next_dagrun for example_sla_dag to 2024-11-29T02:08:00+00:00, run_after=2024-11-29T02:10:00+00:00
[2024-11-29T02:10:41.471+0000] {processor.py:176} INFO - Processing /home/airflow/.local/lib/python3.7/site-packages/airflow/example_dags/example_sla_dag.py took 0.167 seconds
[2024-11-29T02:11:12.111+0000] {processor.py:154} INFO - Started process (PID=248) to work on /home/airflow/.local/lib/python3.7/site-packages/airflow/example_dags/example_sla_dag.py
[2024-11-29T02:11:12.112+0000] {processor.py:756} INFO - Processing file /home/airflow/.local/lib/python3.7/site-packages/airflow/example_dags/example_sla_dag.py for tasks to queue
[2024-11-29T02:11:12.114+0000] {logging_mixin.py:120} INFO - [2024-11-29T02:11:12.113+0000] {dagbag.py:537} INFO - Filling up the DagBag from /home/airflow/.local/lib/python3.7/site-packages/airflow/example_dags/example_sla_dag.py
[2024-11-29T02:11:12.147+0000] {processor.py:766} INFO - DAG(s) dict_keys(['example_sla_dag']) retrieved from /home/airflow/.local/lib/python3.7/site-packages/airflow/example_dags/example_sla_dag.py
[2024-11-29T02:11:12.203+0000] {logging_mixin.py:120} INFO - [2024-11-29T02:11:12.203+0000] {dag.py:2585} INFO - Sync 1 DAGs
[2024-11-29T02:11:12.243+0000] {logging_mixin.py:120} INFO - [2024-11-29T02:11:12.243+0000] {dag.py:3340} INFO - Setting next_dagrun for example_sla_dag to 2024-11-29T02:08:00+00:00, run_after=2024-11-29T02:10:00+00:00
[2024-11-29T02:11:12.276+0000] {processor.py:176} INFO - Processing /home/airflow/.local/lib/python3.7/site-packages/airflow/example_dags/example_sla_dag.py took 0.168 seconds
[2024-11-29T02:11:42.898+0000] {processor.py:154} INFO - Started process (PID=303) to work on /home/airflow/.local/lib/python3.7/site-packages/airflow/example_dags/example_sla_dag.py
[2024-11-29T02:11:42.899+0000] {processor.py:756} INFO - Processing file /home/airflow/.local/lib/python3.7/site-packages/airflow/example_dags/example_sla_dag.py for tasks to queue
[2024-11-29T02:11:42.901+0000] {logging_mixin.py:120} INFO - [2024-11-29T02:11:42.900+0000] {dagbag.py:537} INFO - Filling up the DagBag from /home/airflow/.local/lib/python3.7/site-packages/airflow/example_dags/example_sla_dag.py
[2024-11-29T02:11:42.930+0000] {processor.py:766} INFO - DAG(s) dict_keys(['example_sla_dag']) retrieved from /home/airflow/.local/lib/python3.7/site-packages/airflow/example_dags/example_sla_dag.py
[2024-11-29T02:11:42.977+0000] {logging_mixin.py:120} INFO - [2024-11-29T02:11:42.977+0000] {dag.py:2585} INFO - Sync 1 DAGs
[2024-11-29T02:11:43.013+0000] {logging_mixin.py:120} INFO - [2024-11-29T02:11:43.013+0000] {dag.py:3340} INFO - Setting next_dagrun for example_sla_dag to 2024-11-29T02:08:00+00:00, run_after=2024-11-29T02:10:00+00:00
[2024-11-29T02:11:43.039+0000] {processor.py:176} INFO - Processing /home/airflow/.local/lib/python3.7/site-packages/airflow/example_dags/example_sla_dag.py took 0.145 seconds
[2024-11-29T02:12:13.159+0000] {processor.py:154} INFO - Started process (PID=367) to work on /home/airflow/.local/lib/python3.7/site-packages/airflow/example_dags/example_sla_dag.py
[2024-11-29T02:12:13.160+0000] {processor.py:756} INFO - Processing file /home/airflow/.local/lib/python3.7/site-packages/airflow/example_dags/example_sla_dag.py for tasks to queue
[2024-11-29T02:12:13.162+0000] {logging_mixin.py:120} INFO - [2024-11-29T02:12:13.161+0000] {dagbag.py:537} INFO - Filling up the DagBag from /home/airflow/.local/lib/python3.7/site-packages/airflow/example_dags/example_sla_dag.py
[2024-11-29T02:12:13.192+0000] {processor.py:766} INFO - DAG(s) dict_keys(['example_sla_dag']) retrieved from /home/airflow/.local/lib/python3.7/site-packages/airflow/example_dags/example_sla_dag.py
[2024-11-29T02:12:13.249+0000] {logging_mixin.py:120} INFO - [2024-11-29T02:12:13.249+0000] {dag.py:2585} INFO - Sync 1 DAGs
[2024-11-29T02:12:13.286+0000] {logging_mixin.py:120} INFO - [2024-11-29T02:12:13.285+0000] {dag.py:3340} INFO - Setting next_dagrun for example_sla_dag to 2024-11-29T02:10:00+00:00, run_after=2024-11-29T02:12:00+00:00
[2024-11-29T02:12:13.329+0000] {processor.py:176} INFO - Processing /home/airflow/.local/lib/python3.7/site-packages/airflow/example_dags/example_sla_dag.py took 0.174 seconds
[2024-11-29T02:12:43.429+0000] {processor.py:154} INFO - Started process (PID=422) to work on /home/airflow/.local/lib/python3.7/site-packages/airflow/example_dags/example_sla_dag.py
[2024-11-29T02:12:43.430+0000] {processor.py:756} INFO - Processing file /home/airflow/.local/lib/python3.7/site-packages/airflow/example_dags/example_sla_dag.py for tasks to queue
[2024-11-29T02:12:43.431+0000] {logging_mixin.py:120} INFO - [2024-11-29T02:12:43.431+0000] {dagbag.py:537} INFO - Filling up the DagBag from /home/airflow/.local/lib/python3.7/site-packages/airflow/example_dags/example_sla_dag.py
[2024-11-29T02:12:43.462+0000] {processor.py:766} INFO - DAG(s) dict_keys(['example_sla_dag']) retrieved from /home/airflow/.local/lib/python3.7/site-packages/airflow/example_dags/example_sla_dag.py
[2024-11-29T02:12:43.508+0000] {logging_mixin.py:120} INFO - [2024-11-29T02:12:43.508+0000] {dag.py:2585} INFO - Sync 1 DAGs
[2024-11-29T02:12:43.542+0000] {logging_mixin.py:120} INFO - [2024-11-29T02:12:43.542+0000] {dag.py:3340} INFO - Setting next_dagrun for example_sla_dag to 2024-11-29T02:10:00+00:00, run_after=2024-11-29T02:12:00+00:00
[2024-11-29T02:12:43.570+0000] {processor.py:176} INFO - Processing /home/airflow/.local/lib/python3.7/site-packages/airflow/example_dags/example_sla_dag.py took 0.145 seconds
[2024-11-29T02:13:14.024+0000] {processor.py:154} INFO - Started process (PID=486) to work on /home/airflow/.local/lib/python3.7/site-packages/airflow/example_dags/example_sla_dag.py
[2024-11-29T02:13:14.025+0000] {processor.py:756} INFO - Processing file /home/airflow/.local/lib/python3.7/site-packages/airflow/example_dags/example_sla_dag.py for tasks to queue
[2024-11-29T02:13:14.026+0000] {logging_mixin.py:120} INFO - [2024-11-29T02:13:14.026+0000] {dagbag.py:537} INFO - Filling up the DagBag from /home/airflow/.local/lib/python3.7/site-packages/airflow/example_dags/example_sla_dag.py
[2024-11-29T02:13:14.054+0000] {processor.py:766} INFO - DAG(s) dict_keys(['example_sla_dag']) retrieved from /home/airflow/.local/lib/python3.7/site-packages/airflow/example_dags/example_sla_dag.py
[2024-11-29T02:13:14.102+0000] {logging_mixin.py:120} INFO - [2024-11-29T02:13:14.102+0000] {dag.py:2585} INFO - Sync 1 DAGs
[2024-11-29T02:13:14.136+0000] {logging_mixin.py:120} INFO - [2024-11-29T02:13:14.136+0000] {dag.py:3340} INFO - Setting next_dagrun for example_sla_dag to 2024-11-29T02:10:00+00:00, run_after=2024-11-29T02:12:00+00:00
[2024-11-29T02:13:14.164+0000] {processor.py:176} INFO - Processing /home/airflow/.local/lib/python3.7/site-packages/airflow/example_dags/example_sla_dag.py took 0.144 seconds
[2024-11-29T02:13:44.542+0000] {processor.py:154} INFO - Started process (PID=550) to work on /home/airflow/.local/lib/python3.7/site-packages/airflow/example_dags/example_sla_dag.py
[2024-11-29T02:13:44.543+0000] {processor.py:756} INFO - Processing file /home/airflow/.local/lib/python3.7/site-packages/airflow/example_dags/example_sla_dag.py for tasks to queue
[2024-11-29T02:13:44.544+0000] {logging_mixin.py:120} INFO - [2024-11-29T02:13:44.544+0000] {dagbag.py:537} INFO - Filling up the DagBag from /home/airflow/.local/lib/python3.7/site-packages/airflow/example_dags/example_sla_dag.py
[2024-11-29T02:13:44.574+0000] {processor.py:766} INFO - DAG(s) dict_keys(['example_sla_dag']) retrieved from /home/airflow/.local/lib/python3.7/site-packages/airflow/example_dags/example_sla_dag.py
[2024-11-29T02:13:44.627+0000] {logging_mixin.py:120} INFO - [2024-11-29T02:13:44.627+0000] {dag.py:2585} INFO - Sync 1 DAGs
[2024-11-29T02:13:44.663+0000] {logging_mixin.py:120} INFO - [2024-11-29T02:13:44.663+0000] {dag.py:3340} INFO - Setting next_dagrun for example_sla_dag to 2024-11-29T02:10:00+00:00, run_after=2024-11-29T02:12:00+00:00
[2024-11-29T02:13:44.695+0000] {processor.py:176} INFO - Processing /home/airflow/.local/lib/python3.7/site-packages/airflow/example_dags/example_sla_dag.py took 0.157 seconds
[2024-11-29T02:14:15.275+0000] {processor.py:154} INFO - Started process (PID=607) to work on /home/airflow/.local/lib/python3.7/site-packages/airflow/example_dags/example_sla_dag.py
[2024-11-29T02:14:15.276+0000] {processor.py:756} INFO - Processing file /home/airflow/.local/lib/python3.7/site-packages/airflow/example_dags/example_sla_dag.py for tasks to queue
[2024-11-29T02:14:15.277+0000] {logging_mixin.py:120} INFO - [2024-11-29T02:14:15.277+0000] {dagbag.py:537} INFO - Filling up the DagBag from /home/airflow/.local/lib/python3.7/site-packages/airflow/example_dags/example_sla_dag.py
[2024-11-29T02:14:15.310+0000] {processor.py:766} INFO - DAG(s) dict_keys(['example_sla_dag']) retrieved from /home/airflow/.local/lib/python3.7/site-packages/airflow/example_dags/example_sla_dag.py
[2024-11-29T02:14:15.360+0000] {logging_mixin.py:120} INFO - [2024-11-29T02:14:15.359+0000] {dag.py:2585} INFO - Sync 1 DAGs
[2024-11-29T02:14:15.405+0000] {logging_mixin.py:120} INFO - [2024-11-29T02:14:15.405+0000] {dag.py:3340} INFO - Setting next_dagrun for example_sla_dag to 2024-11-29T02:12:00+00:00, run_after=2024-11-29T02:14:00+00:00
[2024-11-29T02:14:15.439+0000] {processor.py:176} INFO - Processing /home/airflow/.local/lib/python3.7/site-packages/airflow/example_dags/example_sla_dag.py took 0.169 seconds
[2024-11-29T02:14:45.782+0000] {processor.py:154} INFO - Started process (PID=672) to work on /home/airflow/.local/lib/python3.7/site-packages/airflow/example_dags/example_sla_dag.py
[2024-11-29T02:14:45.784+0000] {processor.py:756} INFO - Processing file /home/airflow/.local/lib/python3.7/site-packages/airflow/example_dags/example_sla_dag.py for tasks to queue
[2024-11-29T02:14:45.785+0000] {logging_mixin.py:120} INFO - [2024-11-29T02:14:45.785+0000] {dagbag.py:537} INFO - Filling up the DagBag from /home/airflow/.local/lib/python3.7/site-packages/airflow/example_dags/example_sla_dag.py
[2024-11-29T02:14:45.834+0000] {processor.py:766} INFO - DAG(s) dict_keys(['example_sla_dag']) retrieved from /home/airflow/.local/lib/python3.7/site-packages/airflow/example_dags/example_sla_dag.py
[2024-11-29T02:14:45.927+0000] {logging_mixin.py:120} INFO - [2024-11-29T02:14:45.926+0000] {dag.py:2585} INFO - Sync 1 DAGs
[2024-11-29T02:14:45.992+0000] {logging_mixin.py:120} INFO - [2024-11-29T02:14:45.992+0000] {dag.py:3340} INFO - Setting next_dagrun for example_sla_dag to 2024-11-29T02:12:00+00:00, run_after=2024-11-29T02:14:00+00:00
[2024-11-29T02:14:46.043+0000] {processor.py:176} INFO - Processing /home/airflow/.local/lib/python3.7/site-packages/airflow/example_dags/example_sla_dag.py took 0.266 seconds
[2024-11-29T02:15:16.174+0000] {processor.py:154} INFO - Started process (PID=736) to work on /home/airflow/.local/lib/python3.7/site-packages/airflow/example_dags/example_sla_dag.py
[2024-11-29T02:15:16.176+0000] {processor.py:756} INFO - Processing file /home/airflow/.local/lib/python3.7/site-packages/airflow/example_dags/example_sla_dag.py for tasks to queue
[2024-11-29T02:15:16.177+0000] {logging_mixin.py:120} INFO - [2024-11-29T02:15:16.177+0000] {dagbag.py:537} INFO - Filling up the DagBag from /home/airflow/.local/lib/python3.7/site-packages/airflow/example_dags/example_sla_dag.py
[2024-11-29T02:15:16.205+0000] {processor.py:766} INFO - DAG(s) dict_keys(['example_sla_dag']) retrieved from /home/airflow/.local/lib/python3.7/site-packages/airflow/example_dags/example_sla_dag.py
[2024-11-29T02:15:16.269+0000] {logging_mixin.py:120} INFO - [2024-11-29T02:15:16.269+0000] {dag.py:2585} INFO - Sync 1 DAGs
[2024-11-29T02:15:16.316+0000] {logging_mixin.py:120} INFO - [2024-11-29T02:15:16.316+0000] {dag.py:3340} INFO - Setting next_dagrun for example_sla_dag to 2024-11-29T02:12:00+00:00, run_after=2024-11-29T02:14:00+00:00
[2024-11-29T02:15:16.348+0000] {processor.py:176} INFO - Processing /home/airflow/.local/lib/python3.7/site-packages/airflow/example_dags/example_sla_dag.py took 0.178 seconds
