[2024-11-29T02:08:46.108+0000] {processor.py:154} INFO - Started process (PID=47) to work on /home/airflow/.local/lib/python3.7/site-packages/airflow/example_dags/example_task_group.py
[2024-11-29T02:08:46.110+0000] {processor.py:756} INFO - Processing file /home/airflow/.local/lib/python3.7/site-packages/airflow/example_dags/example_task_group.py for tasks to queue
[2024-11-29T02:08:46.111+0000] {logging_mixin.py:120} INFO - [2024-11-29T02:08:46.111+0000] {dagbag.py:537} INFO - Filling up the DagBag from /home/airflow/.local/lib/python3.7/site-packages/airflow/example_dags/example_task_group.py
[2024-11-29T02:08:46.139+0000] {processor.py:766} INFO - DAG(s) dict_keys(['example_task_group']) retrieved from /home/airflow/.local/lib/python3.7/site-packages/airflow/example_dags/example_task_group.py
[2024-11-29T02:08:46.210+0000] {logging_mixin.py:120} INFO - [2024-11-29T02:08:46.210+0000] {dag.py:2585} INFO - Sync 1 DAGs
[2024-11-29T02:08:46.284+0000] {logging_mixin.py:120} INFO - [2024-11-29T02:08:46.283+0000] {dag.py:3340} INFO - Setting next_dagrun for example_task_group to 2024-11-28T02:08:46.282733+00:00, run_after=2024-11-29T02:08:46.282733+00:00
[2024-11-29T02:08:46.336+0000] {processor.py:176} INFO - Processing /home/airflow/.local/lib/python3.7/site-packages/airflow/example_dags/example_task_group.py took 0.236 seconds
[2024-11-29T02:09:36.577+0000] {processor.py:154} INFO - Started process (PID=48) to work on /home/airflow/.local/lib/python3.7/site-packages/airflow/example_dags/example_task_group.py
[2024-11-29T02:09:36.579+0000] {processor.py:756} INFO - Processing file /home/airflow/.local/lib/python3.7/site-packages/airflow/example_dags/example_task_group.py for tasks to queue
[2024-11-29T02:09:36.581+0000] {logging_mixin.py:120} INFO - [2024-11-29T02:09:36.580+0000] {dagbag.py:537} INFO - Filling up the DagBag from /home/airflow/.local/lib/python3.7/site-packages/airflow/example_dags/example_task_group.py
[2024-11-29T02:09:36.639+0000] {processor.py:766} INFO - DAG(s) dict_keys(['example_task_group']) retrieved from /home/airflow/.local/lib/python3.7/site-packages/airflow/example_dags/example_task_group.py
[2024-11-29T02:09:36.719+0000] {logging_mixin.py:120} INFO - [2024-11-29T02:09:36.718+0000] {dag.py:2585} INFO - Sync 1 DAGs
[2024-11-29T02:09:36.766+0000] {logging_mixin.py:120} INFO - [2024-11-29T02:09:36.766+0000] {dag.py:3340} INFO - Setting next_dagrun for example_task_group to 2024-11-28T02:09:36.765949+00:00, run_after=2024-11-29T02:09:36.765949+00:00
[2024-11-29T02:09:36.801+0000] {processor.py:176} INFO - Processing /home/airflow/.local/lib/python3.7/site-packages/airflow/example_dags/example_task_group.py took 0.228 seconds
[2024-11-29T02:10:07.741+0000] {processor.py:154} INFO - Started process (PID=103) to work on /home/airflow/.local/lib/python3.7/site-packages/airflow/example_dags/example_task_group.py
[2024-11-29T02:10:07.743+0000] {processor.py:756} INFO - Processing file /home/airflow/.local/lib/python3.7/site-packages/airflow/example_dags/example_task_group.py for tasks to queue
[2024-11-29T02:10:07.745+0000] {logging_mixin.py:120} INFO - [2024-11-29T02:10:07.745+0000] {dagbag.py:537} INFO - Filling up the DagBag from /home/airflow/.local/lib/python3.7/site-packages/airflow/example_dags/example_task_group.py
[2024-11-29T02:10:07.771+0000] {processor.py:766} INFO - DAG(s) dict_keys(['example_task_group']) retrieved from /home/airflow/.local/lib/python3.7/site-packages/airflow/example_dags/example_task_group.py
[2024-11-29T02:10:07.827+0000] {logging_mixin.py:120} INFO - [2024-11-29T02:10:07.827+0000] {dag.py:2585} INFO - Sync 1 DAGs
[2024-11-29T02:10:07.866+0000] {logging_mixin.py:120} INFO - [2024-11-29T02:10:07.866+0000] {dag.py:3340} INFO - Setting next_dagrun for example_task_group to 2024-11-28T02:10:07.865478+00:00, run_after=2024-11-29T02:10:07.865478+00:00
[2024-11-29T02:10:07.900+0000] {processor.py:176} INFO - Processing /home/airflow/.local/lib/python3.7/site-packages/airflow/example_dags/example_task_group.py took 0.172 seconds
[2024-11-29T02:10:38.041+0000] {processor.py:154} INFO - Started process (PID=168) to work on /home/airflow/.local/lib/python3.7/site-packages/airflow/example_dags/example_task_group.py
[2024-11-29T02:10:38.043+0000] {processor.py:756} INFO - Processing file /home/airflow/.local/lib/python3.7/site-packages/airflow/example_dags/example_task_group.py for tasks to queue
[2024-11-29T02:10:38.045+0000] {logging_mixin.py:120} INFO - [2024-11-29T02:10:38.045+0000] {dagbag.py:537} INFO - Filling up the DagBag from /home/airflow/.local/lib/python3.7/site-packages/airflow/example_dags/example_task_group.py
[2024-11-29T02:10:38.067+0000] {processor.py:766} INFO - DAG(s) dict_keys(['example_task_group']) retrieved from /home/airflow/.local/lib/python3.7/site-packages/airflow/example_dags/example_task_group.py
[2024-11-29T02:10:38.119+0000] {logging_mixin.py:120} INFO - [2024-11-29T02:10:38.118+0000] {dag.py:2585} INFO - Sync 1 DAGs
[2024-11-29T02:10:38.153+0000] {logging_mixin.py:120} INFO - [2024-11-29T02:10:38.153+0000] {dag.py:3340} INFO - Setting next_dagrun for example_task_group to 2024-11-28T02:10:38.152705+00:00, run_after=2024-11-29T02:10:38.152705+00:00
[2024-11-29T02:10:38.190+0000] {processor.py:176} INFO - Processing /home/airflow/.local/lib/python3.7/site-packages/airflow/example_dags/example_task_group.py took 0.153 seconds
[2024-11-29T02:11:09.091+0000] {processor.py:154} INFO - Started process (PID=223) to work on /home/airflow/.local/lib/python3.7/site-packages/airflow/example_dags/example_task_group.py
[2024-11-29T02:11:09.093+0000] {processor.py:756} INFO - Processing file /home/airflow/.local/lib/python3.7/site-packages/airflow/example_dags/example_task_group.py for tasks to queue
[2024-11-29T02:11:09.095+0000] {logging_mixin.py:120} INFO - [2024-11-29T02:11:09.095+0000] {dagbag.py:537} INFO - Filling up the DagBag from /home/airflow/.local/lib/python3.7/site-packages/airflow/example_dags/example_task_group.py
[2024-11-29T02:11:09.122+0000] {processor.py:766} INFO - DAG(s) dict_keys(['example_task_group']) retrieved from /home/airflow/.local/lib/python3.7/site-packages/airflow/example_dags/example_task_group.py
[2024-11-29T02:11:09.184+0000] {logging_mixin.py:120} INFO - [2024-11-29T02:11:09.184+0000] {dag.py:2585} INFO - Sync 1 DAGs
[2024-11-29T02:11:09.225+0000] {logging_mixin.py:120} INFO - [2024-11-29T02:11:09.225+0000] {dag.py:3340} INFO - Setting next_dagrun for example_task_group to 2024-11-28T02:11:09.224972+00:00, run_after=2024-11-29T02:11:09.224972+00:00
[2024-11-29T02:11:09.261+0000] {processor.py:176} INFO - Processing /home/airflow/.local/lib/python3.7/site-packages/airflow/example_dags/example_task_group.py took 0.175 seconds
[2024-11-29T02:11:39.679+0000] {processor.py:154} INFO - Started process (PID=287) to work on /home/airflow/.local/lib/python3.7/site-packages/airflow/example_dags/example_task_group.py
[2024-11-29T02:11:39.680+0000] {processor.py:756} INFO - Processing file /home/airflow/.local/lib/python3.7/site-packages/airflow/example_dags/example_task_group.py for tasks to queue
[2024-11-29T02:11:39.681+0000] {logging_mixin.py:120} INFO - [2024-11-29T02:11:39.681+0000] {dagbag.py:537} INFO - Filling up the DagBag from /home/airflow/.local/lib/python3.7/site-packages/airflow/example_dags/example_task_group.py
[2024-11-29T02:11:39.700+0000] {processor.py:766} INFO - DAG(s) dict_keys(['example_task_group']) retrieved from /home/airflow/.local/lib/python3.7/site-packages/airflow/example_dags/example_task_group.py
[2024-11-29T02:11:39.746+0000] {logging_mixin.py:120} INFO - [2024-11-29T02:11:39.746+0000] {dag.py:2585} INFO - Sync 1 DAGs
[2024-11-29T02:11:39.778+0000] {logging_mixin.py:120} INFO - [2024-11-29T02:11:39.778+0000] {dag.py:3340} INFO - Setting next_dagrun for example_task_group to 2024-11-28T02:11:39.777906+00:00, run_after=2024-11-29T02:11:39.777906+00:00
[2024-11-29T02:11:39.828+0000] {processor.py:176} INFO - Processing /home/airflow/.local/lib/python3.7/site-packages/airflow/example_dags/example_task_group.py took 0.156 seconds
[2024-11-29T02:12:10.180+0000] {processor.py:154} INFO - Started process (PID=342) to work on /home/airflow/.local/lib/python3.7/site-packages/airflow/example_dags/example_task_group.py
[2024-11-29T02:12:10.181+0000] {processor.py:756} INFO - Processing file /home/airflow/.local/lib/python3.7/site-packages/airflow/example_dags/example_task_group.py for tasks to queue
[2024-11-29T02:12:10.182+0000] {logging_mixin.py:120} INFO - [2024-11-29T02:12:10.182+0000] {dagbag.py:537} INFO - Filling up the DagBag from /home/airflow/.local/lib/python3.7/site-packages/airflow/example_dags/example_task_group.py
[2024-11-29T02:12:10.206+0000] {processor.py:766} INFO - DAG(s) dict_keys(['example_task_group']) retrieved from /home/airflow/.local/lib/python3.7/site-packages/airflow/example_dags/example_task_group.py
[2024-11-29T02:12:10.264+0000] {logging_mixin.py:120} INFO - [2024-11-29T02:12:10.263+0000] {dag.py:2585} INFO - Sync 1 DAGs
[2024-11-29T02:12:10.301+0000] {logging_mixin.py:120} INFO - [2024-11-29T02:12:10.300+0000] {dag.py:3340} INFO - Setting next_dagrun for example_task_group to 2024-11-28T02:12:10.300681+00:00, run_after=2024-11-29T02:12:10.300681+00:00
[2024-11-29T02:12:10.350+0000] {processor.py:176} INFO - Processing /home/airflow/.local/lib/python3.7/site-packages/airflow/example_dags/example_task_group.py took 0.175 seconds
[2024-11-29T02:12:40.792+0000] {processor.py:154} INFO - Started process (PID=406) to work on /home/airflow/.local/lib/python3.7/site-packages/airflow/example_dags/example_task_group.py
[2024-11-29T02:12:40.794+0000] {processor.py:756} INFO - Processing file /home/airflow/.local/lib/python3.7/site-packages/airflow/example_dags/example_task_group.py for tasks to queue
[2024-11-29T02:12:40.795+0000] {logging_mixin.py:120} INFO - [2024-11-29T02:12:40.795+0000] {dagbag.py:537} INFO - Filling up the DagBag from /home/airflow/.local/lib/python3.7/site-packages/airflow/example_dags/example_task_group.py
[2024-11-29T02:12:40.816+0000] {processor.py:766} INFO - DAG(s) dict_keys(['example_task_group']) retrieved from /home/airflow/.local/lib/python3.7/site-packages/airflow/example_dags/example_task_group.py
[2024-11-29T02:12:40.874+0000] {logging_mixin.py:120} INFO - [2024-11-29T02:12:40.874+0000] {dag.py:2585} INFO - Sync 1 DAGs
[2024-11-29T02:12:40.902+0000] {logging_mixin.py:120} INFO - [2024-11-29T02:12:40.902+0000] {dag.py:3340} INFO - Setting next_dagrun for example_task_group to 2024-11-28T02:12:40.901931+00:00, run_after=2024-11-29T02:12:40.901931+00:00
[2024-11-29T02:12:40.926+0000] {processor.py:176} INFO - Processing /home/airflow/.local/lib/python3.7/site-packages/airflow/example_dags/example_task_group.py took 0.137 seconds
[2024-11-29T02:13:11.230+0000] {processor.py:154} INFO - Started process (PID=470) to work on /home/airflow/.local/lib/python3.7/site-packages/airflow/example_dags/example_task_group.py
[2024-11-29T02:13:11.232+0000] {processor.py:756} INFO - Processing file /home/airflow/.local/lib/python3.7/site-packages/airflow/example_dags/example_task_group.py for tasks to queue
[2024-11-29T02:13:11.234+0000] {logging_mixin.py:120} INFO - [2024-11-29T02:13:11.234+0000] {dagbag.py:537} INFO - Filling up the DagBag from /home/airflow/.local/lib/python3.7/site-packages/airflow/example_dags/example_task_group.py
[2024-11-29T02:13:11.256+0000] {processor.py:766} INFO - DAG(s) dict_keys(['example_task_group']) retrieved from /home/airflow/.local/lib/python3.7/site-packages/airflow/example_dags/example_task_group.py
[2024-11-29T02:13:11.310+0000] {logging_mixin.py:120} INFO - [2024-11-29T02:13:11.309+0000] {dag.py:2585} INFO - Sync 1 DAGs
[2024-11-29T02:13:11.343+0000] {logging_mixin.py:120} INFO - [2024-11-29T02:13:11.343+0000] {dag.py:3340} INFO - Setting next_dagrun for example_task_group to 2024-11-28T02:13:11.343056+00:00, run_after=2024-11-29T02:13:11.343056+00:00
[2024-11-29T02:13:11.378+0000] {processor.py:176} INFO - Processing /home/airflow/.local/lib/python3.7/site-packages/airflow/example_dags/example_task_group.py took 0.153 seconds
[2024-11-29T02:13:41.715+0000] {processor.py:154} INFO - Started process (PID=525) to work on /home/airflow/.local/lib/python3.7/site-packages/airflow/example_dags/example_task_group.py
[2024-11-29T02:13:41.717+0000] {processor.py:756} INFO - Processing file /home/airflow/.local/lib/python3.7/site-packages/airflow/example_dags/example_task_group.py for tasks to queue
[2024-11-29T02:13:41.719+0000] {logging_mixin.py:120} INFO - [2024-11-29T02:13:41.718+0000] {dagbag.py:537} INFO - Filling up the DagBag from /home/airflow/.local/lib/python3.7/site-packages/airflow/example_dags/example_task_group.py
[2024-11-29T02:13:41.742+0000] {processor.py:766} INFO - DAG(s) dict_keys(['example_task_group']) retrieved from /home/airflow/.local/lib/python3.7/site-packages/airflow/example_dags/example_task_group.py
[2024-11-29T02:13:41.812+0000] {logging_mixin.py:120} INFO - [2024-11-29T02:13:41.812+0000] {dag.py:2585} INFO - Sync 1 DAGs
[2024-11-29T02:13:41.844+0000] {logging_mixin.py:120} INFO - [2024-11-29T02:13:41.843+0000] {dag.py:3340} INFO - Setting next_dagrun for example_task_group to 2024-11-28T02:13:41.843682+00:00, run_after=2024-11-29T02:13:41.843682+00:00
[2024-11-29T02:13:41.870+0000] {processor.py:176} INFO - Processing /home/airflow/.local/lib/python3.7/site-packages/airflow/example_dags/example_task_group.py took 0.161 seconds
[2024-11-29T02:14:12.726+0000] {processor.py:154} INFO - Started process (PID=591) to work on /home/airflow/.local/lib/python3.7/site-packages/airflow/example_dags/example_task_group.py
[2024-11-29T02:14:12.727+0000] {processor.py:756} INFO - Processing file /home/airflow/.local/lib/python3.7/site-packages/airflow/example_dags/example_task_group.py for tasks to queue
[2024-11-29T02:14:12.729+0000] {logging_mixin.py:120} INFO - [2024-11-29T02:14:12.728+0000] {dagbag.py:537} INFO - Filling up the DagBag from /home/airflow/.local/lib/python3.7/site-packages/airflow/example_dags/example_task_group.py
[2024-11-29T02:14:12.747+0000] {processor.py:766} INFO - DAG(s) dict_keys(['example_task_group']) retrieved from /home/airflow/.local/lib/python3.7/site-packages/airflow/example_dags/example_task_group.py
[2024-11-29T02:14:12.791+0000] {logging_mixin.py:120} INFO - [2024-11-29T02:14:12.791+0000] {dag.py:2585} INFO - Sync 1 DAGs
[2024-11-29T02:14:12.821+0000] {logging_mixin.py:120} INFO - [2024-11-29T02:14:12.821+0000] {dag.py:3340} INFO - Setting next_dagrun for example_task_group to 2024-11-28T02:14:12.820877+00:00, run_after=2024-11-29T02:14:12.820877+00:00
[2024-11-29T02:14:12.851+0000] {processor.py:176} INFO - Processing /home/airflow/.local/lib/python3.7/site-packages/airflow/example_dags/example_task_group.py took 0.129 seconds
[2024-11-29T02:14:43.590+0000] {processor.py:154} INFO - Started process (PID=656) to work on /home/airflow/.local/lib/python3.7/site-packages/airflow/example_dags/example_task_group.py
[2024-11-29T02:14:43.591+0000] {processor.py:756} INFO - Processing file /home/airflow/.local/lib/python3.7/site-packages/airflow/example_dags/example_task_group.py for tasks to queue
[2024-11-29T02:14:43.592+0000] {logging_mixin.py:120} INFO - [2024-11-29T02:14:43.592+0000] {dagbag.py:537} INFO - Filling up the DagBag from /home/airflow/.local/lib/python3.7/site-packages/airflow/example_dags/example_task_group.py
[2024-11-29T02:14:43.614+0000] {processor.py:766} INFO - DAG(s) dict_keys(['example_task_group']) retrieved from /home/airflow/.local/lib/python3.7/site-packages/airflow/example_dags/example_task_group.py
[2024-11-29T02:14:43.669+0000] {logging_mixin.py:120} INFO - [2024-11-29T02:14:43.669+0000] {dag.py:2585} INFO - Sync 1 DAGs
[2024-11-29T02:14:43.703+0000] {logging_mixin.py:120} INFO - [2024-11-29T02:14:43.703+0000] {dag.py:3340} INFO - Setting next_dagrun for example_task_group to 2024-11-28T02:14:43.703271+00:00, run_after=2024-11-29T02:14:43.703271+00:00
[2024-11-29T02:14:43.731+0000] {processor.py:176} INFO - Processing /home/airflow/.local/lib/python3.7/site-packages/airflow/example_dags/example_task_group.py took 0.144 seconds
[2024-11-29T02:15:14.049+0000] {processor.py:154} INFO - Started process (PID=711) to work on /home/airflow/.local/lib/python3.7/site-packages/airflow/example_dags/example_task_group.py
[2024-11-29T02:15:14.051+0000] {processor.py:756} INFO - Processing file /home/airflow/.local/lib/python3.7/site-packages/airflow/example_dags/example_task_group.py for tasks to queue
[2024-11-29T02:15:14.052+0000] {logging_mixin.py:120} INFO - [2024-11-29T02:15:14.052+0000] {dagbag.py:537} INFO - Filling up the DagBag from /home/airflow/.local/lib/python3.7/site-packages/airflow/example_dags/example_task_group.py
[2024-11-29T02:15:14.074+0000] {processor.py:766} INFO - DAG(s) dict_keys(['example_task_group']) retrieved from /home/airflow/.local/lib/python3.7/site-packages/airflow/example_dags/example_task_group.py
[2024-11-29T02:15:14.123+0000] {logging_mixin.py:120} INFO - [2024-11-29T02:15:14.123+0000] {dag.py:2585} INFO - Sync 1 DAGs
[2024-11-29T02:15:14.155+0000] {logging_mixin.py:120} INFO - [2024-11-29T02:15:14.155+0000] {dag.py:3340} INFO - Setting next_dagrun for example_task_group to 2024-11-28T02:15:14.154841+00:00, run_after=2024-11-29T02:15:14.154841+00:00
[2024-11-29T02:15:14.179+0000] {processor.py:176} INFO - Processing /home/airflow/.local/lib/python3.7/site-packages/airflow/example_dags/example_task_group.py took 0.133 seconds
