[2024-11-29T02:08:47.065+0000] {processor.py:154} INFO - Started process (PID=52) to work on /home/airflow/.local/lib/python3.7/site-packages/airflow/example_dags/example_local_kubernetes_executor.py
[2024-11-29T02:08:47.067+0000] {processor.py:756} INFO - Processing file /home/airflow/.local/lib/python3.7/site-packages/airflow/example_dags/example_local_kubernetes_executor.py for tasks to queue
[2024-11-29T02:08:47.069+0000] {logging_mixin.py:120} INFO - [2024-11-29T02:08:47.069+0000] {dagbag.py:537} INFO - Filling up the DagBag from /home/airflow/.local/lib/python3.7/site-packages/airflow/example_dags/example_local_kubernetes_executor.py
[2024-11-29T02:08:47.164+0000] {processor.py:766} INFO - DAG(s) dict_keys(['example_local_kubernetes_executor']) retrieved from /home/airflow/.local/lib/python3.7/site-packages/airflow/example_dags/example_local_kubernetes_executor.py
[2024-11-29T02:08:47.302+0000] {logging_mixin.py:120} INFO - [2024-11-29T02:08:47.293+0000] {dag.py:2585} INFO - Sync 1 DAGs
[2024-11-29T02:08:47.418+0000] {logging_mixin.py:120} INFO - [2024-11-29T02:08:47.418+0000] {dag.py:3340} INFO - Setting next_dagrun for example_local_kubernetes_executor to None, run_after=None
[2024-11-29T02:08:47.548+0000] {processor.py:176} INFO - Processing /home/airflow/.local/lib/python3.7/site-packages/airflow/example_dags/example_local_kubernetes_executor.py took 0.491 seconds
[2024-11-29T02:09:37.339+0000] {processor.py:154} INFO - Started process (PID=53) to work on /home/airflow/.local/lib/python3.7/site-packages/airflow/example_dags/example_local_kubernetes_executor.py
[2024-11-29T02:09:37.341+0000] {processor.py:756} INFO - Processing file /home/airflow/.local/lib/python3.7/site-packages/airflow/example_dags/example_local_kubernetes_executor.py for tasks to queue
[2024-11-29T02:09:37.343+0000] {logging_mixin.py:120} INFO - [2024-11-29T02:09:37.342+0000] {dagbag.py:537} INFO - Filling up the DagBag from /home/airflow/.local/lib/python3.7/site-packages/airflow/example_dags/example_local_kubernetes_executor.py
[2024-11-29T02:09:37.384+0000] {processor.py:766} INFO - DAG(s) dict_keys(['example_local_kubernetes_executor']) retrieved from /home/airflow/.local/lib/python3.7/site-packages/airflow/example_dags/example_local_kubernetes_executor.py
[2024-11-29T02:09:37.539+0000] {logging_mixin.py:120} INFO - [2024-11-29T02:09:37.538+0000] {dag.py:2585} INFO - Sync 1 DAGs
[2024-11-29T02:09:37.637+0000] {logging_mixin.py:120} INFO - [2024-11-29T02:09:37.637+0000] {dag.py:3340} INFO - Setting next_dagrun for example_local_kubernetes_executor to None, run_after=None
[2024-11-29T02:09:37.812+0000] {processor.py:176} INFO - Processing /home/airflow/.local/lib/python3.7/site-packages/airflow/example_dags/example_local_kubernetes_executor.py took 0.478 seconds
[2024-11-29T02:10:08.406+0000] {processor.py:154} INFO - Started process (PID=108) to work on /home/airflow/.local/lib/python3.7/site-packages/airflow/example_dags/example_local_kubernetes_executor.py
[2024-11-29T02:10:08.408+0000] {processor.py:756} INFO - Processing file /home/airflow/.local/lib/python3.7/site-packages/airflow/example_dags/example_local_kubernetes_executor.py for tasks to queue
[2024-11-29T02:10:08.409+0000] {logging_mixin.py:120} INFO - [2024-11-29T02:10:08.409+0000] {dagbag.py:537} INFO - Filling up the DagBag from /home/airflow/.local/lib/python3.7/site-packages/airflow/example_dags/example_local_kubernetes_executor.py
[2024-11-29T02:10:08.448+0000] {processor.py:766} INFO - DAG(s) dict_keys(['example_local_kubernetes_executor']) retrieved from /home/airflow/.local/lib/python3.7/site-packages/airflow/example_dags/example_local_kubernetes_executor.py
[2024-11-29T02:10:08.498+0000] {logging_mixin.py:120} INFO - [2024-11-29T02:10:08.497+0000] {dag.py:2585} INFO - Sync 1 DAGs
[2024-11-29T02:10:08.527+0000] {logging_mixin.py:120} INFO - [2024-11-29T02:10:08.527+0000] {dag.py:3340} INFO - Setting next_dagrun for example_local_kubernetes_executor to None, run_after=None
[2024-11-29T02:10:08.562+0000] {processor.py:176} INFO - Processing /home/airflow/.local/lib/python3.7/site-packages/airflow/example_dags/example_local_kubernetes_executor.py took 0.162 seconds
[2024-11-29T02:10:38.840+0000] {processor.py:154} INFO - Started process (PID=173) to work on /home/airflow/.local/lib/python3.7/site-packages/airflow/example_dags/example_local_kubernetes_executor.py
[2024-11-29T02:10:38.841+0000] {processor.py:756} INFO - Processing file /home/airflow/.local/lib/python3.7/site-packages/airflow/example_dags/example_local_kubernetes_executor.py for tasks to queue
[2024-11-29T02:10:38.842+0000] {logging_mixin.py:120} INFO - [2024-11-29T02:10:38.842+0000] {dagbag.py:537} INFO - Filling up the DagBag from /home/airflow/.local/lib/python3.7/site-packages/airflow/example_dags/example_local_kubernetes_executor.py
[2024-11-29T02:10:38.876+0000] {processor.py:766} INFO - DAG(s) dict_keys(['example_local_kubernetes_executor']) retrieved from /home/airflow/.local/lib/python3.7/site-packages/airflow/example_dags/example_local_kubernetes_executor.py
[2024-11-29T02:10:38.929+0000] {logging_mixin.py:120} INFO - [2024-11-29T02:10:38.929+0000] {dag.py:2585} INFO - Sync 1 DAGs
[2024-11-29T02:10:38.967+0000] {logging_mixin.py:120} INFO - [2024-11-29T02:10:38.967+0000] {dag.py:3340} INFO - Setting next_dagrun for example_local_kubernetes_executor to None, run_after=None
[2024-11-29T02:10:39.006+0000] {processor.py:176} INFO - Processing /home/airflow/.local/lib/python3.7/site-packages/airflow/example_dags/example_local_kubernetes_executor.py took 0.172 seconds
[2024-11-29T02:11:09.742+0000] {processor.py:154} INFO - Started process (PID=228) to work on /home/airflow/.local/lib/python3.7/site-packages/airflow/example_dags/example_local_kubernetes_executor.py
[2024-11-29T02:11:09.743+0000] {processor.py:756} INFO - Processing file /home/airflow/.local/lib/python3.7/site-packages/airflow/example_dags/example_local_kubernetes_executor.py for tasks to queue
[2024-11-29T02:11:09.744+0000] {logging_mixin.py:120} INFO - [2024-11-29T02:11:09.744+0000] {dagbag.py:537} INFO - Filling up the DagBag from /home/airflow/.local/lib/python3.7/site-packages/airflow/example_dags/example_local_kubernetes_executor.py
[2024-11-29T02:11:09.770+0000] {processor.py:766} INFO - DAG(s) dict_keys(['example_local_kubernetes_executor']) retrieved from /home/airflow/.local/lib/python3.7/site-packages/airflow/example_dags/example_local_kubernetes_executor.py
[2024-11-29T02:11:09.835+0000] {logging_mixin.py:120} INFO - [2024-11-29T02:11:09.834+0000] {dag.py:2585} INFO - Sync 1 DAGs
[2024-11-29T02:11:09.879+0000] {logging_mixin.py:120} INFO - [2024-11-29T02:11:09.879+0000] {dag.py:3340} INFO - Setting next_dagrun for example_local_kubernetes_executor to None, run_after=None
[2024-11-29T02:11:09.920+0000] {processor.py:176} INFO - Processing /home/airflow/.local/lib/python3.7/site-packages/airflow/example_dags/example_local_kubernetes_executor.py took 0.182 seconds
[2024-11-29T02:11:40.515+0000] {processor.py:154} INFO - Started process (PID=292) to work on /home/airflow/.local/lib/python3.7/site-packages/airflow/example_dags/example_local_kubernetes_executor.py
[2024-11-29T02:11:40.517+0000] {processor.py:756} INFO - Processing file /home/airflow/.local/lib/python3.7/site-packages/airflow/example_dags/example_local_kubernetes_executor.py for tasks to queue
[2024-11-29T02:11:40.518+0000] {logging_mixin.py:120} INFO - [2024-11-29T02:11:40.518+0000] {dagbag.py:537} INFO - Filling up the DagBag from /home/airflow/.local/lib/python3.7/site-packages/airflow/example_dags/example_local_kubernetes_executor.py
[2024-11-29T02:11:40.544+0000] {processor.py:766} INFO - DAG(s) dict_keys(['example_local_kubernetes_executor']) retrieved from /home/airflow/.local/lib/python3.7/site-packages/airflow/example_dags/example_local_kubernetes_executor.py
[2024-11-29T02:11:40.600+0000] {logging_mixin.py:120} INFO - [2024-11-29T02:11:40.600+0000] {dag.py:2585} INFO - Sync 1 DAGs
[2024-11-29T02:11:40.635+0000] {logging_mixin.py:120} INFO - [2024-11-29T02:11:40.634+0000] {dag.py:3340} INFO - Setting next_dagrun for example_local_kubernetes_executor to None, run_after=None
[2024-11-29T02:11:40.666+0000] {processor.py:176} INFO - Processing /home/airflow/.local/lib/python3.7/site-packages/airflow/example_dags/example_local_kubernetes_executor.py took 0.157 seconds
[2024-11-29T02:12:10.971+0000] {processor.py:154} INFO - Started process (PID=356) to work on /home/airflow/.local/lib/python3.7/site-packages/airflow/example_dags/example_local_kubernetes_executor.py
[2024-11-29T02:12:10.973+0000] {processor.py:756} INFO - Processing file /home/airflow/.local/lib/python3.7/site-packages/airflow/example_dags/example_local_kubernetes_executor.py for tasks to queue
[2024-11-29T02:12:10.974+0000] {logging_mixin.py:120} INFO - [2024-11-29T02:12:10.974+0000] {dagbag.py:537} INFO - Filling up the DagBag from /home/airflow/.local/lib/python3.7/site-packages/airflow/example_dags/example_local_kubernetes_executor.py
[2024-11-29T02:12:11.003+0000] {processor.py:766} INFO - DAG(s) dict_keys(['example_local_kubernetes_executor']) retrieved from /home/airflow/.local/lib/python3.7/site-packages/airflow/example_dags/example_local_kubernetes_executor.py
[2024-11-29T02:12:11.060+0000] {logging_mixin.py:120} INFO - [2024-11-29T02:12:11.060+0000] {dag.py:2585} INFO - Sync 1 DAGs
[2024-11-29T02:12:11.093+0000] {logging_mixin.py:120} INFO - [2024-11-29T02:12:11.092+0000] {dag.py:3340} INFO - Setting next_dagrun for example_local_kubernetes_executor to None, run_after=None
[2024-11-29T02:12:11.126+0000] {processor.py:176} INFO - Processing /home/airflow/.local/lib/python3.7/site-packages/airflow/example_dags/example_local_kubernetes_executor.py took 0.160 seconds
[2024-11-29T02:12:41.306+0000] {processor.py:154} INFO - Started process (PID=411) to work on /home/airflow/.local/lib/python3.7/site-packages/airflow/example_dags/example_local_kubernetes_executor.py
[2024-11-29T02:12:41.307+0000] {processor.py:756} INFO - Processing file /home/airflow/.local/lib/python3.7/site-packages/airflow/example_dags/example_local_kubernetes_executor.py for tasks to queue
[2024-11-29T02:12:41.308+0000] {logging_mixin.py:120} INFO - [2024-11-29T02:12:41.308+0000] {dagbag.py:537} INFO - Filling up the DagBag from /home/airflow/.local/lib/python3.7/site-packages/airflow/example_dags/example_local_kubernetes_executor.py
[2024-11-29T02:12:41.334+0000] {processor.py:766} INFO - DAG(s) dict_keys(['example_local_kubernetes_executor']) retrieved from /home/airflow/.local/lib/python3.7/site-packages/airflow/example_dags/example_local_kubernetes_executor.py
[2024-11-29T02:12:41.383+0000] {logging_mixin.py:120} INFO - [2024-11-29T02:12:41.383+0000] {dag.py:2585} INFO - Sync 1 DAGs
[2024-11-29T02:12:41.409+0000] {logging_mixin.py:120} INFO - [2024-11-29T02:12:41.409+0000] {dag.py:3340} INFO - Setting next_dagrun for example_local_kubernetes_executor to None, run_after=None
[2024-11-29T02:12:41.442+0000] {processor.py:176} INFO - Processing /home/airflow/.local/lib/python3.7/site-packages/airflow/example_dags/example_local_kubernetes_executor.py took 0.140 seconds
[2024-11-29T02:13:11.833+0000] {processor.py:154} INFO - Started process (PID=475) to work on /home/airflow/.local/lib/python3.7/site-packages/airflow/example_dags/example_local_kubernetes_executor.py
[2024-11-29T02:13:11.834+0000] {processor.py:756} INFO - Processing file /home/airflow/.local/lib/python3.7/site-packages/airflow/example_dags/example_local_kubernetes_executor.py for tasks to queue
[2024-11-29T02:13:11.836+0000] {logging_mixin.py:120} INFO - [2024-11-29T02:13:11.836+0000] {dagbag.py:537} INFO - Filling up the DagBag from /home/airflow/.local/lib/python3.7/site-packages/airflow/example_dags/example_local_kubernetes_executor.py
[2024-11-29T02:13:11.861+0000] {processor.py:766} INFO - DAG(s) dict_keys(['example_local_kubernetes_executor']) retrieved from /home/airflow/.local/lib/python3.7/site-packages/airflow/example_dags/example_local_kubernetes_executor.py
[2024-11-29T02:13:11.908+0000] {logging_mixin.py:120} INFO - [2024-11-29T02:13:11.908+0000] {dag.py:2585} INFO - Sync 1 DAGs
[2024-11-29T02:13:11.936+0000] {logging_mixin.py:120} INFO - [2024-11-29T02:13:11.935+0000] {dag.py:3340} INFO - Setting next_dagrun for example_local_kubernetes_executor to None, run_after=None
[2024-11-29T02:13:11.982+0000] {processor.py:176} INFO - Processing /home/airflow/.local/lib/python3.7/site-packages/airflow/example_dags/example_local_kubernetes_executor.py took 0.153 seconds
[2024-11-29T02:13:42.410+0000] {processor.py:154} INFO - Started process (PID=530) to work on /home/airflow/.local/lib/python3.7/site-packages/airflow/example_dags/example_local_kubernetes_executor.py
[2024-11-29T02:13:42.411+0000] {processor.py:756} INFO - Processing file /home/airflow/.local/lib/python3.7/site-packages/airflow/example_dags/example_local_kubernetes_executor.py for tasks to queue
[2024-11-29T02:13:42.412+0000] {logging_mixin.py:120} INFO - [2024-11-29T02:13:42.412+0000] {dagbag.py:537} INFO - Filling up the DagBag from /home/airflow/.local/lib/python3.7/site-packages/airflow/example_dags/example_local_kubernetes_executor.py
[2024-11-29T02:13:42.436+0000] {processor.py:766} INFO - DAG(s) dict_keys(['example_local_kubernetes_executor']) retrieved from /home/airflow/.local/lib/python3.7/site-packages/airflow/example_dags/example_local_kubernetes_executor.py
[2024-11-29T02:13:42.479+0000] {logging_mixin.py:120} INFO - [2024-11-29T02:13:42.479+0000] {dag.py:2585} INFO - Sync 1 DAGs
[2024-11-29T02:13:42.509+0000] {logging_mixin.py:120} INFO - [2024-11-29T02:13:42.509+0000] {dag.py:3340} INFO - Setting next_dagrun for example_local_kubernetes_executor to None, run_after=None
[2024-11-29T02:13:42.535+0000] {processor.py:176} INFO - Processing /home/airflow/.local/lib/python3.7/site-packages/airflow/example_dags/example_local_kubernetes_executor.py took 0.129 seconds
[2024-11-29T02:14:13.533+0000] {processor.py:154} INFO - Started process (PID=596) to work on /home/airflow/.local/lib/python3.7/site-packages/airflow/example_dags/example_local_kubernetes_executor.py
[2024-11-29T02:14:13.535+0000] {processor.py:756} INFO - Processing file /home/airflow/.local/lib/python3.7/site-packages/airflow/example_dags/example_local_kubernetes_executor.py for tasks to queue
[2024-11-29T02:14:13.537+0000] {logging_mixin.py:120} INFO - [2024-11-29T02:14:13.537+0000] {dagbag.py:537} INFO - Filling up the DagBag from /home/airflow/.local/lib/python3.7/site-packages/airflow/example_dags/example_local_kubernetes_executor.py
[2024-11-29T02:14:13.581+0000] {processor.py:766} INFO - DAG(s) dict_keys(['example_local_kubernetes_executor']) retrieved from /home/airflow/.local/lib/python3.7/site-packages/airflow/example_dags/example_local_kubernetes_executor.py
[2024-11-29T02:14:13.625+0000] {logging_mixin.py:120} INFO - [2024-11-29T02:14:13.625+0000] {dag.py:2585} INFO - Sync 1 DAGs
[2024-11-29T02:14:13.655+0000] {logging_mixin.py:120} INFO - [2024-11-29T02:14:13.655+0000] {dag.py:3340} INFO - Setting next_dagrun for example_local_kubernetes_executor to None, run_after=None
[2024-11-29T02:14:13.706+0000] {processor.py:176} INFO - Processing /home/airflow/.local/lib/python3.7/site-packages/airflow/example_dags/example_local_kubernetes_executor.py took 0.177 seconds
[2024-11-29T02:14:44.109+0000] {processor.py:154} INFO - Started process (PID=661) to work on /home/airflow/.local/lib/python3.7/site-packages/airflow/example_dags/example_local_kubernetes_executor.py
[2024-11-29T02:14:44.110+0000] {processor.py:756} INFO - Processing file /home/airflow/.local/lib/python3.7/site-packages/airflow/example_dags/example_local_kubernetes_executor.py for tasks to queue
[2024-11-29T02:14:44.111+0000] {logging_mixin.py:120} INFO - [2024-11-29T02:14:44.111+0000] {dagbag.py:537} INFO - Filling up the DagBag from /home/airflow/.local/lib/python3.7/site-packages/airflow/example_dags/example_local_kubernetes_executor.py
[2024-11-29T02:14:44.137+0000] {processor.py:766} INFO - DAG(s) dict_keys(['example_local_kubernetes_executor']) retrieved from /home/airflow/.local/lib/python3.7/site-packages/airflow/example_dags/example_local_kubernetes_executor.py
[2024-11-29T02:14:44.187+0000] {logging_mixin.py:120} INFO - [2024-11-29T02:14:44.187+0000] {dag.py:2585} INFO - Sync 1 DAGs
[2024-11-29T02:14:44.217+0000] {logging_mixin.py:120} INFO - [2024-11-29T02:14:44.217+0000] {dag.py:3340} INFO - Setting next_dagrun for example_local_kubernetes_executor to None, run_after=None
[2024-11-29T02:14:44.261+0000] {processor.py:176} INFO - Processing /home/airflow/.local/lib/python3.7/site-packages/airflow/example_dags/example_local_kubernetes_executor.py took 0.156 seconds
[2024-11-29T02:15:14.749+0000] {processor.py:154} INFO - Started process (PID=716) to work on /home/airflow/.local/lib/python3.7/site-packages/airflow/example_dags/example_local_kubernetes_executor.py
[2024-11-29T02:15:14.750+0000] {processor.py:756} INFO - Processing file /home/airflow/.local/lib/python3.7/site-packages/airflow/example_dags/example_local_kubernetes_executor.py for tasks to queue
[2024-11-29T02:15:14.751+0000] {logging_mixin.py:120} INFO - [2024-11-29T02:15:14.751+0000] {dagbag.py:537} INFO - Filling up the DagBag from /home/airflow/.local/lib/python3.7/site-packages/airflow/example_dags/example_local_kubernetes_executor.py
[2024-11-29T02:15:14.776+0000] {processor.py:766} INFO - DAG(s) dict_keys(['example_local_kubernetes_executor']) retrieved from /home/airflow/.local/lib/python3.7/site-packages/airflow/example_dags/example_local_kubernetes_executor.py
[2024-11-29T02:15:14.823+0000] {logging_mixin.py:120} INFO - [2024-11-29T02:15:14.823+0000] {dag.py:2585} INFO - Sync 1 DAGs
[2024-11-29T02:15:14.854+0000] {logging_mixin.py:120} INFO - [2024-11-29T02:15:14.854+0000] {dag.py:3340} INFO - Setting next_dagrun for example_local_kubernetes_executor to None, run_after=None
[2024-11-29T02:15:14.882+0000] {processor.py:176} INFO - Processing /home/airflow/.local/lib/python3.7/site-packages/airflow/example_dags/example_local_kubernetes_executor.py took 0.138 seconds
