[2024-11-29T02:08:54.288+0000] {processor.py:154} INFO - Started process (PID=84) to work on /home/airflow/.local/lib/python3.7/site-packages/airflow/example_dags/example_branch_day_of_week_operator.py
[2024-11-29T02:08:54.305+0000] {processor.py:756} INFO - Processing file /home/airflow/.local/lib/python3.7/site-packages/airflow/example_dags/example_branch_day_of_week_operator.py for tasks to queue
[2024-11-29T02:08:54.318+0000] {logging_mixin.py:120} INFO - [2024-11-29T02:08:54.317+0000] {dagbag.py:537} INFO - Filling up the DagBag from /home/airflow/.local/lib/python3.7/site-packages/airflow/example_dags/example_branch_day_of_week_operator.py
[2024-11-29T02:08:54.442+0000] {processor.py:766} INFO - DAG(s) dict_keys(['example_weekday_branch_operator']) retrieved from /home/airflow/.local/lib/python3.7/site-packages/airflow/example_dags/example_branch_day_of_week_operator.py
[2024-11-29T02:08:54.600+0000] {logging_mixin.py:120} INFO - [2024-11-29T02:08:54.599+0000] {dag.py:2585} INFO - Sync 1 DAGs
[2024-11-29T02:08:54.768+0000] {logging_mixin.py:120} INFO - [2024-11-29T02:08:54.768+0000] {dag.py:3340} INFO - Setting next_dagrun for example_weekday_branch_operator to 2024-11-28T00:00:00+00:00, run_after=2024-11-29T00:00:00+00:00
[2024-11-29T02:08:54.865+0000] {processor.py:176} INFO - Processing /home/airflow/.local/lib/python3.7/site-packages/airflow/example_dags/example_branch_day_of_week_operator.py took 0.586 seconds
[2024-11-29T02:09:40.927+0000] {processor.py:154} INFO - Started process (PID=76) to work on /home/airflow/.local/lib/python3.7/site-packages/airflow/example_dags/example_branch_day_of_week_operator.py
[2024-11-29T02:09:40.939+0000] {processor.py:756} INFO - Processing file /home/airflow/.local/lib/python3.7/site-packages/airflow/example_dags/example_branch_day_of_week_operator.py for tasks to queue
[2024-11-29T02:09:40.946+0000] {logging_mixin.py:120} INFO - [2024-11-29T02:09:40.945+0000] {dagbag.py:537} INFO - Filling up the DagBag from /home/airflow/.local/lib/python3.7/site-packages/airflow/example_dags/example_branch_day_of_week_operator.py
[2024-11-29T02:09:41.032+0000] {processor.py:766} INFO - DAG(s) dict_keys(['example_weekday_branch_operator']) retrieved from /home/airflow/.local/lib/python3.7/site-packages/airflow/example_dags/example_branch_day_of_week_operator.py
[2024-11-29T02:09:41.175+0000] {logging_mixin.py:120} INFO - [2024-11-29T02:09:41.175+0000] {dag.py:2585} INFO - Sync 1 DAGs
[2024-11-29T02:09:41.280+0000] {logging_mixin.py:120} INFO - [2024-11-29T02:09:41.279+0000] {dag.py:3340} INFO - Setting next_dagrun for example_weekday_branch_operator to 2024-11-28T00:00:00+00:00, run_after=2024-11-29T00:00:00+00:00
[2024-11-29T02:09:41.357+0000] {processor.py:176} INFO - Processing /home/airflow/.local/lib/python3.7/site-packages/airflow/example_dags/example_branch_day_of_week_operator.py took 0.434 seconds
[2024-11-29T02:10:12.013+0000] {processor.py:154} INFO - Started process (PID=131) to work on /home/airflow/.local/lib/python3.7/site-packages/airflow/example_dags/example_branch_day_of_week_operator.py
[2024-11-29T02:10:12.015+0000] {processor.py:756} INFO - Processing file /home/airflow/.local/lib/python3.7/site-packages/airflow/example_dags/example_branch_day_of_week_operator.py for tasks to queue
[2024-11-29T02:10:12.016+0000] {logging_mixin.py:120} INFO - [2024-11-29T02:10:12.016+0000] {dagbag.py:537} INFO - Filling up the DagBag from /home/airflow/.local/lib/python3.7/site-packages/airflow/example_dags/example_branch_day_of_week_operator.py
[2024-11-29T02:10:12.046+0000] {processor.py:766} INFO - DAG(s) dict_keys(['example_weekday_branch_operator']) retrieved from /home/airflow/.local/lib/python3.7/site-packages/airflow/example_dags/example_branch_day_of_week_operator.py
[2024-11-29T02:10:12.134+0000] {logging_mixin.py:120} INFO - [2024-11-29T02:10:12.133+0000] {dag.py:2585} INFO - Sync 1 DAGs
[2024-11-29T02:10:12.217+0000] {logging_mixin.py:120} INFO - [2024-11-29T02:10:12.216+0000] {dag.py:3340} INFO - Setting next_dagrun for example_weekday_branch_operator to 2024-11-28T00:00:00+00:00, run_after=2024-11-29T00:00:00+00:00
[2024-11-29T02:10:12.263+0000] {processor.py:176} INFO - Processing /home/airflow/.local/lib/python3.7/site-packages/airflow/example_dags/example_branch_day_of_week_operator.py took 0.257 seconds
[2024-11-29T02:10:43.015+0000] {processor.py:154} INFO - Started process (PID=196) to work on /home/airflow/.local/lib/python3.7/site-packages/airflow/example_dags/example_branch_day_of_week_operator.py
[2024-11-29T02:10:43.017+0000] {processor.py:756} INFO - Processing file /home/airflow/.local/lib/python3.7/site-packages/airflow/example_dags/example_branch_day_of_week_operator.py for tasks to queue
[2024-11-29T02:10:43.018+0000] {logging_mixin.py:120} INFO - [2024-11-29T02:10:43.018+0000] {dagbag.py:537} INFO - Filling up the DagBag from /home/airflow/.local/lib/python3.7/site-packages/airflow/example_dags/example_branch_day_of_week_operator.py
[2024-11-29T02:10:43.050+0000] {processor.py:766} INFO - DAG(s) dict_keys(['example_weekday_branch_operator']) retrieved from /home/airflow/.local/lib/python3.7/site-packages/airflow/example_dags/example_branch_day_of_week_operator.py
[2024-11-29T02:10:43.109+0000] {logging_mixin.py:120} INFO - [2024-11-29T02:10:43.108+0000] {dag.py:2585} INFO - Sync 1 DAGs
[2024-11-29T02:10:43.144+0000] {logging_mixin.py:120} INFO - [2024-11-29T02:10:43.144+0000] {dag.py:3340} INFO - Setting next_dagrun for example_weekday_branch_operator to 2024-11-28T00:00:00+00:00, run_after=2024-11-29T00:00:00+00:00
[2024-11-29T02:10:43.194+0000] {processor.py:176} INFO - Processing /home/airflow/.local/lib/python3.7/site-packages/airflow/example_dags/example_branch_day_of_week_operator.py took 0.182 seconds
[2024-11-29T02:11:13.662+0000] {processor.py:154} INFO - Started process (PID=260) to work on /home/airflow/.local/lib/python3.7/site-packages/airflow/example_dags/example_branch_day_of_week_operator.py
[2024-11-29T02:11:13.664+0000] {processor.py:756} INFO - Processing file /home/airflow/.local/lib/python3.7/site-packages/airflow/example_dags/example_branch_day_of_week_operator.py for tasks to queue
[2024-11-29T02:11:13.665+0000] {logging_mixin.py:120} INFO - [2024-11-29T02:11:13.665+0000] {dagbag.py:537} INFO - Filling up the DagBag from /home/airflow/.local/lib/python3.7/site-packages/airflow/example_dags/example_branch_day_of_week_operator.py
[2024-11-29T02:11:13.688+0000] {processor.py:766} INFO - DAG(s) dict_keys(['example_weekday_branch_operator']) retrieved from /home/airflow/.local/lib/python3.7/site-packages/airflow/example_dags/example_branch_day_of_week_operator.py
[2024-11-29T02:11:13.745+0000] {logging_mixin.py:120} INFO - [2024-11-29T02:11:13.745+0000] {dag.py:2585} INFO - Sync 1 DAGs
[2024-11-29T02:11:13.786+0000] {logging_mixin.py:120} INFO - [2024-11-29T02:11:13.786+0000] {dag.py:3340} INFO - Setting next_dagrun for example_weekday_branch_operator to 2024-11-28T00:00:00+00:00, run_after=2024-11-29T00:00:00+00:00
[2024-11-29T02:11:13.818+0000] {processor.py:176} INFO - Processing /home/airflow/.local/lib/python3.7/site-packages/airflow/example_dags/example_branch_day_of_week_operator.py took 0.160 seconds
[2024-11-29T02:11:44.196+0000] {processor.py:154} INFO - Started process (PID=315) to work on /home/airflow/.local/lib/python3.7/site-packages/airflow/example_dags/example_branch_day_of_week_operator.py
[2024-11-29T02:11:44.198+0000] {processor.py:756} INFO - Processing file /home/airflow/.local/lib/python3.7/site-packages/airflow/example_dags/example_branch_day_of_week_operator.py for tasks to queue
[2024-11-29T02:11:44.200+0000] {logging_mixin.py:120} INFO - [2024-11-29T02:11:44.199+0000] {dagbag.py:537} INFO - Filling up the DagBag from /home/airflow/.local/lib/python3.7/site-packages/airflow/example_dags/example_branch_day_of_week_operator.py
[2024-11-29T02:11:44.216+0000] {processor.py:766} INFO - DAG(s) dict_keys(['example_weekday_branch_operator']) retrieved from /home/airflow/.local/lib/python3.7/site-packages/airflow/example_dags/example_branch_day_of_week_operator.py
[2024-11-29T02:11:44.271+0000] {logging_mixin.py:120} INFO - [2024-11-29T02:11:44.270+0000] {dag.py:2585} INFO - Sync 1 DAGs
[2024-11-29T02:11:44.308+0000] {logging_mixin.py:120} INFO - [2024-11-29T02:11:44.308+0000] {dag.py:3340} INFO - Setting next_dagrun for example_weekday_branch_operator to 2024-11-28T00:00:00+00:00, run_after=2024-11-29T00:00:00+00:00
[2024-11-29T02:11:44.356+0000] {processor.py:176} INFO - Processing /home/airflow/.local/lib/python3.7/site-packages/airflow/example_dags/example_branch_day_of_week_operator.py took 0.163 seconds
[2024-11-29T02:12:14.632+0000] {processor.py:154} INFO - Started process (PID=379) to work on /home/airflow/.local/lib/python3.7/site-packages/airflow/example_dags/example_branch_day_of_week_operator.py
[2024-11-29T02:12:14.633+0000] {processor.py:756} INFO - Processing file /home/airflow/.local/lib/python3.7/site-packages/airflow/example_dags/example_branch_day_of_week_operator.py for tasks to queue
[2024-11-29T02:12:14.636+0000] {logging_mixin.py:120} INFO - [2024-11-29T02:12:14.635+0000] {dagbag.py:537} INFO - Filling up the DagBag from /home/airflow/.local/lib/python3.7/site-packages/airflow/example_dags/example_branch_day_of_week_operator.py
[2024-11-29T02:12:14.661+0000] {processor.py:766} INFO - DAG(s) dict_keys(['example_weekday_branch_operator']) retrieved from /home/airflow/.local/lib/python3.7/site-packages/airflow/example_dags/example_branch_day_of_week_operator.py
[2024-11-29T02:12:14.742+0000] {logging_mixin.py:120} INFO - [2024-11-29T02:12:14.742+0000] {dag.py:2585} INFO - Sync 1 DAGs
[2024-11-29T02:12:14.795+0000] {logging_mixin.py:120} INFO - [2024-11-29T02:12:14.795+0000] {dag.py:3340} INFO - Setting next_dagrun for example_weekday_branch_operator to 2024-11-28T00:00:00+00:00, run_after=2024-11-29T00:00:00+00:00
[2024-11-29T02:12:14.827+0000] {processor.py:176} INFO - Processing /home/airflow/.local/lib/python3.7/site-packages/airflow/example_dags/example_branch_day_of_week_operator.py took 0.198 seconds
[2024-11-29T02:12:45.162+0000] {processor.py:154} INFO - Started process (PID=434) to work on /home/airflow/.local/lib/python3.7/site-packages/airflow/example_dags/example_branch_day_of_week_operator.py
[2024-11-29T02:12:45.163+0000] {processor.py:756} INFO - Processing file /home/airflow/.local/lib/python3.7/site-packages/airflow/example_dags/example_branch_day_of_week_operator.py for tasks to queue
[2024-11-29T02:12:45.165+0000] {logging_mixin.py:120} INFO - [2024-11-29T02:12:45.165+0000] {dagbag.py:537} INFO - Filling up the DagBag from /home/airflow/.local/lib/python3.7/site-packages/airflow/example_dags/example_branch_day_of_week_operator.py
[2024-11-29T02:12:45.184+0000] {processor.py:766} INFO - DAG(s) dict_keys(['example_weekday_branch_operator']) retrieved from /home/airflow/.local/lib/python3.7/site-packages/airflow/example_dags/example_branch_day_of_week_operator.py
[2024-11-29T02:12:45.247+0000] {logging_mixin.py:120} INFO - [2024-11-29T02:12:45.247+0000] {dag.py:2585} INFO - Sync 1 DAGs
[2024-11-29T02:12:45.278+0000] {logging_mixin.py:120} INFO - [2024-11-29T02:12:45.278+0000] {dag.py:3340} INFO - Setting next_dagrun for example_weekday_branch_operator to 2024-11-28T00:00:00+00:00, run_after=2024-11-29T00:00:00+00:00
[2024-11-29T02:12:45.306+0000] {processor.py:176} INFO - Processing /home/airflow/.local/lib/python3.7/site-packages/airflow/example_dags/example_branch_day_of_week_operator.py took 0.148 seconds
[2024-11-29T02:13:15.664+0000] {processor.py:154} INFO - Started process (PID=498) to work on /home/airflow/.local/lib/python3.7/site-packages/airflow/example_dags/example_branch_day_of_week_operator.py
[2024-11-29T02:13:15.667+0000] {processor.py:756} INFO - Processing file /home/airflow/.local/lib/python3.7/site-packages/airflow/example_dags/example_branch_day_of_week_operator.py for tasks to queue
[2024-11-29T02:13:15.668+0000] {logging_mixin.py:120} INFO - [2024-11-29T02:13:15.668+0000] {dagbag.py:537} INFO - Filling up the DagBag from /home/airflow/.local/lib/python3.7/site-packages/airflow/example_dags/example_branch_day_of_week_operator.py
[2024-11-29T02:13:15.692+0000] {processor.py:766} INFO - DAG(s) dict_keys(['example_weekday_branch_operator']) retrieved from /home/airflow/.local/lib/python3.7/site-packages/airflow/example_dags/example_branch_day_of_week_operator.py
[2024-11-29T02:13:15.743+0000] {logging_mixin.py:120} INFO - [2024-11-29T02:13:15.742+0000] {dag.py:2585} INFO - Sync 1 DAGs
[2024-11-29T02:13:15.772+0000] {logging_mixin.py:120} INFO - [2024-11-29T02:13:15.772+0000] {dag.py:3340} INFO - Setting next_dagrun for example_weekday_branch_operator to 2024-11-28T00:00:00+00:00, run_after=2024-11-29T00:00:00+00:00
[2024-11-29T02:13:15.816+0000] {processor.py:176} INFO - Processing /home/airflow/.local/lib/python3.7/site-packages/airflow/example_dags/example_branch_day_of_week_operator.py took 0.156 seconds
[2024-11-29T02:13:46.932+0000] {processor.py:154} INFO - Started process (PID=562) to work on /home/airflow/.local/lib/python3.7/site-packages/airflow/example_dags/example_branch_day_of_week_operator.py
[2024-11-29T02:13:46.934+0000] {processor.py:756} INFO - Processing file /home/airflow/.local/lib/python3.7/site-packages/airflow/example_dags/example_branch_day_of_week_operator.py for tasks to queue
[2024-11-29T02:13:46.935+0000] {logging_mixin.py:120} INFO - [2024-11-29T02:13:46.935+0000] {dagbag.py:537} INFO - Filling up the DagBag from /home/airflow/.local/lib/python3.7/site-packages/airflow/example_dags/example_branch_day_of_week_operator.py
[2024-11-29T02:13:46.953+0000] {processor.py:766} INFO - DAG(s) dict_keys(['example_weekday_branch_operator']) retrieved from /home/airflow/.local/lib/python3.7/site-packages/airflow/example_dags/example_branch_day_of_week_operator.py
[2024-11-29T02:13:46.996+0000] {logging_mixin.py:120} INFO - [2024-11-29T02:13:46.995+0000] {dag.py:2585} INFO - Sync 1 DAGs
[2024-11-29T02:13:47.026+0000] {logging_mixin.py:120} INFO - [2024-11-29T02:13:47.026+0000] {dag.py:3340} INFO - Setting next_dagrun for example_weekday_branch_operator to 2024-11-28T00:00:00+00:00, run_after=2024-11-29T00:00:00+00:00
[2024-11-29T02:13:47.052+0000] {processor.py:176} INFO - Processing /home/airflow/.local/lib/python3.7/site-packages/airflow/example_dags/example_branch_day_of_week_operator.py took 0.124 seconds
[2024-11-29T02:14:17.632+0000] {processor.py:154} INFO - Started process (PID=619) to work on /home/airflow/.local/lib/python3.7/site-packages/airflow/example_dags/example_branch_day_of_week_operator.py
[2024-11-29T02:14:17.633+0000] {processor.py:756} INFO - Processing file /home/airflow/.local/lib/python3.7/site-packages/airflow/example_dags/example_branch_day_of_week_operator.py for tasks to queue
[2024-11-29T02:14:17.634+0000] {logging_mixin.py:120} INFO - [2024-11-29T02:14:17.634+0000] {dagbag.py:537} INFO - Filling up the DagBag from /home/airflow/.local/lib/python3.7/site-packages/airflow/example_dags/example_branch_day_of_week_operator.py
[2024-11-29T02:14:17.655+0000] {processor.py:766} INFO - DAG(s) dict_keys(['example_weekday_branch_operator']) retrieved from /home/airflow/.local/lib/python3.7/site-packages/airflow/example_dags/example_branch_day_of_week_operator.py
[2024-11-29T02:14:17.706+0000] {logging_mixin.py:120} INFO - [2024-11-29T02:14:17.706+0000] {dag.py:2585} INFO - Sync 1 DAGs
[2024-11-29T02:14:17.743+0000] {logging_mixin.py:120} INFO - [2024-11-29T02:14:17.743+0000] {dag.py:3340} INFO - Setting next_dagrun for example_weekday_branch_operator to 2024-11-28T00:00:00+00:00, run_after=2024-11-29T00:00:00+00:00
[2024-11-29T02:14:17.770+0000] {processor.py:176} INFO - Processing /home/airflow/.local/lib/python3.7/site-packages/airflow/example_dags/example_branch_day_of_week_operator.py took 0.142 seconds
[2024-11-29T02:14:48.195+0000] {processor.py:154} INFO - Started process (PID=684) to work on /home/airflow/.local/lib/python3.7/site-packages/airflow/example_dags/example_branch_day_of_week_operator.py
[2024-11-29T02:14:48.196+0000] {processor.py:756} INFO - Processing file /home/airflow/.local/lib/python3.7/site-packages/airflow/example_dags/example_branch_day_of_week_operator.py for tasks to queue
[2024-11-29T02:14:48.198+0000] {logging_mixin.py:120} INFO - [2024-11-29T02:14:48.197+0000] {dagbag.py:537} INFO - Filling up the DagBag from /home/airflow/.local/lib/python3.7/site-packages/airflow/example_dags/example_branch_day_of_week_operator.py
[2024-11-29T02:14:48.219+0000] {processor.py:766} INFO - DAG(s) dict_keys(['example_weekday_branch_operator']) retrieved from /home/airflow/.local/lib/python3.7/site-packages/airflow/example_dags/example_branch_day_of_week_operator.py
[2024-11-29T02:14:48.271+0000] {logging_mixin.py:120} INFO - [2024-11-29T02:14:48.271+0000] {dag.py:2585} INFO - Sync 1 DAGs
[2024-11-29T02:14:48.301+0000] {logging_mixin.py:120} INFO - [2024-11-29T02:14:48.301+0000] {dag.py:3340} INFO - Setting next_dagrun for example_weekday_branch_operator to 2024-11-28T00:00:00+00:00, run_after=2024-11-29T00:00:00+00:00
[2024-11-29T02:14:48.325+0000] {processor.py:176} INFO - Processing /home/airflow/.local/lib/python3.7/site-packages/airflow/example_dags/example_branch_day_of_week_operator.py took 0.134 seconds
[2024-11-29T02:15:18.823+0000] {processor.py:154} INFO - Started process (PID=748) to work on /home/airflow/.local/lib/python3.7/site-packages/airflow/example_dags/example_branch_day_of_week_operator.py
[2024-11-29T02:15:18.824+0000] {processor.py:756} INFO - Processing file /home/airflow/.local/lib/python3.7/site-packages/airflow/example_dags/example_branch_day_of_week_operator.py for tasks to queue
[2024-11-29T02:15:18.826+0000] {logging_mixin.py:120} INFO - [2024-11-29T02:15:18.825+0000] {dagbag.py:537} INFO - Filling up the DagBag from /home/airflow/.local/lib/python3.7/site-packages/airflow/example_dags/example_branch_day_of_week_operator.py
[2024-11-29T02:15:18.850+0000] {processor.py:766} INFO - DAG(s) dict_keys(['example_weekday_branch_operator']) retrieved from /home/airflow/.local/lib/python3.7/site-packages/airflow/example_dags/example_branch_day_of_week_operator.py
[2024-11-29T02:15:18.902+0000] {logging_mixin.py:120} INFO - [2024-11-29T02:15:18.902+0000] {dag.py:2585} INFO - Sync 1 DAGs
[2024-11-29T02:15:18.952+0000] {logging_mixin.py:120} INFO - [2024-11-29T02:15:18.952+0000] {dag.py:3340} INFO - Setting next_dagrun for example_weekday_branch_operator to 2024-11-28T00:00:00+00:00, run_after=2024-11-29T00:00:00+00:00
[2024-11-29T02:15:18.981+0000] {processor.py:176} INFO - Processing /home/airflow/.local/lib/python3.7/site-packages/airflow/example_dags/example_branch_day_of_week_operator.py took 0.163 seconds
