[2024-11-29T02:08:54.527+0000] {processor.py:154} INFO - Started process (PID=85) to work on /home/airflow/.local/lib/python3.7/site-packages/airflow/example_dags/example_short_circuit_operator.py
[2024-11-29T02:08:54.532+0000] {processor.py:756} INFO - Processing file /home/airflow/.local/lib/python3.7/site-packages/airflow/example_dags/example_short_circuit_operator.py for tasks to queue
[2024-11-29T02:08:54.538+0000] {logging_mixin.py:120} INFO - [2024-11-29T02:08:54.538+0000] {dagbag.py:537} INFO - Filling up the DagBag from /home/airflow/.local/lib/python3.7/site-packages/airflow/example_dags/example_short_circuit_operator.py
[2024-11-29T02:08:54.598+0000] {processor.py:766} INFO - DAG(s) dict_keys(['example_short_circuit_operator']) retrieved from /home/airflow/.local/lib/python3.7/site-packages/airflow/example_dags/example_short_circuit_operator.py
[2024-11-29T02:08:54.720+0000] {logging_mixin.py:120} INFO - [2024-11-29T02:08:54.719+0000] {dag.py:2585} INFO - Sync 1 DAGs
[2024-11-29T02:08:54.857+0000] {logging_mixin.py:120} INFO - [2024-11-29T02:08:54.857+0000] {dag.py:3340} INFO - Setting next_dagrun for example_short_circuit_operator to 2024-11-28T02:08:54.856607+00:00, run_after=2024-11-29T02:08:54.856607+00:00
[2024-11-29T02:08:54.952+0000] {processor.py:176} INFO - Processing /home/airflow/.local/lib/python3.7/site-packages/airflow/example_dags/example_short_circuit_operator.py took 0.474 seconds
[2024-11-29T02:09:41.372+0000] {processor.py:154} INFO - Started process (PID=77) to work on /home/airflow/.local/lib/python3.7/site-packages/airflow/example_dags/example_short_circuit_operator.py
[2024-11-29T02:09:41.376+0000] {processor.py:756} INFO - Processing file /home/airflow/.local/lib/python3.7/site-packages/airflow/example_dags/example_short_circuit_operator.py for tasks to queue
[2024-11-29T02:09:41.378+0000] {logging_mixin.py:120} INFO - [2024-11-29T02:09:41.378+0000] {dagbag.py:537} INFO - Filling up the DagBag from /home/airflow/.local/lib/python3.7/site-packages/airflow/example_dags/example_short_circuit_operator.py
[2024-11-29T02:09:41.434+0000] {processor.py:766} INFO - DAG(s) dict_keys(['example_short_circuit_operator']) retrieved from /home/airflow/.local/lib/python3.7/site-packages/airflow/example_dags/example_short_circuit_operator.py
[2024-11-29T02:09:41.539+0000] {logging_mixin.py:120} INFO - [2024-11-29T02:09:41.538+0000] {dag.py:2585} INFO - Sync 1 DAGs
[2024-11-29T02:09:41.603+0000] {logging_mixin.py:120} INFO - [2024-11-29T02:09:41.603+0000] {dag.py:3340} INFO - Setting next_dagrun for example_short_circuit_operator to 2024-11-28T02:09:41.603007+00:00, run_after=2024-11-29T02:09:41.603007+00:00
[2024-11-29T02:09:41.649+0000] {processor.py:176} INFO - Processing /home/airflow/.local/lib/python3.7/site-packages/airflow/example_dags/example_short_circuit_operator.py took 0.294 seconds
[2024-11-29T02:10:12.269+0000] {processor.py:154} INFO - Started process (PID=132) to work on /home/airflow/.local/lib/python3.7/site-packages/airflow/example_dags/example_short_circuit_operator.py
[2024-11-29T02:10:12.271+0000] {processor.py:756} INFO - Processing file /home/airflow/.local/lib/python3.7/site-packages/airflow/example_dags/example_short_circuit_operator.py for tasks to queue
[2024-11-29T02:10:12.273+0000] {logging_mixin.py:120} INFO - [2024-11-29T02:10:12.272+0000] {dagbag.py:537} INFO - Filling up the DagBag from /home/airflow/.local/lib/python3.7/site-packages/airflow/example_dags/example_short_circuit_operator.py
[2024-11-29T02:10:12.300+0000] {processor.py:766} INFO - DAG(s) dict_keys(['example_short_circuit_operator']) retrieved from /home/airflow/.local/lib/python3.7/site-packages/airflow/example_dags/example_short_circuit_operator.py
[2024-11-29T02:10:12.359+0000] {logging_mixin.py:120} INFO - [2024-11-29T02:10:12.359+0000] {dag.py:2585} INFO - Sync 1 DAGs
[2024-11-29T02:10:12.397+0000] {logging_mixin.py:120} INFO - [2024-11-29T02:10:12.397+0000] {dag.py:3340} INFO - Setting next_dagrun for example_short_circuit_operator to 2024-11-28T02:10:12.397364+00:00, run_after=2024-11-29T02:10:12.397364+00:00
[2024-11-29T02:10:12.429+0000] {processor.py:176} INFO - Processing /home/airflow/.local/lib/python3.7/site-packages/airflow/example_dags/example_short_circuit_operator.py took 0.166 seconds
[2024-11-29T02:10:43.229+0000] {processor.py:154} INFO - Started process (PID=197) to work on /home/airflow/.local/lib/python3.7/site-packages/airflow/example_dags/example_short_circuit_operator.py
[2024-11-29T02:10:43.230+0000] {processor.py:756} INFO - Processing file /home/airflow/.local/lib/python3.7/site-packages/airflow/example_dags/example_short_circuit_operator.py for tasks to queue
[2024-11-29T02:10:43.232+0000] {logging_mixin.py:120} INFO - [2024-11-29T02:10:43.231+0000] {dagbag.py:537} INFO - Filling up the DagBag from /home/airflow/.local/lib/python3.7/site-packages/airflow/example_dags/example_short_circuit_operator.py
[2024-11-29T02:10:43.254+0000] {processor.py:766} INFO - DAG(s) dict_keys(['example_short_circuit_operator']) retrieved from /home/airflow/.local/lib/python3.7/site-packages/airflow/example_dags/example_short_circuit_operator.py
[2024-11-29T02:10:43.316+0000] {logging_mixin.py:120} INFO - [2024-11-29T02:10:43.316+0000] {dag.py:2585} INFO - Sync 1 DAGs
[2024-11-29T02:10:43.382+0000] {logging_mixin.py:120} INFO - [2024-11-29T02:10:43.381+0000] {dag.py:3340} INFO - Setting next_dagrun for example_short_circuit_operator to 2024-11-28T02:10:43.380466+00:00, run_after=2024-11-29T02:10:43.380466+00:00
[2024-11-29T02:10:43.447+0000] {processor.py:176} INFO - Processing /home/airflow/.local/lib/python3.7/site-packages/airflow/example_dags/example_short_circuit_operator.py took 0.224 seconds
[2024-11-29T02:11:13.796+0000] {processor.py:154} INFO - Started process (PID=261) to work on /home/airflow/.local/lib/python3.7/site-packages/airflow/example_dags/example_short_circuit_operator.py
[2024-11-29T02:11:13.798+0000] {processor.py:756} INFO - Processing file /home/airflow/.local/lib/python3.7/site-packages/airflow/example_dags/example_short_circuit_operator.py for tasks to queue
[2024-11-29T02:11:13.799+0000] {logging_mixin.py:120} INFO - [2024-11-29T02:11:13.799+0000] {dagbag.py:537} INFO - Filling up the DagBag from /home/airflow/.local/lib/python3.7/site-packages/airflow/example_dags/example_short_circuit_operator.py
[2024-11-29T02:11:13.823+0000] {processor.py:766} INFO - DAG(s) dict_keys(['example_short_circuit_operator']) retrieved from /home/airflow/.local/lib/python3.7/site-packages/airflow/example_dags/example_short_circuit_operator.py
[2024-11-29T02:11:13.878+0000] {logging_mixin.py:120} INFO - [2024-11-29T02:11:13.878+0000] {dag.py:2585} INFO - Sync 1 DAGs
[2024-11-29T02:11:13.909+0000] {logging_mixin.py:120} INFO - [2024-11-29T02:11:13.909+0000] {dag.py:3340} INFO - Setting next_dagrun for example_short_circuit_operator to 2024-11-28T02:11:13.908723+00:00, run_after=2024-11-29T02:11:13.908723+00:00
[2024-11-29T02:11:13.939+0000] {processor.py:176} INFO - Processing /home/airflow/.local/lib/python3.7/site-packages/airflow/example_dags/example_short_circuit_operator.py took 0.148 seconds
[2024-11-29T02:11:44.391+0000] {processor.py:154} INFO - Started process (PID=316) to work on /home/airflow/.local/lib/python3.7/site-packages/airflow/example_dags/example_short_circuit_operator.py
[2024-11-29T02:11:44.392+0000] {processor.py:756} INFO - Processing file /home/airflow/.local/lib/python3.7/site-packages/airflow/example_dags/example_short_circuit_operator.py for tasks to queue
[2024-11-29T02:11:44.393+0000] {logging_mixin.py:120} INFO - [2024-11-29T02:11:44.393+0000] {dagbag.py:537} INFO - Filling up the DagBag from /home/airflow/.local/lib/python3.7/site-packages/airflow/example_dags/example_short_circuit_operator.py
[2024-11-29T02:11:44.415+0000] {processor.py:766} INFO - DAG(s) dict_keys(['example_short_circuit_operator']) retrieved from /home/airflow/.local/lib/python3.7/site-packages/airflow/example_dags/example_short_circuit_operator.py
[2024-11-29T02:11:44.467+0000] {logging_mixin.py:120} INFO - [2024-11-29T02:11:44.467+0000] {dag.py:2585} INFO - Sync 1 DAGs
[2024-11-29T02:11:44.496+0000] {logging_mixin.py:120} INFO - [2024-11-29T02:11:44.496+0000] {dag.py:3340} INFO - Setting next_dagrun for example_short_circuit_operator to 2024-11-28T02:11:44.496174+00:00, run_after=2024-11-29T02:11:44.496174+00:00
[2024-11-29T02:11:44.523+0000] {processor.py:176} INFO - Processing /home/airflow/.local/lib/python3.7/site-packages/airflow/example_dags/example_short_circuit_operator.py took 0.138 seconds
[2024-11-29T02:12:14.859+0000] {processor.py:154} INFO - Started process (PID=380) to work on /home/airflow/.local/lib/python3.7/site-packages/airflow/example_dags/example_short_circuit_operator.py
[2024-11-29T02:12:14.860+0000] {processor.py:756} INFO - Processing file /home/airflow/.local/lib/python3.7/site-packages/airflow/example_dags/example_short_circuit_operator.py for tasks to queue
[2024-11-29T02:12:14.862+0000] {logging_mixin.py:120} INFO - [2024-11-29T02:12:14.862+0000] {dagbag.py:537} INFO - Filling up the DagBag from /home/airflow/.local/lib/python3.7/site-packages/airflow/example_dags/example_short_circuit_operator.py
[2024-11-29T02:12:14.885+0000] {processor.py:766} INFO - DAG(s) dict_keys(['example_short_circuit_operator']) retrieved from /home/airflow/.local/lib/python3.7/site-packages/airflow/example_dags/example_short_circuit_operator.py
[2024-11-29T02:12:14.940+0000] {logging_mixin.py:120} INFO - [2024-11-29T02:12:14.940+0000] {dag.py:2585} INFO - Sync 1 DAGs
[2024-11-29T02:12:14.993+0000] {logging_mixin.py:120} INFO - [2024-11-29T02:12:14.993+0000] {dag.py:3340} INFO - Setting next_dagrun for example_short_circuit_operator to 2024-11-28T02:12:14.992937+00:00, run_after=2024-11-29T02:12:14.992937+00:00
[2024-11-29T02:12:15.024+0000] {processor.py:176} INFO - Processing /home/airflow/.local/lib/python3.7/site-packages/airflow/example_dags/example_short_circuit_operator.py took 0.170 seconds
[2024-11-29T02:12:45.339+0000] {processor.py:154} INFO - Started process (PID=435) to work on /home/airflow/.local/lib/python3.7/site-packages/airflow/example_dags/example_short_circuit_operator.py
[2024-11-29T02:12:45.341+0000] {processor.py:756} INFO - Processing file /home/airflow/.local/lib/python3.7/site-packages/airflow/example_dags/example_short_circuit_operator.py for tasks to queue
[2024-11-29T02:12:45.342+0000] {logging_mixin.py:120} INFO - [2024-11-29T02:12:45.342+0000] {dagbag.py:537} INFO - Filling up the DagBag from /home/airflow/.local/lib/python3.7/site-packages/airflow/example_dags/example_short_circuit_operator.py
[2024-11-29T02:12:45.363+0000] {processor.py:766} INFO - DAG(s) dict_keys(['example_short_circuit_operator']) retrieved from /home/airflow/.local/lib/python3.7/site-packages/airflow/example_dags/example_short_circuit_operator.py
[2024-11-29T02:12:45.418+0000] {logging_mixin.py:120} INFO - [2024-11-29T02:12:45.418+0000] {dag.py:2585} INFO - Sync 1 DAGs
[2024-11-29T02:12:45.455+0000] {logging_mixin.py:120} INFO - [2024-11-29T02:12:45.454+0000] {dag.py:3340} INFO - Setting next_dagrun for example_short_circuit_operator to 2024-11-28T02:12:45.454350+00:00, run_after=2024-11-29T02:12:45.454350+00:00
[2024-11-29T02:12:45.487+0000] {processor.py:176} INFO - Processing /home/airflow/.local/lib/python3.7/site-packages/airflow/example_dags/example_short_circuit_operator.py took 0.151 seconds
[2024-11-29T02:13:15.845+0000] {processor.py:154} INFO - Started process (PID=499) to work on /home/airflow/.local/lib/python3.7/site-packages/airflow/example_dags/example_short_circuit_operator.py
[2024-11-29T02:13:15.846+0000] {processor.py:756} INFO - Processing file /home/airflow/.local/lib/python3.7/site-packages/airflow/example_dags/example_short_circuit_operator.py for tasks to queue
[2024-11-29T02:13:15.847+0000] {logging_mixin.py:120} INFO - [2024-11-29T02:13:15.847+0000] {dagbag.py:537} INFO - Filling up the DagBag from /home/airflow/.local/lib/python3.7/site-packages/airflow/example_dags/example_short_circuit_operator.py
[2024-11-29T02:13:15.865+0000] {processor.py:766} INFO - DAG(s) dict_keys(['example_short_circuit_operator']) retrieved from /home/airflow/.local/lib/python3.7/site-packages/airflow/example_dags/example_short_circuit_operator.py
[2024-11-29T02:13:15.908+0000] {logging_mixin.py:120} INFO - [2024-11-29T02:13:15.908+0000] {dag.py:2585} INFO - Sync 1 DAGs
[2024-11-29T02:13:15.935+0000] {logging_mixin.py:120} INFO - [2024-11-29T02:13:15.935+0000] {dag.py:3340} INFO - Setting next_dagrun for example_short_circuit_operator to 2024-11-28T02:13:15.935048+00:00, run_after=2024-11-29T02:13:15.935048+00:00
[2024-11-29T02:13:15.961+0000] {processor.py:176} INFO - Processing /home/airflow/.local/lib/python3.7/site-packages/airflow/example_dags/example_short_circuit_operator.py took 0.120 seconds
[2024-11-29T02:13:46.943+0000] {processor.py:154} INFO - Started process (PID=563) to work on /home/airflow/.local/lib/python3.7/site-packages/airflow/example_dags/example_short_circuit_operator.py
[2024-11-29T02:13:46.945+0000] {processor.py:756} INFO - Processing file /home/airflow/.local/lib/python3.7/site-packages/airflow/example_dags/example_short_circuit_operator.py for tasks to queue
[2024-11-29T02:13:46.946+0000] {logging_mixin.py:120} INFO - [2024-11-29T02:13:46.946+0000] {dagbag.py:537} INFO - Filling up the DagBag from /home/airflow/.local/lib/python3.7/site-packages/airflow/example_dags/example_short_circuit_operator.py
[2024-11-29T02:13:46.964+0000] {processor.py:766} INFO - DAG(s) dict_keys(['example_short_circuit_operator']) retrieved from /home/airflow/.local/lib/python3.7/site-packages/airflow/example_dags/example_short_circuit_operator.py
[2024-11-29T02:13:47.010+0000] {logging_mixin.py:120} INFO - [2024-11-29T02:13:47.010+0000] {dag.py:2585} INFO - Sync 1 DAGs
[2024-11-29T02:13:47.042+0000] {logging_mixin.py:120} INFO - [2024-11-29T02:13:47.041+0000] {dag.py:3340} INFO - Setting next_dagrun for example_short_circuit_operator to 2024-11-28T02:13:47.041703+00:00, run_after=2024-11-29T02:13:47.041703+00:00
[2024-11-29T02:13:47.070+0000] {processor.py:176} INFO - Processing /home/airflow/.local/lib/python3.7/site-packages/airflow/example_dags/example_short_circuit_operator.py took 0.130 seconds
[2024-11-29T02:14:17.651+0000] {processor.py:154} INFO - Started process (PID=620) to work on /home/airflow/.local/lib/python3.7/site-packages/airflow/example_dags/example_short_circuit_operator.py
[2024-11-29T02:14:17.653+0000] {processor.py:756} INFO - Processing file /home/airflow/.local/lib/python3.7/site-packages/airflow/example_dags/example_short_circuit_operator.py for tasks to queue
[2024-11-29T02:14:17.654+0000] {logging_mixin.py:120} INFO - [2024-11-29T02:14:17.654+0000] {dagbag.py:537} INFO - Filling up the DagBag from /home/airflow/.local/lib/python3.7/site-packages/airflow/example_dags/example_short_circuit_operator.py
[2024-11-29T02:14:17.678+0000] {processor.py:766} INFO - DAG(s) dict_keys(['example_short_circuit_operator']) retrieved from /home/airflow/.local/lib/python3.7/site-packages/airflow/example_dags/example_short_circuit_operator.py
[2024-11-29T02:14:17.728+0000] {logging_mixin.py:120} INFO - [2024-11-29T02:14:17.727+0000] {dag.py:2585} INFO - Sync 1 DAGs
[2024-11-29T02:14:17.767+0000] {logging_mixin.py:120} INFO - [2024-11-29T02:14:17.767+0000] {dag.py:3340} INFO - Setting next_dagrun for example_short_circuit_operator to 2024-11-28T02:14:17.767026+00:00, run_after=2024-11-29T02:14:17.767026+00:00
[2024-11-29T02:14:17.800+0000] {processor.py:176} INFO - Processing /home/airflow/.local/lib/python3.7/site-packages/airflow/example_dags/example_short_circuit_operator.py took 0.152 seconds
[2024-11-29T02:14:48.232+0000] {processor.py:154} INFO - Started process (PID=685) to work on /home/airflow/.local/lib/python3.7/site-packages/airflow/example_dags/example_short_circuit_operator.py
[2024-11-29T02:14:48.233+0000] {processor.py:756} INFO - Processing file /home/airflow/.local/lib/python3.7/site-packages/airflow/example_dags/example_short_circuit_operator.py for tasks to queue
[2024-11-29T02:14:48.235+0000] {logging_mixin.py:120} INFO - [2024-11-29T02:14:48.235+0000] {dagbag.py:537} INFO - Filling up the DagBag from /home/airflow/.local/lib/python3.7/site-packages/airflow/example_dags/example_short_circuit_operator.py
[2024-11-29T02:14:48.256+0000] {processor.py:766} INFO - DAG(s) dict_keys(['example_short_circuit_operator']) retrieved from /home/airflow/.local/lib/python3.7/site-packages/airflow/example_dags/example_short_circuit_operator.py
[2024-11-29T02:14:48.301+0000] {logging_mixin.py:120} INFO - [2024-11-29T02:14:48.300+0000] {dag.py:2585} INFO - Sync 1 DAGs
[2024-11-29T02:14:48.328+0000] {logging_mixin.py:120} INFO - [2024-11-29T02:14:48.328+0000] {dag.py:3340} INFO - Setting next_dagrun for example_short_circuit_operator to 2024-11-28T02:14:48.328036+00:00, run_after=2024-11-29T02:14:48.328036+00:00
[2024-11-29T02:14:48.358+0000] {processor.py:176} INFO - Processing /home/airflow/.local/lib/python3.7/site-packages/airflow/example_dags/example_short_circuit_operator.py took 0.130 seconds
[2024-11-29T02:15:18.883+0000] {processor.py:154} INFO - Started process (PID=749) to work on /home/airflow/.local/lib/python3.7/site-packages/airflow/example_dags/example_short_circuit_operator.py
[2024-11-29T02:15:18.885+0000] {processor.py:756} INFO - Processing file /home/airflow/.local/lib/python3.7/site-packages/airflow/example_dags/example_short_circuit_operator.py for tasks to queue
[2024-11-29T02:15:18.887+0000] {logging_mixin.py:120} INFO - [2024-11-29T02:15:18.886+0000] {dagbag.py:537} INFO - Filling up the DagBag from /home/airflow/.local/lib/python3.7/site-packages/airflow/example_dags/example_short_circuit_operator.py
[2024-11-29T02:15:18.907+0000] {processor.py:766} INFO - DAG(s) dict_keys(['example_short_circuit_operator']) retrieved from /home/airflow/.local/lib/python3.7/site-packages/airflow/example_dags/example_short_circuit_operator.py
[2024-11-29T02:15:18.970+0000] {logging_mixin.py:120} INFO - [2024-11-29T02:15:18.970+0000] {dag.py:2585} INFO - Sync 1 DAGs
[2024-11-29T02:15:19.016+0000] {logging_mixin.py:120} INFO - [2024-11-29T02:15:19.016+0000] {dag.py:3340} INFO - Setting next_dagrun for example_short_circuit_operator to 2024-11-28T02:15:19.016414+00:00, run_after=2024-11-29T02:15:19.016414+00:00
[2024-11-29T02:15:19.066+0000] {processor.py:176} INFO - Processing /home/airflow/.local/lib/python3.7/site-packages/airflow/example_dags/example_short_circuit_operator.py took 0.186 seconds
