[2024-11-29T02:08:53.082+0000] {processor.py:154} INFO - Started process (PID=82) to work on /home/airflow/.local/lib/python3.7/site-packages/airflow/example_dags/example_subdag_operator.py
[2024-11-29T02:08:53.084+0000] {processor.py:756} INFO - Processing file /home/airflow/.local/lib/python3.7/site-packages/airflow/example_dags/example_subdag_operator.py for tasks to queue
[2024-11-29T02:08:53.098+0000] {logging_mixin.py:120} INFO - [2024-11-29T02:08:53.097+0000] {dagbag.py:537} INFO - Filling up the DagBag from /home/airflow/.local/lib/python3.7/site-packages/airflow/example_dags/example_subdag_operator.py
[2024-11-29T02:08:53.251+0000] {processor.py:766} INFO - DAG(s) dict_keys(['example_subdag_operator.section-1', 'example_subdag_operator.section-2', 'example_subdag_operator']) retrieved from /home/airflow/.local/lib/python3.7/site-packages/airflow/example_dags/example_subdag_operator.py
[2024-11-29T02:08:54.122+0000] {logging_mixin.py:120} INFO - [2024-11-29T02:08:54.122+0000] {dag.py:2585} INFO - Sync 3 DAGs
[2024-11-29T02:08:54.272+0000] {logging_mixin.py:120} INFO - [2024-11-29T02:08:54.271+0000] {dag.py:3340} INFO - Setting next_dagrun for example_subdag_operator to 2022-01-01T00:00:00+00:00, run_after=2022-01-01T00:00:00+00:00
[2024-11-29T02:08:54.281+0000] {logging_mixin.py:120} INFO - [2024-11-29T02:08:54.281+0000] {dag.py:3340} INFO - Setting next_dagrun for example_subdag_operator.section-1 to None, run_after=None
[2024-11-29T02:08:54.290+0000] {logging_mixin.py:120} INFO - [2024-11-29T02:08:54.290+0000] {dag.py:3340} INFO - Setting next_dagrun for example_subdag_operator.section-2 to None, run_after=None
[2024-11-29T02:08:54.326+0000] {logging_mixin.py:120} INFO - [2024-11-29T02:08:54.326+0000] {dag.py:2585} INFO - Sync 2 DAGs
[2024-11-29T02:08:54.345+0000] {logging_mixin.py:120} INFO - [2024-11-29T02:08:54.345+0000] {dag.py:3340} INFO - Setting next_dagrun for example_subdag_operator.section-1 to None, run_after=None
[2024-11-29T02:08:54.346+0000] {logging_mixin.py:120} INFO - [2024-11-29T02:08:54.346+0000] {dag.py:3340} INFO - Setting next_dagrun for example_subdag_operator.section-2 to None, run_after=None
[2024-11-29T02:08:54.404+0000] {processor.py:176} INFO - Processing /home/airflow/.local/lib/python3.7/site-packages/airflow/example_dags/example_subdag_operator.py took 1.327 seconds
[2024-11-29T02:09:40.573+0000] {processor.py:154} INFO - Started process (PID=74) to work on /home/airflow/.local/lib/python3.7/site-packages/airflow/example_dags/example_subdag_operator.py
[2024-11-29T02:09:40.576+0000] {processor.py:756} INFO - Processing file /home/airflow/.local/lib/python3.7/site-packages/airflow/example_dags/example_subdag_operator.py for tasks to queue
[2024-11-29T02:09:40.578+0000] {logging_mixin.py:120} INFO - [2024-11-29T02:09:40.577+0000] {dagbag.py:537} INFO - Filling up the DagBag from /home/airflow/.local/lib/python3.7/site-packages/airflow/example_dags/example_subdag_operator.py
[2024-11-29T02:09:40.632+0000] {processor.py:766} INFO - DAG(s) dict_keys(['example_subdag_operator.section-1', 'example_subdag_operator.section-2', 'example_subdag_operator']) retrieved from /home/airflow/.local/lib/python3.7/site-packages/airflow/example_dags/example_subdag_operator.py
[2024-11-29T02:09:40.998+0000] {logging_mixin.py:120} INFO - [2024-11-29T02:09:40.998+0000] {dag.py:2585} INFO - Sync 3 DAGs
[2024-11-29T02:09:41.085+0000] {logging_mixin.py:120} INFO - [2024-11-29T02:09:41.084+0000] {dag.py:3340} INFO - Setting next_dagrun for example_subdag_operator to 2022-01-01T00:00:00+00:00, run_after=2022-01-01T00:00:00+00:00
[2024-11-29T02:09:41.104+0000] {logging_mixin.py:120} INFO - [2024-11-29T02:09:41.103+0000] {dag.py:3340} INFO - Setting next_dagrun for example_subdag_operator.section-1 to None, run_after=None
[2024-11-29T02:09:41.110+0000] {logging_mixin.py:120} INFO - [2024-11-29T02:09:41.110+0000] {dag.py:3340} INFO - Setting next_dagrun for example_subdag_operator.section-2 to None, run_after=None
[2024-11-29T02:09:41.145+0000] {logging_mixin.py:120} INFO - [2024-11-29T02:09:41.145+0000] {dag.py:2585} INFO - Sync 2 DAGs
[2024-11-29T02:09:41.164+0000] {logging_mixin.py:120} INFO - [2024-11-29T02:09:41.164+0000] {dag.py:3340} INFO - Setting next_dagrun for example_subdag_operator.section-1 to None, run_after=None
[2024-11-29T02:09:41.168+0000] {logging_mixin.py:120} INFO - [2024-11-29T02:09:41.167+0000] {dag.py:3340} INFO - Setting next_dagrun for example_subdag_operator.section-2 to None, run_after=None
[2024-11-29T02:09:41.244+0000] {processor.py:176} INFO - Processing /home/airflow/.local/lib/python3.7/site-packages/airflow/example_dags/example_subdag_operator.py took 0.676 seconds
[2024-11-29T02:10:11.718+0000] {processor.py:154} INFO - Started process (PID=129) to work on /home/airflow/.local/lib/python3.7/site-packages/airflow/example_dags/example_subdag_operator.py
[2024-11-29T02:10:11.720+0000] {processor.py:756} INFO - Processing file /home/airflow/.local/lib/python3.7/site-packages/airflow/example_dags/example_subdag_operator.py for tasks to queue
[2024-11-29T02:10:11.723+0000] {logging_mixin.py:120} INFO - [2024-11-29T02:10:11.723+0000] {dagbag.py:537} INFO - Filling up the DagBag from /home/airflow/.local/lib/python3.7/site-packages/airflow/example_dags/example_subdag_operator.py
[2024-11-29T02:10:11.771+0000] {processor.py:766} INFO - DAG(s) dict_keys(['example_subdag_operator.section-1', 'example_subdag_operator.section-2', 'example_subdag_operator']) retrieved from /home/airflow/.local/lib/python3.7/site-packages/airflow/example_dags/example_subdag_operator.py
[2024-11-29T02:10:12.063+0000] {logging_mixin.py:120} INFO - [2024-11-29T02:10:12.063+0000] {dag.py:2585} INFO - Sync 3 DAGs
[2024-11-29T02:10:12.128+0000] {logging_mixin.py:120} INFO - [2024-11-29T02:10:12.127+0000] {dag.py:3340} INFO - Setting next_dagrun for example_subdag_operator to 2022-01-01T00:00:00+00:00, run_after=2022-01-01T00:00:00+00:00
[2024-11-29T02:10:12.137+0000] {logging_mixin.py:120} INFO - [2024-11-29T02:10:12.137+0000] {dag.py:3340} INFO - Setting next_dagrun for example_subdag_operator.section-1 to None, run_after=None
[2024-11-29T02:10:12.142+0000] {logging_mixin.py:120} INFO - [2024-11-29T02:10:12.142+0000] {dag.py:3340} INFO - Setting next_dagrun for example_subdag_operator.section-2 to None, run_after=None
[2024-11-29T02:10:12.160+0000] {logging_mixin.py:120} INFO - [2024-11-29T02:10:12.160+0000] {dag.py:2585} INFO - Sync 2 DAGs
[2024-11-29T02:10:12.177+0000] {logging_mixin.py:120} INFO - [2024-11-29T02:10:12.177+0000] {dag.py:3340} INFO - Setting next_dagrun for example_subdag_operator.section-1 to None, run_after=None
[2024-11-29T02:10:12.179+0000] {logging_mixin.py:120} INFO - [2024-11-29T02:10:12.178+0000] {dag.py:3340} INFO - Setting next_dagrun for example_subdag_operator.section-2 to None, run_after=None
[2024-11-29T02:10:12.229+0000] {processor.py:176} INFO - Processing /home/airflow/.local/lib/python3.7/site-packages/airflow/example_dags/example_subdag_operator.py took 0.515 seconds
[2024-11-29T02:10:42.723+0000] {processor.py:154} INFO - Started process (PID=194) to work on /home/airflow/.local/lib/python3.7/site-packages/airflow/example_dags/example_subdag_operator.py
[2024-11-29T02:10:42.725+0000] {processor.py:756} INFO - Processing file /home/airflow/.local/lib/python3.7/site-packages/airflow/example_dags/example_subdag_operator.py for tasks to queue
[2024-11-29T02:10:42.726+0000] {logging_mixin.py:120} INFO - [2024-11-29T02:10:42.726+0000] {dagbag.py:537} INFO - Filling up the DagBag from /home/airflow/.local/lib/python3.7/site-packages/airflow/example_dags/example_subdag_operator.py
[2024-11-29T02:10:42.782+0000] {processor.py:766} INFO - DAG(s) dict_keys(['example_subdag_operator.section-1', 'example_subdag_operator.section-2', 'example_subdag_operator']) retrieved from /home/airflow/.local/lib/python3.7/site-packages/airflow/example_dags/example_subdag_operator.py
[2024-11-29T02:10:43.119+0000] {logging_mixin.py:120} INFO - [2024-11-29T02:10:43.119+0000] {dag.py:2585} INFO - Sync 3 DAGs
[2024-11-29T02:10:43.159+0000] {logging_mixin.py:120} INFO - [2024-11-29T02:10:43.158+0000] {dag.py:3340} INFO - Setting next_dagrun for example_subdag_operator to 2022-01-01T00:00:00+00:00, run_after=2022-01-01T00:00:00+00:00
[2024-11-29T02:10:43.164+0000] {logging_mixin.py:120} INFO - [2024-11-29T02:10:43.164+0000] {dag.py:3340} INFO - Setting next_dagrun for example_subdag_operator.section-1 to None, run_after=None
[2024-11-29T02:10:43.167+0000] {logging_mixin.py:120} INFO - [2024-11-29T02:10:43.167+0000] {dag.py:3340} INFO - Setting next_dagrun for example_subdag_operator.section-2 to None, run_after=None
[2024-11-29T02:10:43.180+0000] {logging_mixin.py:120} INFO - [2024-11-29T02:10:43.180+0000] {dag.py:2585} INFO - Sync 2 DAGs
[2024-11-29T02:10:43.190+0000] {logging_mixin.py:120} INFO - [2024-11-29T02:10:43.190+0000] {dag.py:3340} INFO - Setting next_dagrun for example_subdag_operator.section-1 to None, run_after=None
[2024-11-29T02:10:43.191+0000] {logging_mixin.py:120} INFO - [2024-11-29T02:10:43.191+0000] {dag.py:3340} INFO - Setting next_dagrun for example_subdag_operator.section-2 to None, run_after=None
[2024-11-29T02:10:43.211+0000] {processor.py:176} INFO - Processing /home/airflow/.local/lib/python3.7/site-packages/airflow/example_dags/example_subdag_operator.py took 0.493 seconds
[2024-11-29T02:11:13.365+0000] {processor.py:154} INFO - Started process (PID=258) to work on /home/airflow/.local/lib/python3.7/site-packages/airflow/example_dags/example_subdag_operator.py
[2024-11-29T02:11:13.366+0000] {processor.py:756} INFO - Processing file /home/airflow/.local/lib/python3.7/site-packages/airflow/example_dags/example_subdag_operator.py for tasks to queue
[2024-11-29T02:11:13.367+0000] {logging_mixin.py:120} INFO - [2024-11-29T02:11:13.367+0000] {dagbag.py:537} INFO - Filling up the DagBag from /home/airflow/.local/lib/python3.7/site-packages/airflow/example_dags/example_subdag_operator.py
[2024-11-29T02:11:13.415+0000] {processor.py:766} INFO - DAG(s) dict_keys(['example_subdag_operator.section-1', 'example_subdag_operator.section-2', 'example_subdag_operator']) retrieved from /home/airflow/.local/lib/python3.7/site-packages/airflow/example_dags/example_subdag_operator.py
[2024-11-29T02:11:13.678+0000] {logging_mixin.py:120} INFO - [2024-11-29T02:11:13.678+0000] {dag.py:2585} INFO - Sync 3 DAGs
[2024-11-29T02:11:13.711+0000] {logging_mixin.py:120} INFO - [2024-11-29T02:11:13.711+0000] {dag.py:3340} INFO - Setting next_dagrun for example_subdag_operator to 2022-01-01T00:00:00+00:00, run_after=2022-01-01T00:00:00+00:00
[2024-11-29T02:11:13.717+0000] {logging_mixin.py:120} INFO - [2024-11-29T02:11:13.717+0000] {dag.py:3340} INFO - Setting next_dagrun for example_subdag_operator.section-1 to None, run_after=None
[2024-11-29T02:11:13.720+0000] {logging_mixin.py:120} INFO - [2024-11-29T02:11:13.720+0000] {dag.py:3340} INFO - Setting next_dagrun for example_subdag_operator.section-2 to None, run_after=None
[2024-11-29T02:11:13.730+0000] {logging_mixin.py:120} INFO - [2024-11-29T02:11:13.730+0000] {dag.py:2585} INFO - Sync 2 DAGs
[2024-11-29T02:11:13.739+0000] {logging_mixin.py:120} INFO - [2024-11-29T02:11:13.739+0000] {dag.py:3340} INFO - Setting next_dagrun for example_subdag_operator.section-1 to None, run_after=None
[2024-11-29T02:11:13.740+0000] {logging_mixin.py:120} INFO - [2024-11-29T02:11:13.740+0000] {dag.py:3340} INFO - Setting next_dagrun for example_subdag_operator.section-2 to None, run_after=None
[2024-11-29T02:11:13.759+0000] {processor.py:176} INFO - Processing /home/airflow/.local/lib/python3.7/site-packages/airflow/example_dags/example_subdag_operator.py took 0.398 seconds
[2024-11-29T02:11:44.064+0000] {processor.py:154} INFO - Started process (PID=314) to work on /home/airflow/.local/lib/python3.7/site-packages/airflow/example_dags/example_subdag_operator.py
[2024-11-29T02:11:44.065+0000] {processor.py:756} INFO - Processing file /home/airflow/.local/lib/python3.7/site-packages/airflow/example_dags/example_subdag_operator.py for tasks to queue
[2024-11-29T02:11:44.067+0000] {logging_mixin.py:120} INFO - [2024-11-29T02:11:44.067+0000] {dagbag.py:537} INFO - Filling up the DagBag from /home/airflow/.local/lib/python3.7/site-packages/airflow/example_dags/example_subdag_operator.py
[2024-11-29T02:11:44.104+0000] {processor.py:766} INFO - DAG(s) dict_keys(['example_subdag_operator.section-1', 'example_subdag_operator.section-2', 'example_subdag_operator']) retrieved from /home/airflow/.local/lib/python3.7/site-packages/airflow/example_dags/example_subdag_operator.py
[2024-11-29T02:11:44.352+0000] {logging_mixin.py:120} INFO - [2024-11-29T02:11:44.352+0000] {dag.py:2585} INFO - Sync 3 DAGs
[2024-11-29T02:11:44.392+0000] {logging_mixin.py:120} INFO - [2024-11-29T02:11:44.392+0000] {dag.py:3340} INFO - Setting next_dagrun for example_subdag_operator to 2022-01-01T00:00:00+00:00, run_after=2022-01-01T00:00:00+00:00
[2024-11-29T02:11:44.398+0000] {logging_mixin.py:120} INFO - [2024-11-29T02:11:44.398+0000] {dag.py:3340} INFO - Setting next_dagrun for example_subdag_operator.section-1 to None, run_after=None
[2024-11-29T02:11:44.400+0000] {logging_mixin.py:120} INFO - [2024-11-29T02:11:44.400+0000] {dag.py:3340} INFO - Setting next_dagrun for example_subdag_operator.section-2 to None, run_after=None
[2024-11-29T02:11:44.411+0000] {logging_mixin.py:120} INFO - [2024-11-29T02:11:44.411+0000] {dag.py:2585} INFO - Sync 2 DAGs
[2024-11-29T02:11:44.419+0000] {logging_mixin.py:120} INFO - [2024-11-29T02:11:44.419+0000] {dag.py:3340} INFO - Setting next_dagrun for example_subdag_operator.section-1 to None, run_after=None
[2024-11-29T02:11:44.420+0000] {logging_mixin.py:120} INFO - [2024-11-29T02:11:44.420+0000] {dag.py:3340} INFO - Setting next_dagrun for example_subdag_operator.section-2 to None, run_after=None
[2024-11-29T02:11:44.439+0000] {processor.py:176} INFO - Processing /home/airflow/.local/lib/python3.7/site-packages/airflow/example_dags/example_subdag_operator.py took 0.378 seconds
[2024-11-29T02:12:14.525+0000] {processor.py:154} INFO - Started process (PID=378) to work on /home/airflow/.local/lib/python3.7/site-packages/airflow/example_dags/example_subdag_operator.py
[2024-11-29T02:12:14.527+0000] {processor.py:756} INFO - Processing file /home/airflow/.local/lib/python3.7/site-packages/airflow/example_dags/example_subdag_operator.py for tasks to queue
[2024-11-29T02:12:14.529+0000] {logging_mixin.py:120} INFO - [2024-11-29T02:12:14.528+0000] {dagbag.py:537} INFO - Filling up the DagBag from /home/airflow/.local/lib/python3.7/site-packages/airflow/example_dags/example_subdag_operator.py
[2024-11-29T02:12:14.575+0000] {processor.py:766} INFO - DAG(s) dict_keys(['example_subdag_operator.section-1', 'example_subdag_operator.section-2', 'example_subdag_operator']) retrieved from /home/airflow/.local/lib/python3.7/site-packages/airflow/example_dags/example_subdag_operator.py
[2024-11-29T02:12:14.880+0000] {logging_mixin.py:120} INFO - [2024-11-29T02:12:14.880+0000] {dag.py:2585} INFO - Sync 3 DAGs
[2024-11-29T02:12:14.910+0000] {logging_mixin.py:120} INFO - [2024-11-29T02:12:14.910+0000] {dag.py:3340} INFO - Setting next_dagrun for example_subdag_operator to 2022-01-01T00:00:00+00:00, run_after=2022-01-01T00:00:00+00:00
[2024-11-29T02:12:14.915+0000] {logging_mixin.py:120} INFO - [2024-11-29T02:12:14.915+0000] {dag.py:3340} INFO - Setting next_dagrun for example_subdag_operator.section-1 to None, run_after=None
[2024-11-29T02:12:14.917+0000] {logging_mixin.py:120} INFO - [2024-11-29T02:12:14.917+0000] {dag.py:3340} INFO - Setting next_dagrun for example_subdag_operator.section-2 to None, run_after=None
[2024-11-29T02:12:14.929+0000] {logging_mixin.py:120} INFO - [2024-11-29T02:12:14.929+0000] {dag.py:2585} INFO - Sync 2 DAGs
[2024-11-29T02:12:14.940+0000] {logging_mixin.py:120} INFO - [2024-11-29T02:12:14.939+0000] {dag.py:3340} INFO - Setting next_dagrun for example_subdag_operator.section-1 to None, run_after=None
[2024-11-29T02:12:14.941+0000] {logging_mixin.py:120} INFO - [2024-11-29T02:12:14.941+0000] {dag.py:3340} INFO - Setting next_dagrun for example_subdag_operator.section-2 to None, run_after=None
[2024-11-29T02:12:14.962+0000] {processor.py:176} INFO - Processing /home/airflow/.local/lib/python3.7/site-packages/airflow/example_dags/example_subdag_operator.py took 0.443 seconds
[2024-11-29T02:12:45.162+0000] {processor.py:154} INFO - Started process (PID=433) to work on /home/airflow/.local/lib/python3.7/site-packages/airflow/example_dags/example_subdag_operator.py
[2024-11-29T02:12:45.163+0000] {processor.py:756} INFO - Processing file /home/airflow/.local/lib/python3.7/site-packages/airflow/example_dags/example_subdag_operator.py for tasks to queue
[2024-11-29T02:12:45.165+0000] {logging_mixin.py:120} INFO - [2024-11-29T02:12:45.165+0000] {dagbag.py:537} INFO - Filling up the DagBag from /home/airflow/.local/lib/python3.7/site-packages/airflow/example_dags/example_subdag_operator.py
[2024-11-29T02:12:45.208+0000] {processor.py:766} INFO - DAG(s) dict_keys(['example_subdag_operator.section-1', 'example_subdag_operator.section-2', 'example_subdag_operator']) retrieved from /home/airflow/.local/lib/python3.7/site-packages/airflow/example_dags/example_subdag_operator.py
[2024-11-29T02:12:45.443+0000] {logging_mixin.py:120} INFO - [2024-11-29T02:12:45.442+0000] {dag.py:2585} INFO - Sync 3 DAGs
[2024-11-29T02:12:45.474+0000] {logging_mixin.py:120} INFO - [2024-11-29T02:12:45.474+0000] {dag.py:3340} INFO - Setting next_dagrun for example_subdag_operator to 2022-01-01T00:00:00+00:00, run_after=2022-01-01T00:00:00+00:00
[2024-11-29T02:12:45.478+0000] {logging_mixin.py:120} INFO - [2024-11-29T02:12:45.478+0000] {dag.py:3340} INFO - Setting next_dagrun for example_subdag_operator.section-1 to None, run_after=None
[2024-11-29T02:12:45.481+0000] {logging_mixin.py:120} INFO - [2024-11-29T02:12:45.480+0000] {dag.py:3340} INFO - Setting next_dagrun for example_subdag_operator.section-2 to None, run_after=None
[2024-11-29T02:12:45.491+0000] {logging_mixin.py:120} INFO - [2024-11-29T02:12:45.491+0000] {dag.py:2585} INFO - Sync 2 DAGs
[2024-11-29T02:12:45.500+0000] {logging_mixin.py:120} INFO - [2024-11-29T02:12:45.500+0000] {dag.py:3340} INFO - Setting next_dagrun for example_subdag_operator.section-1 to None, run_after=None
[2024-11-29T02:12:45.501+0000] {logging_mixin.py:120} INFO - [2024-11-29T02:12:45.501+0000] {dag.py:3340} INFO - Setting next_dagrun for example_subdag_operator.section-2 to None, run_after=None
[2024-11-29T02:12:45.519+0000] {processor.py:176} INFO - Processing /home/airflow/.local/lib/python3.7/site-packages/airflow/example_dags/example_subdag_operator.py took 0.361 seconds
[2024-11-29T02:13:15.664+0000] {processor.py:154} INFO - Started process (PID=497) to work on /home/airflow/.local/lib/python3.7/site-packages/airflow/example_dags/example_subdag_operator.py
[2024-11-29T02:13:15.666+0000] {processor.py:756} INFO - Processing file /home/airflow/.local/lib/python3.7/site-packages/airflow/example_dags/example_subdag_operator.py for tasks to queue
[2024-11-29T02:13:15.668+0000] {logging_mixin.py:120} INFO - [2024-11-29T02:13:15.668+0000] {dagbag.py:537} INFO - Filling up the DagBag from /home/airflow/.local/lib/python3.7/site-packages/airflow/example_dags/example_subdag_operator.py
[2024-11-29T02:13:15.714+0000] {processor.py:766} INFO - DAG(s) dict_keys(['example_subdag_operator.section-1', 'example_subdag_operator.section-2', 'example_subdag_operator']) retrieved from /home/airflow/.local/lib/python3.7/site-packages/airflow/example_dags/example_subdag_operator.py
[2024-11-29T02:13:15.928+0000] {logging_mixin.py:120} INFO - [2024-11-29T02:13:15.927+0000] {dag.py:2585} INFO - Sync 3 DAGs
[2024-11-29T02:13:15.956+0000] {logging_mixin.py:120} INFO - [2024-11-29T02:13:15.955+0000] {dag.py:3340} INFO - Setting next_dagrun for example_subdag_operator to 2022-01-01T00:00:00+00:00, run_after=2022-01-01T00:00:00+00:00
[2024-11-29T02:13:15.960+0000] {logging_mixin.py:120} INFO - [2024-11-29T02:13:15.960+0000] {dag.py:3340} INFO - Setting next_dagrun for example_subdag_operator.section-1 to None, run_after=None
[2024-11-29T02:13:15.962+0000] {logging_mixin.py:120} INFO - [2024-11-29T02:13:15.962+0000] {dag.py:3340} INFO - Setting next_dagrun for example_subdag_operator.section-2 to None, run_after=None
[2024-11-29T02:13:15.975+0000] {logging_mixin.py:120} INFO - [2024-11-29T02:13:15.974+0000] {dag.py:2585} INFO - Sync 2 DAGs
[2024-11-29T02:13:15.984+0000] {logging_mixin.py:120} INFO - [2024-11-29T02:13:15.984+0000] {dag.py:3340} INFO - Setting next_dagrun for example_subdag_operator.section-1 to None, run_after=None
[2024-11-29T02:13:15.985+0000] {logging_mixin.py:120} INFO - [2024-11-29T02:13:15.985+0000] {dag.py:3340} INFO - Setting next_dagrun for example_subdag_operator.section-2 to None, run_after=None
[2024-11-29T02:13:16.000+0000] {processor.py:176} INFO - Processing /home/airflow/.local/lib/python3.7/site-packages/airflow/example_dags/example_subdag_operator.py took 0.340 seconds
[2024-11-29T02:13:46.588+0000] {processor.py:154} INFO - Started process (PID=561) to work on /home/airflow/.local/lib/python3.7/site-packages/airflow/example_dags/example_subdag_operator.py
[2024-11-29T02:13:46.589+0000] {processor.py:756} INFO - Processing file /home/airflow/.local/lib/python3.7/site-packages/airflow/example_dags/example_subdag_operator.py for tasks to queue
[2024-11-29T02:13:46.591+0000] {logging_mixin.py:120} INFO - [2024-11-29T02:13:46.590+0000] {dagbag.py:537} INFO - Filling up the DagBag from /home/airflow/.local/lib/python3.7/site-packages/airflow/example_dags/example_subdag_operator.py
[2024-11-29T02:13:46.629+0000] {processor.py:766} INFO - DAG(s) dict_keys(['example_subdag_operator.section-1', 'example_subdag_operator.section-2', 'example_subdag_operator']) retrieved from /home/airflow/.local/lib/python3.7/site-packages/airflow/example_dags/example_subdag_operator.py
[2024-11-29T02:13:46.842+0000] {logging_mixin.py:120} INFO - [2024-11-29T02:13:46.841+0000] {dag.py:2585} INFO - Sync 3 DAGs
[2024-11-29T02:13:46.871+0000] {logging_mixin.py:120} INFO - [2024-11-29T02:13:46.871+0000] {dag.py:3340} INFO - Setting next_dagrun for example_subdag_operator to 2022-01-01T00:00:00+00:00, run_after=2022-01-01T00:00:00+00:00
[2024-11-29T02:13:46.875+0000] {logging_mixin.py:120} INFO - [2024-11-29T02:13:46.875+0000] {dag.py:3340} INFO - Setting next_dagrun for example_subdag_operator.section-1 to None, run_after=None
[2024-11-29T02:13:46.877+0000] {logging_mixin.py:120} INFO - [2024-11-29T02:13:46.877+0000] {dag.py:3340} INFO - Setting next_dagrun for example_subdag_operator.section-2 to None, run_after=None
[2024-11-29T02:13:46.885+0000] {logging_mixin.py:120} INFO - [2024-11-29T02:13:46.885+0000] {dag.py:2585} INFO - Sync 2 DAGs
[2024-11-29T02:13:46.893+0000] {logging_mixin.py:120} INFO - [2024-11-29T02:13:46.893+0000] {dag.py:3340} INFO - Setting next_dagrun for example_subdag_operator.section-1 to None, run_after=None
[2024-11-29T02:13:46.894+0000] {logging_mixin.py:120} INFO - [2024-11-29T02:13:46.894+0000] {dag.py:3340} INFO - Setting next_dagrun for example_subdag_operator.section-2 to None, run_after=None
[2024-11-29T02:13:46.909+0000] {processor.py:176} INFO - Processing /home/airflow/.local/lib/python3.7/site-packages/airflow/example_dags/example_subdag_operator.py took 0.328 seconds
[2024-11-29T02:14:17.284+0000] {processor.py:154} INFO - Started process (PID=618) to work on /home/airflow/.local/lib/python3.7/site-packages/airflow/example_dags/example_subdag_operator.py
[2024-11-29T02:14:17.286+0000] {processor.py:756} INFO - Processing file /home/airflow/.local/lib/python3.7/site-packages/airflow/example_dags/example_subdag_operator.py for tasks to queue
[2024-11-29T02:14:17.287+0000] {logging_mixin.py:120} INFO - [2024-11-29T02:14:17.287+0000] {dagbag.py:537} INFO - Filling up the DagBag from /home/airflow/.local/lib/python3.7/site-packages/airflow/example_dags/example_subdag_operator.py
[2024-11-29T02:14:17.327+0000] {processor.py:766} INFO - DAG(s) dict_keys(['example_subdag_operator.section-1', 'example_subdag_operator.section-2', 'example_subdag_operator']) retrieved from /home/airflow/.local/lib/python3.7/site-packages/airflow/example_dags/example_subdag_operator.py
[2024-11-29T02:14:17.551+0000] {logging_mixin.py:120} INFO - [2024-11-29T02:14:17.551+0000] {dag.py:2585} INFO - Sync 3 DAGs
[2024-11-29T02:14:17.578+0000] {logging_mixin.py:120} INFO - [2024-11-29T02:14:17.578+0000] {dag.py:3340} INFO - Setting next_dagrun for example_subdag_operator to 2022-01-01T00:00:00+00:00, run_after=2022-01-01T00:00:00+00:00
[2024-11-29T02:14:17.582+0000] {logging_mixin.py:120} INFO - [2024-11-29T02:14:17.582+0000] {dag.py:3340} INFO - Setting next_dagrun for example_subdag_operator.section-1 to None, run_after=None
[2024-11-29T02:14:17.584+0000] {logging_mixin.py:120} INFO - [2024-11-29T02:14:17.584+0000] {dag.py:3340} INFO - Setting next_dagrun for example_subdag_operator.section-2 to None, run_after=None
[2024-11-29T02:14:17.594+0000] {logging_mixin.py:120} INFO - [2024-11-29T02:14:17.593+0000] {dag.py:2585} INFO - Sync 2 DAGs
[2024-11-29T02:14:17.602+0000] {logging_mixin.py:120} INFO - [2024-11-29T02:14:17.602+0000] {dag.py:3340} INFO - Setting next_dagrun for example_subdag_operator.section-1 to None, run_after=None
[2024-11-29T02:14:17.603+0000] {logging_mixin.py:120} INFO - [2024-11-29T02:14:17.602+0000] {dag.py:3340} INFO - Setting next_dagrun for example_subdag_operator.section-2 to None, run_after=None
[2024-11-29T02:14:17.621+0000] {processor.py:176} INFO - Processing /home/airflow/.local/lib/python3.7/site-packages/airflow/example_dags/example_subdag_operator.py took 0.341 seconds
[2024-11-29T02:14:47.850+0000] {processor.py:154} INFO - Started process (PID=683) to work on /home/airflow/.local/lib/python3.7/site-packages/airflow/example_dags/example_subdag_operator.py
[2024-11-29T02:14:47.853+0000] {processor.py:756} INFO - Processing file /home/airflow/.local/lib/python3.7/site-packages/airflow/example_dags/example_subdag_operator.py for tasks to queue
[2024-11-29T02:14:47.855+0000] {logging_mixin.py:120} INFO - [2024-11-29T02:14:47.855+0000] {dagbag.py:537} INFO - Filling up the DagBag from /home/airflow/.local/lib/python3.7/site-packages/airflow/example_dags/example_subdag_operator.py
[2024-11-29T02:14:47.906+0000] {processor.py:766} INFO - DAG(s) dict_keys(['example_subdag_operator.section-1', 'example_subdag_operator.section-2', 'example_subdag_operator']) retrieved from /home/airflow/.local/lib/python3.7/site-packages/airflow/example_dags/example_subdag_operator.py
[2024-11-29T02:14:48.124+0000] {logging_mixin.py:120} INFO - [2024-11-29T02:14:48.124+0000] {dag.py:2585} INFO - Sync 3 DAGs
[2024-11-29T02:14:48.152+0000] {logging_mixin.py:120} INFO - [2024-11-29T02:14:48.152+0000] {dag.py:3340} INFO - Setting next_dagrun for example_subdag_operator to 2022-01-01T00:00:00+00:00, run_after=2022-01-01T00:00:00+00:00
[2024-11-29T02:14:48.156+0000] {logging_mixin.py:120} INFO - [2024-11-29T02:14:48.156+0000] {dag.py:3340} INFO - Setting next_dagrun for example_subdag_operator.section-1 to None, run_after=None
[2024-11-29T02:14:48.158+0000] {logging_mixin.py:120} INFO - [2024-11-29T02:14:48.158+0000] {dag.py:3340} INFO - Setting next_dagrun for example_subdag_operator.section-2 to None, run_after=None
[2024-11-29T02:14:48.167+0000] {logging_mixin.py:120} INFO - [2024-11-29T02:14:48.167+0000] {dag.py:2585} INFO - Sync 2 DAGs
[2024-11-29T02:14:48.176+0000] {logging_mixin.py:120} INFO - [2024-11-29T02:14:48.176+0000] {dag.py:3340} INFO - Setting next_dagrun for example_subdag_operator.section-1 to None, run_after=None
[2024-11-29T02:14:48.177+0000] {logging_mixin.py:120} INFO - [2024-11-29T02:14:48.177+0000] {dag.py:3340} INFO - Setting next_dagrun for example_subdag_operator.section-2 to None, run_after=None
[2024-11-29T02:14:48.196+0000] {processor.py:176} INFO - Processing /home/airflow/.local/lib/python3.7/site-packages/airflow/example_dags/example_subdag_operator.py took 0.352 seconds
[2024-11-29T02:15:18.431+0000] {processor.py:154} INFO - Started process (PID=747) to work on /home/airflow/.local/lib/python3.7/site-packages/airflow/example_dags/example_subdag_operator.py
[2024-11-29T02:15:18.432+0000] {processor.py:756} INFO - Processing file /home/airflow/.local/lib/python3.7/site-packages/airflow/example_dags/example_subdag_operator.py for tasks to queue
[2024-11-29T02:15:18.434+0000] {logging_mixin.py:120} INFO - [2024-11-29T02:15:18.433+0000] {dagbag.py:537} INFO - Filling up the DagBag from /home/airflow/.local/lib/python3.7/site-packages/airflow/example_dags/example_subdag_operator.py
[2024-11-29T02:15:18.473+0000] {processor.py:766} INFO - DAG(s) dict_keys(['example_subdag_operator.section-1', 'example_subdag_operator.section-2', 'example_subdag_operator']) retrieved from /home/airflow/.local/lib/python3.7/site-packages/airflow/example_dags/example_subdag_operator.py
[2024-11-29T02:15:18.762+0000] {logging_mixin.py:120} INFO - [2024-11-29T02:15:18.762+0000] {dag.py:2585} INFO - Sync 3 DAGs
[2024-11-29T02:15:18.792+0000] {logging_mixin.py:120} INFO - [2024-11-29T02:15:18.792+0000] {dag.py:3340} INFO - Setting next_dagrun for example_subdag_operator to 2022-01-01T00:00:00+00:00, run_after=2022-01-01T00:00:00+00:00
[2024-11-29T02:15:18.798+0000] {logging_mixin.py:120} INFO - [2024-11-29T02:15:18.797+0000] {dag.py:3340} INFO - Setting next_dagrun for example_subdag_operator.section-1 to None, run_after=None
[2024-11-29T02:15:18.800+0000] {logging_mixin.py:120} INFO - [2024-11-29T02:15:18.800+0000] {dag.py:3340} INFO - Setting next_dagrun for example_subdag_operator.section-2 to None, run_after=None
[2024-11-29T02:15:18.814+0000] {logging_mixin.py:120} INFO - [2024-11-29T02:15:18.813+0000] {dag.py:2585} INFO - Sync 2 DAGs
[2024-11-29T02:15:18.824+0000] {logging_mixin.py:120} INFO - [2024-11-29T02:15:18.824+0000] {dag.py:3340} INFO - Setting next_dagrun for example_subdag_operator.section-1 to None, run_after=None
[2024-11-29T02:15:18.825+0000] {logging_mixin.py:120} INFO - [2024-11-29T02:15:18.825+0000] {dag.py:3340} INFO - Setting next_dagrun for example_subdag_operator.section-2 to None, run_after=None
[2024-11-29T02:15:18.848+0000] {processor.py:176} INFO - Processing /home/airflow/.local/lib/python3.7/site-packages/airflow/example_dags/example_subdag_operator.py took 0.420 seconds
