[2024-11-29T02:08:48.373+0000] {processor.py:154} INFO - Started process (PID=56) to work on /home/airflow/.local/lib/python3.7/site-packages/airflow/example_dags/example_branch_datetime_operator.py
[2024-11-29T02:08:48.375+0000] {processor.py:756} INFO - Processing file /home/airflow/.local/lib/python3.7/site-packages/airflow/example_dags/example_branch_datetime_operator.py for tasks to queue
[2024-11-29T02:08:48.377+0000] {logging_mixin.py:120} INFO - [2024-11-29T02:08:48.376+0000] {dagbag.py:537} INFO - Filling up the DagBag from /home/airflow/.local/lib/python3.7/site-packages/airflow/example_dags/example_branch_datetime_operator.py
[2024-11-29T02:08:48.504+0000] {processor.py:766} INFO - DAG(s) dict_keys(['example_branch_datetime_operator_2', 'example_branch_datetime_operator', 'example_branch_datetime_operator_3']) retrieved from /home/airflow/.local/lib/python3.7/site-packages/airflow/example_dags/example_branch_datetime_operator.py
[2024-11-29T02:08:48.711+0000] {logging_mixin.py:120} INFO - [2024-11-29T02:08:48.711+0000] {dag.py:2585} INFO - Sync 3 DAGs
[2024-11-29T02:08:48.801+0000] {logging_mixin.py:120} INFO - [2024-11-29T02:08:48.801+0000] {dag.py:3340} INFO - Setting next_dagrun for example_branch_datetime_operator to 2024-11-28T00:00:00+00:00, run_after=2024-11-29T00:00:00+00:00
[2024-11-29T02:08:48.829+0000] {logging_mixin.py:120} INFO - [2024-11-29T02:08:48.828+0000] {dag.py:3340} INFO - Setting next_dagrun for example_branch_datetime_operator_2 to 2024-11-28T00:00:00+00:00, run_after=2024-11-29T00:00:00+00:00
[2024-11-29T02:08:48.838+0000] {logging_mixin.py:120} INFO - [2024-11-29T02:08:48.838+0000] {dag.py:3340} INFO - Setting next_dagrun for example_branch_datetime_operator_3 to 2024-11-28T00:00:00+00:00, run_after=2024-11-29T00:00:00+00:00
[2024-11-29T02:08:48.939+0000] {processor.py:176} INFO - Processing /home/airflow/.local/lib/python3.7/site-packages/airflow/example_dags/example_branch_datetime_operator.py took 0.584 seconds
[2024-11-29T02:09:38.385+0000] {processor.py:154} INFO - Started process (PID=57) to work on /home/airflow/.local/lib/python3.7/site-packages/airflow/example_dags/example_branch_datetime_operator.py
[2024-11-29T02:09:38.388+0000] {processor.py:756} INFO - Processing file /home/airflow/.local/lib/python3.7/site-packages/airflow/example_dags/example_branch_datetime_operator.py for tasks to queue
[2024-11-29T02:09:38.391+0000] {logging_mixin.py:120} INFO - [2024-11-29T02:09:38.390+0000] {dagbag.py:537} INFO - Filling up the DagBag from /home/airflow/.local/lib/python3.7/site-packages/airflow/example_dags/example_branch_datetime_operator.py
[2024-11-29T02:09:38.431+0000] {processor.py:766} INFO - DAG(s) dict_keys(['example_branch_datetime_operator', 'example_branch_datetime_operator_2', 'example_branch_datetime_operator_3']) retrieved from /home/airflow/.local/lib/python3.7/site-packages/airflow/example_dags/example_branch_datetime_operator.py
[2024-11-29T02:09:38.498+0000] {logging_mixin.py:120} INFO - [2024-11-29T02:09:38.498+0000] {dag.py:2585} INFO - Sync 3 DAGs
[2024-11-29T02:09:38.540+0000] {logging_mixin.py:120} INFO - [2024-11-29T02:09:38.540+0000] {dag.py:3340} INFO - Setting next_dagrun for example_branch_datetime_operator to 2024-11-28T00:00:00+00:00, run_after=2024-11-29T00:00:00+00:00
[2024-11-29T02:09:38.550+0000] {logging_mixin.py:120} INFO - [2024-11-29T02:09:38.550+0000] {dag.py:3340} INFO - Setting next_dagrun for example_branch_datetime_operator_2 to 2024-11-28T00:00:00+00:00, run_after=2024-11-29T00:00:00+00:00
[2024-11-29T02:09:38.564+0000] {logging_mixin.py:120} INFO - [2024-11-29T02:09:38.564+0000] {dag.py:3340} INFO - Setting next_dagrun for example_branch_datetime_operator_3 to 2024-11-28T00:00:00+00:00, run_after=2024-11-29T00:00:00+00:00
[2024-11-29T02:09:38.602+0000] {processor.py:176} INFO - Processing /home/airflow/.local/lib/python3.7/site-packages/airflow/example_dags/example_branch_datetime_operator.py took 0.224 seconds
[2024-11-29T02:10:09.299+0000] {processor.py:154} INFO - Started process (PID=112) to work on /home/airflow/.local/lib/python3.7/site-packages/airflow/example_dags/example_branch_datetime_operator.py
[2024-11-29T02:10:09.303+0000] {processor.py:756} INFO - Processing file /home/airflow/.local/lib/python3.7/site-packages/airflow/example_dags/example_branch_datetime_operator.py for tasks to queue
[2024-11-29T02:10:09.305+0000] {logging_mixin.py:120} INFO - [2024-11-29T02:10:09.305+0000] {dagbag.py:537} INFO - Filling up the DagBag from /home/airflow/.local/lib/python3.7/site-packages/airflow/example_dags/example_branch_datetime_operator.py
[2024-11-29T02:10:09.334+0000] {processor.py:766} INFO - DAG(s) dict_keys(['example_branch_datetime_operator', 'example_branch_datetime_operator_2', 'example_branch_datetime_operator_3']) retrieved from /home/airflow/.local/lib/python3.7/site-packages/airflow/example_dags/example_branch_datetime_operator.py
[2024-11-29T02:10:09.394+0000] {logging_mixin.py:120} INFO - [2024-11-29T02:10:09.394+0000] {dag.py:2585} INFO - Sync 3 DAGs
[2024-11-29T02:10:09.433+0000] {logging_mixin.py:120} INFO - [2024-11-29T02:10:09.433+0000] {dag.py:3340} INFO - Setting next_dagrun for example_branch_datetime_operator to 2024-11-28T00:00:00+00:00, run_after=2024-11-29T00:00:00+00:00
[2024-11-29T02:10:09.441+0000] {logging_mixin.py:120} INFO - [2024-11-29T02:10:09.441+0000] {dag.py:3340} INFO - Setting next_dagrun for example_branch_datetime_operator_2 to 2024-11-28T00:00:00+00:00, run_after=2024-11-29T00:00:00+00:00
[2024-11-29T02:10:09.445+0000] {logging_mixin.py:120} INFO - [2024-11-29T02:10:09.444+0000] {dag.py:3340} INFO - Setting next_dagrun for example_branch_datetime_operator_3 to 2024-11-28T00:00:00+00:00, run_after=2024-11-29T00:00:00+00:00
[2024-11-29T02:10:09.470+0000] {processor.py:176} INFO - Processing /home/airflow/.local/lib/python3.7/site-packages/airflow/example_dags/example_branch_datetime_operator.py took 0.177 seconds
[2024-11-29T02:10:40.340+0000] {processor.py:154} INFO - Started process (PID=177) to work on /home/airflow/.local/lib/python3.7/site-packages/airflow/example_dags/example_branch_datetime_operator.py
[2024-11-29T02:10:40.341+0000] {processor.py:756} INFO - Processing file /home/airflow/.local/lib/python3.7/site-packages/airflow/example_dags/example_branch_datetime_operator.py for tasks to queue
[2024-11-29T02:10:40.342+0000] {logging_mixin.py:120} INFO - [2024-11-29T02:10:40.342+0000] {dagbag.py:537} INFO - Filling up the DagBag from /home/airflow/.local/lib/python3.7/site-packages/airflow/example_dags/example_branch_datetime_operator.py
[2024-11-29T02:10:40.380+0000] {processor.py:766} INFO - DAG(s) dict_keys(['example_branch_datetime_operator_2', 'example_branch_datetime_operator', 'example_branch_datetime_operator_3']) retrieved from /home/airflow/.local/lib/python3.7/site-packages/airflow/example_dags/example_branch_datetime_operator.py
[2024-11-29T02:10:40.488+0000] {logging_mixin.py:120} INFO - [2024-11-29T02:10:40.488+0000] {dag.py:2585} INFO - Sync 3 DAGs
[2024-11-29T02:10:40.551+0000] {logging_mixin.py:120} INFO - [2024-11-29T02:10:40.551+0000] {dag.py:3340} INFO - Setting next_dagrun for example_branch_datetime_operator to 2024-11-28T00:00:00+00:00, run_after=2024-11-29T00:00:00+00:00
[2024-11-29T02:10:40.568+0000] {logging_mixin.py:120} INFO - [2024-11-29T02:10:40.567+0000] {dag.py:3340} INFO - Setting next_dagrun for example_branch_datetime_operator_2 to 2024-11-28T00:00:00+00:00, run_after=2024-11-29T00:00:00+00:00
[2024-11-29T02:10:40.576+0000] {logging_mixin.py:120} INFO - [2024-11-29T02:10:40.576+0000] {dag.py:3340} INFO - Setting next_dagrun for example_branch_datetime_operator_3 to 2024-11-28T00:00:00+00:00, run_after=2024-11-29T00:00:00+00:00
[2024-11-29T02:10:40.623+0000] {processor.py:176} INFO - Processing /home/airflow/.local/lib/python3.7/site-packages/airflow/example_dags/example_branch_datetime_operator.py took 0.287 seconds
[2024-11-29T02:11:11.194+0000] {processor.py:154} INFO - Started process (PID=232) to work on /home/airflow/.local/lib/python3.7/site-packages/airflow/example_dags/example_branch_datetime_operator.py
[2024-11-29T02:11:11.196+0000] {processor.py:756} INFO - Processing file /home/airflow/.local/lib/python3.7/site-packages/airflow/example_dags/example_branch_datetime_operator.py for tasks to queue
[2024-11-29T02:11:11.197+0000] {logging_mixin.py:120} INFO - [2024-11-29T02:11:11.197+0000] {dagbag.py:537} INFO - Filling up the DagBag from /home/airflow/.local/lib/python3.7/site-packages/airflow/example_dags/example_branch_datetime_operator.py
[2024-11-29T02:11:11.219+0000] {processor.py:766} INFO - DAG(s) dict_keys(['example_branch_datetime_operator_3', 'example_branch_datetime_operator', 'example_branch_datetime_operator_2']) retrieved from /home/airflow/.local/lib/python3.7/site-packages/airflow/example_dags/example_branch_datetime_operator.py
[2024-11-29T02:11:11.285+0000] {logging_mixin.py:120} INFO - [2024-11-29T02:11:11.285+0000] {dag.py:2585} INFO - Sync 3 DAGs
[2024-11-29T02:11:11.339+0000] {logging_mixin.py:120} INFO - [2024-11-29T02:11:11.339+0000] {dag.py:3340} INFO - Setting next_dagrun for example_branch_datetime_operator to 2024-11-28T00:00:00+00:00, run_after=2024-11-29T00:00:00+00:00
[2024-11-29T02:11:11.353+0000] {logging_mixin.py:120} INFO - [2024-11-29T02:11:11.353+0000] {dag.py:3340} INFO - Setting next_dagrun for example_branch_datetime_operator_2 to 2024-11-28T00:00:00+00:00, run_after=2024-11-29T00:00:00+00:00
[2024-11-29T02:11:11.360+0000] {logging_mixin.py:120} INFO - [2024-11-29T02:11:11.360+0000] {dag.py:3340} INFO - Setting next_dagrun for example_branch_datetime_operator_3 to 2024-11-28T00:00:00+00:00, run_after=2024-11-29T00:00:00+00:00
[2024-11-29T02:11:11.410+0000] {processor.py:176} INFO - Processing /home/airflow/.local/lib/python3.7/site-packages/airflow/example_dags/example_branch_datetime_operator.py took 0.219 seconds
[2024-11-29T02:11:41.917+0000] {processor.py:154} INFO - Started process (PID=296) to work on /home/airflow/.local/lib/python3.7/site-packages/airflow/example_dags/example_branch_datetime_operator.py
[2024-11-29T02:11:41.919+0000] {processor.py:756} INFO - Processing file /home/airflow/.local/lib/python3.7/site-packages/airflow/example_dags/example_branch_datetime_operator.py for tasks to queue
[2024-11-29T02:11:41.920+0000] {logging_mixin.py:120} INFO - [2024-11-29T02:11:41.920+0000] {dagbag.py:537} INFO - Filling up the DagBag from /home/airflow/.local/lib/python3.7/site-packages/airflow/example_dags/example_branch_datetime_operator.py
[2024-11-29T02:11:41.945+0000] {processor.py:766} INFO - DAG(s) dict_keys(['example_branch_datetime_operator_3', 'example_branch_datetime_operator_2', 'example_branch_datetime_operator']) retrieved from /home/airflow/.local/lib/python3.7/site-packages/airflow/example_dags/example_branch_datetime_operator.py
[2024-11-29T02:11:42.001+0000] {logging_mixin.py:120} INFO - [2024-11-29T02:11:42.001+0000] {dag.py:2585} INFO - Sync 3 DAGs
[2024-11-29T02:11:42.032+0000] {logging_mixin.py:120} INFO - [2024-11-29T02:11:42.032+0000] {dag.py:3340} INFO - Setting next_dagrun for example_branch_datetime_operator to 2024-11-28T00:00:00+00:00, run_after=2024-11-29T00:00:00+00:00
[2024-11-29T02:11:42.041+0000] {logging_mixin.py:120} INFO - [2024-11-29T02:11:42.041+0000] {dag.py:3340} INFO - Setting next_dagrun for example_branch_datetime_operator_2 to 2024-11-28T00:00:00+00:00, run_after=2024-11-29T00:00:00+00:00
[2024-11-29T02:11:42.045+0000] {logging_mixin.py:120} INFO - [2024-11-29T02:11:42.045+0000] {dag.py:3340} INFO - Setting next_dagrun for example_branch_datetime_operator_3 to 2024-11-28T00:00:00+00:00, run_after=2024-11-29T00:00:00+00:00
[2024-11-29T02:11:42.072+0000] {processor.py:176} INFO - Processing /home/airflow/.local/lib/python3.7/site-packages/airflow/example_dags/example_branch_datetime_operator.py took 0.158 seconds
[2024-11-29T02:12:12.401+0000] {processor.py:154} INFO - Started process (PID=360) to work on /home/airflow/.local/lib/python3.7/site-packages/airflow/example_dags/example_branch_datetime_operator.py
[2024-11-29T02:12:12.402+0000] {processor.py:756} INFO - Processing file /home/airflow/.local/lib/python3.7/site-packages/airflow/example_dags/example_branch_datetime_operator.py for tasks to queue
[2024-11-29T02:12:12.404+0000] {logging_mixin.py:120} INFO - [2024-11-29T02:12:12.404+0000] {dagbag.py:537} INFO - Filling up the DagBag from /home/airflow/.local/lib/python3.7/site-packages/airflow/example_dags/example_branch_datetime_operator.py
[2024-11-29T02:12:12.429+0000] {processor.py:766} INFO - DAG(s) dict_keys(['example_branch_datetime_operator', 'example_branch_datetime_operator_3', 'example_branch_datetime_operator_2']) retrieved from /home/airflow/.local/lib/python3.7/site-packages/airflow/example_dags/example_branch_datetime_operator.py
[2024-11-29T02:12:12.496+0000] {logging_mixin.py:120} INFO - [2024-11-29T02:12:12.496+0000] {dag.py:2585} INFO - Sync 3 DAGs
[2024-11-29T02:12:12.532+0000] {logging_mixin.py:120} INFO - [2024-11-29T02:12:12.531+0000] {dag.py:3340} INFO - Setting next_dagrun for example_branch_datetime_operator to 2024-11-28T00:00:00+00:00, run_after=2024-11-29T00:00:00+00:00
[2024-11-29T02:12:12.540+0000] {logging_mixin.py:120} INFO - [2024-11-29T02:12:12.540+0000] {dag.py:3340} INFO - Setting next_dagrun for example_branch_datetime_operator_2 to 2024-11-28T00:00:00+00:00, run_after=2024-11-29T00:00:00+00:00
[2024-11-29T02:12:12.544+0000] {logging_mixin.py:120} INFO - [2024-11-29T02:12:12.544+0000] {dag.py:3340} INFO - Setting next_dagrun for example_branch_datetime_operator_3 to 2024-11-28T00:00:00+00:00, run_after=2024-11-29T00:00:00+00:00
[2024-11-29T02:12:12.571+0000] {processor.py:176} INFO - Processing /home/airflow/.local/lib/python3.7/site-packages/airflow/example_dags/example_branch_datetime_operator.py took 0.174 seconds
[2024-11-29T02:12:42.682+0000] {processor.py:154} INFO - Started process (PID=415) to work on /home/airflow/.local/lib/python3.7/site-packages/airflow/example_dags/example_branch_datetime_operator.py
[2024-11-29T02:12:42.683+0000] {processor.py:756} INFO - Processing file /home/airflow/.local/lib/python3.7/site-packages/airflow/example_dags/example_branch_datetime_operator.py for tasks to queue
[2024-11-29T02:12:42.684+0000] {logging_mixin.py:120} INFO - [2024-11-29T02:12:42.684+0000] {dagbag.py:537} INFO - Filling up the DagBag from /home/airflow/.local/lib/python3.7/site-packages/airflow/example_dags/example_branch_datetime_operator.py
[2024-11-29T02:12:42.702+0000] {processor.py:766} INFO - DAG(s) dict_keys(['example_branch_datetime_operator_2', 'example_branch_datetime_operator', 'example_branch_datetime_operator_3']) retrieved from /home/airflow/.local/lib/python3.7/site-packages/airflow/example_dags/example_branch_datetime_operator.py
[2024-11-29T02:12:42.754+0000] {logging_mixin.py:120} INFO - [2024-11-29T02:12:42.754+0000] {dag.py:2585} INFO - Sync 3 DAGs
[2024-11-29T02:12:42.787+0000] {logging_mixin.py:120} INFO - [2024-11-29T02:12:42.786+0000] {dag.py:3340} INFO - Setting next_dagrun for example_branch_datetime_operator to 2024-11-28T00:00:00+00:00, run_after=2024-11-29T00:00:00+00:00
[2024-11-29T02:12:42.792+0000] {logging_mixin.py:120} INFO - [2024-11-29T02:12:42.792+0000] {dag.py:3340} INFO - Setting next_dagrun for example_branch_datetime_operator_2 to 2024-11-28T00:00:00+00:00, run_after=2024-11-29T00:00:00+00:00
[2024-11-29T02:12:42.796+0000] {logging_mixin.py:120} INFO - [2024-11-29T02:12:42.796+0000] {dag.py:3340} INFO - Setting next_dagrun for example_branch_datetime_operator_3 to 2024-11-28T00:00:00+00:00, run_after=2024-11-29T00:00:00+00:00
[2024-11-29T02:12:42.818+0000] {processor.py:176} INFO - Processing /home/airflow/.local/lib/python3.7/site-packages/airflow/example_dags/example_branch_datetime_operator.py took 0.139 seconds
[2024-11-29T02:13:13.252+0000] {processor.py:154} INFO - Started process (PID=479) to work on /home/airflow/.local/lib/python3.7/site-packages/airflow/example_dags/example_branch_datetime_operator.py
[2024-11-29T02:13:13.253+0000] {processor.py:756} INFO - Processing file /home/airflow/.local/lib/python3.7/site-packages/airflow/example_dags/example_branch_datetime_operator.py for tasks to queue
[2024-11-29T02:13:13.254+0000] {logging_mixin.py:120} INFO - [2024-11-29T02:13:13.254+0000] {dagbag.py:537} INFO - Filling up the DagBag from /home/airflow/.local/lib/python3.7/site-packages/airflow/example_dags/example_branch_datetime_operator.py
[2024-11-29T02:13:13.275+0000] {processor.py:766} INFO - DAG(s) dict_keys(['example_branch_datetime_operator_2', 'example_branch_datetime_operator_3', 'example_branch_datetime_operator']) retrieved from /home/airflow/.local/lib/python3.7/site-packages/airflow/example_dags/example_branch_datetime_operator.py
[2024-11-29T02:13:13.329+0000] {logging_mixin.py:120} INFO - [2024-11-29T02:13:13.328+0000] {dag.py:2585} INFO - Sync 3 DAGs
[2024-11-29T02:13:13.370+0000] {logging_mixin.py:120} INFO - [2024-11-29T02:13:13.370+0000] {dag.py:3340} INFO - Setting next_dagrun for example_branch_datetime_operator to 2024-11-28T00:00:00+00:00, run_after=2024-11-29T00:00:00+00:00
[2024-11-29T02:13:13.377+0000] {logging_mixin.py:120} INFO - [2024-11-29T02:13:13.377+0000] {dag.py:3340} INFO - Setting next_dagrun for example_branch_datetime_operator_2 to 2024-11-28T00:00:00+00:00, run_after=2024-11-29T00:00:00+00:00
[2024-11-29T02:13:13.380+0000] {logging_mixin.py:120} INFO - [2024-11-29T02:13:13.380+0000] {dag.py:3340} INFO - Setting next_dagrun for example_branch_datetime_operator_3 to 2024-11-28T00:00:00+00:00, run_after=2024-11-29T00:00:00+00:00
[2024-11-29T02:13:13.403+0000] {processor.py:176} INFO - Processing /home/airflow/.local/lib/python3.7/site-packages/airflow/example_dags/example_branch_datetime_operator.py took 0.155 seconds
[2024-11-29T02:13:43.767+0000] {processor.py:154} INFO - Started process (PID=543) to work on /home/airflow/.local/lib/python3.7/site-packages/airflow/example_dags/example_branch_datetime_operator.py
[2024-11-29T02:13:43.769+0000] {processor.py:756} INFO - Processing file /home/airflow/.local/lib/python3.7/site-packages/airflow/example_dags/example_branch_datetime_operator.py for tasks to queue
[2024-11-29T02:13:43.770+0000] {logging_mixin.py:120} INFO - [2024-11-29T02:13:43.770+0000] {dagbag.py:537} INFO - Filling up the DagBag from /home/airflow/.local/lib/python3.7/site-packages/airflow/example_dags/example_branch_datetime_operator.py
[2024-11-29T02:13:43.789+0000] {processor.py:766} INFO - DAG(s) dict_keys(['example_branch_datetime_operator_3', 'example_branch_datetime_operator', 'example_branch_datetime_operator_2']) retrieved from /home/airflow/.local/lib/python3.7/site-packages/airflow/example_dags/example_branch_datetime_operator.py
[2024-11-29T02:13:43.854+0000] {logging_mixin.py:120} INFO - [2024-11-29T02:13:43.854+0000] {dag.py:2585} INFO - Sync 3 DAGs
[2024-11-29T02:13:43.895+0000] {logging_mixin.py:120} INFO - [2024-11-29T02:13:43.895+0000] {dag.py:3340} INFO - Setting next_dagrun for example_branch_datetime_operator to 2024-11-28T00:00:00+00:00, run_after=2024-11-29T00:00:00+00:00
[2024-11-29T02:13:43.902+0000] {logging_mixin.py:120} INFO - [2024-11-29T02:13:43.902+0000] {dag.py:3340} INFO - Setting next_dagrun for example_branch_datetime_operator_2 to 2024-11-28T00:00:00+00:00, run_after=2024-11-29T00:00:00+00:00
[2024-11-29T02:13:43.906+0000] {logging_mixin.py:120} INFO - [2024-11-29T02:13:43.906+0000] {dag.py:3340} INFO - Setting next_dagrun for example_branch_datetime_operator_3 to 2024-11-28T00:00:00+00:00, run_after=2024-11-29T00:00:00+00:00
[2024-11-29T02:13:43.955+0000] {processor.py:176} INFO - Processing /home/airflow/.local/lib/python3.7/site-packages/airflow/example_dags/example_branch_datetime_operator.py took 0.191 seconds
[2024-11-29T02:14:14.377+0000] {processor.py:154} INFO - Started process (PID=600) to work on /home/airflow/.local/lib/python3.7/site-packages/airflow/example_dags/example_branch_datetime_operator.py
[2024-11-29T02:14:14.379+0000] {processor.py:756} INFO - Processing file /home/airflow/.local/lib/python3.7/site-packages/airflow/example_dags/example_branch_datetime_operator.py for tasks to queue
[2024-11-29T02:14:14.381+0000] {logging_mixin.py:120} INFO - [2024-11-29T02:14:14.381+0000] {dagbag.py:537} INFO - Filling up the DagBag from /home/airflow/.local/lib/python3.7/site-packages/airflow/example_dags/example_branch_datetime_operator.py
[2024-11-29T02:14:14.416+0000] {processor.py:766} INFO - DAG(s) dict_keys(['example_branch_datetime_operator', 'example_branch_datetime_operator_2', 'example_branch_datetime_operator_3']) retrieved from /home/airflow/.local/lib/python3.7/site-packages/airflow/example_dags/example_branch_datetime_operator.py
[2024-11-29T02:14:14.478+0000] {logging_mixin.py:120} INFO - [2024-11-29T02:14:14.478+0000] {dag.py:2585} INFO - Sync 3 DAGs
[2024-11-29T02:14:14.525+0000] {logging_mixin.py:120} INFO - [2024-11-29T02:14:14.525+0000] {dag.py:3340} INFO - Setting next_dagrun for example_branch_datetime_operator to 2024-11-28T00:00:00+00:00, run_after=2024-11-29T00:00:00+00:00
[2024-11-29T02:14:14.533+0000] {logging_mixin.py:120} INFO - [2024-11-29T02:14:14.533+0000] {dag.py:3340} INFO - Setting next_dagrun for example_branch_datetime_operator_2 to 2024-11-28T00:00:00+00:00, run_after=2024-11-29T00:00:00+00:00
[2024-11-29T02:14:14.538+0000] {logging_mixin.py:120} INFO - [2024-11-29T02:14:14.538+0000] {dag.py:3340} INFO - Setting next_dagrun for example_branch_datetime_operator_3 to 2024-11-28T00:00:00+00:00, run_after=2024-11-29T00:00:00+00:00
[2024-11-29T02:14:14.567+0000] {processor.py:176} INFO - Processing /home/airflow/.local/lib/python3.7/site-packages/airflow/example_dags/example_branch_datetime_operator.py took 0.197 seconds
[2024-11-29T02:14:44.713+0000] {processor.py:154} INFO - Started process (PID=665) to work on /home/airflow/.local/lib/python3.7/site-packages/airflow/example_dags/example_branch_datetime_operator.py
[2024-11-29T02:14:44.714+0000] {processor.py:756} INFO - Processing file /home/airflow/.local/lib/python3.7/site-packages/airflow/example_dags/example_branch_datetime_operator.py for tasks to queue
[2024-11-29T02:14:44.715+0000] {logging_mixin.py:120} INFO - [2024-11-29T02:14:44.715+0000] {dagbag.py:537} INFO - Filling up the DagBag from /home/airflow/.local/lib/python3.7/site-packages/airflow/example_dags/example_branch_datetime_operator.py
[2024-11-29T02:14:44.734+0000] {processor.py:766} INFO - DAG(s) dict_keys(['example_branch_datetime_operator', 'example_branch_datetime_operator_2', 'example_branch_datetime_operator_3']) retrieved from /home/airflow/.local/lib/python3.7/site-packages/airflow/example_dags/example_branch_datetime_operator.py
[2024-11-29T02:14:44.795+0000] {logging_mixin.py:120} INFO - [2024-11-29T02:14:44.794+0000] {dag.py:2585} INFO - Sync 3 DAGs
[2024-11-29T02:14:44.827+0000] {logging_mixin.py:120} INFO - [2024-11-29T02:14:44.827+0000] {dag.py:3340} INFO - Setting next_dagrun for example_branch_datetime_operator to 2024-11-28T00:00:00+00:00, run_after=2024-11-29T00:00:00+00:00
[2024-11-29T02:14:44.833+0000] {logging_mixin.py:120} INFO - [2024-11-29T02:14:44.833+0000] {dag.py:3340} INFO - Setting next_dagrun for example_branch_datetime_operator_2 to 2024-11-28T00:00:00+00:00, run_after=2024-11-29T00:00:00+00:00
[2024-11-29T02:14:44.837+0000] {logging_mixin.py:120} INFO - [2024-11-29T02:14:44.836+0000] {dag.py:3340} INFO - Setting next_dagrun for example_branch_datetime_operator_3 to 2024-11-28T00:00:00+00:00, run_after=2024-11-29T00:00:00+00:00
[2024-11-29T02:14:44.859+0000] {processor.py:176} INFO - Processing /home/airflow/.local/lib/python3.7/site-packages/airflow/example_dags/example_branch_datetime_operator.py took 0.150 seconds
[2024-11-29T02:15:15.322+0000] {processor.py:154} INFO - Started process (PID=727) to work on /home/airflow/.local/lib/python3.7/site-packages/airflow/example_dags/example_branch_datetime_operator.py
[2024-11-29T02:15:15.324+0000] {processor.py:756} INFO - Processing file /home/airflow/.local/lib/python3.7/site-packages/airflow/example_dags/example_branch_datetime_operator.py for tasks to queue
[2024-11-29T02:15:15.325+0000] {logging_mixin.py:120} INFO - [2024-11-29T02:15:15.325+0000] {dagbag.py:537} INFO - Filling up the DagBag from /home/airflow/.local/lib/python3.7/site-packages/airflow/example_dags/example_branch_datetime_operator.py
[2024-11-29T02:15:15.351+0000] {processor.py:766} INFO - DAG(s) dict_keys(['example_branch_datetime_operator', 'example_branch_datetime_operator_2', 'example_branch_datetime_operator_3']) retrieved from /home/airflow/.local/lib/python3.7/site-packages/airflow/example_dags/example_branch_datetime_operator.py
[2024-11-29T02:15:15.409+0000] {logging_mixin.py:120} INFO - [2024-11-29T02:15:15.408+0000] {dag.py:2585} INFO - Sync 3 DAGs
[2024-11-29T02:15:15.439+0000] {logging_mixin.py:120} INFO - [2024-11-29T02:15:15.439+0000] {dag.py:3340} INFO - Setting next_dagrun for example_branch_datetime_operator to 2024-11-28T00:00:00+00:00, run_after=2024-11-29T00:00:00+00:00
[2024-11-29T02:15:15.445+0000] {logging_mixin.py:120} INFO - [2024-11-29T02:15:15.445+0000] {dag.py:3340} INFO - Setting next_dagrun for example_branch_datetime_operator_2 to 2024-11-28T00:00:00+00:00, run_after=2024-11-29T00:00:00+00:00
[2024-11-29T02:15:15.450+0000] {logging_mixin.py:120} INFO - [2024-11-29T02:15:15.450+0000] {dag.py:3340} INFO - Setting next_dagrun for example_branch_datetime_operator_3 to 2024-11-28T00:00:00+00:00, run_after=2024-11-29T00:00:00+00:00
[2024-11-29T02:15:15.477+0000] {processor.py:176} INFO - Processing /home/airflow/.local/lib/python3.7/site-packages/airflow/example_dags/example_branch_datetime_operator.py took 0.158 seconds
