[2024-11-29T02:08:46.791+0000] {processor.py:154} INFO - Started process (PID=51) to work on /home/airflow/.local/lib/python3.7/site-packages/airflow/example_dags/example_branch_operator.py
[2024-11-29T02:08:46.793+0000] {processor.py:756} INFO - Processing file /home/airflow/.local/lib/python3.7/site-packages/airflow/example_dags/example_branch_operator.py for tasks to queue
[2024-11-29T02:08:46.796+0000] {logging_mixin.py:120} INFO - [2024-11-29T02:08:46.795+0000] {dagbag.py:537} INFO - Filling up the DagBag from /home/airflow/.local/lib/python3.7/site-packages/airflow/example_dags/example_branch_operator.py
[2024-11-29T02:08:46.842+0000] {processor.py:766} INFO - DAG(s) dict_keys(['example_branch_operator']) retrieved from /home/airflow/.local/lib/python3.7/site-packages/airflow/example_dags/example_branch_operator.py
[2024-11-29T02:08:46.926+0000] {logging_mixin.py:120} INFO - [2024-11-29T02:08:46.926+0000] {dag.py:2585} INFO - Sync 1 DAGs
[2024-11-29T02:08:47.006+0000] {logging_mixin.py:120} INFO - [2024-11-29T02:08:47.005+0000] {dag.py:3340} INFO - Setting next_dagrun for example_branch_operator to 2024-11-28T00:00:00+00:00, run_after=2024-11-29T00:00:00+00:00
[2024-11-29T02:08:47.093+0000] {processor.py:176} INFO - Processing /home/airflow/.local/lib/python3.7/site-packages/airflow/example_dags/example_branch_operator.py took 0.308 seconds
[2024-11-29T02:09:37.335+0000] {processor.py:154} INFO - Started process (PID=52) to work on /home/airflow/.local/lib/python3.7/site-packages/airflow/example_dags/example_branch_operator.py
[2024-11-29T02:09:37.337+0000] {processor.py:756} INFO - Processing file /home/airflow/.local/lib/python3.7/site-packages/airflow/example_dags/example_branch_operator.py for tasks to queue
[2024-11-29T02:09:37.338+0000] {logging_mixin.py:120} INFO - [2024-11-29T02:09:37.338+0000] {dagbag.py:537} INFO - Filling up the DagBag from /home/airflow/.local/lib/python3.7/site-packages/airflow/example_dags/example_branch_operator.py
[2024-11-29T02:09:37.364+0000] {processor.py:766} INFO - DAG(s) dict_keys(['example_branch_operator']) retrieved from /home/airflow/.local/lib/python3.7/site-packages/airflow/example_dags/example_branch_operator.py
[2024-11-29T02:09:37.449+0000] {logging_mixin.py:120} INFO - [2024-11-29T02:09:37.449+0000] {dag.py:2585} INFO - Sync 1 DAGs
[2024-11-29T02:09:37.578+0000] {logging_mixin.py:120} INFO - [2024-11-29T02:09:37.577+0000] {dag.py:3340} INFO - Setting next_dagrun for example_branch_operator to 2024-11-28T00:00:00+00:00, run_after=2024-11-29T00:00:00+00:00
[2024-11-29T02:09:37.760+0000] {processor.py:176} INFO - Processing /home/airflow/.local/lib/python3.7/site-packages/airflow/example_dags/example_branch_operator.py took 0.429 seconds
[2024-11-29T02:10:08.405+0000] {processor.py:154} INFO - Started process (PID=107) to work on /home/airflow/.local/lib/python3.7/site-packages/airflow/example_dags/example_branch_operator.py
[2024-11-29T02:10:08.407+0000] {processor.py:756} INFO - Processing file /home/airflow/.local/lib/python3.7/site-packages/airflow/example_dags/example_branch_operator.py for tasks to queue
[2024-11-29T02:10:08.408+0000] {logging_mixin.py:120} INFO - [2024-11-29T02:10:08.408+0000] {dagbag.py:537} INFO - Filling up the DagBag from /home/airflow/.local/lib/python3.7/site-packages/airflow/example_dags/example_branch_operator.py
[2024-11-29T02:10:08.442+0000] {processor.py:766} INFO - DAG(s) dict_keys(['example_branch_operator']) retrieved from /home/airflow/.local/lib/python3.7/site-packages/airflow/example_dags/example_branch_operator.py
[2024-11-29T02:10:08.497+0000] {logging_mixin.py:120} INFO - [2024-11-29T02:10:08.497+0000] {dag.py:2585} INFO - Sync 1 DAGs
[2024-11-29T02:10:08.529+0000] {logging_mixin.py:120} INFO - [2024-11-29T02:10:08.529+0000] {dag.py:3340} INFO - Setting next_dagrun for example_branch_operator to 2024-11-28T00:00:00+00:00, run_after=2024-11-29T00:00:00+00:00
[2024-11-29T02:10:08.567+0000] {processor.py:176} INFO - Processing /home/airflow/.local/lib/python3.7/site-packages/airflow/example_dags/example_branch_operator.py took 0.167 seconds
[2024-11-29T02:10:38.672+0000] {processor.py:154} INFO - Started process (PID=172) to work on /home/airflow/.local/lib/python3.7/site-packages/airflow/example_dags/example_branch_operator.py
[2024-11-29T02:10:38.674+0000] {processor.py:756} INFO - Processing file /home/airflow/.local/lib/python3.7/site-packages/airflow/example_dags/example_branch_operator.py for tasks to queue
[2024-11-29T02:10:38.675+0000] {logging_mixin.py:120} INFO - [2024-11-29T02:10:38.675+0000] {dagbag.py:537} INFO - Filling up the DagBag from /home/airflow/.local/lib/python3.7/site-packages/airflow/example_dags/example_branch_operator.py
[2024-11-29T02:10:38.706+0000] {processor.py:766} INFO - DAG(s) dict_keys(['example_branch_operator']) retrieved from /home/airflow/.local/lib/python3.7/site-packages/airflow/example_dags/example_branch_operator.py
[2024-11-29T02:10:38.770+0000] {logging_mixin.py:120} INFO - [2024-11-29T02:10:38.770+0000] {dag.py:2585} INFO - Sync 1 DAGs
[2024-11-29T02:10:38.815+0000] {logging_mixin.py:120} INFO - [2024-11-29T02:10:38.814+0000] {dag.py:3340} INFO - Setting next_dagrun for example_branch_operator to 2024-11-28T00:00:00+00:00, run_after=2024-11-29T00:00:00+00:00
[2024-11-29T02:10:38.846+0000] {processor.py:176} INFO - Processing /home/airflow/.local/lib/python3.7/site-packages/airflow/example_dags/example_branch_operator.py took 0.180 seconds
[2024-11-29T02:11:09.512+0000] {processor.py:154} INFO - Started process (PID=227) to work on /home/airflow/.local/lib/python3.7/site-packages/airflow/example_dags/example_branch_operator.py
[2024-11-29T02:11:09.515+0000] {processor.py:756} INFO - Processing file /home/airflow/.local/lib/python3.7/site-packages/airflow/example_dags/example_branch_operator.py for tasks to queue
[2024-11-29T02:11:09.518+0000] {logging_mixin.py:120} INFO - [2024-11-29T02:11:09.517+0000] {dagbag.py:537} INFO - Filling up the DagBag from /home/airflow/.local/lib/python3.7/site-packages/airflow/example_dags/example_branch_operator.py
[2024-11-29T02:11:09.551+0000] {processor.py:766} INFO - DAG(s) dict_keys(['example_branch_operator']) retrieved from /home/airflow/.local/lib/python3.7/site-packages/airflow/example_dags/example_branch_operator.py
[2024-11-29T02:11:09.621+0000] {logging_mixin.py:120} INFO - [2024-11-29T02:11:09.621+0000] {dag.py:2585} INFO - Sync 1 DAGs
[2024-11-29T02:11:09.671+0000] {logging_mixin.py:120} INFO - [2024-11-29T02:11:09.671+0000] {dag.py:3340} INFO - Setting next_dagrun for example_branch_operator to 2024-11-28T00:00:00+00:00, run_after=2024-11-29T00:00:00+00:00
[2024-11-29T02:11:09.707+0000] {processor.py:176} INFO - Processing /home/airflow/.local/lib/python3.7/site-packages/airflow/example_dags/example_branch_operator.py took 0.205 seconds
[2024-11-29T02:11:40.348+0000] {processor.py:154} INFO - Started process (PID=291) to work on /home/airflow/.local/lib/python3.7/site-packages/airflow/example_dags/example_branch_operator.py
[2024-11-29T02:11:40.350+0000] {processor.py:756} INFO - Processing file /home/airflow/.local/lib/python3.7/site-packages/airflow/example_dags/example_branch_operator.py for tasks to queue
[2024-11-29T02:11:40.351+0000] {logging_mixin.py:120} INFO - [2024-11-29T02:11:40.351+0000] {dagbag.py:537} INFO - Filling up the DagBag from /home/airflow/.local/lib/python3.7/site-packages/airflow/example_dags/example_branch_operator.py
[2024-11-29T02:11:40.378+0000] {processor.py:766} INFO - DAG(s) dict_keys(['example_branch_operator']) retrieved from /home/airflow/.local/lib/python3.7/site-packages/airflow/example_dags/example_branch_operator.py
[2024-11-29T02:11:40.433+0000] {logging_mixin.py:120} INFO - [2024-11-29T02:11:40.433+0000] {dag.py:2585} INFO - Sync 1 DAGs
[2024-11-29T02:11:40.465+0000] {logging_mixin.py:120} INFO - [2024-11-29T02:11:40.465+0000] {dag.py:3340} INFO - Setting next_dagrun for example_branch_operator to 2024-11-28T00:00:00+00:00, run_after=2024-11-29T00:00:00+00:00
[2024-11-29T02:11:40.494+0000] {processor.py:176} INFO - Processing /home/airflow/.local/lib/python3.7/site-packages/airflow/example_dags/example_branch_operator.py took 0.151 seconds
[2024-11-29T02:12:10.763+0000] {processor.py:154} INFO - Started process (PID=355) to work on /home/airflow/.local/lib/python3.7/site-packages/airflow/example_dags/example_branch_operator.py
[2024-11-29T02:12:10.765+0000] {processor.py:756} INFO - Processing file /home/airflow/.local/lib/python3.7/site-packages/airflow/example_dags/example_branch_operator.py for tasks to queue
[2024-11-29T02:12:10.766+0000] {logging_mixin.py:120} INFO - [2024-11-29T02:12:10.766+0000] {dagbag.py:537} INFO - Filling up the DagBag from /home/airflow/.local/lib/python3.7/site-packages/airflow/example_dags/example_branch_operator.py
[2024-11-29T02:12:10.785+0000] {processor.py:766} INFO - DAG(s) dict_keys(['example_branch_operator']) retrieved from /home/airflow/.local/lib/python3.7/site-packages/airflow/example_dags/example_branch_operator.py
[2024-11-29T02:12:10.839+0000] {logging_mixin.py:120} INFO - [2024-11-29T02:12:10.838+0000] {dag.py:2585} INFO - Sync 1 DAGs
[2024-11-29T02:12:10.876+0000] {logging_mixin.py:120} INFO - [2024-11-29T02:12:10.876+0000] {dag.py:3340} INFO - Setting next_dagrun for example_branch_operator to 2024-11-28T00:00:00+00:00, run_after=2024-11-29T00:00:00+00:00
[2024-11-29T02:12:10.928+0000] {processor.py:176} INFO - Processing /home/airflow/.local/lib/python3.7/site-packages/airflow/example_dags/example_branch_operator.py took 0.169 seconds
[2024-11-29T02:12:41.306+0000] {processor.py:154} INFO - Started process (PID=410) to work on /home/airflow/.local/lib/python3.7/site-packages/airflow/example_dags/example_branch_operator.py
[2024-11-29T02:12:41.307+0000] {processor.py:756} INFO - Processing file /home/airflow/.local/lib/python3.7/site-packages/airflow/example_dags/example_branch_operator.py for tasks to queue
[2024-11-29T02:12:41.308+0000] {logging_mixin.py:120} INFO - [2024-11-29T02:12:41.308+0000] {dagbag.py:537} INFO - Filling up the DagBag from /home/airflow/.local/lib/python3.7/site-packages/airflow/example_dags/example_branch_operator.py
[2024-11-29T02:12:41.328+0000] {processor.py:766} INFO - DAG(s) dict_keys(['example_branch_operator']) retrieved from /home/airflow/.local/lib/python3.7/site-packages/airflow/example_dags/example_branch_operator.py
[2024-11-29T02:12:41.382+0000] {logging_mixin.py:120} INFO - [2024-11-29T02:12:41.382+0000] {dag.py:2585} INFO - Sync 1 DAGs
[2024-11-29T02:12:41.411+0000] {logging_mixin.py:120} INFO - [2024-11-29T02:12:41.411+0000] {dag.py:3340} INFO - Setting next_dagrun for example_branch_operator to 2024-11-28T00:00:00+00:00, run_after=2024-11-29T00:00:00+00:00
[2024-11-29T02:12:41.444+0000] {processor.py:176} INFO - Processing /home/airflow/.local/lib/python3.7/site-packages/airflow/example_dags/example_branch_operator.py took 0.141 seconds
[2024-11-29T02:13:11.833+0000] {processor.py:154} INFO - Started process (PID=474) to work on /home/airflow/.local/lib/python3.7/site-packages/airflow/example_dags/example_branch_operator.py
[2024-11-29T02:13:11.834+0000] {processor.py:756} INFO - Processing file /home/airflow/.local/lib/python3.7/site-packages/airflow/example_dags/example_branch_operator.py for tasks to queue
[2024-11-29T02:13:11.836+0000] {logging_mixin.py:120} INFO - [2024-11-29T02:13:11.836+0000] {dagbag.py:537} INFO - Filling up the DagBag from /home/airflow/.local/lib/python3.7/site-packages/airflow/example_dags/example_branch_operator.py
[2024-11-29T02:13:11.854+0000] {processor.py:766} INFO - DAG(s) dict_keys(['example_branch_operator']) retrieved from /home/airflow/.local/lib/python3.7/site-packages/airflow/example_dags/example_branch_operator.py
[2024-11-29T02:13:11.904+0000] {logging_mixin.py:120} INFO - [2024-11-29T02:13:11.904+0000] {dag.py:2585} INFO - Sync 1 DAGs
[2024-11-29T02:13:11.935+0000] {logging_mixin.py:120} INFO - [2024-11-29T02:13:11.935+0000] {dag.py:3340} INFO - Setting next_dagrun for example_branch_operator to 2024-11-28T00:00:00+00:00, run_after=2024-11-29T00:00:00+00:00
[2024-11-29T02:13:11.982+0000] {processor.py:176} INFO - Processing /home/airflow/.local/lib/python3.7/site-packages/airflow/example_dags/example_branch_operator.py took 0.154 seconds
[2024-11-29T02:13:42.250+0000] {processor.py:154} INFO - Started process (PID=529) to work on /home/airflow/.local/lib/python3.7/site-packages/airflow/example_dags/example_branch_operator.py
[2024-11-29T02:13:42.252+0000] {processor.py:756} INFO - Processing file /home/airflow/.local/lib/python3.7/site-packages/airflow/example_dags/example_branch_operator.py for tasks to queue
[2024-11-29T02:13:42.253+0000] {logging_mixin.py:120} INFO - [2024-11-29T02:13:42.253+0000] {dagbag.py:537} INFO - Filling up the DagBag from /home/airflow/.local/lib/python3.7/site-packages/airflow/example_dags/example_branch_operator.py
[2024-11-29T02:13:42.273+0000] {processor.py:766} INFO - DAG(s) dict_keys(['example_branch_operator']) retrieved from /home/airflow/.local/lib/python3.7/site-packages/airflow/example_dags/example_branch_operator.py
[2024-11-29T02:13:42.319+0000] {logging_mixin.py:120} INFO - [2024-11-29T02:13:42.319+0000] {dag.py:2585} INFO - Sync 1 DAGs
[2024-11-29T02:13:42.349+0000] {logging_mixin.py:120} INFO - [2024-11-29T02:13:42.348+0000] {dag.py:3340} INFO - Setting next_dagrun for example_branch_operator to 2024-11-28T00:00:00+00:00, run_after=2024-11-29T00:00:00+00:00
[2024-11-29T02:13:42.376+0000] {processor.py:176} INFO - Processing /home/airflow/.local/lib/python3.7/site-packages/airflow/example_dags/example_branch_operator.py took 0.129 seconds
[2024-11-29T02:14:13.534+0000] {processor.py:154} INFO - Started process (PID=595) to work on /home/airflow/.local/lib/python3.7/site-packages/airflow/example_dags/example_branch_operator.py
[2024-11-29T02:14:13.536+0000] {processor.py:756} INFO - Processing file /home/airflow/.local/lib/python3.7/site-packages/airflow/example_dags/example_branch_operator.py for tasks to queue
[2024-11-29T02:14:13.537+0000] {logging_mixin.py:120} INFO - [2024-11-29T02:14:13.537+0000] {dagbag.py:537} INFO - Filling up the DagBag from /home/airflow/.local/lib/python3.7/site-packages/airflow/example_dags/example_branch_operator.py
[2024-11-29T02:14:13.572+0000] {processor.py:766} INFO - DAG(s) dict_keys(['example_branch_operator']) retrieved from /home/airflow/.local/lib/python3.7/site-packages/airflow/example_dags/example_branch_operator.py
[2024-11-29T02:14:13.622+0000] {logging_mixin.py:120} INFO - [2024-11-29T02:14:13.622+0000] {dag.py:2585} INFO - Sync 1 DAGs
[2024-11-29T02:14:13.655+0000] {logging_mixin.py:120} INFO - [2024-11-29T02:14:13.655+0000] {dag.py:3340} INFO - Setting next_dagrun for example_branch_operator to 2024-11-28T00:00:00+00:00, run_after=2024-11-29T00:00:00+00:00
[2024-11-29T02:14:13.706+0000] {processor.py:176} INFO - Processing /home/airflow/.local/lib/python3.7/site-packages/airflow/example_dags/example_branch_operator.py took 0.176 seconds
[2024-11-29T02:14:44.110+0000] {processor.py:154} INFO - Started process (PID=660) to work on /home/airflow/.local/lib/python3.7/site-packages/airflow/example_dags/example_branch_operator.py
[2024-11-29T02:14:44.111+0000] {processor.py:756} INFO - Processing file /home/airflow/.local/lib/python3.7/site-packages/airflow/example_dags/example_branch_operator.py for tasks to queue
[2024-11-29T02:14:44.112+0000] {logging_mixin.py:120} INFO - [2024-11-29T02:14:44.112+0000] {dagbag.py:537} INFO - Filling up the DagBag from /home/airflow/.local/lib/python3.7/site-packages/airflow/example_dags/example_branch_operator.py
[2024-11-29T02:14:44.131+0000] {processor.py:766} INFO - DAG(s) dict_keys(['example_branch_operator']) retrieved from /home/airflow/.local/lib/python3.7/site-packages/airflow/example_dags/example_branch_operator.py
[2024-11-29T02:14:44.181+0000] {logging_mixin.py:120} INFO - [2024-11-29T02:14:44.181+0000] {dag.py:2585} INFO - Sync 1 DAGs
[2024-11-29T02:14:44.217+0000] {logging_mixin.py:120} INFO - [2024-11-29T02:14:44.217+0000] {dag.py:3340} INFO - Setting next_dagrun for example_branch_operator to 2024-11-28T00:00:00+00:00, run_after=2024-11-29T00:00:00+00:00
[2024-11-29T02:14:44.262+0000] {processor.py:176} INFO - Processing /home/airflow/.local/lib/python3.7/site-packages/airflow/example_dags/example_branch_operator.py took 0.155 seconds
[2024-11-29T02:15:14.565+0000] {processor.py:154} INFO - Started process (PID=715) to work on /home/airflow/.local/lib/python3.7/site-packages/airflow/example_dags/example_branch_operator.py
[2024-11-29T02:15:14.567+0000] {processor.py:756} INFO - Processing file /home/airflow/.local/lib/python3.7/site-packages/airflow/example_dags/example_branch_operator.py for tasks to queue
[2024-11-29T02:15:14.568+0000] {logging_mixin.py:120} INFO - [2024-11-29T02:15:14.568+0000] {dagbag.py:537} INFO - Filling up the DagBag from /home/airflow/.local/lib/python3.7/site-packages/airflow/example_dags/example_branch_operator.py
[2024-11-29T02:15:14.592+0000] {processor.py:766} INFO - DAG(s) dict_keys(['example_branch_operator']) retrieved from /home/airflow/.local/lib/python3.7/site-packages/airflow/example_dags/example_branch_operator.py
[2024-11-29T02:15:14.644+0000] {logging_mixin.py:120} INFO - [2024-11-29T02:15:14.643+0000] {dag.py:2585} INFO - Sync 1 DAGs
[2024-11-29T02:15:14.673+0000] {logging_mixin.py:120} INFO - [2024-11-29T02:15:14.673+0000] {dag.py:3340} INFO - Setting next_dagrun for example_branch_operator to 2024-11-28T00:00:00+00:00, run_after=2024-11-29T00:00:00+00:00
[2024-11-29T02:15:14.713+0000] {processor.py:176} INFO - Processing /home/airflow/.local/lib/python3.7/site-packages/airflow/example_dags/example_branch_operator.py took 0.152 seconds
