[2024-11-29T02:08:52.913+0000] {processor.py:154} INFO - Started process (PID=81) to work on /home/airflow/.local/lib/python3.7/site-packages/airflow/example_dags/example_kubernetes_executor.py
[2024-11-29T02:08:52.929+0000] {processor.py:756} INFO - Processing file /home/airflow/.local/lib/python3.7/site-packages/airflow/example_dags/example_kubernetes_executor.py for tasks to queue
[2024-11-29T02:08:52.931+0000] {logging_mixin.py:120} INFO - [2024-11-29T02:08:52.931+0000] {dagbag.py:537} INFO - Filling up the DagBag from /home/airflow/.local/lib/python3.7/site-packages/airflow/example_dags/example_kubernetes_executor.py
[2024-11-29T02:08:53.034+0000] {processor.py:766} INFO - DAG(s) dict_keys(['example_kubernetes_executor']) retrieved from /home/airflow/.local/lib/python3.7/site-packages/airflow/example_dags/example_kubernetes_executor.py
[2024-11-29T02:08:53.145+0000] {logging_mixin.py:120} INFO - [2024-11-29T02:08:53.144+0000] {dag.py:2585} INFO - Sync 1 DAGs
[2024-11-29T02:08:53.233+0000] {logging_mixin.py:120} INFO - [2024-11-29T02:08:53.233+0000] {dag.py:3340} INFO - Setting next_dagrun for example_kubernetes_executor to None, run_after=None
[2024-11-29T02:08:53.411+0000] {processor.py:176} INFO - Processing /home/airflow/.local/lib/python3.7/site-packages/airflow/example_dags/example_kubernetes_executor.py took 0.504 seconds
[2024-11-29T02:09:40.425+0000] {processor.py:154} INFO - Started process (PID=73) to work on /home/airflow/.local/lib/python3.7/site-packages/airflow/example_dags/example_kubernetes_executor.py
[2024-11-29T02:09:40.430+0000] {processor.py:756} INFO - Processing file /home/airflow/.local/lib/python3.7/site-packages/airflow/example_dags/example_kubernetes_executor.py for tasks to queue
[2024-11-29T02:09:40.432+0000] {logging_mixin.py:120} INFO - [2024-11-29T02:09:40.431+0000] {dagbag.py:537} INFO - Filling up the DagBag from /home/airflow/.local/lib/python3.7/site-packages/airflow/example_dags/example_kubernetes_executor.py
[2024-11-29T02:09:40.510+0000] {processor.py:766} INFO - DAG(s) dict_keys(['example_kubernetes_executor']) retrieved from /home/airflow/.local/lib/python3.7/site-packages/airflow/example_dags/example_kubernetes_executor.py
[2024-11-29T02:09:40.577+0000] {logging_mixin.py:120} INFO - [2024-11-29T02:09:40.576+0000] {dag.py:2585} INFO - Sync 1 DAGs
[2024-11-29T02:09:40.618+0000] {logging_mixin.py:120} INFO - [2024-11-29T02:09:40.618+0000] {dag.py:3340} INFO - Setting next_dagrun for example_kubernetes_executor to None, run_after=None
[2024-11-29T02:09:40.654+0000] {processor.py:176} INFO - Processing /home/airflow/.local/lib/python3.7/site-packages/airflow/example_dags/example_kubernetes_executor.py took 0.233 seconds
[2024-11-29T02:10:11.564+0000] {processor.py:154} INFO - Started process (PID=128) to work on /home/airflow/.local/lib/python3.7/site-packages/airflow/example_dags/example_kubernetes_executor.py
[2024-11-29T02:10:11.566+0000] {processor.py:756} INFO - Processing file /home/airflow/.local/lib/python3.7/site-packages/airflow/example_dags/example_kubernetes_executor.py for tasks to queue
[2024-11-29T02:10:11.567+0000] {logging_mixin.py:120} INFO - [2024-11-29T02:10:11.567+0000] {dagbag.py:537} INFO - Filling up the DagBag from /home/airflow/.local/lib/python3.7/site-packages/airflow/example_dags/example_kubernetes_executor.py
[2024-11-29T02:10:11.606+0000] {processor.py:766} INFO - DAG(s) dict_keys(['example_kubernetes_executor']) retrieved from /home/airflow/.local/lib/python3.7/site-packages/airflow/example_dags/example_kubernetes_executor.py
[2024-11-29T02:10:11.664+0000] {logging_mixin.py:120} INFO - [2024-11-29T02:10:11.663+0000] {dag.py:2585} INFO - Sync 1 DAGs
[2024-11-29T02:10:11.710+0000] {logging_mixin.py:120} INFO - [2024-11-29T02:10:11.710+0000] {dag.py:3340} INFO - Setting next_dagrun for example_kubernetes_executor to None, run_after=None
[2024-11-29T02:10:11.747+0000] {processor.py:176} INFO - Processing /home/airflow/.local/lib/python3.7/site-packages/airflow/example_dags/example_kubernetes_executor.py took 0.187 seconds
[2024-11-29T02:10:42.506+0000] {processor.py:154} INFO - Started process (PID=193) to work on /home/airflow/.local/lib/python3.7/site-packages/airflow/example_dags/example_kubernetes_executor.py
[2024-11-29T02:10:42.508+0000] {processor.py:756} INFO - Processing file /home/airflow/.local/lib/python3.7/site-packages/airflow/example_dags/example_kubernetes_executor.py for tasks to queue
[2024-11-29T02:10:42.509+0000] {logging_mixin.py:120} INFO - [2024-11-29T02:10:42.509+0000] {dagbag.py:537} INFO - Filling up the DagBag from /home/airflow/.local/lib/python3.7/site-packages/airflow/example_dags/example_kubernetes_executor.py
[2024-11-29T02:10:42.551+0000] {processor.py:766} INFO - DAG(s) dict_keys(['example_kubernetes_executor']) retrieved from /home/airflow/.local/lib/python3.7/site-packages/airflow/example_dags/example_kubernetes_executor.py
[2024-11-29T02:10:42.619+0000] {logging_mixin.py:120} INFO - [2024-11-29T02:10:42.618+0000] {dag.py:2585} INFO - Sync 1 DAGs
[2024-11-29T02:10:42.647+0000] {logging_mixin.py:120} INFO - [2024-11-29T02:10:42.647+0000] {dag.py:3340} INFO - Setting next_dagrun for example_kubernetes_executor to None, run_after=None
[2024-11-29T02:10:42.691+0000] {processor.py:176} INFO - Processing /home/airflow/.local/lib/python3.7/site-packages/airflow/example_dags/example_kubernetes_executor.py took 0.190 seconds
[2024-11-29T02:11:13.223+0000] {processor.py:154} INFO - Started process (PID=257) to work on /home/airflow/.local/lib/python3.7/site-packages/airflow/example_dags/example_kubernetes_executor.py
[2024-11-29T02:11:13.224+0000] {processor.py:756} INFO - Processing file /home/airflow/.local/lib/python3.7/site-packages/airflow/example_dags/example_kubernetes_executor.py for tasks to queue
[2024-11-29T02:11:13.226+0000] {logging_mixin.py:120} INFO - [2024-11-29T02:11:13.225+0000] {dagbag.py:537} INFO - Filling up the DagBag from /home/airflow/.local/lib/python3.7/site-packages/airflow/example_dags/example_kubernetes_executor.py
[2024-11-29T02:11:13.286+0000] {processor.py:766} INFO - DAG(s) dict_keys(['example_kubernetes_executor']) retrieved from /home/airflow/.local/lib/python3.7/site-packages/airflow/example_dags/example_kubernetes_executor.py
[2024-11-29T02:11:13.354+0000] {logging_mixin.py:120} INFO - [2024-11-29T02:11:13.353+0000] {dag.py:2585} INFO - Sync 1 DAGs
[2024-11-29T02:11:13.398+0000] {logging_mixin.py:120} INFO - [2024-11-29T02:11:13.398+0000] {dag.py:3340} INFO - Setting next_dagrun for example_kubernetes_executor to None, run_after=None
[2024-11-29T02:11:13.429+0000] {processor.py:176} INFO - Processing /home/airflow/.local/lib/python3.7/site-packages/airflow/example_dags/example_kubernetes_executor.py took 0.212 seconds
[2024-11-29T02:11:43.810+0000] {processor.py:154} INFO - Started process (PID=312) to work on /home/airflow/.local/lib/python3.7/site-packages/airflow/example_dags/example_kubernetes_executor.py
[2024-11-29T02:11:43.811+0000] {processor.py:756} INFO - Processing file /home/airflow/.local/lib/python3.7/site-packages/airflow/example_dags/example_kubernetes_executor.py for tasks to queue
[2024-11-29T02:11:43.812+0000] {logging_mixin.py:120} INFO - [2024-11-29T02:11:43.812+0000] {dagbag.py:537} INFO - Filling up the DagBag from /home/airflow/.local/lib/python3.7/site-packages/airflow/example_dags/example_kubernetes_executor.py
[2024-11-29T02:11:43.861+0000] {processor.py:766} INFO - DAG(s) dict_keys(['example_kubernetes_executor']) retrieved from /home/airflow/.local/lib/python3.7/site-packages/airflow/example_dags/example_kubernetes_executor.py
[2024-11-29T02:11:43.935+0000] {logging_mixin.py:120} INFO - [2024-11-29T02:11:43.934+0000] {dag.py:2585} INFO - Sync 1 DAGs
[2024-11-29T02:11:43.970+0000] {logging_mixin.py:120} INFO - [2024-11-29T02:11:43.970+0000] {dag.py:3340} INFO - Setting next_dagrun for example_kubernetes_executor to None, run_after=None
[2024-11-29T02:11:43.998+0000] {processor.py:176} INFO - Processing /home/airflow/.local/lib/python3.7/site-packages/airflow/example_dags/example_kubernetes_executor.py took 0.193 seconds
[2024-11-29T02:12:14.039+0000] {processor.py:154} INFO - Started process (PID=375) to work on /home/airflow/.local/lib/python3.7/site-packages/airflow/example_dags/example_kubernetes_executor.py
[2024-11-29T02:12:14.041+0000] {processor.py:756} INFO - Processing file /home/airflow/.local/lib/python3.7/site-packages/airflow/example_dags/example_kubernetes_executor.py for tasks to queue
[2024-11-29T02:12:14.042+0000] {logging_mixin.py:120} INFO - [2024-11-29T02:12:14.042+0000] {dagbag.py:537} INFO - Filling up the DagBag from /home/airflow/.local/lib/python3.7/site-packages/airflow/example_dags/example_kubernetes_executor.py
[2024-11-29T02:12:14.086+0000] {processor.py:766} INFO - DAG(s) dict_keys(['example_kubernetes_executor']) retrieved from /home/airflow/.local/lib/python3.7/site-packages/airflow/example_dags/example_kubernetes_executor.py
[2024-11-29T02:12:14.163+0000] {logging_mixin.py:120} INFO - [2024-11-29T02:12:14.163+0000] {dag.py:2585} INFO - Sync 1 DAGs
[2024-11-29T02:12:14.200+0000] {logging_mixin.py:120} INFO - [2024-11-29T02:12:14.200+0000] {dag.py:3340} INFO - Setting next_dagrun for example_kubernetes_executor to None, run_after=None
[2024-11-29T02:12:14.238+0000] {processor.py:176} INFO - Processing /home/airflow/.local/lib/python3.7/site-packages/airflow/example_dags/example_kubernetes_executor.py took 0.202 seconds
[2024-11-29T02:12:44.312+0000] {processor.py:154} INFO - Started process (PID=430) to work on /home/airflow/.local/lib/python3.7/site-packages/airflow/example_dags/example_kubernetes_executor.py
[2024-11-29T02:12:44.314+0000] {processor.py:756} INFO - Processing file /home/airflow/.local/lib/python3.7/site-packages/airflow/example_dags/example_kubernetes_executor.py for tasks to queue
[2024-11-29T02:12:44.315+0000] {logging_mixin.py:120} INFO - [2024-11-29T02:12:44.314+0000] {dagbag.py:537} INFO - Filling up the DagBag from /home/airflow/.local/lib/python3.7/site-packages/airflow/example_dags/example_kubernetes_executor.py
[2024-11-29T02:12:44.344+0000] {processor.py:766} INFO - DAG(s) dict_keys(['example_kubernetes_executor']) retrieved from /home/airflow/.local/lib/python3.7/site-packages/airflow/example_dags/example_kubernetes_executor.py
[2024-11-29T02:12:44.392+0000] {logging_mixin.py:120} INFO - [2024-11-29T02:12:44.391+0000] {dag.py:2585} INFO - Sync 1 DAGs
[2024-11-29T02:12:44.417+0000] {logging_mixin.py:120} INFO - [2024-11-29T02:12:44.417+0000] {dag.py:3340} INFO - Setting next_dagrun for example_kubernetes_executor to None, run_after=None
[2024-11-29T02:12:44.442+0000] {processor.py:176} INFO - Processing /home/airflow/.local/lib/python3.7/site-packages/airflow/example_dags/example_kubernetes_executor.py took 0.133 seconds
[2024-11-29T02:13:14.911+0000] {processor.py:154} INFO - Started process (PID=494) to work on /home/airflow/.local/lib/python3.7/site-packages/airflow/example_dags/example_kubernetes_executor.py
[2024-11-29T02:13:14.913+0000] {processor.py:756} INFO - Processing file /home/airflow/.local/lib/python3.7/site-packages/airflow/example_dags/example_kubernetes_executor.py for tasks to queue
[2024-11-29T02:13:14.914+0000] {logging_mixin.py:120} INFO - [2024-11-29T02:13:14.913+0000] {dagbag.py:537} INFO - Filling up the DagBag from /home/airflow/.local/lib/python3.7/site-packages/airflow/example_dags/example_kubernetes_executor.py
[2024-11-29T02:13:14.943+0000] {processor.py:766} INFO - DAG(s) dict_keys(['example_kubernetes_executor']) retrieved from /home/airflow/.local/lib/python3.7/site-packages/airflow/example_dags/example_kubernetes_executor.py
[2024-11-29T02:13:14.989+0000] {logging_mixin.py:120} INFO - [2024-11-29T02:13:14.989+0000] {dag.py:2585} INFO - Sync 1 DAGs
[2024-11-29T02:13:15.018+0000] {logging_mixin.py:120} INFO - [2024-11-29T02:13:15.018+0000] {dag.py:3340} INFO - Setting next_dagrun for example_kubernetes_executor to None, run_after=None
[2024-11-29T02:13:15.044+0000] {processor.py:176} INFO - Processing /home/airflow/.local/lib/python3.7/site-packages/airflow/example_dags/example_kubernetes_executor.py took 0.136 seconds
[2024-11-29T02:13:45.254+0000] {processor.py:154} INFO - Started process (PID=558) to work on /home/airflow/.local/lib/python3.7/site-packages/airflow/example_dags/example_kubernetes_executor.py
[2024-11-29T02:13:45.256+0000] {processor.py:756} INFO - Processing file /home/airflow/.local/lib/python3.7/site-packages/airflow/example_dags/example_kubernetes_executor.py for tasks to queue
[2024-11-29T02:13:45.257+0000] {logging_mixin.py:120} INFO - [2024-11-29T02:13:45.257+0000] {dagbag.py:537} INFO - Filling up the DagBag from /home/airflow/.local/lib/python3.7/site-packages/airflow/example_dags/example_kubernetes_executor.py
[2024-11-29T02:13:45.291+0000] {processor.py:766} INFO - DAG(s) dict_keys(['example_kubernetes_executor']) retrieved from /home/airflow/.local/lib/python3.7/site-packages/airflow/example_dags/example_kubernetes_executor.py
[2024-11-29T02:13:45.338+0000] {logging_mixin.py:120} INFO - [2024-11-29T02:13:45.338+0000] {dag.py:2585} INFO - Sync 1 DAGs
[2024-11-29T02:13:45.369+0000] {logging_mixin.py:120} INFO - [2024-11-29T02:13:45.369+0000] {dag.py:3340} INFO - Setting next_dagrun for example_kubernetes_executor to None, run_after=None
[2024-11-29T02:13:45.392+0000] {processor.py:176} INFO - Processing /home/airflow/.local/lib/python3.7/site-packages/airflow/example_dags/example_kubernetes_executor.py took 0.143 seconds
[2024-11-29T02:14:16.079+0000] {processor.py:154} INFO - Started process (PID=615) to work on /home/airflow/.local/lib/python3.7/site-packages/airflow/example_dags/example_kubernetes_executor.py
[2024-11-29T02:14:16.080+0000] {processor.py:756} INFO - Processing file /home/airflow/.local/lib/python3.7/site-packages/airflow/example_dags/example_kubernetes_executor.py for tasks to queue
[2024-11-29T02:14:16.082+0000] {logging_mixin.py:120} INFO - [2024-11-29T02:14:16.081+0000] {dagbag.py:537} INFO - Filling up the DagBag from /home/airflow/.local/lib/python3.7/site-packages/airflow/example_dags/example_kubernetes_executor.py
[2024-11-29T02:14:16.113+0000] {processor.py:766} INFO - DAG(s) dict_keys(['example_kubernetes_executor']) retrieved from /home/airflow/.local/lib/python3.7/site-packages/airflow/example_dags/example_kubernetes_executor.py
[2024-11-29T02:14:16.160+0000] {logging_mixin.py:120} INFO - [2024-11-29T02:14:16.160+0000] {dag.py:2585} INFO - Sync 1 DAGs
[2024-11-29T02:14:16.187+0000] {logging_mixin.py:120} INFO - [2024-11-29T02:14:16.186+0000] {dag.py:3340} INFO - Setting next_dagrun for example_kubernetes_executor to None, run_after=None
[2024-11-29T02:14:16.216+0000] {processor.py:176} INFO - Processing /home/airflow/.local/lib/python3.7/site-packages/airflow/example_dags/example_kubernetes_executor.py took 0.142 seconds
[2024-11-29T02:14:46.627+0000] {processor.py:154} INFO - Started process (PID=680) to work on /home/airflow/.local/lib/python3.7/site-packages/airflow/example_dags/example_kubernetes_executor.py
[2024-11-29T02:14:46.628+0000] {processor.py:756} INFO - Processing file /home/airflow/.local/lib/python3.7/site-packages/airflow/example_dags/example_kubernetes_executor.py for tasks to queue
[2024-11-29T02:14:46.630+0000] {logging_mixin.py:120} INFO - [2024-11-29T02:14:46.629+0000] {dagbag.py:537} INFO - Filling up the DagBag from /home/airflow/.local/lib/python3.7/site-packages/airflow/example_dags/example_kubernetes_executor.py
[2024-11-29T02:14:46.666+0000] {processor.py:766} INFO - DAG(s) dict_keys(['example_kubernetes_executor']) retrieved from /home/airflow/.local/lib/python3.7/site-packages/airflow/example_dags/example_kubernetes_executor.py
[2024-11-29T02:14:46.720+0000] {logging_mixin.py:120} INFO - [2024-11-29T02:14:46.720+0000] {dag.py:2585} INFO - Sync 1 DAGs
[2024-11-29T02:14:46.749+0000] {logging_mixin.py:120} INFO - [2024-11-29T02:14:46.749+0000] {dag.py:3340} INFO - Setting next_dagrun for example_kubernetes_executor to None, run_after=None
[2024-11-29T02:14:46.779+0000] {processor.py:176} INFO - Processing /home/airflow/.local/lib/python3.7/site-packages/airflow/example_dags/example_kubernetes_executor.py took 0.156 seconds
[2024-11-29T02:15:17.199+0000] {processor.py:154} INFO - Started process (PID=744) to work on /home/airflow/.local/lib/python3.7/site-packages/airflow/example_dags/example_kubernetes_executor.py
[2024-11-29T02:15:17.200+0000] {processor.py:756} INFO - Processing file /home/airflow/.local/lib/python3.7/site-packages/airflow/example_dags/example_kubernetes_executor.py for tasks to queue
[2024-11-29T02:15:17.201+0000] {logging_mixin.py:120} INFO - [2024-11-29T02:15:17.201+0000] {dagbag.py:537} INFO - Filling up the DagBag from /home/airflow/.local/lib/python3.7/site-packages/airflow/example_dags/example_kubernetes_executor.py
[2024-11-29T02:15:17.244+0000] {processor.py:766} INFO - DAG(s) dict_keys(['example_kubernetes_executor']) retrieved from /home/airflow/.local/lib/python3.7/site-packages/airflow/example_dags/example_kubernetes_executor.py
[2024-11-29T02:15:17.298+0000] {logging_mixin.py:120} INFO - [2024-11-29T02:15:17.298+0000] {dag.py:2585} INFO - Sync 1 DAGs
[2024-11-29T02:15:17.332+0000] {logging_mixin.py:120} INFO - [2024-11-29T02:15:17.332+0000] {dag.py:3340} INFO - Setting next_dagrun for example_kubernetes_executor to None, run_after=None
[2024-11-29T02:15:17.382+0000] {processor.py:176} INFO - Processing /home/airflow/.local/lib/python3.7/site-packages/airflow/example_dags/example_kubernetes_executor.py took 0.187 seconds
