[2024-11-29T02:08:54.987+0000] {processor.py:154} INFO - Started process (PID=86) to work on /home/airflow/.local/lib/python3.7/site-packages/airflow/example_dags/tutorial_taskflow_api.py
[2024-11-29T02:08:54.993+0000] {processor.py:756} INFO - Processing file /home/airflow/.local/lib/python3.7/site-packages/airflow/example_dags/tutorial_taskflow_api.py for tasks to queue
[2024-11-29T02:08:54.995+0000] {logging_mixin.py:120} INFO - [2024-11-29T02:08:54.995+0000] {dagbag.py:537} INFO - Filling up the DagBag from /home/airflow/.local/lib/python3.7/site-packages/airflow/example_dags/tutorial_taskflow_api.py
[2024-11-29T02:08:55.061+0000] {processor.py:766} INFO - DAG(s) dict_keys(['tutorial_taskflow_api']) retrieved from /home/airflow/.local/lib/python3.7/site-packages/airflow/example_dags/tutorial_taskflow_api.py
[2024-11-29T02:08:55.191+0000] {logging_mixin.py:120} INFO - [2024-11-29T02:08:55.191+0000] {dag.py:2585} INFO - Sync 1 DAGs
[2024-11-29T02:08:55.309+0000] {logging_mixin.py:120} INFO - [2024-11-29T02:08:55.309+0000] {dag.py:3340} INFO - Setting next_dagrun for tutorial_taskflow_api to None, run_after=None
[2024-11-29T02:08:55.350+0000] {processor.py:176} INFO - Processing /home/airflow/.local/lib/python3.7/site-packages/airflow/example_dags/tutorial_taskflow_api.py took 0.372 seconds
[2024-11-29T02:09:41.426+0000] {processor.py:154} INFO - Started process (PID=78) to work on /home/airflow/.local/lib/python3.7/site-packages/airflow/example_dags/tutorial_taskflow_api.py
[2024-11-29T02:09:41.434+0000] {processor.py:756} INFO - Processing file /home/airflow/.local/lib/python3.7/site-packages/airflow/example_dags/tutorial_taskflow_api.py for tasks to queue
[2024-11-29T02:09:41.436+0000] {logging_mixin.py:120} INFO - [2024-11-29T02:09:41.436+0000] {dagbag.py:537} INFO - Filling up the DagBag from /home/airflow/.local/lib/python3.7/site-packages/airflow/example_dags/tutorial_taskflow_api.py
[2024-11-29T02:09:41.497+0000] {processor.py:766} INFO - DAG(s) dict_keys(['tutorial_taskflow_api']) retrieved from /home/airflow/.local/lib/python3.7/site-packages/airflow/example_dags/tutorial_taskflow_api.py
[2024-11-29T02:09:41.608+0000] {logging_mixin.py:120} INFO - [2024-11-29T02:09:41.608+0000] {dag.py:2585} INFO - Sync 1 DAGs
[2024-11-29T02:09:41.670+0000] {logging_mixin.py:120} INFO - [2024-11-29T02:09:41.670+0000] {dag.py:3340} INFO - Setting next_dagrun for tutorial_taskflow_api to None, run_after=None
[2024-11-29T02:09:41.725+0000] {processor.py:176} INFO - Processing /home/airflow/.local/lib/python3.7/site-packages/airflow/example_dags/tutorial_taskflow_api.py took 0.308 seconds
[2024-11-29T02:10:12.299+0000] {processor.py:154} INFO - Started process (PID=133) to work on /home/airflow/.local/lib/python3.7/site-packages/airflow/example_dags/tutorial_taskflow_api.py
[2024-11-29T02:10:12.300+0000] {processor.py:756} INFO - Processing file /home/airflow/.local/lib/python3.7/site-packages/airflow/example_dags/tutorial_taskflow_api.py for tasks to queue
[2024-11-29T02:10:12.301+0000] {logging_mixin.py:120} INFO - [2024-11-29T02:10:12.301+0000] {dagbag.py:537} INFO - Filling up the DagBag from /home/airflow/.local/lib/python3.7/site-packages/airflow/example_dags/tutorial_taskflow_api.py
[2024-11-29T02:10:12.328+0000] {processor.py:766} INFO - DAG(s) dict_keys(['tutorial_taskflow_api']) retrieved from /home/airflow/.local/lib/python3.7/site-packages/airflow/example_dags/tutorial_taskflow_api.py
[2024-11-29T02:10:12.393+0000] {logging_mixin.py:120} INFO - [2024-11-29T02:10:12.393+0000] {dag.py:2585} INFO - Sync 1 DAGs
[2024-11-29T02:10:12.427+0000] {logging_mixin.py:120} INFO - [2024-11-29T02:10:12.427+0000] {dag.py:3340} INFO - Setting next_dagrun for tutorial_taskflow_api to None, run_after=None
[2024-11-29T02:10:12.459+0000] {processor.py:176} INFO - Processing /home/airflow/.local/lib/python3.7/site-packages/airflow/example_dags/tutorial_taskflow_api.py took 0.164 seconds
[2024-11-29T02:10:43.250+0000] {processor.py:154} INFO - Started process (PID=198) to work on /home/airflow/.local/lib/python3.7/site-packages/airflow/example_dags/tutorial_taskflow_api.py
[2024-11-29T02:10:43.252+0000] {processor.py:756} INFO - Processing file /home/airflow/.local/lib/python3.7/site-packages/airflow/example_dags/tutorial_taskflow_api.py for tasks to queue
[2024-11-29T02:10:43.254+0000] {logging_mixin.py:120} INFO - [2024-11-29T02:10:43.253+0000] {dagbag.py:537} INFO - Filling up the DagBag from /home/airflow/.local/lib/python3.7/site-packages/airflow/example_dags/tutorial_taskflow_api.py
[2024-11-29T02:10:43.291+0000] {processor.py:766} INFO - DAG(s) dict_keys(['tutorial_taskflow_api']) retrieved from /home/airflow/.local/lib/python3.7/site-packages/airflow/example_dags/tutorial_taskflow_api.py
[2024-11-29T02:10:43.362+0000] {logging_mixin.py:120} INFO - [2024-11-29T02:10:43.361+0000] {dag.py:2585} INFO - Sync 1 DAGs
[2024-11-29T02:10:43.425+0000] {logging_mixin.py:120} INFO - [2024-11-29T02:10:43.425+0000] {dag.py:3340} INFO - Setting next_dagrun for tutorial_taskflow_api to None, run_after=None
[2024-11-29T02:10:43.467+0000] {processor.py:176} INFO - Processing /home/airflow/.local/lib/python3.7/site-packages/airflow/example_dags/tutorial_taskflow_api.py took 0.222 seconds
[2024-11-29T02:11:13.851+0000] {processor.py:154} INFO - Started process (PID=262) to work on /home/airflow/.local/lib/python3.7/site-packages/airflow/example_dags/tutorial_taskflow_api.py
[2024-11-29T02:11:13.852+0000] {processor.py:756} INFO - Processing file /home/airflow/.local/lib/python3.7/site-packages/airflow/example_dags/tutorial_taskflow_api.py for tasks to queue
[2024-11-29T02:11:13.854+0000] {logging_mixin.py:120} INFO - [2024-11-29T02:11:13.853+0000] {dagbag.py:537} INFO - Filling up the DagBag from /home/airflow/.local/lib/python3.7/site-packages/airflow/example_dags/tutorial_taskflow_api.py
[2024-11-29T02:11:13.882+0000] {processor.py:766} INFO - DAG(s) dict_keys(['tutorial_taskflow_api']) retrieved from /home/airflow/.local/lib/python3.7/site-packages/airflow/example_dags/tutorial_taskflow_api.py
[2024-11-29T02:11:13.935+0000] {logging_mixin.py:120} INFO - [2024-11-29T02:11:13.935+0000] {dag.py:2585} INFO - Sync 1 DAGs
[2024-11-29T02:11:13.972+0000] {logging_mixin.py:120} INFO - [2024-11-29T02:11:13.971+0000] {dag.py:3340} INFO - Setting next_dagrun for tutorial_taskflow_api to None, run_after=None
[2024-11-29T02:11:14.003+0000] {processor.py:176} INFO - Processing /home/airflow/.local/lib/python3.7/site-packages/airflow/example_dags/tutorial_taskflow_api.py took 0.157 seconds
[2024-11-29T02:11:44.468+0000] {processor.py:154} INFO - Started process (PID=317) to work on /home/airflow/.local/lib/python3.7/site-packages/airflow/example_dags/tutorial_taskflow_api.py
[2024-11-29T02:11:44.469+0000] {processor.py:756} INFO - Processing file /home/airflow/.local/lib/python3.7/site-packages/airflow/example_dags/tutorial_taskflow_api.py for tasks to queue
[2024-11-29T02:11:44.470+0000] {logging_mixin.py:120} INFO - [2024-11-29T02:11:44.470+0000] {dagbag.py:537} INFO - Filling up the DagBag from /home/airflow/.local/lib/python3.7/site-packages/airflow/example_dags/tutorial_taskflow_api.py
[2024-11-29T02:11:44.492+0000] {processor.py:766} INFO - DAG(s) dict_keys(['tutorial_taskflow_api']) retrieved from /home/airflow/.local/lib/python3.7/site-packages/airflow/example_dags/tutorial_taskflow_api.py
[2024-11-29T02:11:44.546+0000] {logging_mixin.py:120} INFO - [2024-11-29T02:11:44.546+0000] {dag.py:2585} INFO - Sync 1 DAGs
[2024-11-29T02:11:44.583+0000] {logging_mixin.py:120} INFO - [2024-11-29T02:11:44.583+0000] {dag.py:3340} INFO - Setting next_dagrun for tutorial_taskflow_api to None, run_after=None
[2024-11-29T02:11:44.616+0000] {processor.py:176} INFO - Processing /home/airflow/.local/lib/python3.7/site-packages/airflow/example_dags/tutorial_taskflow_api.py took 0.152 seconds
[2024-11-29T02:12:14.997+0000] {processor.py:154} INFO - Started process (PID=381) to work on /home/airflow/.local/lib/python3.7/site-packages/airflow/example_dags/tutorial_taskflow_api.py
[2024-11-29T02:12:14.998+0000] {processor.py:756} INFO - Processing file /home/airflow/.local/lib/python3.7/site-packages/airflow/example_dags/tutorial_taskflow_api.py for tasks to queue
[2024-11-29T02:12:14.999+0000] {logging_mixin.py:120} INFO - [2024-11-29T02:12:14.999+0000] {dagbag.py:537} INFO - Filling up the DagBag from /home/airflow/.local/lib/python3.7/site-packages/airflow/example_dags/tutorial_taskflow_api.py
[2024-11-29T02:12:15.024+0000] {processor.py:766} INFO - DAG(s) dict_keys(['tutorial_taskflow_api']) retrieved from /home/airflow/.local/lib/python3.7/site-packages/airflow/example_dags/tutorial_taskflow_api.py
[2024-11-29T02:12:15.077+0000] {logging_mixin.py:120} INFO - [2024-11-29T02:12:15.077+0000] {dag.py:2585} INFO - Sync 1 DAGs
[2024-11-29T02:12:15.110+0000] {logging_mixin.py:120} INFO - [2024-11-29T02:12:15.110+0000] {dag.py:3340} INFO - Setting next_dagrun for tutorial_taskflow_api to None, run_after=None
[2024-11-29T02:12:15.138+0000] {processor.py:176} INFO - Processing /home/airflow/.local/lib/python3.7/site-packages/airflow/example_dags/tutorial_taskflow_api.py took 0.147 seconds
[2024-11-29T02:12:45.520+0000] {processor.py:154} INFO - Started process (PID=436) to work on /home/airflow/.local/lib/python3.7/site-packages/airflow/example_dags/tutorial_taskflow_api.py
[2024-11-29T02:12:45.522+0000] {processor.py:756} INFO - Processing file /home/airflow/.local/lib/python3.7/site-packages/airflow/example_dags/tutorial_taskflow_api.py for tasks to queue
[2024-11-29T02:12:45.523+0000] {logging_mixin.py:120} INFO - [2024-11-29T02:12:45.523+0000] {dagbag.py:537} INFO - Filling up the DagBag from /home/airflow/.local/lib/python3.7/site-packages/airflow/example_dags/tutorial_taskflow_api.py
[2024-11-29T02:12:45.557+0000] {processor.py:766} INFO - DAG(s) dict_keys(['tutorial_taskflow_api']) retrieved from /home/airflow/.local/lib/python3.7/site-packages/airflow/example_dags/tutorial_taskflow_api.py
[2024-11-29T02:12:45.621+0000] {logging_mixin.py:120} INFO - [2024-11-29T02:12:45.621+0000] {dag.py:2585} INFO - Sync 1 DAGs
[2024-11-29T02:12:45.656+0000] {logging_mixin.py:120} INFO - [2024-11-29T02:12:45.656+0000] {dag.py:3340} INFO - Setting next_dagrun for tutorial_taskflow_api to None, run_after=None
[2024-11-29T02:12:45.695+0000] {processor.py:176} INFO - Processing /home/airflow/.local/lib/python3.7/site-packages/airflow/example_dags/tutorial_taskflow_api.py took 0.179 seconds
[2024-11-29T02:13:15.991+0000] {processor.py:154} INFO - Started process (PID=500) to work on /home/airflow/.local/lib/python3.7/site-packages/airflow/example_dags/tutorial_taskflow_api.py
[2024-11-29T02:13:15.993+0000] {processor.py:756} INFO - Processing file /home/airflow/.local/lib/python3.7/site-packages/airflow/example_dags/tutorial_taskflow_api.py for tasks to queue
[2024-11-29T02:13:15.994+0000] {logging_mixin.py:120} INFO - [2024-11-29T02:13:15.994+0000] {dagbag.py:537} INFO - Filling up the DagBag from /home/airflow/.local/lib/python3.7/site-packages/airflow/example_dags/tutorial_taskflow_api.py
[2024-11-29T02:13:16.023+0000] {processor.py:766} INFO - DAG(s) dict_keys(['tutorial_taskflow_api']) retrieved from /home/airflow/.local/lib/python3.7/site-packages/airflow/example_dags/tutorial_taskflow_api.py
[2024-11-29T02:13:16.071+0000] {logging_mixin.py:120} INFO - [2024-11-29T02:13:16.070+0000] {dag.py:2585} INFO - Sync 1 DAGs
[2024-11-29T02:13:16.097+0000] {logging_mixin.py:120} INFO - [2024-11-29T02:13:16.097+0000] {dag.py:3340} INFO - Setting next_dagrun for tutorial_taskflow_api to None, run_after=None
[2024-11-29T02:13:16.126+0000] {processor.py:176} INFO - Processing /home/airflow/.local/lib/python3.7/site-packages/airflow/example_dags/tutorial_taskflow_api.py took 0.138 seconds
[2024-11-29T02:13:47.084+0000] {processor.py:154} INFO - Started process (PID=564) to work on /home/airflow/.local/lib/python3.7/site-packages/airflow/example_dags/tutorial_taskflow_api.py
[2024-11-29T02:13:47.085+0000] {processor.py:756} INFO - Processing file /home/airflow/.local/lib/python3.7/site-packages/airflow/example_dags/tutorial_taskflow_api.py for tasks to queue
[2024-11-29T02:13:47.086+0000] {logging_mixin.py:120} INFO - [2024-11-29T02:13:47.086+0000] {dagbag.py:537} INFO - Filling up the DagBag from /home/airflow/.local/lib/python3.7/site-packages/airflow/example_dags/tutorial_taskflow_api.py
[2024-11-29T02:13:47.114+0000] {processor.py:766} INFO - DAG(s) dict_keys(['tutorial_taskflow_api']) retrieved from /home/airflow/.local/lib/python3.7/site-packages/airflow/example_dags/tutorial_taskflow_api.py
[2024-11-29T02:13:47.160+0000] {logging_mixin.py:120} INFO - [2024-11-29T02:13:47.159+0000] {dag.py:2585} INFO - Sync 1 DAGs
[2024-11-29T02:13:47.191+0000] {logging_mixin.py:120} INFO - [2024-11-29T02:13:47.190+0000] {dag.py:3340} INFO - Setting next_dagrun for tutorial_taskflow_api to None, run_after=None
[2024-11-29T02:13:47.214+0000] {processor.py:176} INFO - Processing /home/airflow/.local/lib/python3.7/site-packages/airflow/example_dags/tutorial_taskflow_api.py took 0.134 seconds
[2024-11-29T02:14:17.802+0000] {processor.py:154} INFO - Started process (PID=628) to work on /home/airflow/.local/lib/python3.7/site-packages/airflow/example_dags/tutorial_taskflow_api.py
[2024-11-29T02:14:17.804+0000] {processor.py:756} INFO - Processing file /home/airflow/.local/lib/python3.7/site-packages/airflow/example_dags/tutorial_taskflow_api.py for tasks to queue
[2024-11-29T02:14:17.806+0000] {logging_mixin.py:120} INFO - [2024-11-29T02:14:17.805+0000] {dagbag.py:537} INFO - Filling up the DagBag from /home/airflow/.local/lib/python3.7/site-packages/airflow/example_dags/tutorial_taskflow_api.py
[2024-11-29T02:14:17.833+0000] {processor.py:766} INFO - DAG(s) dict_keys(['tutorial_taskflow_api']) retrieved from /home/airflow/.local/lib/python3.7/site-packages/airflow/example_dags/tutorial_taskflow_api.py
[2024-11-29T02:14:17.881+0000] {logging_mixin.py:120} INFO - [2024-11-29T02:14:17.881+0000] {dag.py:2585} INFO - Sync 1 DAGs
[2024-11-29T02:14:17.914+0000] {logging_mixin.py:120} INFO - [2024-11-29T02:14:17.913+0000] {dag.py:3340} INFO - Setting next_dagrun for tutorial_taskflow_api to None, run_after=None
[2024-11-29T02:14:17.941+0000] {processor.py:176} INFO - Processing /home/airflow/.local/lib/python3.7/site-packages/airflow/example_dags/tutorial_taskflow_api.py took 0.144 seconds
[2024-11-29T02:14:48.356+0000] {processor.py:154} INFO - Started process (PID=686) to work on /home/airflow/.local/lib/python3.7/site-packages/airflow/example_dags/tutorial_taskflow_api.py
[2024-11-29T02:14:48.358+0000] {processor.py:756} INFO - Processing file /home/airflow/.local/lib/python3.7/site-packages/airflow/example_dags/tutorial_taskflow_api.py for tasks to queue
[2024-11-29T02:14:48.359+0000] {logging_mixin.py:120} INFO - [2024-11-29T02:14:48.359+0000] {dagbag.py:537} INFO - Filling up the DagBag from /home/airflow/.local/lib/python3.7/site-packages/airflow/example_dags/tutorial_taskflow_api.py
[2024-11-29T02:14:48.387+0000] {processor.py:766} INFO - DAG(s) dict_keys(['tutorial_taskflow_api']) retrieved from /home/airflow/.local/lib/python3.7/site-packages/airflow/example_dags/tutorial_taskflow_api.py
[2024-11-29T02:14:48.437+0000] {logging_mixin.py:120} INFO - [2024-11-29T02:14:48.437+0000] {dag.py:2585} INFO - Sync 1 DAGs
[2024-11-29T02:14:48.464+0000] {logging_mixin.py:120} INFO - [2024-11-29T02:14:48.464+0000] {dag.py:3340} INFO - Setting next_dagrun for tutorial_taskflow_api to None, run_after=None
[2024-11-29T02:14:48.490+0000] {processor.py:176} INFO - Processing /home/airflow/.local/lib/python3.7/site-packages/airflow/example_dags/tutorial_taskflow_api.py took 0.139 seconds
[2024-11-29T02:15:19.020+0000] {processor.py:154} INFO - Started process (PID=750) to work on /home/airflow/.local/lib/python3.7/site-packages/airflow/example_dags/tutorial_taskflow_api.py
[2024-11-29T02:15:19.023+0000] {processor.py:756} INFO - Processing file /home/airflow/.local/lib/python3.7/site-packages/airflow/example_dags/tutorial_taskflow_api.py for tasks to queue
[2024-11-29T02:15:19.024+0000] {logging_mixin.py:120} INFO - [2024-11-29T02:15:19.024+0000] {dagbag.py:537} INFO - Filling up the DagBag from /home/airflow/.local/lib/python3.7/site-packages/airflow/example_dags/tutorial_taskflow_api.py
[2024-11-29T02:15:19.072+0000] {processor.py:766} INFO - DAG(s) dict_keys(['tutorial_taskflow_api']) retrieved from /home/airflow/.local/lib/python3.7/site-packages/airflow/example_dags/tutorial_taskflow_api.py
[2024-11-29T02:15:19.139+0000] {logging_mixin.py:120} INFO - [2024-11-29T02:15:19.139+0000] {dag.py:2585} INFO - Sync 1 DAGs
[2024-11-29T02:15:19.179+0000] {logging_mixin.py:120} INFO - [2024-11-29T02:15:19.178+0000] {dag.py:3340} INFO - Setting next_dagrun for tutorial_taskflow_api to None, run_after=None
[2024-11-29T02:15:19.212+0000] {processor.py:176} INFO - Processing /home/airflow/.local/lib/python3.7/site-packages/airflow/example_dags/tutorial_taskflow_api.py took 0.196 seconds
