[2024-11-29T02:08:46.411+0000] {processor.py:154} INFO - Started process (PID=49) to work on /home/airflow/.local/lib/python3.7/site-packages/airflow/example_dags/tutorial_dag.py
[2024-11-29T02:08:46.413+0000] {processor.py:756} INFO - Processing file /home/airflow/.local/lib/python3.7/site-packages/airflow/example_dags/tutorial_dag.py for tasks to queue
[2024-11-29T02:08:46.414+0000] {logging_mixin.py:120} INFO - [2024-11-29T02:08:46.414+0000] {dagbag.py:537} INFO - Filling up the DagBag from /home/airflow/.local/lib/python3.7/site-packages/airflow/example_dags/tutorial_dag.py
[2024-11-29T02:08:46.445+0000] {processor.py:766} INFO - DAG(s) dict_keys(['tutorial_dag']) retrieved from /home/airflow/.local/lib/python3.7/site-packages/airflow/example_dags/tutorial_dag.py
[2024-11-29T02:08:46.515+0000] {logging_mixin.py:120} INFO - [2024-11-29T02:08:46.514+0000] {dag.py:2585} INFO - Sync 1 DAGs
[2024-11-29T02:08:46.591+0000] {logging_mixin.py:120} INFO - [2024-11-29T02:08:46.590+0000] {dag.py:3340} INFO - Setting next_dagrun for tutorial_dag to None, run_after=None
[2024-11-29T02:08:46.697+0000] {processor.py:176} INFO - Processing /home/airflow/.local/lib/python3.7/site-packages/airflow/example_dags/tutorial_dag.py took 0.292 seconds
[2024-11-29T02:09:36.868+0000] {processor.py:154} INFO - Started process (PID=50) to work on /home/airflow/.local/lib/python3.7/site-packages/airflow/example_dags/tutorial_dag.py
[2024-11-29T02:09:36.870+0000] {processor.py:756} INFO - Processing file /home/airflow/.local/lib/python3.7/site-packages/airflow/example_dags/tutorial_dag.py for tasks to queue
[2024-11-29T02:09:36.871+0000] {logging_mixin.py:120} INFO - [2024-11-29T02:09:36.871+0000] {dagbag.py:537} INFO - Filling up the DagBag from /home/airflow/.local/lib/python3.7/site-packages/airflow/example_dags/tutorial_dag.py
[2024-11-29T02:09:36.892+0000] {processor.py:766} INFO - DAG(s) dict_keys(['tutorial_dag']) retrieved from /home/airflow/.local/lib/python3.7/site-packages/airflow/example_dags/tutorial_dag.py
[2024-11-29T02:09:36.958+0000] {logging_mixin.py:120} INFO - [2024-11-29T02:09:36.958+0000] {dag.py:2585} INFO - Sync 1 DAGs
[2024-11-29T02:09:37.008+0000] {logging_mixin.py:120} INFO - [2024-11-29T02:09:37.008+0000] {dag.py:3340} INFO - Setting next_dagrun for tutorial_dag to None, run_after=None
[2024-11-29T02:09:37.045+0000] {processor.py:176} INFO - Processing /home/airflow/.local/lib/python3.7/site-packages/airflow/example_dags/tutorial_dag.py took 0.182 seconds
[2024-11-29T02:10:07.987+0000] {processor.py:154} INFO - Started process (PID=105) to work on /home/airflow/.local/lib/python3.7/site-packages/airflow/example_dags/tutorial_dag.py
[2024-11-29T02:10:07.990+0000] {processor.py:756} INFO - Processing file /home/airflow/.local/lib/python3.7/site-packages/airflow/example_dags/tutorial_dag.py for tasks to queue
[2024-11-29T02:10:07.991+0000] {logging_mixin.py:120} INFO - [2024-11-29T02:10:07.991+0000] {dagbag.py:537} INFO - Filling up the DagBag from /home/airflow/.local/lib/python3.7/site-packages/airflow/example_dags/tutorial_dag.py
[2024-11-29T02:10:08.015+0000] {processor.py:766} INFO - DAG(s) dict_keys(['tutorial_dag']) retrieved from /home/airflow/.local/lib/python3.7/site-packages/airflow/example_dags/tutorial_dag.py
[2024-11-29T02:10:08.078+0000] {logging_mixin.py:120} INFO - [2024-11-29T02:10:08.078+0000] {dag.py:2585} INFO - Sync 1 DAGs
[2024-11-29T02:10:08.109+0000] {logging_mixin.py:120} INFO - [2024-11-29T02:10:08.109+0000] {dag.py:3340} INFO - Setting next_dagrun for tutorial_dag to None, run_after=None
[2024-11-29T02:10:08.136+0000] {processor.py:176} INFO - Processing /home/airflow/.local/lib/python3.7/site-packages/airflow/example_dags/tutorial_dag.py took 0.160 seconds
[2024-11-29T02:10:38.316+0000] {processor.py:154} INFO - Started process (PID=170) to work on /home/airflow/.local/lib/python3.7/site-packages/airflow/example_dags/tutorial_dag.py
[2024-11-29T02:10:38.317+0000] {processor.py:756} INFO - Processing file /home/airflow/.local/lib/python3.7/site-packages/airflow/example_dags/tutorial_dag.py for tasks to queue
[2024-11-29T02:10:38.330+0000] {logging_mixin.py:120} INFO - [2024-11-29T02:10:38.330+0000] {dagbag.py:537} INFO - Filling up the DagBag from /home/airflow/.local/lib/python3.7/site-packages/airflow/example_dags/tutorial_dag.py
[2024-11-29T02:10:38.393+0000] {processor.py:766} INFO - DAG(s) dict_keys(['tutorial_dag']) retrieved from /home/airflow/.local/lib/python3.7/site-packages/airflow/example_dags/tutorial_dag.py
[2024-11-29T02:10:38.542+0000] {logging_mixin.py:120} INFO - [2024-11-29T02:10:38.542+0000] {dag.py:2585} INFO - Sync 1 DAGs
[2024-11-29T02:10:38.591+0000] {logging_mixin.py:120} INFO - [2024-11-29T02:10:38.591+0000] {dag.py:3340} INFO - Setting next_dagrun for tutorial_dag to None, run_after=None
[2024-11-29T02:10:38.632+0000] {processor.py:176} INFO - Processing /home/airflow/.local/lib/python3.7/site-packages/airflow/example_dags/tutorial_dag.py took 0.322 seconds
[2024-11-29T02:11:09.311+0000] {processor.py:154} INFO - Started process (PID=225) to work on /home/airflow/.local/lib/python3.7/site-packages/airflow/example_dags/tutorial_dag.py
[2024-11-29T02:11:09.312+0000] {processor.py:756} INFO - Processing file /home/airflow/.local/lib/python3.7/site-packages/airflow/example_dags/tutorial_dag.py for tasks to queue
[2024-11-29T02:11:09.313+0000] {logging_mixin.py:120} INFO - [2024-11-29T02:11:09.313+0000] {dagbag.py:537} INFO - Filling up the DagBag from /home/airflow/.local/lib/python3.7/site-packages/airflow/example_dags/tutorial_dag.py
[2024-11-29T02:11:09.327+0000] {processor.py:766} INFO - DAG(s) dict_keys(['tutorial_dag']) retrieved from /home/airflow/.local/lib/python3.7/site-packages/airflow/example_dags/tutorial_dag.py
[2024-11-29T02:11:09.380+0000] {logging_mixin.py:120} INFO - [2024-11-29T02:11:09.380+0000] {dag.py:2585} INFO - Sync 1 DAGs
[2024-11-29T02:11:09.416+0000] {logging_mixin.py:120} INFO - [2024-11-29T02:11:09.416+0000] {dag.py:3340} INFO - Setting next_dagrun for tutorial_dag to None, run_after=None
[2024-11-29T02:11:09.455+0000] {processor.py:176} INFO - Processing /home/airflow/.local/lib/python3.7/site-packages/airflow/example_dags/tutorial_dag.py took 0.149 seconds
[2024-11-29T02:11:40.116+0000] {processor.py:154} INFO - Started process (PID=289) to work on /home/airflow/.local/lib/python3.7/site-packages/airflow/example_dags/tutorial_dag.py
[2024-11-29T02:11:40.117+0000] {processor.py:756} INFO - Processing file /home/airflow/.local/lib/python3.7/site-packages/airflow/example_dags/tutorial_dag.py for tasks to queue
[2024-11-29T02:11:40.118+0000] {logging_mixin.py:120} INFO - [2024-11-29T02:11:40.118+0000] {dagbag.py:537} INFO - Filling up the DagBag from /home/airflow/.local/lib/python3.7/site-packages/airflow/example_dags/tutorial_dag.py
[2024-11-29T02:11:40.134+0000] {processor.py:766} INFO - DAG(s) dict_keys(['tutorial_dag']) retrieved from /home/airflow/.local/lib/python3.7/site-packages/airflow/example_dags/tutorial_dag.py
[2024-11-29T02:11:40.193+0000] {logging_mixin.py:120} INFO - [2024-11-29T02:11:40.193+0000] {dag.py:2585} INFO - Sync 1 DAGs
[2024-11-29T02:11:40.225+0000] {logging_mixin.py:120} INFO - [2024-11-29T02:11:40.224+0000] {dag.py:3340} INFO - Setting next_dagrun for tutorial_dag to None, run_after=None
[2024-11-29T02:11:40.294+0000] {processor.py:176} INFO - Processing /home/airflow/.local/lib/python3.7/site-packages/airflow/example_dags/tutorial_dag.py took 0.181 seconds
[2024-11-29T02:12:10.582+0000] {processor.py:154} INFO - Started process (PID=351) to work on /home/airflow/.local/lib/python3.7/site-packages/airflow/example_dags/tutorial_dag.py
[2024-11-29T02:12:10.583+0000] {processor.py:756} INFO - Processing file /home/airflow/.local/lib/python3.7/site-packages/airflow/example_dags/tutorial_dag.py for tasks to queue
[2024-11-29T02:12:10.585+0000] {logging_mixin.py:120} INFO - [2024-11-29T02:12:10.585+0000] {dagbag.py:537} INFO - Filling up the DagBag from /home/airflow/.local/lib/python3.7/site-packages/airflow/example_dags/tutorial_dag.py
[2024-11-29T02:12:10.604+0000] {processor.py:766} INFO - DAG(s) dict_keys(['tutorial_dag']) retrieved from /home/airflow/.local/lib/python3.7/site-packages/airflow/example_dags/tutorial_dag.py
[2024-11-29T02:12:10.654+0000] {logging_mixin.py:120} INFO - [2024-11-29T02:12:10.654+0000] {dag.py:2585} INFO - Sync 1 DAGs
[2024-11-29T02:12:10.694+0000] {logging_mixin.py:120} INFO - [2024-11-29T02:12:10.694+0000] {dag.py:3340} INFO - Setting next_dagrun for tutorial_dag to None, run_after=None
[2024-11-29T02:12:10.724+0000] {processor.py:176} INFO - Processing /home/airflow/.local/lib/python3.7/site-packages/airflow/example_dags/tutorial_dag.py took 0.147 seconds
[2024-11-29T02:12:40.969+0000] {processor.py:154} INFO - Started process (PID=408) to work on /home/airflow/.local/lib/python3.7/site-packages/airflow/example_dags/tutorial_dag.py
[2024-11-29T02:12:40.970+0000] {processor.py:756} INFO - Processing file /home/airflow/.local/lib/python3.7/site-packages/airflow/example_dags/tutorial_dag.py for tasks to queue
[2024-11-29T02:12:40.972+0000] {logging_mixin.py:120} INFO - [2024-11-29T02:12:40.971+0000] {dagbag.py:537} INFO - Filling up the DagBag from /home/airflow/.local/lib/python3.7/site-packages/airflow/example_dags/tutorial_dag.py
[2024-11-29T02:12:40.986+0000] {processor.py:766} INFO - DAG(s) dict_keys(['tutorial_dag']) retrieved from /home/airflow/.local/lib/python3.7/site-packages/airflow/example_dags/tutorial_dag.py
[2024-11-29T02:12:41.035+0000] {logging_mixin.py:120} INFO - [2024-11-29T02:12:41.035+0000] {dag.py:2585} INFO - Sync 1 DAGs
[2024-11-29T02:12:41.061+0000] {logging_mixin.py:120} INFO - [2024-11-29T02:12:41.060+0000] {dag.py:3340} INFO - Setting next_dagrun for tutorial_dag to None, run_after=None
[2024-11-29T02:12:41.087+0000] {processor.py:176} INFO - Processing /home/airflow/.local/lib/python3.7/site-packages/airflow/example_dags/tutorial_dag.py took 0.122 seconds
[2024-11-29T02:13:11.446+0000] {processor.py:154} INFO - Started process (PID=472) to work on /home/airflow/.local/lib/python3.7/site-packages/airflow/example_dags/tutorial_dag.py
[2024-11-29T02:13:11.448+0000] {processor.py:756} INFO - Processing file /home/airflow/.local/lib/python3.7/site-packages/airflow/example_dags/tutorial_dag.py for tasks to queue
[2024-11-29T02:13:11.450+0000] {logging_mixin.py:120} INFO - [2024-11-29T02:13:11.450+0000] {dagbag.py:537} INFO - Filling up the DagBag from /home/airflow/.local/lib/python3.7/site-packages/airflow/example_dags/tutorial_dag.py
[2024-11-29T02:13:11.472+0000] {processor.py:766} INFO - DAG(s) dict_keys(['tutorial_dag']) retrieved from /home/airflow/.local/lib/python3.7/site-packages/airflow/example_dags/tutorial_dag.py
[2024-11-29T02:13:11.527+0000] {logging_mixin.py:120} INFO - [2024-11-29T02:13:11.527+0000] {dag.py:2585} INFO - Sync 1 DAGs
[2024-11-29T02:13:11.563+0000] {logging_mixin.py:120} INFO - [2024-11-29T02:13:11.562+0000] {dag.py:3340} INFO - Setting next_dagrun for tutorial_dag to None, run_after=None
[2024-11-29T02:13:11.612+0000] {processor.py:176} INFO - Processing /home/airflow/.local/lib/python3.7/site-packages/airflow/example_dags/tutorial_dag.py took 0.172 seconds
[2024-11-29T02:13:42.081+0000] {processor.py:154} INFO - Started process (PID=527) to work on /home/airflow/.local/lib/python3.7/site-packages/airflow/example_dags/tutorial_dag.py
[2024-11-29T02:13:42.083+0000] {processor.py:756} INFO - Processing file /home/airflow/.local/lib/python3.7/site-packages/airflow/example_dags/tutorial_dag.py for tasks to queue
[2024-11-29T02:13:42.084+0000] {logging_mixin.py:120} INFO - [2024-11-29T02:13:42.084+0000] {dagbag.py:537} INFO - Filling up the DagBag from /home/airflow/.local/lib/python3.7/site-packages/airflow/example_dags/tutorial_dag.py
[2024-11-29T02:13:42.101+0000] {processor.py:766} INFO - DAG(s) dict_keys(['tutorial_dag']) retrieved from /home/airflow/.local/lib/python3.7/site-packages/airflow/example_dags/tutorial_dag.py
[2024-11-29T02:13:42.149+0000] {logging_mixin.py:120} INFO - [2024-11-29T02:13:42.149+0000] {dag.py:2585} INFO - Sync 1 DAGs
[2024-11-29T02:13:42.178+0000] {logging_mixin.py:120} INFO - [2024-11-29T02:13:42.178+0000] {dag.py:3340} INFO - Setting next_dagrun for tutorial_dag to None, run_after=None
[2024-11-29T02:13:42.201+0000] {processor.py:176} INFO - Processing /home/airflow/.local/lib/python3.7/site-packages/airflow/example_dags/tutorial_dag.py took 0.124 seconds
[2024-11-29T02:14:12.906+0000] {processor.py:154} INFO - Started process (PID=593) to work on /home/airflow/.local/lib/python3.7/site-packages/airflow/example_dags/tutorial_dag.py
[2024-11-29T02:14:12.908+0000] {processor.py:756} INFO - Processing file /home/airflow/.local/lib/python3.7/site-packages/airflow/example_dags/tutorial_dag.py for tasks to queue
[2024-11-29T02:14:12.909+0000] {logging_mixin.py:120} INFO - [2024-11-29T02:14:12.909+0000] {dagbag.py:537} INFO - Filling up the DagBag from /home/airflow/.local/lib/python3.7/site-packages/airflow/example_dags/tutorial_dag.py
[2024-11-29T02:14:12.929+0000] {processor.py:766} INFO - DAG(s) dict_keys(['tutorial_dag']) retrieved from /home/airflow/.local/lib/python3.7/site-packages/airflow/example_dags/tutorial_dag.py
[2024-11-29T02:14:13.002+0000] {logging_mixin.py:120} INFO - [2024-11-29T02:14:13.002+0000] {dag.py:2585} INFO - Sync 1 DAGs
[2024-11-29T02:14:13.046+0000] {logging_mixin.py:120} INFO - [2024-11-29T02:14:13.046+0000] {dag.py:3340} INFO - Setting next_dagrun for tutorial_dag to None, run_after=None
[2024-11-29T02:14:13.109+0000] {processor.py:176} INFO - Processing /home/airflow/.local/lib/python3.7/site-packages/airflow/example_dags/tutorial_dag.py took 0.208 seconds
[2024-11-29T02:14:43.780+0000] {processor.py:154} INFO - Started process (PID=658) to work on /home/airflow/.local/lib/python3.7/site-packages/airflow/example_dags/tutorial_dag.py
[2024-11-29T02:14:43.782+0000] {processor.py:756} INFO - Processing file /home/airflow/.local/lib/python3.7/site-packages/airflow/example_dags/tutorial_dag.py for tasks to queue
[2024-11-29T02:14:43.782+0000] {logging_mixin.py:120} INFO - [2024-11-29T02:14:43.782+0000] {dagbag.py:537} INFO - Filling up the DagBag from /home/airflow/.local/lib/python3.7/site-packages/airflow/example_dags/tutorial_dag.py
[2024-11-29T02:14:43.796+0000] {processor.py:766} INFO - DAG(s) dict_keys(['tutorial_dag']) retrieved from /home/airflow/.local/lib/python3.7/site-packages/airflow/example_dags/tutorial_dag.py
[2024-11-29T02:14:43.842+0000] {logging_mixin.py:120} INFO - [2024-11-29T02:14:43.842+0000] {dag.py:2585} INFO - Sync 1 DAGs
[2024-11-29T02:14:43.868+0000] {logging_mixin.py:120} INFO - [2024-11-29T02:14:43.868+0000] {dag.py:3340} INFO - Setting next_dagrun for tutorial_dag to None, run_after=None
[2024-11-29T02:14:43.894+0000] {processor.py:176} INFO - Processing /home/airflow/.local/lib/python3.7/site-packages/airflow/example_dags/tutorial_dag.py took 0.117 seconds
[2024-11-29T02:15:14.409+0000] {processor.py:154} INFO - Started process (PID=713) to work on /home/airflow/.local/lib/python3.7/site-packages/airflow/example_dags/tutorial_dag.py
[2024-11-29T02:15:14.411+0000] {processor.py:756} INFO - Processing file /home/airflow/.local/lib/python3.7/site-packages/airflow/example_dags/tutorial_dag.py for tasks to queue
[2024-11-29T02:15:14.412+0000] {logging_mixin.py:120} INFO - [2024-11-29T02:15:14.412+0000] {dagbag.py:537} INFO - Filling up the DagBag from /home/airflow/.local/lib/python3.7/site-packages/airflow/example_dags/tutorial_dag.py
[2024-11-29T02:15:14.426+0000] {processor.py:766} INFO - DAG(s) dict_keys(['tutorial_dag']) retrieved from /home/airflow/.local/lib/python3.7/site-packages/airflow/example_dags/tutorial_dag.py
[2024-11-29T02:15:14.471+0000] {logging_mixin.py:120} INFO - [2024-11-29T02:15:14.471+0000] {dag.py:2585} INFO - Sync 1 DAGs
[2024-11-29T02:15:14.499+0000] {logging_mixin.py:120} INFO - [2024-11-29T02:15:14.499+0000] {dag.py:3340} INFO - Setting next_dagrun for tutorial_dag to None, run_after=None
[2024-11-29T02:15:14.526+0000] {processor.py:176} INFO - Processing /home/airflow/.local/lib/python3.7/site-packages/airflow/example_dags/tutorial_dag.py took 0.121 seconds
