[2024-11-26T19:20:34.876+0000] {taskinstance.py:1165} INFO - Dependencies all met for <TaskInstance: demo.airflow scheduled__2023-08-06T00:00:00+00:00 [queued]>
[2024-11-26T19:20:34.901+0000] {taskinstance.py:1165} INFO - Dependencies all met for <TaskInstance: demo.airflow scheduled__2023-08-06T00:00:00+00:00 [queued]>
[2024-11-26T19:20:34.902+0000] {taskinstance.py:1362} INFO - 
--------------------------------------------------------------------------------
[2024-11-26T19:20:34.902+0000] {taskinstance.py:1363} INFO - Starting attempt 1 of 1
[2024-11-26T19:20:34.903+0000] {taskinstance.py:1364} INFO - 
--------------------------------------------------------------------------------
[2024-11-26T19:20:34.934+0000] {taskinstance.py:1383} INFO - Executing <Task(_PythonDecoratedOperator): airflow> on 2023-08-06 00:00:00+00:00
[2024-11-26T19:20:34.951+0000] {standard_task_runner.py:55} INFO - Started process 2969 to run task
[2024-11-26T19:20:34.959+0000] {standard_task_runner.py:82} INFO - Running: ['***', 'tasks', 'run', 'demo', '***', 'scheduled__2023-08-06T00:00:00+00:00', '--job-id', '1215', '--raw', '--subdir', 'DAGS_FOLDER/demo.py', '--cfg-path', '/tmp/tmp7a3gm47b']
[2024-11-26T19:20:34.960+0000] {standard_task_runner.py:83} INFO - Job 1215: Subtask ***
[2024-11-26T19:20:35.057+0000] {task_command.py:376} INFO - Running <TaskInstance: demo.airflow scheduled__2023-08-06T00:00:00+00:00 [running]> on host ece2bbff80df
[2024-11-26T19:20:35.153+0000] {taskinstance.py:1592} INFO - Exporting the following env vars:
AIRFLOW_CTX_DAG_OWNER=***
AIRFLOW_CTX_DAG_ID=demo
AIRFLOW_CTX_TASK_ID=***
AIRFLOW_CTX_EXECUTION_DATE=2023-08-06T00:00:00+00:00
AIRFLOW_CTX_TRY_NUMBER=1
AIRFLOW_CTX_DAG_RUN_ID=scheduled__2023-08-06T00:00:00+00:00
[2024-11-26T19:20:35.154+0000] {logging_mixin.py:120} INFO - ***
[2024-11-26T19:20:35.155+0000] {python.py:177} INFO - Done. Returned value was: None
[2024-11-26T19:20:35.167+0000] {taskinstance.py:1406} INFO - Marking task as SUCCESS. dag_id=demo, task_id=***, execution_date=20230806T000000, start_date=20241126T192034, end_date=20241126T192035
[2024-11-26T19:20:35.213+0000] {local_task_job.py:164} INFO - Task exited with return code 0
[2024-11-26T19:20:35.255+0000] {local_task_job.py:273} INFO - 0 downstream tasks scheduled from follow-on schedule check
