[2024-11-26T19:27:19.245+0000] {taskinstance.py:1165} INFO - Dependencies all met for <TaskInstance: demo.hello scheduled__2024-09-15T00:00:00+00:00 [queued]>
[2024-11-26T19:27:19.261+0000] {taskinstance.py:1165} INFO - Dependencies all met for <TaskInstance: demo.hello scheduled__2024-09-15T00:00:00+00:00 [queued]>
[2024-11-26T19:27:19.261+0000] {taskinstance.py:1362} INFO - 
--------------------------------------------------------------------------------
[2024-11-26T19:27:19.262+0000] {taskinstance.py:1363} INFO - Starting attempt 1 of 1
[2024-11-26T19:27:19.276+0000] {taskinstance.py:1364} INFO - 
--------------------------------------------------------------------------------
[2024-11-26T19:27:19.387+0000] {taskinstance.py:1383} INFO - Executing <Task(BashOperator): hello> on 2024-09-15 00:00:00+00:00
[2024-11-26T19:27:19.397+0000] {standard_task_runner.py:55} INFO - Started process 5267 to run task
[2024-11-26T19:27:19.401+0000] {standard_task_runner.py:82} INFO - Running: ['***', 'tasks', 'run', 'demo', 'hello', 'scheduled__2024-09-15T00:00:00+00:00', '--job-id', '2024', '--raw', '--subdir', 'DAGS_FOLDER/demo.py', '--cfg-path', '/tmp/tmp2t9u02de']
[2024-11-26T19:27:19.410+0000] {standard_task_runner.py:83} INFO - Job 2024: Subtask hello
[2024-11-26T19:27:19.597+0000] {task_command.py:376} INFO - Running <TaskInstance: demo.hello scheduled__2024-09-15T00:00:00+00:00 [running]> on host ece2bbff80df
[2024-11-26T19:27:19.836+0000] {taskinstance.py:1592} INFO - Exporting the following env vars:
AIRFLOW_CTX_DAG_OWNER=***
AIRFLOW_CTX_DAG_ID=demo
AIRFLOW_CTX_TASK_ID=hello
AIRFLOW_CTX_EXECUTION_DATE=2024-09-15T00:00:00+00:00
AIRFLOW_CTX_TRY_NUMBER=1
AIRFLOW_CTX_DAG_RUN_ID=scheduled__2024-09-15T00:00:00+00:00
[2024-11-26T19:27:19.843+0000] {subprocess.py:63} INFO - Tmp dir root location: 
 /tmp
[2024-11-26T19:27:19.844+0000] {subprocess.py:75} INFO - Running command: ['/bin/bash', '-c', 'echo hello soundarya']
[2024-11-26T19:27:19.891+0000] {subprocess.py:86} INFO - Output:
[2024-11-26T19:27:19.894+0000] {subprocess.py:93} INFO - hello soundarya
[2024-11-26T19:27:19.895+0000] {subprocess.py:97} INFO - Command exited with return code 0
[2024-11-26T19:27:19.954+0000] {taskinstance.py:1406} INFO - Marking task as SUCCESS. dag_id=demo, task_id=hello, execution_date=20240915T000000, start_date=20241126T192719, end_date=20241126T192719
[2024-11-26T19:27:20.027+0000] {local_task_job.py:164} INFO - Task exited with return code 0
[2024-11-26T19:27:20.196+0000] {local_task_job.py:273} INFO - 0 downstream tasks scheduled from follow-on schedule check
