[2024-11-26T19:15:47.735+0000] {taskinstance.py:1165} INFO - Dependencies all met for <TaskInstance: demo.airflow scheduled__2022-10-27T00:00:00+00:00 [queued]>
[2024-11-26T19:15:47.801+0000] {taskinstance.py:1165} INFO - Dependencies all met for <TaskInstance: demo.airflow scheduled__2022-10-27T00:00:00+00:00 [queued]>
[2024-11-26T19:15:47.810+0000] {taskinstance.py:1362} INFO - 
--------------------------------------------------------------------------------
[2024-11-26T19:15:47.810+0000] {taskinstance.py:1363} INFO - Starting attempt 1 of 1
[2024-11-26T19:15:47.814+0000] {taskinstance.py:1364} INFO - 
--------------------------------------------------------------------------------
[2024-11-26T19:15:47.944+0000] {taskinstance.py:1383} INFO - Executing <Task(_PythonDecoratedOperator): airflow> on 2022-10-27 00:00:00+00:00
[2024-11-26T19:15:47.992+0000] {standard_task_runner.py:82} INFO - Running: ['***', 'tasks', 'run', 'demo', '***', 'scheduled__2022-10-27T00:00:00+00:00', '--job-id', '652', '--raw', '--subdir', 'DAGS_FOLDER/demo.py', '--cfg-path', '/tmp/tmp627ildd1']
[2024-11-26T19:15:48.018+0000] {standard_task_runner.py:83} INFO - Job 652: Subtask ***
[2024-11-26T19:15:47.969+0000] {standard_task_runner.py:55} INFO - Started process 1373 to run task
[2024-11-26T19:15:48.594+0000] {task_command.py:376} INFO - Running <TaskInstance: demo.airflow scheduled__2022-10-27T00:00:00+00:00 [running]> on host ece2bbff80df
[2024-11-26T19:15:48.954+0000] {taskinstance.py:1592} INFO - Exporting the following env vars:
AIRFLOW_CTX_DAG_OWNER=***
AIRFLOW_CTX_DAG_ID=demo
AIRFLOW_CTX_TASK_ID=***
AIRFLOW_CTX_EXECUTION_DATE=2022-10-27T00:00:00+00:00
AIRFLOW_CTX_TRY_NUMBER=1
AIRFLOW_CTX_DAG_RUN_ID=scheduled__2022-10-27T00:00:00+00:00
[2024-11-26T19:15:48.959+0000] {logging_mixin.py:120} INFO - ***
[2024-11-26T19:15:48.962+0000] {python.py:177} INFO - Done. Returned value was: None
[2024-11-26T19:15:49.033+0000] {taskinstance.py:1406} INFO - Marking task as SUCCESS. dag_id=demo, task_id=***, execution_date=20221027T000000, start_date=20241126T191547, end_date=20241126T191549
[2024-11-26T19:15:49.213+0000] {local_task_job.py:164} INFO - Task exited with return code 0
[2024-11-26T19:15:49.593+0000] {local_task_job.py:273} INFO - 0 downstream tasks scheduled from follow-on schedule check
