[2024-11-26T19:26:12.872+0000] {taskinstance.py:1165} INFO - Dependencies all met for <TaskInstance: demo.hello scheduled__2024-07-19T00:00:00+00:00 [queued]>
[2024-11-26T19:26:12.936+0000] {taskinstance.py:1165} INFO - Dependencies all met for <TaskInstance: demo.hello scheduled__2024-07-19T00:00:00+00:00 [queued]>
[2024-11-26T19:26:12.950+0000] {taskinstance.py:1362} INFO - 
--------------------------------------------------------------------------------
[2024-11-26T19:26:12.954+0000] {taskinstance.py:1363} INFO - Starting attempt 1 of 1
[2024-11-26T19:26:12.961+0000] {taskinstance.py:1364} INFO - 
--------------------------------------------------------------------------------
[2024-11-26T19:26:13.158+0000] {taskinstance.py:1383} INFO - Executing <Task(BashOperator): hello> on 2024-07-19 00:00:00+00:00
[2024-11-26T19:26:13.171+0000] {standard_task_runner.py:55} INFO - Started process 4928 to run task
[2024-11-26T19:26:13.196+0000] {standard_task_runner.py:82} INFO - Running: ['***', 'tasks', 'run', 'demo', 'hello', 'scheduled__2024-07-19T00:00:00+00:00', '--job-id', '1906', '--raw', '--subdir', 'DAGS_FOLDER/demo.py', '--cfg-path', '/tmp/tmptxxb_pkb']
[2024-11-26T19:26:13.197+0000] {standard_task_runner.py:83} INFO - Job 1906: Subtask hello
[2024-11-26T19:26:13.390+0000] {task_command.py:376} INFO - Running <TaskInstance: demo.hello scheduled__2024-07-19T00:00:00+00:00 [running]> on host ece2bbff80df
[2024-11-26T19:26:13.688+0000] {taskinstance.py:1592} INFO - Exporting the following env vars:
AIRFLOW_CTX_DAG_OWNER=***
AIRFLOW_CTX_DAG_ID=demo
AIRFLOW_CTX_TASK_ID=hello
AIRFLOW_CTX_EXECUTION_DATE=2024-07-19T00:00:00+00:00
AIRFLOW_CTX_TRY_NUMBER=1
AIRFLOW_CTX_DAG_RUN_ID=scheduled__2024-07-19T00:00:00+00:00
[2024-11-26T19:26:13.691+0000] {subprocess.py:63} INFO - Tmp dir root location: 
 /tmp
[2024-11-26T19:26:13.694+0000] {subprocess.py:75} INFO - Running command: ['/bin/bash', '-c', 'echo hello soundarya']
[2024-11-26T19:26:13.749+0000] {subprocess.py:86} INFO - Output:
[2024-11-26T19:26:13.755+0000] {subprocess.py:93} INFO - hello soundarya
[2024-11-26T19:26:13.756+0000] {subprocess.py:97} INFO - Command exited with return code 0
[2024-11-26T19:26:13.840+0000] {taskinstance.py:1406} INFO - Marking task as SUCCESS. dag_id=demo, task_id=hello, execution_date=20240719T000000, start_date=20241126T192612, end_date=20241126T192613
[2024-11-26T19:26:13.927+0000] {local_task_job.py:164} INFO - Task exited with return code 0
[2024-11-26T19:26:14.178+0000] {local_task_job.py:273} INFO - 0 downstream tasks scheduled from follow-on schedule check
