[2024-11-26T19:19:29.454+0000] {taskinstance.py:1165} INFO - Dependencies all met for <TaskInstance: demo.hello scheduled__2023-05-27T00:00:00+00:00 [queued]>
[2024-11-26T19:19:29.474+0000] {taskinstance.py:1165} INFO - Dependencies all met for <TaskInstance: demo.hello scheduled__2023-05-27T00:00:00+00:00 [queued]>
[2024-11-26T19:19:29.475+0000] {taskinstance.py:1362} INFO - 
--------------------------------------------------------------------------------
[2024-11-26T19:19:29.475+0000] {taskinstance.py:1363} INFO - Starting attempt 1 of 1
[2024-11-26T19:19:29.476+0000] {taskinstance.py:1364} INFO - 
--------------------------------------------------------------------------------
[2024-11-26T19:19:29.505+0000] {taskinstance.py:1383} INFO - Executing <Task(BashOperator): hello> on 2023-05-27 00:00:00+00:00
[2024-11-26T19:19:29.515+0000] {standard_task_runner.py:55} INFO - Started process 2564 to run task
[2024-11-26T19:19:29.519+0000] {standard_task_runner.py:82} INFO - Running: ['***', 'tasks', 'run', 'demo', 'hello', 'scheduled__2023-05-27T00:00:00+00:00', '--job-id', '1070', '--raw', '--subdir', 'DAGS_FOLDER/demo.py', '--cfg-path', '/tmp/tmpuimw3hi6']
[2024-11-26T19:19:29.520+0000] {standard_task_runner.py:83} INFO - Job 1070: Subtask hello
[2024-11-26T19:19:29.612+0000] {task_command.py:376} INFO - Running <TaskInstance: demo.hello scheduled__2023-05-27T00:00:00+00:00 [running]> on host ece2bbff80df
[2024-11-26T19:19:29.768+0000] {taskinstance.py:1592} INFO - Exporting the following env vars:
AIRFLOW_CTX_DAG_OWNER=***
AIRFLOW_CTX_DAG_ID=demo
AIRFLOW_CTX_TASK_ID=hello
AIRFLOW_CTX_EXECUTION_DATE=2023-05-27T00:00:00+00:00
AIRFLOW_CTX_TRY_NUMBER=1
AIRFLOW_CTX_DAG_RUN_ID=scheduled__2023-05-27T00:00:00+00:00
[2024-11-26T19:19:29.773+0000] {subprocess.py:63} INFO - Tmp dir root location: 
 /tmp
[2024-11-26T19:19:29.776+0000] {subprocess.py:75} INFO - Running command: ['/bin/bash', '-c', 'echo hello soundarya']
[2024-11-26T19:19:29.795+0000] {subprocess.py:86} INFO - Output:
[2024-11-26T19:19:29.799+0000] {subprocess.py:93} INFO - hello soundarya
[2024-11-26T19:19:29.800+0000] {subprocess.py:97} INFO - Command exited with return code 0
[2024-11-26T19:19:29.844+0000] {taskinstance.py:1406} INFO - Marking task as SUCCESS. dag_id=demo, task_id=hello, execution_date=20230527T000000, start_date=20241126T191929, end_date=20241126T191929
[2024-11-26T19:19:29.894+0000] {local_task_job.py:164} INFO - Task exited with return code 0
[2024-11-26T19:19:29.953+0000] {local_task_job.py:273} INFO - 1 downstream tasks scheduled from follow-on schedule check
