[2024-11-26T19:18:37.868+0000] {taskinstance.py:1165} INFO - Dependencies all met for <TaskInstance: demo.airflow scheduled__2023-03-31T00:00:00+00:00 [queued]>
[2024-11-26T19:18:37.904+0000] {taskinstance.py:1165} INFO - Dependencies all met for <TaskInstance: demo.airflow scheduled__2023-03-31T00:00:00+00:00 [queued]>
[2024-11-26T19:18:37.905+0000] {taskinstance.py:1362} INFO - 
--------------------------------------------------------------------------------
[2024-11-26T19:18:37.907+0000] {taskinstance.py:1363} INFO - Starting attempt 1 of 1
[2024-11-26T19:18:37.908+0000] {taskinstance.py:1364} INFO - 
--------------------------------------------------------------------------------
[2024-11-26T19:18:38.056+0000] {taskinstance.py:1383} INFO - Executing <Task(_PythonDecoratedOperator): airflow> on 2023-03-31 00:00:00+00:00
[2024-11-26T19:18:38.065+0000] {standard_task_runner.py:55} INFO - Started process 2262 to run task
[2024-11-26T19:18:38.074+0000] {standard_task_runner.py:82} INFO - Running: ['***', 'tasks', 'run', 'demo', '***', 'scheduled__2023-03-31T00:00:00+00:00', '--job-id', '963', '--raw', '--subdir', 'DAGS_FOLDER/demo.py', '--cfg-path', '/tmp/tmprb5o75lq']
[2024-11-26T19:18:38.076+0000] {standard_task_runner.py:83} INFO - Job 963: Subtask ***
[2024-11-26T19:18:38.261+0000] {task_command.py:376} INFO - Running <TaskInstance: demo.airflow scheduled__2023-03-31T00:00:00+00:00 [running]> on host ece2bbff80df
[2024-11-26T19:18:38.442+0000] {taskinstance.py:1592} INFO - Exporting the following env vars:
AIRFLOW_CTX_DAG_OWNER=***
AIRFLOW_CTX_DAG_ID=demo
AIRFLOW_CTX_TASK_ID=***
AIRFLOW_CTX_EXECUTION_DATE=2023-03-31T00:00:00+00:00
AIRFLOW_CTX_TRY_NUMBER=1
AIRFLOW_CTX_DAG_RUN_ID=scheduled__2023-03-31T00:00:00+00:00
[2024-11-26T19:18:38.450+0000] {logging_mixin.py:120} INFO - ***
[2024-11-26T19:18:38.471+0000] {python.py:177} INFO - Done. Returned value was: None
[2024-11-26T19:18:38.495+0000] {taskinstance.py:1406} INFO - Marking task as SUCCESS. dag_id=demo, task_id=***, execution_date=20230331T000000, start_date=20241126T191837, end_date=20241126T191838
[2024-11-26T19:18:38.574+0000] {local_task_job.py:164} INFO - Task exited with return code 0
[2024-11-26T19:18:38.613+0000] {local_task_job.py:273} INFO - 0 downstream tasks scheduled from follow-on schedule check
