[2024-11-26T19:27:27.500+0000] {taskinstance.py:1165} INFO - Dependencies all met for <TaskInstance: demo.hello scheduled__2024-09-27T00:00:00+00:00 [queued]>
[2024-11-26T19:27:27.532+0000] {taskinstance.py:1165} INFO - Dependencies all met for <TaskInstance: demo.hello scheduled__2024-09-27T00:00:00+00:00 [queued]>
[2024-11-26T19:27:27.536+0000] {taskinstance.py:1362} INFO - 
--------------------------------------------------------------------------------
[2024-11-26T19:27:27.539+0000] {taskinstance.py:1363} INFO - Starting attempt 1 of 1
[2024-11-26T19:27:27.541+0000] {taskinstance.py:1364} INFO - 
--------------------------------------------------------------------------------
[2024-11-26T19:27:27.663+0000] {taskinstance.py:1383} INFO - Executing <Task(BashOperator): hello> on 2024-09-27 00:00:00+00:00
[2024-11-26T19:27:27.677+0000] {standard_task_runner.py:55} INFO - Started process 5324 to run task
[2024-11-26T19:27:27.685+0000] {standard_task_runner.py:82} INFO - Running: ['***', 'tasks', 'run', 'demo', 'hello', 'scheduled__2024-09-27T00:00:00+00:00', '--job-id', '2047', '--raw', '--subdir', 'DAGS_FOLDER/demo.py', '--cfg-path', '/tmp/tmptfesqmmj']
[2024-11-26T19:27:27.688+0000] {standard_task_runner.py:83} INFO - Job 2047: Subtask hello
[2024-11-26T19:27:27.943+0000] {task_command.py:376} INFO - Running <TaskInstance: demo.hello scheduled__2024-09-27T00:00:00+00:00 [running]> on host ece2bbff80df
[2024-11-26T19:27:28.190+0000] {taskinstance.py:1592} INFO - Exporting the following env vars:
AIRFLOW_CTX_DAG_OWNER=***
AIRFLOW_CTX_DAG_ID=demo
AIRFLOW_CTX_TASK_ID=hello
AIRFLOW_CTX_EXECUTION_DATE=2024-09-27T00:00:00+00:00
AIRFLOW_CTX_TRY_NUMBER=1
AIRFLOW_CTX_DAG_RUN_ID=scheduled__2024-09-27T00:00:00+00:00
[2024-11-26T19:27:28.203+0000] {subprocess.py:63} INFO - Tmp dir root location: 
 /tmp
[2024-11-26T19:27:28.205+0000] {subprocess.py:75} INFO - Running command: ['/bin/bash', '-c', 'echo hello soundarya']
[2024-11-26T19:27:28.226+0000] {subprocess.py:86} INFO - Output:
[2024-11-26T19:27:28.229+0000] {subprocess.py:93} INFO - hello soundarya
[2024-11-26T19:27:28.231+0000] {subprocess.py:97} INFO - Command exited with return code 0
[2024-11-26T19:27:28.263+0000] {taskinstance.py:1406} INFO - Marking task as SUCCESS. dag_id=demo, task_id=hello, execution_date=20240927T000000, start_date=20241126T192727, end_date=20241126T192728
[2024-11-26T19:27:28.321+0000] {local_task_job.py:164} INFO - Task exited with return code 0
[2024-11-26T19:27:28.352+0000] {local_task_job.py:273} INFO - 1 downstream tasks scheduled from follow-on schedule check
