[2024-12-08T07:44:46.292+0000] {taskinstance.py:1165} INFO - Dependencies all met for <TaskInstance: dummy_dag.hello manual__2024-12-08T07:44:43.790807+00:00 [queued]>
[2024-12-08T07:44:46.322+0000] {taskinstance.py:1165} INFO - Dependencies all met for <TaskInstance: dummy_dag.hello manual__2024-12-08T07:44:43.790807+00:00 [queued]>
[2024-12-08T07:44:46.323+0000] {taskinstance.py:1362} INFO - 
--------------------------------------------------------------------------------
[2024-12-08T07:44:46.324+0000] {taskinstance.py:1363} INFO - Starting attempt 1 of 2
[2024-12-08T07:44:46.326+0000] {taskinstance.py:1364} INFO - 
--------------------------------------------------------------------------------
[2024-12-08T07:44:46.361+0000] {taskinstance.py:1383} INFO - Executing <Task(BashOperator): hello> on 2024-12-08 07:44:43.790807+00:00
[2024-12-08T07:44:46.381+0000] {standard_task_runner.py:55} INFO - Started process 148 to run task
[2024-12-08T07:44:46.387+0000] {standard_task_runner.py:82} INFO - Running: ['***', 'tasks', 'run', 'dummy_dag', 'hello', 'manual__2024-12-08T07:44:43.790807+00:00', '--job-id', '2287', '--raw', '--subdir', 'DAGS_FOLDER/demo.py', '--cfg-path', '/tmp/tmp3o1wui79']
[2024-12-08T07:44:46.388+0000] {standard_task_runner.py:83} INFO - Job 2287: Subtask hello
[2024-12-08T07:44:46.653+0000] {task_command.py:376} INFO - Running <TaskInstance: dummy_dag.hello manual__2024-12-08T07:44:43.790807+00:00 [running]> on host ece2bbff80df
[2024-12-08T07:44:46.783+0000] {taskinstance.py:1592} INFO - Exporting the following env vars:
AIRFLOW_CTX_DAG_OWNER=***
AIRFLOW_CTX_DAG_ID=dummy_dag
AIRFLOW_CTX_TASK_ID=hello
AIRFLOW_CTX_EXECUTION_DATE=2024-12-08T07:44:43.790807+00:00
AIRFLOW_CTX_TRY_NUMBER=1
AIRFLOW_CTX_DAG_RUN_ID=manual__2024-12-08T07:44:43.790807+00:00
[2024-12-08T07:44:46.785+0000] {subprocess.py:63} INFO - Tmp dir root location: 
 /tmp
[2024-12-08T07:44:46.787+0000] {subprocess.py:75} INFO - Running command: ['/bin/bash', '-c', 'echo hello soundarya']
[2024-12-08T07:44:46.801+0000] {subprocess.py:86} INFO - Output:
[2024-12-08T07:44:46.804+0000] {subprocess.py:93} INFO - hello soundarya
[2024-12-08T07:44:46.805+0000] {subprocess.py:97} INFO - Command exited with return code 0
[2024-12-08T07:44:46.842+0000] {taskinstance.py:1406} INFO - Marking task as SUCCESS. dag_id=dummy_dag, task_id=hello, execution_date=20241208T074443, start_date=20241208T074446, end_date=20241208T074446
[2024-12-08T07:44:46.899+0000] {local_task_job.py:164} INFO - Task exited with return code 0
[2024-12-08T07:44:46.943+0000] {local_task_job.py:273} INFO - 1 downstream tasks scheduled from follow-on schedule check
