[2024-11-26T19:21:45.758+0000] {taskinstance.py:1165} INFO - Dependencies all met for <TaskInstance: demo.airflow scheduled__2023-10-21T00:00:00+00:00 [queued]>
[2024-11-26T19:21:45.798+0000] {taskinstance.py:1165} INFO - Dependencies all met for <TaskInstance: demo.airflow scheduled__2023-10-21T00:00:00+00:00 [queued]>
[2024-11-26T19:21:45.803+0000] {taskinstance.py:1362} INFO - 
--------------------------------------------------------------------------------
[2024-11-26T19:21:45.804+0000] {taskinstance.py:1363} INFO - Starting attempt 1 of 1
[2024-11-26T19:21:45.805+0000] {taskinstance.py:1364} INFO - 
--------------------------------------------------------------------------------
[2024-11-26T19:21:45.864+0000] {taskinstance.py:1383} INFO - Executing <Task(_PythonDecoratedOperator): airflow> on 2023-10-21 00:00:00+00:00
[2024-11-26T19:21:45.876+0000] {standard_task_runner.py:55} INFO - Started process 3406 to run task
[2024-11-26T19:21:45.881+0000] {standard_task_runner.py:82} INFO - Running: ['***', 'tasks', 'run', 'demo', '***', 'scheduled__2023-10-21T00:00:00+00:00', '--job-id', '1368', '--raw', '--subdir', 'DAGS_FOLDER/demo.py', '--cfg-path', '/tmp/tmpx228oqmq']
[2024-11-26T19:21:45.883+0000] {standard_task_runner.py:83} INFO - Job 1368: Subtask ***
[2024-11-26T19:21:46.046+0000] {task_command.py:376} INFO - Running <TaskInstance: demo.airflow scheduled__2023-10-21T00:00:00+00:00 [running]> on host ece2bbff80df
[2024-11-26T19:21:46.216+0000] {taskinstance.py:1592} INFO - Exporting the following env vars:
AIRFLOW_CTX_DAG_OWNER=***
AIRFLOW_CTX_DAG_ID=demo
AIRFLOW_CTX_TASK_ID=***
AIRFLOW_CTX_EXECUTION_DATE=2023-10-21T00:00:00+00:00
AIRFLOW_CTX_TRY_NUMBER=1
AIRFLOW_CTX_DAG_RUN_ID=scheduled__2023-10-21T00:00:00+00:00
[2024-11-26T19:21:46.225+0000] {logging_mixin.py:120} INFO - ***
[2024-11-26T19:21:46.226+0000] {python.py:177} INFO - Done. Returned value was: None
[2024-11-26T19:21:46.248+0000] {taskinstance.py:1406} INFO - Marking task as SUCCESS. dag_id=demo, task_id=***, execution_date=20231021T000000, start_date=20241126T192145, end_date=20241126T192146
[2024-11-26T19:21:46.318+0000] {local_task_job.py:164} INFO - Task exited with return code 0
[2024-11-26T19:21:46.386+0000] {local_task_job.py:273} INFO - 0 downstream tasks scheduled from follow-on schedule check
