[2024-12-05T16:30:25.585+0000] {taskinstance.py:1165} INFO - Dependencies all met for <TaskInstance: demo.hello scheduled__2024-12-02T00:00:00+00:00 [queued]>
[2024-12-05T16:30:25.607+0000] {taskinstance.py:1165} INFO - Dependencies all met for <TaskInstance: demo.hello scheduled__2024-12-02T00:00:00+00:00 [queued]>
[2024-12-05T16:30:25.609+0000] {taskinstance.py:1362} INFO - 
--------------------------------------------------------------------------------
[2024-12-05T16:30:25.610+0000] {taskinstance.py:1363} INFO - Starting attempt 1 of 1
[2024-12-05T16:30:25.610+0000] {taskinstance.py:1364} INFO - 
--------------------------------------------------------------------------------
[2024-12-05T16:30:25.631+0000] {taskinstance.py:1383} INFO - Executing <Task(BashOperator): hello> on 2024-12-02 00:00:00+00:00
[2024-12-05T16:30:25.649+0000] {standard_task_runner.py:55} INFO - Started process 275 to run task
[2024-12-05T16:30:25.664+0000] {standard_task_runner.py:82} INFO - Running: ['***', 'tasks', 'run', 'demo', 'hello', 'scheduled__2024-12-02T00:00:00+00:00', '--job-id', '2243', '--raw', '--subdir', 'DAGS_FOLDER/demo.py', '--cfg-path', '/tmp/tmpirlnxwqi']
[2024-12-05T16:30:25.665+0000] {standard_task_runner.py:83} INFO - Job 2243: Subtask hello
[2024-12-05T16:30:25.795+0000] {task_command.py:376} INFO - Running <TaskInstance: demo.hello scheduled__2024-12-02T00:00:00+00:00 [running]> on host ece2bbff80df
[2024-12-05T16:30:26.366+0000] {taskinstance.py:1592} INFO - Exporting the following env vars:
AIRFLOW_CTX_DAG_OWNER=***
AIRFLOW_CTX_DAG_ID=demo
AIRFLOW_CTX_TASK_ID=hello
AIRFLOW_CTX_EXECUTION_DATE=2024-12-02T00:00:00+00:00
AIRFLOW_CTX_TRY_NUMBER=1
AIRFLOW_CTX_DAG_RUN_ID=scheduled__2024-12-02T00:00:00+00:00
[2024-12-05T16:30:26.384+0000] {subprocess.py:63} INFO - Tmp dir root location: 
 /tmp
[2024-12-05T16:30:26.387+0000] {subprocess.py:75} INFO - Running command: ['/bin/bash', '-c', 'echo hello soundarya']
[2024-12-05T16:30:26.437+0000] {subprocess.py:86} INFO - Output:
[2024-12-05T16:30:26.444+0000] {subprocess.py:93} INFO - hello soundarya
[2024-12-05T16:30:26.447+0000] {subprocess.py:97} INFO - Command exited with return code 0
[2024-12-05T16:30:26.548+0000] {taskinstance.py:1406} INFO - Marking task as SUCCESS. dag_id=demo, task_id=hello, execution_date=20241202T000000, start_date=20241205T163025, end_date=20241205T163026
[2024-12-05T16:30:26.714+0000] {local_task_job.py:164} INFO - Task exited with return code 0
[2024-12-05T16:30:26.839+0000] {local_task_job.py:273} INFO - 0 downstream tasks scheduled from follow-on schedule check
