[2024-11-26T19:27:12.233+0000] {taskinstance.py:1165} INFO - Dependencies all met for <TaskInstance: demo.hello scheduled__2024-09-11T00:00:00+00:00 [queued]>
[2024-11-26T19:27:12.283+0000] {taskinstance.py:1165} INFO - Dependencies all met for <TaskInstance: demo.hello scheduled__2024-09-11T00:00:00+00:00 [queued]>
[2024-11-26T19:27:12.286+0000] {taskinstance.py:1362} INFO - 
--------------------------------------------------------------------------------
[2024-11-26T19:27:12.287+0000] {taskinstance.py:1363} INFO - Starting attempt 1 of 1
[2024-11-26T19:27:12.288+0000] {taskinstance.py:1364} INFO - 
--------------------------------------------------------------------------------
[2024-11-26T19:27:12.376+0000] {taskinstance.py:1383} INFO - Executing <Task(BashOperator): hello> on 2024-09-11 00:00:00+00:00
[2024-11-26T19:27:12.388+0000] {standard_task_runner.py:55} INFO - Started process 5230 to run task
[2024-11-26T19:27:12.406+0000] {standard_task_runner.py:82} INFO - Running: ['***', 'tasks', 'run', 'demo', 'hello', 'scheduled__2024-09-11T00:00:00+00:00', '--job-id', '2012', '--raw', '--subdir', 'DAGS_FOLDER/demo.py', '--cfg-path', '/tmp/tmpbxiicnmn']
[2024-11-26T19:27:12.410+0000] {standard_task_runner.py:83} INFO - Job 2012: Subtask hello
[2024-11-26T19:27:12.687+0000] {task_command.py:376} INFO - Running <TaskInstance: demo.hello scheduled__2024-09-11T00:00:00+00:00 [running]> on host ece2bbff80df
[2024-11-26T19:27:12.919+0000] {taskinstance.py:1592} INFO - Exporting the following env vars:
AIRFLOW_CTX_DAG_OWNER=***
AIRFLOW_CTX_DAG_ID=demo
AIRFLOW_CTX_TASK_ID=hello
AIRFLOW_CTX_EXECUTION_DATE=2024-09-11T00:00:00+00:00
AIRFLOW_CTX_TRY_NUMBER=1
AIRFLOW_CTX_DAG_RUN_ID=scheduled__2024-09-11T00:00:00+00:00
[2024-11-26T19:27:12.922+0000] {subprocess.py:63} INFO - Tmp dir root location: 
 /tmp
[2024-11-26T19:27:12.924+0000] {subprocess.py:75} INFO - Running command: ['/bin/bash', '-c', 'echo hello soundarya']
[2024-11-26T19:27:12.949+0000] {subprocess.py:86} INFO - Output:
[2024-11-26T19:27:12.952+0000] {subprocess.py:93} INFO - hello soundarya
[2024-11-26T19:27:12.958+0000] {subprocess.py:97} INFO - Command exited with return code 0
[2024-11-26T19:27:13.017+0000] {taskinstance.py:1406} INFO - Marking task as SUCCESS. dag_id=demo, task_id=hello, execution_date=20240911T000000, start_date=20241126T192712, end_date=20241126T192713
[2024-11-26T19:27:13.141+0000] {local_task_job.py:164} INFO - Task exited with return code 0
[2024-11-26T19:27:13.220+0000] {local_task_job.py:273} INFO - 1 downstream tasks scheduled from follow-on schedule check
