[2024-11-26T19:16:58.701+0000] {taskinstance.py:1165} INFO - Dependencies all met for <TaskInstance: demo.hello scheduled__2022-12-24T00:00:00+00:00 [queued]>
[2024-11-26T19:16:58.777+0000] {taskinstance.py:1165} INFO - Dependencies all met for <TaskInstance: demo.hello scheduled__2022-12-24T00:00:00+00:00 [queued]>
[2024-11-26T19:16:58.778+0000] {taskinstance.py:1362} INFO - 
--------------------------------------------------------------------------------
[2024-11-26T19:16:58.778+0000] {taskinstance.py:1363} INFO - Starting attempt 1 of 1
[2024-11-26T19:16:58.792+0000] {taskinstance.py:1364} INFO - 
--------------------------------------------------------------------------------
[2024-11-26T19:16:58.870+0000] {taskinstance.py:1383} INFO - Executing <Task(BashOperator): hello> on 2022-12-24 00:00:00+00:00
[2024-11-26T19:16:58.896+0000] {standard_task_runner.py:55} INFO - Started process 1692 to run task
[2024-11-26T19:16:58.929+0000] {standard_task_runner.py:82} INFO - Running: ['***', 'tasks', 'run', 'demo', 'hello', 'scheduled__2022-12-24T00:00:00+00:00', '--job-id', '761', '--raw', '--subdir', 'DAGS_FOLDER/demo.py', '--cfg-path', '/tmp/tmpbw0yv3x1']
[2024-11-26T19:16:58.942+0000] {standard_task_runner.py:83} INFO - Job 761: Subtask hello
[2024-11-26T19:16:59.396+0000] {task_command.py:376} INFO - Running <TaskInstance: demo.hello scheduled__2022-12-24T00:00:00+00:00 [running]> on host ece2bbff80df
[2024-11-26T19:16:59.824+0000] {taskinstance.py:1592} INFO - Exporting the following env vars:
AIRFLOW_CTX_DAG_OWNER=***
AIRFLOW_CTX_DAG_ID=demo
AIRFLOW_CTX_TASK_ID=hello
AIRFLOW_CTX_EXECUTION_DATE=2022-12-24T00:00:00+00:00
AIRFLOW_CTX_TRY_NUMBER=1
AIRFLOW_CTX_DAG_RUN_ID=scheduled__2022-12-24T00:00:00+00:00
[2024-11-26T19:16:59.826+0000] {subprocess.py:63} INFO - Tmp dir root location: 
 /tmp
[2024-11-26T19:16:59.828+0000] {subprocess.py:75} INFO - Running command: ['/bin/bash', '-c', 'echo hello soundarya']
[2024-11-26T19:16:59.855+0000] {subprocess.py:86} INFO - Output:
[2024-11-26T19:16:59.859+0000] {subprocess.py:93} INFO - hello soundarya
[2024-11-26T19:16:59.860+0000] {subprocess.py:97} INFO - Command exited with return code 0
[2024-11-26T19:16:59.932+0000] {taskinstance.py:1406} INFO - Marking task as SUCCESS. dag_id=demo, task_id=hello, execution_date=20221224T000000, start_date=20241126T191658, end_date=20241126T191659
[2024-11-26T19:17:00.064+0000] {local_task_job.py:164} INFO - Task exited with return code 0
[2024-11-26T19:17:00.135+0000] {local_task_job.py:273} INFO - 1 downstream tasks scheduled from follow-on schedule check
