[2024-11-26T19:23:42.665+0000] {taskinstance.py:1165} INFO - Dependencies all met for <TaskInstance: demo.airflow scheduled__2024-02-10T00:00:00+00:00 [queued]>
[2024-11-26T19:23:42.715+0000] {taskinstance.py:1165} INFO - Dependencies all met for <TaskInstance: demo.airflow scheduled__2024-02-10T00:00:00+00:00 [queued]>
[2024-11-26T19:23:42.716+0000] {taskinstance.py:1362} INFO - 
--------------------------------------------------------------------------------
[2024-11-26T19:23:42.717+0000] {taskinstance.py:1363} INFO - Starting attempt 1 of 1
[2024-11-26T19:23:42.727+0000] {taskinstance.py:1364} INFO - 
--------------------------------------------------------------------------------
[2024-11-26T19:23:42.889+0000] {taskinstance.py:1383} INFO - Executing <Task(_PythonDecoratedOperator): airflow> on 2024-02-10 00:00:00+00:00
[2024-11-26T19:23:42.897+0000] {standard_task_runner.py:55} INFO - Started process 4045 to run task
[2024-11-26T19:23:42.902+0000] {standard_task_runner.py:82} INFO - Running: ['***', 'tasks', 'run', 'demo', '***', 'scheduled__2024-02-10T00:00:00+00:00', '--job-id', '1594', '--raw', '--subdir', 'DAGS_FOLDER/demo.py', '--cfg-path', '/tmp/tmpa66xh05m']
[2024-11-26T19:23:42.905+0000] {standard_task_runner.py:83} INFO - Job 1594: Subtask ***
[2024-11-26T19:23:43.069+0000] {task_command.py:376} INFO - Running <TaskInstance: demo.airflow scheduled__2024-02-10T00:00:00+00:00 [running]> on host ece2bbff80df
[2024-11-26T19:23:43.301+0000] {taskinstance.py:1592} INFO - Exporting the following env vars:
AIRFLOW_CTX_DAG_OWNER=***
AIRFLOW_CTX_DAG_ID=demo
AIRFLOW_CTX_TASK_ID=***
AIRFLOW_CTX_EXECUTION_DATE=2024-02-10T00:00:00+00:00
AIRFLOW_CTX_TRY_NUMBER=1
AIRFLOW_CTX_DAG_RUN_ID=scheduled__2024-02-10T00:00:00+00:00
[2024-11-26T19:23:43.308+0000] {logging_mixin.py:120} INFO - ***
[2024-11-26T19:23:43.310+0000] {python.py:177} INFO - Done. Returned value was: None
[2024-11-26T19:23:43.339+0000] {taskinstance.py:1406} INFO - Marking task as SUCCESS. dag_id=demo, task_id=***, execution_date=20240210T000000, start_date=20241126T192342, end_date=20241126T192343
[2024-11-26T19:23:43.408+0000] {local_task_job.py:164} INFO - Task exited with return code 0
[2024-11-26T19:23:43.523+0000] {local_task_job.py:273} INFO - 0 downstream tasks scheduled from follow-on schedule check
