[2024-11-26T19:17:10.819+0000] {taskinstance.py:1165} INFO - Dependencies all met for <TaskInstance: demo.hello scheduled__2023-01-04T00:00:00+00:00 [queued]>
[2024-11-26T19:17:10.893+0000] {taskinstance.py:1165} INFO - Dependencies all met for <TaskInstance: demo.hello scheduled__2023-01-04T00:00:00+00:00 [queued]>
[2024-11-26T19:17:10.894+0000] {taskinstance.py:1362} INFO - 
--------------------------------------------------------------------------------
[2024-11-26T19:17:10.894+0000] {taskinstance.py:1363} INFO - Starting attempt 1 of 1
[2024-11-26T19:17:10.900+0000] {taskinstance.py:1364} INFO - 
--------------------------------------------------------------------------------
[2024-11-26T19:17:11.144+0000] {taskinstance.py:1383} INFO - Executing <Task(BashOperator): hello> on 2023-01-04 00:00:00+00:00
[2024-11-26T19:17:11.161+0000] {standard_task_runner.py:82} INFO - Running: ['***', 'tasks', 'run', 'demo', 'hello', 'scheduled__2023-01-04T00:00:00+00:00', '--job-id', '780', '--raw', '--subdir', 'DAGS_FOLDER/demo.py', '--cfg-path', '/tmp/tmpu9c0rnnv']
[2024-11-26T19:17:11.210+0000] {standard_task_runner.py:83} INFO - Job 780: Subtask hello
[2024-11-26T19:17:11.155+0000] {standard_task_runner.py:55} INFO - Started process 1749 to run task
[2024-11-26T19:17:11.493+0000] {task_command.py:376} INFO - Running <TaskInstance: demo.hello scheduled__2023-01-04T00:00:00+00:00 [running]> on host ece2bbff80df
[2024-11-26T19:17:11.842+0000] {taskinstance.py:1592} INFO - Exporting the following env vars:
AIRFLOW_CTX_DAG_OWNER=***
AIRFLOW_CTX_DAG_ID=demo
AIRFLOW_CTX_TASK_ID=hello
AIRFLOW_CTX_EXECUTION_DATE=2023-01-04T00:00:00+00:00
AIRFLOW_CTX_TRY_NUMBER=1
AIRFLOW_CTX_DAG_RUN_ID=scheduled__2023-01-04T00:00:00+00:00
[2024-11-26T19:17:11.847+0000] {subprocess.py:63} INFO - Tmp dir root location: 
 /tmp
[2024-11-26T19:17:11.849+0000] {subprocess.py:75} INFO - Running command: ['/bin/bash', '-c', 'echo hello soundarya']
[2024-11-26T19:17:11.910+0000] {subprocess.py:86} INFO - Output:
[2024-11-26T19:17:11.914+0000] {subprocess.py:93} INFO - hello soundarya
[2024-11-26T19:17:11.916+0000] {subprocess.py:97} INFO - Command exited with return code 0
[2024-11-26T19:17:12.010+0000] {taskinstance.py:1406} INFO - Marking task as SUCCESS. dag_id=demo, task_id=hello, execution_date=20230104T000000, start_date=20241126T191710, end_date=20241126T191712
[2024-11-26T19:17:12.122+0000] {local_task_job.py:164} INFO - Task exited with return code 0
[2024-11-26T19:17:12.217+0000] {local_task_job.py:273} INFO - 1 downstream tasks scheduled from follow-on schedule check
