[2024-11-26T19:12:25.418+0000] {taskinstance.py:1165} INFO - Dependencies all met for <TaskInstance: demo.airflow scheduled__2022-04-23T00:00:00+00:00 [queued]>
[2024-11-26T19:12:25.455+0000] {taskinstance.py:1165} INFO - Dependencies all met for <TaskInstance: demo.airflow scheduled__2022-04-23T00:00:00+00:00 [queued]>
[2024-11-26T19:12:25.469+0000] {taskinstance.py:1362} INFO - 
--------------------------------------------------------------------------------
[2024-11-26T19:12:25.472+0000] {taskinstance.py:1363} INFO - Starting attempt 1 of 1
[2024-11-26T19:12:25.473+0000] {taskinstance.py:1364} INFO - 
--------------------------------------------------------------------------------
[2024-11-26T19:12:25.545+0000] {taskinstance.py:1383} INFO - Executing <Task(_PythonDecoratedOperator): airflow> on 2022-04-23 00:00:00+00:00
[2024-11-26T19:12:25.558+0000] {standard_task_runner.py:55} INFO - Started process 301 to run task
[2024-11-26T19:12:25.578+0000] {standard_task_runner.py:82} INFO - Running: ['***', 'tasks', 'run', 'demo', '***', 'scheduled__2022-04-23T00:00:00+00:00', '--job-id', '276', '--raw', '--subdir', 'DAGS_FOLDER/demo.py', '--cfg-path', '/tmp/tmpa9mjijsg']
[2024-11-26T19:12:25.580+0000] {standard_task_runner.py:83} INFO - Job 276: Subtask ***
[2024-11-26T19:12:26.003+0000] {task_command.py:376} INFO - Running <TaskInstance: demo.airflow scheduled__2022-04-23T00:00:00+00:00 [running]> on host ece2bbff80df
[2024-11-26T19:12:26.286+0000] {taskinstance.py:1592} INFO - Exporting the following env vars:
AIRFLOW_CTX_DAG_OWNER=***
AIRFLOW_CTX_DAG_ID=demo
AIRFLOW_CTX_TASK_ID=***
AIRFLOW_CTX_EXECUTION_DATE=2022-04-23T00:00:00+00:00
AIRFLOW_CTX_TRY_NUMBER=1
AIRFLOW_CTX_DAG_RUN_ID=scheduled__2022-04-23T00:00:00+00:00
[2024-11-26T19:12:26.288+0000] {logging_mixin.py:120} INFO - ***
[2024-11-26T19:12:26.290+0000] {python.py:177} INFO - Done. Returned value was: None
[2024-11-26T19:12:26.346+0000] {taskinstance.py:1406} INFO - Marking task as SUCCESS. dag_id=demo, task_id=***, execution_date=20220423T000000, start_date=20241126T191225, end_date=20241126T191226
[2024-11-26T19:12:26.468+0000] {local_task_job.py:164} INFO - Task exited with return code 0
[2024-11-26T19:12:26.653+0000] {local_task_job.py:273} INFO - 0 downstream tasks scheduled from follow-on schedule check
