[2024-11-26T19:23:26.608+0000] {taskinstance.py:1165} INFO - Dependencies all met for <TaskInstance: demo.hello scheduled__2024-01-27T00:00:00+00:00 [queued]>
[2024-11-26T19:23:26.630+0000] {taskinstance.py:1165} INFO - Dependencies all met for <TaskInstance: demo.hello scheduled__2024-01-27T00:00:00+00:00 [queued]>
[2024-11-26T19:23:26.631+0000] {taskinstance.py:1362} INFO - 
--------------------------------------------------------------------------------
[2024-11-26T19:23:26.631+0000] {taskinstance.py:1363} INFO - Starting attempt 1 of 1
[2024-11-26T19:23:26.632+0000] {taskinstance.py:1364} INFO - 
--------------------------------------------------------------------------------
[2024-11-26T19:23:26.658+0000] {taskinstance.py:1383} INFO - Executing <Task(BashOperator): hello> on 2024-01-27 00:00:00+00:00
[2024-11-26T19:23:26.668+0000] {standard_task_runner.py:55} INFO - Started process 3943 to run task
[2024-11-26T19:23:26.674+0000] {standard_task_runner.py:82} INFO - Running: ['***', 'tasks', 'run', 'demo', 'hello', 'scheduled__2024-01-27T00:00:00+00:00', '--job-id', '1559', '--raw', '--subdir', 'DAGS_FOLDER/demo.py', '--cfg-path', '/tmp/tmpp0e2wkq1']
[2024-11-26T19:23:26.675+0000] {standard_task_runner.py:83} INFO - Job 1559: Subtask hello
[2024-11-26T19:23:26.784+0000] {task_command.py:376} INFO - Running <TaskInstance: demo.hello scheduled__2024-01-27T00:00:00+00:00 [running]> on host ece2bbff80df
[2024-11-26T19:23:26.951+0000] {taskinstance.py:1592} INFO - Exporting the following env vars:
AIRFLOW_CTX_DAG_OWNER=***
AIRFLOW_CTX_DAG_ID=demo
AIRFLOW_CTX_TASK_ID=hello
AIRFLOW_CTX_EXECUTION_DATE=2024-01-27T00:00:00+00:00
AIRFLOW_CTX_TRY_NUMBER=1
AIRFLOW_CTX_DAG_RUN_ID=scheduled__2024-01-27T00:00:00+00:00
[2024-11-26T19:23:26.956+0000] {subprocess.py:63} INFO - Tmp dir root location: 
 /tmp
[2024-11-26T19:23:26.958+0000] {subprocess.py:75} INFO - Running command: ['/bin/bash', '-c', 'echo hello soundarya']
[2024-11-26T19:23:26.991+0000] {subprocess.py:86} INFO - Output:
[2024-11-26T19:23:26.999+0000] {subprocess.py:93} INFO - hello soundarya
[2024-11-26T19:23:27.000+0000] {subprocess.py:97} INFO - Command exited with return code 0
[2024-11-26T19:23:27.066+0000] {taskinstance.py:1406} INFO - Marking task as SUCCESS. dag_id=demo, task_id=hello, execution_date=20240127T000000, start_date=20241126T192326, end_date=20241126T192327
[2024-11-26T19:23:27.129+0000] {local_task_job.py:164} INFO - Task exited with return code 0
[2024-11-26T19:23:27.239+0000] {local_task_job.py:273} INFO - 0 downstream tasks scheduled from follow-on schedule check
