[2024-11-26T19:27:53.733+0000] {taskinstance.py:1165} INFO - Dependencies all met for <TaskInstance: demo.hello scheduled__2024-10-28T00:00:00+00:00 [queued]>
[2024-11-26T19:27:53.763+0000] {taskinstance.py:1165} INFO - Dependencies all met for <TaskInstance: demo.hello scheduled__2024-10-28T00:00:00+00:00 [queued]>
[2024-11-26T19:27:53.764+0000] {taskinstance.py:1362} INFO - 
--------------------------------------------------------------------------------
[2024-11-26T19:27:53.765+0000] {taskinstance.py:1363} INFO - Starting attempt 1 of 1
[2024-11-26T19:27:53.765+0000] {taskinstance.py:1364} INFO - 
--------------------------------------------------------------------------------
[2024-11-26T19:27:53.790+0000] {taskinstance.py:1383} INFO - Executing <Task(BashOperator): hello> on 2024-10-28 00:00:00+00:00
[2024-11-26T19:27:53.797+0000] {standard_task_runner.py:55} INFO - Started process 5492 to run task
[2024-11-26T19:27:53.801+0000] {standard_task_runner.py:82} INFO - Running: ['***', 'tasks', 'run', 'demo', 'hello', 'scheduled__2024-10-28T00:00:00+00:00', '--job-id', '2107', '--raw', '--subdir', 'DAGS_FOLDER/demo.py', '--cfg-path', '/tmp/tmpk70444sl']
[2024-11-26T19:27:53.802+0000] {standard_task_runner.py:83} INFO - Job 2107: Subtask hello
[2024-11-26T19:27:53.926+0000] {task_command.py:376} INFO - Running <TaskInstance: demo.hello scheduled__2024-10-28T00:00:00+00:00 [running]> on host ece2bbff80df
[2024-11-26T19:27:54.130+0000] {taskinstance.py:1592} INFO - Exporting the following env vars:
AIRFLOW_CTX_DAG_OWNER=***
AIRFLOW_CTX_DAG_ID=demo
AIRFLOW_CTX_TASK_ID=hello
AIRFLOW_CTX_EXECUTION_DATE=2024-10-28T00:00:00+00:00
AIRFLOW_CTX_TRY_NUMBER=1
AIRFLOW_CTX_DAG_RUN_ID=scheduled__2024-10-28T00:00:00+00:00
[2024-11-26T19:27:54.135+0000] {subprocess.py:63} INFO - Tmp dir root location: 
 /tmp
[2024-11-26T19:27:54.138+0000] {subprocess.py:75} INFO - Running command: ['/bin/bash', '-c', 'echo hello soundarya']
[2024-11-26T19:27:54.173+0000] {subprocess.py:86} INFO - Output:
[2024-11-26T19:27:54.176+0000] {subprocess.py:93} INFO - hello soundarya
[2024-11-26T19:27:54.196+0000] {subprocess.py:97} INFO - Command exited with return code 0
[2024-11-26T19:27:54.318+0000] {taskinstance.py:1406} INFO - Marking task as SUCCESS. dag_id=demo, task_id=hello, execution_date=20241028T000000, start_date=20241126T192753, end_date=20241126T192754
[2024-11-26T19:27:54.381+0000] {local_task_job.py:164} INFO - Task exited with return code 0
[2024-11-26T19:27:54.451+0000] {local_task_job.py:273} INFO - 1 downstream tasks scheduled from follow-on schedule check
