[2024-11-26T19:23:49.255+0000] {taskinstance.py:1165} INFO - Dependencies all met for <TaskInstance: demo.hello scheduled__2024-02-22T00:00:00+00:00 [queued]>
[2024-11-26T19:23:49.274+0000] {taskinstance.py:1165} INFO - Dependencies all met for <TaskInstance: demo.hello scheduled__2024-02-22T00:00:00+00:00 [queued]>
[2024-11-26T19:23:49.275+0000] {taskinstance.py:1362} INFO - 
--------------------------------------------------------------------------------
[2024-11-26T19:23:49.276+0000] {taskinstance.py:1363} INFO - Starting attempt 1 of 1
[2024-11-26T19:23:49.277+0000] {taskinstance.py:1364} INFO - 
--------------------------------------------------------------------------------
[2024-11-26T19:23:49.326+0000] {taskinstance.py:1383} INFO - Executing <Task(BashOperator): hello> on 2024-02-22 00:00:00+00:00
[2024-11-26T19:23:49.339+0000] {standard_task_runner.py:55} INFO - Started process 4087 to run task
[2024-11-26T19:23:49.346+0000] {standard_task_runner.py:82} INFO - Running: ['***', 'tasks', 'run', 'demo', 'hello', 'scheduled__2024-02-22T00:00:00+00:00', '--job-id', '1609', '--raw', '--subdir', 'DAGS_FOLDER/demo.py', '--cfg-path', '/tmp/tmpmtn9_1m_']
[2024-11-26T19:23:49.348+0000] {standard_task_runner.py:83} INFO - Job 1609: Subtask hello
[2024-11-26T19:23:49.530+0000] {task_command.py:376} INFO - Running <TaskInstance: demo.hello scheduled__2024-02-22T00:00:00+00:00 [running]> on host ece2bbff80df
[2024-11-26T19:23:49.770+0000] {taskinstance.py:1592} INFO - Exporting the following env vars:
AIRFLOW_CTX_DAG_OWNER=***
AIRFLOW_CTX_DAG_ID=demo
AIRFLOW_CTX_TASK_ID=hello
AIRFLOW_CTX_EXECUTION_DATE=2024-02-22T00:00:00+00:00
AIRFLOW_CTX_TRY_NUMBER=1
AIRFLOW_CTX_DAG_RUN_ID=scheduled__2024-02-22T00:00:00+00:00
[2024-11-26T19:23:49.778+0000] {subprocess.py:63} INFO - Tmp dir root location: 
 /tmp
[2024-11-26T19:23:49.785+0000] {subprocess.py:75} INFO - Running command: ['/bin/bash', '-c', 'echo hello soundarya']
[2024-11-26T19:23:49.817+0000] {subprocess.py:86} INFO - Output:
[2024-11-26T19:23:49.825+0000] {subprocess.py:93} INFO - hello soundarya
[2024-11-26T19:23:49.827+0000] {subprocess.py:97} INFO - Command exited with return code 0
[2024-11-26T19:23:49.901+0000] {taskinstance.py:1406} INFO - Marking task as SUCCESS. dag_id=demo, task_id=hello, execution_date=20240222T000000, start_date=20241126T192349, end_date=20241126T192349
[2024-11-26T19:23:49.959+0000] {local_task_job.py:164} INFO - Task exited with return code 0
[2024-11-26T19:23:50.075+0000] {local_task_job.py:273} INFO - 0 downstream tasks scheduled from follow-on schedule check
