[2024-11-26T19:16:22.132+0000] {taskinstance.py:1165} INFO - Dependencies all met for <TaskInstance: demo.airflow scheduled__2022-11-21T00:00:00+00:00 [queued]>
[2024-11-26T19:16:22.180+0000] {taskinstance.py:1165} INFO - Dependencies all met for <TaskInstance: demo.airflow scheduled__2022-11-21T00:00:00+00:00 [queued]>
[2024-11-26T19:16:22.181+0000] {taskinstance.py:1362} INFO - 
--------------------------------------------------------------------------------
[2024-11-26T19:16:22.183+0000] {taskinstance.py:1363} INFO - Starting attempt 1 of 1
[2024-11-26T19:16:22.185+0000] {taskinstance.py:1364} INFO - 
--------------------------------------------------------------------------------
[2024-11-26T19:16:22.234+0000] {taskinstance.py:1383} INFO - Executing <Task(_PythonDecoratedOperator): airflow> on 2022-11-21 00:00:00+00:00
[2024-11-26T19:16:22.256+0000] {standard_task_runner.py:55} INFO - Started process 1503 to run task
[2024-11-26T19:16:22.270+0000] {standard_task_runner.py:82} INFO - Running: ['***', 'tasks', 'run', 'demo', '***', 'scheduled__2022-11-21T00:00:00+00:00', '--job-id', '698', '--raw', '--subdir', 'DAGS_FOLDER/demo.py', '--cfg-path', '/tmp/tmpl3zm4gy9']
[2024-11-26T19:16:22.274+0000] {standard_task_runner.py:83} INFO - Job 698: Subtask ***
[2024-11-26T19:16:22.447+0000] {task_command.py:376} INFO - Running <TaskInstance: demo.airflow scheduled__2022-11-21T00:00:00+00:00 [running]> on host ece2bbff80df
[2024-11-26T19:16:22.684+0000] {taskinstance.py:1592} INFO - Exporting the following env vars:
AIRFLOW_CTX_DAG_OWNER=***
AIRFLOW_CTX_DAG_ID=demo
AIRFLOW_CTX_TASK_ID=***
AIRFLOW_CTX_EXECUTION_DATE=2022-11-21T00:00:00+00:00
AIRFLOW_CTX_TRY_NUMBER=1
AIRFLOW_CTX_DAG_RUN_ID=scheduled__2022-11-21T00:00:00+00:00
[2024-11-26T19:16:22.693+0000] {logging_mixin.py:120} INFO - ***
[2024-11-26T19:16:22.731+0000] {python.py:177} INFO - Done. Returned value was: None
[2024-11-26T19:16:22.808+0000] {taskinstance.py:1406} INFO - Marking task as SUCCESS. dag_id=demo, task_id=***, execution_date=20221121T000000, start_date=20241126T191622, end_date=20241126T191622
[2024-11-26T19:16:22.905+0000] {local_task_job.py:164} INFO - Task exited with return code 0
[2024-11-26T19:16:22.971+0000] {local_task_job.py:273} INFO - 0 downstream tasks scheduled from follow-on schedule check
