[2024-11-26T19:15:11.244+0000] {taskinstance.py:1165} INFO - Dependencies all met for <TaskInstance: demo.hello scheduled__2022-09-27T00:00:00+00:00 [queued]>
[2024-11-26T19:15:11.286+0000] {taskinstance.py:1165} INFO - Dependencies all met for <TaskInstance: demo.hello scheduled__2022-09-27T00:00:00+00:00 [queued]>
[2024-11-26T19:15:11.290+0000] {taskinstance.py:1362} INFO - 
--------------------------------------------------------------------------------
[2024-11-26T19:15:11.291+0000] {taskinstance.py:1363} INFO - Starting attempt 1 of 1
[2024-11-26T19:15:11.294+0000] {taskinstance.py:1364} INFO - 
--------------------------------------------------------------------------------
[2024-11-26T19:15:11.383+0000] {taskinstance.py:1383} INFO - Executing <Task(BashOperator): hello> on 2022-09-27 00:00:00+00:00
[2024-11-26T19:15:11.398+0000] {standard_task_runner.py:55} INFO - Started process 1177 to run task
[2024-11-26T19:15:11.409+0000] {standard_task_runner.py:82} INFO - Running: ['***', 'tasks', 'run', 'demo', 'hello', 'scheduled__2022-09-27T00:00:00+00:00', '--job-id', '584', '--raw', '--subdir', 'DAGS_FOLDER/demo.py', '--cfg-path', '/tmp/tmpm0e4iuf0']
[2024-11-26T19:15:11.410+0000] {standard_task_runner.py:83} INFO - Job 584: Subtask hello
[2024-11-26T19:15:11.663+0000] {task_command.py:376} INFO - Running <TaskInstance: demo.hello scheduled__2022-09-27T00:00:00+00:00 [running]> on host ece2bbff80df
[2024-11-26T19:15:11.930+0000] {taskinstance.py:1592} INFO - Exporting the following env vars:
AIRFLOW_CTX_DAG_OWNER=***
AIRFLOW_CTX_DAG_ID=demo
AIRFLOW_CTX_TASK_ID=hello
AIRFLOW_CTX_EXECUTION_DATE=2022-09-27T00:00:00+00:00
AIRFLOW_CTX_TRY_NUMBER=1
AIRFLOW_CTX_DAG_RUN_ID=scheduled__2022-09-27T00:00:00+00:00
[2024-11-26T19:15:11.937+0000] {subprocess.py:63} INFO - Tmp dir root location: 
 /tmp
[2024-11-26T19:15:11.940+0000] {subprocess.py:75} INFO - Running command: ['/bin/bash', '-c', 'echo hello soundarya']
[2024-11-26T19:15:11.971+0000] {subprocess.py:86} INFO - Output:
[2024-11-26T19:15:11.973+0000] {subprocess.py:93} INFO - hello soundarya
[2024-11-26T19:15:11.985+0000] {subprocess.py:97} INFO - Command exited with return code 0
[2024-11-26T19:15:12.077+0000] {taskinstance.py:1406} INFO - Marking task as SUCCESS. dag_id=demo, task_id=hello, execution_date=20220927T000000, start_date=20241126T191511, end_date=20241126T191512
[2024-11-26T19:15:12.173+0000] {local_task_job.py:164} INFO - Task exited with return code 0
[2024-11-26T19:15:12.257+0000] {local_task_job.py:273} INFO - 1 downstream tasks scheduled from follow-on schedule check
