[2024-11-26T19:12:03.364+0000] {taskinstance.py:1165} INFO - Dependencies all met for <TaskInstance: demo.hello scheduled__2022-04-01T00:00:00+00:00 [queued]>
[2024-11-26T19:12:03.382+0000] {taskinstance.py:1165} INFO - Dependencies all met for <TaskInstance: demo.hello scheduled__2022-04-01T00:00:00+00:00 [queued]>
[2024-11-26T19:12:03.383+0000] {taskinstance.py:1362} INFO - 
--------------------------------------------------------------------------------
[2024-11-26T19:12:03.384+0000] {taskinstance.py:1363} INFO - Starting attempt 1 of 1
[2024-11-26T19:12:03.385+0000] {taskinstance.py:1364} INFO - 
--------------------------------------------------------------------------------
[2024-11-26T19:12:03.409+0000] {taskinstance.py:1383} INFO - Executing <Task(BashOperator): hello> on 2022-04-01 00:00:00+00:00
[2024-11-26T19:12:03.416+0000] {standard_task_runner.py:55} INFO - Started process 156 to run task
[2024-11-26T19:12:03.420+0000] {standard_task_runner.py:82} INFO - Running: ['***', 'tasks', 'run', 'demo', 'hello', 'scheduled__2022-04-01T00:00:00+00:00', '--job-id', '225', '--raw', '--subdir', 'DAGS_FOLDER/demo.py', '--cfg-path', '/tmp/tmpiaa4na1p']
[2024-11-26T19:12:03.423+0000] {standard_task_runner.py:83} INFO - Job 225: Subtask hello
[2024-11-26T19:12:03.524+0000] {task_command.py:376} INFO - Running <TaskInstance: demo.hello scheduled__2022-04-01T00:00:00+00:00 [running]> on host ece2bbff80df
[2024-11-26T19:12:03.650+0000] {taskinstance.py:1592} INFO - Exporting the following env vars:
AIRFLOW_CTX_DAG_OWNER=***
AIRFLOW_CTX_DAG_ID=demo
AIRFLOW_CTX_TASK_ID=hello
AIRFLOW_CTX_EXECUTION_DATE=2022-04-01T00:00:00+00:00
AIRFLOW_CTX_TRY_NUMBER=1
AIRFLOW_CTX_DAG_RUN_ID=scheduled__2022-04-01T00:00:00+00:00
[2024-11-26T19:12:03.659+0000] {subprocess.py:63} INFO - Tmp dir root location: 
 /tmp
[2024-11-26T19:12:03.661+0000] {subprocess.py:75} INFO - Running command: ['/bin/bash', '-c', 'echo hello soundarya']
[2024-11-26T19:12:03.678+0000] {subprocess.py:86} INFO - Output:
[2024-11-26T19:12:03.682+0000] {subprocess.py:93} INFO - hello soundarya
[2024-11-26T19:12:03.683+0000] {subprocess.py:97} INFO - Command exited with return code 0
[2024-11-26T19:12:03.730+0000] {taskinstance.py:1406} INFO - Marking task as SUCCESS. dag_id=demo, task_id=hello, execution_date=20220401T000000, start_date=20241126T191203, end_date=20241126T191203
[2024-11-26T19:12:03.876+0000] {local_task_job.py:164} INFO - Task exited with return code 0
[2024-11-26T19:12:03.943+0000] {local_task_job.py:273} INFO - 1 downstream tasks scheduled from follow-on schedule check
