[2024-11-26T19:10:17.635+0000] {taskinstance.py:1165} INFO - Dependencies all met for <TaskInstance: demo.hello scheduled__2022-02-11T00:00:00+00:00 [queued]>
[2024-11-26T19:10:17.658+0000] {taskinstance.py:1165} INFO - Dependencies all met for <TaskInstance: demo.hello scheduled__2022-02-11T00:00:00+00:00 [queued]>
[2024-11-26T19:10:17.659+0000] {taskinstance.py:1362} INFO - 
--------------------------------------------------------------------------------
[2024-11-26T19:10:17.660+0000] {taskinstance.py:1363} INFO - Starting attempt 1 of 1
[2024-11-26T19:10:17.661+0000] {taskinstance.py:1364} INFO - 
--------------------------------------------------------------------------------
[2024-11-26T19:10:17.693+0000] {taskinstance.py:1383} INFO - Executing <Task(BashOperator): hello> on 2022-02-11 00:00:00+00:00
[2024-11-26T19:10:17.700+0000] {standard_task_runner.py:55} INFO - Started process 340 to run task
[2024-11-26T19:10:17.707+0000] {standard_task_runner.py:82} INFO - Running: ['***', 'tasks', 'run', 'demo', 'hello', 'scheduled__2022-02-11T00:00:00+00:00', '--job-id', '120', '--raw', '--subdir', 'DAGS_FOLDER/demo.py', '--cfg-path', '/tmp/tmpxug6t4_h']
[2024-11-26T19:10:17.708+0000] {standard_task_runner.py:83} INFO - Job 120: Subtask hello
[2024-11-26T19:10:17.863+0000] {task_command.py:376} INFO - Running <TaskInstance: demo.hello scheduled__2022-02-11T00:00:00+00:00 [running]> on host ece2bbff80df
[2024-11-26T19:10:18.018+0000] {taskinstance.py:1592} INFO - Exporting the following env vars:
AIRFLOW_CTX_DAG_OWNER=***
AIRFLOW_CTX_DAG_ID=demo
AIRFLOW_CTX_TASK_ID=hello
AIRFLOW_CTX_EXECUTION_DATE=2022-02-11T00:00:00+00:00
AIRFLOW_CTX_TRY_NUMBER=1
AIRFLOW_CTX_DAG_RUN_ID=scheduled__2022-02-11T00:00:00+00:00
[2024-11-26T19:10:18.028+0000] {subprocess.py:63} INFO - Tmp dir root location: 
 /tmp
[2024-11-26T19:10:18.037+0000] {subprocess.py:75} INFO - Running command: ['/bin/bash', '-c', 'echo hello']
[2024-11-26T19:10:18.136+0000] {subprocess.py:86} INFO - Output:
[2024-11-26T19:10:18.142+0000] {subprocess.py:93} INFO - hello
[2024-11-26T19:10:18.143+0000] {subprocess.py:97} INFO - Command exited with return code 0
[2024-11-26T19:10:18.236+0000] {taskinstance.py:1406} INFO - Marking task as SUCCESS. dag_id=demo, task_id=hello, execution_date=20220211T000000, start_date=20241126T191017, end_date=20241126T191018
[2024-11-26T19:10:18.327+0000] {local_task_job.py:164} INFO - Task exited with return code 0
[2024-11-26T19:10:18.485+0000] {local_task_job.py:273} INFO - 0 downstream tasks scheduled from follow-on schedule check
