[2024-11-26T19:25:46.016+0000] {taskinstance.py:1165} INFO - Dependencies all met for <TaskInstance: demo.hello scheduled__2024-06-24T00:00:00+00:00 [queued]>
[2024-11-26T19:25:46.064+0000] {taskinstance.py:1165} INFO - Dependencies all met for <TaskInstance: demo.hello scheduled__2024-06-24T00:00:00+00:00 [queued]>
[2024-11-26T19:25:46.066+0000] {taskinstance.py:1362} INFO - 
--------------------------------------------------------------------------------
[2024-11-26T19:25:46.066+0000] {taskinstance.py:1363} INFO - Starting attempt 1 of 1
[2024-11-26T19:25:46.070+0000] {taskinstance.py:1364} INFO - 
--------------------------------------------------------------------------------
[2024-11-26T19:25:46.181+0000] {taskinstance.py:1383} INFO - Executing <Task(BashOperator): hello> on 2024-06-24 00:00:00+00:00
[2024-11-26T19:25:46.191+0000] {standard_task_runner.py:55} INFO - Started process 4783 to run task
[2024-11-26T19:25:46.202+0000] {standard_task_runner.py:82} INFO - Running: ['***', 'tasks', 'run', 'demo', 'hello', 'scheduled__2024-06-24T00:00:00+00:00', '--job-id', '1856', '--raw', '--subdir', 'DAGS_FOLDER/demo.py', '--cfg-path', '/tmp/tmp8zg75ama']
[2024-11-26T19:25:46.208+0000] {standard_task_runner.py:83} INFO - Job 1856: Subtask hello
[2024-11-26T19:25:46.582+0000] {task_command.py:376} INFO - Running <TaskInstance: demo.hello scheduled__2024-06-24T00:00:00+00:00 [running]> on host ece2bbff80df
[2024-11-26T19:25:46.915+0000] {taskinstance.py:1592} INFO - Exporting the following env vars:
AIRFLOW_CTX_DAG_OWNER=***
AIRFLOW_CTX_DAG_ID=demo
AIRFLOW_CTX_TASK_ID=hello
AIRFLOW_CTX_EXECUTION_DATE=2024-06-24T00:00:00+00:00
AIRFLOW_CTX_TRY_NUMBER=1
AIRFLOW_CTX_DAG_RUN_ID=scheduled__2024-06-24T00:00:00+00:00
[2024-11-26T19:25:46.917+0000] {subprocess.py:63} INFO - Tmp dir root location: 
 /tmp
[2024-11-26T19:25:46.921+0000] {subprocess.py:75} INFO - Running command: ['/bin/bash', '-c', 'echo hello soundarya']
[2024-11-26T19:25:46.940+0000] {subprocess.py:86} INFO - Output:
[2024-11-26T19:25:46.942+0000] {subprocess.py:93} INFO - hello soundarya
[2024-11-26T19:25:46.943+0000] {subprocess.py:97} INFO - Command exited with return code 0
[2024-11-26T19:25:46.983+0000] {taskinstance.py:1406} INFO - Marking task as SUCCESS. dag_id=demo, task_id=hello, execution_date=20240624T000000, start_date=20241126T192546, end_date=20241126T192546
[2024-11-26T19:25:47.040+0000] {local_task_job.py:164} INFO - Task exited with return code 0
[2024-11-26T19:25:47.110+0000] {local_task_job.py:273} INFO - 1 downstream tasks scheduled from follow-on schedule check
