[2024-11-26T19:27:54.415+0000] {taskinstance.py:1165} INFO - Dependencies all met for <TaskInstance: demo.hello scheduled__2024-10-29T00:00:00+00:00 [queued]>
[2024-11-26T19:27:54.432+0000] {taskinstance.py:1165} INFO - Dependencies all met for <TaskInstance: demo.hello scheduled__2024-10-29T00:00:00+00:00 [queued]>
[2024-11-26T19:27:54.433+0000] {taskinstance.py:1362} INFO - 
--------------------------------------------------------------------------------
[2024-11-26T19:27:54.438+0000] {taskinstance.py:1363} INFO - Starting attempt 1 of 1
[2024-11-26T19:27:54.439+0000] {taskinstance.py:1364} INFO - 
--------------------------------------------------------------------------------
[2024-11-26T19:27:54.475+0000] {taskinstance.py:1383} INFO - Executing <Task(BashOperator): hello> on 2024-10-29 00:00:00+00:00
[2024-11-26T19:27:54.484+0000] {standard_task_runner.py:55} INFO - Started process 5507 to run task
[2024-11-26T19:27:54.496+0000] {standard_task_runner.py:82} INFO - Running: ['***', 'tasks', 'run', 'demo', 'hello', 'scheduled__2024-10-29T00:00:00+00:00', '--job-id', '2110', '--raw', '--subdir', 'DAGS_FOLDER/demo.py', '--cfg-path', '/tmp/tmpy7qhdns6']
[2024-11-26T19:27:54.505+0000] {standard_task_runner.py:83} INFO - Job 2110: Subtask hello
[2024-11-26T19:27:54.659+0000] {task_command.py:376} INFO - Running <TaskInstance: demo.hello scheduled__2024-10-29T00:00:00+00:00 [running]> on host ece2bbff80df
[2024-11-26T19:27:54.880+0000] {taskinstance.py:1592} INFO - Exporting the following env vars:
AIRFLOW_CTX_DAG_OWNER=***
AIRFLOW_CTX_DAG_ID=demo
AIRFLOW_CTX_TASK_ID=hello
AIRFLOW_CTX_EXECUTION_DATE=2024-10-29T00:00:00+00:00
AIRFLOW_CTX_TRY_NUMBER=1
AIRFLOW_CTX_DAG_RUN_ID=scheduled__2024-10-29T00:00:00+00:00
[2024-11-26T19:27:54.889+0000] {subprocess.py:63} INFO - Tmp dir root location: 
 /tmp
[2024-11-26T19:27:54.892+0000] {subprocess.py:75} INFO - Running command: ['/bin/bash', '-c', 'echo hello soundarya']
[2024-11-26T19:27:54.936+0000] {subprocess.py:86} INFO - Output:
[2024-11-26T19:27:54.941+0000] {subprocess.py:93} INFO - hello soundarya
[2024-11-26T19:27:54.942+0000] {subprocess.py:97} INFO - Command exited with return code 0
[2024-11-26T19:27:55.000+0000] {taskinstance.py:1406} INFO - Marking task as SUCCESS. dag_id=demo, task_id=hello, execution_date=20241029T000000, start_date=20241126T192754, end_date=20241126T192755
[2024-11-26T19:27:55.074+0000] {local_task_job.py:164} INFO - Task exited with return code 0
[2024-11-26T19:27:55.234+0000] {local_task_job.py:273} INFO - 0 downstream tasks scheduled from follow-on schedule check
