[2024-11-26T19:27:40.823+0000] {taskinstance.py:1165} INFO - Dependencies all met for <TaskInstance: demo.hello scheduled__2024-10-11T00:00:00+00:00 [queued]>
[2024-11-26T19:27:40.848+0000] {taskinstance.py:1165} INFO - Dependencies all met for <TaskInstance: demo.hello scheduled__2024-10-11T00:00:00+00:00 [queued]>
[2024-11-26T19:27:40.849+0000] {taskinstance.py:1362} INFO - 
--------------------------------------------------------------------------------
[2024-11-26T19:27:40.849+0000] {taskinstance.py:1363} INFO - Starting attempt 1 of 1
[2024-11-26T19:27:40.853+0000] {taskinstance.py:1364} INFO - 
--------------------------------------------------------------------------------
[2024-11-26T19:27:40.921+0000] {taskinstance.py:1383} INFO - Executing <Task(BashOperator): hello> on 2024-10-11 00:00:00+00:00
[2024-11-26T19:27:40.929+0000] {standard_task_runner.py:55} INFO - Started process 5400 to run task
[2024-11-26T19:27:40.933+0000] {standard_task_runner.py:82} INFO - Running: ['***', 'tasks', 'run', 'demo', 'hello', 'scheduled__2024-10-11T00:00:00+00:00', '--job-id', '2075', '--raw', '--subdir', 'DAGS_FOLDER/demo.py', '--cfg-path', '/tmp/tmpldz1tzuj']
[2024-11-26T19:27:40.935+0000] {standard_task_runner.py:83} INFO - Job 2075: Subtask hello
[2024-11-26T19:27:41.098+0000] {task_command.py:376} INFO - Running <TaskInstance: demo.hello scheduled__2024-10-11T00:00:00+00:00 [running]> on host ece2bbff80df
[2024-11-26T19:27:41.245+0000] {taskinstance.py:1592} INFO - Exporting the following env vars:
AIRFLOW_CTX_DAG_OWNER=***
AIRFLOW_CTX_DAG_ID=demo
AIRFLOW_CTX_TASK_ID=hello
AIRFLOW_CTX_EXECUTION_DATE=2024-10-11T00:00:00+00:00
AIRFLOW_CTX_TRY_NUMBER=1
AIRFLOW_CTX_DAG_RUN_ID=scheduled__2024-10-11T00:00:00+00:00
[2024-11-26T19:27:41.246+0000] {subprocess.py:63} INFO - Tmp dir root location: 
 /tmp
[2024-11-26T19:27:41.247+0000] {subprocess.py:75} INFO - Running command: ['/bin/bash', '-c', 'echo hello soundarya']
[2024-11-26T19:27:41.269+0000] {subprocess.py:86} INFO - Output:
[2024-11-26T19:27:41.270+0000] {subprocess.py:93} INFO - hello soundarya
[2024-11-26T19:27:41.271+0000] {subprocess.py:97} INFO - Command exited with return code 0
[2024-11-26T19:27:41.325+0000] {taskinstance.py:1406} INFO - Marking task as SUCCESS. dag_id=demo, task_id=hello, execution_date=20241011T000000, start_date=20241126T192740, end_date=20241126T192741
[2024-11-26T19:27:41.405+0000] {local_task_job.py:164} INFO - Task exited with return code 0
[2024-11-26T19:27:41.499+0000] {local_task_job.py:273} INFO - 0 downstream tasks scheduled from follow-on schedule check
