[2024-11-26T19:09:44.425+0000] {taskinstance.py:1165} INFO - Dependencies all met for <TaskInstance: demo.hello scheduled__2022-01-14T00:00:00+00:00 [queued]>
[2024-11-26T19:09:44.442+0000] {taskinstance.py:1165} INFO - Dependencies all met for <TaskInstance: demo.hello scheduled__2022-01-14T00:00:00+00:00 [queued]>
[2024-11-26T19:09:44.443+0000] {taskinstance.py:1362} INFO - 
--------------------------------------------------------------------------------
[2024-11-26T19:09:44.443+0000] {taskinstance.py:1363} INFO - Starting attempt 1 of 1
[2024-11-26T19:09:44.444+0000] {taskinstance.py:1364} INFO - 
--------------------------------------------------------------------------------
[2024-11-26T19:09:44.480+0000] {taskinstance.py:1383} INFO - Executing <Task(BashOperator): hello> on 2022-01-14 00:00:00+00:00
[2024-11-26T19:09:44.493+0000] {standard_task_runner.py:55} INFO - Started process 173 to run task
[2024-11-26T19:09:44.499+0000] {standard_task_runner.py:82} INFO - Running: ['***', 'tasks', 'run', 'demo', 'hello', 'scheduled__2022-01-14T00:00:00+00:00', '--job-id', '65', '--raw', '--subdir', 'DAGS_FOLDER/demo.py', '--cfg-path', '/tmp/tmpqobniilm']
[2024-11-26T19:09:44.503+0000] {standard_task_runner.py:83} INFO - Job 65: Subtask hello
[2024-11-26T19:09:44.682+0000] {task_command.py:376} INFO - Running <TaskInstance: demo.hello scheduled__2022-01-14T00:00:00+00:00 [running]> on host ece2bbff80df
[2024-11-26T19:09:44.836+0000] {taskinstance.py:1592} INFO - Exporting the following env vars:
AIRFLOW_CTX_DAG_OWNER=***
AIRFLOW_CTX_DAG_ID=demo
AIRFLOW_CTX_TASK_ID=hello
AIRFLOW_CTX_EXECUTION_DATE=2022-01-14T00:00:00+00:00
AIRFLOW_CTX_TRY_NUMBER=1
AIRFLOW_CTX_DAG_RUN_ID=scheduled__2022-01-14T00:00:00+00:00
[2024-11-26T19:09:44.837+0000] {subprocess.py:63} INFO - Tmp dir root location: 
 /tmp
[2024-11-26T19:09:44.839+0000] {subprocess.py:75} INFO - Running command: ['/bin/bash', '-c', 'echo hello']
[2024-11-26T19:09:44.854+0000] {subprocess.py:86} INFO - Output:
[2024-11-26T19:09:44.856+0000] {subprocess.py:93} INFO - hello
[2024-11-26T19:09:44.856+0000] {subprocess.py:97} INFO - Command exited with return code 0
[2024-11-26T19:09:44.895+0000] {taskinstance.py:1406} INFO - Marking task as SUCCESS. dag_id=demo, task_id=hello, execution_date=20220114T000000, start_date=20241126T190944, end_date=20241126T190944
[2024-11-26T19:09:44.934+0000] {local_task_job.py:164} INFO - Task exited with return code 0
[2024-11-26T19:09:44.987+0000] {local_task_job.py:273} INFO - 1 downstream tasks scheduled from follow-on schedule check
