[2024-11-26T19:12:27.928+0000] {taskinstance.py:1165} INFO - Dependencies all met for <TaskInstance: demo.hello manual__2024-11-26T19:12:25.533423+00:00 [queued]>
[2024-11-26T19:12:27.964+0000] {taskinstance.py:1165} INFO - Dependencies all met for <TaskInstance: demo.hello manual__2024-11-26T19:12:25.533423+00:00 [queued]>
[2024-11-26T19:12:27.965+0000] {taskinstance.py:1362} INFO - 
--------------------------------------------------------------------------------
[2024-11-26T19:12:27.966+0000] {taskinstance.py:1363} INFO - Starting attempt 1 of 1
[2024-11-26T19:12:27.968+0000] {taskinstance.py:1364} INFO - 
--------------------------------------------------------------------------------
[2024-11-26T19:12:27.993+0000] {taskinstance.py:1383} INFO - Executing <Task(BashOperator): hello> on 2024-11-26 19:12:25.533423+00:00
[2024-11-26T19:12:27.999+0000] {standard_task_runner.py:55} INFO - Started process 316 to run task
[2024-11-26T19:12:28.003+0000] {standard_task_runner.py:82} INFO - Running: ['***', 'tasks', 'run', 'demo', 'hello', 'manual__2024-11-26T19:12:25.533423+00:00', '--job-id', '282', '--raw', '--subdir', 'DAGS_FOLDER/demo.py', '--cfg-path', '/tmp/tmprdjm3_7v']
[2024-11-26T19:12:28.004+0000] {standard_task_runner.py:83} INFO - Job 282: Subtask hello
[2024-11-26T19:12:28.103+0000] {task_command.py:376} INFO - Running <TaskInstance: demo.hello manual__2024-11-26T19:12:25.533423+00:00 [running]> on host ece2bbff80df
[2024-11-26T19:12:28.212+0000] {taskinstance.py:1592} INFO - Exporting the following env vars:
AIRFLOW_CTX_DAG_OWNER=***
AIRFLOW_CTX_DAG_ID=demo
AIRFLOW_CTX_TASK_ID=hello
AIRFLOW_CTX_EXECUTION_DATE=2024-11-26T19:12:25.533423+00:00
AIRFLOW_CTX_TRY_NUMBER=1
AIRFLOW_CTX_DAG_RUN_ID=manual__2024-11-26T19:12:25.533423+00:00
[2024-11-26T19:12:28.214+0000] {subprocess.py:63} INFO - Tmp dir root location: 
 /tmp
[2024-11-26T19:12:28.216+0000] {subprocess.py:75} INFO - Running command: ['/bin/bash', '-c', 'echo hello soundarya']
[2024-11-26T19:12:28.229+0000] {subprocess.py:86} INFO - Output:
[2024-11-26T19:12:28.231+0000] {subprocess.py:93} INFO - hello soundarya
[2024-11-26T19:12:28.232+0000] {subprocess.py:97} INFO - Command exited with return code 0
[2024-11-26T19:12:28.274+0000] {taskinstance.py:1406} INFO - Marking task as SUCCESS. dag_id=demo, task_id=hello, execution_date=20241126T191225, start_date=20241126T191227, end_date=20241126T191228
[2024-11-26T19:12:28.336+0000] {local_task_job.py:164} INFO - Task exited with return code 0
[2024-11-26T19:12:28.386+0000] {local_task_job.py:273} INFO - 1 downstream tasks scheduled from follow-on schedule check
