[2024-11-26T19:10:44.602+0000] {taskinstance.py:1165} INFO - Dependencies all met for <TaskInstance: demo.airflow scheduled__2022-03-03T00:00:00+00:00 [queued]>
[2024-11-26T19:10:44.626+0000] {taskinstance.py:1165} INFO - Dependencies all met for <TaskInstance: demo.airflow scheduled__2022-03-03T00:00:00+00:00 [queued]>
[2024-11-26T19:10:44.628+0000] {taskinstance.py:1362} INFO - 
--------------------------------------------------------------------------------
[2024-11-26T19:10:44.629+0000] {taskinstance.py:1363} INFO - Starting attempt 1 of 1
[2024-11-26T19:10:44.631+0000] {taskinstance.py:1364} INFO - 
--------------------------------------------------------------------------------
[2024-11-26T19:10:44.673+0000] {taskinstance.py:1383} INFO - Executing <Task(_PythonDecoratedOperator): airflow> on 2022-03-03 00:00:00+00:00
[2024-11-26T19:10:44.683+0000] {standard_task_runner.py:55} INFO - Started process 477 to run task
[2024-11-26T19:10:44.698+0000] {standard_task_runner.py:82} INFO - Running: ['***', 'tasks', 'run', 'demo', '***', 'scheduled__2022-03-03T00:00:00+00:00', '--job-id', '169', '--raw', '--subdir', 'DAGS_FOLDER/demo.py', '--cfg-path', '/tmp/tmp__ymtow3']
[2024-11-26T19:10:44.699+0000] {standard_task_runner.py:83} INFO - Job 169: Subtask ***
[2024-11-26T19:10:44.914+0000] {task_command.py:376} INFO - Running <TaskInstance: demo.airflow scheduled__2022-03-03T00:00:00+00:00 [running]> on host ece2bbff80df
[2024-11-26T19:10:45.094+0000] {taskinstance.py:1592} INFO - Exporting the following env vars:
AIRFLOW_CTX_DAG_OWNER=***
AIRFLOW_CTX_DAG_ID=demo
AIRFLOW_CTX_TASK_ID=***
AIRFLOW_CTX_EXECUTION_DATE=2022-03-03T00:00:00+00:00
AIRFLOW_CTX_TRY_NUMBER=1
AIRFLOW_CTX_DAG_RUN_ID=scheduled__2022-03-03T00:00:00+00:00
[2024-11-26T19:10:45.097+0000] {logging_mixin.py:120} INFO - ***
[2024-11-26T19:10:45.098+0000] {python.py:177} INFO - Done. Returned value was: None
[2024-11-26T19:10:45.119+0000] {taskinstance.py:1406} INFO - Marking task as SUCCESS. dag_id=demo, task_id=***, execution_date=20220303T000000, start_date=20241126T191044, end_date=20241126T191045
[2024-11-26T19:10:45.169+0000] {local_task_job.py:164} INFO - Task exited with return code 0
[2024-11-26T19:10:45.211+0000] {local_task_job.py:273} INFO - 0 downstream tasks scheduled from follow-on schedule check
