[2024-12-05T16:30:28.969+0000] {taskinstance.py:1165} INFO - Dependencies all met for <TaskInstance: demo.airflow scheduled__2024-11-27T00:00:00+00:00 [queued]>
[2024-12-05T16:30:28.998+0000] {taskinstance.py:1165} INFO - Dependencies all met for <TaskInstance: demo.airflow scheduled__2024-11-27T00:00:00+00:00 [queued]>
[2024-12-05T16:30:28.999+0000] {taskinstance.py:1362} INFO - 
--------------------------------------------------------------------------------
[2024-12-05T16:30:28.999+0000] {taskinstance.py:1363} INFO - Starting attempt 1 of 1
[2024-12-05T16:30:29.000+0000] {taskinstance.py:1364} INFO - 
--------------------------------------------------------------------------------
[2024-12-05T16:30:29.037+0000] {taskinstance.py:1383} INFO - Executing <Task(_PythonDecoratedOperator): airflow> on 2024-11-27 00:00:00+00:00
[2024-12-05T16:30:29.047+0000] {standard_task_runner.py:55} INFO - Started process 303 to run task
[2024-12-05T16:30:29.051+0000] {standard_task_runner.py:82} INFO - Running: ['***', 'tasks', 'run', 'demo', '***', 'scheduled__2024-11-27T00:00:00+00:00', '--job-id', '2256', '--raw', '--subdir', 'DAGS_FOLDER/demo.py', '--cfg-path', '/tmp/tmphiy5tosb']
[2024-12-05T16:30:29.052+0000] {standard_task_runner.py:83} INFO - Job 2256: Subtask ***
[2024-12-05T16:30:29.205+0000] {task_command.py:376} INFO - Running <TaskInstance: demo.airflow scheduled__2024-11-27T00:00:00+00:00 [running]> on host ece2bbff80df
[2024-12-05T16:30:29.299+0000] {taskinstance.py:1592} INFO - Exporting the following env vars:
AIRFLOW_CTX_DAG_OWNER=***
AIRFLOW_CTX_DAG_ID=demo
AIRFLOW_CTX_TASK_ID=***
AIRFLOW_CTX_EXECUTION_DATE=2024-11-27T00:00:00+00:00
AIRFLOW_CTX_TRY_NUMBER=1
AIRFLOW_CTX_DAG_RUN_ID=scheduled__2024-11-27T00:00:00+00:00
[2024-12-05T16:30:29.300+0000] {logging_mixin.py:120} INFO - ***
[2024-12-05T16:30:29.300+0000] {python.py:177} INFO - Done. Returned value was: None
[2024-12-05T16:30:29.313+0000] {taskinstance.py:1406} INFO - Marking task as SUCCESS. dag_id=demo, task_id=***, execution_date=20241127T000000, start_date=20241205T163028, end_date=20241205T163029
[2024-12-05T16:30:29.400+0000] {local_task_job.py:164} INFO - Task exited with return code 0
[2024-12-05T16:30:29.448+0000] {local_task_job.py:273} INFO - 0 downstream tasks scheduled from follow-on schedule check
