[2024-11-26T19:17:16.929+0000] {taskinstance.py:1165} INFO - Dependencies all met for <TaskInstance: demo.hello scheduled__2023-01-08T00:00:00+00:00 [queued]>
[2024-11-26T19:17:16.950+0000] {taskinstance.py:1165} INFO - Dependencies all met for <TaskInstance: demo.hello scheduled__2023-01-08T00:00:00+00:00 [queued]>
[2024-11-26T19:17:16.951+0000] {taskinstance.py:1362} INFO - 
--------------------------------------------------------------------------------
[2024-11-26T19:17:16.952+0000] {taskinstance.py:1363} INFO - Starting attempt 1 of 1
[2024-11-26T19:17:16.953+0000] {taskinstance.py:1364} INFO - 
--------------------------------------------------------------------------------
[2024-11-26T19:17:16.978+0000] {taskinstance.py:1383} INFO - Executing <Task(BashOperator): hello> on 2023-01-08 00:00:00+00:00
[2024-11-26T19:17:16.986+0000] {standard_task_runner.py:55} INFO - Started process 1774 to run task
[2024-11-26T19:17:16.991+0000] {standard_task_runner.py:82} INFO - Running: ['***', 'tasks', 'run', 'demo', 'hello', 'scheduled__2023-01-08T00:00:00+00:00', '--job-id', '792', '--raw', '--subdir', 'DAGS_FOLDER/demo.py', '--cfg-path', '/tmp/tmpeigyv9l2']
[2024-11-26T19:17:16.992+0000] {standard_task_runner.py:83} INFO - Job 792: Subtask hello
[2024-11-26T19:17:17.087+0000] {task_command.py:376} INFO - Running <TaskInstance: demo.hello scheduled__2023-01-08T00:00:00+00:00 [running]> on host ece2bbff80df
[2024-11-26T19:17:17.207+0000] {taskinstance.py:1592} INFO - Exporting the following env vars:
AIRFLOW_CTX_DAG_OWNER=***
AIRFLOW_CTX_DAG_ID=demo
AIRFLOW_CTX_TASK_ID=hello
AIRFLOW_CTX_EXECUTION_DATE=2023-01-08T00:00:00+00:00
AIRFLOW_CTX_TRY_NUMBER=1
AIRFLOW_CTX_DAG_RUN_ID=scheduled__2023-01-08T00:00:00+00:00
[2024-11-26T19:17:17.210+0000] {subprocess.py:63} INFO - Tmp dir root location: 
 /tmp
[2024-11-26T19:17:17.212+0000] {subprocess.py:75} INFO - Running command: ['/bin/bash', '-c', 'echo hello soundarya']
[2024-11-26T19:17:17.234+0000] {subprocess.py:86} INFO - Output:
[2024-11-26T19:17:17.237+0000] {subprocess.py:93} INFO - hello soundarya
[2024-11-26T19:17:17.240+0000] {subprocess.py:97} INFO - Command exited with return code 0
[2024-11-26T19:17:17.294+0000] {taskinstance.py:1406} INFO - Marking task as SUCCESS. dag_id=demo, task_id=hello, execution_date=20230108T000000, start_date=20241126T191716, end_date=20241126T191717
[2024-11-26T19:17:17.365+0000] {local_task_job.py:164} INFO - Task exited with return code 0
[2024-11-26T19:17:17.415+0000] {local_task_job.py:273} INFO - 1 downstream tasks scheduled from follow-on schedule check
