[2024-11-26T19:10:25.503+0000] {taskinstance.py:1165} INFO - Dependencies all met for <TaskInstance: demo.hello scheduled__2022-02-12T00:00:00+00:00 [queued]>
[2024-11-26T19:10:25.525+0000] {taskinstance.py:1165} INFO - Dependencies all met for <TaskInstance: demo.hello scheduled__2022-02-12T00:00:00+00:00 [queued]>
[2024-11-26T19:10:25.535+0000] {taskinstance.py:1362} INFO - 
--------------------------------------------------------------------------------
[2024-11-26T19:10:25.536+0000] {taskinstance.py:1363} INFO - Starting attempt 1 of 1
[2024-11-26T19:10:25.537+0000] {taskinstance.py:1364} INFO - 
--------------------------------------------------------------------------------
[2024-11-26T19:10:25.621+0000] {taskinstance.py:1383} INFO - Executing <Task(BashOperator): hello> on 2022-02-12 00:00:00+00:00
[2024-11-26T19:10:25.664+0000] {standard_task_runner.py:82} INFO - Running: ['***', 'tasks', 'run', 'demo', 'hello', 'scheduled__2022-02-12T00:00:00+00:00', '--job-id', '127', '--raw', '--subdir', 'DAGS_FOLDER/demo.py', '--cfg-path', '/tmp/tmptey73nin']
[2024-11-26T19:10:25.678+0000] {standard_task_runner.py:83} INFO - Job 127: Subtask hello
[2024-11-26T19:10:25.658+0000] {standard_task_runner.py:55} INFO - Started process 361 to run task
[2024-11-26T19:10:25.839+0000] {task_command.py:376} INFO - Running <TaskInstance: demo.hello scheduled__2022-02-12T00:00:00+00:00 [running]> on host ece2bbff80df
[2024-11-26T19:10:25.975+0000] {taskinstance.py:1592} INFO - Exporting the following env vars:
AIRFLOW_CTX_DAG_OWNER=***
AIRFLOW_CTX_DAG_ID=demo
AIRFLOW_CTX_TASK_ID=hello
AIRFLOW_CTX_EXECUTION_DATE=2022-02-12T00:00:00+00:00
AIRFLOW_CTX_TRY_NUMBER=1
AIRFLOW_CTX_DAG_RUN_ID=scheduled__2022-02-12T00:00:00+00:00
[2024-11-26T19:10:25.983+0000] {subprocess.py:63} INFO - Tmp dir root location: 
 /tmp
[2024-11-26T19:10:25.986+0000] {subprocess.py:75} INFO - Running command: ['/bin/bash', '-c', 'echo hello']
[2024-11-26T19:10:26.021+0000] {subprocess.py:86} INFO - Output:
[2024-11-26T19:10:26.027+0000] {subprocess.py:93} INFO - hello
[2024-11-26T19:10:26.029+0000] {subprocess.py:97} INFO - Command exited with return code 0
[2024-11-26T19:10:26.106+0000] {taskinstance.py:1406} INFO - Marking task as SUCCESS. dag_id=demo, task_id=hello, execution_date=20220212T000000, start_date=20241126T191025, end_date=20241126T191026
[2024-11-26T19:10:26.226+0000] {local_task_job.py:164} INFO - Task exited with return code 0
[2024-11-26T19:10:26.320+0000] {local_task_job.py:273} INFO - 1 downstream tasks scheduled from follow-on schedule check
