[2024-11-26T19:16:42.725+0000] {taskinstance.py:1165} INFO - Dependencies all met for <TaskInstance: demo.airflow scheduled__2022-12-06T00:00:00+00:00 [queued]>
[2024-11-26T19:16:42.753+0000] {taskinstance.py:1165} INFO - Dependencies all met for <TaskInstance: demo.airflow scheduled__2022-12-06T00:00:00+00:00 [queued]>
[2024-11-26T19:16:42.756+0000] {taskinstance.py:1362} INFO - 
--------------------------------------------------------------------------------
[2024-11-26T19:16:42.757+0000] {taskinstance.py:1363} INFO - Starting attempt 1 of 1
[2024-11-26T19:16:42.759+0000] {taskinstance.py:1364} INFO - 
--------------------------------------------------------------------------------
[2024-11-26T19:16:42.803+0000] {taskinstance.py:1383} INFO - Executing <Task(_PythonDecoratedOperator): airflow> on 2022-12-06 00:00:00+00:00
[2024-11-26T19:16:42.811+0000] {standard_task_runner.py:55} INFO - Started process 1601 to run task
[2024-11-26T19:16:42.835+0000] {standard_task_runner.py:82} INFO - Running: ['***', 'tasks', 'run', 'demo', '***', 'scheduled__2022-12-06T00:00:00+00:00', '--job-id', '732', '--raw', '--subdir', 'DAGS_FOLDER/demo.py', '--cfg-path', '/tmp/tmpw1ymv5y3']
[2024-11-26T19:16:42.850+0000] {standard_task_runner.py:83} INFO - Job 732: Subtask ***
[2024-11-26T19:16:43.012+0000] {task_command.py:376} INFO - Running <TaskInstance: demo.airflow scheduled__2022-12-06T00:00:00+00:00 [running]> on host ece2bbff80df
[2024-11-26T19:16:43.314+0000] {taskinstance.py:1592} INFO - Exporting the following env vars:
AIRFLOW_CTX_DAG_OWNER=***
AIRFLOW_CTX_DAG_ID=demo
AIRFLOW_CTX_TASK_ID=***
AIRFLOW_CTX_EXECUTION_DATE=2022-12-06T00:00:00+00:00
AIRFLOW_CTX_TRY_NUMBER=1
AIRFLOW_CTX_DAG_RUN_ID=scheduled__2022-12-06T00:00:00+00:00
[2024-11-26T19:16:43.324+0000] {logging_mixin.py:120} INFO - ***
[2024-11-26T19:16:43.324+0000] {python.py:177} INFO - Done. Returned value was: None
[2024-11-26T19:16:43.371+0000] {taskinstance.py:1406} INFO - Marking task as SUCCESS. dag_id=demo, task_id=***, execution_date=20221206T000000, start_date=20241126T191642, end_date=20241126T191643
[2024-11-26T19:16:43.454+0000] {local_task_job.py:164} INFO - Task exited with return code 0
[2024-11-26T19:16:43.526+0000] {local_task_job.py:273} INFO - 0 downstream tasks scheduled from follow-on schedule check
