[2024-11-26T19:25:15.472+0000] {taskinstance.py:1165} INFO - Dependencies all met for <TaskInstance: demo.hello scheduled__2024-05-22T00:00:00+00:00 [queued]>
[2024-11-26T19:25:15.496+0000] {taskinstance.py:1165} INFO - Dependencies all met for <TaskInstance: demo.hello scheduled__2024-05-22T00:00:00+00:00 [queued]>
[2024-11-26T19:25:15.496+0000] {taskinstance.py:1362} INFO - 
--------------------------------------------------------------------------------
[2024-11-26T19:25:15.497+0000] {taskinstance.py:1363} INFO - Starting attempt 1 of 1
[2024-11-26T19:25:15.498+0000] {taskinstance.py:1364} INFO - 
--------------------------------------------------------------------------------
[2024-11-26T19:25:15.531+0000] {taskinstance.py:1383} INFO - Executing <Task(BashOperator): hello> on 2024-05-22 00:00:00+00:00
[2024-11-26T19:25:15.539+0000] {standard_task_runner.py:55} INFO - Started process 4593 to run task
[2024-11-26T19:25:15.544+0000] {standard_task_runner.py:82} INFO - Running: ['***', 'tasks', 'run', 'demo', 'hello', 'scheduled__2024-05-22T00:00:00+00:00', '--job-id', '1791', '--raw', '--subdir', 'DAGS_FOLDER/demo.py', '--cfg-path', '/tmp/tmpyx4a4hzu']
[2024-11-26T19:25:15.552+0000] {standard_task_runner.py:83} INFO - Job 1791: Subtask hello
[2024-11-26T19:25:15.726+0000] {task_command.py:376} INFO - Running <TaskInstance: demo.hello scheduled__2024-05-22T00:00:00+00:00 [running]> on host ece2bbff80df
[2024-11-26T19:25:15.945+0000] {taskinstance.py:1592} INFO - Exporting the following env vars:
AIRFLOW_CTX_DAG_OWNER=***
AIRFLOW_CTX_DAG_ID=demo
AIRFLOW_CTX_TASK_ID=hello
AIRFLOW_CTX_EXECUTION_DATE=2024-05-22T00:00:00+00:00
AIRFLOW_CTX_TRY_NUMBER=1
AIRFLOW_CTX_DAG_RUN_ID=scheduled__2024-05-22T00:00:00+00:00
[2024-11-26T19:25:15.951+0000] {subprocess.py:63} INFO - Tmp dir root location: 
 /tmp
[2024-11-26T19:25:15.953+0000] {subprocess.py:75} INFO - Running command: ['/bin/bash', '-c', 'echo hello soundarya']
[2024-11-26T19:25:15.978+0000] {subprocess.py:86} INFO - Output:
[2024-11-26T19:25:15.980+0000] {subprocess.py:93} INFO - hello soundarya
[2024-11-26T19:25:15.981+0000] {subprocess.py:97} INFO - Command exited with return code 0
[2024-11-26T19:25:16.056+0000] {taskinstance.py:1406} INFO - Marking task as SUCCESS. dag_id=demo, task_id=hello, execution_date=20240522T000000, start_date=20241126T192515, end_date=20241126T192516
[2024-11-26T19:25:16.122+0000] {local_task_job.py:164} INFO - Task exited with return code 0
[2024-11-26T19:25:16.210+0000] {local_task_job.py:273} INFO - 1 downstream tasks scheduled from follow-on schedule check
