[2024-11-26T19:18:15.820+0000] {taskinstance.py:1165} INFO - Dependencies all met for <TaskInstance: demo.hello scheduled__2023-03-12T00:00:00+00:00 [queued]>
[2024-11-26T19:18:15.854+0000] {taskinstance.py:1165} INFO - Dependencies all met for <TaskInstance: demo.hello scheduled__2023-03-12T00:00:00+00:00 [queued]>
[2024-11-26T19:18:15.855+0000] {taskinstance.py:1362} INFO - 
--------------------------------------------------------------------------------
[2024-11-26T19:18:15.856+0000] {taskinstance.py:1363} INFO - Starting attempt 1 of 1
[2024-11-26T19:18:15.856+0000] {taskinstance.py:1364} INFO - 
--------------------------------------------------------------------------------
[2024-11-26T19:18:15.922+0000] {taskinstance.py:1383} INFO - Executing <Task(BashOperator): hello> on 2023-03-12 00:00:00+00:00
[2024-11-26T19:18:15.943+0000] {standard_task_runner.py:55} INFO - Started process 2124 to run task
[2024-11-26T19:18:15.946+0000] {standard_task_runner.py:82} INFO - Running: ['***', 'tasks', 'run', 'demo', 'hello', 'scheduled__2023-03-12T00:00:00+00:00', '--job-id', '917', '--raw', '--subdir', 'DAGS_FOLDER/demo.py', '--cfg-path', '/tmp/tmpw0rf8s7v']
[2024-11-26T19:18:15.948+0000] {standard_task_runner.py:83} INFO - Job 917: Subtask hello
[2024-11-26T19:18:16.319+0000] {task_command.py:376} INFO - Running <TaskInstance: demo.hello scheduled__2023-03-12T00:00:00+00:00 [running]> on host ece2bbff80df
[2024-11-26T19:18:16.830+0000] {taskinstance.py:1592} INFO - Exporting the following env vars:
AIRFLOW_CTX_DAG_OWNER=***
AIRFLOW_CTX_DAG_ID=demo
AIRFLOW_CTX_TASK_ID=hello
AIRFLOW_CTX_EXECUTION_DATE=2023-03-12T00:00:00+00:00
AIRFLOW_CTX_TRY_NUMBER=1
AIRFLOW_CTX_DAG_RUN_ID=scheduled__2023-03-12T00:00:00+00:00
[2024-11-26T19:18:16.837+0000] {subprocess.py:63} INFO - Tmp dir root location: 
 /tmp
[2024-11-26T19:18:16.839+0000] {subprocess.py:75} INFO - Running command: ['/bin/bash', '-c', 'echo hello soundarya']
[2024-11-26T19:18:16.876+0000] {subprocess.py:86} INFO - Output:
[2024-11-26T19:18:16.885+0000] {subprocess.py:93} INFO - hello soundarya
[2024-11-26T19:18:16.891+0000] {subprocess.py:97} INFO - Command exited with return code 0
[2024-11-26T19:18:16.994+0000] {taskinstance.py:1406} INFO - Marking task as SUCCESS. dag_id=demo, task_id=hello, execution_date=20230312T000000, start_date=20241126T191815, end_date=20241126T191816
[2024-11-26T19:18:17.100+0000] {local_task_job.py:164} INFO - Task exited with return code 0
[2024-11-26T19:18:17.264+0000] {local_task_job.py:273} INFO - 0 downstream tasks scheduled from follow-on schedule check
