[2024-11-26T19:24:06.212+0000] {taskinstance.py:1165} INFO - Dependencies all met for <TaskInstance: demo.hello scheduled__2024-03-09T00:00:00+00:00 [queued]>
[2024-11-26T19:24:06.232+0000] {taskinstance.py:1165} INFO - Dependencies all met for <TaskInstance: demo.hello scheduled__2024-03-09T00:00:00+00:00 [queued]>
[2024-11-26T19:24:06.233+0000] {taskinstance.py:1362} INFO - 
--------------------------------------------------------------------------------
[2024-11-26T19:24:06.234+0000] {taskinstance.py:1363} INFO - Starting attempt 1 of 1
[2024-11-26T19:24:06.234+0000] {taskinstance.py:1364} INFO - 
--------------------------------------------------------------------------------
[2024-11-26T19:24:06.309+0000] {taskinstance.py:1383} INFO - Executing <Task(BashOperator): hello> on 2024-03-09 00:00:00+00:00
[2024-11-26T19:24:06.324+0000] {standard_task_runner.py:55} INFO - Started process 4180 to run task
[2024-11-26T19:24:06.335+0000] {standard_task_runner.py:82} INFO - Running: ['***', 'tasks', 'run', 'demo', 'hello', 'scheduled__2024-03-09T00:00:00+00:00', '--job-id', '1643', '--raw', '--subdir', 'DAGS_FOLDER/demo.py', '--cfg-path', '/tmp/tmpgkp2ztc1']
[2024-11-26T19:24:06.336+0000] {standard_task_runner.py:83} INFO - Job 1643: Subtask hello
[2024-11-26T19:24:06.563+0000] {task_command.py:376} INFO - Running <TaskInstance: demo.hello scheduled__2024-03-09T00:00:00+00:00 [running]> on host ece2bbff80df
[2024-11-26T19:24:06.862+0000] {taskinstance.py:1592} INFO - Exporting the following env vars:
AIRFLOW_CTX_DAG_OWNER=***
AIRFLOW_CTX_DAG_ID=demo
AIRFLOW_CTX_TASK_ID=hello
AIRFLOW_CTX_EXECUTION_DATE=2024-03-09T00:00:00+00:00
AIRFLOW_CTX_TRY_NUMBER=1
AIRFLOW_CTX_DAG_RUN_ID=scheduled__2024-03-09T00:00:00+00:00
[2024-11-26T19:24:06.864+0000] {subprocess.py:63} INFO - Tmp dir root location: 
 /tmp
[2024-11-26T19:24:06.877+0000] {subprocess.py:75} INFO - Running command: ['/bin/bash', '-c', 'echo hello soundarya']
[2024-11-26T19:24:06.897+0000] {subprocess.py:86} INFO - Output:
[2024-11-26T19:24:06.900+0000] {subprocess.py:93} INFO - hello soundarya
[2024-11-26T19:24:06.901+0000] {subprocess.py:97} INFO - Command exited with return code 0
[2024-11-26T19:24:06.966+0000] {taskinstance.py:1406} INFO - Marking task as SUCCESS. dag_id=demo, task_id=hello, execution_date=20240309T000000, start_date=20241126T192406, end_date=20241126T192406
[2024-11-26T19:24:07.035+0000] {local_task_job.py:164} INFO - Task exited with return code 0
[2024-11-26T19:24:07.088+0000] {local_task_job.py:273} INFO - 1 downstream tasks scheduled from follow-on schedule check
