[2024-11-26T19:27:25.341+0000] {taskinstance.py:1165} INFO - Dependencies all met for <TaskInstance: demo.hello scheduled__2024-09-24T00:00:00+00:00 [queued]>
[2024-11-26T19:27:25.357+0000] {taskinstance.py:1165} INFO - Dependencies all met for <TaskInstance: demo.hello scheduled__2024-09-24T00:00:00+00:00 [queued]>
[2024-11-26T19:27:25.357+0000] {taskinstance.py:1362} INFO - 
--------------------------------------------------------------------------------
[2024-11-26T19:27:25.358+0000] {taskinstance.py:1363} INFO - Starting attempt 1 of 1
[2024-11-26T19:27:25.358+0000] {taskinstance.py:1364} INFO - 
--------------------------------------------------------------------------------
[2024-11-26T19:27:25.392+0000] {taskinstance.py:1383} INFO - Executing <Task(BashOperator): hello> on 2024-09-24 00:00:00+00:00
[2024-11-26T19:27:25.399+0000] {standard_task_runner.py:55} INFO - Started process 5305 to run task
[2024-11-26T19:27:25.407+0000] {standard_task_runner.py:82} INFO - Running: ['***', 'tasks', 'run', 'demo', 'hello', 'scheduled__2024-09-24T00:00:00+00:00', '--job-id', '2039', '--raw', '--subdir', 'DAGS_FOLDER/demo.py', '--cfg-path', '/tmp/tmpyx6wph66']
[2024-11-26T19:27:25.407+0000] {standard_task_runner.py:83} INFO - Job 2039: Subtask hello
[2024-11-26T19:27:25.550+0000] {task_command.py:376} INFO - Running <TaskInstance: demo.hello scheduled__2024-09-24T00:00:00+00:00 [running]> on host ece2bbff80df
[2024-11-26T19:27:25.733+0000] {taskinstance.py:1592} INFO - Exporting the following env vars:
AIRFLOW_CTX_DAG_OWNER=***
AIRFLOW_CTX_DAG_ID=demo
AIRFLOW_CTX_TASK_ID=hello
AIRFLOW_CTX_EXECUTION_DATE=2024-09-24T00:00:00+00:00
AIRFLOW_CTX_TRY_NUMBER=1
AIRFLOW_CTX_DAG_RUN_ID=scheduled__2024-09-24T00:00:00+00:00
[2024-11-26T19:27:25.737+0000] {subprocess.py:63} INFO - Tmp dir root location: 
 /tmp
[2024-11-26T19:27:25.738+0000] {subprocess.py:75} INFO - Running command: ['/bin/bash', '-c', 'echo hello soundarya']
[2024-11-26T19:27:25.769+0000] {subprocess.py:86} INFO - Output:
[2024-11-26T19:27:25.771+0000] {subprocess.py:93} INFO - hello soundarya
[2024-11-26T19:27:25.772+0000] {subprocess.py:97} INFO - Command exited with return code 0
[2024-11-26T19:27:25.875+0000] {taskinstance.py:1406} INFO - Marking task as SUCCESS. dag_id=demo, task_id=hello, execution_date=20240924T000000, start_date=20241126T192725, end_date=20241126T192725
[2024-11-26T19:27:25.952+0000] {local_task_job.py:164} INFO - Task exited with return code 0
[2024-11-26T19:27:26.087+0000] {local_task_job.py:273} INFO - 0 downstream tasks scheduled from follow-on schedule check
