[2024-11-26T19:12:24.709+0000] {taskinstance.py:1165} INFO - Dependencies all met for <TaskInstance: demo.hello scheduled__2022-04-26T00:00:00+00:00 [queued]>
[2024-11-26T19:12:24.745+0000] {taskinstance.py:1165} INFO - Dependencies all met for <TaskInstance: demo.hello scheduled__2022-04-26T00:00:00+00:00 [queued]>
[2024-11-26T19:12:24.746+0000] {taskinstance.py:1362} INFO - 
--------------------------------------------------------------------------------
[2024-11-26T19:12:24.747+0000] {taskinstance.py:1363} INFO - Starting attempt 1 of 1
[2024-11-26T19:12:24.748+0000] {taskinstance.py:1364} INFO - 
--------------------------------------------------------------------------------
[2024-11-26T19:12:24.781+0000] {taskinstance.py:1383} INFO - Executing <Task(BashOperator): hello> on 2022-04-26 00:00:00+00:00
[2024-11-26T19:12:24.797+0000] {standard_task_runner.py:55} INFO - Started process 294 to run task
[2024-11-26T19:12:24.807+0000] {standard_task_runner.py:82} INFO - Running: ['***', 'tasks', 'run', 'demo', 'hello', 'scheduled__2022-04-26T00:00:00+00:00', '--job-id', '272', '--raw', '--subdir', 'DAGS_FOLDER/demo.py', '--cfg-path', '/tmp/tmp5y0c7aq6']
[2024-11-26T19:12:24.809+0000] {standard_task_runner.py:83} INFO - Job 272: Subtask hello
[2024-11-26T19:12:24.923+0000] {task_command.py:376} INFO - Running <TaskInstance: demo.hello scheduled__2022-04-26T00:00:00+00:00 [running]> on host ece2bbff80df
[2024-11-26T19:12:25.206+0000] {taskinstance.py:1592} INFO - Exporting the following env vars:
AIRFLOW_CTX_DAG_OWNER=***
AIRFLOW_CTX_DAG_ID=demo
AIRFLOW_CTX_TASK_ID=hello
AIRFLOW_CTX_EXECUTION_DATE=2022-04-26T00:00:00+00:00
AIRFLOW_CTX_TRY_NUMBER=1
AIRFLOW_CTX_DAG_RUN_ID=scheduled__2022-04-26T00:00:00+00:00
[2024-11-26T19:12:25.210+0000] {subprocess.py:63} INFO - Tmp dir root location: 
 /tmp
[2024-11-26T19:12:25.211+0000] {subprocess.py:75} INFO - Running command: ['/bin/bash', '-c', 'echo hello soundarya']
[2024-11-26T19:12:25.228+0000] {subprocess.py:86} INFO - Output:
[2024-11-26T19:12:25.231+0000] {subprocess.py:93} INFO - hello soundarya
[2024-11-26T19:12:25.232+0000] {subprocess.py:97} INFO - Command exited with return code 0
[2024-11-26T19:12:25.302+0000] {taskinstance.py:1406} INFO - Marking task as SUCCESS. dag_id=demo, task_id=hello, execution_date=20220426T000000, start_date=20241126T191224, end_date=20241126T191225
[2024-11-26T19:12:25.354+0000] {local_task_job.py:164} INFO - Task exited with return code 0
[2024-11-26T19:12:25.685+0000] {local_task_job.py:273} INFO - 0 downstream tasks scheduled from follow-on schedule check
