[2024-11-26T19:11:48.028+0000] {taskinstance.py:1165} INFO - Dependencies all met for <TaskInstance: demo.hello scheduled__2022-03-27T00:00:00+00:00 [queued]>
[2024-11-26T19:11:48.101+0000] {taskinstance.py:1165} INFO - Dependencies all met for <TaskInstance: demo.hello scheduled__2022-03-27T00:00:00+00:00 [queued]>
[2024-11-26T19:11:48.108+0000] {taskinstance.py:1362} INFO - 
--------------------------------------------------------------------------------
[2024-11-26T19:11:48.116+0000] {taskinstance.py:1363} INFO - Starting attempt 1 of 1
[2024-11-26T19:11:48.120+0000] {taskinstance.py:1364} INFO - 
--------------------------------------------------------------------------------
[2024-11-26T19:11:48.219+0000] {taskinstance.py:1383} INFO - Executing <Task(BashOperator): hello> on 2022-03-27 00:00:00+00:00
[2024-11-26T19:11:48.243+0000] {standard_task_runner.py:55} INFO - Started process 96 to run task
[2024-11-26T19:11:48.284+0000] {standard_task_runner.py:82} INFO - Running: ['***', 'tasks', 'run', 'demo', 'hello', 'scheduled__2022-03-27T00:00:00+00:00', '--job-id', '204', '--raw', '--subdir', 'DAGS_FOLDER/demo.py', '--cfg-path', '/tmp/tmpznjvacvc']
[2024-11-26T19:11:48.286+0000] {standard_task_runner.py:83} INFO - Job 204: Subtask hello
[2024-11-26T19:11:48.949+0000] {task_command.py:376} INFO - Running <TaskInstance: demo.hello scheduled__2022-03-27T00:00:00+00:00 [running]> on host ece2bbff80df
[2024-11-26T19:11:49.922+0000] {taskinstance.py:1592} INFO - Exporting the following env vars:
AIRFLOW_CTX_DAG_OWNER=***
AIRFLOW_CTX_DAG_ID=demo
AIRFLOW_CTX_TASK_ID=hello
AIRFLOW_CTX_EXECUTION_DATE=2022-03-27T00:00:00+00:00
AIRFLOW_CTX_TRY_NUMBER=1
AIRFLOW_CTX_DAG_RUN_ID=scheduled__2022-03-27T00:00:00+00:00
[2024-11-26T19:11:49.936+0000] {subprocess.py:63} INFO - Tmp dir root location: 
 /tmp
[2024-11-26T19:11:49.938+0000] {subprocess.py:75} INFO - Running command: ['/bin/bash', '-c', 'echo hello soundarya']
[2024-11-26T19:11:50.017+0000] {subprocess.py:86} INFO - Output:
[2024-11-26T19:11:50.049+0000] {subprocess.py:93} INFO - hello soundarya
[2024-11-26T19:11:50.050+0000] {subprocess.py:97} INFO - Command exited with return code 0
[2024-11-26T19:11:50.342+0000] {taskinstance.py:1406} INFO - Marking task as SUCCESS. dag_id=demo, task_id=hello, execution_date=20220327T000000, start_date=20241126T191148, end_date=20241126T191150
[2024-11-26T19:11:50.705+0000] {local_task_job.py:164} INFO - Task exited with return code 0
[2024-11-26T19:11:51.128+0000] {local_task_job.py:273} INFO - 0 downstream tasks scheduled from follow-on schedule check
