[2024-11-26T19:16:14.388+0000] {taskinstance.py:1165} INFO - Dependencies all met for <TaskInstance: demo.hello scheduled__2022-11-19T00:00:00+00:00 [queued]>
[2024-11-26T19:16:14.422+0000] {taskinstance.py:1165} INFO - Dependencies all met for <TaskInstance: demo.hello scheduled__2022-11-19T00:00:00+00:00 [queued]>
[2024-11-26T19:16:14.425+0000] {taskinstance.py:1362} INFO - 
--------------------------------------------------------------------------------
[2024-11-26T19:16:14.428+0000] {taskinstance.py:1363} INFO - Starting attempt 1 of 1
[2024-11-26T19:16:14.430+0000] {taskinstance.py:1364} INFO - 
--------------------------------------------------------------------------------
[2024-11-26T19:16:14.604+0000] {taskinstance.py:1383} INFO - Executing <Task(BashOperator): hello> on 2022-11-19 00:00:00+00:00
[2024-11-26T19:16:14.631+0000] {standard_task_runner.py:55} INFO - Started process 1485 to run task
[2024-11-26T19:16:14.665+0000] {standard_task_runner.py:82} INFO - Running: ['***', 'tasks', 'run', 'demo', 'hello', 'scheduled__2022-11-19T00:00:00+00:00', '--job-id', '691', '--raw', '--subdir', 'DAGS_FOLDER/demo.py', '--cfg-path', '/tmp/tmphe9ibr2e']
[2024-11-26T19:16:14.671+0000] {standard_task_runner.py:83} INFO - Job 691: Subtask hello
[2024-11-26T19:16:15.051+0000] {task_command.py:376} INFO - Running <TaskInstance: demo.hello scheduled__2022-11-19T00:00:00+00:00 [running]> on host ece2bbff80df
[2024-11-26T19:16:15.476+0000] {taskinstance.py:1592} INFO - Exporting the following env vars:
AIRFLOW_CTX_DAG_OWNER=***
AIRFLOW_CTX_DAG_ID=demo
AIRFLOW_CTX_TASK_ID=hello
AIRFLOW_CTX_EXECUTION_DATE=2022-11-19T00:00:00+00:00
AIRFLOW_CTX_TRY_NUMBER=1
AIRFLOW_CTX_DAG_RUN_ID=scheduled__2022-11-19T00:00:00+00:00
[2024-11-26T19:16:15.485+0000] {subprocess.py:63} INFO - Tmp dir root location: 
 /tmp
[2024-11-26T19:16:15.487+0000] {subprocess.py:75} INFO - Running command: ['/bin/bash', '-c', 'echo hello soundarya']
[2024-11-26T19:16:15.517+0000] {subprocess.py:86} INFO - Output:
[2024-11-26T19:16:15.521+0000] {subprocess.py:93} INFO - hello soundarya
[2024-11-26T19:16:15.529+0000] {subprocess.py:97} INFO - Command exited with return code 0
[2024-11-26T19:16:15.653+0000] {taskinstance.py:1406} INFO - Marking task as SUCCESS. dag_id=demo, task_id=hello, execution_date=20221119T000000, start_date=20241126T191614, end_date=20241126T191615
[2024-11-26T19:16:15.743+0000] {local_task_job.py:164} INFO - Task exited with return code 0
[2024-11-26T19:16:16.160+0000] {local_task_job.py:273} INFO - 0 downstream tasks scheduled from follow-on schedule check
