[2024-11-29T02:08:46.093+0000] {processor.py:154} INFO - Started process (PID=46) to work on /opt/airflow/dags/demo.py
[2024-11-29T02:08:46.095+0000] {processor.py:756} INFO - Processing file /opt/airflow/dags/demo.py for tasks to queue
[2024-11-29T02:08:46.097+0000] {logging_mixin.py:120} INFO - [2024-11-29T02:08:46.096+0000] {dagbag.py:537} INFO - Filling up the DagBag from /opt/airflow/dags/demo.py
[2024-11-29T02:08:46.155+0000] {processor.py:766} INFO - DAG(s) dict_keys(['demo']) retrieved from /opt/airflow/dags/demo.py
[2024-11-29T02:08:46.214+0000] {logging_mixin.py:120} INFO - [2024-11-29T02:08:46.214+0000] {dag.py:2585} INFO - Sync 1 DAGs
[2024-11-29T02:08:46.297+0000] {logging_mixin.py:120} INFO - [2024-11-29T02:08:46.297+0000] {dag.py:3340} INFO - Setting next_dagrun for demo to 2024-11-28T00:00:00+00:00, run_after=2024-11-29T00:00:00+00:00
[2024-11-29T02:08:46.347+0000] {processor.py:176} INFO - Processing /opt/airflow/dags/demo.py took 0.260 seconds
[2024-11-29T02:09:36.555+0000] {processor.py:154} INFO - Started process (PID=47) to work on /opt/airflow/dags/demo.py
[2024-11-29T02:09:36.558+0000] {processor.py:756} INFO - Processing file /opt/airflow/dags/demo.py for tasks to queue
[2024-11-29T02:09:36.559+0000] {logging_mixin.py:120} INFO - [2024-11-29T02:09:36.559+0000] {dagbag.py:537} INFO - Filling up the DagBag from /opt/airflow/dags/demo.py
[2024-11-29T02:09:36.640+0000] {processor.py:766} INFO - DAG(s) dict_keys(['demo']) retrieved from /opt/airflow/dags/demo.py
[2024-11-29T02:09:36.719+0000] {logging_mixin.py:120} INFO - [2024-11-29T02:09:36.718+0000] {dag.py:2585} INFO - Sync 1 DAGs
[2024-11-29T02:09:36.778+0000] {logging_mixin.py:120} INFO - [2024-11-29T02:09:36.776+0000] {dag.py:3340} INFO - Setting next_dagrun for demo to 2024-11-29T00:00:00+00:00, run_after=2024-11-30T00:00:00+00:00
[2024-11-29T02:09:36.831+0000] {processor.py:176} INFO - Processing /opt/airflow/dags/demo.py took 0.288 seconds
[2024-11-29T02:10:07.725+0000] {processor.py:154} INFO - Started process (PID=102) to work on /opt/airflow/dags/demo.py
[2024-11-29T02:10:07.730+0000] {processor.py:756} INFO - Processing file /opt/airflow/dags/demo.py for tasks to queue
[2024-11-29T02:10:07.733+0000] {logging_mixin.py:120} INFO - [2024-11-29T02:10:07.733+0000] {dagbag.py:537} INFO - Filling up the DagBag from /opt/airflow/dags/demo.py
[2024-11-29T02:10:07.793+0000] {processor.py:766} INFO - DAG(s) dict_keys(['demo']) retrieved from /opt/airflow/dags/demo.py
[2024-11-29T02:10:07.843+0000] {logging_mixin.py:120} INFO - [2024-11-29T02:10:07.843+0000] {dag.py:2585} INFO - Sync 1 DAGs
[2024-11-29T02:10:07.885+0000] {logging_mixin.py:120} INFO - [2024-11-29T02:10:07.885+0000] {dag.py:3340} INFO - Setting next_dagrun for demo to 2024-11-29T00:00:00+00:00, run_after=2024-11-30T00:00:00+00:00
[2024-11-29T02:10:07.928+0000] {processor.py:176} INFO - Processing /opt/airflow/dags/demo.py took 0.213 seconds
[2024-11-29T02:10:38.033+0000] {processor.py:154} INFO - Started process (PID=167) to work on /opt/airflow/dags/demo.py
[2024-11-29T02:10:38.034+0000] {processor.py:756} INFO - Processing file /opt/airflow/dags/demo.py for tasks to queue
[2024-11-29T02:10:38.035+0000] {logging_mixin.py:120} INFO - [2024-11-29T02:10:38.035+0000] {dagbag.py:537} INFO - Filling up the DagBag from /opt/airflow/dags/demo.py
[2024-11-29T02:10:38.085+0000] {processor.py:766} INFO - DAG(s) dict_keys(['demo']) retrieved from /opt/airflow/dags/demo.py
[2024-11-29T02:10:38.138+0000] {logging_mixin.py:120} INFO - [2024-11-29T02:10:38.138+0000] {dag.py:2585} INFO - Sync 1 DAGs
[2024-11-29T02:10:38.179+0000] {logging_mixin.py:120} INFO - [2024-11-29T02:10:38.179+0000] {dag.py:3340} INFO - Setting next_dagrun for demo to 2024-11-29T00:00:00+00:00, run_after=2024-11-30T00:00:00+00:00
[2024-11-29T02:10:38.214+0000] {processor.py:176} INFO - Processing /opt/airflow/dags/demo.py took 0.185 seconds
[2024-11-29T02:11:09.082+0000] {processor.py:154} INFO - Started process (PID=222) to work on /opt/airflow/dags/demo.py
[2024-11-29T02:11:09.085+0000] {processor.py:756} INFO - Processing file /opt/airflow/dags/demo.py for tasks to queue
[2024-11-29T02:11:09.086+0000] {logging_mixin.py:120} INFO - [2024-11-29T02:11:09.086+0000] {dagbag.py:537} INFO - Filling up the DagBag from /opt/airflow/dags/demo.py
[2024-11-29T02:11:09.141+0000] {processor.py:766} INFO - DAG(s) dict_keys(['demo']) retrieved from /opt/airflow/dags/demo.py
[2024-11-29T02:11:09.198+0000] {logging_mixin.py:120} INFO - [2024-11-29T02:11:09.198+0000] {dag.py:2585} INFO - Sync 1 DAGs
[2024-11-29T02:11:09.241+0000] {logging_mixin.py:120} INFO - [2024-11-29T02:11:09.241+0000] {dag.py:3340} INFO - Setting next_dagrun for demo to 2024-11-29T00:00:00+00:00, run_after=2024-11-30T00:00:00+00:00
[2024-11-29T02:11:09.276+0000] {processor.py:176} INFO - Processing /opt/airflow/dags/demo.py took 0.204 seconds
[2024-11-29T02:11:39.668+0000] {processor.py:154} INFO - Started process (PID=286) to work on /opt/airflow/dags/demo.py
[2024-11-29T02:11:39.673+0000] {processor.py:756} INFO - Processing file /opt/airflow/dags/demo.py for tasks to queue
[2024-11-29T02:11:39.676+0000] {logging_mixin.py:120} INFO - [2024-11-29T02:11:39.674+0000] {dagbag.py:537} INFO - Filling up the DagBag from /opt/airflow/dags/demo.py
[2024-11-29T02:11:39.717+0000] {processor.py:766} INFO - DAG(s) dict_keys(['demo']) retrieved from /opt/airflow/dags/demo.py
[2024-11-29T02:11:39.761+0000] {logging_mixin.py:120} INFO - [2024-11-29T02:11:39.761+0000] {dag.py:2585} INFO - Sync 1 DAGs
[2024-11-29T02:11:39.798+0000] {logging_mixin.py:120} INFO - [2024-11-29T02:11:39.798+0000] {dag.py:3340} INFO - Setting next_dagrun for demo to 2024-11-29T00:00:00+00:00, run_after=2024-11-30T00:00:00+00:00
[2024-11-29T02:11:39.834+0000] {processor.py:176} INFO - Processing /opt/airflow/dags/demo.py took 0.172 seconds
[2024-11-29T02:12:10.170+0000] {processor.py:154} INFO - Started process (PID=341) to work on /opt/airflow/dags/demo.py
[2024-11-29T02:12:10.171+0000] {processor.py:756} INFO - Processing file /opt/airflow/dags/demo.py for tasks to queue
[2024-11-29T02:12:10.172+0000] {logging_mixin.py:120} INFO - [2024-11-29T02:12:10.172+0000] {dagbag.py:537} INFO - Filling up the DagBag from /opt/airflow/dags/demo.py
[2024-11-29T02:12:10.218+0000] {processor.py:766} INFO - DAG(s) dict_keys(['demo']) retrieved from /opt/airflow/dags/demo.py
[2024-11-29T02:12:10.265+0000] {logging_mixin.py:120} INFO - [2024-11-29T02:12:10.265+0000] {dag.py:2585} INFO - Sync 1 DAGs
[2024-11-29T02:12:10.308+0000] {logging_mixin.py:120} INFO - [2024-11-29T02:12:10.308+0000] {dag.py:3340} INFO - Setting next_dagrun for demo to 2024-11-29T00:00:00+00:00, run_after=2024-11-30T00:00:00+00:00
[2024-11-29T02:12:10.350+0000] {processor.py:176} INFO - Processing /opt/airflow/dags/demo.py took 0.186 seconds
[2024-11-29T02:12:40.788+0000] {processor.py:154} INFO - Started process (PID=405) to work on /opt/airflow/dags/demo.py
[2024-11-29T02:12:40.790+0000] {processor.py:756} INFO - Processing file /opt/airflow/dags/demo.py for tasks to queue
[2024-11-29T02:12:40.791+0000] {logging_mixin.py:120} INFO - [2024-11-29T02:12:40.791+0000] {dagbag.py:537} INFO - Filling up the DagBag from /opt/airflow/dags/demo.py
[2024-11-29T02:12:40.832+0000] {processor.py:766} INFO - DAG(s) dict_keys(['demo']) retrieved from /opt/airflow/dags/demo.py
[2024-11-29T02:12:40.882+0000] {logging_mixin.py:120} INFO - [2024-11-29T02:12:40.882+0000] {dag.py:2585} INFO - Sync 1 DAGs
[2024-11-29T02:12:40.911+0000] {logging_mixin.py:120} INFO - [2024-11-29T02:12:40.910+0000] {dag.py:3340} INFO - Setting next_dagrun for demo to 2024-11-29T00:00:00+00:00, run_after=2024-11-30T00:00:00+00:00
[2024-11-29T02:12:40.937+0000] {processor.py:176} INFO - Processing /opt/airflow/dags/demo.py took 0.154 seconds
[2024-11-29T02:13:11.221+0000] {processor.py:154} INFO - Started process (PID=469) to work on /opt/airflow/dags/demo.py
[2024-11-29T02:13:11.223+0000] {processor.py:756} INFO - Processing file /opt/airflow/dags/demo.py for tasks to queue
[2024-11-29T02:13:11.224+0000] {logging_mixin.py:120} INFO - [2024-11-29T02:13:11.224+0000] {dagbag.py:537} INFO - Filling up the DagBag from /opt/airflow/dags/demo.py
[2024-11-29T02:13:11.268+0000] {processor.py:766} INFO - DAG(s) dict_keys(['demo']) retrieved from /opt/airflow/dags/demo.py
[2024-11-29T02:13:11.321+0000] {logging_mixin.py:120} INFO - [2024-11-29T02:13:11.321+0000] {dag.py:2585} INFO - Sync 1 DAGs
[2024-11-29T02:13:11.357+0000] {logging_mixin.py:120} INFO - [2024-11-29T02:13:11.357+0000] {dag.py:3340} INFO - Setting next_dagrun for demo to 2024-11-29T00:00:00+00:00, run_after=2024-11-30T00:00:00+00:00
[2024-11-29T02:13:11.402+0000] {processor.py:176} INFO - Processing /opt/airflow/dags/demo.py took 0.185 seconds
[2024-11-29T02:13:41.708+0000] {processor.py:154} INFO - Started process (PID=524) to work on /opt/airflow/dags/demo.py
[2024-11-29T02:13:41.710+0000] {processor.py:756} INFO - Processing file /opt/airflow/dags/demo.py for tasks to queue
[2024-11-29T02:13:41.712+0000] {logging_mixin.py:120} INFO - [2024-11-29T02:13:41.711+0000] {dagbag.py:537} INFO - Filling up the DagBag from /opt/airflow/dags/demo.py
[2024-11-29T02:13:41.757+0000] {processor.py:766} INFO - DAG(s) dict_keys(['demo']) retrieved from /opt/airflow/dags/demo.py
[2024-11-29T02:13:41.811+0000] {logging_mixin.py:120} INFO - [2024-11-29T02:13:41.810+0000] {dag.py:2585} INFO - Sync 1 DAGs
[2024-11-29T02:13:41.846+0000] {logging_mixin.py:120} INFO - [2024-11-29T02:13:41.846+0000] {dag.py:3340} INFO - Setting next_dagrun for demo to 2024-11-29T00:00:00+00:00, run_after=2024-11-30T00:00:00+00:00
[2024-11-29T02:13:41.870+0000] {processor.py:176} INFO - Processing /opt/airflow/dags/demo.py took 0.171 seconds
[2024-11-29T02:14:12.720+0000] {processor.py:154} INFO - Started process (PID=590) to work on /opt/airflow/dags/demo.py
[2024-11-29T02:14:12.721+0000] {processor.py:756} INFO - Processing file /opt/airflow/dags/demo.py for tasks to queue
[2024-11-29T02:14:12.722+0000] {logging_mixin.py:120} INFO - [2024-11-29T02:14:12.722+0000] {dagbag.py:537} INFO - Filling up the DagBag from /opt/airflow/dags/demo.py
[2024-11-29T02:14:12.756+0000] {processor.py:766} INFO - DAG(s) dict_keys(['demo']) retrieved from /opt/airflow/dags/demo.py
[2024-11-29T02:14:12.798+0000] {logging_mixin.py:120} INFO - [2024-11-29T02:14:12.798+0000] {dag.py:2585} INFO - Sync 1 DAGs
[2024-11-29T02:14:12.829+0000] {logging_mixin.py:120} INFO - [2024-11-29T02:14:12.829+0000] {dag.py:3340} INFO - Setting next_dagrun for demo to 2024-11-29T00:00:00+00:00, run_after=2024-11-30T00:00:00+00:00
[2024-11-29T02:14:12.866+0000] {processor.py:176} INFO - Processing /opt/airflow/dags/demo.py took 0.150 seconds
[2024-11-29T02:14:43.580+0000] {processor.py:154} INFO - Started process (PID=655) to work on /opt/airflow/dags/demo.py
[2024-11-29T02:14:43.582+0000] {processor.py:756} INFO - Processing file /opt/airflow/dags/demo.py for tasks to queue
[2024-11-29T02:14:43.583+0000] {logging_mixin.py:120} INFO - [2024-11-29T02:14:43.583+0000] {dagbag.py:537} INFO - Filling up the DagBag from /opt/airflow/dags/demo.py
[2024-11-29T02:14:43.631+0000] {processor.py:766} INFO - DAG(s) dict_keys(['demo']) retrieved from /opt/airflow/dags/demo.py
[2024-11-29T02:14:43.683+0000] {logging_mixin.py:120} INFO - [2024-11-29T02:14:43.683+0000] {dag.py:2585} INFO - Sync 1 DAGs
[2024-11-29T02:14:43.718+0000] {logging_mixin.py:120} INFO - [2024-11-29T02:14:43.718+0000] {dag.py:3340} INFO - Setting next_dagrun for demo to 2024-11-29T00:00:00+00:00, run_after=2024-11-30T00:00:00+00:00
[2024-11-29T02:14:43.746+0000] {processor.py:176} INFO - Processing /opt/airflow/dags/demo.py took 0.171 seconds
[2024-11-29T02:15:14.021+0000] {processor.py:154} INFO - Started process (PID=710) to work on /opt/airflow/dags/demo.py
[2024-11-29T02:15:14.023+0000] {processor.py:756} INFO - Processing file /opt/airflow/dags/demo.py for tasks to queue
[2024-11-29T02:15:14.024+0000] {logging_mixin.py:120} INFO - [2024-11-29T02:15:14.024+0000] {dagbag.py:537} INFO - Filling up the DagBag from /opt/airflow/dags/demo.py
[2024-11-29T02:15:14.071+0000] {processor.py:766} INFO - DAG(s) dict_keys(['demo']) retrieved from /opt/airflow/dags/demo.py
[2024-11-29T02:15:14.116+0000] {logging_mixin.py:120} INFO - [2024-11-29T02:15:14.116+0000] {dag.py:2585} INFO - Sync 1 DAGs
[2024-11-29T02:15:14.145+0000] {logging_mixin.py:120} INFO - [2024-11-29T02:15:14.145+0000] {dag.py:3340} INFO - Setting next_dagrun for demo to 2024-11-29T00:00:00+00:00, run_after=2024-11-30T00:00:00+00:00
[2024-11-29T02:15:14.172+0000] {processor.py:176} INFO - Processing /opt/airflow/dags/demo.py took 0.155 seconds
