[2024-11-26T19:17:15.526+0000] {taskinstance.py:1165} INFO - Dependencies all met for <TaskInstance: demo.airflow scheduled__2023-01-06T00:00:00+00:00 [queued]>
[2024-11-26T19:17:15.548+0000] {taskinstance.py:1165} INFO - Dependencies all met for <TaskInstance: demo.airflow scheduled__2023-01-06T00:00:00+00:00 [queued]>
[2024-11-26T19:17:15.549+0000] {taskinstance.py:1362} INFO - 
--------------------------------------------------------------------------------
[2024-11-26T19:17:15.549+0000] {taskinstance.py:1363} INFO - Starting attempt 1 of 1
[2024-11-26T19:17:15.551+0000] {taskinstance.py:1364} INFO - 
--------------------------------------------------------------------------------
[2024-11-26T19:17:15.575+0000] {taskinstance.py:1383} INFO - Executing <Task(_PythonDecoratedOperator): airflow> on 2023-01-06 00:00:00+00:00
[2024-11-26T19:17:15.583+0000] {standard_task_runner.py:55} INFO - Started process 1770 to run task
[2024-11-26T19:17:15.588+0000] {standard_task_runner.py:82} INFO - Running: ['***', 'tasks', 'run', 'demo', '***', 'scheduled__2023-01-06T00:00:00+00:00', '--job-id', '790', '--raw', '--subdir', 'DAGS_FOLDER/demo.py', '--cfg-path', '/tmp/tmpte1eoxc0']
[2024-11-26T19:17:15.589+0000] {standard_task_runner.py:83} INFO - Job 790: Subtask ***
[2024-11-26T19:17:15.748+0000] {task_command.py:376} INFO - Running <TaskInstance: demo.airflow scheduled__2023-01-06T00:00:00+00:00 [running]> on host ece2bbff80df
[2024-11-26T19:17:15.963+0000] {taskinstance.py:1592} INFO - Exporting the following env vars:
AIRFLOW_CTX_DAG_OWNER=***
AIRFLOW_CTX_DAG_ID=demo
AIRFLOW_CTX_TASK_ID=***
AIRFLOW_CTX_EXECUTION_DATE=2023-01-06T00:00:00+00:00
AIRFLOW_CTX_TRY_NUMBER=1
AIRFLOW_CTX_DAG_RUN_ID=scheduled__2023-01-06T00:00:00+00:00
[2024-11-26T19:17:15.965+0000] {logging_mixin.py:120} INFO - ***
[2024-11-26T19:17:15.966+0000] {python.py:177} INFO - Done. Returned value was: None
[2024-11-26T19:17:15.980+0000] {taskinstance.py:1406} INFO - Marking task as SUCCESS. dag_id=demo, task_id=***, execution_date=20230106T000000, start_date=20241126T191715, end_date=20241126T191715
[2024-11-26T19:17:16.041+0000] {local_task_job.py:164} INFO - Task exited with return code 0
[2024-11-26T19:17:16.098+0000] {local_task_job.py:273} INFO - 0 downstream tasks scheduled from follow-on schedule check
