[2024-11-26T19:25:18.194+0000] {taskinstance.py:1165} INFO - Dependencies all met for <TaskInstance: demo.airflow scheduled__2024-05-23T00:00:00+00:00 [queued]>
[2024-11-26T19:25:18.213+0000] {taskinstance.py:1165} INFO - Dependencies all met for <TaskInstance: demo.airflow scheduled__2024-05-23T00:00:00+00:00 [queued]>
[2024-11-26T19:25:18.213+0000] {taskinstance.py:1362} INFO - 
--------------------------------------------------------------------------------
[2024-11-26T19:25:18.214+0000] {taskinstance.py:1363} INFO - Starting attempt 1 of 1
[2024-11-26T19:25:18.215+0000] {taskinstance.py:1364} INFO - 
--------------------------------------------------------------------------------
[2024-11-26T19:25:18.340+0000] {taskinstance.py:1383} INFO - Executing <Task(_PythonDecoratedOperator): airflow> on 2024-05-23 00:00:00+00:00
[2024-11-26T19:25:18.361+0000] {standard_task_runner.py:55} INFO - Started process 4626 to run task
[2024-11-26T19:25:18.375+0000] {standard_task_runner.py:82} INFO - Running: ['***', 'tasks', 'run', 'demo', '***', 'scheduled__2024-05-23T00:00:00+00:00', '--job-id', '1799', '--raw', '--subdir', 'DAGS_FOLDER/demo.py', '--cfg-path', '/tmp/tmp_1ofpoop']
[2024-11-26T19:25:18.389+0000] {standard_task_runner.py:83} INFO - Job 1799: Subtask ***
[2024-11-26T19:25:18.600+0000] {task_command.py:376} INFO - Running <TaskInstance: demo.airflow scheduled__2024-05-23T00:00:00+00:00 [running]> on host ece2bbff80df
[2024-11-26T19:25:18.785+0000] {taskinstance.py:1592} INFO - Exporting the following env vars:
AIRFLOW_CTX_DAG_OWNER=***
AIRFLOW_CTX_DAG_ID=demo
AIRFLOW_CTX_TASK_ID=***
AIRFLOW_CTX_EXECUTION_DATE=2024-05-23T00:00:00+00:00
AIRFLOW_CTX_TRY_NUMBER=1
AIRFLOW_CTX_DAG_RUN_ID=scheduled__2024-05-23T00:00:00+00:00
[2024-11-26T19:25:18.787+0000] {logging_mixin.py:120} INFO - ***
[2024-11-26T19:25:18.789+0000] {python.py:177} INFO - Done. Returned value was: None
[2024-11-26T19:25:18.813+0000] {taskinstance.py:1406} INFO - Marking task as SUCCESS. dag_id=demo, task_id=***, execution_date=20240523T000000, start_date=20241126T192518, end_date=20241126T192518
[2024-11-26T19:25:18.895+0000] {local_task_job.py:164} INFO - Task exited with return code 0
[2024-11-26T19:25:19.014+0000] {local_task_job.py:273} INFO - 0 downstream tasks scheduled from follow-on schedule check
