[2024-11-26T19:16:50.247+0000] {taskinstance.py:1165} INFO - Dependencies all met for <TaskInstance: demo.hello scheduled__2022-12-15T00:00:00+00:00 [queued]>
[2024-11-26T19:16:50.266+0000] {taskinstance.py:1165} INFO - Dependencies all met for <TaskInstance: demo.hello scheduled__2022-12-15T00:00:00+00:00 [queued]>
[2024-11-26T19:16:50.267+0000] {taskinstance.py:1362} INFO - 
--------------------------------------------------------------------------------
[2024-11-26T19:16:50.268+0000] {taskinstance.py:1363} INFO - Starting attempt 1 of 1
[2024-11-26T19:16:50.269+0000] {taskinstance.py:1364} INFO - 
--------------------------------------------------------------------------------
[2024-11-26T19:16:50.297+0000] {taskinstance.py:1383} INFO - Executing <Task(BashOperator): hello> on 2022-12-15 00:00:00+00:00
[2024-11-26T19:16:50.306+0000] {standard_task_runner.py:55} INFO - Started process 1641 to run task
[2024-11-26T19:16:50.311+0000] {standard_task_runner.py:82} INFO - Running: ['***', 'tasks', 'run', 'demo', 'hello', 'scheduled__2022-12-15T00:00:00+00:00', '--job-id', '745', '--raw', '--subdir', 'DAGS_FOLDER/demo.py', '--cfg-path', '/tmp/tmp7xn53a2_']
[2024-11-26T19:16:50.314+0000] {standard_task_runner.py:83} INFO - Job 745: Subtask hello
[2024-11-26T19:16:50.462+0000] {task_command.py:376} INFO - Running <TaskInstance: demo.hello scheduled__2022-12-15T00:00:00+00:00 [running]> on host ece2bbff80df
[2024-11-26T19:16:50.796+0000] {taskinstance.py:1592} INFO - Exporting the following env vars:
AIRFLOW_CTX_DAG_OWNER=***
AIRFLOW_CTX_DAG_ID=demo
AIRFLOW_CTX_TASK_ID=hello
AIRFLOW_CTX_EXECUTION_DATE=2022-12-15T00:00:00+00:00
AIRFLOW_CTX_TRY_NUMBER=1
AIRFLOW_CTX_DAG_RUN_ID=scheduled__2022-12-15T00:00:00+00:00
[2024-11-26T19:16:50.803+0000] {subprocess.py:63} INFO - Tmp dir root location: 
 /tmp
[2024-11-26T19:16:50.804+0000] {subprocess.py:75} INFO - Running command: ['/bin/bash', '-c', 'echo hello soundarya']
[2024-11-26T19:16:50.824+0000] {subprocess.py:86} INFO - Output:
[2024-11-26T19:16:50.826+0000] {subprocess.py:93} INFO - hello soundarya
[2024-11-26T19:16:50.827+0000] {subprocess.py:97} INFO - Command exited with return code 0
[2024-11-26T19:16:50.889+0000] {taskinstance.py:1406} INFO - Marking task as SUCCESS. dag_id=demo, task_id=hello, execution_date=20221215T000000, start_date=20241126T191650, end_date=20241126T191650
[2024-11-26T19:16:50.944+0000] {local_task_job.py:164} INFO - Task exited with return code 0
[2024-11-26T19:16:51.007+0000] {local_task_job.py:273} INFO - 1 downstream tasks scheduled from follow-on schedule check
