[2024-11-26T19:20:24.078+0000] {taskinstance.py:1165} INFO - Dependencies all met for <TaskInstance: demo.airflow scheduled__2023-07-26T00:00:00+00:00 [queued]>
[2024-11-26T19:20:24.095+0000] {taskinstance.py:1165} INFO - Dependencies all met for <TaskInstance: demo.airflow scheduled__2023-07-26T00:00:00+00:00 [queued]>
[2024-11-26T19:20:24.096+0000] {taskinstance.py:1362} INFO - 
--------------------------------------------------------------------------------
[2024-11-26T19:20:24.097+0000] {taskinstance.py:1363} INFO - Starting attempt 1 of 1
[2024-11-26T19:20:24.097+0000] {taskinstance.py:1364} INFO - 
--------------------------------------------------------------------------------
[2024-11-26T19:20:24.130+0000] {taskinstance.py:1383} INFO - Executing <Task(_PythonDecoratedOperator): airflow> on 2023-07-26 00:00:00+00:00
[2024-11-26T19:20:24.140+0000] {standard_task_runner.py:55} INFO - Started process 2907 to run task
[2024-11-26T19:20:24.149+0000] {standard_task_runner.py:82} INFO - Running: ['***', 'tasks', 'run', 'demo', '***', 'scheduled__2023-07-26T00:00:00+00:00', '--job-id', '1194', '--raw', '--subdir', 'DAGS_FOLDER/demo.py', '--cfg-path', '/tmp/tmpk6adjv7d']
[2024-11-26T19:20:24.151+0000] {standard_task_runner.py:83} INFO - Job 1194: Subtask ***
[2024-11-26T19:20:24.299+0000] {task_command.py:376} INFO - Running <TaskInstance: demo.airflow scheduled__2023-07-26T00:00:00+00:00 [running]> on host ece2bbff80df
[2024-11-26T19:20:24.442+0000] {taskinstance.py:1592} INFO - Exporting the following env vars:
AIRFLOW_CTX_DAG_OWNER=***
AIRFLOW_CTX_DAG_ID=demo
AIRFLOW_CTX_TASK_ID=***
AIRFLOW_CTX_EXECUTION_DATE=2023-07-26T00:00:00+00:00
AIRFLOW_CTX_TRY_NUMBER=1
AIRFLOW_CTX_DAG_RUN_ID=scheduled__2023-07-26T00:00:00+00:00
[2024-11-26T19:20:24.444+0000] {logging_mixin.py:120} INFO - ***
[2024-11-26T19:20:24.445+0000] {python.py:177} INFO - Done. Returned value was: None
[2024-11-26T19:20:24.468+0000] {taskinstance.py:1406} INFO - Marking task as SUCCESS. dag_id=demo, task_id=***, execution_date=20230726T000000, start_date=20241126T192024, end_date=20241126T192024
[2024-11-26T19:20:24.520+0000] {local_task_job.py:164} INFO - Task exited with return code 0
[2024-11-26T19:20:24.565+0000] {local_task_job.py:273} INFO - 0 downstream tasks scheduled from follow-on schedule check
