[2024-11-26T19:24:07.031+0000] {taskinstance.py:1165} INFO - Dependencies all met for <TaskInstance: demo.hello scheduled__2024-03-11T00:00:00+00:00 [queued]>
[2024-11-26T19:24:07.052+0000] {taskinstance.py:1165} INFO - Dependencies all met for <TaskInstance: demo.hello scheduled__2024-03-11T00:00:00+00:00 [queued]>
[2024-11-26T19:24:07.053+0000] {taskinstance.py:1362} INFO - 
--------------------------------------------------------------------------------
[2024-11-26T19:24:07.055+0000] {taskinstance.py:1363} INFO - Starting attempt 1 of 1
[2024-11-26T19:24:07.056+0000] {taskinstance.py:1364} INFO - 
--------------------------------------------------------------------------------
[2024-11-26T19:24:07.095+0000] {taskinstance.py:1383} INFO - Executing <Task(BashOperator): hello> on 2024-03-11 00:00:00+00:00
[2024-11-26T19:24:07.116+0000] {standard_task_runner.py:55} INFO - Started process 4187 to run task
[2024-11-26T19:24:07.121+0000] {standard_task_runner.py:82} INFO - Running: ['***', 'tasks', 'run', 'demo', 'hello', 'scheduled__2024-03-11T00:00:00+00:00', '--job-id', '1645', '--raw', '--subdir', 'DAGS_FOLDER/demo.py', '--cfg-path', '/tmp/tmplpn0k4k0']
[2024-11-26T19:24:07.123+0000] {standard_task_runner.py:83} INFO - Job 1645: Subtask hello
[2024-11-26T19:24:07.290+0000] {task_command.py:376} INFO - Running <TaskInstance: demo.hello scheduled__2024-03-11T00:00:00+00:00 [running]> on host ece2bbff80df
[2024-11-26T19:24:07.476+0000] {taskinstance.py:1592} INFO - Exporting the following env vars:
AIRFLOW_CTX_DAG_OWNER=***
AIRFLOW_CTX_DAG_ID=demo
AIRFLOW_CTX_TASK_ID=hello
AIRFLOW_CTX_EXECUTION_DATE=2024-03-11T00:00:00+00:00
AIRFLOW_CTX_TRY_NUMBER=1
AIRFLOW_CTX_DAG_RUN_ID=scheduled__2024-03-11T00:00:00+00:00
[2024-11-26T19:24:07.479+0000] {subprocess.py:63} INFO - Tmp dir root location: 
 /tmp
[2024-11-26T19:24:07.480+0000] {subprocess.py:75} INFO - Running command: ['/bin/bash', '-c', 'echo hello soundarya']
[2024-11-26T19:24:07.496+0000] {subprocess.py:86} INFO - Output:
[2024-11-26T19:24:07.498+0000] {subprocess.py:93} INFO - hello soundarya
[2024-11-26T19:24:07.498+0000] {subprocess.py:97} INFO - Command exited with return code 0
[2024-11-26T19:24:07.533+0000] {taskinstance.py:1406} INFO - Marking task as SUCCESS. dag_id=demo, task_id=hello, execution_date=20240311T000000, start_date=20241126T192407, end_date=20241126T192407
[2024-11-26T19:24:07.585+0000] {local_task_job.py:164} INFO - Task exited with return code 0
[2024-11-26T19:24:07.629+0000] {local_task_job.py:273} INFO - 1 downstream tasks scheduled from follow-on schedule check
