[2024-11-26T19:22:35.433+0000] {taskinstance.py:1165} INFO - Dependencies all met for <TaskInstance: demo.hello scheduled__2023-12-05T00:00:00+00:00 [queued]>
[2024-11-26T19:22:35.469+0000] {taskinstance.py:1165} INFO - Dependencies all met for <TaskInstance: demo.hello scheduled__2023-12-05T00:00:00+00:00 [queued]>
[2024-11-26T19:22:35.476+0000] {taskinstance.py:1362} INFO - 
--------------------------------------------------------------------------------
[2024-11-26T19:22:35.481+0000] {taskinstance.py:1363} INFO - Starting attempt 1 of 1
[2024-11-26T19:22:35.482+0000] {taskinstance.py:1364} INFO - 
--------------------------------------------------------------------------------
[2024-11-26T19:22:35.540+0000] {taskinstance.py:1383} INFO - Executing <Task(BashOperator): hello> on 2023-12-05 00:00:00+00:00
[2024-11-26T19:22:35.553+0000] {standard_task_runner.py:55} INFO - Started process 3643 to run task
[2024-11-26T19:22:35.572+0000] {standard_task_runner.py:82} INFO - Running: ['***', 'tasks', 'run', 'demo', 'hello', 'scheduled__2023-12-05T00:00:00+00:00', '--job-id', '1452', '--raw', '--subdir', 'DAGS_FOLDER/demo.py', '--cfg-path', '/tmp/tmp6z2d4sj8']
[2024-11-26T19:22:35.575+0000] {standard_task_runner.py:83} INFO - Job 1452: Subtask hello
[2024-11-26T19:22:35.737+0000] {task_command.py:376} INFO - Running <TaskInstance: demo.hello scheduled__2023-12-05T00:00:00+00:00 [running]> on host ece2bbff80df
[2024-11-26T19:22:36.023+0000] {taskinstance.py:1592} INFO - Exporting the following env vars:
AIRFLOW_CTX_DAG_OWNER=***
AIRFLOW_CTX_DAG_ID=demo
AIRFLOW_CTX_TASK_ID=hello
AIRFLOW_CTX_EXECUTION_DATE=2023-12-05T00:00:00+00:00
AIRFLOW_CTX_TRY_NUMBER=1
AIRFLOW_CTX_DAG_RUN_ID=scheduled__2023-12-05T00:00:00+00:00
[2024-11-26T19:22:36.033+0000] {subprocess.py:63} INFO - Tmp dir root location: 
 /tmp
[2024-11-26T19:22:36.034+0000] {subprocess.py:75} INFO - Running command: ['/bin/bash', '-c', 'echo hello soundarya']
[2024-11-26T19:22:36.091+0000] {subprocess.py:86} INFO - Output:
[2024-11-26T19:22:36.095+0000] {subprocess.py:93} INFO - hello soundarya
[2024-11-26T19:22:36.097+0000] {subprocess.py:97} INFO - Command exited with return code 0
[2024-11-26T19:22:36.205+0000] {taskinstance.py:1406} INFO - Marking task as SUCCESS. dag_id=demo, task_id=hello, execution_date=20231205T000000, start_date=20241126T192235, end_date=20241126T192236
[2024-11-26T19:22:36.333+0000] {local_task_job.py:164} INFO - Task exited with return code 0
[2024-11-26T19:22:36.397+0000] {local_task_job.py:273} INFO - 1 downstream tasks scheduled from follow-on schedule check
