[2024-11-26T19:26:37.859+0000] {taskinstance.py:1165} INFO - Dependencies all met for <TaskInstance: demo.hello scheduled__2024-08-11T00:00:00+00:00 [queued]>
[2024-11-26T19:26:37.886+0000] {taskinstance.py:1165} INFO - Dependencies all met for <TaskInstance: demo.hello scheduled__2024-08-11T00:00:00+00:00 [queued]>
[2024-11-26T19:26:37.902+0000] {taskinstance.py:1362} INFO - 
--------------------------------------------------------------------------------
[2024-11-26T19:26:37.903+0000] {taskinstance.py:1363} INFO - Starting attempt 1 of 1
[2024-11-26T19:26:37.907+0000] {taskinstance.py:1364} INFO - 
--------------------------------------------------------------------------------
[2024-11-26T19:26:37.948+0000] {taskinstance.py:1383} INFO - Executing <Task(BashOperator): hello> on 2024-08-11 00:00:00+00:00
[2024-11-26T19:26:37.962+0000] {standard_task_runner.py:55} INFO - Started process 5057 to run task
[2024-11-26T19:26:37.966+0000] {standard_task_runner.py:82} INFO - Running: ['***', 'tasks', 'run', 'demo', 'hello', 'scheduled__2024-08-11T00:00:00+00:00', '--job-id', '1952', '--raw', '--subdir', 'DAGS_FOLDER/demo.py', '--cfg-path', '/tmp/tmpdhr8oobo']
[2024-11-26T19:26:37.968+0000] {standard_task_runner.py:83} INFO - Job 1952: Subtask hello
[2024-11-26T19:26:38.179+0000] {task_command.py:376} INFO - Running <TaskInstance: demo.hello scheduled__2024-08-11T00:00:00+00:00 [running]> on host ece2bbff80df
[2024-11-26T19:26:38.408+0000] {taskinstance.py:1592} INFO - Exporting the following env vars:
AIRFLOW_CTX_DAG_OWNER=***
AIRFLOW_CTX_DAG_ID=demo
AIRFLOW_CTX_TASK_ID=hello
AIRFLOW_CTX_EXECUTION_DATE=2024-08-11T00:00:00+00:00
AIRFLOW_CTX_TRY_NUMBER=1
AIRFLOW_CTX_DAG_RUN_ID=scheduled__2024-08-11T00:00:00+00:00
[2024-11-26T19:26:38.410+0000] {subprocess.py:63} INFO - Tmp dir root location: 
 /tmp
[2024-11-26T19:26:38.413+0000] {subprocess.py:75} INFO - Running command: ['/bin/bash', '-c', 'echo hello soundarya']
[2024-11-26T19:26:38.445+0000] {subprocess.py:86} INFO - Output:
[2024-11-26T19:26:38.448+0000] {subprocess.py:93} INFO - hello soundarya
[2024-11-26T19:26:38.449+0000] {subprocess.py:97} INFO - Command exited with return code 0
[2024-11-26T19:26:38.549+0000] {taskinstance.py:1406} INFO - Marking task as SUCCESS. dag_id=demo, task_id=hello, execution_date=20240811T000000, start_date=20241126T192637, end_date=20241126T192638
[2024-11-26T19:26:38.698+0000] {local_task_job.py:164} INFO - Task exited with return code 0
[2024-11-26T19:26:38.833+0000] {local_task_job.py:273} INFO - 1 downstream tasks scheduled from follow-on schedule check
