[2024-11-26T19:23:27.840+0000] {taskinstance.py:1165} INFO - Dependencies all met for <TaskInstance: demo.hello scheduled__2024-01-30T00:00:00+00:00 [queued]>
[2024-11-26T19:23:27.864+0000] {taskinstance.py:1165} INFO - Dependencies all met for <TaskInstance: demo.hello scheduled__2024-01-30T00:00:00+00:00 [queued]>
[2024-11-26T19:23:27.865+0000] {taskinstance.py:1362} INFO - 
--------------------------------------------------------------------------------
[2024-11-26T19:23:27.866+0000] {taskinstance.py:1363} INFO - Starting attempt 1 of 1
[2024-11-26T19:23:27.867+0000] {taskinstance.py:1364} INFO - 
--------------------------------------------------------------------------------
[2024-11-26T19:23:27.901+0000] {taskinstance.py:1383} INFO - Executing <Task(BashOperator): hello> on 2024-01-30 00:00:00+00:00
[2024-11-26T19:23:27.909+0000] {standard_task_runner.py:55} INFO - Started process 3954 to run task
[2024-11-26T19:23:27.916+0000] {standard_task_runner.py:82} INFO - Running: ['***', 'tasks', 'run', 'demo', 'hello', 'scheduled__2024-01-30T00:00:00+00:00', '--job-id', '1562', '--raw', '--subdir', 'DAGS_FOLDER/demo.py', '--cfg-path', '/tmp/tmpcch_hyc2']
[2024-11-26T19:23:27.917+0000] {standard_task_runner.py:83} INFO - Job 1562: Subtask hello
[2024-11-26T19:23:28.060+0000] {task_command.py:376} INFO - Running <TaskInstance: demo.hello scheduled__2024-01-30T00:00:00+00:00 [running]> on host ece2bbff80df
[2024-11-26T19:23:28.259+0000] {taskinstance.py:1592} INFO - Exporting the following env vars:
AIRFLOW_CTX_DAG_OWNER=***
AIRFLOW_CTX_DAG_ID=demo
AIRFLOW_CTX_TASK_ID=hello
AIRFLOW_CTX_EXECUTION_DATE=2024-01-30T00:00:00+00:00
AIRFLOW_CTX_TRY_NUMBER=1
AIRFLOW_CTX_DAG_RUN_ID=scheduled__2024-01-30T00:00:00+00:00
[2024-11-26T19:23:28.263+0000] {subprocess.py:63} INFO - Tmp dir root location: 
 /tmp
[2024-11-26T19:23:28.265+0000] {subprocess.py:75} INFO - Running command: ['/bin/bash', '-c', 'echo hello soundarya']
[2024-11-26T19:23:28.294+0000] {subprocess.py:86} INFO - Output:
[2024-11-26T19:23:28.295+0000] {subprocess.py:93} INFO - hello soundarya
[2024-11-26T19:23:28.298+0000] {subprocess.py:97} INFO - Command exited with return code 0
[2024-11-26T19:23:28.371+0000] {taskinstance.py:1406} INFO - Marking task as SUCCESS. dag_id=demo, task_id=hello, execution_date=20240130T000000, start_date=20241126T192327, end_date=20241126T192328
[2024-11-26T19:23:28.461+0000] {local_task_job.py:164} INFO - Task exited with return code 0
[2024-11-26T19:23:28.625+0000] {local_task_job.py:273} INFO - 0 downstream tasks scheduled from follow-on schedule check
