[2024-11-26T19:13:58.851+0000] {taskinstance.py:1165} INFO - Dependencies all met for <TaskInstance: demo.hello scheduled__2022-07-20T00:00:00+00:00 [queued]>
[2024-11-26T19:13:58.899+0000] {taskinstance.py:1165} INFO - Dependencies all met for <TaskInstance: demo.hello scheduled__2022-07-20T00:00:00+00:00 [queued]>
[2024-11-26T19:13:58.899+0000] {taskinstance.py:1362} INFO - 
--------------------------------------------------------------------------------
[2024-11-26T19:13:58.900+0000] {taskinstance.py:1363} INFO - Starting attempt 1 of 1
[2024-11-26T19:13:58.903+0000] {taskinstance.py:1364} INFO - 
--------------------------------------------------------------------------------
[2024-11-26T19:13:58.947+0000] {taskinstance.py:1383} INFO - Executing <Task(BashOperator): hello> on 2022-07-20 00:00:00+00:00
[2024-11-26T19:13:58.958+0000] {standard_task_runner.py:55} INFO - Started process 787 to run task
[2024-11-26T19:13:58.965+0000] {standard_task_runner.py:82} INFO - Running: ['***', 'tasks', 'run', 'demo', 'hello', 'scheduled__2022-07-20T00:00:00+00:00', '--job-id', '445', '--raw', '--subdir', 'DAGS_FOLDER/demo.py', '--cfg-path', '/tmp/tmprb1hvrny']
[2024-11-26T19:13:58.974+0000] {standard_task_runner.py:83} INFO - Job 445: Subtask hello
[2024-11-26T19:13:59.128+0000] {task_command.py:376} INFO - Running <TaskInstance: demo.hello scheduled__2022-07-20T00:00:00+00:00 [running]> on host ece2bbff80df
[2024-11-26T19:13:59.253+0000] {taskinstance.py:1592} INFO - Exporting the following env vars:
AIRFLOW_CTX_DAG_OWNER=***
AIRFLOW_CTX_DAG_ID=demo
AIRFLOW_CTX_TASK_ID=hello
AIRFLOW_CTX_EXECUTION_DATE=2022-07-20T00:00:00+00:00
AIRFLOW_CTX_TRY_NUMBER=1
AIRFLOW_CTX_DAG_RUN_ID=scheduled__2022-07-20T00:00:00+00:00
[2024-11-26T19:13:59.257+0000] {subprocess.py:63} INFO - Tmp dir root location: 
 /tmp
[2024-11-26T19:13:59.259+0000] {subprocess.py:75} INFO - Running command: ['/bin/bash', '-c', 'echo hello soundarya']
[2024-11-26T19:13:59.285+0000] {subprocess.py:86} INFO - Output:
[2024-11-26T19:13:59.288+0000] {subprocess.py:93} INFO - hello soundarya
[2024-11-26T19:13:59.290+0000] {subprocess.py:97} INFO - Command exited with return code 0
[2024-11-26T19:13:59.418+0000] {taskinstance.py:1406} INFO - Marking task as SUCCESS. dag_id=demo, task_id=hello, execution_date=20220720T000000, start_date=20241126T191358, end_date=20241126T191359
[2024-11-26T19:13:59.538+0000] {local_task_job.py:164} INFO - Task exited with return code 0
[2024-11-26T19:13:59.643+0000] {local_task_job.py:273} INFO - 1 downstream tasks scheduled from follow-on schedule check
