[2024-11-26T19:17:42.584+0000] {taskinstance.py:1165} INFO - Dependencies all met for <TaskInstance: demo.hello scheduled__2023-02-06T00:00:00+00:00 [queued]>
[2024-11-26T19:17:42.619+0000] {taskinstance.py:1165} INFO - Dependencies all met for <TaskInstance: demo.hello scheduled__2023-02-06T00:00:00+00:00 [queued]>
[2024-11-26T19:17:42.621+0000] {taskinstance.py:1362} INFO - 
--------------------------------------------------------------------------------
[2024-11-26T19:17:42.622+0000] {taskinstance.py:1363} INFO - Starting attempt 1 of 1
[2024-11-26T19:17:42.623+0000] {taskinstance.py:1364} INFO - 
--------------------------------------------------------------------------------
[2024-11-26T19:17:42.677+0000] {taskinstance.py:1383} INFO - Executing <Task(BashOperator): hello> on 2023-02-06 00:00:00+00:00
[2024-11-26T19:17:42.687+0000] {standard_task_runner.py:55} INFO - Started process 1935 to run task
[2024-11-26T19:17:42.703+0000] {standard_task_runner.py:82} INFO - Running: ['***', 'tasks', 'run', 'demo', 'hello', 'scheduled__2023-02-06T00:00:00+00:00', '--job-id', '847', '--raw', '--subdir', 'DAGS_FOLDER/demo.py', '--cfg-path', '/tmp/tmpx7_lulyr']
[2024-11-26T19:17:42.704+0000] {standard_task_runner.py:83} INFO - Job 847: Subtask hello
[2024-11-26T19:17:42.816+0000] {task_command.py:376} INFO - Running <TaskInstance: demo.hello scheduled__2023-02-06T00:00:00+00:00 [running]> on host ece2bbff80df
[2024-11-26T19:17:43.111+0000] {taskinstance.py:1592} INFO - Exporting the following env vars:
AIRFLOW_CTX_DAG_OWNER=***
AIRFLOW_CTX_DAG_ID=demo
AIRFLOW_CTX_TASK_ID=hello
AIRFLOW_CTX_EXECUTION_DATE=2023-02-06T00:00:00+00:00
AIRFLOW_CTX_TRY_NUMBER=1
AIRFLOW_CTX_DAG_RUN_ID=scheduled__2023-02-06T00:00:00+00:00
[2024-11-26T19:17:43.114+0000] {subprocess.py:63} INFO - Tmp dir root location: 
 /tmp
[2024-11-26T19:17:43.116+0000] {subprocess.py:75} INFO - Running command: ['/bin/bash', '-c', 'echo hello soundarya']
[2024-11-26T19:17:43.152+0000] {subprocess.py:86} INFO - Output:
[2024-11-26T19:17:43.154+0000] {subprocess.py:93} INFO - hello soundarya
[2024-11-26T19:17:43.155+0000] {subprocess.py:97} INFO - Command exited with return code 0
[2024-11-26T19:17:43.239+0000] {taskinstance.py:1406} INFO - Marking task as SUCCESS. dag_id=demo, task_id=hello, execution_date=20230206T000000, start_date=20241126T191742, end_date=20241126T191743
[2024-11-26T19:17:43.340+0000] {local_task_job.py:164} INFO - Task exited with return code 0
[2024-11-26T19:17:43.423+0000] {local_task_job.py:273} INFO - 1 downstream tasks scheduled from follow-on schedule check
