[2024-11-26T19:12:03.739+0000] {taskinstance.py:1165} INFO - Dependencies all met for <TaskInstance: demo.hello scheduled__2022-04-03T00:00:00+00:00 [queued]>
[2024-11-26T19:12:03.756+0000] {taskinstance.py:1165} INFO - Dependencies all met for <TaskInstance: demo.hello scheduled__2022-04-03T00:00:00+00:00 [queued]>
[2024-11-26T19:12:03.757+0000] {taskinstance.py:1362} INFO - 
--------------------------------------------------------------------------------
[2024-11-26T19:12:03.758+0000] {taskinstance.py:1363} INFO - Starting attempt 1 of 1
[2024-11-26T19:12:03.758+0000] {taskinstance.py:1364} INFO - 
--------------------------------------------------------------------------------
[2024-11-26T19:12:03.837+0000] {taskinstance.py:1383} INFO - Executing <Task(BashOperator): hello> on 2022-04-03 00:00:00+00:00
[2024-11-26T19:12:03.846+0000] {standard_task_runner.py:55} INFO - Started process 160 to run task
[2024-11-26T19:12:03.857+0000] {standard_task_runner.py:82} INFO - Running: ['***', 'tasks', 'run', 'demo', 'hello', 'scheduled__2022-04-03T00:00:00+00:00', '--job-id', '227', '--raw', '--subdir', 'DAGS_FOLDER/demo.py', '--cfg-path', '/tmp/tmp7gj6epco']
[2024-11-26T19:12:03.862+0000] {standard_task_runner.py:83} INFO - Job 227: Subtask hello
[2024-11-26T19:12:04.045+0000] {task_command.py:376} INFO - Running <TaskInstance: demo.hello scheduled__2022-04-03T00:00:00+00:00 [running]> on host ece2bbff80df
[2024-11-26T19:12:04.225+0000] {taskinstance.py:1592} INFO - Exporting the following env vars:
AIRFLOW_CTX_DAG_OWNER=***
AIRFLOW_CTX_DAG_ID=demo
AIRFLOW_CTX_TASK_ID=hello
AIRFLOW_CTX_EXECUTION_DATE=2022-04-03T00:00:00+00:00
AIRFLOW_CTX_TRY_NUMBER=1
AIRFLOW_CTX_DAG_RUN_ID=scheduled__2022-04-03T00:00:00+00:00
[2024-11-26T19:12:04.227+0000] {subprocess.py:63} INFO - Tmp dir root location: 
 /tmp
[2024-11-26T19:12:04.228+0000] {subprocess.py:75} INFO - Running command: ['/bin/bash', '-c', 'echo hello soundarya']
[2024-11-26T19:12:04.248+0000] {subprocess.py:86} INFO - Output:
[2024-11-26T19:12:04.250+0000] {subprocess.py:93} INFO - hello soundarya
[2024-11-26T19:12:04.251+0000] {subprocess.py:97} INFO - Command exited with return code 0
[2024-11-26T19:12:04.307+0000] {taskinstance.py:1406} INFO - Marking task as SUCCESS. dag_id=demo, task_id=hello, execution_date=20220403T000000, start_date=20241126T191203, end_date=20241126T191204
[2024-11-26T19:12:04.395+0000] {local_task_job.py:164} INFO - Task exited with return code 0
[2024-11-26T19:12:04.465+0000] {local_task_job.py:273} INFO - 1 downstream tasks scheduled from follow-on schedule check
