[2024-12-08T07:46:38.305+0000] {taskinstance.py:1165} INFO - Dependencies all met for <TaskInstance: dummy_dag.hello manual__2024-12-08T07:46:36.691038+00:00 [queued]>
[2024-12-08T07:46:38.321+0000] {taskinstance.py:1165} INFO - Dependencies all met for <TaskInstance: dummy_dag.hello manual__2024-12-08T07:46:36.691038+00:00 [queued]>
[2024-12-08T07:46:38.322+0000] {taskinstance.py:1362} INFO - 
--------------------------------------------------------------------------------
[2024-12-08T07:46:38.322+0000] {taskinstance.py:1363} INFO - Starting attempt 1 of 2
[2024-12-08T07:46:38.323+0000] {taskinstance.py:1364} INFO - 
--------------------------------------------------------------------------------
[2024-12-08T07:46:38.344+0000] {taskinstance.py:1383} INFO - Executing <Task(BashOperator): hello> on 2024-12-08 07:46:36.691038+00:00
[2024-12-08T07:46:38.352+0000] {standard_task_runner.py:55} INFO - Started process 234 to run task
[2024-12-08T07:46:38.355+0000] {standard_task_runner.py:82} INFO - Running: ['***', 'tasks', 'run', 'dummy_dag', 'hello', 'manual__2024-12-08T07:46:36.691038+00:00', '--job-id', '2289', '--raw', '--subdir', 'DAGS_FOLDER/demo.py', '--cfg-path', '/tmp/tmpsf6_znw3']
[2024-12-08T07:46:38.356+0000] {standard_task_runner.py:83} INFO - Job 2289: Subtask hello
[2024-12-08T07:46:38.445+0000] {task_command.py:376} INFO - Running <TaskInstance: dummy_dag.hello manual__2024-12-08T07:46:36.691038+00:00 [running]> on host ece2bbff80df
[2024-12-08T07:46:38.533+0000] {taskinstance.py:1592} INFO - Exporting the following env vars:
AIRFLOW_CTX_DAG_OWNER=***
AIRFLOW_CTX_DAG_ID=dummy_dag
AIRFLOW_CTX_TASK_ID=hello
AIRFLOW_CTX_EXECUTION_DATE=2024-12-08T07:46:36.691038+00:00
AIRFLOW_CTX_TRY_NUMBER=1
AIRFLOW_CTX_DAG_RUN_ID=manual__2024-12-08T07:46:36.691038+00:00
[2024-12-08T07:46:38.536+0000] {subprocess.py:63} INFO - Tmp dir root location: 
 /tmp
[2024-12-08T07:46:38.537+0000] {subprocess.py:75} INFO - Running command: ['/bin/bash', '-c', 'echo hello soundarya']
[2024-12-08T07:46:38.553+0000] {subprocess.py:86} INFO - Output:
[2024-12-08T07:46:38.555+0000] {subprocess.py:93} INFO - hello soundarya
[2024-12-08T07:46:38.556+0000] {subprocess.py:97} INFO - Command exited with return code 0
[2024-12-08T07:46:38.589+0000] {taskinstance.py:1406} INFO - Marking task as SUCCESS. dag_id=dummy_dag, task_id=hello, execution_date=20241208T074636, start_date=20241208T074638, end_date=20241208T074638
[2024-12-08T07:46:38.648+0000] {local_task_job.py:164} INFO - Task exited with return code 0
[2024-12-08T07:46:38.686+0000] {local_task_job.py:273} INFO - 1 downstream tasks scheduled from follow-on schedule check
