[2024-11-26T19:14:17.693+0000] {taskinstance.py:1165} INFO - Dependencies all met for <TaskInstance: demo.hello scheduled__2022-08-04T00:00:00+00:00 [queued]>
[2024-11-26T19:14:17.742+0000] {taskinstance.py:1165} INFO - Dependencies all met for <TaskInstance: demo.hello scheduled__2022-08-04T00:00:00+00:00 [queued]>
[2024-11-26T19:14:17.743+0000] {taskinstance.py:1362} INFO - 
--------------------------------------------------------------------------------
[2024-11-26T19:14:17.744+0000] {taskinstance.py:1363} INFO - Starting attempt 1 of 1
[2024-11-26T19:14:17.749+0000] {taskinstance.py:1364} INFO - 
--------------------------------------------------------------------------------
[2024-11-26T19:14:17.834+0000] {taskinstance.py:1383} INFO - Executing <Task(BashOperator): hello> on 2022-08-04 00:00:00+00:00
[2024-11-26T19:14:17.858+0000] {standard_task_runner.py:55} INFO - Started process 873 to run task
[2024-11-26T19:14:17.866+0000] {standard_task_runner.py:82} INFO - Running: ['***', 'tasks', 'run', 'demo', 'hello', 'scheduled__2022-08-04T00:00:00+00:00', '--job-id', '477', '--raw', '--subdir', 'DAGS_FOLDER/demo.py', '--cfg-path', '/tmp/tmpdmi2weh_']
[2024-11-26T19:14:17.869+0000] {standard_task_runner.py:83} INFO - Job 477: Subtask hello
[2024-11-26T19:14:18.098+0000] {task_command.py:376} INFO - Running <TaskInstance: demo.hello scheduled__2022-08-04T00:00:00+00:00 [running]> on host ece2bbff80df
[2024-11-26T19:14:18.345+0000] {taskinstance.py:1592} INFO - Exporting the following env vars:
AIRFLOW_CTX_DAG_OWNER=***
AIRFLOW_CTX_DAG_ID=demo
AIRFLOW_CTX_TASK_ID=hello
AIRFLOW_CTX_EXECUTION_DATE=2022-08-04T00:00:00+00:00
AIRFLOW_CTX_TRY_NUMBER=1
AIRFLOW_CTX_DAG_RUN_ID=scheduled__2022-08-04T00:00:00+00:00
[2024-11-26T19:14:18.348+0000] {subprocess.py:63} INFO - Tmp dir root location: 
 /tmp
[2024-11-26T19:14:18.349+0000] {subprocess.py:75} INFO - Running command: ['/bin/bash', '-c', 'echo hello soundarya']
[2024-11-26T19:14:18.378+0000] {subprocess.py:86} INFO - Output:
[2024-11-26T19:14:18.381+0000] {subprocess.py:93} INFO - hello soundarya
[2024-11-26T19:14:18.382+0000] {subprocess.py:97} INFO - Command exited with return code 0
[2024-11-26T19:14:18.569+0000] {taskinstance.py:1406} INFO - Marking task as SUCCESS. dag_id=demo, task_id=hello, execution_date=20220804T000000, start_date=20241126T191417, end_date=20241126T191418
[2024-11-26T19:14:18.672+0000] {local_task_job.py:164} INFO - Task exited with return code 0
[2024-11-26T19:14:18.769+0000] {local_task_job.py:273} INFO - 1 downstream tasks scheduled from follow-on schedule check
