[2024-11-26T19:17:11.780+0000] {taskinstance.py:1165} INFO - Dependencies all met for <TaskInstance: demo.hello scheduled__2023-01-05T00:00:00+00:00 [queued]>
[2024-11-26T19:17:11.812+0000] {taskinstance.py:1165} INFO - Dependencies all met for <TaskInstance: demo.hello scheduled__2023-01-05T00:00:00+00:00 [queued]>
[2024-11-26T19:17:11.813+0000] {taskinstance.py:1362} INFO - 
--------------------------------------------------------------------------------
[2024-11-26T19:17:11.814+0000] {taskinstance.py:1363} INFO - Starting attempt 1 of 1
[2024-11-26T19:17:11.815+0000] {taskinstance.py:1364} INFO - 
--------------------------------------------------------------------------------
[2024-11-26T19:17:11.965+0000] {taskinstance.py:1383} INFO - Executing <Task(BashOperator): hello> on 2023-01-05 00:00:00+00:00
[2024-11-26T19:17:11.973+0000] {standard_task_runner.py:55} INFO - Started process 1757 to run task
[2024-11-26T19:17:12.007+0000] {standard_task_runner.py:82} INFO - Running: ['***', 'tasks', 'run', 'demo', 'hello', 'scheduled__2023-01-05T00:00:00+00:00', '--job-id', '784', '--raw', '--subdir', 'DAGS_FOLDER/demo.py', '--cfg-path', '/tmp/tmp0uh3gdqj']
[2024-11-26T19:17:12.008+0000] {standard_task_runner.py:83} INFO - Job 784: Subtask hello
[2024-11-26T19:17:12.386+0000] {task_command.py:376} INFO - Running <TaskInstance: demo.hello scheduled__2023-01-05T00:00:00+00:00 [running]> on host ece2bbff80df
[2024-11-26T19:17:12.742+0000] {taskinstance.py:1592} INFO - Exporting the following env vars:
AIRFLOW_CTX_DAG_OWNER=***
AIRFLOW_CTX_DAG_ID=demo
AIRFLOW_CTX_TASK_ID=hello
AIRFLOW_CTX_EXECUTION_DATE=2023-01-05T00:00:00+00:00
AIRFLOW_CTX_TRY_NUMBER=1
AIRFLOW_CTX_DAG_RUN_ID=scheduled__2023-01-05T00:00:00+00:00
[2024-11-26T19:17:12.745+0000] {subprocess.py:63} INFO - Tmp dir root location: 
 /tmp
[2024-11-26T19:17:12.750+0000] {subprocess.py:75} INFO - Running command: ['/bin/bash', '-c', 'echo hello soundarya']
[2024-11-26T19:17:12.779+0000] {subprocess.py:86} INFO - Output:
[2024-11-26T19:17:12.788+0000] {subprocess.py:93} INFO - hello soundarya
[2024-11-26T19:17:12.791+0000] {subprocess.py:97} INFO - Command exited with return code 0
[2024-11-26T19:17:12.881+0000] {taskinstance.py:1406} INFO - Marking task as SUCCESS. dag_id=demo, task_id=hello, execution_date=20230105T000000, start_date=20241126T191711, end_date=20241126T191712
[2024-11-26T19:17:13.002+0000] {local_task_job.py:164} INFO - Task exited with return code 0
[2024-11-26T19:17:13.162+0000] {local_task_job.py:273} INFO - 0 downstream tasks scheduled from follow-on schedule check
