[2024-11-26T19:10:35.819+0000] {taskinstance.py:1165} INFO - Dependencies all met for <TaskInstance: demo.hello scheduled__2022-02-24T00:00:00+00:00 [queued]>
[2024-11-26T19:10:35.889+0000] {taskinstance.py:1165} INFO - Dependencies all met for <TaskInstance: demo.hello scheduled__2022-02-24T00:00:00+00:00 [queued]>
[2024-11-26T19:10:35.892+0000] {taskinstance.py:1362} INFO - 
--------------------------------------------------------------------------------
[2024-11-26T19:10:35.894+0000] {taskinstance.py:1363} INFO - Starting attempt 1 of 1
[2024-11-26T19:10:35.896+0000] {taskinstance.py:1364} INFO - 
--------------------------------------------------------------------------------
[2024-11-26T19:10:36.011+0000] {taskinstance.py:1383} INFO - Executing <Task(BashOperator): hello> on 2022-02-24 00:00:00+00:00
[2024-11-26T19:10:36.040+0000] {standard_task_runner.py:55} INFO - Started process 418 to run task
[2024-11-26T19:10:36.052+0000] {standard_task_runner.py:82} INFO - Running: ['***', 'tasks', 'run', 'demo', 'hello', 'scheduled__2022-02-24T00:00:00+00:00', '--job-id', '149', '--raw', '--subdir', 'DAGS_FOLDER/demo.py', '--cfg-path', '/tmp/tmp3z00wcf0']
[2024-11-26T19:10:36.077+0000] {standard_task_runner.py:83} INFO - Job 149: Subtask hello
[2024-11-26T19:10:36.538+0000] {task_command.py:376} INFO - Running <TaskInstance: demo.hello scheduled__2022-02-24T00:00:00+00:00 [running]> on host ece2bbff80df
[2024-11-26T19:10:36.876+0000] {taskinstance.py:1592} INFO - Exporting the following env vars:
AIRFLOW_CTX_DAG_OWNER=***
AIRFLOW_CTX_DAG_ID=demo
AIRFLOW_CTX_TASK_ID=hello
AIRFLOW_CTX_EXECUTION_DATE=2022-02-24T00:00:00+00:00
AIRFLOW_CTX_TRY_NUMBER=1
AIRFLOW_CTX_DAG_RUN_ID=scheduled__2022-02-24T00:00:00+00:00
[2024-11-26T19:10:36.878+0000] {subprocess.py:63} INFO - Tmp dir root location: 
 /tmp
[2024-11-26T19:10:36.880+0000] {subprocess.py:75} INFO - Running command: ['/bin/bash', '-c', 'echo hello']
[2024-11-26T19:10:36.898+0000] {subprocess.py:86} INFO - Output:
[2024-11-26T19:10:36.900+0000] {subprocess.py:93} INFO - hello
[2024-11-26T19:10:36.901+0000] {subprocess.py:97} INFO - Command exited with return code 0
[2024-11-26T19:10:36.972+0000] {taskinstance.py:1406} INFO - Marking task as SUCCESS. dag_id=demo, task_id=hello, execution_date=20220224T000000, start_date=20241126T191035, end_date=20241126T191036
[2024-11-26T19:10:37.033+0000] {local_task_job.py:164} INFO - Task exited with return code 0
[2024-11-26T19:10:37.099+0000] {local_task_job.py:273} INFO - 1 downstream tasks scheduled from follow-on schedule check
