[2024-11-26T19:12:58.935+0000] {taskinstance.py:1165} INFO - Dependencies all met for <TaskInstance: demo.hello scheduled__2022-05-20T00:00:00+00:00 [queued]>
[2024-11-26T19:12:58.956+0000] {taskinstance.py:1165} INFO - Dependencies all met for <TaskInstance: demo.hello scheduled__2022-05-20T00:00:00+00:00 [queued]>
[2024-11-26T19:12:58.957+0000] {taskinstance.py:1362} INFO - 
--------------------------------------------------------------------------------
[2024-11-26T19:12:58.957+0000] {taskinstance.py:1363} INFO - Starting attempt 1 of 1
[2024-11-26T19:12:58.961+0000] {taskinstance.py:1364} INFO - 
--------------------------------------------------------------------------------
[2024-11-26T19:12:59.068+0000] {taskinstance.py:1383} INFO - Executing <Task(BashOperator): hello> on 2022-05-20 00:00:00+00:00
[2024-11-26T19:12:59.079+0000] {standard_task_runner.py:55} INFO - Started process 442 to run task
[2024-11-26T19:12:59.099+0000] {standard_task_runner.py:82} INFO - Running: ['***', 'tasks', 'run', 'demo', 'hello', 'scheduled__2022-05-20T00:00:00+00:00', '--job-id', '325', '--raw', '--subdir', 'DAGS_FOLDER/demo.py', '--cfg-path', '/tmp/tmp7_yammq2']
[2024-11-26T19:12:59.102+0000] {standard_task_runner.py:83} INFO - Job 325: Subtask hello
[2024-11-26T19:12:59.331+0000] {task_command.py:376} INFO - Running <TaskInstance: demo.hello scheduled__2022-05-20T00:00:00+00:00 [running]> on host ece2bbff80df
[2024-11-26T19:12:59.572+0000] {taskinstance.py:1592} INFO - Exporting the following env vars:
AIRFLOW_CTX_DAG_OWNER=***
AIRFLOW_CTX_DAG_ID=demo
AIRFLOW_CTX_TASK_ID=hello
AIRFLOW_CTX_EXECUTION_DATE=2022-05-20T00:00:00+00:00
AIRFLOW_CTX_TRY_NUMBER=1
AIRFLOW_CTX_DAG_RUN_ID=scheduled__2022-05-20T00:00:00+00:00
[2024-11-26T19:12:59.577+0000] {subprocess.py:63} INFO - Tmp dir root location: 
 /tmp
[2024-11-26T19:12:59.580+0000] {subprocess.py:75} INFO - Running command: ['/bin/bash', '-c', 'echo hello soundarya']
[2024-11-26T19:12:59.602+0000] {subprocess.py:86} INFO - Output:
[2024-11-26T19:12:59.605+0000] {subprocess.py:93} INFO - hello soundarya
[2024-11-26T19:12:59.606+0000] {subprocess.py:97} INFO - Command exited with return code 0
[2024-11-26T19:12:59.676+0000] {taskinstance.py:1406} INFO - Marking task as SUCCESS. dag_id=demo, task_id=hello, execution_date=20220520T000000, start_date=20241126T191258, end_date=20241126T191259
[2024-11-26T19:12:59.719+0000] {local_task_job.py:164} INFO - Task exited with return code 0
[2024-11-26T19:12:59.802+0000] {local_task_job.py:273} INFO - 1 downstream tasks scheduled from follow-on schedule check
