[2024-11-26T19:21:33.563+0000] {taskinstance.py:1165} INFO - Dependencies all met for <TaskInstance: demo.airflow scheduled__2023-10-07T00:00:00+00:00 [queued]>
[2024-11-26T19:21:33.594+0000] {taskinstance.py:1165} INFO - Dependencies all met for <TaskInstance: demo.airflow scheduled__2023-10-07T00:00:00+00:00 [queued]>
[2024-11-26T19:21:33.600+0000] {taskinstance.py:1362} INFO - 
--------------------------------------------------------------------------------
[2024-11-26T19:21:33.605+0000] {taskinstance.py:1363} INFO - Starting attempt 1 of 1
[2024-11-26T19:21:33.607+0000] {taskinstance.py:1364} INFO - 
--------------------------------------------------------------------------------
[2024-11-26T19:21:33.659+0000] {taskinstance.py:1383} INFO - Executing <Task(_PythonDecoratedOperator): airflow> on 2023-10-07 00:00:00+00:00
[2024-11-26T19:21:33.673+0000] {standard_task_runner.py:55} INFO - Started process 3332 to run task
[2024-11-26T19:21:33.695+0000] {standard_task_runner.py:82} INFO - Running: ['***', 'tasks', 'run', 'demo', '***', 'scheduled__2023-10-07T00:00:00+00:00', '--job-id', '1342', '--raw', '--subdir', 'DAGS_FOLDER/demo.py', '--cfg-path', '/tmp/tmpz9q86e50']
[2024-11-26T19:21:33.700+0000] {standard_task_runner.py:83} INFO - Job 1342: Subtask ***
[2024-11-26T19:21:33.875+0000] {task_command.py:376} INFO - Running <TaskInstance: demo.airflow scheduled__2023-10-07T00:00:00+00:00 [running]> on host ece2bbff80df
[2024-11-26T19:21:34.119+0000] {taskinstance.py:1592} INFO - Exporting the following env vars:
AIRFLOW_CTX_DAG_OWNER=***
AIRFLOW_CTX_DAG_ID=demo
AIRFLOW_CTX_TASK_ID=***
AIRFLOW_CTX_EXECUTION_DATE=2023-10-07T00:00:00+00:00
AIRFLOW_CTX_TRY_NUMBER=1
AIRFLOW_CTX_DAG_RUN_ID=scheduled__2023-10-07T00:00:00+00:00
[2024-11-26T19:21:34.123+0000] {logging_mixin.py:120} INFO - ***
[2024-11-26T19:21:34.125+0000] {python.py:177} INFO - Done. Returned value was: None
[2024-11-26T19:21:34.168+0000] {taskinstance.py:1406} INFO - Marking task as SUCCESS. dag_id=demo, task_id=***, execution_date=20231007T000000, start_date=20241126T192133, end_date=20241126T192134
[2024-11-26T19:21:34.274+0000] {local_task_job.py:164} INFO - Task exited with return code 0
[2024-11-26T19:21:34.364+0000] {local_task_job.py:273} INFO - 0 downstream tasks scheduled from follow-on schedule check
