[2024-11-26T19:18:02.170+0000] {taskinstance.py:1165} INFO - Dependencies all met for <TaskInstance: demo.hello scheduled__2023-02-25T00:00:00+00:00 [queued]>
[2024-11-26T19:18:02.207+0000] {taskinstance.py:1165} INFO - Dependencies all met for <TaskInstance: demo.hello scheduled__2023-02-25T00:00:00+00:00 [queued]>
[2024-11-26T19:18:02.207+0000] {taskinstance.py:1362} INFO - 
--------------------------------------------------------------------------------
[2024-11-26T19:18:02.212+0000] {taskinstance.py:1363} INFO - Starting attempt 1 of 1
[2024-11-26T19:18:02.216+0000] {taskinstance.py:1364} INFO - 
--------------------------------------------------------------------------------
[2024-11-26T19:18:02.251+0000] {taskinstance.py:1383} INFO - Executing <Task(BashOperator): hello> on 2023-02-25 00:00:00+00:00
[2024-11-26T19:18:02.259+0000] {standard_task_runner.py:55} INFO - Started process 2040 to run task
[2024-11-26T19:18:02.267+0000] {standard_task_runner.py:82} INFO - Running: ['***', 'tasks', 'run', 'demo', 'hello', 'scheduled__2023-02-25T00:00:00+00:00', '--job-id', '886', '--raw', '--subdir', 'DAGS_FOLDER/demo.py', '--cfg-path', '/tmp/tmpcv1dgkyh']
[2024-11-26T19:18:02.268+0000] {standard_task_runner.py:83} INFO - Job 886: Subtask hello
[2024-11-26T19:18:02.466+0000] {task_command.py:376} INFO - Running <TaskInstance: demo.hello scheduled__2023-02-25T00:00:00+00:00 [running]> on host ece2bbff80df
[2024-11-26T19:18:02.613+0000] {taskinstance.py:1592} INFO - Exporting the following env vars:
AIRFLOW_CTX_DAG_OWNER=***
AIRFLOW_CTX_DAG_ID=demo
AIRFLOW_CTX_TASK_ID=hello
AIRFLOW_CTX_EXECUTION_DATE=2023-02-25T00:00:00+00:00
AIRFLOW_CTX_TRY_NUMBER=1
AIRFLOW_CTX_DAG_RUN_ID=scheduled__2023-02-25T00:00:00+00:00
[2024-11-26T19:18:02.618+0000] {subprocess.py:63} INFO - Tmp dir root location: 
 /tmp
[2024-11-26T19:18:02.620+0000] {subprocess.py:75} INFO - Running command: ['/bin/bash', '-c', 'echo hello soundarya']
[2024-11-26T19:18:02.649+0000] {subprocess.py:86} INFO - Output:
[2024-11-26T19:18:02.653+0000] {subprocess.py:93} INFO - hello soundarya
[2024-11-26T19:18:02.656+0000] {subprocess.py:97} INFO - Command exited with return code 0
[2024-11-26T19:18:02.748+0000] {taskinstance.py:1406} INFO - Marking task as SUCCESS. dag_id=demo, task_id=hello, execution_date=20230225T000000, start_date=20241126T191802, end_date=20241126T191802
[2024-11-26T19:18:02.827+0000] {local_task_job.py:164} INFO - Task exited with return code 0
[2024-11-26T19:18:02.880+0000] {local_task_job.py:273} INFO - 1 downstream tasks scheduled from follow-on schedule check
