[2024-11-26T18:47:28.737+0000] {taskinstance.py:1165} INFO - Dependencies all met for <TaskInstance: dataset_consumes_1.consuming_1 manual__2024-11-26T18:47:25.222322+00:00 [queued]>
[2024-11-26T18:47:28.772+0000] {taskinstance.py:1165} INFO - Dependencies all met for <TaskInstance: dataset_consumes_1.consuming_1 manual__2024-11-26T18:47:25.222322+00:00 [queued]>
[2024-11-26T18:47:28.774+0000] {taskinstance.py:1362} INFO - 
--------------------------------------------------------------------------------
[2024-11-26T18:47:28.775+0000] {taskinstance.py:1363} INFO - Starting attempt 1 of 1
[2024-11-26T18:47:28.776+0000] {taskinstance.py:1364} INFO - 
--------------------------------------------------------------------------------
[2024-11-26T18:47:28.838+0000] {taskinstance.py:1383} INFO - Executing <Task(BashOperator): consuming_1> on 2024-11-26 18:47:25.222322+00:00
[2024-11-26T18:47:28.852+0000] {standard_task_runner.py:55} INFO - Started process 1724 to run task
[2024-11-26T18:47:28.857+0000] {standard_task_runner.py:82} INFO - Running: ['***', 'tasks', 'run', 'dataset_consumes_1', 'consuming_1', 'manual__2024-11-26T18:47:25.222322+00:00', '--job-id', '38', '--raw', '--subdir', '/home/***/.local/lib/python3.7/site-packages/***/example_dags/example_datasets.py', '--cfg-path', '/tmp/tmpyv_ihunf']
[2024-11-26T18:47:28.858+0000] {standard_task_runner.py:83} INFO - Job 38: Subtask consuming_1
[2024-11-26T18:47:28.942+0000] {task_command.py:376} INFO - Running <TaskInstance: dataset_consumes_1.consuming_1 manual__2024-11-26T18:47:25.222322+00:00 [running]> on host ece2bbff80df
[2024-11-26T18:47:29.066+0000] {taskinstance.py:1592} INFO - Exporting the following env vars:
AIRFLOW_CTX_DAG_OWNER=***
AIRFLOW_CTX_DAG_ID=dataset_consumes_1
AIRFLOW_CTX_TASK_ID=consuming_1
AIRFLOW_CTX_EXECUTION_DATE=2024-11-26T18:47:25.222322+00:00
AIRFLOW_CTX_TRY_NUMBER=1
AIRFLOW_CTX_DAG_RUN_ID=manual__2024-11-26T18:47:25.222322+00:00
[2024-11-26T18:47:29.071+0000] {subprocess.py:63} INFO - Tmp dir root location: 
 /tmp
[2024-11-26T18:47:29.072+0000] {subprocess.py:75} INFO - Running command: ['/bin/bash', '-c', 'sleep 5']
[2024-11-26T18:47:29.088+0000] {subprocess.py:86} INFO - Output:
[2024-11-26T18:47:34.093+0000] {subprocess.py:97} INFO - Command exited with return code 0
[2024-11-26T18:47:34.177+0000] {warnings.py:110} WARNING - /home/***/.local/lib/python3.7/site-packages/***/models/baseoperator.py:1390: RemovedInAirflow3Warning: Passing 'execution_date' to 'TaskInstance.xcom_push()' is deprecated.
  context['ti'].xcom_push(key=key, value=value, execution_date=execution_date)

[2024-11-26T18:47:34.223+0000] {taskinstance.py:1406} INFO - Marking task as SUCCESS. dag_id=dataset_consumes_1, task_id=consuming_1, execution_date=20241126T184725, start_date=20241126T184728, end_date=20241126T184734
[2024-11-26T18:47:34.290+0000] {local_task_job.py:164} INFO - Task exited with return code 0
[2024-11-26T18:47:34.320+0000] {local_task_job.py:273} INFO - 0 downstream tasks scheduled from follow-on schedule check
