[2024-12-08T09:19:07.347+0000] {taskinstance.py:1165} INFO - Dependencies all met for <TaskInstance: dummy_dag.hello manual__2024-12-08T09:19:06.224850+00:00 [queued]>
[2024-12-08T09:19:07.359+0000] {taskinstance.py:1165} INFO - Dependencies all met for <TaskInstance: dummy_dag.hello manual__2024-12-08T09:19:06.224850+00:00 [queued]>
[2024-12-08T09:19:07.359+0000] {taskinstance.py:1362} INFO - 
--------------------------------------------------------------------------------
[2024-12-08T09:19:07.360+0000] {taskinstance.py:1363} INFO - Starting attempt 1 of 2
[2024-12-08T09:19:07.361+0000] {taskinstance.py:1364} INFO - 
--------------------------------------------------------------------------------
[2024-12-08T09:19:07.375+0000] {taskinstance.py:1383} INFO - Executing <Task(BashOperator): hello> on 2024-12-08 09:19:06.224850+00:00
[2024-12-08T09:19:07.380+0000] {standard_task_runner.py:55} INFO - Started process 474 to run task
[2024-12-08T09:19:07.383+0000] {standard_task_runner.py:82} INFO - Running: ['***', 'tasks', 'run', 'dummy_dag', 'hello', 'manual__2024-12-08T09:19:06.224850+00:00', '--job-id', '2393', '--raw', '--subdir', 'DAGS_FOLDER/demo.py', '--cfg-path', '/tmp/tmpa8k_e4v3']
[2024-12-08T09:19:07.384+0000] {standard_task_runner.py:83} INFO - Job 2393: Subtask hello
[2024-12-08T09:19:07.440+0000] {task_command.py:376} INFO - Running <TaskInstance: dummy_dag.hello manual__2024-12-08T09:19:06.224850+00:00 [running]> on host ece2bbff80df
[2024-12-08T09:19:07.507+0000] {taskinstance.py:1592} INFO - Exporting the following env vars:
AIRFLOW_CTX_DAG_OWNER=***
AIRFLOW_CTX_DAG_ID=dummy_dag
AIRFLOW_CTX_TASK_ID=hello
AIRFLOW_CTX_EXECUTION_DATE=2024-12-08T09:19:06.224850+00:00
AIRFLOW_CTX_TRY_NUMBER=1
AIRFLOW_CTX_DAG_RUN_ID=manual__2024-12-08T09:19:06.224850+00:00
[2024-12-08T09:19:07.509+0000] {subprocess.py:63} INFO - Tmp dir root location: 
 /tmp
[2024-12-08T09:19:07.510+0000] {subprocess.py:75} INFO - Running command: ['/bin/bash', '-c', 'echo hello soundarya']
[2024-12-08T09:19:07.520+0000] {subprocess.py:86} INFO - Output:
[2024-12-08T09:19:07.522+0000] {subprocess.py:93} INFO - hello soundarya
[2024-12-08T09:19:07.523+0000] {subprocess.py:97} INFO - Command exited with return code 0
[2024-12-08T09:19:07.552+0000] {taskinstance.py:1406} INFO - Marking task as SUCCESS. dag_id=dummy_dag, task_id=hello, execution_date=20241208T091906, start_date=20241208T091907, end_date=20241208T091907
[2024-12-08T09:19:07.595+0000] {local_task_job.py:164} INFO - Task exited with return code 0
[2024-12-08T09:19:07.621+0000] {local_task_job.py:273} INFO - 1 downstream tasks scheduled from follow-on schedule check
