[2024-11-26T19:28:01.378+0000] {taskinstance.py:1165} INFO - Dependencies all met for <TaskInstance: demo.hello scheduled__2024-11-06T00:00:00+00:00 [queued]>
[2024-11-26T19:28:01.395+0000] {taskinstance.py:1165} INFO - Dependencies all met for <TaskInstance: demo.hello scheduled__2024-11-06T00:00:00+00:00 [queued]>
[2024-11-26T19:28:01.396+0000] {taskinstance.py:1362} INFO - 
--------------------------------------------------------------------------------
[2024-11-26T19:28:01.396+0000] {taskinstance.py:1363} INFO - Starting attempt 1 of 1
[2024-11-26T19:28:01.397+0000] {taskinstance.py:1364} INFO - 
--------------------------------------------------------------------------------
[2024-11-26T19:28:01.465+0000] {taskinstance.py:1383} INFO - Executing <Task(BashOperator): hello> on 2024-11-06 00:00:00+00:00
[2024-11-26T19:28:01.474+0000] {standard_task_runner.py:55} INFO - Started process 5551 to run task
[2024-11-26T19:28:01.479+0000] {standard_task_runner.py:82} INFO - Running: ['***', 'tasks', 'run', 'demo', 'hello', 'scheduled__2024-11-06T00:00:00+00:00', '--job-id', '2127', '--raw', '--subdir', 'DAGS_FOLDER/demo.py', '--cfg-path', '/tmp/tmp8igs0gh3']
[2024-11-26T19:28:01.480+0000] {standard_task_runner.py:83} INFO - Job 2127: Subtask hello
[2024-11-26T19:28:01.627+0000] {task_command.py:376} INFO - Running <TaskInstance: demo.hello scheduled__2024-11-06T00:00:00+00:00 [running]> on host ece2bbff80df
[2024-11-26T19:28:01.763+0000] {taskinstance.py:1592} INFO - Exporting the following env vars:
AIRFLOW_CTX_DAG_OWNER=***
AIRFLOW_CTX_DAG_ID=demo
AIRFLOW_CTX_TASK_ID=hello
AIRFLOW_CTX_EXECUTION_DATE=2024-11-06T00:00:00+00:00
AIRFLOW_CTX_TRY_NUMBER=1
AIRFLOW_CTX_DAG_RUN_ID=scheduled__2024-11-06T00:00:00+00:00
[2024-11-26T19:28:01.765+0000] {subprocess.py:63} INFO - Tmp dir root location: 
 /tmp
[2024-11-26T19:28:01.766+0000] {subprocess.py:75} INFO - Running command: ['/bin/bash', '-c', 'echo hello soundarya']
[2024-11-26T19:28:01.784+0000] {subprocess.py:86} INFO - Output:
[2024-11-26T19:28:01.787+0000] {subprocess.py:93} INFO - hello soundarya
[2024-11-26T19:28:01.788+0000] {subprocess.py:97} INFO - Command exited with return code 0
[2024-11-26T19:28:01.832+0000] {taskinstance.py:1406} INFO - Marking task as SUCCESS. dag_id=demo, task_id=hello, execution_date=20241106T000000, start_date=20241126T192801, end_date=20241126T192801
[2024-11-26T19:28:01.896+0000] {local_task_job.py:164} INFO - Task exited with return code 0
[2024-11-26T19:28:01.925+0000] {local_task_job.py:273} INFO - 1 downstream tasks scheduled from follow-on schedule check
