[2024-11-26T19:13:14.693+0000] {taskinstance.py:1165} INFO - Dependencies all met for <TaskInstance: demo.airflow scheduled__2022-06-03T00:00:00+00:00 [queued]>
[2024-11-26T19:13:14.746+0000] {taskinstance.py:1165} INFO - Dependencies all met for <TaskInstance: demo.airflow scheduled__2022-06-03T00:00:00+00:00 [queued]>
[2024-11-26T19:13:14.748+0000] {taskinstance.py:1362} INFO - 
--------------------------------------------------------------------------------
[2024-11-26T19:13:14.749+0000] {taskinstance.py:1363} INFO - Starting attempt 1 of 1
[2024-11-26T19:13:14.750+0000] {taskinstance.py:1364} INFO - 
--------------------------------------------------------------------------------
[2024-11-26T19:13:14.787+0000] {taskinstance.py:1383} INFO - Executing <Task(_PythonDecoratedOperator): airflow> on 2022-06-03 00:00:00+00:00
[2024-11-26T19:13:14.808+0000] {standard_task_runner.py:55} INFO - Started process 540 to run task
[2024-11-26T19:13:14.821+0000] {standard_task_runner.py:82} INFO - Running: ['***', 'tasks', 'run', 'demo', '***', 'scheduled__2022-06-03T00:00:00+00:00', '--job-id', '359', '--raw', '--subdir', 'DAGS_FOLDER/demo.py', '--cfg-path', '/tmp/tmpkn5orj_9']
[2024-11-26T19:13:14.824+0000] {standard_task_runner.py:83} INFO - Job 359: Subtask ***
[2024-11-26T19:13:15.002+0000] {task_command.py:376} INFO - Running <TaskInstance: demo.airflow scheduled__2022-06-03T00:00:00+00:00 [running]> on host ece2bbff80df
[2024-11-26T19:13:15.191+0000] {taskinstance.py:1592} INFO - Exporting the following env vars:
AIRFLOW_CTX_DAG_OWNER=***
AIRFLOW_CTX_DAG_ID=demo
AIRFLOW_CTX_TASK_ID=***
AIRFLOW_CTX_EXECUTION_DATE=2022-06-03T00:00:00+00:00
AIRFLOW_CTX_TRY_NUMBER=1
AIRFLOW_CTX_DAG_RUN_ID=scheduled__2022-06-03T00:00:00+00:00
[2024-11-26T19:13:15.192+0000] {logging_mixin.py:120} INFO - ***
[2024-11-26T19:13:15.193+0000] {python.py:177} INFO - Done. Returned value was: None
[2024-11-26T19:13:15.210+0000] {taskinstance.py:1406} INFO - Marking task as SUCCESS. dag_id=demo, task_id=***, execution_date=20220603T000000, start_date=20241126T191314, end_date=20241126T191315
[2024-11-26T19:13:15.250+0000] {local_task_job.py:164} INFO - Task exited with return code 0
[2024-11-26T19:13:15.281+0000] {local_task_job.py:273} INFO - 0 downstream tasks scheduled from follow-on schedule check
