[2024-11-26T19:09:36.038+0000] {taskinstance.py:1165} INFO - Dependencies all met for <TaskInstance: demo.airflow manual__2024-11-26T19:09:30.580941+00:00 [queued]>
[2024-11-26T19:09:36.106+0000] {taskinstance.py:1165} INFO - Dependencies all met for <TaskInstance: demo.airflow manual__2024-11-26T19:09:30.580941+00:00 [queued]>
[2024-11-26T19:09:36.109+0000] {taskinstance.py:1362} INFO - 
--------------------------------------------------------------------------------
[2024-11-26T19:09:36.122+0000] {taskinstance.py:1363} INFO - Starting attempt 1 of 1
[2024-11-26T19:09:36.127+0000] {taskinstance.py:1364} INFO - 
--------------------------------------------------------------------------------
[2024-11-26T19:09:36.218+0000] {taskinstance.py:1383} INFO - Executing <Task(_PythonDecoratedOperator): airflow> on 2024-11-26 19:09:30.580941+00:00
[2024-11-26T19:09:36.237+0000] {standard_task_runner.py:55} INFO - Started process 138 to run task
[2024-11-26T19:09:36.244+0000] {standard_task_runner.py:82} INFO - Running: ['***', 'tasks', 'run', 'demo', '***', 'manual__2024-11-26T19:09:30.580941+00:00', '--job-id', '50', '--raw', '--subdir', 'DAGS_FOLDER/demo.py', '--cfg-path', '/tmp/tmppxxp3yj0']
[2024-11-26T19:09:36.256+0000] {standard_task_runner.py:83} INFO - Job 50: Subtask ***
[2024-11-26T19:09:36.590+0000] {task_command.py:376} INFO - Running <TaskInstance: demo.airflow manual__2024-11-26T19:09:30.580941+00:00 [running]> on host ece2bbff80df
[2024-11-26T19:09:37.124+0000] {taskinstance.py:1592} INFO - Exporting the following env vars:
AIRFLOW_CTX_DAG_OWNER=***
AIRFLOW_CTX_DAG_ID=demo
AIRFLOW_CTX_TASK_ID=***
AIRFLOW_CTX_EXECUTION_DATE=2024-11-26T19:09:30.580941+00:00
AIRFLOW_CTX_TRY_NUMBER=1
AIRFLOW_CTX_DAG_RUN_ID=manual__2024-11-26T19:09:30.580941+00:00
[2024-11-26T19:09:37.150+0000] {logging_mixin.py:120} INFO - ***
[2024-11-26T19:09:37.156+0000] {python.py:177} INFO - Done. Returned value was: None
[2024-11-26T19:09:37.232+0000] {taskinstance.py:1406} INFO - Marking task as SUCCESS. dag_id=demo, task_id=***, execution_date=20241126T190930, start_date=20241126T190936, end_date=20241126T190937
[2024-11-26T19:09:37.312+0000] {local_task_job.py:164} INFO - Task exited with return code 0
[2024-11-26T19:09:37.371+0000] {local_task_job.py:273} INFO - 0 downstream tasks scheduled from follow-on schedule check
