[2024-11-26T19:23:12.694+0000] {taskinstance.py:1165} INFO - Dependencies all met for <TaskInstance: demo.hello scheduled__2024-01-14T00:00:00+00:00 [queued]>
[2024-11-26T19:23:12.711+0000] {taskinstance.py:1165} INFO - Dependencies all met for <TaskInstance: demo.hello scheduled__2024-01-14T00:00:00+00:00 [queued]>
[2024-11-26T19:23:12.712+0000] {taskinstance.py:1362} INFO - 
--------------------------------------------------------------------------------
[2024-11-26T19:23:12.713+0000] {taskinstance.py:1363} INFO - Starting attempt 1 of 1
[2024-11-26T19:23:12.713+0000] {taskinstance.py:1364} INFO - 
--------------------------------------------------------------------------------
[2024-11-26T19:23:12.736+0000] {taskinstance.py:1383} INFO - Executing <Task(BashOperator): hello> on 2024-01-14 00:00:00+00:00
[2024-11-26T19:23:12.743+0000] {standard_task_runner.py:55} INFO - Started process 3869 to run task
[2024-11-26T19:23:12.747+0000] {standard_task_runner.py:82} INFO - Running: ['***', 'tasks', 'run', 'demo', 'hello', 'scheduled__2024-01-14T00:00:00+00:00', '--job-id', '1533', '--raw', '--subdir', 'DAGS_FOLDER/demo.py', '--cfg-path', '/tmp/tmpm8k6yerx']
[2024-11-26T19:23:12.748+0000] {standard_task_runner.py:83} INFO - Job 1533: Subtask hello
[2024-11-26T19:23:12.851+0000] {task_command.py:376} INFO - Running <TaskInstance: demo.hello scheduled__2024-01-14T00:00:00+00:00 [running]> on host ece2bbff80df
[2024-11-26T19:23:12.945+0000] {taskinstance.py:1592} INFO - Exporting the following env vars:
AIRFLOW_CTX_DAG_OWNER=***
AIRFLOW_CTX_DAG_ID=demo
AIRFLOW_CTX_TASK_ID=hello
AIRFLOW_CTX_EXECUTION_DATE=2024-01-14T00:00:00+00:00
AIRFLOW_CTX_TRY_NUMBER=1
AIRFLOW_CTX_DAG_RUN_ID=scheduled__2024-01-14T00:00:00+00:00
[2024-11-26T19:23:12.947+0000] {subprocess.py:63} INFO - Tmp dir root location: 
 /tmp
[2024-11-26T19:23:12.948+0000] {subprocess.py:75} INFO - Running command: ['/bin/bash', '-c', 'echo hello soundarya']
[2024-11-26T19:23:12.961+0000] {subprocess.py:86} INFO - Output:
[2024-11-26T19:23:12.963+0000] {subprocess.py:93} INFO - hello soundarya
[2024-11-26T19:23:12.964+0000] {subprocess.py:97} INFO - Command exited with return code 0
[2024-11-26T19:23:13.003+0000] {taskinstance.py:1406} INFO - Marking task as SUCCESS. dag_id=demo, task_id=hello, execution_date=20240114T000000, start_date=20241126T192312, end_date=20241126T192313
[2024-11-26T19:23:13.039+0000] {local_task_job.py:164} INFO - Task exited with return code 0
[2024-11-26T19:23:13.091+0000] {local_task_job.py:273} INFO - 1 downstream tasks scheduled from follow-on schedule check
