[2024-11-26T19:18:05.050+0000] {taskinstance.py:1165} INFO - Dependencies all met for <TaskInstance: demo.hello scheduled__2023-03-02T00:00:00+00:00 [queued]>
[2024-11-26T19:18:05.084+0000] {taskinstance.py:1165} INFO - Dependencies all met for <TaskInstance: demo.hello scheduled__2023-03-02T00:00:00+00:00 [queued]>
[2024-11-26T19:18:05.085+0000] {taskinstance.py:1362} INFO - 
--------------------------------------------------------------------------------
[2024-11-26T19:18:05.104+0000] {taskinstance.py:1363} INFO - Starting attempt 1 of 1
[2024-11-26T19:18:05.105+0000] {taskinstance.py:1364} INFO - 
--------------------------------------------------------------------------------
[2024-11-26T19:18:05.217+0000] {taskinstance.py:1383} INFO - Executing <Task(BashOperator): hello> on 2023-03-02 00:00:00+00:00
[2024-11-26T19:18:05.226+0000] {standard_task_runner.py:55} INFO - Started process 2072 to run task
[2024-11-26T19:18:05.231+0000] {standard_task_runner.py:82} INFO - Running: ['***', 'tasks', 'run', 'demo', 'hello', 'scheduled__2023-03-02T00:00:00+00:00', '--job-id', '895', '--raw', '--subdir', 'DAGS_FOLDER/demo.py', '--cfg-path', '/tmp/tmp4qkq54hf']
[2024-11-26T19:18:05.232+0000] {standard_task_runner.py:83} INFO - Job 895: Subtask hello
[2024-11-26T19:18:05.418+0000] {task_command.py:376} INFO - Running <TaskInstance: demo.hello scheduled__2023-03-02T00:00:00+00:00 [running]> on host ece2bbff80df
[2024-11-26T19:18:05.590+0000] {taskinstance.py:1592} INFO - Exporting the following env vars:
AIRFLOW_CTX_DAG_OWNER=***
AIRFLOW_CTX_DAG_ID=demo
AIRFLOW_CTX_TASK_ID=hello
AIRFLOW_CTX_EXECUTION_DATE=2023-03-02T00:00:00+00:00
AIRFLOW_CTX_TRY_NUMBER=1
AIRFLOW_CTX_DAG_RUN_ID=scheduled__2023-03-02T00:00:00+00:00
[2024-11-26T19:18:05.593+0000] {subprocess.py:63} INFO - Tmp dir root location: 
 /tmp
[2024-11-26T19:18:05.595+0000] {subprocess.py:75} INFO - Running command: ['/bin/bash', '-c', 'echo hello soundarya']
[2024-11-26T19:18:05.622+0000] {subprocess.py:86} INFO - Output:
[2024-11-26T19:18:05.625+0000] {subprocess.py:93} INFO - hello soundarya
[2024-11-26T19:18:05.627+0000] {subprocess.py:97} INFO - Command exited with return code 0
[2024-11-26T19:18:05.702+0000] {taskinstance.py:1406} INFO - Marking task as SUCCESS. dag_id=demo, task_id=hello, execution_date=20230302T000000, start_date=20241126T191805, end_date=20241126T191805
[2024-11-26T19:18:05.785+0000] {local_task_job.py:164} INFO - Task exited with return code 0
[2024-11-26T19:18:05.933+0000] {local_task_job.py:273} INFO - 0 downstream tasks scheduled from follow-on schedule check
