[2024-11-26T19:22:35.852+0000] {taskinstance.py:1165} INFO - Dependencies all met for <TaskInstance: demo.hello scheduled__2023-12-06T00:00:00+00:00 [queued]>
[2024-11-26T19:22:35.908+0000] {taskinstance.py:1165} INFO - Dependencies all met for <TaskInstance: demo.hello scheduled__2023-12-06T00:00:00+00:00 [queued]>
[2024-11-26T19:22:35.911+0000] {taskinstance.py:1362} INFO - 
--------------------------------------------------------------------------------
[2024-11-26T19:22:35.917+0000] {taskinstance.py:1363} INFO - Starting attempt 1 of 1
[2024-11-26T19:22:35.918+0000] {taskinstance.py:1364} INFO - 
--------------------------------------------------------------------------------
[2024-11-26T19:22:35.997+0000] {taskinstance.py:1383} INFO - Executing <Task(BashOperator): hello> on 2023-12-06 00:00:00+00:00
[2024-11-26T19:22:36.007+0000] {standard_task_runner.py:55} INFO - Started process 3646 to run task
[2024-11-26T19:22:36.034+0000] {standard_task_runner.py:82} INFO - Running: ['***', 'tasks', 'run', 'demo', 'hello', 'scheduled__2023-12-06T00:00:00+00:00', '--job-id', '1453', '--raw', '--subdir', 'DAGS_FOLDER/demo.py', '--cfg-path', '/tmp/tmpuijthq68']
[2024-11-26T19:22:36.036+0000] {standard_task_runner.py:83} INFO - Job 1453: Subtask hello
[2024-11-26T19:22:36.226+0000] {task_command.py:376} INFO - Running <TaskInstance: demo.hello scheduled__2023-12-06T00:00:00+00:00 [running]> on host ece2bbff80df
[2024-11-26T19:22:36.466+0000] {taskinstance.py:1592} INFO - Exporting the following env vars:
AIRFLOW_CTX_DAG_OWNER=***
AIRFLOW_CTX_DAG_ID=demo
AIRFLOW_CTX_TASK_ID=hello
AIRFLOW_CTX_EXECUTION_DATE=2023-12-06T00:00:00+00:00
AIRFLOW_CTX_TRY_NUMBER=1
AIRFLOW_CTX_DAG_RUN_ID=scheduled__2023-12-06T00:00:00+00:00
[2024-11-26T19:22:36.473+0000] {subprocess.py:63} INFO - Tmp dir root location: 
 /tmp
[2024-11-26T19:22:36.478+0000] {subprocess.py:75} INFO - Running command: ['/bin/bash', '-c', 'echo hello soundarya']
[2024-11-26T19:22:36.519+0000] {subprocess.py:86} INFO - Output:
[2024-11-26T19:22:36.520+0000] {subprocess.py:93} INFO - hello soundarya
[2024-11-26T19:22:36.521+0000] {subprocess.py:97} INFO - Command exited with return code 0
[2024-11-26T19:22:36.590+0000] {taskinstance.py:1406} INFO - Marking task as SUCCESS. dag_id=demo, task_id=hello, execution_date=20231206T000000, start_date=20241126T192235, end_date=20241126T192236
[2024-11-26T19:22:36.644+0000] {local_task_job.py:164} INFO - Task exited with return code 0
[2024-11-26T19:22:36.735+0000] {local_task_job.py:273} INFO - 1 downstream tasks scheduled from follow-on schedule check
