[2024-11-26T19:23:53.822+0000] {taskinstance.py:1165} INFO - Dependencies all met for <TaskInstance: demo.airflow scheduled__2024-02-25T00:00:00+00:00 [queued]>
[2024-11-26T19:23:53.845+0000] {taskinstance.py:1165} INFO - Dependencies all met for <TaskInstance: demo.airflow scheduled__2024-02-25T00:00:00+00:00 [queued]>
[2024-11-26T19:23:53.846+0000] {taskinstance.py:1362} INFO - 
--------------------------------------------------------------------------------
[2024-11-26T19:23:53.847+0000] {taskinstance.py:1363} INFO - Starting attempt 1 of 1
[2024-11-26T19:23:53.848+0000] {taskinstance.py:1364} INFO - 
--------------------------------------------------------------------------------
[2024-11-26T19:23:53.891+0000] {taskinstance.py:1383} INFO - Executing <Task(_PythonDecoratedOperator): airflow> on 2024-02-25 00:00:00+00:00
[2024-11-26T19:23:53.899+0000] {standard_task_runner.py:55} INFO - Started process 4116 to run task
[2024-11-26T19:23:53.905+0000] {standard_task_runner.py:82} INFO - Running: ['***', 'tasks', 'run', 'demo', '***', 'scheduled__2024-02-25T00:00:00+00:00', '--job-id', '1621', '--raw', '--subdir', 'DAGS_FOLDER/demo.py', '--cfg-path', '/tmp/tmpj8siko1l']
[2024-11-26T19:23:53.906+0000] {standard_task_runner.py:83} INFO - Job 1621: Subtask ***
[2024-11-26T19:23:54.021+0000] {task_command.py:376} INFO - Running <TaskInstance: demo.airflow scheduled__2024-02-25T00:00:00+00:00 [running]> on host ece2bbff80df
[2024-11-26T19:23:54.142+0000] {taskinstance.py:1592} INFO - Exporting the following env vars:
AIRFLOW_CTX_DAG_OWNER=***
AIRFLOW_CTX_DAG_ID=demo
AIRFLOW_CTX_TASK_ID=***
AIRFLOW_CTX_EXECUTION_DATE=2024-02-25T00:00:00+00:00
AIRFLOW_CTX_TRY_NUMBER=1
AIRFLOW_CTX_DAG_RUN_ID=scheduled__2024-02-25T00:00:00+00:00
[2024-11-26T19:23:54.144+0000] {logging_mixin.py:120} INFO - ***
[2024-11-26T19:23:54.145+0000] {python.py:177} INFO - Done. Returned value was: None
[2024-11-26T19:23:54.159+0000] {taskinstance.py:1406} INFO - Marking task as SUCCESS. dag_id=demo, task_id=***, execution_date=20240225T000000, start_date=20241126T192353, end_date=20241126T192354
[2024-11-26T19:23:54.196+0000] {local_task_job.py:164} INFO - Task exited with return code 0
[2024-11-26T19:23:54.222+0000] {local_task_job.py:273} INFO - 0 downstream tasks scheduled from follow-on schedule check
