[2024-11-26T19:14:27.971+0000] {taskinstance.py:1165} INFO - Dependencies all met for <TaskInstance: demo.hello scheduled__2022-08-13T00:00:00+00:00 [queued]>
[2024-11-26T19:14:28.018+0000] {taskinstance.py:1165} INFO - Dependencies all met for <TaskInstance: demo.hello scheduled__2022-08-13T00:00:00+00:00 [queued]>
[2024-11-26T19:14:28.019+0000] {taskinstance.py:1362} INFO - 
--------------------------------------------------------------------------------
[2024-11-26T19:14:28.020+0000] {taskinstance.py:1363} INFO - Starting attempt 1 of 1
[2024-11-26T19:14:28.021+0000] {taskinstance.py:1364} INFO - 
--------------------------------------------------------------------------------
[2024-11-26T19:14:28.061+0000] {taskinstance.py:1383} INFO - Executing <Task(BashOperator): hello> on 2022-08-13 00:00:00+00:00
[2024-11-26T19:14:28.072+0000] {standard_task_runner.py:55} INFO - Started process 926 to run task
[2024-11-26T19:14:28.078+0000] {standard_task_runner.py:82} INFO - Running: ['***', 'tasks', 'run', 'demo', 'hello', 'scheduled__2022-08-13T00:00:00+00:00', '--job-id', '495', '--raw', '--subdir', 'DAGS_FOLDER/demo.py', '--cfg-path', '/tmp/tmpg_08htbu']
[2024-11-26T19:14:28.082+0000] {standard_task_runner.py:83} INFO - Job 495: Subtask hello
[2024-11-26T19:14:28.242+0000] {task_command.py:376} INFO - Running <TaskInstance: demo.hello scheduled__2022-08-13T00:00:00+00:00 [running]> on host ece2bbff80df
[2024-11-26T19:14:28.481+0000] {taskinstance.py:1592} INFO - Exporting the following env vars:
AIRFLOW_CTX_DAG_OWNER=***
AIRFLOW_CTX_DAG_ID=demo
AIRFLOW_CTX_TASK_ID=hello
AIRFLOW_CTX_EXECUTION_DATE=2022-08-13T00:00:00+00:00
AIRFLOW_CTX_TRY_NUMBER=1
AIRFLOW_CTX_DAG_RUN_ID=scheduled__2022-08-13T00:00:00+00:00
[2024-11-26T19:14:28.486+0000] {subprocess.py:63} INFO - Tmp dir root location: 
 /tmp
[2024-11-26T19:14:28.487+0000] {subprocess.py:75} INFO - Running command: ['/bin/bash', '-c', 'echo hello soundarya']
[2024-11-26T19:14:28.521+0000] {subprocess.py:86} INFO - Output:
[2024-11-26T19:14:28.526+0000] {subprocess.py:93} INFO - hello soundarya
[2024-11-26T19:14:28.528+0000] {subprocess.py:97} INFO - Command exited with return code 0
[2024-11-26T19:14:28.602+0000] {taskinstance.py:1406} INFO - Marking task as SUCCESS. dag_id=demo, task_id=hello, execution_date=20220813T000000, start_date=20241126T191427, end_date=20241126T191428
[2024-11-26T19:14:28.684+0000] {local_task_job.py:164} INFO - Task exited with return code 0
[2024-11-26T19:14:28.857+0000] {local_task_job.py:273} INFO - 0 downstream tasks scheduled from follow-on schedule check
