[2024-12-08T08:39:06.467+0000] {taskinstance.py:1165} INFO - Dependencies all met for <TaskInstance: dummy_dag.hello manual__2024-12-08T08:39:05.355757+00:00 [queued]>
[2024-12-08T08:39:06.479+0000] {taskinstance.py:1165} INFO - Dependencies all met for <TaskInstance: dummy_dag.hello manual__2024-12-08T08:39:05.355757+00:00 [queued]>
[2024-12-08T08:39:06.480+0000] {taskinstance.py:1362} INFO - 
--------------------------------------------------------------------------------
[2024-12-08T08:39:06.480+0000] {taskinstance.py:1363} INFO - Starting attempt 1 of 2
[2024-12-08T08:39:06.481+0000] {taskinstance.py:1364} INFO - 
--------------------------------------------------------------------------------
[2024-12-08T08:39:06.495+0000] {taskinstance.py:1383} INFO - Executing <Task(BashOperator): hello> on 2024-12-08 08:39:05.355757+00:00
[2024-12-08T08:39:06.499+0000] {standard_task_runner.py:55} INFO - Started process 128 to run task
[2024-12-08T08:39:06.502+0000] {standard_task_runner.py:82} INFO - Running: ['***', 'tasks', 'run', 'dummy_dag', 'hello', 'manual__2024-12-08T08:39:05.355757+00:00', '--job-id', '2356', '--raw', '--subdir', 'DAGS_FOLDER/demo.py', '--cfg-path', '/tmp/tmpesfh985b']
[2024-12-08T08:39:06.503+0000] {standard_task_runner.py:83} INFO - Job 2356: Subtask hello
[2024-12-08T08:39:06.561+0000] {task_command.py:376} INFO - Running <TaskInstance: dummy_dag.hello manual__2024-12-08T08:39:05.355757+00:00 [running]> on host ece2bbff80df
[2024-12-08T08:39:06.629+0000] {taskinstance.py:1592} INFO - Exporting the following env vars:
AIRFLOW_CTX_DAG_OWNER=***
AIRFLOW_CTX_DAG_ID=dummy_dag
AIRFLOW_CTX_TASK_ID=hello
AIRFLOW_CTX_EXECUTION_DATE=2024-12-08T08:39:05.355757+00:00
AIRFLOW_CTX_TRY_NUMBER=1
AIRFLOW_CTX_DAG_RUN_ID=manual__2024-12-08T08:39:05.355757+00:00
[2024-12-08T08:39:06.631+0000] {subprocess.py:63} INFO - Tmp dir root location: 
 /tmp
[2024-12-08T08:39:06.632+0000] {subprocess.py:75} INFO - Running command: ['/bin/bash', '-c', 'echo hello soundarya']
[2024-12-08T08:39:06.641+0000] {subprocess.py:86} INFO - Output:
[2024-12-08T08:39:06.643+0000] {subprocess.py:93} INFO - hello soundarya
[2024-12-08T08:39:06.643+0000] {subprocess.py:97} INFO - Command exited with return code 0
[2024-12-08T08:39:06.670+0000] {taskinstance.py:1406} INFO - Marking task as SUCCESS. dag_id=dummy_dag, task_id=hello, execution_date=20241208T083905, start_date=20241208T083906, end_date=20241208T083906
[2024-12-08T08:39:06.715+0000] {local_task_job.py:164} INFO - Task exited with return code 0
[2024-12-08T08:39:06.742+0000] {local_task_job.py:273} INFO - 1 downstream tasks scheduled from follow-on schedule check
