[2024-11-26T19:27:26.313+0000] {taskinstance.py:1165} INFO - Dependencies all met for <TaskInstance: demo.hello scheduled__2024-09-26T00:00:00+00:00 [queued]>
[2024-11-26T19:27:26.358+0000] {taskinstance.py:1165} INFO - Dependencies all met for <TaskInstance: demo.hello scheduled__2024-09-26T00:00:00+00:00 [queued]>
[2024-11-26T19:27:26.360+0000] {taskinstance.py:1362} INFO - 
--------------------------------------------------------------------------------
[2024-11-26T19:27:26.363+0000] {taskinstance.py:1363} INFO - Starting attempt 1 of 1
[2024-11-26T19:27:26.364+0000] {taskinstance.py:1364} INFO - 
--------------------------------------------------------------------------------
[2024-11-26T19:27:26.420+0000] {taskinstance.py:1383} INFO - Executing <Task(BashOperator): hello> on 2024-09-26 00:00:00+00:00
[2024-11-26T19:27:26.426+0000] {standard_task_runner.py:55} INFO - Started process 5318 to run task
[2024-11-26T19:27:26.440+0000] {standard_task_runner.py:82} INFO - Running: ['***', 'tasks', 'run', 'demo', 'hello', 'scheduled__2024-09-26T00:00:00+00:00', '--job-id', '2043', '--raw', '--subdir', 'DAGS_FOLDER/demo.py', '--cfg-path', '/tmp/tmpfr8xqx0h']
[2024-11-26T19:27:26.442+0000] {standard_task_runner.py:83} INFO - Job 2043: Subtask hello
[2024-11-26T19:27:26.701+0000] {task_command.py:376} INFO - Running <TaskInstance: demo.hello scheduled__2024-09-26T00:00:00+00:00 [running]> on host ece2bbff80df
[2024-11-26T19:27:27.157+0000] {taskinstance.py:1592} INFO - Exporting the following env vars:
AIRFLOW_CTX_DAG_OWNER=***
AIRFLOW_CTX_DAG_ID=demo
AIRFLOW_CTX_TASK_ID=hello
AIRFLOW_CTX_EXECUTION_DATE=2024-09-26T00:00:00+00:00
AIRFLOW_CTX_TRY_NUMBER=1
AIRFLOW_CTX_DAG_RUN_ID=scheduled__2024-09-26T00:00:00+00:00
[2024-11-26T19:27:27.159+0000] {subprocess.py:63} INFO - Tmp dir root location: 
 /tmp
[2024-11-26T19:27:27.160+0000] {subprocess.py:75} INFO - Running command: ['/bin/bash', '-c', 'echo hello soundarya']
[2024-11-26T19:27:27.221+0000] {subprocess.py:86} INFO - Output:
[2024-11-26T19:27:27.224+0000] {subprocess.py:93} INFO - hello soundarya
[2024-11-26T19:27:27.227+0000] {subprocess.py:97} INFO - Command exited with return code 0
[2024-11-26T19:27:27.296+0000] {taskinstance.py:1406} INFO - Marking task as SUCCESS. dag_id=demo, task_id=hello, execution_date=20240926T000000, start_date=20241126T192726, end_date=20241126T192727
[2024-11-26T19:27:27.355+0000] {local_task_job.py:164} INFO - Task exited with return code 0
[2024-11-26T19:27:27.431+0000] {local_task_job.py:273} INFO - 1 downstream tasks scheduled from follow-on schedule check
