[2024-11-26T19:13:33.207+0000] {taskinstance.py:1165} INFO - Dependencies all met for <TaskInstance: demo.airflow scheduled__2022-06-21T00:00:00+00:00 [queued]>
[2024-11-26T19:13:33.232+0000] {taskinstance.py:1165} INFO - Dependencies all met for <TaskInstance: demo.airflow scheduled__2022-06-21T00:00:00+00:00 [queued]>
[2024-11-26T19:13:33.233+0000] {taskinstance.py:1362} INFO - 
--------------------------------------------------------------------------------
[2024-11-26T19:13:33.234+0000] {taskinstance.py:1363} INFO - Starting attempt 1 of 1
[2024-11-26T19:13:33.235+0000] {taskinstance.py:1364} INFO - 
--------------------------------------------------------------------------------
[2024-11-26T19:13:33.307+0000] {taskinstance.py:1383} INFO - Executing <Task(_PythonDecoratedOperator): airflow> on 2022-06-21 00:00:00+00:00
[2024-11-26T19:13:33.323+0000] {standard_task_runner.py:55} INFO - Started process 641 to run task
[2024-11-26T19:13:33.328+0000] {standard_task_runner.py:82} INFO - Running: ['***', 'tasks', 'run', 'demo', '***', 'scheduled__2022-06-21T00:00:00+00:00', '--job-id', '394', '--raw', '--subdir', 'DAGS_FOLDER/demo.py', '--cfg-path', '/tmp/tmpz7id18lr']
[2024-11-26T19:13:33.329+0000] {standard_task_runner.py:83} INFO - Job 394: Subtask ***
[2024-11-26T19:13:33.493+0000] {task_command.py:376} INFO - Running <TaskInstance: demo.airflow scheduled__2022-06-21T00:00:00+00:00 [running]> on host ece2bbff80df
[2024-11-26T19:13:33.696+0000] {taskinstance.py:1592} INFO - Exporting the following env vars:
AIRFLOW_CTX_DAG_OWNER=***
AIRFLOW_CTX_DAG_ID=demo
AIRFLOW_CTX_TASK_ID=***
AIRFLOW_CTX_EXECUTION_DATE=2022-06-21T00:00:00+00:00
AIRFLOW_CTX_TRY_NUMBER=1
AIRFLOW_CTX_DAG_RUN_ID=scheduled__2022-06-21T00:00:00+00:00
[2024-11-26T19:13:33.697+0000] {logging_mixin.py:120} INFO - ***
[2024-11-26T19:13:33.698+0000] {python.py:177} INFO - Done. Returned value was: None
[2024-11-26T19:13:33.715+0000] {taskinstance.py:1406} INFO - Marking task as SUCCESS. dag_id=demo, task_id=***, execution_date=20220621T000000, start_date=20241126T191333, end_date=20241126T191333
[2024-11-26T19:13:33.785+0000] {local_task_job.py:164} INFO - Task exited with return code 0
[2024-11-26T19:13:33.811+0000] {local_task_job.py:273} INFO - 0 downstream tasks scheduled from follow-on schedule check
