[2024-11-26T19:26:13.835+0000] {taskinstance.py:1165} INFO - Dependencies all met for <TaskInstance: demo.airflow scheduled__2024-07-17T00:00:00+00:00 [queued]>
[2024-11-26T19:26:13.878+0000] {taskinstance.py:1165} INFO - Dependencies all met for <TaskInstance: demo.airflow scheduled__2024-07-17T00:00:00+00:00 [queued]>
[2024-11-26T19:26:13.879+0000] {taskinstance.py:1362} INFO - 
--------------------------------------------------------------------------------
[2024-11-26T19:26:13.880+0000] {taskinstance.py:1363} INFO - Starting attempt 1 of 1
[2024-11-26T19:26:13.882+0000] {taskinstance.py:1364} INFO - 
--------------------------------------------------------------------------------
[2024-11-26T19:26:14.147+0000] {taskinstance.py:1383} INFO - Executing <Task(_PythonDecoratedOperator): airflow> on 2024-07-17 00:00:00+00:00
[2024-11-26T19:26:14.161+0000] {standard_task_runner.py:55} INFO - Started process 4931 to run task
[2024-11-26T19:26:14.169+0000] {standard_task_runner.py:82} INFO - Running: ['***', 'tasks', 'run', 'demo', '***', 'scheduled__2024-07-17T00:00:00+00:00', '--job-id', '1909', '--raw', '--subdir', 'DAGS_FOLDER/demo.py', '--cfg-path', '/tmp/tmp0zpr9m55']
[2024-11-26T19:26:14.174+0000] {standard_task_runner.py:83} INFO - Job 1909: Subtask ***
[2024-11-26T19:26:14.375+0000] {task_command.py:376} INFO - Running <TaskInstance: demo.airflow scheduled__2024-07-17T00:00:00+00:00 [running]> on host ece2bbff80df
[2024-11-26T19:26:14.585+0000] {taskinstance.py:1592} INFO - Exporting the following env vars:
AIRFLOW_CTX_DAG_OWNER=***
AIRFLOW_CTX_DAG_ID=demo
AIRFLOW_CTX_TASK_ID=***
AIRFLOW_CTX_EXECUTION_DATE=2024-07-17T00:00:00+00:00
AIRFLOW_CTX_TRY_NUMBER=1
AIRFLOW_CTX_DAG_RUN_ID=scheduled__2024-07-17T00:00:00+00:00
[2024-11-26T19:26:14.588+0000] {logging_mixin.py:120} INFO - ***
[2024-11-26T19:26:14.589+0000] {python.py:177} INFO - Done. Returned value was: None
[2024-11-26T19:26:14.611+0000] {taskinstance.py:1406} INFO - Marking task as SUCCESS. dag_id=demo, task_id=***, execution_date=20240717T000000, start_date=20241126T192613, end_date=20241126T192614
[2024-11-26T19:26:14.678+0000] {local_task_job.py:164} INFO - Task exited with return code 0
[2024-11-26T19:26:14.741+0000] {local_task_job.py:273} INFO - 0 downstream tasks scheduled from follow-on schedule check
