[2024-11-26T19:24:39.796+0000] {taskinstance.py:1165} INFO - Dependencies all met for <TaskInstance: demo.hello scheduled__2024-04-15T00:00:00+00:00 [queued]>
[2024-11-26T19:24:39.819+0000] {taskinstance.py:1165} INFO - Dependencies all met for <TaskInstance: demo.hello scheduled__2024-04-15T00:00:00+00:00 [queued]>
[2024-11-26T19:24:39.820+0000] {taskinstance.py:1362} INFO - 
--------------------------------------------------------------------------------
[2024-11-26T19:24:39.821+0000] {taskinstance.py:1363} INFO - Starting attempt 1 of 1
[2024-11-26T19:24:39.823+0000] {taskinstance.py:1364} INFO - 
--------------------------------------------------------------------------------
[2024-11-26T19:24:39.862+0000] {taskinstance.py:1383} INFO - Executing <Task(BashOperator): hello> on 2024-04-15 00:00:00+00:00
[2024-11-26T19:24:39.884+0000] {standard_task_runner.py:82} INFO - Running: ['***', 'tasks', 'run', 'demo', 'hello', 'scheduled__2024-04-15T00:00:00+00:00', '--job-id', '1717', '--raw', '--subdir', 'DAGS_FOLDER/demo.py', '--cfg-path', '/tmp/tmpayjx1zcs']
[2024-11-26T19:24:39.889+0000] {standard_task_runner.py:83} INFO - Job 1717: Subtask hello
[2024-11-26T19:24:39.886+0000] {standard_task_runner.py:55} INFO - Started process 4391 to run task
[2024-11-26T19:24:40.035+0000] {task_command.py:376} INFO - Running <TaskInstance: demo.hello scheduled__2024-04-15T00:00:00+00:00 [running]> on host ece2bbff80df
[2024-11-26T19:24:40.266+0000] {taskinstance.py:1592} INFO - Exporting the following env vars:
AIRFLOW_CTX_DAG_OWNER=***
AIRFLOW_CTX_DAG_ID=demo
AIRFLOW_CTX_TASK_ID=hello
AIRFLOW_CTX_EXECUTION_DATE=2024-04-15T00:00:00+00:00
AIRFLOW_CTX_TRY_NUMBER=1
AIRFLOW_CTX_DAG_RUN_ID=scheduled__2024-04-15T00:00:00+00:00
[2024-11-26T19:24:40.278+0000] {subprocess.py:63} INFO - Tmp dir root location: 
 /tmp
[2024-11-26T19:24:40.279+0000] {subprocess.py:75} INFO - Running command: ['/bin/bash', '-c', 'echo hello soundarya']
[2024-11-26T19:24:40.336+0000] {subprocess.py:86} INFO - Output:
[2024-11-26T19:24:40.346+0000] {subprocess.py:93} INFO - hello soundarya
[2024-11-26T19:24:40.348+0000] {subprocess.py:97} INFO - Command exited with return code 0
[2024-11-26T19:24:40.432+0000] {taskinstance.py:1406} INFO - Marking task as SUCCESS. dag_id=demo, task_id=hello, execution_date=20240415T000000, start_date=20241126T192439, end_date=20241126T192440
[2024-11-26T19:24:40.523+0000] {local_task_job.py:164} INFO - Task exited with return code 0
[2024-11-26T19:24:40.698+0000] {local_task_job.py:273} INFO - 0 downstream tasks scheduled from follow-on schedule check
