[2024-11-26T19:17:07.643+0000] {taskinstance.py:1165} INFO - Dependencies all met for <TaskInstance: demo.hello scheduled__2022-12-31T00:00:00+00:00 [queued]>
[2024-11-26T19:17:07.709+0000] {taskinstance.py:1165} INFO - Dependencies all met for <TaskInstance: demo.hello scheduled__2022-12-31T00:00:00+00:00 [queued]>
[2024-11-26T19:17:07.712+0000] {taskinstance.py:1362} INFO - 
--------------------------------------------------------------------------------
[2024-11-26T19:17:07.724+0000] {taskinstance.py:1363} INFO - Starting attempt 1 of 1
[2024-11-26T19:17:07.734+0000] {taskinstance.py:1364} INFO - 
--------------------------------------------------------------------------------
[2024-11-26T19:17:07.851+0000] {taskinstance.py:1383} INFO - Executing <Task(BashOperator): hello> on 2022-12-31 00:00:00+00:00
[2024-11-26T19:17:07.883+0000] {standard_task_runner.py:55} INFO - Started process 1725 to run task
[2024-11-26T19:17:07.896+0000] {standard_task_runner.py:82} INFO - Running: ['***', 'tasks', 'run', 'demo', 'hello', 'scheduled__2022-12-31T00:00:00+00:00', '--job-id', '775', '--raw', '--subdir', 'DAGS_FOLDER/demo.py', '--cfg-path', '/tmp/tmp10wu_5cg']
[2024-11-26T19:17:07.897+0000] {standard_task_runner.py:83} INFO - Job 775: Subtask hello
[2024-11-26T19:17:08.151+0000] {task_command.py:376} INFO - Running <TaskInstance: demo.hello scheduled__2022-12-31T00:00:00+00:00 [running]> on host ece2bbff80df
[2024-11-26T19:17:08.410+0000] {taskinstance.py:1592} INFO - Exporting the following env vars:
AIRFLOW_CTX_DAG_OWNER=***
AIRFLOW_CTX_DAG_ID=demo
AIRFLOW_CTX_TASK_ID=hello
AIRFLOW_CTX_EXECUTION_DATE=2022-12-31T00:00:00+00:00
AIRFLOW_CTX_TRY_NUMBER=1
AIRFLOW_CTX_DAG_RUN_ID=scheduled__2022-12-31T00:00:00+00:00
[2024-11-26T19:17:08.430+0000] {subprocess.py:63} INFO - Tmp dir root location: 
 /tmp
[2024-11-26T19:17:08.432+0000] {subprocess.py:75} INFO - Running command: ['/bin/bash', '-c', 'echo hello soundarya']
[2024-11-26T19:17:08.493+0000] {subprocess.py:86} INFO - Output:
[2024-11-26T19:17:08.499+0000] {subprocess.py:93} INFO - hello soundarya
[2024-11-26T19:17:08.502+0000] {subprocess.py:97} INFO - Command exited with return code 0
[2024-11-26T19:17:08.595+0000] {taskinstance.py:1406} INFO - Marking task as SUCCESS. dag_id=demo, task_id=hello, execution_date=20221231T000000, start_date=20241126T191707, end_date=20241126T191708
[2024-11-26T19:17:08.708+0000] {local_task_job.py:164} INFO - Task exited with return code 0
[2024-11-26T19:17:08.801+0000] {local_task_job.py:273} INFO - 1 downstream tasks scheduled from follow-on schedule check
