[2024-11-26T19:24:21.983+0000] {taskinstance.py:1165} INFO - Dependencies all met for <TaskInstance: demo.hello scheduled__2024-03-27T00:00:00+00:00 [queued]>
[2024-11-26T19:24:22.014+0000] {taskinstance.py:1165} INFO - Dependencies all met for <TaskInstance: demo.hello scheduled__2024-03-27T00:00:00+00:00 [queued]>
[2024-11-26T19:24:22.015+0000] {taskinstance.py:1362} INFO - 
--------------------------------------------------------------------------------
[2024-11-26T19:24:22.016+0000] {taskinstance.py:1363} INFO - Starting attempt 1 of 1
[2024-11-26T19:24:22.017+0000] {taskinstance.py:1364} INFO - 
--------------------------------------------------------------------------------
[2024-11-26T19:24:22.077+0000] {taskinstance.py:1383} INFO - Executing <Task(BashOperator): hello> on 2024-03-27 00:00:00+00:00
[2024-11-26T19:24:22.083+0000] {standard_task_runner.py:55} INFO - Started process 4281 to run task
[2024-11-26T19:24:22.088+0000] {standard_task_runner.py:82} INFO - Running: ['***', 'tasks', 'run', 'demo', 'hello', 'scheduled__2024-03-27T00:00:00+00:00', '--job-id', '1680', '--raw', '--subdir', 'DAGS_FOLDER/demo.py', '--cfg-path', '/tmp/tmpujj5m9vd']
[2024-11-26T19:24:22.089+0000] {standard_task_runner.py:83} INFO - Job 1680: Subtask hello
[2024-11-26T19:24:22.239+0000] {task_command.py:376} INFO - Running <TaskInstance: demo.hello scheduled__2024-03-27T00:00:00+00:00 [running]> on host ece2bbff80df
[2024-11-26T19:24:22.388+0000] {taskinstance.py:1592} INFO - Exporting the following env vars:
AIRFLOW_CTX_DAG_OWNER=***
AIRFLOW_CTX_DAG_ID=demo
AIRFLOW_CTX_TASK_ID=hello
AIRFLOW_CTX_EXECUTION_DATE=2024-03-27T00:00:00+00:00
AIRFLOW_CTX_TRY_NUMBER=1
AIRFLOW_CTX_DAG_RUN_ID=scheduled__2024-03-27T00:00:00+00:00
[2024-11-26T19:24:22.391+0000] {subprocess.py:63} INFO - Tmp dir root location: 
 /tmp
[2024-11-26T19:24:22.393+0000] {subprocess.py:75} INFO - Running command: ['/bin/bash', '-c', 'echo hello soundarya']
[2024-11-26T19:24:22.417+0000] {subprocess.py:86} INFO - Output:
[2024-11-26T19:24:22.420+0000] {subprocess.py:93} INFO - hello soundarya
[2024-11-26T19:24:22.421+0000] {subprocess.py:97} INFO - Command exited with return code 0
[2024-11-26T19:24:22.493+0000] {taskinstance.py:1406} INFO - Marking task as SUCCESS. dag_id=demo, task_id=hello, execution_date=20240327T000000, start_date=20241126T192421, end_date=20241126T192422
[2024-11-26T19:24:22.587+0000] {local_task_job.py:164} INFO - Task exited with return code 0
[2024-11-26T19:24:22.642+0000] {local_task_job.py:273} INFO - 1 downstream tasks scheduled from follow-on schedule check
