[2024-11-26T19:18:35.184+0000] {taskinstance.py:1165} INFO - Dependencies all met for <TaskInstance: demo.hello scheduled__2023-03-29T00:00:00+00:00 [queued]>
[2024-11-26T19:18:35.197+0000] {taskinstance.py:1165} INFO - Dependencies all met for <TaskInstance: demo.hello scheduled__2023-03-29T00:00:00+00:00 [queued]>
[2024-11-26T19:18:35.198+0000] {taskinstance.py:1362} INFO - 
--------------------------------------------------------------------------------
[2024-11-26T19:18:35.198+0000] {taskinstance.py:1363} INFO - Starting attempt 1 of 1
[2024-11-26T19:18:35.199+0000] {taskinstance.py:1364} INFO - 
--------------------------------------------------------------------------------
[2024-11-26T19:18:35.219+0000] {taskinstance.py:1383} INFO - Executing <Task(BashOperator): hello> on 2023-03-29 00:00:00+00:00
[2024-11-26T19:18:35.227+0000] {standard_task_runner.py:55} INFO - Started process 2232 to run task
[2024-11-26T19:18:35.233+0000] {standard_task_runner.py:82} INFO - Running: ['***', 'tasks', 'run', 'demo', 'hello', 'scheduled__2023-03-29T00:00:00+00:00', '--job-id', '953', '--raw', '--subdir', 'DAGS_FOLDER/demo.py', '--cfg-path', '/tmp/tmpscvr0c7c']
[2024-11-26T19:18:35.234+0000] {standard_task_runner.py:83} INFO - Job 953: Subtask hello
[2024-11-26T19:18:35.368+0000] {task_command.py:376} INFO - Running <TaskInstance: demo.hello scheduled__2023-03-29T00:00:00+00:00 [running]> on host ece2bbff80df
[2024-11-26T19:18:35.470+0000] {taskinstance.py:1592} INFO - Exporting the following env vars:
AIRFLOW_CTX_DAG_OWNER=***
AIRFLOW_CTX_DAG_ID=demo
AIRFLOW_CTX_TASK_ID=hello
AIRFLOW_CTX_EXECUTION_DATE=2023-03-29T00:00:00+00:00
AIRFLOW_CTX_TRY_NUMBER=1
AIRFLOW_CTX_DAG_RUN_ID=scheduled__2023-03-29T00:00:00+00:00
[2024-11-26T19:18:35.472+0000] {subprocess.py:63} INFO - Tmp dir root location: 
 /tmp
[2024-11-26T19:18:35.473+0000] {subprocess.py:75} INFO - Running command: ['/bin/bash', '-c', 'echo hello soundarya']
[2024-11-26T19:18:35.493+0000] {subprocess.py:86} INFO - Output:
[2024-11-26T19:18:35.495+0000] {subprocess.py:93} INFO - hello soundarya
[2024-11-26T19:18:35.496+0000] {subprocess.py:97} INFO - Command exited with return code 0
[2024-11-26T19:18:35.542+0000] {taskinstance.py:1406} INFO - Marking task as SUCCESS. dag_id=demo, task_id=hello, execution_date=20230329T000000, start_date=20241126T191835, end_date=20241126T191835
[2024-11-26T19:18:35.608+0000] {local_task_job.py:164} INFO - Task exited with return code 0
[2024-11-26T19:18:35.648+0000] {local_task_job.py:273} INFO - 1 downstream tasks scheduled from follow-on schedule check
