[2024-11-26T19:09:34.052+0000] {taskinstance.py:1165} INFO - Dependencies all met for <TaskInstance: demo.hello scheduled__2022-01-03T00:00:00+00:00 [queued]>
[2024-11-26T19:09:34.088+0000] {taskinstance.py:1165} INFO - Dependencies all met for <TaskInstance: demo.hello scheduled__2022-01-03T00:00:00+00:00 [queued]>
[2024-11-26T19:09:34.093+0000] {taskinstance.py:1362} INFO - 
--------------------------------------------------------------------------------
[2024-11-26T19:09:34.099+0000] {taskinstance.py:1363} INFO - Starting attempt 1 of 1
[2024-11-26T19:09:34.111+0000] {taskinstance.py:1364} INFO - 
--------------------------------------------------------------------------------
[2024-11-26T19:09:34.307+0000] {taskinstance.py:1383} INFO - Executing <Task(BashOperator): hello> on 2022-01-03 00:00:00+00:00
[2024-11-26T19:09:34.323+0000] {standard_task_runner.py:55} INFO - Started process 122 to run task
[2024-11-26T19:09:34.333+0000] {standard_task_runner.py:82} INFO - Running: ['***', 'tasks', 'run', 'demo', 'hello', 'scheduled__2022-01-03T00:00:00+00:00', '--job-id', '44', '--raw', '--subdir', 'DAGS_FOLDER/demo.py', '--cfg-path', '/tmp/tmp8iyknmlb']
[2024-11-26T19:09:34.344+0000] {standard_task_runner.py:83} INFO - Job 44: Subtask hello
[2024-11-26T19:09:34.653+0000] {task_command.py:376} INFO - Running <TaskInstance: demo.hello scheduled__2022-01-03T00:00:00+00:00 [running]> on host ece2bbff80df
[2024-11-26T19:09:35.031+0000] {taskinstance.py:1592} INFO - Exporting the following env vars:
AIRFLOW_CTX_DAG_OWNER=***
AIRFLOW_CTX_DAG_ID=demo
AIRFLOW_CTX_TASK_ID=hello
AIRFLOW_CTX_EXECUTION_DATE=2022-01-03T00:00:00+00:00
AIRFLOW_CTX_TRY_NUMBER=1
AIRFLOW_CTX_DAG_RUN_ID=scheduled__2022-01-03T00:00:00+00:00
[2024-11-26T19:09:35.034+0000] {subprocess.py:63} INFO - Tmp dir root location: 
 /tmp
[2024-11-26T19:09:35.035+0000] {subprocess.py:75} INFO - Running command: ['/bin/bash', '-c', 'echo hello']
[2024-11-26T19:09:35.138+0000] {subprocess.py:86} INFO - Output:
[2024-11-26T19:09:35.141+0000] {subprocess.py:93} INFO - hello
[2024-11-26T19:09:35.143+0000] {subprocess.py:97} INFO - Command exited with return code 0
[2024-11-26T19:09:35.291+0000] {taskinstance.py:1406} INFO - Marking task as SUCCESS. dag_id=demo, task_id=hello, execution_date=20220103T000000, start_date=20241126T190934, end_date=20241126T190935
[2024-11-26T19:09:35.421+0000] {local_task_job.py:164} INFO - Task exited with return code 0
[2024-11-26T19:09:35.679+0000] {local_task_job.py:273} INFO - 0 downstream tasks scheduled from follow-on schedule check
