[2024-11-26T19:24:07.975+0000] {taskinstance.py:1165} INFO - Dependencies all met for <TaskInstance: demo.airflow scheduled__2024-03-08T00:00:00+00:00 [queued]>
[2024-11-26T19:24:08.003+0000] {taskinstance.py:1165} INFO - Dependencies all met for <TaskInstance: demo.airflow scheduled__2024-03-08T00:00:00+00:00 [queued]>
[2024-11-26T19:24:08.006+0000] {taskinstance.py:1362} INFO - 
--------------------------------------------------------------------------------
[2024-11-26T19:24:08.007+0000] {taskinstance.py:1363} INFO - Starting attempt 1 of 1
[2024-11-26T19:24:08.011+0000] {taskinstance.py:1364} INFO - 
--------------------------------------------------------------------------------
[2024-11-26T19:24:08.204+0000] {taskinstance.py:1383} INFO - Executing <Task(_PythonDecoratedOperator): airflow> on 2024-03-08 00:00:00+00:00
[2024-11-26T19:24:08.213+0000] {standard_task_runner.py:55} INFO - Started process 4198 to run task
[2024-11-26T19:24:08.224+0000] {standard_task_runner.py:82} INFO - Running: ['***', 'tasks', 'run', 'demo', '***', 'scheduled__2024-03-08T00:00:00+00:00', '--job-id', '1649', '--raw', '--subdir', 'DAGS_FOLDER/demo.py', '--cfg-path', '/tmp/tmpb8ho83e6']
[2024-11-26T19:24:08.229+0000] {standard_task_runner.py:83} INFO - Job 1649: Subtask ***
[2024-11-26T19:24:08.477+0000] {task_command.py:376} INFO - Running <TaskInstance: demo.airflow scheduled__2024-03-08T00:00:00+00:00 [running]> on host ece2bbff80df
[2024-11-26T19:24:08.752+0000] {taskinstance.py:1592} INFO - Exporting the following env vars:
AIRFLOW_CTX_DAG_OWNER=***
AIRFLOW_CTX_DAG_ID=demo
AIRFLOW_CTX_TASK_ID=***
AIRFLOW_CTX_EXECUTION_DATE=2024-03-08T00:00:00+00:00
AIRFLOW_CTX_TRY_NUMBER=1
AIRFLOW_CTX_DAG_RUN_ID=scheduled__2024-03-08T00:00:00+00:00
[2024-11-26T19:24:08.753+0000] {logging_mixin.py:120} INFO - ***
[2024-11-26T19:24:08.755+0000] {python.py:177} INFO - Done. Returned value was: None
[2024-11-26T19:24:08.798+0000] {taskinstance.py:1406} INFO - Marking task as SUCCESS. dag_id=demo, task_id=***, execution_date=20240308T000000, start_date=20241126T192407, end_date=20241126T192408
[2024-11-26T19:24:08.885+0000] {local_task_job.py:164} INFO - Task exited with return code 0
[2024-11-26T19:24:08.934+0000] {local_task_job.py:273} INFO - 0 downstream tasks scheduled from follow-on schedule check
