[2024-11-26T19:15:10.758+0000] {taskinstance.py:1165} INFO - Dependencies all met for <TaskInstance: demo.hello scheduled__2022-09-25T00:00:00+00:00 [queued]>
[2024-11-26T19:15:10.780+0000] {taskinstance.py:1165} INFO - Dependencies all met for <TaskInstance: demo.hello scheduled__2022-09-25T00:00:00+00:00 [queued]>
[2024-11-26T19:15:10.781+0000] {taskinstance.py:1362} INFO - 
--------------------------------------------------------------------------------
[2024-11-26T19:15:10.782+0000] {taskinstance.py:1363} INFO - Starting attempt 1 of 1
[2024-11-26T19:15:10.783+0000] {taskinstance.py:1364} INFO - 
--------------------------------------------------------------------------------
[2024-11-26T19:15:10.875+0000] {taskinstance.py:1383} INFO - Executing <Task(BashOperator): hello> on 2022-09-25 00:00:00+00:00
[2024-11-26T19:15:10.886+0000] {standard_task_runner.py:55} INFO - Started process 1170 to run task
[2024-11-26T19:15:10.892+0000] {standard_task_runner.py:82} INFO - Running: ['***', 'tasks', 'run', 'demo', 'hello', 'scheduled__2022-09-25T00:00:00+00:00', '--job-id', '582', '--raw', '--subdir', 'DAGS_FOLDER/demo.py', '--cfg-path', '/tmp/tmpsr9vmrnq']
[2024-11-26T19:15:10.894+0000] {standard_task_runner.py:83} INFO - Job 582: Subtask hello
[2024-11-26T19:15:11.049+0000] {task_command.py:376} INFO - Running <TaskInstance: demo.hello scheduled__2022-09-25T00:00:00+00:00 [running]> on host ece2bbff80df
[2024-11-26T19:15:11.174+0000] {taskinstance.py:1592} INFO - Exporting the following env vars:
AIRFLOW_CTX_DAG_OWNER=***
AIRFLOW_CTX_DAG_ID=demo
AIRFLOW_CTX_TASK_ID=hello
AIRFLOW_CTX_EXECUTION_DATE=2022-09-25T00:00:00+00:00
AIRFLOW_CTX_TRY_NUMBER=1
AIRFLOW_CTX_DAG_RUN_ID=scheduled__2022-09-25T00:00:00+00:00
[2024-11-26T19:15:11.178+0000] {subprocess.py:63} INFO - Tmp dir root location: 
 /tmp
[2024-11-26T19:15:11.179+0000] {subprocess.py:75} INFO - Running command: ['/bin/bash', '-c', 'echo hello soundarya']
[2024-11-26T19:15:11.200+0000] {subprocess.py:86} INFO - Output:
[2024-11-26T19:15:11.205+0000] {subprocess.py:93} INFO - hello soundarya
[2024-11-26T19:15:11.211+0000] {subprocess.py:97} INFO - Command exited with return code 0
[2024-11-26T19:15:11.320+0000] {taskinstance.py:1406} INFO - Marking task as SUCCESS. dag_id=demo, task_id=hello, execution_date=20220925T000000, start_date=20241126T191510, end_date=20241126T191511
[2024-11-26T19:15:11.469+0000] {local_task_job.py:164} INFO - Task exited with return code 0
[2024-11-26T19:15:11.613+0000] {local_task_job.py:273} INFO - 1 downstream tasks scheduled from follow-on schedule check
