[2024-11-26T19:14:28.770+0000] {taskinstance.py:1165} INFO - Dependencies all met for <TaskInstance: demo.hello scheduled__2022-08-15T00:00:00+00:00 [queued]>
[2024-11-26T19:14:28.792+0000] {taskinstance.py:1165} INFO - Dependencies all met for <TaskInstance: demo.hello scheduled__2022-08-15T00:00:00+00:00 [queued]>
[2024-11-26T19:14:28.794+0000] {taskinstance.py:1362} INFO - 
--------------------------------------------------------------------------------
[2024-11-26T19:14:28.795+0000] {taskinstance.py:1363} INFO - Starting attempt 1 of 1
[2024-11-26T19:14:28.796+0000] {taskinstance.py:1364} INFO - 
--------------------------------------------------------------------------------
[2024-11-26T19:14:28.851+0000] {taskinstance.py:1383} INFO - Executing <Task(BashOperator): hello> on 2022-08-15 00:00:00+00:00
[2024-11-26T19:14:28.861+0000] {standard_task_runner.py:55} INFO - Started process 933 to run task
[2024-11-26T19:14:28.867+0000] {standard_task_runner.py:82} INFO - Running: ['***', 'tasks', 'run', 'demo', 'hello', 'scheduled__2022-08-15T00:00:00+00:00', '--job-id', '497', '--raw', '--subdir', 'DAGS_FOLDER/demo.py', '--cfg-path', '/tmp/tmpvopk4684']
[2024-11-26T19:14:28.869+0000] {standard_task_runner.py:83} INFO - Job 497: Subtask hello
[2024-11-26T19:14:29.169+0000] {task_command.py:376} INFO - Running <TaskInstance: demo.hello scheduled__2022-08-15T00:00:00+00:00 [running]> on host ece2bbff80df
[2024-11-26T19:14:29.367+0000] {taskinstance.py:1592} INFO - Exporting the following env vars:
AIRFLOW_CTX_DAG_OWNER=***
AIRFLOW_CTX_DAG_ID=demo
AIRFLOW_CTX_TASK_ID=hello
AIRFLOW_CTX_EXECUTION_DATE=2022-08-15T00:00:00+00:00
AIRFLOW_CTX_TRY_NUMBER=1
AIRFLOW_CTX_DAG_RUN_ID=scheduled__2022-08-15T00:00:00+00:00
[2024-11-26T19:14:29.372+0000] {subprocess.py:63} INFO - Tmp dir root location: 
 /tmp
[2024-11-26T19:14:29.375+0000] {subprocess.py:75} INFO - Running command: ['/bin/bash', '-c', 'echo hello soundarya']
[2024-11-26T19:14:29.398+0000] {subprocess.py:86} INFO - Output:
[2024-11-26T19:14:29.401+0000] {subprocess.py:93} INFO - hello soundarya
[2024-11-26T19:14:29.402+0000] {subprocess.py:97} INFO - Command exited with return code 0
[2024-11-26T19:14:29.472+0000] {taskinstance.py:1406} INFO - Marking task as SUCCESS. dag_id=demo, task_id=hello, execution_date=20220815T000000, start_date=20241126T191428, end_date=20241126T191429
[2024-11-26T19:14:29.511+0000] {local_task_job.py:164} INFO - Task exited with return code 0
[2024-11-26T19:14:29.591+0000] {local_task_job.py:273} INFO - 1 downstream tasks scheduled from follow-on schedule check
