[2024-12-07T19:35:32.441+0000] {processor.py:154} INFO - Started process (PID=47) to work on /opt/airflow/dags/demo.py
[2024-12-07T19:35:32.443+0000] {processor.py:756} INFO - Processing file /opt/airflow/dags/demo.py for tasks to queue
[2024-12-07T19:35:32.445+0000] {logging_mixin.py:120} INFO - [2024-12-07T19:35:32.444+0000] {dagbag.py:537} INFO - Filling up the DagBag from /opt/airflow/dags/demo.py
[2024-12-07T19:35:32.506+0000] {processor.py:766} INFO - DAG(s) dict_keys(['dummy_dag']) retrieved from /opt/airflow/dags/demo.py
[2024-12-07T19:35:32.653+0000] {logging_mixin.py:120} INFO - [2024-12-07T19:35:32.653+0000] {dag.py:2585} INFO - Sync 1 DAGs
[2024-12-07T19:35:32.688+0000] {logging_mixin.py:120} INFO - [2024-12-07T19:35:32.688+0000] {dag.py:3340} INFO - Setting next_dagrun for dummy_dag to None, run_after=None
[2024-12-07T19:35:32.728+0000] {processor.py:176} INFO - Processing /opt/airflow/dags/demo.py took 0.293 seconds
[2024-12-07T19:36:02.951+0000] {processor.py:154} INFO - Started process (PID=102) to work on /opt/airflow/dags/demo.py
[2024-12-07T19:36:02.956+0000] {processor.py:756} INFO - Processing file /opt/airflow/dags/demo.py for tasks to queue
[2024-12-07T19:36:02.957+0000] {logging_mixin.py:120} INFO - [2024-12-07T19:36:02.957+0000] {dagbag.py:537} INFO - Filling up the DagBag from /opt/airflow/dags/demo.py
[2024-12-07T19:36:03.012+0000] {processor.py:766} INFO - DAG(s) dict_keys(['dummy_dag']) retrieved from /opt/airflow/dags/demo.py
[2024-12-07T19:36:03.071+0000] {logging_mixin.py:120} INFO - [2024-12-07T19:36:03.071+0000] {dag.py:2585} INFO - Sync 1 DAGs
[2024-12-07T19:36:03.107+0000] {logging_mixin.py:120} INFO - [2024-12-07T19:36:03.107+0000] {dag.py:3340} INFO - Setting next_dagrun for dummy_dag to None, run_after=None
[2024-12-07T19:36:03.145+0000] {processor.py:176} INFO - Processing /opt/airflow/dags/demo.py took 0.199 seconds
[2024-12-07T19:36:33.873+0000] {processor.py:154} INFO - Started process (PID=167) to work on /opt/airflow/dags/demo.py
[2024-12-07T19:36:33.875+0000] {processor.py:756} INFO - Processing file /opt/airflow/dags/demo.py for tasks to queue
[2024-12-07T19:36:33.877+0000] {logging_mixin.py:120} INFO - [2024-12-07T19:36:33.877+0000] {dagbag.py:537} INFO - Filling up the DagBag from /opt/airflow/dags/demo.py
[2024-12-07T19:36:33.929+0000] {processor.py:766} INFO - DAG(s) dict_keys(['dummy_dag']) retrieved from /opt/airflow/dags/demo.py
[2024-12-07T19:36:33.981+0000] {logging_mixin.py:120} INFO - [2024-12-07T19:36:33.980+0000] {dag.py:2585} INFO - Sync 1 DAGs
[2024-12-07T19:36:34.013+0000] {logging_mixin.py:120} INFO - [2024-12-07T19:36:34.013+0000] {dag.py:3340} INFO - Setting next_dagrun for dummy_dag to None, run_after=None
[2024-12-07T19:36:34.043+0000] {processor.py:176} INFO - Processing /opt/airflow/dags/demo.py took 0.174 seconds
[2024-12-07T19:37:04.957+0000] {processor.py:154} INFO - Started process (PID=231) to work on /opt/airflow/dags/demo.py
[2024-12-07T19:37:04.958+0000] {processor.py:756} INFO - Processing file /opt/airflow/dags/demo.py for tasks to queue
[2024-12-07T19:37:04.959+0000] {logging_mixin.py:120} INFO - [2024-12-07T19:37:04.959+0000] {dagbag.py:537} INFO - Filling up the DagBag from /opt/airflow/dags/demo.py
[2024-12-07T19:37:05.005+0000] {processor.py:766} INFO - DAG(s) dict_keys(['dummy_dag']) retrieved from /opt/airflow/dags/demo.py
[2024-12-07T19:37:05.051+0000] {logging_mixin.py:120} INFO - [2024-12-07T19:37:05.051+0000] {dag.py:2585} INFO - Sync 1 DAGs
[2024-12-07T19:37:05.079+0000] {logging_mixin.py:120} INFO - [2024-12-07T19:37:05.079+0000] {dag.py:3340} INFO - Setting next_dagrun for dummy_dag to None, run_after=None
[2024-12-07T19:37:05.107+0000] {processor.py:176} INFO - Processing /opt/airflow/dags/demo.py took 0.154 seconds
[2024-12-07T19:37:35.478+0000] {processor.py:154} INFO - Started process (PID=286) to work on /opt/airflow/dags/demo.py
[2024-12-07T19:37:35.479+0000] {processor.py:756} INFO - Processing file /opt/airflow/dags/demo.py for tasks to queue
[2024-12-07T19:37:35.480+0000] {logging_mixin.py:120} INFO - [2024-12-07T19:37:35.480+0000] {dagbag.py:537} INFO - Filling up the DagBag from /opt/airflow/dags/demo.py
[2024-12-07T19:37:35.520+0000] {processor.py:766} INFO - DAG(s) dict_keys(['dummy_dag']) retrieved from /opt/airflow/dags/demo.py
[2024-12-07T19:37:35.616+0000] {logging_mixin.py:120} INFO - [2024-12-07T19:37:35.616+0000] {dag.py:2585} INFO - Sync 1 DAGs
[2024-12-07T19:37:35.650+0000] {logging_mixin.py:120} INFO - [2024-12-07T19:37:35.650+0000] {dag.py:3340} INFO - Setting next_dagrun for dummy_dag to None, run_after=None
[2024-12-07T19:37:35.680+0000] {processor.py:176} INFO - Processing /opt/airflow/dags/demo.py took 0.207 seconds
[2024-12-07T19:38:05.976+0000] {processor.py:154} INFO - Started process (PID=351) to work on /opt/airflow/dags/demo.py
[2024-12-07T19:38:05.978+0000] {processor.py:756} INFO - Processing file /opt/airflow/dags/demo.py for tasks to queue
[2024-12-07T19:38:05.986+0000] {logging_mixin.py:120} INFO - [2024-12-07T19:38:05.986+0000] {dagbag.py:537} INFO - Filling up the DagBag from /opt/airflow/dags/demo.py
[2024-12-07T19:38:06.500+0000] {processor.py:766} INFO - DAG(s) dict_keys(['dummy_dag']) retrieved from /opt/airflow/dags/demo.py
[2024-12-07T19:38:06.630+0000] {logging_mixin.py:120} INFO - [2024-12-07T19:38:06.630+0000] {dag.py:2585} INFO - Sync 1 DAGs
[2024-12-07T19:38:06.704+0000] {logging_mixin.py:120} INFO - [2024-12-07T19:38:06.704+0000] {dag.py:3340} INFO - Setting next_dagrun for dummy_dag to None, run_after=None
[2024-12-07T19:38:06.971+0000] {processor.py:176} INFO - Processing /opt/airflow/dags/demo.py took 1.000 seconds
[2024-12-07T19:38:37.679+0000] {processor.py:154} INFO - Started process (PID=406) to work on /opt/airflow/dags/demo.py
[2024-12-07T19:38:37.682+0000] {processor.py:756} INFO - Processing file /opt/airflow/dags/demo.py for tasks to queue
[2024-12-07T19:38:37.684+0000] {logging_mixin.py:120} INFO - [2024-12-07T19:38:37.684+0000] {dagbag.py:537} INFO - Filling up the DagBag from /opt/airflow/dags/demo.py
[2024-12-07T19:38:37.749+0000] {processor.py:766} INFO - DAG(s) dict_keys(['dummy_dag']) retrieved from /opt/airflow/dags/demo.py
[2024-12-07T19:38:37.793+0000] {logging_mixin.py:120} INFO - [2024-12-07T19:38:37.793+0000] {dag.py:2585} INFO - Sync 1 DAGs
[2024-12-07T19:38:37.821+0000] {logging_mixin.py:120} INFO - [2024-12-07T19:38:37.821+0000] {dag.py:3340} INFO - Setting next_dagrun for dummy_dag to None, run_after=None
[2024-12-07T19:38:37.856+0000] {processor.py:176} INFO - Processing /opt/airflow/dags/demo.py took 0.183 seconds
[2024-12-07T19:39:08.282+0000] {processor.py:154} INFO - Started process (PID=470) to work on /opt/airflow/dags/demo.py
[2024-12-07T19:39:08.283+0000] {processor.py:756} INFO - Processing file /opt/airflow/dags/demo.py for tasks to queue
[2024-12-07T19:39:08.284+0000] {logging_mixin.py:120} INFO - [2024-12-07T19:39:08.284+0000] {dagbag.py:537} INFO - Filling up the DagBag from /opt/airflow/dags/demo.py
[2024-12-07T19:39:08.312+0000] {processor.py:766} INFO - DAG(s) dict_keys(['dummy_dag']) retrieved from /opt/airflow/dags/demo.py
[2024-12-07T19:39:08.349+0000] {logging_mixin.py:120} INFO - [2024-12-07T19:39:08.349+0000] {dag.py:2585} INFO - Sync 1 DAGs
[2024-12-07T19:39:08.369+0000] {logging_mixin.py:120} INFO - [2024-12-07T19:39:08.369+0000] {dag.py:3340} INFO - Setting next_dagrun for dummy_dag to None, run_after=None
[2024-12-07T19:39:08.393+0000] {processor.py:176} INFO - Processing /opt/airflow/dags/demo.py took 0.113 seconds
[2024-12-07T19:39:38.594+0000] {processor.py:154} INFO - Started process (PID=534) to work on /opt/airflow/dags/demo.py
[2024-12-07T19:39:38.596+0000] {processor.py:756} INFO - Processing file /opt/airflow/dags/demo.py for tasks to queue
[2024-12-07T19:39:38.597+0000] {logging_mixin.py:120} INFO - [2024-12-07T19:39:38.597+0000] {dagbag.py:537} INFO - Filling up the DagBag from /opt/airflow/dags/demo.py
[2024-12-07T19:39:38.633+0000] {processor.py:766} INFO - DAG(s) dict_keys(['dummy_dag']) retrieved from /opt/airflow/dags/demo.py
[2024-12-07T19:39:38.668+0000] {logging_mixin.py:120} INFO - [2024-12-07T19:39:38.668+0000] {dag.py:2585} INFO - Sync 1 DAGs
[2024-12-07T19:39:38.690+0000] {logging_mixin.py:120} INFO - [2024-12-07T19:39:38.690+0000] {dag.py:3340} INFO - Setting next_dagrun for dummy_dag to None, run_after=None
[2024-12-07T19:39:38.720+0000] {processor.py:176} INFO - Processing /opt/airflow/dags/demo.py took 0.130 seconds
[2024-12-07T19:40:08.997+0000] {processor.py:154} INFO - Started process (PID=596) to work on /opt/airflow/dags/demo.py
[2024-12-07T19:40:08.999+0000] {processor.py:756} INFO - Processing file /opt/airflow/dags/demo.py for tasks to queue
[2024-12-07T19:40:09.000+0000] {logging_mixin.py:120} INFO - [2024-12-07T19:40:09.000+0000] {dagbag.py:537} INFO - Filling up the DagBag from /opt/airflow/dags/demo.py
[2024-12-07T19:40:09.046+0000] {processor.py:766} INFO - DAG(s) dict_keys(['dummy_dag']) retrieved from /opt/airflow/dags/demo.py
[2024-12-07T19:40:09.085+0000] {logging_mixin.py:120} INFO - [2024-12-07T19:40:09.085+0000] {dag.py:2585} INFO - Sync 1 DAGs
[2024-12-07T19:40:09.109+0000] {logging_mixin.py:120} INFO - [2024-12-07T19:40:09.109+0000] {dag.py:3340} INFO - Setting next_dagrun for dummy_dag to None, run_after=None
[2024-12-07T19:40:09.139+0000] {processor.py:176} INFO - Processing /opt/airflow/dags/demo.py took 0.146 seconds
[2024-12-07T19:40:39.320+0000] {processor.py:154} INFO - Started process (PID=653) to work on /opt/airflow/dags/demo.py
[2024-12-07T19:40:39.322+0000] {processor.py:756} INFO - Processing file /opt/airflow/dags/demo.py for tasks to queue
[2024-12-07T19:40:39.323+0000] {logging_mixin.py:120} INFO - [2024-12-07T19:40:39.323+0000] {dagbag.py:537} INFO - Filling up the DagBag from /opt/airflow/dags/demo.py
[2024-12-07T19:40:39.362+0000] {processor.py:766} INFO - DAG(s) dict_keys(['dummy_dag']) retrieved from /opt/airflow/dags/demo.py
[2024-12-07T19:40:39.400+0000] {logging_mixin.py:120} INFO - [2024-12-07T19:40:39.400+0000] {dag.py:2585} INFO - Sync 1 DAGs
[2024-12-07T19:40:39.428+0000] {logging_mixin.py:120} INFO - [2024-12-07T19:40:39.428+0000] {dag.py:3340} INFO - Setting next_dagrun for dummy_dag to None, run_after=None
[2024-12-07T19:40:39.455+0000] {processor.py:176} INFO - Processing /opt/airflow/dags/demo.py took 0.139 seconds
[2024-12-07T19:41:10.584+0000] {processor.py:154} INFO - Started process (PID=708) to work on /opt/airflow/dags/demo.py
[2024-12-07T19:41:10.595+0000] {processor.py:756} INFO - Processing file /opt/airflow/dags/demo.py for tasks to queue
[2024-12-07T19:41:10.602+0000] {logging_mixin.py:120} INFO - [2024-12-07T19:41:10.602+0000] {dagbag.py:537} INFO - Filling up the DagBag from /opt/airflow/dags/demo.py
[2024-12-07T19:41:10.807+0000] {processor.py:766} INFO - DAG(s) dict_keys(['dummy_dag']) retrieved from /opt/airflow/dags/demo.py
[2024-12-07T19:41:11.053+0000] {logging_mixin.py:120} INFO - [2024-12-07T19:41:11.052+0000] {dag.py:2585} INFO - Sync 1 DAGs
[2024-12-07T19:41:11.181+0000] {logging_mixin.py:120} INFO - [2024-12-07T19:41:11.180+0000] {dag.py:3340} INFO - Setting next_dagrun for dummy_dag to None, run_after=None
[2024-12-07T19:41:11.325+0000] {processor.py:176} INFO - Processing /opt/airflow/dags/demo.py took 0.746 seconds
