[2024-12-05T20:05:18.972+0000] {taskinstance.py:1165} INFO - Dependencies all met for <TaskInstance: dummy_dag.hello manual__2024-12-05T20:05:17.595450+00:00 [queued]>
[2024-12-05T20:05:18.982+0000] {taskinstance.py:1165} INFO - Dependencies all met for <TaskInstance: dummy_dag.hello manual__2024-12-05T20:05:17.595450+00:00 [queued]>
[2024-12-05T20:05:18.982+0000] {taskinstance.py:1362} INFO - 
--------------------------------------------------------------------------------
[2024-12-05T20:05:18.982+0000] {taskinstance.py:1363} INFO - Starting attempt 1 of 2
[2024-12-05T20:05:18.983+0000] {taskinstance.py:1364} INFO - 
--------------------------------------------------------------------------------
[2024-12-05T20:05:18.998+0000] {taskinstance.py:1383} INFO - Executing <Task(BashOperator): hello> on 2024-12-05 20:05:17.595450+00:00
[2024-12-05T20:05:19.004+0000] {standard_task_runner.py:55} INFO - Started process 237 to run task
[2024-12-05T20:05:19.006+0000] {standard_task_runner.py:82} INFO - Running: ['***', 'tasks', 'run', 'dummy_dag', 'hello', 'manual__2024-12-05T20:05:17.595450+00:00', '--job-id', '2272', '--raw', '--subdir', 'DAGS_FOLDER/demo.py', '--cfg-path', '/tmp/tmp5nt1xdda']
[2024-12-05T20:05:19.007+0000] {standard_task_runner.py:83} INFO - Job 2272: Subtask hello
[2024-12-05T20:05:19.064+0000] {task_command.py:376} INFO - Running <TaskInstance: dummy_dag.hello manual__2024-12-05T20:05:17.595450+00:00 [running]> on host ece2bbff80df
[2024-12-05T20:05:19.120+0000] {taskinstance.py:1592} INFO - Exporting the following env vars:
AIRFLOW_CTX_DAG_OWNER=***
AIRFLOW_CTX_DAG_ID=dummy_dag
AIRFLOW_CTX_TASK_ID=hello
AIRFLOW_CTX_EXECUTION_DATE=2024-12-05T20:05:17.595450+00:00
AIRFLOW_CTX_TRY_NUMBER=1
AIRFLOW_CTX_DAG_RUN_ID=manual__2024-12-05T20:05:17.595450+00:00
[2024-12-05T20:05:19.121+0000] {subprocess.py:63} INFO - Tmp dir root location: 
 /tmp
[2024-12-05T20:05:19.122+0000] {subprocess.py:75} INFO - Running command: ['/bin/bash', '-c', 'echo hello soundarya']
[2024-12-05T20:05:19.134+0000] {subprocess.py:86} INFO - Output:
[2024-12-05T20:05:19.135+0000] {subprocess.py:93} INFO - hello soundarya
[2024-12-05T20:05:19.135+0000] {subprocess.py:97} INFO - Command exited with return code 0
[2024-12-05T20:05:19.157+0000] {taskinstance.py:1406} INFO - Marking task as SUCCESS. dag_id=dummy_dag, task_id=hello, execution_date=20241205T200517, start_date=20241205T200518, end_date=20241205T200519
[2024-12-05T20:05:19.178+0000] {local_task_job.py:164} INFO - Task exited with return code 0
[2024-12-05T20:05:19.215+0000] {local_task_job.py:273} INFO - 0 downstream tasks scheduled from follow-on schedule check
