[2024-12-07T19:35:34.638+0000] {processor.py:154} INFO - Started process (PID=62) to work on /home/airflow/.local/lib/python3.7/site-packages/airflow/example_dags/example_complex.py
[2024-12-07T19:35:34.639+0000] {processor.py:756} INFO - Processing file /home/airflow/.local/lib/python3.7/site-packages/airflow/example_dags/example_complex.py for tasks to queue
[2024-12-07T19:35:34.640+0000] {logging_mixin.py:120} INFO - [2024-12-07T19:35:34.640+0000] {dagbag.py:537} INFO - Filling up the DagBag from /home/airflow/.local/lib/python3.7/site-packages/airflow/example_dags/example_complex.py
[2024-12-07T19:35:34.656+0000] {logging_mixin.py:120} INFO - [2024-12-07T19:35:34.656+0000] {taskmixin.py:205} WARNING - Dependency <Task(BashOperator): create_entry_group>, delete_entry_group already registered for DAG: example_complex
[2024-12-07T19:35:34.656+0000] {logging_mixin.py:120} INFO - [2024-12-07T19:35:34.656+0000] {taskmixin.py:205} WARNING - Dependency <Task(BashOperator): delete_entry_group>, create_entry_group already registered for DAG: example_complex
[2024-12-07T19:35:34.657+0000] {logging_mixin.py:120} INFO - [2024-12-07T19:35:34.657+0000] {taskmixin.py:205} WARNING - Dependency <Task(BashOperator): create_entry_gcs>, delete_entry already registered for DAG: example_complex
[2024-12-07T19:35:34.657+0000] {logging_mixin.py:120} INFO - [2024-12-07T19:35:34.657+0000] {taskmixin.py:205} WARNING - Dependency <Task(BashOperator): delete_entry>, create_entry_gcs already registered for DAG: example_complex
[2024-12-07T19:35:34.658+0000] {logging_mixin.py:120} INFO - [2024-12-07T19:35:34.658+0000] {taskmixin.py:205} WARNING - Dependency <Task(BashOperator): create_tag>, delete_tag already registered for DAG: example_complex
[2024-12-07T19:35:34.658+0000] {logging_mixin.py:120} INFO - [2024-12-07T19:35:34.658+0000] {taskmixin.py:205} WARNING - Dependency <Task(BashOperator): delete_tag>, create_tag already registered for DAG: example_complex
[2024-12-07T19:35:34.674+0000] {processor.py:766} INFO - DAG(s) dict_keys(['example_complex']) retrieved from /home/airflow/.local/lib/python3.7/site-packages/airflow/example_dags/example_complex.py
[2024-12-07T19:35:34.804+0000] {logging_mixin.py:120} INFO - [2024-12-07T19:35:34.803+0000] {dag.py:2585} INFO - Sync 1 DAGs
[2024-12-07T19:35:34.836+0000] {logging_mixin.py:120} INFO - [2024-12-07T19:35:34.836+0000] {dag.py:3340} INFO - Setting next_dagrun for example_complex to None, run_after=None
[2024-12-07T19:35:34.868+0000] {processor.py:176} INFO - Processing /home/airflow/.local/lib/python3.7/site-packages/airflow/example_dags/example_complex.py took 0.234 seconds
[2024-12-07T19:36:04.970+0000] {processor.py:154} INFO - Started process (PID=117) to work on /home/airflow/.local/lib/python3.7/site-packages/airflow/example_dags/example_complex.py
[2024-12-07T19:36:04.972+0000] {processor.py:756} INFO - Processing file /home/airflow/.local/lib/python3.7/site-packages/airflow/example_dags/example_complex.py for tasks to queue
[2024-12-07T19:36:04.972+0000] {logging_mixin.py:120} INFO - [2024-12-07T19:36:04.972+0000] {dagbag.py:537} INFO - Filling up the DagBag from /home/airflow/.local/lib/python3.7/site-packages/airflow/example_dags/example_complex.py
[2024-12-07T19:36:04.982+0000] {logging_mixin.py:120} INFO - [2024-12-07T19:36:04.982+0000] {taskmixin.py:205} WARNING - Dependency <Task(BashOperator): create_entry_group>, delete_entry_group already registered for DAG: example_complex
[2024-12-07T19:36:04.983+0000] {logging_mixin.py:120} INFO - [2024-12-07T19:36:04.983+0000] {taskmixin.py:205} WARNING - Dependency <Task(BashOperator): delete_entry_group>, create_entry_group already registered for DAG: example_complex
[2024-12-07T19:36:04.983+0000] {logging_mixin.py:120} INFO - [2024-12-07T19:36:04.983+0000] {taskmixin.py:205} WARNING - Dependency <Task(BashOperator): create_entry_gcs>, delete_entry already registered for DAG: example_complex
[2024-12-07T19:36:04.984+0000] {logging_mixin.py:120} INFO - [2024-12-07T19:36:04.984+0000] {taskmixin.py:205} WARNING - Dependency <Task(BashOperator): delete_entry>, create_entry_gcs already registered for DAG: example_complex
[2024-12-07T19:36:04.984+0000] {logging_mixin.py:120} INFO - [2024-12-07T19:36:04.984+0000] {taskmixin.py:205} WARNING - Dependency <Task(BashOperator): create_tag>, delete_tag already registered for DAG: example_complex
[2024-12-07T19:36:04.985+0000] {logging_mixin.py:120} INFO - [2024-12-07T19:36:04.985+0000] {taskmixin.py:205} WARNING - Dependency <Task(BashOperator): delete_tag>, create_tag already registered for DAG: example_complex
[2024-12-07T19:36:04.991+0000] {processor.py:766} INFO - DAG(s) dict_keys(['example_complex']) retrieved from /home/airflow/.local/lib/python3.7/site-packages/airflow/example_dags/example_complex.py
[2024-12-07T19:36:05.040+0000] {logging_mixin.py:120} INFO - [2024-12-07T19:36:05.040+0000] {dag.py:2585} INFO - Sync 1 DAGs
[2024-12-07T19:36:05.065+0000] {logging_mixin.py:120} INFO - [2024-12-07T19:36:05.065+0000] {dag.py:3340} INFO - Setting next_dagrun for example_complex to None, run_after=None
[2024-12-07T19:36:05.087+0000] {processor.py:176} INFO - Processing /home/airflow/.local/lib/python3.7/site-packages/airflow/example_dags/example_complex.py took 0.119 seconds
[2024-12-07T19:36:35.533+0000] {processor.py:154} INFO - Started process (PID=182) to work on /home/airflow/.local/lib/python3.7/site-packages/airflow/example_dags/example_complex.py
[2024-12-07T19:36:35.535+0000] {processor.py:756} INFO - Processing file /home/airflow/.local/lib/python3.7/site-packages/airflow/example_dags/example_complex.py for tasks to queue
[2024-12-07T19:36:35.536+0000] {logging_mixin.py:120} INFO - [2024-12-07T19:36:35.536+0000] {dagbag.py:537} INFO - Filling up the DagBag from /home/airflow/.local/lib/python3.7/site-packages/airflow/example_dags/example_complex.py
[2024-12-07T19:36:35.550+0000] {logging_mixin.py:120} INFO - [2024-12-07T19:36:35.549+0000] {taskmixin.py:205} WARNING - Dependency <Task(BashOperator): create_entry_group>, delete_entry_group already registered for DAG: example_complex
[2024-12-07T19:36:35.551+0000] {logging_mixin.py:120} INFO - [2024-12-07T19:36:35.550+0000] {taskmixin.py:205} WARNING - Dependency <Task(BashOperator): delete_entry_group>, create_entry_group already registered for DAG: example_complex
[2024-12-07T19:36:35.551+0000] {logging_mixin.py:120} INFO - [2024-12-07T19:36:35.551+0000] {taskmixin.py:205} WARNING - Dependency <Task(BashOperator): create_entry_gcs>, delete_entry already registered for DAG: example_complex
[2024-12-07T19:36:35.552+0000] {logging_mixin.py:120} INFO - [2024-12-07T19:36:35.552+0000] {taskmixin.py:205} WARNING - Dependency <Task(BashOperator): delete_entry>, create_entry_gcs already registered for DAG: example_complex
[2024-12-07T19:36:35.552+0000] {logging_mixin.py:120} INFO - [2024-12-07T19:36:35.552+0000] {taskmixin.py:205} WARNING - Dependency <Task(BashOperator): create_tag>, delete_tag already registered for DAG: example_complex
[2024-12-07T19:36:35.553+0000] {logging_mixin.py:120} INFO - [2024-12-07T19:36:35.552+0000] {taskmixin.py:205} WARNING - Dependency <Task(BashOperator): delete_tag>, create_tag already registered for DAG: example_complex
[2024-12-07T19:36:35.560+0000] {processor.py:766} INFO - DAG(s) dict_keys(['example_complex']) retrieved from /home/airflow/.local/lib/python3.7/site-packages/airflow/example_dags/example_complex.py
[2024-12-07T19:36:35.601+0000] {logging_mixin.py:120} INFO - [2024-12-07T19:36:35.601+0000] {dag.py:2585} INFO - Sync 1 DAGs
[2024-12-07T19:36:35.626+0000] {logging_mixin.py:120} INFO - [2024-12-07T19:36:35.625+0000] {dag.py:3340} INFO - Setting next_dagrun for example_complex to None, run_after=None
[2024-12-07T19:36:35.653+0000] {processor.py:176} INFO - Processing /home/airflow/.local/lib/python3.7/site-packages/airflow/example_dags/example_complex.py took 0.122 seconds
[2024-12-07T19:37:06.288+0000] {processor.py:154} INFO - Started process (PID=246) to work on /home/airflow/.local/lib/python3.7/site-packages/airflow/example_dags/example_complex.py
[2024-12-07T19:37:06.289+0000] {processor.py:756} INFO - Processing file /home/airflow/.local/lib/python3.7/site-packages/airflow/example_dags/example_complex.py for tasks to queue
[2024-12-07T19:37:06.290+0000] {logging_mixin.py:120} INFO - [2024-12-07T19:37:06.290+0000] {dagbag.py:537} INFO - Filling up the DagBag from /home/airflow/.local/lib/python3.7/site-packages/airflow/example_dags/example_complex.py
[2024-12-07T19:37:06.300+0000] {logging_mixin.py:120} INFO - [2024-12-07T19:37:06.299+0000] {taskmixin.py:205} WARNING - Dependency <Task(BashOperator): create_entry_group>, delete_entry_group already registered for DAG: example_complex
[2024-12-07T19:37:06.300+0000] {logging_mixin.py:120} INFO - [2024-12-07T19:37:06.300+0000] {taskmixin.py:205} WARNING - Dependency <Task(BashOperator): delete_entry_group>, create_entry_group already registered for DAG: example_complex
[2024-12-07T19:37:06.300+0000] {logging_mixin.py:120} INFO - [2024-12-07T19:37:06.300+0000] {taskmixin.py:205} WARNING - Dependency <Task(BashOperator): create_entry_gcs>, delete_entry already registered for DAG: example_complex
[2024-12-07T19:37:06.301+0000] {logging_mixin.py:120} INFO - [2024-12-07T19:37:06.301+0000] {taskmixin.py:205} WARNING - Dependency <Task(BashOperator): delete_entry>, create_entry_gcs already registered for DAG: example_complex
[2024-12-07T19:37:06.302+0000] {logging_mixin.py:120} INFO - [2024-12-07T19:37:06.301+0000] {taskmixin.py:205} WARNING - Dependency <Task(BashOperator): create_tag>, delete_tag already registered for DAG: example_complex
[2024-12-07T19:37:06.302+0000] {logging_mixin.py:120} INFO - [2024-12-07T19:37:06.302+0000] {taskmixin.py:205} WARNING - Dependency <Task(BashOperator): delete_tag>, create_tag already registered for DAG: example_complex
[2024-12-07T19:37:06.308+0000] {processor.py:766} INFO - DAG(s) dict_keys(['example_complex']) retrieved from /home/airflow/.local/lib/python3.7/site-packages/airflow/example_dags/example_complex.py
[2024-12-07T19:37:06.350+0000] {logging_mixin.py:120} INFO - [2024-12-07T19:37:06.350+0000] {dag.py:2585} INFO - Sync 1 DAGs
[2024-12-07T19:37:06.372+0000] {logging_mixin.py:120} INFO - [2024-12-07T19:37:06.371+0000] {dag.py:3340} INFO - Setting next_dagrun for example_complex to None, run_after=None
[2024-12-07T19:37:06.393+0000] {processor.py:176} INFO - Processing /home/airflow/.local/lib/python3.7/site-packages/airflow/example_dags/example_complex.py took 0.107 seconds
[2024-12-07T19:37:36.651+0000] {processor.py:154} INFO - Started process (PID=301) to work on /home/airflow/.local/lib/python3.7/site-packages/airflow/example_dags/example_complex.py
[2024-12-07T19:37:36.652+0000] {processor.py:756} INFO - Processing file /home/airflow/.local/lib/python3.7/site-packages/airflow/example_dags/example_complex.py for tasks to queue
[2024-12-07T19:37:36.653+0000] {logging_mixin.py:120} INFO - [2024-12-07T19:37:36.653+0000] {dagbag.py:537} INFO - Filling up the DagBag from /home/airflow/.local/lib/python3.7/site-packages/airflow/example_dags/example_complex.py
[2024-12-07T19:37:36.665+0000] {logging_mixin.py:120} INFO - [2024-12-07T19:37:36.664+0000] {taskmixin.py:205} WARNING - Dependency <Task(BashOperator): create_entry_group>, delete_entry_group already registered for DAG: example_complex
[2024-12-07T19:37:36.665+0000] {logging_mixin.py:120} INFO - [2024-12-07T19:37:36.665+0000] {taskmixin.py:205} WARNING - Dependency <Task(BashOperator): delete_entry_group>, create_entry_group already registered for DAG: example_complex
[2024-12-07T19:37:36.666+0000] {logging_mixin.py:120} INFO - [2024-12-07T19:37:36.666+0000] {taskmixin.py:205} WARNING - Dependency <Task(BashOperator): create_entry_gcs>, delete_entry already registered for DAG: example_complex
[2024-12-07T19:37:36.666+0000] {logging_mixin.py:120} INFO - [2024-12-07T19:37:36.666+0000] {taskmixin.py:205} WARNING - Dependency <Task(BashOperator): delete_entry>, create_entry_gcs already registered for DAG: example_complex
[2024-12-07T19:37:36.667+0000] {logging_mixin.py:120} INFO - [2024-12-07T19:37:36.666+0000] {taskmixin.py:205} WARNING - Dependency <Task(BashOperator): create_tag>, delete_tag already registered for DAG: example_complex
[2024-12-07T19:37:36.667+0000] {logging_mixin.py:120} INFO - [2024-12-07T19:37:36.667+0000] {taskmixin.py:205} WARNING - Dependency <Task(BashOperator): delete_tag>, create_tag already registered for DAG: example_complex
[2024-12-07T19:37:36.675+0000] {processor.py:766} INFO - DAG(s) dict_keys(['example_complex']) retrieved from /home/airflow/.local/lib/python3.7/site-packages/airflow/example_dags/example_complex.py
[2024-12-07T19:37:36.717+0000] {logging_mixin.py:120} INFO - [2024-12-07T19:37:36.717+0000] {dag.py:2585} INFO - Sync 1 DAGs
[2024-12-07T19:37:36.757+0000] {logging_mixin.py:120} INFO - [2024-12-07T19:37:36.757+0000] {dag.py:3340} INFO - Setting next_dagrun for example_complex to None, run_after=None
[2024-12-07T19:37:36.788+0000] {processor.py:176} INFO - Processing /home/airflow/.local/lib/python3.7/site-packages/airflow/example_dags/example_complex.py took 0.141 seconds
[2024-12-07T19:38:09.708+0000] {processor.py:154} INFO - Started process (PID=366) to work on /home/airflow/.local/lib/python3.7/site-packages/airflow/example_dags/example_complex.py
[2024-12-07T19:38:09.718+0000] {processor.py:756} INFO - Processing file /home/airflow/.local/lib/python3.7/site-packages/airflow/example_dags/example_complex.py for tasks to queue
[2024-12-07T19:38:09.720+0000] {logging_mixin.py:120} INFO - [2024-12-07T19:38:09.720+0000] {dagbag.py:537} INFO - Filling up the DagBag from /home/airflow/.local/lib/python3.7/site-packages/airflow/example_dags/example_complex.py
[2024-12-07T19:38:09.744+0000] {logging_mixin.py:120} INFO - [2024-12-07T19:38:09.744+0000] {taskmixin.py:205} WARNING - Dependency <Task(BashOperator): create_entry_group>, delete_entry_group already registered for DAG: example_complex
[2024-12-07T19:38:09.745+0000] {logging_mixin.py:120} INFO - [2024-12-07T19:38:09.745+0000] {taskmixin.py:205} WARNING - Dependency <Task(BashOperator): delete_entry_group>, create_entry_group already registered for DAG: example_complex
[2024-12-07T19:38:09.750+0000] {logging_mixin.py:120} INFO - [2024-12-07T19:38:09.750+0000] {taskmixin.py:205} WARNING - Dependency <Task(BashOperator): create_entry_gcs>, delete_entry already registered for DAG: example_complex
[2024-12-07T19:38:09.751+0000] {logging_mixin.py:120} INFO - [2024-12-07T19:38:09.751+0000] {taskmixin.py:205} WARNING - Dependency <Task(BashOperator): delete_entry>, create_entry_gcs already registered for DAG: example_complex
[2024-12-07T19:38:09.753+0000] {logging_mixin.py:120} INFO - [2024-12-07T19:38:09.753+0000] {taskmixin.py:205} WARNING - Dependency <Task(BashOperator): create_tag>, delete_tag already registered for DAG: example_complex
[2024-12-07T19:38:09.753+0000] {logging_mixin.py:120} INFO - [2024-12-07T19:38:09.753+0000] {taskmixin.py:205} WARNING - Dependency <Task(BashOperator): delete_tag>, create_tag already registered for DAG: example_complex
[2024-12-07T19:38:09.770+0000] {processor.py:766} INFO - DAG(s) dict_keys(['example_complex']) retrieved from /home/airflow/.local/lib/python3.7/site-packages/airflow/example_dags/example_complex.py
[2024-12-07T19:38:09.881+0000] {logging_mixin.py:120} INFO - [2024-12-07T19:38:09.880+0000] {dag.py:2585} INFO - Sync 1 DAGs
[2024-12-07T19:38:09.943+0000] {logging_mixin.py:120} INFO - [2024-12-07T19:38:09.943+0000] {dag.py:3340} INFO - Setting next_dagrun for example_complex to None, run_after=None
[2024-12-07T19:38:09.991+0000] {processor.py:176} INFO - Processing /home/airflow/.local/lib/python3.7/site-packages/airflow/example_dags/example_complex.py took 0.287 seconds
[2024-12-07T19:38:40.823+0000] {processor.py:154} INFO - Started process (PID=430) to work on /home/airflow/.local/lib/python3.7/site-packages/airflow/example_dags/example_complex.py
[2024-12-07T19:38:40.825+0000] {processor.py:756} INFO - Processing file /home/airflow/.local/lib/python3.7/site-packages/airflow/example_dags/example_complex.py for tasks to queue
[2024-12-07T19:38:40.826+0000] {logging_mixin.py:120} INFO - [2024-12-07T19:38:40.826+0000] {dagbag.py:537} INFO - Filling up the DagBag from /home/airflow/.local/lib/python3.7/site-packages/airflow/example_dags/example_complex.py
[2024-12-07T19:38:40.858+0000] {logging_mixin.py:120} INFO - [2024-12-07T19:38:40.858+0000] {taskmixin.py:205} WARNING - Dependency <Task(BashOperator): create_entry_group>, delete_entry_group already registered for DAG: example_complex
[2024-12-07T19:38:40.860+0000] {logging_mixin.py:120} INFO - [2024-12-07T19:38:40.859+0000] {taskmixin.py:205} WARNING - Dependency <Task(BashOperator): delete_entry_group>, create_entry_group already registered for DAG: example_complex
[2024-12-07T19:38:40.861+0000] {logging_mixin.py:120} INFO - [2024-12-07T19:38:40.861+0000] {taskmixin.py:205} WARNING - Dependency <Task(BashOperator): create_entry_gcs>, delete_entry already registered for DAG: example_complex
[2024-12-07T19:38:40.866+0000] {logging_mixin.py:120} INFO - [2024-12-07T19:38:40.865+0000] {taskmixin.py:205} WARNING - Dependency <Task(BashOperator): delete_entry>, create_entry_gcs already registered for DAG: example_complex
[2024-12-07T19:38:40.869+0000] {logging_mixin.py:120} INFO - [2024-12-07T19:38:40.867+0000] {taskmixin.py:205} WARNING - Dependency <Task(BashOperator): create_tag>, delete_tag already registered for DAG: example_complex
[2024-12-07T19:38:40.871+0000] {logging_mixin.py:120} INFO - [2024-12-07T19:38:40.870+0000] {taskmixin.py:205} WARNING - Dependency <Task(BashOperator): delete_tag>, create_tag already registered for DAG: example_complex
[2024-12-07T19:38:40.889+0000] {processor.py:766} INFO - DAG(s) dict_keys(['example_complex']) retrieved from /home/airflow/.local/lib/python3.7/site-packages/airflow/example_dags/example_complex.py
[2024-12-07T19:38:40.951+0000] {logging_mixin.py:120} INFO - [2024-12-07T19:38:40.951+0000] {dag.py:2585} INFO - Sync 1 DAGs
[2024-12-07T19:38:40.981+0000] {logging_mixin.py:120} INFO - [2024-12-07T19:38:40.981+0000] {dag.py:3340} INFO - Setting next_dagrun for example_complex to None, run_after=None
[2024-12-07T19:38:41.004+0000] {processor.py:176} INFO - Processing /home/airflow/.local/lib/python3.7/site-packages/airflow/example_dags/example_complex.py took 0.186 seconds
[2024-12-07T19:39:11.353+0000] {processor.py:154} INFO - Started process (PID=485) to work on /home/airflow/.local/lib/python3.7/site-packages/airflow/example_dags/example_complex.py
[2024-12-07T19:39:11.354+0000] {processor.py:756} INFO - Processing file /home/airflow/.local/lib/python3.7/site-packages/airflow/example_dags/example_complex.py for tasks to queue
[2024-12-07T19:39:11.356+0000] {logging_mixin.py:120} INFO - [2024-12-07T19:39:11.356+0000] {dagbag.py:537} INFO - Filling up the DagBag from /home/airflow/.local/lib/python3.7/site-packages/airflow/example_dags/example_complex.py
[2024-12-07T19:39:11.366+0000] {logging_mixin.py:120} INFO - [2024-12-07T19:39:11.366+0000] {taskmixin.py:205} WARNING - Dependency <Task(BashOperator): create_entry_group>, delete_entry_group already registered for DAG: example_complex
[2024-12-07T19:39:11.367+0000] {logging_mixin.py:120} INFO - [2024-12-07T19:39:11.367+0000] {taskmixin.py:205} WARNING - Dependency <Task(BashOperator): delete_entry_group>, create_entry_group already registered for DAG: example_complex
[2024-12-07T19:39:11.368+0000] {logging_mixin.py:120} INFO - [2024-12-07T19:39:11.368+0000] {taskmixin.py:205} WARNING - Dependency <Task(BashOperator): create_entry_gcs>, delete_entry already registered for DAG: example_complex
[2024-12-07T19:39:11.368+0000] {logging_mixin.py:120} INFO - [2024-12-07T19:39:11.368+0000] {taskmixin.py:205} WARNING - Dependency <Task(BashOperator): delete_entry>, create_entry_gcs already registered for DAG: example_complex
[2024-12-07T19:39:11.369+0000] {logging_mixin.py:120} INFO - [2024-12-07T19:39:11.369+0000] {taskmixin.py:205} WARNING - Dependency <Task(BashOperator): create_tag>, delete_tag already registered for DAG: example_complex
[2024-12-07T19:39:11.370+0000] {logging_mixin.py:120} INFO - [2024-12-07T19:39:11.370+0000] {taskmixin.py:205} WARNING - Dependency <Task(BashOperator): delete_tag>, create_tag already registered for DAG: example_complex
[2024-12-07T19:39:11.378+0000] {processor.py:766} INFO - DAG(s) dict_keys(['example_complex']) retrieved from /home/airflow/.local/lib/python3.7/site-packages/airflow/example_dags/example_complex.py
[2024-12-07T19:39:11.422+0000] {logging_mixin.py:120} INFO - [2024-12-07T19:39:11.422+0000] {dag.py:2585} INFO - Sync 1 DAGs
[2024-12-07T19:39:11.449+0000] {logging_mixin.py:120} INFO - [2024-12-07T19:39:11.448+0000] {dag.py:3340} INFO - Setting next_dagrun for example_complex to None, run_after=None
[2024-12-07T19:39:11.473+0000] {processor.py:176} INFO - Processing /home/airflow/.local/lib/python3.7/site-packages/airflow/example_dags/example_complex.py took 0.123 seconds
[2024-12-07T19:39:41.814+0000] {processor.py:154} INFO - Started process (PID=549) to work on /home/airflow/.local/lib/python3.7/site-packages/airflow/example_dags/example_complex.py
[2024-12-07T19:39:41.815+0000] {processor.py:756} INFO - Processing file /home/airflow/.local/lib/python3.7/site-packages/airflow/example_dags/example_complex.py for tasks to queue
[2024-12-07T19:39:41.816+0000] {logging_mixin.py:120} INFO - [2024-12-07T19:39:41.816+0000] {dagbag.py:537} INFO - Filling up the DagBag from /home/airflow/.local/lib/python3.7/site-packages/airflow/example_dags/example_complex.py
[2024-12-07T19:39:41.827+0000] {logging_mixin.py:120} INFO - [2024-12-07T19:39:41.826+0000] {taskmixin.py:205} WARNING - Dependency <Task(BashOperator): create_entry_group>, delete_entry_group already registered for DAG: example_complex
[2024-12-07T19:39:41.827+0000] {logging_mixin.py:120} INFO - [2024-12-07T19:39:41.827+0000] {taskmixin.py:205} WARNING - Dependency <Task(BashOperator): delete_entry_group>, create_entry_group already registered for DAG: example_complex
[2024-12-07T19:39:41.828+0000] {logging_mixin.py:120} INFO - [2024-12-07T19:39:41.828+0000] {taskmixin.py:205} WARNING - Dependency <Task(BashOperator): create_entry_gcs>, delete_entry already registered for DAG: example_complex
[2024-12-07T19:39:41.828+0000] {logging_mixin.py:120} INFO - [2024-12-07T19:39:41.828+0000] {taskmixin.py:205} WARNING - Dependency <Task(BashOperator): delete_entry>, create_entry_gcs already registered for DAG: example_complex
[2024-12-07T19:39:41.829+0000] {logging_mixin.py:120} INFO - [2024-12-07T19:39:41.829+0000] {taskmixin.py:205} WARNING - Dependency <Task(BashOperator): create_tag>, delete_tag already registered for DAG: example_complex
[2024-12-07T19:39:41.830+0000] {logging_mixin.py:120} INFO - [2024-12-07T19:39:41.830+0000] {taskmixin.py:205} WARNING - Dependency <Task(BashOperator): delete_tag>, create_tag already registered for DAG: example_complex
[2024-12-07T19:39:41.836+0000] {processor.py:766} INFO - DAG(s) dict_keys(['example_complex']) retrieved from /home/airflow/.local/lib/python3.7/site-packages/airflow/example_dags/example_complex.py
[2024-12-07T19:39:41.885+0000] {logging_mixin.py:120} INFO - [2024-12-07T19:39:41.884+0000] {dag.py:2585} INFO - Sync 1 DAGs
[2024-12-07T19:39:41.909+0000] {logging_mixin.py:120} INFO - [2024-12-07T19:39:41.909+0000] {dag.py:3340} INFO - Setting next_dagrun for example_complex to None, run_after=None
[2024-12-07T19:39:41.940+0000] {processor.py:176} INFO - Processing /home/airflow/.local/lib/python3.7/site-packages/airflow/example_dags/example_complex.py took 0.129 seconds
[2024-12-07T19:40:12.104+0000] {processor.py:154} INFO - Started process (PID=613) to work on /home/airflow/.local/lib/python3.7/site-packages/airflow/example_dags/example_complex.py
[2024-12-07T19:40:12.105+0000] {processor.py:756} INFO - Processing file /home/airflow/.local/lib/python3.7/site-packages/airflow/example_dags/example_complex.py for tasks to queue
[2024-12-07T19:40:12.107+0000] {logging_mixin.py:120} INFO - [2024-12-07T19:40:12.106+0000] {dagbag.py:537} INFO - Filling up the DagBag from /home/airflow/.local/lib/python3.7/site-packages/airflow/example_dags/example_complex.py
[2024-12-07T19:40:12.121+0000] {logging_mixin.py:120} INFO - [2024-12-07T19:40:12.121+0000] {taskmixin.py:205} WARNING - Dependency <Task(BashOperator): create_entry_group>, delete_entry_group already registered for DAG: example_complex
[2024-12-07T19:40:12.122+0000] {logging_mixin.py:120} INFO - [2024-12-07T19:40:12.122+0000] {taskmixin.py:205} WARNING - Dependency <Task(BashOperator): delete_entry_group>, create_entry_group already registered for DAG: example_complex
[2024-12-07T19:40:12.123+0000] {logging_mixin.py:120} INFO - [2024-12-07T19:40:12.123+0000] {taskmixin.py:205} WARNING - Dependency <Task(BashOperator): create_entry_gcs>, delete_entry already registered for DAG: example_complex
[2024-12-07T19:40:12.123+0000] {logging_mixin.py:120} INFO - [2024-12-07T19:40:12.123+0000] {taskmixin.py:205} WARNING - Dependency <Task(BashOperator): delete_entry>, create_entry_gcs already registered for DAG: example_complex
[2024-12-07T19:40:12.123+0000] {logging_mixin.py:120} INFO - [2024-12-07T19:40:12.123+0000] {taskmixin.py:205} WARNING - Dependency <Task(BashOperator): create_tag>, delete_tag already registered for DAG: example_complex
[2024-12-07T19:40:12.124+0000] {logging_mixin.py:120} INFO - [2024-12-07T19:40:12.124+0000] {taskmixin.py:205} WARNING - Dependency <Task(BashOperator): delete_tag>, create_tag already registered for DAG: example_complex
[2024-12-07T19:40:12.133+0000] {processor.py:766} INFO - DAG(s) dict_keys(['example_complex']) retrieved from /home/airflow/.local/lib/python3.7/site-packages/airflow/example_dags/example_complex.py
[2024-12-07T19:40:12.190+0000] {logging_mixin.py:120} INFO - [2024-12-07T19:40:12.190+0000] {dag.py:2585} INFO - Sync 1 DAGs
[2024-12-07T19:40:12.233+0000] {logging_mixin.py:120} INFO - [2024-12-07T19:40:12.233+0000] {dag.py:3340} INFO - Setting next_dagrun for example_complex to None, run_after=None
[2024-12-07T19:40:12.265+0000] {processor.py:176} INFO - Processing /home/airflow/.local/lib/python3.7/site-packages/airflow/example_dags/example_complex.py took 0.166 seconds
[2024-12-07T19:40:42.426+0000] {processor.py:154} INFO - Started process (PID=668) to work on /home/airflow/.local/lib/python3.7/site-packages/airflow/example_dags/example_complex.py
[2024-12-07T19:40:42.428+0000] {processor.py:756} INFO - Processing file /home/airflow/.local/lib/python3.7/site-packages/airflow/example_dags/example_complex.py for tasks to queue
[2024-12-07T19:40:42.429+0000] {logging_mixin.py:120} INFO - [2024-12-07T19:40:42.429+0000] {dagbag.py:537} INFO - Filling up the DagBag from /home/airflow/.local/lib/python3.7/site-packages/airflow/example_dags/example_complex.py
[2024-12-07T19:40:42.441+0000] {logging_mixin.py:120} INFO - [2024-12-07T19:40:42.441+0000] {taskmixin.py:205} WARNING - Dependency <Task(BashOperator): create_entry_group>, delete_entry_group already registered for DAG: example_complex
[2024-12-07T19:40:42.442+0000] {logging_mixin.py:120} INFO - [2024-12-07T19:40:42.442+0000] {taskmixin.py:205} WARNING - Dependency <Task(BashOperator): delete_entry_group>, create_entry_group already registered for DAG: example_complex
[2024-12-07T19:40:42.442+0000] {logging_mixin.py:120} INFO - [2024-12-07T19:40:42.442+0000] {taskmixin.py:205} WARNING - Dependency <Task(BashOperator): create_entry_gcs>, delete_entry already registered for DAG: example_complex
[2024-12-07T19:40:42.443+0000] {logging_mixin.py:120} INFO - [2024-12-07T19:40:42.443+0000] {taskmixin.py:205} WARNING - Dependency <Task(BashOperator): delete_entry>, create_entry_gcs already registered for DAG: example_complex
[2024-12-07T19:40:42.443+0000] {logging_mixin.py:120} INFO - [2024-12-07T19:40:42.443+0000] {taskmixin.py:205} WARNING - Dependency <Task(BashOperator): create_tag>, delete_tag already registered for DAG: example_complex
[2024-12-07T19:40:42.443+0000] {logging_mixin.py:120} INFO - [2024-12-07T19:40:42.443+0000] {taskmixin.py:205} WARNING - Dependency <Task(BashOperator): delete_tag>, create_tag already registered for DAG: example_complex
[2024-12-07T19:40:42.451+0000] {processor.py:766} INFO - DAG(s) dict_keys(['example_complex']) retrieved from /home/airflow/.local/lib/python3.7/site-packages/airflow/example_dags/example_complex.py
[2024-12-07T19:40:42.493+0000] {logging_mixin.py:120} INFO - [2024-12-07T19:40:42.493+0000] {dag.py:2585} INFO - Sync 1 DAGs
[2024-12-07T19:40:42.517+0000] {logging_mixin.py:120} INFO - [2024-12-07T19:40:42.516+0000] {dag.py:3340} INFO - Setting next_dagrun for example_complex to None, run_after=None
[2024-12-07T19:40:42.543+0000] {processor.py:176} INFO - Processing /home/airflow/.local/lib/python3.7/site-packages/airflow/example_dags/example_complex.py took 0.119 seconds
[2024-12-07T19:41:13.338+0000] {processor.py:154} INFO - Started process (PID=732) to work on /home/airflow/.local/lib/python3.7/site-packages/airflow/example_dags/example_complex.py
[2024-12-07T19:41:13.340+0000] {processor.py:756} INFO - Processing file /home/airflow/.local/lib/python3.7/site-packages/airflow/example_dags/example_complex.py for tasks to queue
[2024-12-07T19:41:13.342+0000] {logging_mixin.py:120} INFO - [2024-12-07T19:41:13.341+0000] {dagbag.py:537} INFO - Filling up the DagBag from /home/airflow/.local/lib/python3.7/site-packages/airflow/example_dags/example_complex.py
[2024-12-07T19:41:13.380+0000] {logging_mixin.py:120} INFO - [2024-12-07T19:41:13.380+0000] {taskmixin.py:205} WARNING - Dependency <Task(BashOperator): create_entry_group>, delete_entry_group already registered for DAG: example_complex
[2024-12-07T19:41:13.384+0000] {logging_mixin.py:120} INFO - [2024-12-07T19:41:13.384+0000] {taskmixin.py:205} WARNING - Dependency <Task(BashOperator): delete_entry_group>, create_entry_group already registered for DAG: example_complex
[2024-12-07T19:41:13.385+0000] {logging_mixin.py:120} INFO - [2024-12-07T19:41:13.385+0000] {taskmixin.py:205} WARNING - Dependency <Task(BashOperator): create_entry_gcs>, delete_entry already registered for DAG: example_complex
[2024-12-07T19:41:13.385+0000] {logging_mixin.py:120} INFO - [2024-12-07T19:41:13.385+0000] {taskmixin.py:205} WARNING - Dependency <Task(BashOperator): delete_entry>, create_entry_gcs already registered for DAG: example_complex
[2024-12-07T19:41:13.386+0000] {logging_mixin.py:120} INFO - [2024-12-07T19:41:13.386+0000] {taskmixin.py:205} WARNING - Dependency <Task(BashOperator): create_tag>, delete_tag already registered for DAG: example_complex
[2024-12-07T19:41:13.387+0000] {logging_mixin.py:120} INFO - [2024-12-07T19:41:13.386+0000] {taskmixin.py:205} WARNING - Dependency <Task(BashOperator): delete_tag>, create_tag already registered for DAG: example_complex
[2024-12-07T19:41:13.402+0000] {processor.py:766} INFO - DAG(s) dict_keys(['example_complex']) retrieved from /home/airflow/.local/lib/python3.7/site-packages/airflow/example_dags/example_complex.py
[2024-12-07T19:41:13.531+0000] {logging_mixin.py:120} INFO - [2024-12-07T19:41:13.530+0000] {dag.py:2585} INFO - Sync 1 DAGs
[2024-12-07T19:41:13.586+0000] {logging_mixin.py:120} INFO - [2024-12-07T19:41:13.586+0000] {dag.py:3340} INFO - Setting next_dagrun for example_complex to None, run_after=None
[2024-12-07T19:41:13.639+0000] {processor.py:176} INFO - Processing /home/airflow/.local/lib/python3.7/site-packages/airflow/example_dags/example_complex.py took 0.305 seconds
