[2024-12-07T19:35:33.356+0000] {processor.py:154} INFO - Started process (PID=54) to work on /home/airflow/.local/lib/python3.7/site-packages/airflow/example_dags/example_xcom.py
[2024-12-07T19:35:33.357+0000] {processor.py:756} INFO - Processing file /home/airflow/.local/lib/python3.7/site-packages/airflow/example_dags/example_xcom.py for tasks to queue
[2024-12-07T19:35:33.358+0000] {logging_mixin.py:120} INFO - [2024-12-07T19:35:33.358+0000] {dagbag.py:537} INFO - Filling up the DagBag from /home/airflow/.local/lib/python3.7/site-packages/airflow/example_dags/example_xcom.py
[2024-12-07T19:35:33.388+0000] {processor.py:766} INFO - DAG(s) dict_keys(['example_xcom']) retrieved from /home/airflow/.local/lib/python3.7/site-packages/airflow/example_dags/example_xcom.py
[2024-12-07T19:35:33.536+0000] {logging_mixin.py:120} INFO - [2024-12-07T19:35:33.536+0000] {dag.py:2585} INFO - Sync 1 DAGs
[2024-12-07T19:35:33.579+0000] {logging_mixin.py:120} INFO - [2024-12-07T19:35:33.578+0000] {dag.py:3340} INFO - Setting next_dagrun for example_xcom to 2021-01-01T00:00:00+00:00, run_after=2021-01-01T00:00:00+00:00
[2024-12-07T19:35:33.611+0000] {processor.py:176} INFO - Processing /home/airflow/.local/lib/python3.7/site-packages/airflow/example_dags/example_xcom.py took 0.258 seconds
[2024-12-07T19:36:03.774+0000] {processor.py:154} INFO - Started process (PID=109) to work on /home/airflow/.local/lib/python3.7/site-packages/airflow/example_dags/example_xcom.py
[2024-12-07T19:36:03.775+0000] {processor.py:756} INFO - Processing file /home/airflow/.local/lib/python3.7/site-packages/airflow/example_dags/example_xcom.py for tasks to queue
[2024-12-07T19:36:03.776+0000] {logging_mixin.py:120} INFO - [2024-12-07T19:36:03.776+0000] {dagbag.py:537} INFO - Filling up the DagBag from /home/airflow/.local/lib/python3.7/site-packages/airflow/example_dags/example_xcom.py
[2024-12-07T19:36:03.807+0000] {processor.py:766} INFO - DAG(s) dict_keys(['example_xcom']) retrieved from /home/airflow/.local/lib/python3.7/site-packages/airflow/example_dags/example_xcom.py
[2024-12-07T19:36:03.856+0000] {logging_mixin.py:120} INFO - [2024-12-07T19:36:03.856+0000] {dag.py:2585} INFO - Sync 1 DAGs
[2024-12-07T19:36:03.881+0000] {logging_mixin.py:120} INFO - [2024-12-07T19:36:03.881+0000] {dag.py:3340} INFO - Setting next_dagrun for example_xcom to 2021-01-01T00:00:00+00:00, run_after=2021-01-01T00:00:00+00:00
[2024-12-07T19:36:03.907+0000] {processor.py:176} INFO - Processing /home/airflow/.local/lib/python3.7/site-packages/airflow/example_dags/example_xcom.py took 0.138 seconds
[2024-12-07T19:36:34.647+0000] {processor.py:154} INFO - Started process (PID=174) to work on /home/airflow/.local/lib/python3.7/site-packages/airflow/example_dags/example_xcom.py
[2024-12-07T19:36:34.648+0000] {processor.py:756} INFO - Processing file /home/airflow/.local/lib/python3.7/site-packages/airflow/example_dags/example_xcom.py for tasks to queue
[2024-12-07T19:36:34.649+0000] {logging_mixin.py:120} INFO - [2024-12-07T19:36:34.649+0000] {dagbag.py:537} INFO - Filling up the DagBag from /home/airflow/.local/lib/python3.7/site-packages/airflow/example_dags/example_xcom.py
[2024-12-07T19:36:34.681+0000] {processor.py:766} INFO - DAG(s) dict_keys(['example_xcom']) retrieved from /home/airflow/.local/lib/python3.7/site-packages/airflow/example_dags/example_xcom.py
[2024-12-07T19:36:34.741+0000] {logging_mixin.py:120} INFO - [2024-12-07T19:36:34.741+0000] {dag.py:2585} INFO - Sync 1 DAGs
[2024-12-07T19:36:34.770+0000] {logging_mixin.py:120} INFO - [2024-12-07T19:36:34.770+0000] {dag.py:3340} INFO - Setting next_dagrun for example_xcom to 2021-01-01T00:00:00+00:00, run_after=2021-01-01T00:00:00+00:00
[2024-12-07T19:36:34.802+0000] {processor.py:176} INFO - Processing /home/airflow/.local/lib/python3.7/site-packages/airflow/example_dags/example_xcom.py took 0.159 seconds
[2024-12-07T19:37:05.539+0000] {processor.py:154} INFO - Started process (PID=238) to work on /home/airflow/.local/lib/python3.7/site-packages/airflow/example_dags/example_xcom.py
[2024-12-07T19:37:05.540+0000] {processor.py:756} INFO - Processing file /home/airflow/.local/lib/python3.7/site-packages/airflow/example_dags/example_xcom.py for tasks to queue
[2024-12-07T19:37:05.541+0000] {logging_mixin.py:120} INFO - [2024-12-07T19:37:05.541+0000] {dagbag.py:537} INFO - Filling up the DagBag from /home/airflow/.local/lib/python3.7/site-packages/airflow/example_dags/example_xcom.py
[2024-12-07T19:37:05.562+0000] {processor.py:766} INFO - DAG(s) dict_keys(['example_xcom']) retrieved from /home/airflow/.local/lib/python3.7/site-packages/airflow/example_dags/example_xcom.py
[2024-12-07T19:37:05.607+0000] {logging_mixin.py:120} INFO - [2024-12-07T19:37:05.607+0000] {dag.py:2585} INFO - Sync 1 DAGs
[2024-12-07T19:37:05.631+0000] {logging_mixin.py:120} INFO - [2024-12-07T19:37:05.630+0000] {dag.py:3340} INFO - Setting next_dagrun for example_xcom to 2021-01-01T00:00:00+00:00, run_after=2021-01-01T00:00:00+00:00
[2024-12-07T19:37:05.653+0000] {processor.py:176} INFO - Processing /home/airflow/.local/lib/python3.7/site-packages/airflow/example_dags/example_xcom.py took 0.117 seconds
[2024-12-07T19:37:36.003+0000] {processor.py:154} INFO - Started process (PID=293) to work on /home/airflow/.local/lib/python3.7/site-packages/airflow/example_dags/example_xcom.py
[2024-12-07T19:37:36.004+0000] {processor.py:756} INFO - Processing file /home/airflow/.local/lib/python3.7/site-packages/airflow/example_dags/example_xcom.py for tasks to queue
[2024-12-07T19:37:36.005+0000] {logging_mixin.py:120} INFO - [2024-12-07T19:37:36.005+0000] {dagbag.py:537} INFO - Filling up the DagBag from /home/airflow/.local/lib/python3.7/site-packages/airflow/example_dags/example_xcom.py
[2024-12-07T19:37:36.035+0000] {processor.py:766} INFO - DAG(s) dict_keys(['example_xcom']) retrieved from /home/airflow/.local/lib/python3.7/site-packages/airflow/example_dags/example_xcom.py
[2024-12-07T19:37:36.068+0000] {logging_mixin.py:120} INFO - [2024-12-07T19:37:36.068+0000] {dag.py:2585} INFO - Sync 1 DAGs
[2024-12-07T19:37:36.097+0000] {logging_mixin.py:120} INFO - [2024-12-07T19:37:36.097+0000] {dag.py:3340} INFO - Setting next_dagrun for example_xcom to 2021-01-01T00:00:00+00:00, run_after=2021-01-01T00:00:00+00:00
[2024-12-07T19:37:36.125+0000] {processor.py:176} INFO - Processing /home/airflow/.local/lib/python3.7/site-packages/airflow/example_dags/example_xcom.py took 0.125 seconds
[2024-12-07T19:38:07.977+0000] {processor.py:154} INFO - Started process (PID=358) to work on /home/airflow/.local/lib/python3.7/site-packages/airflow/example_dags/example_xcom.py
[2024-12-07T19:38:07.979+0000] {processor.py:756} INFO - Processing file /home/airflow/.local/lib/python3.7/site-packages/airflow/example_dags/example_xcom.py for tasks to queue
[2024-12-07T19:38:07.980+0000] {logging_mixin.py:120} INFO - [2024-12-07T19:38:07.980+0000] {dagbag.py:537} INFO - Filling up the DagBag from /home/airflow/.local/lib/python3.7/site-packages/airflow/example_dags/example_xcom.py
[2024-12-07T19:38:08.023+0000] {processor.py:766} INFO - DAG(s) dict_keys(['example_xcom']) retrieved from /home/airflow/.local/lib/python3.7/site-packages/airflow/example_dags/example_xcom.py
[2024-12-07T19:38:08.144+0000] {logging_mixin.py:120} INFO - [2024-12-07T19:38:08.144+0000] {dag.py:2585} INFO - Sync 1 DAGs
[2024-12-07T19:38:08.198+0000] {logging_mixin.py:120} INFO - [2024-12-07T19:38:08.197+0000] {dag.py:3340} INFO - Setting next_dagrun for example_xcom to 2021-01-01T00:00:00+00:00, run_after=2021-01-01T00:00:00+00:00
[2024-12-07T19:38:08.261+0000] {processor.py:176} INFO - Processing /home/airflow/.local/lib/python3.7/site-packages/airflow/example_dags/example_xcom.py took 0.289 seconds
[2024-12-07T19:38:38.730+0000] {processor.py:154} INFO - Started process (PID=413) to work on /home/airflow/.local/lib/python3.7/site-packages/airflow/example_dags/example_xcom.py
[2024-12-07T19:38:38.733+0000] {processor.py:756} INFO - Processing file /home/airflow/.local/lib/python3.7/site-packages/airflow/example_dags/example_xcom.py for tasks to queue
[2024-12-07T19:38:38.735+0000] {logging_mixin.py:120} INFO - [2024-12-07T19:38:38.735+0000] {dagbag.py:537} INFO - Filling up the DagBag from /home/airflow/.local/lib/python3.7/site-packages/airflow/example_dags/example_xcom.py
[2024-12-07T19:38:38.787+0000] {processor.py:766} INFO - DAG(s) dict_keys(['example_xcom']) retrieved from /home/airflow/.local/lib/python3.7/site-packages/airflow/example_dags/example_xcom.py
[2024-12-07T19:38:38.888+0000] {logging_mixin.py:120} INFO - [2024-12-07T19:38:38.888+0000] {dag.py:2585} INFO - Sync 1 DAGs
[2024-12-07T19:38:38.944+0000] {logging_mixin.py:120} INFO - [2024-12-07T19:38:38.943+0000] {dag.py:3340} INFO - Setting next_dagrun for example_xcom to 2021-01-01T00:00:00+00:00, run_after=2021-01-01T00:00:00+00:00
[2024-12-07T19:38:39.000+0000] {processor.py:176} INFO - Processing /home/airflow/.local/lib/python3.7/site-packages/airflow/example_dags/example_xcom.py took 0.280 seconds
[2024-12-07T19:39:09.722+0000] {processor.py:154} INFO - Started process (PID=477) to work on /home/airflow/.local/lib/python3.7/site-packages/airflow/example_dags/example_xcom.py
[2024-12-07T19:39:09.723+0000] {processor.py:756} INFO - Processing file /home/airflow/.local/lib/python3.7/site-packages/airflow/example_dags/example_xcom.py for tasks to queue
[2024-12-07T19:39:09.724+0000] {logging_mixin.py:120} INFO - [2024-12-07T19:39:09.724+0000] {dagbag.py:537} INFO - Filling up the DagBag from /home/airflow/.local/lib/python3.7/site-packages/airflow/example_dags/example_xcom.py
[2024-12-07T19:39:09.749+0000] {processor.py:766} INFO - DAG(s) dict_keys(['example_xcom']) retrieved from /home/airflow/.local/lib/python3.7/site-packages/airflow/example_dags/example_xcom.py
[2024-12-07T19:39:09.796+0000] {logging_mixin.py:120} INFO - [2024-12-07T19:39:09.795+0000] {dag.py:2585} INFO - Sync 1 DAGs
[2024-12-07T19:39:09.823+0000] {logging_mixin.py:120} INFO - [2024-12-07T19:39:09.823+0000] {dag.py:3340} INFO - Setting next_dagrun for example_xcom to 2021-01-01T00:00:00+00:00, run_after=2021-01-01T00:00:00+00:00
[2024-12-07T19:39:09.843+0000] {processor.py:176} INFO - Processing /home/airflow/.local/lib/python3.7/site-packages/airflow/example_dags/example_xcom.py took 0.125 seconds
[2024-12-07T19:39:40.201+0000] {processor.py:154} INFO - Started process (PID=541) to work on /home/airflow/.local/lib/python3.7/site-packages/airflow/example_dags/example_xcom.py
[2024-12-07T19:39:40.202+0000] {processor.py:756} INFO - Processing file /home/airflow/.local/lib/python3.7/site-packages/airflow/example_dags/example_xcom.py for tasks to queue
[2024-12-07T19:39:40.203+0000] {logging_mixin.py:120} INFO - [2024-12-07T19:39:40.203+0000] {dagbag.py:537} INFO - Filling up the DagBag from /home/airflow/.local/lib/python3.7/site-packages/airflow/example_dags/example_xcom.py
[2024-12-07T19:39:40.222+0000] {processor.py:766} INFO - DAG(s) dict_keys(['example_xcom']) retrieved from /home/airflow/.local/lib/python3.7/site-packages/airflow/example_dags/example_xcom.py
[2024-12-07T19:39:40.262+0000] {logging_mixin.py:120} INFO - [2024-12-07T19:39:40.262+0000] {dag.py:2585} INFO - Sync 1 DAGs
[2024-12-07T19:39:40.283+0000] {logging_mixin.py:120} INFO - [2024-12-07T19:39:40.283+0000] {dag.py:3340} INFO - Setting next_dagrun for example_xcom to 2021-01-01T00:00:00+00:00, run_after=2021-01-01T00:00:00+00:00
[2024-12-07T19:39:40.306+0000] {processor.py:176} INFO - Processing /home/airflow/.local/lib/python3.7/site-packages/airflow/example_dags/example_xcom.py took 0.108 seconds
[2024-12-07T19:40:10.459+0000] {processor.py:154} INFO - Started process (PID=605) to work on /home/airflow/.local/lib/python3.7/site-packages/airflow/example_dags/example_xcom.py
[2024-12-07T19:40:10.461+0000] {processor.py:756} INFO - Processing file /home/airflow/.local/lib/python3.7/site-packages/airflow/example_dags/example_xcom.py for tasks to queue
[2024-12-07T19:40:10.462+0000] {logging_mixin.py:120} INFO - [2024-12-07T19:40:10.462+0000] {dagbag.py:537} INFO - Filling up the DagBag from /home/airflow/.local/lib/python3.7/site-packages/airflow/example_dags/example_xcom.py
[2024-12-07T19:40:10.487+0000] {processor.py:766} INFO - DAG(s) dict_keys(['example_xcom']) retrieved from /home/airflow/.local/lib/python3.7/site-packages/airflow/example_dags/example_xcom.py
[2024-12-07T19:40:10.527+0000] {logging_mixin.py:120} INFO - [2024-12-07T19:40:10.527+0000] {dag.py:2585} INFO - Sync 1 DAGs
[2024-12-07T19:40:10.553+0000] {logging_mixin.py:120} INFO - [2024-12-07T19:40:10.553+0000] {dag.py:3340} INFO - Setting next_dagrun for example_xcom to 2021-01-01T00:00:00+00:00, run_after=2021-01-01T00:00:00+00:00
[2024-12-07T19:40:10.580+0000] {processor.py:176} INFO - Processing /home/airflow/.local/lib/python3.7/site-packages/airflow/example_dags/example_xcom.py took 0.124 seconds
[2024-12-07T19:40:40.773+0000] {processor.py:154} INFO - Started process (PID=660) to work on /home/airflow/.local/lib/python3.7/site-packages/airflow/example_dags/example_xcom.py
[2024-12-07T19:40:40.775+0000] {processor.py:756} INFO - Processing file /home/airflow/.local/lib/python3.7/site-packages/airflow/example_dags/example_xcom.py for tasks to queue
[2024-12-07T19:40:40.777+0000] {logging_mixin.py:120} INFO - [2024-12-07T19:40:40.777+0000] {dagbag.py:537} INFO - Filling up the DagBag from /home/airflow/.local/lib/python3.7/site-packages/airflow/example_dags/example_xcom.py
[2024-12-07T19:40:40.801+0000] {processor.py:766} INFO - DAG(s) dict_keys(['example_xcom']) retrieved from /home/airflow/.local/lib/python3.7/site-packages/airflow/example_dags/example_xcom.py
[2024-12-07T19:40:40.847+0000] {logging_mixin.py:120} INFO - [2024-12-07T19:40:40.847+0000] {dag.py:2585} INFO - Sync 1 DAGs
[2024-12-07T19:40:40.880+0000] {logging_mixin.py:120} INFO - [2024-12-07T19:40:40.879+0000] {dag.py:3340} INFO - Setting next_dagrun for example_xcom to 2021-01-01T00:00:00+00:00, run_after=2021-01-01T00:00:00+00:00
[2024-12-07T19:40:40.907+0000] {processor.py:176} INFO - Processing /home/airflow/.local/lib/python3.7/site-packages/airflow/example_dags/example_xcom.py took 0.137 seconds
[2024-12-07T19:41:12.154+0000] {processor.py:154} INFO - Started process (PID=715) to work on /home/airflow/.local/lib/python3.7/site-packages/airflow/example_dags/example_xcom.py
[2024-12-07T19:41:12.155+0000] {processor.py:756} INFO - Processing file /home/airflow/.local/lib/python3.7/site-packages/airflow/example_dags/example_xcom.py for tasks to queue
[2024-12-07T19:41:12.156+0000] {logging_mixin.py:120} INFO - [2024-12-07T19:41:12.156+0000] {dagbag.py:537} INFO - Filling up the DagBag from /home/airflow/.local/lib/python3.7/site-packages/airflow/example_dags/example_xcom.py
[2024-12-07T19:41:12.193+0000] {processor.py:766} INFO - DAG(s) dict_keys(['example_xcom']) retrieved from /home/airflow/.local/lib/python3.7/site-packages/airflow/example_dags/example_xcom.py
[2024-12-07T19:41:12.244+0000] {logging_mixin.py:120} INFO - [2024-12-07T19:41:12.243+0000] {dag.py:2585} INFO - Sync 1 DAGs
[2024-12-07T19:41:12.294+0000] {logging_mixin.py:120} INFO - [2024-12-07T19:41:12.293+0000] {dag.py:3340} INFO - Setting next_dagrun for example_xcom to 2021-01-01T00:00:00+00:00, run_after=2021-01-01T00:00:00+00:00
[2024-12-07T19:41:12.342+0000] {processor.py:176} INFO - Processing /home/airflow/.local/lib/python3.7/site-packages/airflow/example_dags/example_xcom.py took 0.192 seconds
