[2024-12-07T19:35:32.450+0000] {processor.py:154} INFO - Started process (PID=48) to work on /home/airflow/.local/lib/python3.7/site-packages/airflow/example_dags/example_task_group.py
[2024-12-07T19:35:32.451+0000] {processor.py:756} INFO - Processing file /home/airflow/.local/lib/python3.7/site-packages/airflow/example_dags/example_task_group.py for tasks to queue
[2024-12-07T19:35:32.452+0000] {logging_mixin.py:120} INFO - [2024-12-07T19:35:32.452+0000] {dagbag.py:537} INFO - Filling up the DagBag from /home/airflow/.local/lib/python3.7/site-packages/airflow/example_dags/example_task_group.py
[2024-12-07T19:35:32.490+0000] {processor.py:766} INFO - DAG(s) dict_keys(['example_task_group']) retrieved from /home/airflow/.local/lib/python3.7/site-packages/airflow/example_dags/example_task_group.py
[2024-12-07T19:35:32.653+0000] {logging_mixin.py:120} INFO - [2024-12-07T19:35:32.653+0000] {dag.py:2585} INFO - Sync 1 DAGs
[2024-12-07T19:35:32.694+0000] {logging_mixin.py:120} INFO - [2024-12-07T19:35:32.693+0000] {dag.py:3340} INFO - Setting next_dagrun for example_task_group to 2024-12-06T19:35:32.692789+00:00, run_after=2024-12-07T19:35:32.692789+00:00
[2024-12-07T19:35:32.730+0000] {processor.py:176} INFO - Processing /home/airflow/.local/lib/python3.7/site-packages/airflow/example_dags/example_task_group.py took 0.283 seconds
[2024-12-07T19:36:02.958+0000] {processor.py:154} INFO - Started process (PID=103) to work on /home/airflow/.local/lib/python3.7/site-packages/airflow/example_dags/example_task_group.py
[2024-12-07T19:36:02.961+0000] {processor.py:756} INFO - Processing file /home/airflow/.local/lib/python3.7/site-packages/airflow/example_dags/example_task_group.py for tasks to queue
[2024-12-07T19:36:02.963+0000] {logging_mixin.py:120} INFO - [2024-12-07T19:36:02.963+0000] {dagbag.py:537} INFO - Filling up the DagBag from /home/airflow/.local/lib/python3.7/site-packages/airflow/example_dags/example_task_group.py
[2024-12-07T19:36:02.994+0000] {processor.py:766} INFO - DAG(s) dict_keys(['example_task_group']) retrieved from /home/airflow/.local/lib/python3.7/site-packages/airflow/example_dags/example_task_group.py
[2024-12-07T19:36:03.046+0000] {logging_mixin.py:120} INFO - [2024-12-07T19:36:03.045+0000] {dag.py:2585} INFO - Sync 1 DAGs
[2024-12-07T19:36:03.090+0000] {logging_mixin.py:120} INFO - [2024-12-07T19:36:03.090+0000] {dag.py:3340} INFO - Setting next_dagrun for example_task_group to 2024-12-06T19:36:03.090493+00:00, run_after=2024-12-07T19:36:03.090493+00:00
[2024-12-07T19:36:03.136+0000] {processor.py:176} INFO - Processing /home/airflow/.local/lib/python3.7/site-packages/airflow/example_dags/example_task_group.py took 0.183 seconds
[2024-12-07T19:36:33.880+0000] {processor.py:154} INFO - Started process (PID=168) to work on /home/airflow/.local/lib/python3.7/site-packages/airflow/example_dags/example_task_group.py
[2024-12-07T19:36:33.882+0000] {processor.py:756} INFO - Processing file /home/airflow/.local/lib/python3.7/site-packages/airflow/example_dags/example_task_group.py for tasks to queue
[2024-12-07T19:36:33.883+0000] {logging_mixin.py:120} INFO - [2024-12-07T19:36:33.883+0000] {dagbag.py:537} INFO - Filling up the DagBag from /home/airflow/.local/lib/python3.7/site-packages/airflow/example_dags/example_task_group.py
[2024-12-07T19:36:33.914+0000] {processor.py:766} INFO - DAG(s) dict_keys(['example_task_group']) retrieved from /home/airflow/.local/lib/python3.7/site-packages/airflow/example_dags/example_task_group.py
[2024-12-07T19:36:33.971+0000] {logging_mixin.py:120} INFO - [2024-12-07T19:36:33.970+0000] {dag.py:2585} INFO - Sync 1 DAGs
[2024-12-07T19:36:34.006+0000] {logging_mixin.py:120} INFO - [2024-12-07T19:36:34.006+0000] {dag.py:3340} INFO - Setting next_dagrun for example_task_group to 2024-12-06T19:36:34.006188+00:00, run_after=2024-12-07T19:36:34.006188+00:00
[2024-12-07T19:36:34.033+0000] {processor.py:176} INFO - Processing /home/airflow/.local/lib/python3.7/site-packages/airflow/example_dags/example_task_group.py took 0.158 seconds
[2024-12-07T19:37:04.964+0000] {processor.py:154} INFO - Started process (PID=232) to work on /home/airflow/.local/lib/python3.7/site-packages/airflow/example_dags/example_task_group.py
[2024-12-07T19:37:04.965+0000] {processor.py:756} INFO - Processing file /home/airflow/.local/lib/python3.7/site-packages/airflow/example_dags/example_task_group.py for tasks to queue
[2024-12-07T19:37:04.968+0000] {logging_mixin.py:120} INFO - [2024-12-07T19:37:04.967+0000] {dagbag.py:537} INFO - Filling up the DagBag from /home/airflow/.local/lib/python3.7/site-packages/airflow/example_dags/example_task_group.py
[2024-12-07T19:37:04.988+0000] {processor.py:766} INFO - DAG(s) dict_keys(['example_task_group']) retrieved from /home/airflow/.local/lib/python3.7/site-packages/airflow/example_dags/example_task_group.py
[2024-12-07T19:37:05.039+0000] {logging_mixin.py:120} INFO - [2024-12-07T19:37:05.038+0000] {dag.py:2585} INFO - Sync 1 DAGs
[2024-12-07T19:37:05.068+0000] {logging_mixin.py:120} INFO - [2024-12-07T19:37:05.068+0000] {dag.py:3340} INFO - Setting next_dagrun for example_task_group to 2024-12-06T19:37:05.068207+00:00, run_after=2024-12-07T19:37:05.068207+00:00
[2024-12-07T19:37:05.093+0000] {processor.py:176} INFO - Processing /home/airflow/.local/lib/python3.7/site-packages/airflow/example_dags/example_task_group.py took 0.133 seconds
[2024-12-07T19:37:35.484+0000] {processor.py:154} INFO - Started process (PID=287) to work on /home/airflow/.local/lib/python3.7/site-packages/airflow/example_dags/example_task_group.py
[2024-12-07T19:37:35.486+0000] {processor.py:756} INFO - Processing file /home/airflow/.local/lib/python3.7/site-packages/airflow/example_dags/example_task_group.py for tasks to queue
[2024-12-07T19:37:35.487+0000] {logging_mixin.py:120} INFO - [2024-12-07T19:37:35.486+0000] {dagbag.py:537} INFO - Filling up the DagBag from /home/airflow/.local/lib/python3.7/site-packages/airflow/example_dags/example_task_group.py
[2024-12-07T19:37:35.515+0000] {processor.py:766} INFO - DAG(s) dict_keys(['example_task_group']) retrieved from /home/airflow/.local/lib/python3.7/site-packages/airflow/example_dags/example_task_group.py
[2024-12-07T19:37:35.547+0000] {logging_mixin.py:120} INFO - [2024-12-07T19:37:35.547+0000] {dag.py:2585} INFO - Sync 1 DAGs
[2024-12-07T19:37:35.582+0000] {logging_mixin.py:120} INFO - [2024-12-07T19:37:35.581+0000] {dag.py:3340} INFO - Setting next_dagrun for example_task_group to 2024-12-06T19:37:35.581577+00:00, run_after=2024-12-07T19:37:35.581577+00:00
[2024-12-07T19:37:35.612+0000] {processor.py:176} INFO - Processing /home/airflow/.local/lib/python3.7/site-packages/airflow/example_dags/example_task_group.py took 0.132 seconds
[2024-12-07T19:38:05.979+0000] {processor.py:154} INFO - Started process (PID=352) to work on /home/airflow/.local/lib/python3.7/site-packages/airflow/example_dags/example_task_group.py
[2024-12-07T19:38:05.981+0000] {processor.py:756} INFO - Processing file /home/airflow/.local/lib/python3.7/site-packages/airflow/example_dags/example_task_group.py for tasks to queue
[2024-12-07T19:38:05.988+0000] {logging_mixin.py:120} INFO - [2024-12-07T19:38:05.988+0000] {dagbag.py:537} INFO - Filling up the DagBag from /home/airflow/.local/lib/python3.7/site-packages/airflow/example_dags/example_task_group.py
[2024-12-07T19:38:06.325+0000] {processor.py:766} INFO - DAG(s) dict_keys(['example_task_group']) retrieved from /home/airflow/.local/lib/python3.7/site-packages/airflow/example_dags/example_task_group.py
[2024-12-07T19:38:06.626+0000] {logging_mixin.py:120} INFO - [2024-12-07T19:38:06.625+0000] {dag.py:2585} INFO - Sync 1 DAGs
[2024-12-07T19:38:06.725+0000] {logging_mixin.py:120} INFO - [2024-12-07T19:38:06.725+0000] {dag.py:3340} INFO - Setting next_dagrun for example_task_group to 2024-12-06T19:38:06.722692+00:00, run_after=2024-12-07T19:38:06.722692+00:00
[2024-12-07T19:38:06.983+0000] {processor.py:176} INFO - Processing /home/airflow/.local/lib/python3.7/site-packages/airflow/example_dags/example_task_group.py took 1.009 seconds
[2024-12-07T19:38:37.687+0000] {processor.py:154} INFO - Started process (PID=407) to work on /home/airflow/.local/lib/python3.7/site-packages/airflow/example_dags/example_task_group.py
[2024-12-07T19:38:37.688+0000] {processor.py:756} INFO - Processing file /home/airflow/.local/lib/python3.7/site-packages/airflow/example_dags/example_task_group.py for tasks to queue
[2024-12-07T19:38:37.689+0000] {logging_mixin.py:120} INFO - [2024-12-07T19:38:37.689+0000] {dagbag.py:537} INFO - Filling up the DagBag from /home/airflow/.local/lib/python3.7/site-packages/airflow/example_dags/example_task_group.py
[2024-12-07T19:38:37.716+0000] {processor.py:766} INFO - DAG(s) dict_keys(['example_task_group']) retrieved from /home/airflow/.local/lib/python3.7/site-packages/airflow/example_dags/example_task_group.py
[2024-12-07T19:38:37.774+0000] {logging_mixin.py:120} INFO - [2024-12-07T19:38:37.774+0000] {dag.py:2585} INFO - Sync 1 DAGs
[2024-12-07T19:38:37.804+0000] {logging_mixin.py:120} INFO - [2024-12-07T19:38:37.804+0000] {dag.py:3340} INFO - Setting next_dagrun for example_task_group to 2024-12-06T19:38:37.804249+00:00, run_after=2024-12-07T19:38:37.804249+00:00
[2024-12-07T19:38:37.836+0000] {processor.py:176} INFO - Processing /home/airflow/.local/lib/python3.7/site-packages/airflow/example_dags/example_task_group.py took 0.153 seconds
[2024-12-07T19:39:08.284+0000] {processor.py:154} INFO - Started process (PID=471) to work on /home/airflow/.local/lib/python3.7/site-packages/airflow/example_dags/example_task_group.py
[2024-12-07T19:39:08.284+0000] {processor.py:756} INFO - Processing file /home/airflow/.local/lib/python3.7/site-packages/airflow/example_dags/example_task_group.py for tasks to queue
[2024-12-07T19:39:08.285+0000] {logging_mixin.py:120} INFO - [2024-12-07T19:39:08.285+0000] {dagbag.py:537} INFO - Filling up the DagBag from /home/airflow/.local/lib/python3.7/site-packages/airflow/example_dags/example_task_group.py
[2024-12-07T19:39:08.300+0000] {processor.py:766} INFO - DAG(s) dict_keys(['example_task_group']) retrieved from /home/airflow/.local/lib/python3.7/site-packages/airflow/example_dags/example_task_group.py
[2024-12-07T19:39:08.337+0000] {logging_mixin.py:120} INFO - [2024-12-07T19:39:08.337+0000] {dag.py:2585} INFO - Sync 1 DAGs
[2024-12-07T19:39:08.358+0000] {logging_mixin.py:120} INFO - [2024-12-07T19:39:08.358+0000] {dag.py:3340} INFO - Setting next_dagrun for example_task_group to 2024-12-06T19:39:08.357826+00:00, run_after=2024-12-07T19:39:08.357826+00:00
[2024-12-07T19:39:08.378+0000] {processor.py:176} INFO - Processing /home/airflow/.local/lib/python3.7/site-packages/airflow/example_dags/example_task_group.py took 0.097 seconds
[2024-12-07T19:39:38.602+0000] {processor.py:154} INFO - Started process (PID=535) to work on /home/airflow/.local/lib/python3.7/site-packages/airflow/example_dags/example_task_group.py
[2024-12-07T19:39:38.604+0000] {processor.py:756} INFO - Processing file /home/airflow/.local/lib/python3.7/site-packages/airflow/example_dags/example_task_group.py for tasks to queue
[2024-12-07T19:39:38.605+0000] {logging_mixin.py:120} INFO - [2024-12-07T19:39:38.605+0000] {dagbag.py:537} INFO - Filling up the DagBag from /home/airflow/.local/lib/python3.7/site-packages/airflow/example_dags/example_task_group.py
[2024-12-07T19:39:38.620+0000] {processor.py:766} INFO - DAG(s) dict_keys(['example_task_group']) retrieved from /home/airflow/.local/lib/python3.7/site-packages/airflow/example_dags/example_task_group.py
[2024-12-07T19:39:38.659+0000] {logging_mixin.py:120} INFO - [2024-12-07T19:39:38.659+0000] {dag.py:2585} INFO - Sync 1 DAGs
[2024-12-07T19:39:38.681+0000] {logging_mixin.py:120} INFO - [2024-12-07T19:39:38.680+0000] {dag.py:3340} INFO - Setting next_dagrun for example_task_group to 2024-12-06T19:39:38.680751+00:00, run_after=2024-12-07T19:39:38.680751+00:00
[2024-12-07T19:39:38.708+0000] {processor.py:176} INFO - Processing /home/airflow/.local/lib/python3.7/site-packages/airflow/example_dags/example_task_group.py took 0.109 seconds
[2024-12-07T19:40:09.005+0000] {processor.py:154} INFO - Started process (PID=597) to work on /home/airflow/.local/lib/python3.7/site-packages/airflow/example_dags/example_task_group.py
[2024-12-07T19:40:09.006+0000] {processor.py:756} INFO - Processing file /home/airflow/.local/lib/python3.7/site-packages/airflow/example_dags/example_task_group.py for tasks to queue
[2024-12-07T19:40:09.007+0000] {logging_mixin.py:120} INFO - [2024-12-07T19:40:09.007+0000] {dagbag.py:537} INFO - Filling up the DagBag from /home/airflow/.local/lib/python3.7/site-packages/airflow/example_dags/example_task_group.py
[2024-12-07T19:40:09.024+0000] {processor.py:766} INFO - DAG(s) dict_keys(['example_task_group']) retrieved from /home/airflow/.local/lib/python3.7/site-packages/airflow/example_dags/example_task_group.py
[2024-12-07T19:40:09.062+0000] {logging_mixin.py:120} INFO - [2024-12-07T19:40:09.061+0000] {dag.py:2585} INFO - Sync 1 DAGs
[2024-12-07T19:40:09.086+0000] {logging_mixin.py:120} INFO - [2024-12-07T19:40:09.085+0000] {dag.py:3340} INFO - Setting next_dagrun for example_task_group to 2024-12-06T19:40:09.085561+00:00, run_after=2024-12-07T19:40:09.085561+00:00
[2024-12-07T19:40:09.111+0000] {processor.py:176} INFO - Processing /home/airflow/.local/lib/python3.7/site-packages/airflow/example_dags/example_task_group.py took 0.110 seconds
[2024-12-07T19:40:39.325+0000] {processor.py:154} INFO - Started process (PID=654) to work on /home/airflow/.local/lib/python3.7/site-packages/airflow/example_dags/example_task_group.py
[2024-12-07T19:40:39.327+0000] {processor.py:756} INFO - Processing file /home/airflow/.local/lib/python3.7/site-packages/airflow/example_dags/example_task_group.py for tasks to queue
[2024-12-07T19:40:39.328+0000] {logging_mixin.py:120} INFO - [2024-12-07T19:40:39.327+0000] {dagbag.py:537} INFO - Filling up the DagBag from /home/airflow/.local/lib/python3.7/site-packages/airflow/example_dags/example_task_group.py
[2024-12-07T19:40:39.346+0000] {processor.py:766} INFO - DAG(s) dict_keys(['example_task_group']) retrieved from /home/airflow/.local/lib/python3.7/site-packages/airflow/example_dags/example_task_group.py
[2024-12-07T19:40:39.388+0000] {logging_mixin.py:120} INFO - [2024-12-07T19:40:39.388+0000] {dag.py:2585} INFO - Sync 1 DAGs
[2024-12-07T19:40:39.410+0000] {logging_mixin.py:120} INFO - [2024-12-07T19:40:39.410+0000] {dag.py:3340} INFO - Setting next_dagrun for example_task_group to 2024-12-06T19:40:39.410381+00:00, run_after=2024-12-07T19:40:39.410381+00:00
[2024-12-07T19:40:39.432+0000] {processor.py:176} INFO - Processing /home/airflow/.local/lib/python3.7/site-packages/airflow/example_dags/example_task_group.py took 0.111 seconds
[2024-12-07T19:41:10.629+0000] {processor.py:154} INFO - Started process (PID=709) to work on /home/airflow/.local/lib/python3.7/site-packages/airflow/example_dags/example_task_group.py
[2024-12-07T19:41:10.632+0000] {processor.py:756} INFO - Processing file /home/airflow/.local/lib/python3.7/site-packages/airflow/example_dags/example_task_group.py for tasks to queue
[2024-12-07T19:41:10.646+0000] {logging_mixin.py:120} INFO - [2024-12-07T19:41:10.638+0000] {dagbag.py:537} INFO - Filling up the DagBag from /home/airflow/.local/lib/python3.7/site-packages/airflow/example_dags/example_task_group.py
[2024-12-07T19:41:10.729+0000] {processor.py:766} INFO - DAG(s) dict_keys(['example_task_group']) retrieved from /home/airflow/.local/lib/python3.7/site-packages/airflow/example_dags/example_task_group.py
[2024-12-07T19:41:10.885+0000] {logging_mixin.py:120} INFO - [2024-12-07T19:41:10.885+0000] {dag.py:2585} INFO - Sync 1 DAGs
[2024-12-07T19:41:11.086+0000] {logging_mixin.py:120} INFO - [2024-12-07T19:41:11.085+0000] {dag.py:3340} INFO - Setting next_dagrun for example_task_group to 2024-12-06T19:41:11.085263+00:00, run_after=2024-12-07T19:41:11.085263+00:00
[2024-12-07T19:41:11.187+0000] {processor.py:176} INFO - Processing /home/airflow/.local/lib/python3.7/site-packages/airflow/example_dags/example_task_group.py took 0.573 seconds
