[2024-12-07T19:35:38.403+0000] {processor.py:154} INFO - Started process (PID=77) to work on /home/airflow/.local/lib/python3.7/site-packages/airflow/example_dags/example_short_circuit_operator.py
[2024-12-07T19:35:38.412+0000] {processor.py:756} INFO - Processing file /home/airflow/.local/lib/python3.7/site-packages/airflow/example_dags/example_short_circuit_operator.py for tasks to queue
[2024-12-07T19:35:38.416+0000] {logging_mixin.py:120} INFO - [2024-12-07T19:35:38.415+0000] {dagbag.py:537} INFO - Filling up the DagBag from /home/airflow/.local/lib/python3.7/site-packages/airflow/example_dags/example_short_circuit_operator.py
[2024-12-07T19:35:38.463+0000] {processor.py:766} INFO - DAG(s) dict_keys(['example_short_circuit_operator']) retrieved from /home/airflow/.local/lib/python3.7/site-packages/airflow/example_dags/example_short_circuit_operator.py
[2024-12-07T19:35:38.661+0000] {logging_mixin.py:120} INFO - [2024-12-07T19:35:38.661+0000] {dag.py:2585} INFO - Sync 1 DAGs
[2024-12-07T19:35:38.751+0000] {logging_mixin.py:120} INFO - [2024-12-07T19:35:38.750+0000] {dag.py:3340} INFO - Setting next_dagrun for example_short_circuit_operator to 2024-12-06T19:35:38.750572+00:00, run_after=2024-12-07T19:35:38.750572+00:00
[2024-12-07T19:35:38.827+0000] {processor.py:176} INFO - Processing /home/airflow/.local/lib/python3.7/site-packages/airflow/example_dags/example_short_circuit_operator.py took 0.435 seconds
[2024-12-07T19:36:09.029+0000] {processor.py:154} INFO - Started process (PID=141) to work on /home/airflow/.local/lib/python3.7/site-packages/airflow/example_dags/example_short_circuit_operator.py
[2024-12-07T19:36:09.031+0000] {processor.py:756} INFO - Processing file /home/airflow/.local/lib/python3.7/site-packages/airflow/example_dags/example_short_circuit_operator.py for tasks to queue
[2024-12-07T19:36:09.034+0000] {logging_mixin.py:120} INFO - [2024-12-07T19:36:09.033+0000] {dagbag.py:537} INFO - Filling up the DagBag from /home/airflow/.local/lib/python3.7/site-packages/airflow/example_dags/example_short_circuit_operator.py
[2024-12-07T19:36:09.050+0000] {processor.py:766} INFO - DAG(s) dict_keys(['example_short_circuit_operator']) retrieved from /home/airflow/.local/lib/python3.7/site-packages/airflow/example_dags/example_short_circuit_operator.py
[2024-12-07T19:36:09.090+0000] {logging_mixin.py:120} INFO - [2024-12-07T19:36:09.090+0000] {dag.py:2585} INFO - Sync 1 DAGs
[2024-12-07T19:36:09.117+0000] {logging_mixin.py:120} INFO - [2024-12-07T19:36:09.117+0000] {dag.py:3340} INFO - Setting next_dagrun for example_short_circuit_operator to 2024-12-06T19:36:09.116104+00:00, run_after=2024-12-07T19:36:09.116104+00:00
[2024-12-07T19:36:09.140+0000] {processor.py:176} INFO - Processing /home/airflow/.local/lib/python3.7/site-packages/airflow/example_dags/example_short_circuit_operator.py took 0.116 seconds
[2024-12-07T19:36:39.364+0000] {processor.py:154} INFO - Started process (PID=197) to work on /home/airflow/.local/lib/python3.7/site-packages/airflow/example_dags/example_short_circuit_operator.py
[2024-12-07T19:36:39.365+0000] {processor.py:756} INFO - Processing file /home/airflow/.local/lib/python3.7/site-packages/airflow/example_dags/example_short_circuit_operator.py for tasks to queue
[2024-12-07T19:36:39.366+0000] {logging_mixin.py:120} INFO - [2024-12-07T19:36:39.366+0000] {dagbag.py:537} INFO - Filling up the DagBag from /home/airflow/.local/lib/python3.7/site-packages/airflow/example_dags/example_short_circuit_operator.py
[2024-12-07T19:36:39.381+0000] {processor.py:766} INFO - DAG(s) dict_keys(['example_short_circuit_operator']) retrieved from /home/airflow/.local/lib/python3.7/site-packages/airflow/example_dags/example_short_circuit_operator.py
[2024-12-07T19:36:39.422+0000] {logging_mixin.py:120} INFO - [2024-12-07T19:36:39.422+0000] {dag.py:2585} INFO - Sync 1 DAGs
[2024-12-07T19:36:39.445+0000] {logging_mixin.py:120} INFO - [2024-12-07T19:36:39.445+0000] {dag.py:3340} INFO - Setting next_dagrun for example_short_circuit_operator to 2024-12-06T19:36:39.444887+00:00, run_after=2024-12-07T19:36:39.444887+00:00
[2024-12-07T19:36:39.468+0000] {processor.py:176} INFO - Processing /home/airflow/.local/lib/python3.7/site-packages/airflow/example_dags/example_short_circuit_operator.py took 0.106 seconds
[2024-12-07T19:37:09.530+0000] {processor.py:154} INFO - Started process (PID=261) to work on /home/airflow/.local/lib/python3.7/site-packages/airflow/example_dags/example_short_circuit_operator.py
[2024-12-07T19:37:09.531+0000] {processor.py:756} INFO - Processing file /home/airflow/.local/lib/python3.7/site-packages/airflow/example_dags/example_short_circuit_operator.py for tasks to queue
[2024-12-07T19:37:09.558+0000] {logging_mixin.py:120} INFO - [2024-12-07T19:37:09.558+0000] {dagbag.py:537} INFO - Filling up the DagBag from /home/airflow/.local/lib/python3.7/site-packages/airflow/example_dags/example_short_circuit_operator.py
[2024-12-07T19:37:09.607+0000] {processor.py:766} INFO - DAG(s) dict_keys(['example_short_circuit_operator']) retrieved from /home/airflow/.local/lib/python3.7/site-packages/airflow/example_dags/example_short_circuit_operator.py
[2024-12-07T19:37:09.683+0000] {logging_mixin.py:120} INFO - [2024-12-07T19:37:09.682+0000] {dag.py:2585} INFO - Sync 1 DAGs
[2024-12-07T19:37:09.707+0000] {logging_mixin.py:120} INFO - [2024-12-07T19:37:09.707+0000] {dag.py:3340} INFO - Setting next_dagrun for example_short_circuit_operator to 2024-12-06T19:37:09.707236+00:00, run_after=2024-12-07T19:37:09.707236+00:00
[2024-12-07T19:37:09.730+0000] {processor.py:176} INFO - Processing /home/airflow/.local/lib/python3.7/site-packages/airflow/example_dags/example_short_circuit_operator.py took 0.205 seconds
[2024-12-07T19:37:39.988+0000] {processor.py:154} INFO - Started process (PID=325) to work on /home/airflow/.local/lib/python3.7/site-packages/airflow/example_dags/example_short_circuit_operator.py
[2024-12-07T19:37:39.990+0000] {processor.py:756} INFO - Processing file /home/airflow/.local/lib/python3.7/site-packages/airflow/example_dags/example_short_circuit_operator.py for tasks to queue
[2024-12-07T19:37:39.991+0000] {logging_mixin.py:120} INFO - [2024-12-07T19:37:39.991+0000] {dagbag.py:537} INFO - Filling up the DagBag from /home/airflow/.local/lib/python3.7/site-packages/airflow/example_dags/example_short_circuit_operator.py
[2024-12-07T19:37:40.012+0000] {processor.py:766} INFO - DAG(s) dict_keys(['example_short_circuit_operator']) retrieved from /home/airflow/.local/lib/python3.7/site-packages/airflow/example_dags/example_short_circuit_operator.py
[2024-12-07T19:37:40.042+0000] {logging_mixin.py:120} INFO - [2024-12-07T19:37:40.042+0000] {dag.py:2585} INFO - Sync 1 DAGs
[2024-12-07T19:37:40.067+0000] {logging_mixin.py:120} INFO - [2024-12-07T19:37:40.067+0000] {dag.py:3340} INFO - Setting next_dagrun for example_short_circuit_operator to 2024-12-06T19:37:40.067166+00:00, run_after=2024-12-07T19:37:40.067166+00:00
[2024-12-07T19:37:40.091+0000] {processor.py:176} INFO - Processing /home/airflow/.local/lib/python3.7/site-packages/airflow/example_dags/example_short_circuit_operator.py took 0.107 seconds
[2024-12-07T19:38:14.180+0000] {processor.py:154} INFO - Started process (PID=390) to work on /home/airflow/.local/lib/python3.7/site-packages/airflow/example_dags/example_short_circuit_operator.py
[2024-12-07T19:38:14.214+0000] {processor.py:756} INFO - Processing file /home/airflow/.local/lib/python3.7/site-packages/airflow/example_dags/example_short_circuit_operator.py for tasks to queue
[2024-12-07T19:38:14.217+0000] {logging_mixin.py:120} INFO - [2024-12-07T19:38:14.216+0000] {dagbag.py:537} INFO - Filling up the DagBag from /home/airflow/.local/lib/python3.7/site-packages/airflow/example_dags/example_short_circuit_operator.py
[2024-12-07T19:38:14.270+0000] {processor.py:766} INFO - DAG(s) dict_keys(['example_short_circuit_operator']) retrieved from /home/airflow/.local/lib/python3.7/site-packages/airflow/example_dags/example_short_circuit_operator.py
[2024-12-07T19:38:14.411+0000] {logging_mixin.py:120} INFO - [2024-12-07T19:38:14.411+0000] {dag.py:2585} INFO - Sync 1 DAGs
[2024-12-07T19:38:14.471+0000] {logging_mixin.py:120} INFO - [2024-12-07T19:38:14.471+0000] {dag.py:3340} INFO - Setting next_dagrun for example_short_circuit_operator to 2024-12-06T19:38:14.471046+00:00, run_after=2024-12-07T19:38:14.471046+00:00
[2024-12-07T19:38:14.531+0000] {processor.py:176} INFO - Processing /home/airflow/.local/lib/python3.7/site-packages/airflow/example_dags/example_short_circuit_operator.py took 0.356 seconds
[2024-12-07T19:38:44.671+0000] {processor.py:154} INFO - Started process (PID=445) to work on /home/airflow/.local/lib/python3.7/site-packages/airflow/example_dags/example_short_circuit_operator.py
[2024-12-07T19:38:44.673+0000] {processor.py:756} INFO - Processing file /home/airflow/.local/lib/python3.7/site-packages/airflow/example_dags/example_short_circuit_operator.py for tasks to queue
[2024-12-07T19:38:44.674+0000] {logging_mixin.py:120} INFO - [2024-12-07T19:38:44.674+0000] {dagbag.py:537} INFO - Filling up the DagBag from /home/airflow/.local/lib/python3.7/site-packages/airflow/example_dags/example_short_circuit_operator.py
[2024-12-07T19:38:44.700+0000] {processor.py:766} INFO - DAG(s) dict_keys(['example_short_circuit_operator']) retrieved from /home/airflow/.local/lib/python3.7/site-packages/airflow/example_dags/example_short_circuit_operator.py
[2024-12-07T19:38:44.741+0000] {logging_mixin.py:120} INFO - [2024-12-07T19:38:44.741+0000] {dag.py:2585} INFO - Sync 1 DAGs
[2024-12-07T19:38:44.780+0000] {logging_mixin.py:120} INFO - [2024-12-07T19:38:44.780+0000] {dag.py:3340} INFO - Setting next_dagrun for example_short_circuit_operator to 2024-12-06T19:38:44.779184+00:00, run_after=2024-12-07T19:38:44.779184+00:00
[2024-12-07T19:38:44.803+0000] {processor.py:176} INFO - Processing /home/airflow/.local/lib/python3.7/site-packages/airflow/example_dags/example_short_circuit_operator.py took 0.136 seconds
[2024-12-07T19:39:15.008+0000] {processor.py:154} INFO - Started process (PID=509) to work on /home/airflow/.local/lib/python3.7/site-packages/airflow/example_dags/example_short_circuit_operator.py
[2024-12-07T19:39:15.009+0000] {processor.py:756} INFO - Processing file /home/airflow/.local/lib/python3.7/site-packages/airflow/example_dags/example_short_circuit_operator.py for tasks to queue
[2024-12-07T19:39:15.010+0000] {logging_mixin.py:120} INFO - [2024-12-07T19:39:15.010+0000] {dagbag.py:537} INFO - Filling up the DagBag from /home/airflow/.local/lib/python3.7/site-packages/airflow/example_dags/example_short_circuit_operator.py
[2024-12-07T19:39:15.024+0000] {processor.py:766} INFO - DAG(s) dict_keys(['example_short_circuit_operator']) retrieved from /home/airflow/.local/lib/python3.7/site-packages/airflow/example_dags/example_short_circuit_operator.py
[2024-12-07T19:39:15.066+0000] {logging_mixin.py:120} INFO - [2024-12-07T19:39:15.065+0000] {dag.py:2585} INFO - Sync 1 DAGs
[2024-12-07T19:39:15.100+0000] {logging_mixin.py:120} INFO - [2024-12-07T19:39:15.100+0000] {dag.py:3340} INFO - Setting next_dagrun for example_short_circuit_operator to 2024-12-06T19:39:15.100075+00:00, run_after=2024-12-07T19:39:15.100075+00:00
[2024-12-07T19:39:15.128+0000] {processor.py:176} INFO - Processing /home/airflow/.local/lib/python3.7/site-packages/airflow/example_dags/example_short_circuit_operator.py took 0.123 seconds
[2024-12-07T19:39:45.249+0000] {processor.py:154} INFO - Started process (PID=564) to work on /home/airflow/.local/lib/python3.7/site-packages/airflow/example_dags/example_short_circuit_operator.py
[2024-12-07T19:39:45.251+0000] {processor.py:756} INFO - Processing file /home/airflow/.local/lib/python3.7/site-packages/airflow/example_dags/example_short_circuit_operator.py for tasks to queue
[2024-12-07T19:39:45.252+0000] {logging_mixin.py:120} INFO - [2024-12-07T19:39:45.252+0000] {dagbag.py:537} INFO - Filling up the DagBag from /home/airflow/.local/lib/python3.7/site-packages/airflow/example_dags/example_short_circuit_operator.py
[2024-12-07T19:39:45.271+0000] {processor.py:766} INFO - DAG(s) dict_keys(['example_short_circuit_operator']) retrieved from /home/airflow/.local/lib/python3.7/site-packages/airflow/example_dags/example_short_circuit_operator.py
[2024-12-07T19:39:45.319+0000] {logging_mixin.py:120} INFO - [2024-12-07T19:39:45.319+0000] {dag.py:2585} INFO - Sync 1 DAGs
[2024-12-07T19:39:45.342+0000] {logging_mixin.py:120} INFO - [2024-12-07T19:39:45.341+0000] {dag.py:3340} INFO - Setting next_dagrun for example_short_circuit_operator to 2024-12-06T19:39:45.341574+00:00, run_after=2024-12-07T19:39:45.341574+00:00
[2024-12-07T19:39:45.368+0000] {processor.py:176} INFO - Processing /home/airflow/.local/lib/python3.7/site-packages/airflow/example_dags/example_short_circuit_operator.py took 0.122 seconds
[2024-12-07T19:40:15.479+0000] {processor.py:154} INFO - Started process (PID=628) to work on /home/airflow/.local/lib/python3.7/site-packages/airflow/example_dags/example_short_circuit_operator.py
[2024-12-07T19:40:15.480+0000] {processor.py:756} INFO - Processing file /home/airflow/.local/lib/python3.7/site-packages/airflow/example_dags/example_short_circuit_operator.py for tasks to queue
[2024-12-07T19:40:15.481+0000] {logging_mixin.py:120} INFO - [2024-12-07T19:40:15.481+0000] {dagbag.py:537} INFO - Filling up the DagBag from /home/airflow/.local/lib/python3.7/site-packages/airflow/example_dags/example_short_circuit_operator.py
[2024-12-07T19:40:15.496+0000] {processor.py:766} INFO - DAG(s) dict_keys(['example_short_circuit_operator']) retrieved from /home/airflow/.local/lib/python3.7/site-packages/airflow/example_dags/example_short_circuit_operator.py
[2024-12-07T19:40:15.532+0000] {logging_mixin.py:120} INFO - [2024-12-07T19:40:15.532+0000] {dag.py:2585} INFO - Sync 1 DAGs
[2024-12-07T19:40:15.557+0000] {logging_mixin.py:120} INFO - [2024-12-07T19:40:15.557+0000] {dag.py:3340} INFO - Setting next_dagrun for example_short_circuit_operator to 2024-12-06T19:40:15.556839+00:00, run_after=2024-12-07T19:40:15.556839+00:00
[2024-12-07T19:40:15.581+0000] {processor.py:176} INFO - Processing /home/airflow/.local/lib/python3.7/site-packages/airflow/example_dags/example_short_circuit_operator.py took 0.106 seconds
[2024-12-07T19:40:45.850+0000] {processor.py:154} INFO - Started process (PID=692) to work on /home/airflow/.local/lib/python3.7/site-packages/airflow/example_dags/example_short_circuit_operator.py
[2024-12-07T19:40:45.851+0000] {processor.py:756} INFO - Processing file /home/airflow/.local/lib/python3.7/site-packages/airflow/example_dags/example_short_circuit_operator.py for tasks to queue
[2024-12-07T19:40:45.852+0000] {logging_mixin.py:120} INFO - [2024-12-07T19:40:45.852+0000] {dagbag.py:537} INFO - Filling up the DagBag from /home/airflow/.local/lib/python3.7/site-packages/airflow/example_dags/example_short_circuit_operator.py
[2024-12-07T19:40:45.869+0000] {processor.py:766} INFO - DAG(s) dict_keys(['example_short_circuit_operator']) retrieved from /home/airflow/.local/lib/python3.7/site-packages/airflow/example_dags/example_short_circuit_operator.py
[2024-12-07T19:40:45.911+0000] {logging_mixin.py:120} INFO - [2024-12-07T19:40:45.911+0000] {dag.py:2585} INFO - Sync 1 DAGs
[2024-12-07T19:40:45.940+0000] {logging_mixin.py:120} INFO - [2024-12-07T19:40:45.939+0000] {dag.py:3340} INFO - Setting next_dagrun for example_short_circuit_operator to 2024-12-06T19:40:45.939708+00:00, run_after=2024-12-07T19:40:45.939708+00:00
[2024-12-07T19:40:45.963+0000] {processor.py:176} INFO - Processing /home/airflow/.local/lib/python3.7/site-packages/airflow/example_dags/example_short_circuit_operator.py took 0.116 seconds
