[2024-12-07T19:35:34.947+0000] {processor.py:154} INFO - Started process (PID=65) to work on /home/airflow/.local/lib/python3.7/site-packages/airflow/example_dags/example_datasets.py
[2024-12-07T19:35:34.950+0000] {processor.py:756} INFO - Processing file /home/airflow/.local/lib/python3.7/site-packages/airflow/example_dags/example_datasets.py for tasks to queue
[2024-12-07T19:35:34.951+0000] {logging_mixin.py:120} INFO - [2024-12-07T19:35:34.951+0000] {dagbag.py:537} INFO - Filling up the DagBag from /home/airflow/.local/lib/python3.7/site-packages/airflow/example_dags/example_datasets.py
[2024-12-07T19:35:34.981+0000] {processor.py:766} INFO - DAG(s) dict_keys(['dataset_consumes_1_and_2', 'dataset_consumes_unknown_never_scheduled', 'dataset_produces_1', 'dataset_consumes_1_never_scheduled', 'dataset_consumes_1', 'dataset_produces_2']) retrieved from /home/airflow/.local/lib/python3.7/site-packages/airflow/example_dags/example_datasets.py
[2024-12-07T19:35:35.217+0000] {logging_mixin.py:120} INFO - [2024-12-07T19:35:35.216+0000] {dag.py:2585} INFO - Sync 6 DAGs
[2024-12-07T19:35:35.252+0000] {logging_mixin.py:120} INFO - [2024-12-07T19:35:35.251+0000] {dag.py:3340} INFO - Setting next_dagrun for dataset_consumes_1 to None, run_after=None
[2024-12-07T19:35:35.257+0000] {logging_mixin.py:120} INFO - [2024-12-07T19:35:35.256+0000] {dag.py:3340} INFO - Setting next_dagrun for dataset_consumes_1_and_2 to None, run_after=None
[2024-12-07T19:35:35.259+0000] {logging_mixin.py:120} INFO - [2024-12-07T19:35:35.259+0000] {dag.py:3340} INFO - Setting next_dagrun for dataset_consumes_1_never_scheduled to None, run_after=None
[2024-12-07T19:35:35.262+0000] {logging_mixin.py:120} INFO - [2024-12-07T19:35:35.262+0000] {dag.py:3340} INFO - Setting next_dagrun for dataset_consumes_unknown_never_scheduled to None, run_after=None
[2024-12-07T19:35:35.267+0000] {logging_mixin.py:120} INFO - [2024-12-07T19:35:35.267+0000] {dag.py:3340} INFO - Setting next_dagrun for dataset_produces_1 to 2024-12-06T00:00:00+00:00, run_after=2024-12-07T00:00:00+00:00
[2024-12-07T19:35:35.269+0000] {logging_mixin.py:120} INFO - [2024-12-07T19:35:35.269+0000] {dag.py:3340} INFO - Setting next_dagrun for dataset_produces_2 to None, run_after=None
[2024-12-07T19:35:35.320+0000] {processor.py:176} INFO - Processing /home/airflow/.local/lib/python3.7/site-packages/airflow/example_dags/example_datasets.py took 0.377 seconds
[2024-12-07T19:36:05.414+0000] {processor.py:154} INFO - Started process (PID=120) to work on /home/airflow/.local/lib/python3.7/site-packages/airflow/example_dags/example_datasets.py
[2024-12-07T19:36:05.415+0000] {processor.py:756} INFO - Processing file /home/airflow/.local/lib/python3.7/site-packages/airflow/example_dags/example_datasets.py for tasks to queue
[2024-12-07T19:36:05.416+0000] {logging_mixin.py:120} INFO - [2024-12-07T19:36:05.416+0000] {dagbag.py:537} INFO - Filling up the DagBag from /home/airflow/.local/lib/python3.7/site-packages/airflow/example_dags/example_datasets.py
[2024-12-07T19:36:05.437+0000] {processor.py:766} INFO - DAG(s) dict_keys(['dataset_consumes_1', 'dataset_consumes_1_and_2', 'dataset_consumes_1_never_scheduled', 'dataset_produces_1', 'dataset_produces_2', 'dataset_consumes_unknown_never_scheduled']) retrieved from /home/airflow/.local/lib/python3.7/site-packages/airflow/example_dags/example_datasets.py
[2024-12-07T19:36:05.496+0000] {logging_mixin.py:120} INFO - [2024-12-07T19:36:05.496+0000] {dag.py:2585} INFO - Sync 6 DAGs
[2024-12-07T19:36:05.521+0000] {logging_mixin.py:120} INFO - [2024-12-07T19:36:05.521+0000] {dag.py:3340} INFO - Setting next_dagrun for dataset_consumes_1 to None, run_after=None
[2024-12-07T19:36:05.525+0000] {logging_mixin.py:120} INFO - [2024-12-07T19:36:05.525+0000] {dag.py:3340} INFO - Setting next_dagrun for dataset_consumes_1_and_2 to None, run_after=None
[2024-12-07T19:36:05.528+0000] {logging_mixin.py:120} INFO - [2024-12-07T19:36:05.527+0000] {dag.py:3340} INFO - Setting next_dagrun for dataset_consumes_1_never_scheduled to None, run_after=None
[2024-12-07T19:36:05.530+0000] {logging_mixin.py:120} INFO - [2024-12-07T19:36:05.530+0000] {dag.py:3340} INFO - Setting next_dagrun for dataset_consumes_unknown_never_scheduled to None, run_after=None
[2024-12-07T19:36:05.534+0000] {logging_mixin.py:120} INFO - [2024-12-07T19:36:05.534+0000] {dag.py:3340} INFO - Setting next_dagrun for dataset_produces_1 to 2024-12-06T00:00:00+00:00, run_after=2024-12-07T00:00:00+00:00
[2024-12-07T19:36:05.537+0000] {logging_mixin.py:120} INFO - [2024-12-07T19:36:05.536+0000] {dag.py:3340} INFO - Setting next_dagrun for dataset_produces_2 to None, run_after=None
[2024-12-07T19:36:05.620+0000] {processor.py:176} INFO - Processing /home/airflow/.local/lib/python3.7/site-packages/airflow/example_dags/example_datasets.py took 0.210 seconds
[2024-12-07T19:36:35.781+0000] {processor.py:154} INFO - Started process (PID=185) to work on /home/airflow/.local/lib/python3.7/site-packages/airflow/example_dags/example_datasets.py
[2024-12-07T19:36:35.783+0000] {processor.py:756} INFO - Processing file /home/airflow/.local/lib/python3.7/site-packages/airflow/example_dags/example_datasets.py for tasks to queue
[2024-12-07T19:36:35.785+0000] {logging_mixin.py:120} INFO - [2024-12-07T19:36:35.784+0000] {dagbag.py:537} INFO - Filling up the DagBag from /home/airflow/.local/lib/python3.7/site-packages/airflow/example_dags/example_datasets.py
[2024-12-07T19:36:35.803+0000] {processor.py:766} INFO - DAG(s) dict_keys(['dataset_consumes_1', 'dataset_consumes_1_never_scheduled', 'dataset_consumes_unknown_never_scheduled', 'dataset_produces_1', 'dataset_produces_2', 'dataset_consumes_1_and_2']) retrieved from /home/airflow/.local/lib/python3.7/site-packages/airflow/example_dags/example_datasets.py
[2024-12-07T19:36:35.880+0000] {logging_mixin.py:120} INFO - [2024-12-07T19:36:35.879+0000] {dag.py:2585} INFO - Sync 6 DAGs
[2024-12-07T19:36:35.908+0000] {logging_mixin.py:120} INFO - [2024-12-07T19:36:35.907+0000] {dag.py:3340} INFO - Setting next_dagrun for dataset_consumes_1 to None, run_after=None
[2024-12-07T19:36:35.912+0000] {logging_mixin.py:120} INFO - [2024-12-07T19:36:35.912+0000] {dag.py:3340} INFO - Setting next_dagrun for dataset_consumes_1_and_2 to None, run_after=None
[2024-12-07T19:36:35.914+0000] {logging_mixin.py:120} INFO - [2024-12-07T19:36:35.914+0000] {dag.py:3340} INFO - Setting next_dagrun for dataset_consumes_1_never_scheduled to None, run_after=None
[2024-12-07T19:36:35.916+0000] {logging_mixin.py:120} INFO - [2024-12-07T19:36:35.915+0000] {dag.py:3340} INFO - Setting next_dagrun for dataset_consumes_unknown_never_scheduled to None, run_after=None
[2024-12-07T19:36:35.919+0000] {logging_mixin.py:120} INFO - [2024-12-07T19:36:35.919+0000] {dag.py:3340} INFO - Setting next_dagrun for dataset_produces_1 to 2024-12-06T00:00:00+00:00, run_after=2024-12-07T00:00:00+00:00
[2024-12-07T19:36:35.923+0000] {logging_mixin.py:120} INFO - [2024-12-07T19:36:35.922+0000] {dag.py:3340} INFO - Setting next_dagrun for dataset_produces_2 to None, run_after=None
[2024-12-07T19:36:35.965+0000] {processor.py:176} INFO - Processing /home/airflow/.local/lib/python3.7/site-packages/airflow/example_dags/example_datasets.py took 0.188 seconds
[2024-12-07T19:37:06.477+0000] {processor.py:154} INFO - Started process (PID=249) to work on /home/airflow/.local/lib/python3.7/site-packages/airflow/example_dags/example_datasets.py
[2024-12-07T19:37:06.478+0000] {processor.py:756} INFO - Processing file /home/airflow/.local/lib/python3.7/site-packages/airflow/example_dags/example_datasets.py for tasks to queue
[2024-12-07T19:37:06.480+0000] {logging_mixin.py:120} INFO - [2024-12-07T19:37:06.479+0000] {dagbag.py:537} INFO - Filling up the DagBag from /home/airflow/.local/lib/python3.7/site-packages/airflow/example_dags/example_datasets.py
[2024-12-07T19:37:06.497+0000] {processor.py:766} INFO - DAG(s) dict_keys(['dataset_produces_2', 'dataset_consumes_1_and_2', 'dataset_produces_1', 'dataset_consumes_1', 'dataset_consumes_1_never_scheduled', 'dataset_consumes_unknown_never_scheduled']) retrieved from /home/airflow/.local/lib/python3.7/site-packages/airflow/example_dags/example_datasets.py
[2024-12-07T19:37:06.557+0000] {logging_mixin.py:120} INFO - [2024-12-07T19:37:06.557+0000] {dag.py:2585} INFO - Sync 6 DAGs
[2024-12-07T19:37:06.581+0000] {logging_mixin.py:120} INFO - [2024-12-07T19:37:06.581+0000] {dag.py:3340} INFO - Setting next_dagrun for dataset_consumes_1 to None, run_after=None
[2024-12-07T19:37:06.586+0000] {logging_mixin.py:120} INFO - [2024-12-07T19:37:06.586+0000] {dag.py:3340} INFO - Setting next_dagrun for dataset_consumes_1_and_2 to None, run_after=None
[2024-12-07T19:37:06.588+0000] {logging_mixin.py:120} INFO - [2024-12-07T19:37:06.588+0000] {dag.py:3340} INFO - Setting next_dagrun for dataset_consumes_1_never_scheduled to None, run_after=None
[2024-12-07T19:37:06.590+0000] {logging_mixin.py:120} INFO - [2024-12-07T19:37:06.590+0000] {dag.py:3340} INFO - Setting next_dagrun for dataset_consumes_unknown_never_scheduled to None, run_after=None
[2024-12-07T19:37:06.593+0000] {logging_mixin.py:120} INFO - [2024-12-07T19:37:06.593+0000] {dag.py:3340} INFO - Setting next_dagrun for dataset_produces_1 to 2024-12-06T00:00:00+00:00, run_after=2024-12-07T00:00:00+00:00
[2024-12-07T19:37:06.596+0000] {logging_mixin.py:120} INFO - [2024-12-07T19:37:06.595+0000] {dag.py:3340} INFO - Setting next_dagrun for dataset_produces_2 to None, run_after=None
[2024-12-07T19:37:06.631+0000] {processor.py:176} INFO - Processing /home/airflow/.local/lib/python3.7/site-packages/airflow/example_dags/example_datasets.py took 0.157 seconds
[2024-12-07T19:37:37.008+0000] {processor.py:154} INFO - Started process (PID=304) to work on /home/airflow/.local/lib/python3.7/site-packages/airflow/example_dags/example_datasets.py
[2024-12-07T19:37:37.009+0000] {processor.py:756} INFO - Processing file /home/airflow/.local/lib/python3.7/site-packages/airflow/example_dags/example_datasets.py for tasks to queue
[2024-12-07T19:37:37.011+0000] {logging_mixin.py:120} INFO - [2024-12-07T19:37:37.011+0000] {dagbag.py:537} INFO - Filling up the DagBag from /home/airflow/.local/lib/python3.7/site-packages/airflow/example_dags/example_datasets.py
[2024-12-07T19:37:37.034+0000] {processor.py:766} INFO - DAG(s) dict_keys(['dataset_produces_2', 'dataset_consumes_1_and_2', 'dataset_produces_1', 'dataset_consumes_1_never_scheduled', 'dataset_consumes_1', 'dataset_consumes_unknown_never_scheduled']) retrieved from /home/airflow/.local/lib/python3.7/site-packages/airflow/example_dags/example_datasets.py
[2024-12-07T19:37:37.082+0000] {logging_mixin.py:120} INFO - [2024-12-07T19:37:37.082+0000] {dag.py:2585} INFO - Sync 6 DAGs
[2024-12-07T19:37:37.125+0000] {logging_mixin.py:120} INFO - [2024-12-07T19:37:37.125+0000] {dag.py:3340} INFO - Setting next_dagrun for dataset_consumes_1 to None, run_after=None
[2024-12-07T19:37:37.133+0000] {logging_mixin.py:120} INFO - [2024-12-07T19:37:37.132+0000] {dag.py:3340} INFO - Setting next_dagrun for dataset_consumes_1_and_2 to None, run_after=None
[2024-12-07T19:37:37.138+0000] {logging_mixin.py:120} INFO - [2024-12-07T19:37:37.138+0000] {dag.py:3340} INFO - Setting next_dagrun for dataset_consumes_1_never_scheduled to None, run_after=None
[2024-12-07T19:37:37.141+0000] {logging_mixin.py:120} INFO - [2024-12-07T19:37:37.141+0000] {dag.py:3340} INFO - Setting next_dagrun for dataset_consumes_unknown_never_scheduled to None, run_after=None
[2024-12-07T19:37:37.146+0000] {logging_mixin.py:120} INFO - [2024-12-07T19:37:37.145+0000] {dag.py:3340} INFO - Setting next_dagrun for dataset_produces_1 to 2024-12-06T00:00:00+00:00, run_after=2024-12-07T00:00:00+00:00
[2024-12-07T19:37:37.148+0000] {logging_mixin.py:120} INFO - [2024-12-07T19:37:37.148+0000] {dag.py:3340} INFO - Setting next_dagrun for dataset_produces_2 to None, run_after=None
[2024-12-07T19:37:37.209+0000] {processor.py:176} INFO - Processing /home/airflow/.local/lib/python3.7/site-packages/airflow/example_dags/example_datasets.py took 0.205 seconds
[2024-12-07T19:38:10.279+0000] {processor.py:154} INFO - Started process (PID=369) to work on /home/airflow/.local/lib/python3.7/site-packages/airflow/example_dags/example_datasets.py
[2024-12-07T19:38:10.281+0000] {processor.py:756} INFO - Processing file /home/airflow/.local/lib/python3.7/site-packages/airflow/example_dags/example_datasets.py for tasks to queue
[2024-12-07T19:38:10.283+0000] {logging_mixin.py:120} INFO - [2024-12-07T19:38:10.282+0000] {dagbag.py:537} INFO - Filling up the DagBag from /home/airflow/.local/lib/python3.7/site-packages/airflow/example_dags/example_datasets.py
[2024-12-07T19:38:10.324+0000] {processor.py:766} INFO - DAG(s) dict_keys(['dataset_produces_2', 'dataset_consumes_1', 'dataset_consumes_1_never_scheduled', 'dataset_consumes_unknown_never_scheduled', 'dataset_produces_1', 'dataset_consumes_1_and_2']) retrieved from /home/airflow/.local/lib/python3.7/site-packages/airflow/example_dags/example_datasets.py
[2024-12-07T19:38:10.688+0000] {logging_mixin.py:120} INFO - [2024-12-07T19:38:10.688+0000] {dag.py:2585} INFO - Sync 6 DAGs
[2024-12-07T19:38:10.761+0000] {logging_mixin.py:120} INFO - [2024-12-07T19:38:10.761+0000] {dag.py:3340} INFO - Setting next_dagrun for dataset_consumes_1 to None, run_after=None
[2024-12-07T19:38:10.781+0000] {logging_mixin.py:120} INFO - [2024-12-07T19:38:10.781+0000] {dag.py:3340} INFO - Setting next_dagrun for dataset_consumes_1_and_2 to None, run_after=None
[2024-12-07T19:38:10.784+0000] {logging_mixin.py:120} INFO - [2024-12-07T19:38:10.783+0000] {dag.py:3340} INFO - Setting next_dagrun for dataset_consumes_1_never_scheduled to None, run_after=None
[2024-12-07T19:38:10.788+0000] {logging_mixin.py:120} INFO - [2024-12-07T19:38:10.788+0000] {dag.py:3340} INFO - Setting next_dagrun for dataset_consumes_unknown_never_scheduled to None, run_after=None
[2024-12-07T19:38:10.794+0000] {logging_mixin.py:120} INFO - [2024-12-07T19:38:10.794+0000] {dag.py:3340} INFO - Setting next_dagrun for dataset_produces_1 to 2024-12-06T00:00:00+00:00, run_after=2024-12-07T00:00:00+00:00
[2024-12-07T19:38:10.797+0000] {logging_mixin.py:120} INFO - [2024-12-07T19:38:10.797+0000] {dag.py:3340} INFO - Setting next_dagrun for dataset_produces_2 to None, run_after=None
[2024-12-07T19:38:10.892+0000] {processor.py:176} INFO - Processing /home/airflow/.local/lib/python3.7/site-packages/airflow/example_dags/example_datasets.py took 0.621 seconds
[2024-12-07T19:38:41.120+0000] {processor.py:154} INFO - Started process (PID=433) to work on /home/airflow/.local/lib/python3.7/site-packages/airflow/example_dags/example_datasets.py
[2024-12-07T19:38:41.122+0000] {processor.py:756} INFO - Processing file /home/airflow/.local/lib/python3.7/site-packages/airflow/example_dags/example_datasets.py for tasks to queue
[2024-12-07T19:38:41.123+0000] {logging_mixin.py:120} INFO - [2024-12-07T19:38:41.123+0000] {dagbag.py:537} INFO - Filling up the DagBag from /home/airflow/.local/lib/python3.7/site-packages/airflow/example_dags/example_datasets.py
[2024-12-07T19:38:41.141+0000] {processor.py:766} INFO - DAG(s) dict_keys(['dataset_produces_2', 'dataset_consumes_1_never_scheduled', 'dataset_consumes_1_and_2', 'dataset_consumes_1', 'dataset_produces_1', 'dataset_consumes_unknown_never_scheduled']) retrieved from /home/airflow/.local/lib/python3.7/site-packages/airflow/example_dags/example_datasets.py
[2024-12-07T19:38:41.214+0000] {logging_mixin.py:120} INFO - [2024-12-07T19:38:41.214+0000] {dag.py:2585} INFO - Sync 6 DAGs
[2024-12-07T19:38:41.256+0000] {logging_mixin.py:120} INFO - [2024-12-07T19:38:41.255+0000] {dag.py:3340} INFO - Setting next_dagrun for dataset_consumes_1 to None, run_after=None
[2024-12-07T19:38:41.263+0000] {logging_mixin.py:120} INFO - [2024-12-07T19:38:41.262+0000] {dag.py:3340} INFO - Setting next_dagrun for dataset_consumes_1_and_2 to None, run_after=None
[2024-12-07T19:38:41.266+0000] {logging_mixin.py:120} INFO - [2024-12-07T19:38:41.266+0000] {dag.py:3340} INFO - Setting next_dagrun for dataset_consumes_1_never_scheduled to None, run_after=None
[2024-12-07T19:38:41.268+0000] {logging_mixin.py:120} INFO - [2024-12-07T19:38:41.268+0000] {dag.py:3340} INFO - Setting next_dagrun for dataset_consumes_unknown_never_scheduled to None, run_after=None
[2024-12-07T19:38:41.272+0000] {logging_mixin.py:120} INFO - [2024-12-07T19:38:41.272+0000] {dag.py:3340} INFO - Setting next_dagrun for dataset_produces_1 to 2024-12-06T00:00:00+00:00, run_after=2024-12-07T00:00:00+00:00
[2024-12-07T19:38:41.274+0000] {logging_mixin.py:120} INFO - [2024-12-07T19:38:41.274+0000] {dag.py:3340} INFO - Setting next_dagrun for dataset_produces_2 to None, run_after=None
[2024-12-07T19:38:41.322+0000] {processor.py:176} INFO - Processing /home/airflow/.local/lib/python3.7/site-packages/airflow/example_dags/example_datasets.py took 0.204 seconds
[2024-12-07T19:39:11.593+0000] {processor.py:154} INFO - Started process (PID=488) to work on /home/airflow/.local/lib/python3.7/site-packages/airflow/example_dags/example_datasets.py
[2024-12-07T19:39:11.594+0000] {processor.py:756} INFO - Processing file /home/airflow/.local/lib/python3.7/site-packages/airflow/example_dags/example_datasets.py for tasks to queue
[2024-12-07T19:39:11.596+0000] {logging_mixin.py:120} INFO - [2024-12-07T19:39:11.595+0000] {dagbag.py:537} INFO - Filling up the DagBag from /home/airflow/.local/lib/python3.7/site-packages/airflow/example_dags/example_datasets.py
[2024-12-07T19:39:11.610+0000] {processor.py:766} INFO - DAG(s) dict_keys(['dataset_consumes_unknown_never_scheduled', 'dataset_produces_1', 'dataset_produces_2', 'dataset_consumes_1_never_scheduled', 'dataset_consumes_1_and_2', 'dataset_consumes_1']) retrieved from /home/airflow/.local/lib/python3.7/site-packages/airflow/example_dags/example_datasets.py
[2024-12-07T19:39:11.671+0000] {logging_mixin.py:120} INFO - [2024-12-07T19:39:11.671+0000] {dag.py:2585} INFO - Sync 6 DAGs
[2024-12-07T19:39:11.698+0000] {logging_mixin.py:120} INFO - [2024-12-07T19:39:11.698+0000] {dag.py:3340} INFO - Setting next_dagrun for dataset_consumes_1 to None, run_after=None
[2024-12-07T19:39:11.703+0000] {logging_mixin.py:120} INFO - [2024-12-07T19:39:11.702+0000] {dag.py:3340} INFO - Setting next_dagrun for dataset_consumes_1_and_2 to None, run_after=None
[2024-12-07T19:39:11.704+0000] {logging_mixin.py:120} INFO - [2024-12-07T19:39:11.704+0000] {dag.py:3340} INFO - Setting next_dagrun for dataset_consumes_1_never_scheduled to None, run_after=None
[2024-12-07T19:39:11.706+0000] {logging_mixin.py:120} INFO - [2024-12-07T19:39:11.706+0000] {dag.py:3340} INFO - Setting next_dagrun for dataset_consumes_unknown_never_scheduled to None, run_after=None
[2024-12-07T19:39:11.709+0000] {logging_mixin.py:120} INFO - [2024-12-07T19:39:11.709+0000] {dag.py:3340} INFO - Setting next_dagrun for dataset_produces_1 to 2024-12-06T00:00:00+00:00, run_after=2024-12-07T00:00:00+00:00
[2024-12-07T19:39:11.712+0000] {logging_mixin.py:120} INFO - [2024-12-07T19:39:11.712+0000] {dag.py:3340} INFO - Setting next_dagrun for dataset_produces_2 to None, run_after=None
[2024-12-07T19:39:11.744+0000] {processor.py:176} INFO - Processing /home/airflow/.local/lib/python3.7/site-packages/airflow/example_dags/example_datasets.py took 0.154 seconds
[2024-12-07T19:39:42.105+0000] {processor.py:154} INFO - Started process (PID=552) to work on /home/airflow/.local/lib/python3.7/site-packages/airflow/example_dags/example_datasets.py
[2024-12-07T19:39:42.106+0000] {processor.py:756} INFO - Processing file /home/airflow/.local/lib/python3.7/site-packages/airflow/example_dags/example_datasets.py for tasks to queue
[2024-12-07T19:39:42.107+0000] {logging_mixin.py:120} INFO - [2024-12-07T19:39:42.107+0000] {dagbag.py:537} INFO - Filling up the DagBag from /home/airflow/.local/lib/python3.7/site-packages/airflow/example_dags/example_datasets.py
[2024-12-07T19:39:42.122+0000] {processor.py:766} INFO - DAG(s) dict_keys(['dataset_produces_2', 'dataset_consumes_1_never_scheduled', 'dataset_produces_1', 'dataset_consumes_unknown_never_scheduled', 'dataset_consumes_1', 'dataset_consumes_1_and_2']) retrieved from /home/airflow/.local/lib/python3.7/site-packages/airflow/example_dags/example_datasets.py
[2024-12-07T19:39:42.193+0000] {logging_mixin.py:120} INFO - [2024-12-07T19:39:42.193+0000] {dag.py:2585} INFO - Sync 6 DAGs
[2024-12-07T19:39:42.230+0000] {logging_mixin.py:120} INFO - [2024-12-07T19:39:42.230+0000] {dag.py:3340} INFO - Setting next_dagrun for dataset_consumes_1 to None, run_after=None
[2024-12-07T19:39:42.234+0000] {logging_mixin.py:120} INFO - [2024-12-07T19:39:42.234+0000] {dag.py:3340} INFO - Setting next_dagrun for dataset_consumes_1_and_2 to None, run_after=None
[2024-12-07T19:39:42.236+0000] {logging_mixin.py:120} INFO - [2024-12-07T19:39:42.236+0000] {dag.py:3340} INFO - Setting next_dagrun for dataset_consumes_1_never_scheduled to None, run_after=None
[2024-12-07T19:39:42.237+0000] {logging_mixin.py:120} INFO - [2024-12-07T19:39:42.237+0000] {dag.py:3340} INFO - Setting next_dagrun for dataset_consumes_unknown_never_scheduled to None, run_after=None
[2024-12-07T19:39:42.239+0000] {logging_mixin.py:120} INFO - [2024-12-07T19:39:42.239+0000] {dag.py:3340} INFO - Setting next_dagrun for dataset_produces_1 to 2024-12-06T00:00:00+00:00, run_after=2024-12-07T00:00:00+00:00
[2024-12-07T19:39:42.241+0000] {logging_mixin.py:120} INFO - [2024-12-07T19:39:42.241+0000] {dag.py:3340} INFO - Setting next_dagrun for dataset_produces_2 to None, run_after=None
[2024-12-07T19:39:42.271+0000] {processor.py:176} INFO - Processing /home/airflow/.local/lib/python3.7/site-packages/airflow/example_dags/example_datasets.py took 0.169 seconds
[2024-12-07T19:40:12.377+0000] {processor.py:154} INFO - Started process (PID=616) to work on /home/airflow/.local/lib/python3.7/site-packages/airflow/example_dags/example_datasets.py
[2024-12-07T19:40:12.378+0000] {processor.py:756} INFO - Processing file /home/airflow/.local/lib/python3.7/site-packages/airflow/example_dags/example_datasets.py for tasks to queue
[2024-12-07T19:40:12.379+0000] {logging_mixin.py:120} INFO - [2024-12-07T19:40:12.379+0000] {dagbag.py:537} INFO - Filling up the DagBag from /home/airflow/.local/lib/python3.7/site-packages/airflow/example_dags/example_datasets.py
[2024-12-07T19:40:12.394+0000] {processor.py:766} INFO - DAG(s) dict_keys(['dataset_consumes_1', 'dataset_consumes_1_never_scheduled', 'dataset_produces_1', 'dataset_consumes_1_and_2', 'dataset_consumes_unknown_never_scheduled', 'dataset_produces_2']) retrieved from /home/airflow/.local/lib/python3.7/site-packages/airflow/example_dags/example_datasets.py
[2024-12-07T19:40:12.450+0000] {logging_mixin.py:120} INFO - [2024-12-07T19:40:12.450+0000] {dag.py:2585} INFO - Sync 6 DAGs
[2024-12-07T19:40:12.474+0000] {logging_mixin.py:120} INFO - [2024-12-07T19:40:12.474+0000] {dag.py:3340} INFO - Setting next_dagrun for dataset_consumes_1 to None, run_after=None
[2024-12-07T19:40:12.479+0000] {logging_mixin.py:120} INFO - [2024-12-07T19:40:12.478+0000] {dag.py:3340} INFO - Setting next_dagrun for dataset_consumes_1_and_2 to None, run_after=None
[2024-12-07T19:40:12.481+0000] {logging_mixin.py:120} INFO - [2024-12-07T19:40:12.480+0000] {dag.py:3340} INFO - Setting next_dagrun for dataset_consumes_1_never_scheduled to None, run_after=None
[2024-12-07T19:40:12.482+0000] {logging_mixin.py:120} INFO - [2024-12-07T19:40:12.482+0000] {dag.py:3340} INFO - Setting next_dagrun for dataset_consumes_unknown_never_scheduled to None, run_after=None
[2024-12-07T19:40:12.485+0000] {logging_mixin.py:120} INFO - [2024-12-07T19:40:12.485+0000] {dag.py:3340} INFO - Setting next_dagrun for dataset_produces_1 to 2024-12-06T00:00:00+00:00, run_after=2024-12-07T00:00:00+00:00
[2024-12-07T19:40:12.486+0000] {logging_mixin.py:120} INFO - [2024-12-07T19:40:12.486+0000] {dag.py:3340} INFO - Setting next_dagrun for dataset_produces_2 to None, run_after=None
[2024-12-07T19:40:12.520+0000] {processor.py:176} INFO - Processing /home/airflow/.local/lib/python3.7/site-packages/airflow/example_dags/example_datasets.py took 0.146 seconds
[2024-12-07T19:40:42.716+0000] {processor.py:154} INFO - Started process (PID=671) to work on /home/airflow/.local/lib/python3.7/site-packages/airflow/example_dags/example_datasets.py
[2024-12-07T19:40:42.717+0000] {processor.py:756} INFO - Processing file /home/airflow/.local/lib/python3.7/site-packages/airflow/example_dags/example_datasets.py for tasks to queue
[2024-12-07T19:40:42.718+0000] {logging_mixin.py:120} INFO - [2024-12-07T19:40:42.718+0000] {dagbag.py:537} INFO - Filling up the DagBag from /home/airflow/.local/lib/python3.7/site-packages/airflow/example_dags/example_datasets.py
[2024-12-07T19:40:42.733+0000] {processor.py:766} INFO - DAG(s) dict_keys(['dataset_produces_1', 'dataset_consumes_unknown_never_scheduled', 'dataset_consumes_1_never_scheduled', 'dataset_consumes_1', 'dataset_produces_2', 'dataset_consumes_1_and_2']) retrieved from /home/airflow/.local/lib/python3.7/site-packages/airflow/example_dags/example_datasets.py
[2024-12-07T19:40:42.786+0000] {logging_mixin.py:120} INFO - [2024-12-07T19:40:42.786+0000] {dag.py:2585} INFO - Sync 6 DAGs
[2024-12-07T19:40:42.812+0000] {logging_mixin.py:120} INFO - [2024-12-07T19:40:42.812+0000] {dag.py:3340} INFO - Setting next_dagrun for dataset_consumes_1 to None, run_after=None
[2024-12-07T19:40:42.816+0000] {logging_mixin.py:120} INFO - [2024-12-07T19:40:42.816+0000] {dag.py:3340} INFO - Setting next_dagrun for dataset_consumes_1_and_2 to None, run_after=None
[2024-12-07T19:40:42.818+0000] {logging_mixin.py:120} INFO - [2024-12-07T19:40:42.818+0000] {dag.py:3340} INFO - Setting next_dagrun for dataset_consumes_1_never_scheduled to None, run_after=None
[2024-12-07T19:40:42.820+0000] {logging_mixin.py:120} INFO - [2024-12-07T19:40:42.819+0000] {dag.py:3340} INFO - Setting next_dagrun for dataset_consumes_unknown_never_scheduled to None, run_after=None
[2024-12-07T19:40:42.822+0000] {logging_mixin.py:120} INFO - [2024-12-07T19:40:42.822+0000] {dag.py:3340} INFO - Setting next_dagrun for dataset_produces_1 to 2024-12-06T00:00:00+00:00, run_after=2024-12-07T00:00:00+00:00
[2024-12-07T19:40:42.824+0000] {logging_mixin.py:120} INFO - [2024-12-07T19:40:42.824+0000] {dag.py:3340} INFO - Setting next_dagrun for dataset_produces_2 to None, run_after=None
[2024-12-07T19:40:42.857+0000] {processor.py:176} INFO - Processing /home/airflow/.local/lib/python3.7/site-packages/airflow/example_dags/example_datasets.py took 0.143 seconds
[2024-12-07T19:41:13.938+0000] {processor.py:154} INFO - Started process (PID=735) to work on /home/airflow/.local/lib/python3.7/site-packages/airflow/example_dags/example_datasets.py
[2024-12-07T19:41:13.940+0000] {processor.py:756} INFO - Processing file /home/airflow/.local/lib/python3.7/site-packages/airflow/example_dags/example_datasets.py for tasks to queue
[2024-12-07T19:41:13.941+0000] {logging_mixin.py:120} INFO - [2024-12-07T19:41:13.941+0000] {dagbag.py:537} INFO - Filling up the DagBag from /home/airflow/.local/lib/python3.7/site-packages/airflow/example_dags/example_datasets.py
[2024-12-07T19:41:13.967+0000] {processor.py:766} INFO - DAG(s) dict_keys(['dataset_consumes_1_and_2', 'dataset_produces_1', 'dataset_consumes_1_never_scheduled', 'dataset_consumes_1', 'dataset_consumes_unknown_never_scheduled', 'dataset_produces_2']) retrieved from /home/airflow/.local/lib/python3.7/site-packages/airflow/example_dags/example_datasets.py
[2024-12-07T19:41:14.071+0000] {logging_mixin.py:120} INFO - [2024-12-07T19:41:14.070+0000] {dag.py:2585} INFO - Sync 6 DAGs
[2024-12-07T19:41:14.179+0000] {logging_mixin.py:120} INFO - [2024-12-07T19:41:14.178+0000] {dag.py:3340} INFO - Setting next_dagrun for dataset_consumes_1 to None, run_after=None
[2024-12-08T06:22:20.483+0000] {logging_mixin.py:120} INFO - [2024-12-08T06:22:20.483+0000] {dag.py:3340} INFO - Setting next_dagrun for dataset_consumes_1_and_2 to None, run_after=None
[2024-12-08T06:22:20.499+0000] {logging_mixin.py:120} INFO - [2024-12-08T06:22:20.499+0000] {dag.py:3340} INFO - Setting next_dagrun for dataset_consumes_1_never_scheduled to None, run_after=None
[2024-12-08T06:22:20.503+0000] {logging_mixin.py:120} INFO - [2024-12-08T06:22:20.503+0000] {dag.py:3340} INFO - Setting next_dagrun for dataset_consumes_unknown_never_scheduled to None, run_after=None
[2024-12-08T06:22:20.523+0000] {logging_mixin.py:120} INFO - [2024-12-08T06:22:20.522+0000] {dag.py:3340} INFO - Setting next_dagrun for dataset_produces_1 to 2024-12-07T00:00:00+00:00, run_after=2024-12-08T00:00:00+00:00
[2024-12-08T06:22:20.526+0000] {logging_mixin.py:120} INFO - [2024-12-08T06:22:20.525+0000] {dag.py:3340} INFO - Setting next_dagrun for dataset_produces_2 to None, run_after=None
[2024-12-08T06:22:21.577+0000] {processor.py:176} INFO - Processing /home/airflow/.local/lib/python3.7/site-packages/airflow/example_dags/example_datasets.py took 1.681 seconds
