[2024-12-07T19:35:35.739+0000] {processor.py:154} INFO - Started process (PID=69) to work on /home/airflow/.local/lib/python3.7/site-packages/airflow/example_dags/example_trigger_controller_dag.py
[2024-12-07T19:35:35.741+0000] {processor.py:756} INFO - Processing file /home/airflow/.local/lib/python3.7/site-packages/airflow/example_dags/example_trigger_controller_dag.py for tasks to queue
[2024-12-07T19:35:35.742+0000] {logging_mixin.py:120} INFO - [2024-12-07T19:35:35.742+0000] {dagbag.py:537} INFO - Filling up the DagBag from /home/airflow/.local/lib/python3.7/site-packages/airflow/example_dags/example_trigger_controller_dag.py
[2024-12-07T19:35:35.761+0000] {processor.py:766} INFO - DAG(s) dict_keys(['example_trigger_controller_dag']) retrieved from /home/airflow/.local/lib/python3.7/site-packages/airflow/example_dags/example_trigger_controller_dag.py
[2024-12-07T19:35:36.016+0000] {logging_mixin.py:120} INFO - [2024-12-07T19:35:36.015+0000] {dag.py:2585} INFO - Sync 1 DAGs
[2024-12-07T19:35:36.079+0000] {logging_mixin.py:120} INFO - [2024-12-07T19:35:36.079+0000] {dag.py:3340} INFO - Setting next_dagrun for example_trigger_controller_dag to 2021-01-01T00:00:00+00:00, run_after=2021-01-01T00:00:00+00:00
[2024-12-07T19:35:36.129+0000] {processor.py:176} INFO - Processing /home/airflow/.local/lib/python3.7/site-packages/airflow/example_dags/example_trigger_controller_dag.py took 0.394 seconds
[2024-12-07T19:36:06.856+0000] {processor.py:154} INFO - Started process (PID=133) to work on /home/airflow/.local/lib/python3.7/site-packages/airflow/example_dags/example_trigger_controller_dag.py
[2024-12-07T19:36:06.857+0000] {processor.py:756} INFO - Processing file /home/airflow/.local/lib/python3.7/site-packages/airflow/example_dags/example_trigger_controller_dag.py for tasks to queue
[2024-12-07T19:36:06.859+0000] {logging_mixin.py:120} INFO - [2024-12-07T19:36:06.859+0000] {dagbag.py:537} INFO - Filling up the DagBag from /home/airflow/.local/lib/python3.7/site-packages/airflow/example_dags/example_trigger_controller_dag.py
[2024-12-07T19:36:06.876+0000] {processor.py:766} INFO - DAG(s) dict_keys(['example_trigger_controller_dag']) retrieved from /home/airflow/.local/lib/python3.7/site-packages/airflow/example_dags/example_trigger_controller_dag.py
[2024-12-07T19:36:06.936+0000] {logging_mixin.py:120} INFO - [2024-12-07T19:36:06.935+0000] {dag.py:2585} INFO - Sync 1 DAGs
[2024-12-07T19:36:06.978+0000] {logging_mixin.py:120} INFO - [2024-12-07T19:36:06.978+0000] {dag.py:3340} INFO - Setting next_dagrun for example_trigger_controller_dag to 2021-01-01T00:00:00+00:00, run_after=2021-01-01T00:00:00+00:00
[2024-12-07T19:36:07.000+0000] {processor.py:176} INFO - Processing /home/airflow/.local/lib/python3.7/site-packages/airflow/example_dags/example_trigger_controller_dag.py took 0.148 seconds
[2024-12-07T19:36:37.218+0000] {processor.py:154} INFO - Started process (PID=188) to work on /home/airflow/.local/lib/python3.7/site-packages/airflow/example_dags/example_trigger_controller_dag.py
[2024-12-07T19:36:37.227+0000] {processor.py:756} INFO - Processing file /home/airflow/.local/lib/python3.7/site-packages/airflow/example_dags/example_trigger_controller_dag.py for tasks to queue
[2024-12-07T19:36:37.229+0000] {logging_mixin.py:120} INFO - [2024-12-07T19:36:37.228+0000] {dagbag.py:537} INFO - Filling up the DagBag from /home/airflow/.local/lib/python3.7/site-packages/airflow/example_dags/example_trigger_controller_dag.py
[2024-12-07T19:36:37.244+0000] {processor.py:766} INFO - DAG(s) dict_keys(['example_trigger_controller_dag']) retrieved from /home/airflow/.local/lib/python3.7/site-packages/airflow/example_dags/example_trigger_controller_dag.py
[2024-12-07T19:36:37.304+0000] {logging_mixin.py:120} INFO - [2024-12-07T19:36:37.304+0000] {dag.py:2585} INFO - Sync 1 DAGs
[2024-12-07T19:36:37.342+0000] {logging_mixin.py:120} INFO - [2024-12-07T19:36:37.342+0000] {dag.py:3340} INFO - Setting next_dagrun for example_trigger_controller_dag to 2021-01-01T00:00:00+00:00, run_after=2021-01-01T00:00:00+00:00
[2024-12-07T19:36:37.371+0000] {processor.py:176} INFO - Processing /home/airflow/.local/lib/python3.7/site-packages/airflow/example_dags/example_trigger_controller_dag.py took 0.156 seconds
[2024-12-07T19:37:07.702+0000] {processor.py:154} INFO - Started process (PID=252) to work on /home/airflow/.local/lib/python3.7/site-packages/airflow/example_dags/example_trigger_controller_dag.py
[2024-12-07T19:37:07.703+0000] {processor.py:756} INFO - Processing file /home/airflow/.local/lib/python3.7/site-packages/airflow/example_dags/example_trigger_controller_dag.py for tasks to queue
[2024-12-07T19:37:07.704+0000] {logging_mixin.py:120} INFO - [2024-12-07T19:37:07.704+0000] {dagbag.py:537} INFO - Filling up the DagBag from /home/airflow/.local/lib/python3.7/site-packages/airflow/example_dags/example_trigger_controller_dag.py
[2024-12-07T19:37:07.716+0000] {processor.py:766} INFO - DAG(s) dict_keys(['example_trigger_controller_dag']) retrieved from /home/airflow/.local/lib/python3.7/site-packages/airflow/example_dags/example_trigger_controller_dag.py
[2024-12-07T19:37:07.756+0000] {logging_mixin.py:120} INFO - [2024-12-07T19:37:07.756+0000] {dag.py:2585} INFO - Sync 1 DAGs
[2024-12-07T19:37:07.791+0000] {logging_mixin.py:120} INFO - [2024-12-07T19:37:07.791+0000] {dag.py:3340} INFO - Setting next_dagrun for example_trigger_controller_dag to 2021-01-01T00:00:00+00:00, run_after=2021-01-01T00:00:00+00:00
[2024-12-07T19:37:07.825+0000] {processor.py:176} INFO - Processing /home/airflow/.local/lib/python3.7/site-packages/airflow/example_dags/example_trigger_controller_dag.py took 0.126 seconds
[2024-12-07T19:37:38.252+0000] {processor.py:154} INFO - Started process (PID=318) to work on /home/airflow/.local/lib/python3.7/site-packages/airflow/example_dags/example_trigger_controller_dag.py
[2024-12-07T19:37:38.253+0000] {processor.py:756} INFO - Processing file /home/airflow/.local/lib/python3.7/site-packages/airflow/example_dags/example_trigger_controller_dag.py for tasks to queue
[2024-12-07T19:37:38.254+0000] {logging_mixin.py:120} INFO - [2024-12-07T19:37:38.254+0000] {dagbag.py:537} INFO - Filling up the DagBag from /home/airflow/.local/lib/python3.7/site-packages/airflow/example_dags/example_trigger_controller_dag.py
[2024-12-07T19:37:38.271+0000] {processor.py:766} INFO - DAG(s) dict_keys(['example_trigger_controller_dag']) retrieved from /home/airflow/.local/lib/python3.7/site-packages/airflow/example_dags/example_trigger_controller_dag.py
[2024-12-07T19:37:38.308+0000] {logging_mixin.py:120} INFO - [2024-12-07T19:37:38.307+0000] {dag.py:2585} INFO - Sync 1 DAGs
[2024-12-07T19:37:38.350+0000] {logging_mixin.py:120} INFO - [2024-12-07T19:37:38.350+0000] {dag.py:3340} INFO - Setting next_dagrun for example_trigger_controller_dag to 2021-01-01T00:00:00+00:00, run_after=2021-01-01T00:00:00+00:00
[2024-12-07T19:37:38.378+0000] {processor.py:176} INFO - Processing /home/airflow/.local/lib/python3.7/site-packages/airflow/example_dags/example_trigger_controller_dag.py took 0.132 seconds
[2024-12-07T19:38:11.161+0000] {processor.py:154} INFO - Started process (PID=373) to work on /home/airflow/.local/lib/python3.7/site-packages/airflow/example_dags/example_trigger_controller_dag.py
[2024-12-07T19:38:11.163+0000] {processor.py:756} INFO - Processing file /home/airflow/.local/lib/python3.7/site-packages/airflow/example_dags/example_trigger_controller_dag.py for tasks to queue
[2024-12-07T19:38:11.165+0000] {logging_mixin.py:120} INFO - [2024-12-07T19:38:11.164+0000] {dagbag.py:537} INFO - Filling up the DagBag from /home/airflow/.local/lib/python3.7/site-packages/airflow/example_dags/example_trigger_controller_dag.py
[2024-12-07T19:38:11.200+0000] {processor.py:766} INFO - DAG(s) dict_keys(['example_trigger_controller_dag']) retrieved from /home/airflow/.local/lib/python3.7/site-packages/airflow/example_dags/example_trigger_controller_dag.py
[2024-12-07T19:38:11.298+0000] {logging_mixin.py:120} INFO - [2024-12-07T19:38:11.298+0000] {dag.py:2585} INFO - Sync 1 DAGs
[2024-12-07T19:38:11.368+0000] {logging_mixin.py:120} INFO - [2024-12-07T19:38:11.368+0000] {dag.py:3340} INFO - Setting next_dagrun for example_trigger_controller_dag to 2021-01-01T00:00:00+00:00, run_after=2021-01-01T00:00:00+00:00
[2024-12-07T19:38:11.463+0000] {processor.py:176} INFO - Processing /home/airflow/.local/lib/python3.7/site-packages/airflow/example_dags/example_trigger_controller_dag.py took 0.312 seconds
[2024-12-07T19:38:41.537+0000] {processor.py:154} INFO - Started process (PID=436) to work on /home/airflow/.local/lib/python3.7/site-packages/airflow/example_dags/example_trigger_controller_dag.py
[2024-12-07T19:38:41.538+0000] {processor.py:756} INFO - Processing file /home/airflow/.local/lib/python3.7/site-packages/airflow/example_dags/example_trigger_controller_dag.py for tasks to queue
[2024-12-07T19:38:41.539+0000] {logging_mixin.py:120} INFO - [2024-12-07T19:38:41.539+0000] {dagbag.py:537} INFO - Filling up the DagBag from /home/airflow/.local/lib/python3.7/site-packages/airflow/example_dags/example_trigger_controller_dag.py
[2024-12-07T19:38:41.553+0000] {processor.py:766} INFO - DAG(s) dict_keys(['example_trigger_controller_dag']) retrieved from /home/airflow/.local/lib/python3.7/site-packages/airflow/example_dags/example_trigger_controller_dag.py
[2024-12-07T19:38:41.621+0000] {logging_mixin.py:120} INFO - [2024-12-07T19:38:41.621+0000] {dag.py:2585} INFO - Sync 1 DAGs
[2024-12-07T19:38:41.652+0000] {logging_mixin.py:120} INFO - [2024-12-07T19:38:41.652+0000] {dag.py:3340} INFO - Setting next_dagrun for example_trigger_controller_dag to 2021-01-01T00:00:00+00:00, run_after=2021-01-01T00:00:00+00:00
[2024-12-07T19:38:41.680+0000] {processor.py:176} INFO - Processing /home/airflow/.local/lib/python3.7/site-packages/airflow/example_dags/example_trigger_controller_dag.py took 0.146 seconds
[2024-12-07T19:39:11.806+0000] {processor.py:154} INFO - Started process (PID=491) to work on /home/airflow/.local/lib/python3.7/site-packages/airflow/example_dags/example_trigger_controller_dag.py
[2024-12-07T19:39:11.807+0000] {processor.py:756} INFO - Processing file /home/airflow/.local/lib/python3.7/site-packages/airflow/example_dags/example_trigger_controller_dag.py for tasks to queue
[2024-12-07T19:39:11.808+0000] {logging_mixin.py:120} INFO - [2024-12-07T19:39:11.808+0000] {dagbag.py:537} INFO - Filling up the DagBag from /home/airflow/.local/lib/python3.7/site-packages/airflow/example_dags/example_trigger_controller_dag.py
[2024-12-07T19:39:11.820+0000] {processor.py:766} INFO - DAG(s) dict_keys(['example_trigger_controller_dag']) retrieved from /home/airflow/.local/lib/python3.7/site-packages/airflow/example_dags/example_trigger_controller_dag.py
[2024-12-07T19:39:11.866+0000] {logging_mixin.py:120} INFO - [2024-12-07T19:39:11.866+0000] {dag.py:2585} INFO - Sync 1 DAGs
[2024-12-07T19:39:11.889+0000] {logging_mixin.py:120} INFO - [2024-12-07T19:39:11.889+0000] {dag.py:3340} INFO - Setting next_dagrun for example_trigger_controller_dag to 2021-01-01T00:00:00+00:00, run_after=2021-01-01T00:00:00+00:00
[2024-12-07T19:39:11.917+0000] {processor.py:176} INFO - Processing /home/airflow/.local/lib/python3.7/site-packages/airflow/example_dags/example_trigger_controller_dag.py took 0.115 seconds
[2024-12-07T19:39:42.438+0000] {processor.py:154} INFO - Started process (PID=555) to work on /home/airflow/.local/lib/python3.7/site-packages/airflow/example_dags/example_trigger_controller_dag.py
[2024-12-07T19:39:42.438+0000] {processor.py:756} INFO - Processing file /home/airflow/.local/lib/python3.7/site-packages/airflow/example_dags/example_trigger_controller_dag.py for tasks to queue
[2024-12-07T19:39:42.439+0000] {logging_mixin.py:120} INFO - [2024-12-07T19:39:42.439+0000] {dagbag.py:537} INFO - Filling up the DagBag from /home/airflow/.local/lib/python3.7/site-packages/airflow/example_dags/example_trigger_controller_dag.py
[2024-12-07T19:39:42.450+0000] {processor.py:766} INFO - DAG(s) dict_keys(['example_trigger_controller_dag']) retrieved from /home/airflow/.local/lib/python3.7/site-packages/airflow/example_dags/example_trigger_controller_dag.py
[2024-12-07T19:39:42.490+0000] {logging_mixin.py:120} INFO - [2024-12-07T19:39:42.490+0000] {dag.py:2585} INFO - Sync 1 DAGs
[2024-12-07T19:39:42.518+0000] {logging_mixin.py:120} INFO - [2024-12-07T19:39:42.518+0000] {dag.py:3340} INFO - Setting next_dagrun for example_trigger_controller_dag to 2021-01-01T00:00:00+00:00, run_after=2021-01-01T00:00:00+00:00
[2024-12-07T19:39:42.541+0000] {processor.py:176} INFO - Processing /home/airflow/.local/lib/python3.7/site-packages/airflow/example_dags/example_trigger_controller_dag.py took 0.106 seconds
[2024-12-07T19:40:12.695+0000] {processor.py:154} INFO - Started process (PID=619) to work on /home/airflow/.local/lib/python3.7/site-packages/airflow/example_dags/example_trigger_controller_dag.py
[2024-12-07T19:40:12.696+0000] {processor.py:756} INFO - Processing file /home/airflow/.local/lib/python3.7/site-packages/airflow/example_dags/example_trigger_controller_dag.py for tasks to queue
[2024-12-07T19:40:12.697+0000] {logging_mixin.py:120} INFO - [2024-12-07T19:40:12.697+0000] {dagbag.py:537} INFO - Filling up the DagBag from /home/airflow/.local/lib/python3.7/site-packages/airflow/example_dags/example_trigger_controller_dag.py
[2024-12-07T19:40:12.707+0000] {processor.py:766} INFO - DAG(s) dict_keys(['example_trigger_controller_dag']) retrieved from /home/airflow/.local/lib/python3.7/site-packages/airflow/example_dags/example_trigger_controller_dag.py
[2024-12-07T19:40:12.751+0000] {logging_mixin.py:120} INFO - [2024-12-07T19:40:12.751+0000] {dag.py:2585} INFO - Sync 1 DAGs
[2024-12-07T19:40:12.774+0000] {logging_mixin.py:120} INFO - [2024-12-07T19:40:12.774+0000] {dag.py:3340} INFO - Setting next_dagrun for example_trigger_controller_dag to 2021-01-01T00:00:00+00:00, run_after=2021-01-01T00:00:00+00:00
[2024-12-07T19:40:12.798+0000] {processor.py:176} INFO - Processing /home/airflow/.local/lib/python3.7/site-packages/airflow/example_dags/example_trigger_controller_dag.py took 0.106 seconds
[2024-12-07T19:40:42.888+0000] {processor.py:154} INFO - Started process (PID=674) to work on /home/airflow/.local/lib/python3.7/site-packages/airflow/example_dags/example_trigger_controller_dag.py
[2024-12-07T19:40:42.890+0000] {processor.py:756} INFO - Processing file /home/airflow/.local/lib/python3.7/site-packages/airflow/example_dags/example_trigger_controller_dag.py for tasks to queue
[2024-12-07T19:40:42.891+0000] {logging_mixin.py:120} INFO - [2024-12-07T19:40:42.891+0000] {dagbag.py:537} INFO - Filling up the DagBag from /home/airflow/.local/lib/python3.7/site-packages/airflow/example_dags/example_trigger_controller_dag.py
[2024-12-07T19:40:42.901+0000] {processor.py:766} INFO - DAG(s) dict_keys(['example_trigger_controller_dag']) retrieved from /home/airflow/.local/lib/python3.7/site-packages/airflow/example_dags/example_trigger_controller_dag.py
[2024-12-07T19:40:42.943+0000] {logging_mixin.py:120} INFO - [2024-12-07T19:40:42.943+0000] {dag.py:2585} INFO - Sync 1 DAGs
[2024-12-07T19:40:42.981+0000] {logging_mixin.py:120} INFO - [2024-12-07T19:40:42.981+0000] {dag.py:3340} INFO - Setting next_dagrun for example_trigger_controller_dag to 2021-01-01T00:00:00+00:00, run_after=2021-01-01T00:00:00+00:00
[2024-12-07T19:40:43.006+0000] {processor.py:176} INFO - Processing /home/airflow/.local/lib/python3.7/site-packages/airflow/example_dags/example_trigger_controller_dag.py took 0.122 seconds
