[2024-12-07T19:35:36.300+0000] {processor.py:154} INFO - Started process (PID=71) to work on /home/airflow/.local/lib/python3.7/site-packages/airflow/example_dags/example_time_delta_sensor_async.py
[2024-12-07T19:35:36.301+0000] {processor.py:756} INFO - Processing file /home/airflow/.local/lib/python3.7/site-packages/airflow/example_dags/example_time_delta_sensor_async.py for tasks to queue
[2024-12-07T19:35:36.302+0000] {logging_mixin.py:120} INFO - [2024-12-07T19:35:36.302+0000] {dagbag.py:537} INFO - Filling up the DagBag from /home/airflow/.local/lib/python3.7/site-packages/airflow/example_dags/example_time_delta_sensor_async.py
[2024-12-07T19:35:36.327+0000] {processor.py:766} INFO - DAG(s) dict_keys(['example_time_delta_sensor_async']) retrieved from /home/airflow/.local/lib/python3.7/site-packages/airflow/example_dags/example_time_delta_sensor_async.py
[2024-12-07T19:35:36.656+0000] {logging_mixin.py:120} INFO - [2024-12-07T19:35:36.656+0000] {dag.py:2585} INFO - Sync 1 DAGs
[2024-12-07T19:35:36.713+0000] {logging_mixin.py:120} INFO - [2024-12-07T19:35:36.713+0000] {dag.py:3340} INFO - Setting next_dagrun for example_time_delta_sensor_async to None, run_after=None
[2024-12-07T19:35:36.849+0000] {processor.py:176} INFO - Processing /home/airflow/.local/lib/python3.7/site-packages/airflow/example_dags/example_time_delta_sensor_async.py took 0.553 seconds
[2024-12-07T19:36:07.289+0000] {processor.py:154} INFO - Started process (PID=136) to work on /home/airflow/.local/lib/python3.7/site-packages/airflow/example_dags/example_time_delta_sensor_async.py
[2024-12-07T19:36:07.291+0000] {processor.py:756} INFO - Processing file /home/airflow/.local/lib/python3.7/site-packages/airflow/example_dags/example_time_delta_sensor_async.py for tasks to queue
[2024-12-07T19:36:07.292+0000] {logging_mixin.py:120} INFO - [2024-12-07T19:36:07.292+0000] {dagbag.py:537} INFO - Filling up the DagBag from /home/airflow/.local/lib/python3.7/site-packages/airflow/example_dags/example_time_delta_sensor_async.py
[2024-12-07T19:36:07.307+0000] {processor.py:766} INFO - DAG(s) dict_keys(['example_time_delta_sensor_async']) retrieved from /home/airflow/.local/lib/python3.7/site-packages/airflow/example_dags/example_time_delta_sensor_async.py
[2024-12-07T19:36:07.560+0000] {logging_mixin.py:120} INFO - [2024-12-07T19:36:07.560+0000] {dag.py:2585} INFO - Sync 1 DAGs
[2024-12-07T19:36:07.585+0000] {logging_mixin.py:120} INFO - [2024-12-07T19:36:07.585+0000] {dag.py:3340} INFO - Setting next_dagrun for example_time_delta_sensor_async to None, run_after=None
[2024-12-07T19:36:07.626+0000] {processor.py:176} INFO - Processing /home/airflow/.local/lib/python3.7/site-packages/airflow/example_dags/example_time_delta_sensor_async.py took 0.340 seconds
[2024-12-07T19:36:37.713+0000] {processor.py:154} INFO - Started process (PID=192) to work on /home/airflow/.local/lib/python3.7/site-packages/airflow/example_dags/example_time_delta_sensor_async.py
[2024-12-07T19:36:37.715+0000] {processor.py:756} INFO - Processing file /home/airflow/.local/lib/python3.7/site-packages/airflow/example_dags/example_time_delta_sensor_async.py for tasks to queue
[2024-12-07T19:36:37.716+0000] {logging_mixin.py:120} INFO - [2024-12-07T19:36:37.716+0000] {dagbag.py:537} INFO - Filling up the DagBag from /home/airflow/.local/lib/python3.7/site-packages/airflow/example_dags/example_time_delta_sensor_async.py
[2024-12-07T19:36:37.727+0000] {processor.py:766} INFO - DAG(s) dict_keys(['example_time_delta_sensor_async']) retrieved from /home/airflow/.local/lib/python3.7/site-packages/airflow/example_dags/example_time_delta_sensor_async.py
[2024-12-07T19:36:37.893+0000] {logging_mixin.py:120} INFO - [2024-12-07T19:36:37.893+0000] {dag.py:2585} INFO - Sync 1 DAGs
[2024-12-07T19:36:37.917+0000] {logging_mixin.py:120} INFO - [2024-12-07T19:36:37.917+0000] {dag.py:3340} INFO - Setting next_dagrun for example_time_delta_sensor_async to None, run_after=None
[2024-12-07T19:36:37.955+0000] {processor.py:176} INFO - Processing /home/airflow/.local/lib/python3.7/site-packages/airflow/example_dags/example_time_delta_sensor_async.py took 0.246 seconds
[2024-12-07T19:37:08.072+0000] {processor.py:154} INFO - Started process (PID=256) to work on /home/airflow/.local/lib/python3.7/site-packages/airflow/example_dags/example_time_delta_sensor_async.py
[2024-12-07T19:37:08.074+0000] {processor.py:756} INFO - Processing file /home/airflow/.local/lib/python3.7/site-packages/airflow/example_dags/example_time_delta_sensor_async.py for tasks to queue
[2024-12-07T19:37:08.075+0000] {logging_mixin.py:120} INFO - [2024-12-07T19:37:08.074+0000] {dagbag.py:537} INFO - Filling up the DagBag from /home/airflow/.local/lib/python3.7/site-packages/airflow/example_dags/example_time_delta_sensor_async.py
[2024-12-07T19:37:08.090+0000] {processor.py:766} INFO - DAG(s) dict_keys(['example_time_delta_sensor_async']) retrieved from /home/airflow/.local/lib/python3.7/site-packages/airflow/example_dags/example_time_delta_sensor_async.py
[2024-12-07T19:37:08.292+0000] {logging_mixin.py:120} INFO - [2024-12-07T19:37:08.292+0000] {dag.py:2585} INFO - Sync 1 DAGs
[2024-12-07T19:37:08.314+0000] {logging_mixin.py:120} INFO - [2024-12-07T19:37:08.314+0000] {dag.py:3340} INFO - Setting next_dagrun for example_time_delta_sensor_async to None, run_after=None
[2024-12-07T19:37:08.338+0000] {processor.py:176} INFO - Processing /home/airflow/.local/lib/python3.7/site-packages/airflow/example_dags/example_time_delta_sensor_async.py took 0.269 seconds
[2024-12-07T19:37:38.682+0000] {processor.py:154} INFO - Started process (PID=321) to work on /home/airflow/.local/lib/python3.7/site-packages/airflow/example_dags/example_time_delta_sensor_async.py
[2024-12-07T19:37:38.683+0000] {processor.py:756} INFO - Processing file /home/airflow/.local/lib/python3.7/site-packages/airflow/example_dags/example_time_delta_sensor_async.py for tasks to queue
[2024-12-07T19:37:38.684+0000] {logging_mixin.py:120} INFO - [2024-12-07T19:37:38.684+0000] {dagbag.py:537} INFO - Filling up the DagBag from /home/airflow/.local/lib/python3.7/site-packages/airflow/example_dags/example_time_delta_sensor_async.py
[2024-12-07T19:37:38.699+0000] {processor.py:766} INFO - DAG(s) dict_keys(['example_time_delta_sensor_async']) retrieved from /home/airflow/.local/lib/python3.7/site-packages/airflow/example_dags/example_time_delta_sensor_async.py
[2024-12-07T19:37:38.727+0000] {logging_mixin.py:120} INFO - [2024-12-07T19:37:38.726+0000] {dag.py:2585} INFO - Sync 1 DAGs
[2024-12-07T19:37:38.766+0000] {logging_mixin.py:120} INFO - [2024-12-07T19:37:38.765+0000] {dag.py:3340} INFO - Setting next_dagrun for example_time_delta_sensor_async to None, run_after=None
[2024-12-07T19:37:38.800+0000] {processor.py:176} INFO - Processing /home/airflow/.local/lib/python3.7/site-packages/airflow/example_dags/example_time_delta_sensor_async.py took 0.121 seconds
[2024-12-07T19:38:11.902+0000] {processor.py:154} INFO - Started process (PID=375) to work on /home/airflow/.local/lib/python3.7/site-packages/airflow/example_dags/example_time_delta_sensor_async.py
[2024-12-07T19:38:11.904+0000] {processor.py:756} INFO - Processing file /home/airflow/.local/lib/python3.7/site-packages/airflow/example_dags/example_time_delta_sensor_async.py for tasks to queue
[2024-12-07T19:38:11.916+0000] {logging_mixin.py:120} INFO - [2024-12-07T19:38:11.916+0000] {dagbag.py:537} INFO - Filling up the DagBag from /home/airflow/.local/lib/python3.7/site-packages/airflow/example_dags/example_time_delta_sensor_async.py
[2024-12-07T19:38:11.982+0000] {processor.py:766} INFO - DAG(s) dict_keys(['example_time_delta_sensor_async']) retrieved from /home/airflow/.local/lib/python3.7/site-packages/airflow/example_dags/example_time_delta_sensor_async.py
[2024-12-07T19:38:12.747+0000] {logging_mixin.py:120} INFO - [2024-12-07T19:38:12.747+0000] {dag.py:2585} INFO - Sync 1 DAGs
[2024-12-07T19:38:12.874+0000] {logging_mixin.py:120} INFO - [2024-12-07T19:38:12.872+0000] {dag.py:3340} INFO - Setting next_dagrun for example_time_delta_sensor_async to None, run_after=None
[2024-12-07T19:38:13.003+0000] {processor.py:176} INFO - Processing /home/airflow/.local/lib/python3.7/site-packages/airflow/example_dags/example_time_delta_sensor_async.py took 1.106 seconds
[2024-12-07T19:38:43.871+0000] {processor.py:154} INFO - Started process (PID=440) to work on /home/airflow/.local/lib/python3.7/site-packages/airflow/example_dags/example_time_delta_sensor_async.py
[2024-12-07T19:38:43.873+0000] {processor.py:756} INFO - Processing file /home/airflow/.local/lib/python3.7/site-packages/airflow/example_dags/example_time_delta_sensor_async.py for tasks to queue
[2024-12-07T19:38:43.875+0000] {logging_mixin.py:120} INFO - [2024-12-07T19:38:43.875+0000] {dagbag.py:537} INFO - Filling up the DagBag from /home/airflow/.local/lib/python3.7/site-packages/airflow/example_dags/example_time_delta_sensor_async.py
[2024-12-07T19:38:43.900+0000] {processor.py:766} INFO - DAG(s) dict_keys(['example_time_delta_sensor_async']) retrieved from /home/airflow/.local/lib/python3.7/site-packages/airflow/example_dags/example_time_delta_sensor_async.py
[2024-12-07T19:38:44.094+0000] {logging_mixin.py:120} INFO - [2024-12-07T19:38:44.093+0000] {dag.py:2585} INFO - Sync 1 DAGs
[2024-12-07T19:38:44.118+0000] {logging_mixin.py:120} INFO - [2024-12-07T19:38:44.118+0000] {dag.py:3340} INFO - Setting next_dagrun for example_time_delta_sensor_async to None, run_after=None
[2024-12-07T19:38:44.143+0000] {processor.py:176} INFO - Processing /home/airflow/.local/lib/python3.7/site-packages/airflow/example_dags/example_time_delta_sensor_async.py took 0.277 seconds
[2024-12-07T19:39:14.234+0000] {processor.py:154} INFO - Started process (PID=504) to work on /home/airflow/.local/lib/python3.7/site-packages/airflow/example_dags/example_time_delta_sensor_async.py
[2024-12-07T19:39:14.235+0000] {processor.py:756} INFO - Processing file /home/airflow/.local/lib/python3.7/site-packages/airflow/example_dags/example_time_delta_sensor_async.py for tasks to queue
[2024-12-07T19:39:14.236+0000] {logging_mixin.py:120} INFO - [2024-12-07T19:39:14.236+0000] {dagbag.py:537} INFO - Filling up the DagBag from /home/airflow/.local/lib/python3.7/site-packages/airflow/example_dags/example_time_delta_sensor_async.py
[2024-12-07T19:39:14.248+0000] {processor.py:766} INFO - DAG(s) dict_keys(['example_time_delta_sensor_async']) retrieved from /home/airflow/.local/lib/python3.7/site-packages/airflow/example_dags/example_time_delta_sensor_async.py
[2024-12-07T19:39:14.430+0000] {logging_mixin.py:120} INFO - [2024-12-07T19:39:14.429+0000] {dag.py:2585} INFO - Sync 1 DAGs
[2024-12-07T19:39:14.454+0000] {logging_mixin.py:120} INFO - [2024-12-07T19:39:14.454+0000] {dag.py:3340} INFO - Setting next_dagrun for example_time_delta_sensor_async to None, run_after=None
[2024-12-07T19:39:14.480+0000] {processor.py:176} INFO - Processing /home/airflow/.local/lib/python3.7/site-packages/airflow/example_dags/example_time_delta_sensor_async.py took 0.249 seconds
[2024-12-07T19:39:44.749+0000] {processor.py:154} INFO - Started process (PID=559) to work on /home/airflow/.local/lib/python3.7/site-packages/airflow/example_dags/example_time_delta_sensor_async.py
[2024-12-07T19:39:44.750+0000] {processor.py:756} INFO - Processing file /home/airflow/.local/lib/python3.7/site-packages/airflow/example_dags/example_time_delta_sensor_async.py for tasks to queue
[2024-12-07T19:39:44.752+0000] {logging_mixin.py:120} INFO - [2024-12-07T19:39:44.752+0000] {dagbag.py:537} INFO - Filling up the DagBag from /home/airflow/.local/lib/python3.7/site-packages/airflow/example_dags/example_time_delta_sensor_async.py
[2024-12-07T19:39:44.770+0000] {processor.py:766} INFO - DAG(s) dict_keys(['example_time_delta_sensor_async']) retrieved from /home/airflow/.local/lib/python3.7/site-packages/airflow/example_dags/example_time_delta_sensor_async.py
[2024-12-07T19:39:44.989+0000] {logging_mixin.py:120} INFO - [2024-12-07T19:39:44.989+0000] {dag.py:2585} INFO - Sync 1 DAGs
[2024-12-07T19:39:45.042+0000] {logging_mixin.py:120} INFO - [2024-12-07T19:39:45.042+0000] {dag.py:3340} INFO - Setting next_dagrun for example_time_delta_sensor_async to None, run_after=None
[2024-12-07T19:39:45.076+0000] {processor.py:176} INFO - Processing /home/airflow/.local/lib/python3.7/site-packages/airflow/example_dags/example_time_delta_sensor_async.py took 0.332 seconds
[2024-12-07T19:40:15.133+0000] {processor.py:154} INFO - Started process (PID=624) to work on /home/airflow/.local/lib/python3.7/site-packages/airflow/example_dags/example_time_delta_sensor_async.py
[2024-12-07T19:40:15.134+0000] {processor.py:756} INFO - Processing file /home/airflow/.local/lib/python3.7/site-packages/airflow/example_dags/example_time_delta_sensor_async.py for tasks to queue
[2024-12-07T19:40:15.135+0000] {logging_mixin.py:120} INFO - [2024-12-07T19:40:15.135+0000] {dagbag.py:537} INFO - Filling up the DagBag from /home/airflow/.local/lib/python3.7/site-packages/airflow/example_dags/example_time_delta_sensor_async.py
[2024-12-07T19:40:15.148+0000] {processor.py:766} INFO - DAG(s) dict_keys(['example_time_delta_sensor_async']) retrieved from /home/airflow/.local/lib/python3.7/site-packages/airflow/example_dags/example_time_delta_sensor_async.py
[2024-12-07T19:40:15.351+0000] {logging_mixin.py:120} INFO - [2024-12-07T19:40:15.351+0000] {dag.py:2585} INFO - Sync 1 DAGs
[2024-12-07T19:40:15.376+0000] {logging_mixin.py:120} INFO - [2024-12-07T19:40:15.376+0000] {dag.py:3340} INFO - Setting next_dagrun for example_time_delta_sensor_async to None, run_after=None
[2024-12-07T19:40:15.398+0000] {processor.py:176} INFO - Processing /home/airflow/.local/lib/python3.7/site-packages/airflow/example_dags/example_time_delta_sensor_async.py took 0.269 seconds
[2024-12-07T19:40:45.549+0000] {processor.py:154} INFO - Started process (PID=689) to work on /home/airflow/.local/lib/python3.7/site-packages/airflow/example_dags/example_time_delta_sensor_async.py
[2024-12-07T19:40:45.551+0000] {processor.py:756} INFO - Processing file /home/airflow/.local/lib/python3.7/site-packages/airflow/example_dags/example_time_delta_sensor_async.py for tasks to queue
[2024-12-07T19:40:45.552+0000] {logging_mixin.py:120} INFO - [2024-12-07T19:40:45.552+0000] {dagbag.py:537} INFO - Filling up the DagBag from /home/airflow/.local/lib/python3.7/site-packages/airflow/example_dags/example_time_delta_sensor_async.py
[2024-12-07T19:40:45.568+0000] {processor.py:766} INFO - DAG(s) dict_keys(['example_time_delta_sensor_async']) retrieved from /home/airflow/.local/lib/python3.7/site-packages/airflow/example_dags/example_time_delta_sensor_async.py
[2024-12-07T19:40:45.778+0000] {logging_mixin.py:120} INFO - [2024-12-07T19:40:45.778+0000] {dag.py:2585} INFO - Sync 1 DAGs
[2024-12-07T19:40:45.801+0000] {logging_mixin.py:120} INFO - [2024-12-07T19:40:45.800+0000] {dag.py:3340} INFO - Setting next_dagrun for example_time_delta_sensor_async to None, run_after=None
[2024-12-07T19:40:45.823+0000] {processor.py:176} INFO - Processing /home/airflow/.local/lib/python3.7/site-packages/airflow/example_dags/example_time_delta_sensor_async.py took 0.277 seconds
