[2024-12-07T19:35:39.296+0000] {processor.py:154} INFO - Started process (PID=80) to work on /home/airflow/.local/lib/python3.7/site-packages/airflow/example_dags/example_bash_operator.py
[2024-12-07T19:35:39.297+0000] {processor.py:756} INFO - Processing file /home/airflow/.local/lib/python3.7/site-packages/airflow/example_dags/example_bash_operator.py for tasks to queue
[2024-12-07T19:35:39.299+0000] {logging_mixin.py:120} INFO - [2024-12-07T19:35:39.299+0000] {dagbag.py:537} INFO - Filling up the DagBag from /home/airflow/.local/lib/python3.7/site-packages/airflow/example_dags/example_bash_operator.py
[2024-12-07T19:35:39.347+0000] {processor.py:766} INFO - DAG(s) dict_keys(['example_bash_operator']) retrieved from /home/airflow/.local/lib/python3.7/site-packages/airflow/example_dags/example_bash_operator.py
[2024-12-07T19:35:39.576+0000] {logging_mixin.py:120} INFO - [2024-12-07T19:35:39.576+0000] {dag.py:2585} INFO - Sync 1 DAGs
[2024-12-07T19:35:39.621+0000] {logging_mixin.py:120} INFO - [2024-12-07T19:35:39.621+0000] {dag.py:3340} INFO - Setting next_dagrun for example_bash_operator to 2024-12-06T00:00:00+00:00, run_after=2024-12-07T00:00:00+00:00
[2024-12-07T19:35:39.687+0000] {processor.py:176} INFO - Processing /home/airflow/.local/lib/python3.7/site-packages/airflow/example_dags/example_bash_operator.py took 0.397 seconds
[2024-12-07T19:36:10.311+0000] {processor.py:154} INFO - Started process (PID=144) to work on /home/airflow/.local/lib/python3.7/site-packages/airflow/example_dags/example_bash_operator.py
[2024-12-07T19:36:10.313+0000] {processor.py:756} INFO - Processing file /home/airflow/.local/lib/python3.7/site-packages/airflow/example_dags/example_bash_operator.py for tasks to queue
[2024-12-07T19:36:10.315+0000] {logging_mixin.py:120} INFO - [2024-12-07T19:36:10.315+0000] {dagbag.py:537} INFO - Filling up the DagBag from /home/airflow/.local/lib/python3.7/site-packages/airflow/example_dags/example_bash_operator.py
[2024-12-07T19:36:10.341+0000] {processor.py:766} INFO - DAG(s) dict_keys(['example_bash_operator']) retrieved from /home/airflow/.local/lib/python3.7/site-packages/airflow/example_dags/example_bash_operator.py
[2024-12-07T19:36:10.417+0000] {logging_mixin.py:120} INFO - [2024-12-07T19:36:10.417+0000] {dag.py:2585} INFO - Sync 1 DAGs
[2024-12-07T19:36:10.493+0000] {logging_mixin.py:120} INFO - [2024-12-07T19:36:10.493+0000] {dag.py:3340} INFO - Setting next_dagrun for example_bash_operator to 2024-12-06T00:00:00+00:00, run_after=2024-12-07T00:00:00+00:00
[2024-12-07T19:36:10.547+0000] {processor.py:176} INFO - Processing /home/airflow/.local/lib/python3.7/site-packages/airflow/example_dags/example_bash_operator.py took 0.240 seconds
[2024-12-07T19:36:41.508+0000] {processor.py:154} INFO - Started process (PID=209) to work on /home/airflow/.local/lib/python3.7/site-packages/airflow/example_dags/example_bash_operator.py
[2024-12-07T19:36:41.510+0000] {processor.py:756} INFO - Processing file /home/airflow/.local/lib/python3.7/site-packages/airflow/example_dags/example_bash_operator.py for tasks to queue
[2024-12-07T19:36:41.511+0000] {logging_mixin.py:120} INFO - [2024-12-07T19:36:41.511+0000] {dagbag.py:537} INFO - Filling up the DagBag from /home/airflow/.local/lib/python3.7/site-packages/airflow/example_dags/example_bash_operator.py
[2024-12-07T19:36:41.538+0000] {processor.py:766} INFO - DAG(s) dict_keys(['example_bash_operator']) retrieved from /home/airflow/.local/lib/python3.7/site-packages/airflow/example_dags/example_bash_operator.py
[2024-12-07T19:36:41.607+0000] {logging_mixin.py:120} INFO - [2024-12-07T19:36:41.607+0000] {dag.py:2585} INFO - Sync 1 DAGs
[2024-12-07T19:36:41.639+0000] {logging_mixin.py:120} INFO - [2024-12-07T19:36:41.638+0000] {dag.py:3340} INFO - Setting next_dagrun for example_bash_operator to 2024-12-06T00:00:00+00:00, run_after=2024-12-07T00:00:00+00:00
[2024-12-07T19:36:41.674+0000] {processor.py:176} INFO - Processing /home/airflow/.local/lib/python3.7/site-packages/airflow/example_dags/example_bash_operator.py took 0.169 seconds
[2024-12-07T19:37:11.994+0000] {processor.py:154} INFO - Started process (PID=264) to work on /home/airflow/.local/lib/python3.7/site-packages/airflow/example_dags/example_bash_operator.py
[2024-12-07T19:37:11.996+0000] {processor.py:756} INFO - Processing file /home/airflow/.local/lib/python3.7/site-packages/airflow/example_dags/example_bash_operator.py for tasks to queue
[2024-12-07T19:37:11.998+0000] {logging_mixin.py:120} INFO - [2024-12-07T19:37:11.998+0000] {dagbag.py:537} INFO - Filling up the DagBag from /home/airflow/.local/lib/python3.7/site-packages/airflow/example_dags/example_bash_operator.py
[2024-12-07T19:37:12.059+0000] {processor.py:766} INFO - DAG(s) dict_keys(['example_bash_operator']) retrieved from /home/airflow/.local/lib/python3.7/site-packages/airflow/example_dags/example_bash_operator.py
[2024-12-07T19:37:12.151+0000] {logging_mixin.py:120} INFO - [2024-12-07T19:37:12.150+0000] {dag.py:2585} INFO - Sync 1 DAGs
[2024-12-07T19:37:12.183+0000] {logging_mixin.py:120} INFO - [2024-12-07T19:37:12.183+0000] {dag.py:3340} INFO - Setting next_dagrun for example_bash_operator to 2024-12-06T00:00:00+00:00, run_after=2024-12-07T00:00:00+00:00
[2024-12-07T19:37:12.215+0000] {processor.py:176} INFO - Processing /home/airflow/.local/lib/python3.7/site-packages/airflow/example_dags/example_bash_operator.py took 0.226 seconds
[2024-12-07T19:37:42.331+0000] {processor.py:154} INFO - Started process (PID=329) to work on /home/airflow/.local/lib/python3.7/site-packages/airflow/example_dags/example_bash_operator.py
[2024-12-07T19:37:42.332+0000] {processor.py:756} INFO - Processing file /home/airflow/.local/lib/python3.7/site-packages/airflow/example_dags/example_bash_operator.py for tasks to queue
[2024-12-07T19:37:42.334+0000] {logging_mixin.py:120} INFO - [2024-12-07T19:37:42.333+0000] {dagbag.py:537} INFO - Filling up the DagBag from /home/airflow/.local/lib/python3.7/site-packages/airflow/example_dags/example_bash_operator.py
[2024-12-07T19:37:42.366+0000] {processor.py:766} INFO - DAG(s) dict_keys(['example_bash_operator']) retrieved from /home/airflow/.local/lib/python3.7/site-packages/airflow/example_dags/example_bash_operator.py
[2024-12-07T19:37:42.411+0000] {logging_mixin.py:120} INFO - [2024-12-07T19:37:42.410+0000] {dag.py:2585} INFO - Sync 1 DAGs
[2024-12-07T19:37:42.450+0000] {logging_mixin.py:120} INFO - [2024-12-07T19:37:42.450+0000] {dag.py:3340} INFO - Setting next_dagrun for example_bash_operator to 2024-12-06T00:00:00+00:00, run_after=2024-12-07T00:00:00+00:00
[2024-12-07T19:37:42.476+0000] {processor.py:176} INFO - Processing /home/airflow/.local/lib/python3.7/site-packages/airflow/example_dags/example_bash_operator.py took 0.150 seconds
[2024-12-07T19:38:14.856+0000] {processor.py:154} INFO - Started process (PID=393) to work on /home/airflow/.local/lib/python3.7/site-packages/airflow/example_dags/example_bash_operator.py
[2024-12-07T19:38:14.858+0000] {processor.py:756} INFO - Processing file /home/airflow/.local/lib/python3.7/site-packages/airflow/example_dags/example_bash_operator.py for tasks to queue
[2024-12-07T19:38:14.861+0000] {logging_mixin.py:120} INFO - [2024-12-07T19:38:14.859+0000] {dagbag.py:537} INFO - Filling up the DagBag from /home/airflow/.local/lib/python3.7/site-packages/airflow/example_dags/example_bash_operator.py
[2024-12-07T19:38:14.933+0000] {processor.py:766} INFO - DAG(s) dict_keys(['example_bash_operator']) retrieved from /home/airflow/.local/lib/python3.7/site-packages/airflow/example_dags/example_bash_operator.py
[2024-12-07T19:38:15.048+0000] {logging_mixin.py:120} INFO - [2024-12-07T19:38:15.047+0000] {dag.py:2585} INFO - Sync 1 DAGs
[2024-12-07T19:38:15.086+0000] {logging_mixin.py:120} INFO - [2024-12-07T19:38:15.086+0000] {dag.py:3340} INFO - Setting next_dagrun for example_bash_operator to 2024-12-06T00:00:00+00:00, run_after=2024-12-07T00:00:00+00:00
[2024-12-07T19:38:15.151+0000] {processor.py:176} INFO - Processing /home/airflow/.local/lib/python3.7/site-packages/airflow/example_dags/example_bash_operator.py took 0.301 seconds
[2024-12-07T19:38:45.833+0000] {processor.py:154} INFO - Started process (PID=448) to work on /home/airflow/.local/lib/python3.7/site-packages/airflow/example_dags/example_bash_operator.py
[2024-12-07T19:38:45.835+0000] {processor.py:756} INFO - Processing file /home/airflow/.local/lib/python3.7/site-packages/airflow/example_dags/example_bash_operator.py for tasks to queue
[2024-12-07T19:38:45.836+0000] {logging_mixin.py:120} INFO - [2024-12-07T19:38:45.836+0000] {dagbag.py:537} INFO - Filling up the DagBag from /home/airflow/.local/lib/python3.7/site-packages/airflow/example_dags/example_bash_operator.py
[2024-12-07T19:38:45.854+0000] {processor.py:766} INFO - DAG(s) dict_keys(['example_bash_operator']) retrieved from /home/airflow/.local/lib/python3.7/site-packages/airflow/example_dags/example_bash_operator.py
[2024-12-07T19:38:45.901+0000] {logging_mixin.py:120} INFO - [2024-12-07T19:38:45.901+0000] {dag.py:2585} INFO - Sync 1 DAGs
[2024-12-07T19:38:45.924+0000] {logging_mixin.py:120} INFO - [2024-12-07T19:38:45.924+0000] {dag.py:3340} INFO - Setting next_dagrun for example_bash_operator to 2024-12-06T00:00:00+00:00, run_after=2024-12-07T00:00:00+00:00
[2024-12-07T19:38:45.953+0000] {processor.py:176} INFO - Processing /home/airflow/.local/lib/python3.7/site-packages/airflow/example_dags/example_bash_operator.py took 0.122 seconds
[2024-12-07T19:39:16.163+0000] {processor.py:154} INFO - Started process (PID=512) to work on /home/airflow/.local/lib/python3.7/site-packages/airflow/example_dags/example_bash_operator.py
[2024-12-07T19:39:16.165+0000] {processor.py:756} INFO - Processing file /home/airflow/.local/lib/python3.7/site-packages/airflow/example_dags/example_bash_operator.py for tasks to queue
[2024-12-07T19:39:16.166+0000] {logging_mixin.py:120} INFO - [2024-12-07T19:39:16.166+0000] {dagbag.py:537} INFO - Filling up the DagBag from /home/airflow/.local/lib/python3.7/site-packages/airflow/example_dags/example_bash_operator.py
[2024-12-07T19:39:16.186+0000] {processor.py:766} INFO - DAG(s) dict_keys(['example_bash_operator']) retrieved from /home/airflow/.local/lib/python3.7/site-packages/airflow/example_dags/example_bash_operator.py
[2024-12-07T19:39:16.227+0000] {logging_mixin.py:120} INFO - [2024-12-07T19:39:16.227+0000] {dag.py:2585} INFO - Sync 1 DAGs
[2024-12-07T19:39:16.254+0000] {logging_mixin.py:120} INFO - [2024-12-07T19:39:16.254+0000] {dag.py:3340} INFO - Setting next_dagrun for example_bash_operator to 2024-12-06T00:00:00+00:00, run_after=2024-12-07T00:00:00+00:00
[2024-12-07T19:39:16.279+0000] {processor.py:176} INFO - Processing /home/airflow/.local/lib/python3.7/site-packages/airflow/example_dags/example_bash_operator.py took 0.121 seconds
[2024-12-07T19:39:46.559+0000] {processor.py:154} INFO - Started process (PID=567) to work on /home/airflow/.local/lib/python3.7/site-packages/airflow/example_dags/example_bash_operator.py
[2024-12-07T19:39:46.560+0000] {processor.py:756} INFO - Processing file /home/airflow/.local/lib/python3.7/site-packages/airflow/example_dags/example_bash_operator.py for tasks to queue
[2024-12-07T19:39:46.561+0000] {logging_mixin.py:120} INFO - [2024-12-07T19:39:46.561+0000] {dagbag.py:537} INFO - Filling up the DagBag from /home/airflow/.local/lib/python3.7/site-packages/airflow/example_dags/example_bash_operator.py
[2024-12-07T19:39:46.580+0000] {processor.py:766} INFO - DAG(s) dict_keys(['example_bash_operator']) retrieved from /home/airflow/.local/lib/python3.7/site-packages/airflow/example_dags/example_bash_operator.py
[2024-12-07T19:39:46.621+0000] {logging_mixin.py:120} INFO - [2024-12-07T19:39:46.620+0000] {dag.py:2585} INFO - Sync 1 DAGs
[2024-12-07T19:39:46.644+0000] {logging_mixin.py:120} INFO - [2024-12-07T19:39:46.644+0000] {dag.py:3340} INFO - Setting next_dagrun for example_bash_operator to 2024-12-06T00:00:00+00:00, run_after=2024-12-07T00:00:00+00:00
[2024-12-07T19:39:46.670+0000] {processor.py:176} INFO - Processing /home/airflow/.local/lib/python3.7/site-packages/airflow/example_dags/example_bash_operator.py took 0.114 seconds
[2024-12-07T19:40:16.788+0000] {processor.py:154} INFO - Started process (PID=631) to work on /home/airflow/.local/lib/python3.7/site-packages/airflow/example_dags/example_bash_operator.py
[2024-12-07T19:40:16.789+0000] {processor.py:756} INFO - Processing file /home/airflow/.local/lib/python3.7/site-packages/airflow/example_dags/example_bash_operator.py for tasks to queue
[2024-12-07T19:40:16.790+0000] {logging_mixin.py:120} INFO - [2024-12-07T19:40:16.790+0000] {dagbag.py:537} INFO - Filling up the DagBag from /home/airflow/.local/lib/python3.7/site-packages/airflow/example_dags/example_bash_operator.py
[2024-12-07T19:40:16.810+0000] {processor.py:766} INFO - DAG(s) dict_keys(['example_bash_operator']) retrieved from /home/airflow/.local/lib/python3.7/site-packages/airflow/example_dags/example_bash_operator.py
[2024-12-07T19:40:16.853+0000] {logging_mixin.py:120} INFO - [2024-12-07T19:40:16.853+0000] {dag.py:2585} INFO - Sync 1 DAGs
[2024-12-07T19:40:16.880+0000] {logging_mixin.py:120} INFO - [2024-12-07T19:40:16.880+0000] {dag.py:3340} INFO - Setting next_dagrun for example_bash_operator to 2024-12-06T00:00:00+00:00, run_after=2024-12-07T00:00:00+00:00
[2024-12-07T19:40:16.902+0000] {processor.py:176} INFO - Processing /home/airflow/.local/lib/python3.7/site-packages/airflow/example_dags/example_bash_operator.py took 0.117 seconds
[2024-12-07T19:40:47.235+0000] {processor.py:154} INFO - Started process (PID=695) to work on /home/airflow/.local/lib/python3.7/site-packages/airflow/example_dags/example_bash_operator.py
[2024-12-07T19:40:47.237+0000] {processor.py:756} INFO - Processing file /home/airflow/.local/lib/python3.7/site-packages/airflow/example_dags/example_bash_operator.py for tasks to queue
[2024-12-07T19:40:47.239+0000] {logging_mixin.py:120} INFO - [2024-12-07T19:40:47.239+0000] {dagbag.py:537} INFO - Filling up the DagBag from /home/airflow/.local/lib/python3.7/site-packages/airflow/example_dags/example_bash_operator.py
[2024-12-07T19:40:47.268+0000] {processor.py:766} INFO - DAG(s) dict_keys(['example_bash_operator']) retrieved from /home/airflow/.local/lib/python3.7/site-packages/airflow/example_dags/example_bash_operator.py
[2024-12-07T19:40:47.320+0000] {logging_mixin.py:120} INFO - [2024-12-07T19:40:47.320+0000] {dag.py:2585} INFO - Sync 1 DAGs
[2024-12-07T19:40:47.370+0000] {logging_mixin.py:120} INFO - [2024-12-07T19:40:47.369+0000] {dag.py:3340} INFO - Setting next_dagrun for example_bash_operator to 2024-12-06T00:00:00+00:00, run_after=2024-12-07T00:00:00+00:00
[2024-12-07T19:40:47.411+0000] {processor.py:176} INFO - Processing /home/airflow/.local/lib/python3.7/site-packages/airflow/example_dags/example_bash_operator.py took 0.183 seconds
