[2024-12-07T19:35:34.269+0000] {processor.py:154} INFO - Started process (PID=60) to work on /home/airflow/.local/lib/python3.7/site-packages/airflow/example_dags/example_branch_operator_decorator.py
[2024-12-07T19:35:34.270+0000] {processor.py:756} INFO - Processing file /home/airflow/.local/lib/python3.7/site-packages/airflow/example_dags/example_branch_operator_decorator.py for tasks to queue
[2024-12-07T19:35:34.272+0000] {logging_mixin.py:120} INFO - [2024-12-07T19:35:34.272+0000] {dagbag.py:537} INFO - Filling up the DagBag from /home/airflow/.local/lib/python3.7/site-packages/airflow/example_dags/example_branch_operator_decorator.py
[2024-12-07T19:35:34.324+0000] {processor.py:766} INFO - DAG(s) dict_keys(['example_branch_python_operator_decorator']) retrieved from /home/airflow/.local/lib/python3.7/site-packages/airflow/example_dags/example_branch_operator_decorator.py
[2024-12-07T19:35:34.477+0000] {logging_mixin.py:120} INFO - [2024-12-07T19:35:34.477+0000] {dag.py:2585} INFO - Sync 1 DAGs
[2024-12-07T19:35:34.543+0000] {logging_mixin.py:120} INFO - [2024-12-07T19:35:34.542+0000] {dag.py:3340} INFO - Setting next_dagrun for example_branch_python_operator_decorator to 2024-12-06T00:00:00+00:00, run_after=2024-12-07T00:00:00+00:00
[2024-12-07T19:35:34.591+0000] {processor.py:176} INFO - Processing /home/airflow/.local/lib/python3.7/site-packages/airflow/example_dags/example_branch_operator_decorator.py took 0.326 seconds
[2024-12-07T19:36:04.791+0000] {processor.py:154} INFO - Started process (PID=115) to work on /home/airflow/.local/lib/python3.7/site-packages/airflow/example_dags/example_branch_operator_decorator.py
[2024-12-07T19:36:04.793+0000] {processor.py:756} INFO - Processing file /home/airflow/.local/lib/python3.7/site-packages/airflow/example_dags/example_branch_operator_decorator.py for tasks to queue
[2024-12-07T19:36:04.794+0000] {logging_mixin.py:120} INFO - [2024-12-07T19:36:04.794+0000] {dagbag.py:537} INFO - Filling up the DagBag from /home/airflow/.local/lib/python3.7/site-packages/airflow/example_dags/example_branch_operator_decorator.py
[2024-12-07T19:36:04.843+0000] {processor.py:766} INFO - DAG(s) dict_keys(['example_branch_python_operator_decorator']) retrieved from /home/airflow/.local/lib/python3.7/site-packages/airflow/example_dags/example_branch_operator_decorator.py
[2024-12-07T19:36:04.894+0000] {logging_mixin.py:120} INFO - [2024-12-07T19:36:04.894+0000] {dag.py:2585} INFO - Sync 1 DAGs
[2024-12-07T19:36:04.922+0000] {logging_mixin.py:120} INFO - [2024-12-07T19:36:04.921+0000] {dag.py:3340} INFO - Setting next_dagrun for example_branch_python_operator_decorator to 2024-12-06T00:00:00+00:00, run_after=2024-12-07T00:00:00+00:00
[2024-12-07T19:36:04.942+0000] {processor.py:176} INFO - Processing /home/airflow/.local/lib/python3.7/site-packages/airflow/example_dags/example_branch_operator_decorator.py took 0.155 seconds
[2024-12-07T19:36:35.317+0000] {processor.py:154} INFO - Started process (PID=180) to work on /home/airflow/.local/lib/python3.7/site-packages/airflow/example_dags/example_branch_operator_decorator.py
[2024-12-07T19:36:35.318+0000] {processor.py:756} INFO - Processing file /home/airflow/.local/lib/python3.7/site-packages/airflow/example_dags/example_branch_operator_decorator.py for tasks to queue
[2024-12-07T19:36:35.319+0000] {logging_mixin.py:120} INFO - [2024-12-07T19:36:35.318+0000] {dagbag.py:537} INFO - Filling up the DagBag from /home/airflow/.local/lib/python3.7/site-packages/airflow/example_dags/example_branch_operator_decorator.py
[2024-12-07T19:36:35.342+0000] {processor.py:766} INFO - DAG(s) dict_keys(['example_branch_python_operator_decorator']) retrieved from /home/airflow/.local/lib/python3.7/site-packages/airflow/example_dags/example_branch_operator_decorator.py
[2024-12-07T19:36:35.393+0000] {logging_mixin.py:120} INFO - [2024-12-07T19:36:35.393+0000] {dag.py:2585} INFO - Sync 1 DAGs
[2024-12-07T19:36:35.432+0000] {logging_mixin.py:120} INFO - [2024-12-07T19:36:35.432+0000] {dag.py:3340} INFO - Setting next_dagrun for example_branch_python_operator_decorator to 2024-12-06T00:00:00+00:00, run_after=2024-12-07T00:00:00+00:00
[2024-12-07T19:36:35.465+0000] {processor.py:176} INFO - Processing /home/airflow/.local/lib/python3.7/site-packages/airflow/example_dags/example_branch_operator_decorator.py took 0.150 seconds
[2024-12-07T19:37:06.147+0000] {processor.py:154} INFO - Started process (PID=244) to work on /home/airflow/.local/lib/python3.7/site-packages/airflow/example_dags/example_branch_operator_decorator.py
[2024-12-07T19:37:06.148+0000] {processor.py:756} INFO - Processing file /home/airflow/.local/lib/python3.7/site-packages/airflow/example_dags/example_branch_operator_decorator.py for tasks to queue
[2024-12-07T19:37:06.149+0000] {logging_mixin.py:120} INFO - [2024-12-07T19:37:06.149+0000] {dagbag.py:537} INFO - Filling up the DagBag from /home/airflow/.local/lib/python3.7/site-packages/airflow/example_dags/example_branch_operator_decorator.py
[2024-12-07T19:37:06.177+0000] {processor.py:766} INFO - DAG(s) dict_keys(['example_branch_python_operator_decorator']) retrieved from /home/airflow/.local/lib/python3.7/site-packages/airflow/example_dags/example_branch_operator_decorator.py
[2024-12-07T19:37:06.223+0000] {logging_mixin.py:120} INFO - [2024-12-07T19:37:06.222+0000] {dag.py:2585} INFO - Sync 1 DAGs
[2024-12-07T19:37:06.247+0000] {logging_mixin.py:120} INFO - [2024-12-07T19:37:06.246+0000] {dag.py:3340} INFO - Setting next_dagrun for example_branch_python_operator_decorator to 2024-12-06T00:00:00+00:00, run_after=2024-12-07T00:00:00+00:00
[2024-12-07T19:37:06.269+0000] {processor.py:176} INFO - Processing /home/airflow/.local/lib/python3.7/site-packages/airflow/example_dags/example_branch_operator_decorator.py took 0.126 seconds
[2024-12-07T19:37:36.495+0000] {processor.py:154} INFO - Started process (PID=299) to work on /home/airflow/.local/lib/python3.7/site-packages/airflow/example_dags/example_branch_operator_decorator.py
[2024-12-07T19:37:36.497+0000] {processor.py:756} INFO - Processing file /home/airflow/.local/lib/python3.7/site-packages/airflow/example_dags/example_branch_operator_decorator.py for tasks to queue
[2024-12-07T19:37:36.498+0000] {logging_mixin.py:120} INFO - [2024-12-07T19:37:36.498+0000] {dagbag.py:537} INFO - Filling up the DagBag from /home/airflow/.local/lib/python3.7/site-packages/airflow/example_dags/example_branch_operator_decorator.py
[2024-12-07T19:37:36.528+0000] {processor.py:766} INFO - DAG(s) dict_keys(['example_branch_python_operator_decorator']) retrieved from /home/airflow/.local/lib/python3.7/site-packages/airflow/example_dags/example_branch_operator_decorator.py
[2024-12-07T19:37:36.556+0000] {logging_mixin.py:120} INFO - [2024-12-07T19:37:36.556+0000] {dag.py:2585} INFO - Sync 1 DAGs
[2024-12-07T19:37:36.585+0000] {logging_mixin.py:120} INFO - [2024-12-07T19:37:36.585+0000] {dag.py:3340} INFO - Setting next_dagrun for example_branch_python_operator_decorator to 2024-12-06T00:00:00+00:00, run_after=2024-12-07T00:00:00+00:00
[2024-12-07T19:37:36.622+0000] {processor.py:176} INFO - Processing /home/airflow/.local/lib/python3.7/site-packages/airflow/example_dags/example_branch_operator_decorator.py took 0.133 seconds
[2024-12-07T19:38:09.265+0000] {processor.py:154} INFO - Started process (PID=364) to work on /home/airflow/.local/lib/python3.7/site-packages/airflow/example_dags/example_branch_operator_decorator.py
[2024-12-07T19:38:09.268+0000] {processor.py:756} INFO - Processing file /home/airflow/.local/lib/python3.7/site-packages/airflow/example_dags/example_branch_operator_decorator.py for tasks to queue
[2024-12-07T19:38:09.271+0000] {logging_mixin.py:120} INFO - [2024-12-07T19:38:09.271+0000] {dagbag.py:537} INFO - Filling up the DagBag from /home/airflow/.local/lib/python3.7/site-packages/airflow/example_dags/example_branch_operator_decorator.py
[2024-12-07T19:38:09.366+0000] {processor.py:766} INFO - DAG(s) dict_keys(['example_branch_python_operator_decorator']) retrieved from /home/airflow/.local/lib/python3.7/site-packages/airflow/example_dags/example_branch_operator_decorator.py
[2024-12-07T19:38:09.484+0000] {logging_mixin.py:120} INFO - [2024-12-07T19:38:09.484+0000] {dag.py:2585} INFO - Sync 1 DAGs
[2024-12-07T19:38:09.548+0000] {logging_mixin.py:120} INFO - [2024-12-07T19:38:09.546+0000] {dag.py:3340} INFO - Setting next_dagrun for example_branch_python_operator_decorator to 2024-12-06T00:00:00+00:00, run_after=2024-12-07T00:00:00+00:00
[2024-12-07T19:38:09.615+0000] {processor.py:176} INFO - Processing /home/airflow/.local/lib/python3.7/site-packages/airflow/example_dags/example_branch_operator_decorator.py took 0.359 seconds
[2024-12-07T19:38:40.386+0000] {processor.py:154} INFO - Started process (PID=428) to work on /home/airflow/.local/lib/python3.7/site-packages/airflow/example_dags/example_branch_operator_decorator.py
[2024-12-07T19:38:40.387+0000] {processor.py:756} INFO - Processing file /home/airflow/.local/lib/python3.7/site-packages/airflow/example_dags/example_branch_operator_decorator.py for tasks to queue
[2024-12-07T19:38:40.389+0000] {logging_mixin.py:120} INFO - [2024-12-07T19:38:40.388+0000] {dagbag.py:537} INFO - Filling up the DagBag from /home/airflow/.local/lib/python3.7/site-packages/airflow/example_dags/example_branch_operator_decorator.py
[2024-12-07T19:38:40.439+0000] {processor.py:766} INFO - DAG(s) dict_keys(['example_branch_python_operator_decorator']) retrieved from /home/airflow/.local/lib/python3.7/site-packages/airflow/example_dags/example_branch_operator_decorator.py
[2024-12-07T19:38:40.557+0000] {logging_mixin.py:120} INFO - [2024-12-07T19:38:40.557+0000] {dag.py:2585} INFO - Sync 1 DAGs
[2024-12-07T19:38:40.625+0000] {logging_mixin.py:120} INFO - [2024-12-07T19:38:40.624+0000] {dag.py:3340} INFO - Setting next_dagrun for example_branch_python_operator_decorator to 2024-12-06T00:00:00+00:00, run_after=2024-12-07T00:00:00+00:00
[2024-12-07T19:38:40.675+0000] {processor.py:176} INFO - Processing /home/airflow/.local/lib/python3.7/site-packages/airflow/example_dags/example_branch_operator_decorator.py took 0.294 seconds
[2024-12-07T19:39:11.175+0000] {processor.py:154} INFO - Started process (PID=483) to work on /home/airflow/.local/lib/python3.7/site-packages/airflow/example_dags/example_branch_operator_decorator.py
[2024-12-07T19:39:11.176+0000] {processor.py:756} INFO - Processing file /home/airflow/.local/lib/python3.7/site-packages/airflow/example_dags/example_branch_operator_decorator.py for tasks to queue
[2024-12-07T19:39:11.178+0000] {logging_mixin.py:120} INFO - [2024-12-07T19:39:11.177+0000] {dagbag.py:537} INFO - Filling up the DagBag from /home/airflow/.local/lib/python3.7/site-packages/airflow/example_dags/example_branch_operator_decorator.py
[2024-12-07T19:39:11.199+0000] {processor.py:766} INFO - DAG(s) dict_keys(['example_branch_python_operator_decorator']) retrieved from /home/airflow/.local/lib/python3.7/site-packages/airflow/example_dags/example_branch_operator_decorator.py
[2024-12-07T19:39:11.238+0000] {logging_mixin.py:120} INFO - [2024-12-07T19:39:11.238+0000] {dag.py:2585} INFO - Sync 1 DAGs
[2024-12-07T19:39:11.263+0000] {logging_mixin.py:120} INFO - [2024-12-07T19:39:11.262+0000] {dag.py:3340} INFO - Setting next_dagrun for example_branch_python_operator_decorator to 2024-12-06T00:00:00+00:00, run_after=2024-12-07T00:00:00+00:00
[2024-12-07T19:39:11.287+0000] {processor.py:176} INFO - Processing /home/airflow/.local/lib/python3.7/site-packages/airflow/example_dags/example_branch_operator_decorator.py took 0.115 seconds
[2024-12-07T19:39:41.640+0000] {processor.py:154} INFO - Started process (PID=547) to work on /home/airflow/.local/lib/python3.7/site-packages/airflow/example_dags/example_branch_operator_decorator.py
[2024-12-07T19:39:41.641+0000] {processor.py:756} INFO - Processing file /home/airflow/.local/lib/python3.7/site-packages/airflow/example_dags/example_branch_operator_decorator.py for tasks to queue
[2024-12-07T19:39:41.642+0000] {logging_mixin.py:120} INFO - [2024-12-07T19:39:41.642+0000] {dagbag.py:537} INFO - Filling up the DagBag from /home/airflow/.local/lib/python3.7/site-packages/airflow/example_dags/example_branch_operator_decorator.py
[2024-12-07T19:39:41.665+0000] {processor.py:766} INFO - DAG(s) dict_keys(['example_branch_python_operator_decorator']) retrieved from /home/airflow/.local/lib/python3.7/site-packages/airflow/example_dags/example_branch_operator_decorator.py
[2024-12-07T19:39:41.703+0000] {logging_mixin.py:120} INFO - [2024-12-07T19:39:41.702+0000] {dag.py:2585} INFO - Sync 1 DAGs
[2024-12-07T19:39:41.727+0000] {logging_mixin.py:120} INFO - [2024-12-07T19:39:41.727+0000] {dag.py:3340} INFO - Setting next_dagrun for example_branch_python_operator_decorator to 2024-12-06T00:00:00+00:00, run_after=2024-12-07T00:00:00+00:00
[2024-12-07T19:39:41.751+0000] {processor.py:176} INFO - Processing /home/airflow/.local/lib/python3.7/site-packages/airflow/example_dags/example_branch_operator_decorator.py took 0.114 seconds
[2024-12-07T19:40:11.899+0000] {processor.py:154} INFO - Started process (PID=611) to work on /home/airflow/.local/lib/python3.7/site-packages/airflow/example_dags/example_branch_operator_decorator.py
[2024-12-07T19:40:11.901+0000] {processor.py:756} INFO - Processing file /home/airflow/.local/lib/python3.7/site-packages/airflow/example_dags/example_branch_operator_decorator.py for tasks to queue
[2024-12-07T19:40:11.902+0000] {logging_mixin.py:120} INFO - [2024-12-07T19:40:11.902+0000] {dagbag.py:537} INFO - Filling up the DagBag from /home/airflow/.local/lib/python3.7/site-packages/airflow/example_dags/example_branch_operator_decorator.py
[2024-12-07T19:40:11.929+0000] {processor.py:766} INFO - DAG(s) dict_keys(['example_branch_python_operator_decorator']) retrieved from /home/airflow/.local/lib/python3.7/site-packages/airflow/example_dags/example_branch_operator_decorator.py
[2024-12-07T19:40:11.976+0000] {logging_mixin.py:120} INFO - [2024-12-07T19:40:11.976+0000] {dag.py:2585} INFO - Sync 1 DAGs
[2024-12-07T19:40:12.010+0000] {logging_mixin.py:120} INFO - [2024-12-07T19:40:12.010+0000] {dag.py:3340} INFO - Setting next_dagrun for example_branch_python_operator_decorator to 2024-12-06T00:00:00+00:00, run_after=2024-12-07T00:00:00+00:00
[2024-12-07T19:40:12.032+0000] {processor.py:176} INFO - Processing /home/airflow/.local/lib/python3.7/site-packages/airflow/example_dags/example_branch_operator_decorator.py took 0.136 seconds
[2024-12-07T19:40:42.126+0000] {processor.py:154} INFO - Started process (PID=665) to work on /home/airflow/.local/lib/python3.7/site-packages/airflow/example_dags/example_branch_operator_decorator.py
[2024-12-07T19:40:42.127+0000] {processor.py:756} INFO - Processing file /home/airflow/.local/lib/python3.7/site-packages/airflow/example_dags/example_branch_operator_decorator.py for tasks to queue
[2024-12-07T19:40:42.128+0000] {logging_mixin.py:120} INFO - [2024-12-07T19:40:42.128+0000] {dagbag.py:537} INFO - Filling up the DagBag from /home/airflow/.local/lib/python3.7/site-packages/airflow/example_dags/example_branch_operator_decorator.py
[2024-12-07T19:40:42.146+0000] {processor.py:766} INFO - DAG(s) dict_keys(['example_branch_python_operator_decorator']) retrieved from /home/airflow/.local/lib/python3.7/site-packages/airflow/example_dags/example_branch_operator_decorator.py
[2024-12-07T19:40:42.183+0000] {logging_mixin.py:120} INFO - [2024-12-07T19:40:42.183+0000] {dag.py:2585} INFO - Sync 1 DAGs
[2024-12-07T19:40:42.214+0000] {logging_mixin.py:120} INFO - [2024-12-07T19:40:42.214+0000] {dag.py:3340} INFO - Setting next_dagrun for example_branch_python_operator_decorator to 2024-12-06T00:00:00+00:00, run_after=2024-12-07T00:00:00+00:00
[2024-12-07T19:40:42.247+0000] {processor.py:176} INFO - Processing /home/airflow/.local/lib/python3.7/site-packages/airflow/example_dags/example_branch_operator_decorator.py took 0.123 seconds
[2024-12-07T19:41:13.086+0000] {processor.py:154} INFO - Started process (PID=728) to work on /home/airflow/.local/lib/python3.7/site-packages/airflow/example_dags/example_branch_operator_decorator.py
[2024-12-07T19:41:13.088+0000] {processor.py:756} INFO - Processing file /home/airflow/.local/lib/python3.7/site-packages/airflow/example_dags/example_branch_operator_decorator.py for tasks to queue
[2024-12-07T19:41:13.089+0000] {logging_mixin.py:120} INFO - [2024-12-07T19:41:13.089+0000] {dagbag.py:537} INFO - Filling up the DagBag from /home/airflow/.local/lib/python3.7/site-packages/airflow/example_dags/example_branch_operator_decorator.py
[2024-12-07T19:41:13.140+0000] {processor.py:766} INFO - DAG(s) dict_keys(['example_branch_python_operator_decorator']) retrieved from /home/airflow/.local/lib/python3.7/site-packages/airflow/example_dags/example_branch_operator_decorator.py
[2024-12-07T19:41:13.225+0000] {logging_mixin.py:120} INFO - [2024-12-07T19:41:13.222+0000] {dag.py:2585} INFO - Sync 1 DAGs
[2024-12-07T19:41:13.262+0000] {logging_mixin.py:120} INFO - [2024-12-07T19:41:13.262+0000] {dag.py:3340} INFO - Setting next_dagrun for example_branch_python_operator_decorator to 2024-12-06T00:00:00+00:00, run_after=2024-12-07T00:00:00+00:00
[2024-12-07T19:41:13.298+0000] {processor.py:176} INFO - Processing /home/airflow/.local/lib/python3.7/site-packages/airflow/example_dags/example_branch_operator_decorator.py took 0.217 seconds
