[2024-12-07T19:35:35.536+0000] {processor.py:154} INFO - Started process (PID=68) to work on /home/airflow/.local/lib/python3.7/site-packages/airflow/example_dags/example_external_task_marker_dag.py
[2024-12-07T19:35:35.540+0000] {processor.py:756} INFO - Processing file /home/airflow/.local/lib/python3.7/site-packages/airflow/example_dags/example_external_task_marker_dag.py for tasks to queue
[2024-12-07T19:35:35.549+0000] {logging_mixin.py:120} INFO - [2024-12-07T19:35:35.548+0000] {dagbag.py:537} INFO - Filling up the DagBag from /home/airflow/.local/lib/python3.7/site-packages/airflow/example_dags/example_external_task_marker_dag.py
[2024-12-07T19:35:35.590+0000] {processor.py:766} INFO - DAG(s) dict_keys(['example_external_task_marker_parent', 'example_external_task_marker_child']) retrieved from /home/airflow/.local/lib/python3.7/site-packages/airflow/example_dags/example_external_task_marker_dag.py
[2024-12-07T19:35:36.173+0000] {logging_mixin.py:120} INFO - [2024-12-07T19:35:36.172+0000] {dag.py:2585} INFO - Sync 2 DAGs
[2024-12-07T19:35:36.222+0000] {logging_mixin.py:120} INFO - [2024-12-07T19:35:36.222+0000] {dag.py:3340} INFO - Setting next_dagrun for example_external_task_marker_child to None, run_after=None
[2024-12-07T19:35:36.229+0000] {logging_mixin.py:120} INFO - [2024-12-07T19:35:36.229+0000] {dag.py:3340} INFO - Setting next_dagrun for example_external_task_marker_parent to None, run_after=None
[2024-12-07T19:35:36.266+0000] {processor.py:176} INFO - Processing /home/airflow/.local/lib/python3.7/site-packages/airflow/example_dags/example_external_task_marker_dag.py took 0.738 seconds
[2024-12-07T19:36:06.855+0000] {processor.py:154} INFO - Started process (PID=132) to work on /home/airflow/.local/lib/python3.7/site-packages/airflow/example_dags/example_external_task_marker_dag.py
[2024-12-07T19:36:06.858+0000] {processor.py:756} INFO - Processing file /home/airflow/.local/lib/python3.7/site-packages/airflow/example_dags/example_external_task_marker_dag.py for tasks to queue
[2024-12-07T19:36:06.859+0000] {logging_mixin.py:120} INFO - [2024-12-07T19:36:06.859+0000] {dagbag.py:537} INFO - Filling up the DagBag from /home/airflow/.local/lib/python3.7/site-packages/airflow/example_dags/example_external_task_marker_dag.py
[2024-12-07T19:36:06.881+0000] {processor.py:766} INFO - DAG(s) dict_keys(['example_external_task_marker_parent', 'example_external_task_marker_child']) retrieved from /home/airflow/.local/lib/python3.7/site-packages/airflow/example_dags/example_external_task_marker_dag.py
[2024-12-07T19:36:07.168+0000] {logging_mixin.py:120} INFO - [2024-12-07T19:36:07.168+0000] {dag.py:2585} INFO - Sync 2 DAGs
[2024-12-07T19:36:07.213+0000] {logging_mixin.py:120} INFO - [2024-12-07T19:36:07.212+0000] {dag.py:3340} INFO - Setting next_dagrun for example_external_task_marker_child to None, run_after=None
[2024-12-07T19:36:07.220+0000] {logging_mixin.py:120} INFO - [2024-12-07T19:36:07.219+0000] {dag.py:3340} INFO - Setting next_dagrun for example_external_task_marker_parent to None, run_after=None
[2024-12-07T19:36:07.259+0000] {processor.py:176} INFO - Processing /home/airflow/.local/lib/python3.7/site-packages/airflow/example_dags/example_external_task_marker_dag.py took 0.408 seconds
[2024-12-07T19:36:37.407+0000] {processor.py:154} INFO - Started process (PID=189) to work on /home/airflow/.local/lib/python3.7/site-packages/airflow/example_dags/example_external_task_marker_dag.py
[2024-12-07T19:36:37.408+0000] {processor.py:756} INFO - Processing file /home/airflow/.local/lib/python3.7/site-packages/airflow/example_dags/example_external_task_marker_dag.py for tasks to queue
[2024-12-07T19:36:37.410+0000] {logging_mixin.py:120} INFO - [2024-12-07T19:36:37.409+0000] {dagbag.py:537} INFO - Filling up the DagBag from /home/airflow/.local/lib/python3.7/site-packages/airflow/example_dags/example_external_task_marker_dag.py
[2024-12-07T19:36:37.428+0000] {processor.py:766} INFO - DAG(s) dict_keys(['example_external_task_marker_parent', 'example_external_task_marker_child']) retrieved from /home/airflow/.local/lib/python3.7/site-packages/airflow/example_dags/example_external_task_marker_dag.py
[2024-12-07T19:36:37.638+0000] {logging_mixin.py:120} INFO - [2024-12-07T19:36:37.638+0000] {dag.py:2585} INFO - Sync 2 DAGs
[2024-12-07T19:36:37.663+0000] {logging_mixin.py:120} INFO - [2024-12-07T19:36:37.663+0000] {dag.py:3340} INFO - Setting next_dagrun for example_external_task_marker_child to None, run_after=None
[2024-12-07T19:36:37.667+0000] {logging_mixin.py:120} INFO - [2024-12-07T19:36:37.667+0000] {dag.py:3340} INFO - Setting next_dagrun for example_external_task_marker_parent to None, run_after=None
[2024-12-07T19:36:37.686+0000] {processor.py:176} INFO - Processing /home/airflow/.local/lib/python3.7/site-packages/airflow/example_dags/example_external_task_marker_dag.py took 0.283 seconds
[2024-12-07T19:37:07.857+0000] {processor.py:154} INFO - Started process (PID=254) to work on /home/airflow/.local/lib/python3.7/site-packages/airflow/example_dags/example_external_task_marker_dag.py
[2024-12-07T19:37:07.858+0000] {processor.py:756} INFO - Processing file /home/airflow/.local/lib/python3.7/site-packages/airflow/example_dags/example_external_task_marker_dag.py for tasks to queue
[2024-12-07T19:37:07.863+0000] {logging_mixin.py:120} INFO - [2024-12-07T19:37:07.862+0000] {dagbag.py:537} INFO - Filling up the DagBag from /home/airflow/.local/lib/python3.7/site-packages/airflow/example_dags/example_external_task_marker_dag.py
[2024-12-07T19:37:07.906+0000] {processor.py:766} INFO - DAG(s) dict_keys(['example_external_task_marker_parent', 'example_external_task_marker_child']) retrieved from /home/airflow/.local/lib/python3.7/site-packages/airflow/example_dags/example_external_task_marker_dag.py
[2024-12-07T19:37:08.131+0000] {logging_mixin.py:120} INFO - [2024-12-07T19:37:08.131+0000] {dag.py:2585} INFO - Sync 2 DAGs
[2024-12-07T19:37:08.166+0000] {logging_mixin.py:120} INFO - [2024-12-07T19:37:08.166+0000] {dag.py:3340} INFO - Setting next_dagrun for example_external_task_marker_child to None, run_after=None
[2024-12-07T19:37:08.171+0000] {logging_mixin.py:120} INFO - [2024-12-07T19:37:08.171+0000] {dag.py:3340} INFO - Setting next_dagrun for example_external_task_marker_parent to None, run_after=None
[2024-12-07T19:37:08.193+0000] {processor.py:176} INFO - Processing /home/airflow/.local/lib/python3.7/site-packages/airflow/example_dags/example_external_task_marker_dag.py took 0.340 seconds
[2024-12-07T19:37:38.251+0000] {processor.py:154} INFO - Started process (PID=317) to work on /home/airflow/.local/lib/python3.7/site-packages/airflow/example_dags/example_external_task_marker_dag.py
[2024-12-07T19:37:38.253+0000] {processor.py:756} INFO - Processing file /home/airflow/.local/lib/python3.7/site-packages/airflow/example_dags/example_external_task_marker_dag.py for tasks to queue
[2024-12-07T19:37:38.254+0000] {logging_mixin.py:120} INFO - [2024-12-07T19:37:38.254+0000] {dagbag.py:537} INFO - Filling up the DagBag from /home/airflow/.local/lib/python3.7/site-packages/airflow/example_dags/example_external_task_marker_dag.py
[2024-12-07T19:37:38.275+0000] {processor.py:766} INFO - DAG(s) dict_keys(['example_external_task_marker_parent', 'example_external_task_marker_child']) retrieved from /home/airflow/.local/lib/python3.7/site-packages/airflow/example_dags/example_external_task_marker_dag.py
[2024-12-07T19:37:38.310+0000] {logging_mixin.py:120} INFO - [2024-12-07T19:37:38.310+0000] {dag.py:2585} INFO - Sync 2 DAGs
[2024-12-07T19:37:38.352+0000] {logging_mixin.py:120} INFO - [2024-12-07T19:37:38.351+0000] {dag.py:3340} INFO - Setting next_dagrun for example_external_task_marker_child to None, run_after=None
[2024-12-07T19:37:38.356+0000] {logging_mixin.py:120} INFO - [2024-12-07T19:37:38.356+0000] {dag.py:3340} INFO - Setting next_dagrun for example_external_task_marker_parent to None, run_after=None
[2024-12-07T19:37:38.383+0000] {processor.py:176} INFO - Processing /home/airflow/.local/lib/python3.7/site-packages/airflow/example_dags/example_external_task_marker_dag.py took 0.137 seconds
[2024-12-07T19:38:10.969+0000] {processor.py:154} INFO - Started process (PID=372) to work on /home/airflow/.local/lib/python3.7/site-packages/airflow/example_dags/example_external_task_marker_dag.py
[2024-12-07T19:38:10.971+0000] {processor.py:756} INFO - Processing file /home/airflow/.local/lib/python3.7/site-packages/airflow/example_dags/example_external_task_marker_dag.py for tasks to queue
[2024-12-07T19:38:10.972+0000] {logging_mixin.py:120} INFO - [2024-12-07T19:38:10.972+0000] {dagbag.py:537} INFO - Filling up the DagBag from /home/airflow/.local/lib/python3.7/site-packages/airflow/example_dags/example_external_task_marker_dag.py
[2024-12-07T19:38:10.994+0000] {processor.py:766} INFO - DAG(s) dict_keys(['example_external_task_marker_child', 'example_external_task_marker_parent']) retrieved from /home/airflow/.local/lib/python3.7/site-packages/airflow/example_dags/example_external_task_marker_dag.py
[2024-12-07T19:38:11.679+0000] {logging_mixin.py:120} INFO - [2024-12-07T19:38:11.678+0000] {dag.py:2585} INFO - Sync 2 DAGs
[2024-12-07T19:38:11.747+0000] {logging_mixin.py:120} INFO - [2024-12-07T19:38:11.747+0000] {dag.py:3340} INFO - Setting next_dagrun for example_external_task_marker_child to None, run_after=None
[2024-12-07T19:38:11.759+0000] {logging_mixin.py:120} INFO - [2024-12-07T19:38:11.759+0000] {dag.py:3340} INFO - Setting next_dagrun for example_external_task_marker_parent to None, run_after=None
[2024-12-07T19:38:11.823+0000] {processor.py:176} INFO - Processing /home/airflow/.local/lib/python3.7/site-packages/airflow/example_dags/example_external_task_marker_dag.py took 0.862 seconds
[2024-12-07T19:38:42.550+0000] {processor.py:154} INFO - Started process (PID=437) to work on /home/airflow/.local/lib/python3.7/site-packages/airflow/example_dags/example_external_task_marker_dag.py
[2024-12-07T19:38:42.551+0000] {processor.py:756} INFO - Processing file /home/airflow/.local/lib/python3.7/site-packages/airflow/example_dags/example_external_task_marker_dag.py for tasks to queue
[2024-12-07T19:38:42.552+0000] {logging_mixin.py:120} INFO - [2024-12-07T19:38:42.552+0000] {dagbag.py:537} INFO - Filling up the DagBag from /home/airflow/.local/lib/python3.7/site-packages/airflow/example_dags/example_external_task_marker_dag.py
[2024-12-07T19:38:42.570+0000] {processor.py:766} INFO - DAG(s) dict_keys(['example_external_task_marker_parent', 'example_external_task_marker_child']) retrieved from /home/airflow/.local/lib/python3.7/site-packages/airflow/example_dags/example_external_task_marker_dag.py
[2024-12-07T19:38:42.758+0000] {logging_mixin.py:120} INFO - [2024-12-07T19:38:42.758+0000] {dag.py:2585} INFO - Sync 2 DAGs
[2024-12-07T19:38:42.784+0000] {logging_mixin.py:120} INFO - [2024-12-07T19:38:42.783+0000] {dag.py:3340} INFO - Setting next_dagrun for example_external_task_marker_child to None, run_after=None
[2024-12-07T19:38:42.788+0000] {logging_mixin.py:120} INFO - [2024-12-07T19:38:42.787+0000] {dag.py:3340} INFO - Setting next_dagrun for example_external_task_marker_parent to None, run_after=None
[2024-12-07T19:38:42.809+0000] {processor.py:176} INFO - Processing /home/airflow/.local/lib/python3.7/site-packages/airflow/example_dags/example_external_task_marker_dag.py took 0.262 seconds
[2024-12-07T19:39:12.940+0000] {processor.py:154} INFO - Started process (PID=492) to work on /home/airflow/.local/lib/python3.7/site-packages/airflow/example_dags/example_external_task_marker_dag.py
[2024-12-07T19:39:12.941+0000] {processor.py:756} INFO - Processing file /home/airflow/.local/lib/python3.7/site-packages/airflow/example_dags/example_external_task_marker_dag.py for tasks to queue
[2024-12-07T19:39:12.942+0000] {logging_mixin.py:120} INFO - [2024-12-07T19:39:12.942+0000] {dagbag.py:537} INFO - Filling up the DagBag from /home/airflow/.local/lib/python3.7/site-packages/airflow/example_dags/example_external_task_marker_dag.py
[2024-12-07T19:39:12.959+0000] {processor.py:766} INFO - DAG(s) dict_keys(['example_external_task_marker_parent', 'example_external_task_marker_child']) retrieved from /home/airflow/.local/lib/python3.7/site-packages/airflow/example_dags/example_external_task_marker_dag.py
[2024-12-07T19:39:13.147+0000] {logging_mixin.py:120} INFO - [2024-12-07T19:39:13.147+0000] {dag.py:2585} INFO - Sync 2 DAGs
[2024-12-07T19:39:13.168+0000] {logging_mixin.py:120} INFO - [2024-12-07T19:39:13.168+0000] {dag.py:3340} INFO - Setting next_dagrun for example_external_task_marker_child to None, run_after=None
[2024-12-07T19:39:13.172+0000] {logging_mixin.py:120} INFO - [2024-12-07T19:39:13.172+0000] {dag.py:3340} INFO - Setting next_dagrun for example_external_task_marker_parent to None, run_after=None
[2024-12-07T19:39:13.197+0000] {processor.py:176} INFO - Processing /home/airflow/.local/lib/python3.7/site-packages/airflow/example_dags/example_external_task_marker_dag.py took 0.262 seconds
[2024-12-07T19:39:43.449+0000] {processor.py:154} INFO - Started process (PID=556) to work on /home/airflow/.local/lib/python3.7/site-packages/airflow/example_dags/example_external_task_marker_dag.py
[2024-12-07T19:39:43.451+0000] {processor.py:756} INFO - Processing file /home/airflow/.local/lib/python3.7/site-packages/airflow/example_dags/example_external_task_marker_dag.py for tasks to queue
[2024-12-07T19:39:43.452+0000] {logging_mixin.py:120} INFO - [2024-12-07T19:39:43.452+0000] {dagbag.py:537} INFO - Filling up the DagBag from /home/airflow/.local/lib/python3.7/site-packages/airflow/example_dags/example_external_task_marker_dag.py
[2024-12-07T19:39:43.465+0000] {processor.py:766} INFO - DAG(s) dict_keys(['example_external_task_marker_parent', 'example_external_task_marker_child']) retrieved from /home/airflow/.local/lib/python3.7/site-packages/airflow/example_dags/example_external_task_marker_dag.py
[2024-12-07T19:39:43.653+0000] {logging_mixin.py:120} INFO - [2024-12-07T19:39:43.653+0000] {dag.py:2585} INFO - Sync 2 DAGs
[2024-12-07T19:39:43.683+0000] {logging_mixin.py:120} INFO - [2024-12-07T19:39:43.683+0000] {dag.py:3340} INFO - Setting next_dagrun for example_external_task_marker_child to None, run_after=None
[2024-12-07T19:39:43.688+0000] {logging_mixin.py:120} INFO - [2024-12-07T19:39:43.687+0000] {dag.py:3340} INFO - Setting next_dagrun for example_external_task_marker_parent to None, run_after=None
[2024-12-07T19:39:43.707+0000] {processor.py:176} INFO - Processing /home/airflow/.local/lib/python3.7/site-packages/airflow/example_dags/example_external_task_marker_dag.py took 0.261 seconds
[2024-12-07T19:40:13.833+0000] {processor.py:154} INFO - Started process (PID=621) to work on /home/airflow/.local/lib/python3.7/site-packages/airflow/example_dags/example_external_task_marker_dag.py
[2024-12-07T19:40:13.835+0000] {processor.py:756} INFO - Processing file /home/airflow/.local/lib/python3.7/site-packages/airflow/example_dags/example_external_task_marker_dag.py for tasks to queue
[2024-12-07T19:40:13.836+0000] {logging_mixin.py:120} INFO - [2024-12-07T19:40:13.836+0000] {dagbag.py:537} INFO - Filling up the DagBag from /home/airflow/.local/lib/python3.7/site-packages/airflow/example_dags/example_external_task_marker_dag.py
[2024-12-07T19:40:13.851+0000] {processor.py:766} INFO - DAG(s) dict_keys(['example_external_task_marker_child', 'example_external_task_marker_parent']) retrieved from /home/airflow/.local/lib/python3.7/site-packages/airflow/example_dags/example_external_task_marker_dag.py
[2024-12-07T19:40:14.044+0000] {logging_mixin.py:120} INFO - [2024-12-07T19:40:14.044+0000] {dag.py:2585} INFO - Sync 2 DAGs
[2024-12-07T19:40:14.070+0000] {logging_mixin.py:120} INFO - [2024-12-07T19:40:14.070+0000] {dag.py:3340} INFO - Setting next_dagrun for example_external_task_marker_child to None, run_after=None
[2024-12-07T19:40:14.075+0000] {logging_mixin.py:120} INFO - [2024-12-07T19:40:14.074+0000] {dag.py:3340} INFO - Setting next_dagrun for example_external_task_marker_parent to None, run_after=None
[2024-12-07T19:40:14.097+0000] {processor.py:176} INFO - Processing /home/airflow/.local/lib/python3.7/site-packages/airflow/example_dags/example_external_task_marker_dag.py took 0.266 seconds
[2024-12-07T19:40:44.184+0000] {processor.py:154} INFO - Started process (PID=686) to work on /home/airflow/.local/lib/python3.7/site-packages/airflow/example_dags/example_external_task_marker_dag.py
[2024-12-07T19:40:44.185+0000] {processor.py:756} INFO - Processing file /home/airflow/.local/lib/python3.7/site-packages/airflow/example_dags/example_external_task_marker_dag.py for tasks to queue
[2024-12-07T19:40:44.186+0000] {logging_mixin.py:120} INFO - [2024-12-07T19:40:44.186+0000] {dagbag.py:537} INFO - Filling up the DagBag from /home/airflow/.local/lib/python3.7/site-packages/airflow/example_dags/example_external_task_marker_dag.py
[2024-12-07T19:40:44.200+0000] {processor.py:766} INFO - DAG(s) dict_keys(['example_external_task_marker_child', 'example_external_task_marker_parent']) retrieved from /home/airflow/.local/lib/python3.7/site-packages/airflow/example_dags/example_external_task_marker_dag.py
[2024-12-07T19:40:44.385+0000] {logging_mixin.py:120} INFO - [2024-12-07T19:40:44.384+0000] {dag.py:2585} INFO - Sync 2 DAGs
[2024-12-07T19:40:44.415+0000] {logging_mixin.py:120} INFO - [2024-12-07T19:40:44.415+0000] {dag.py:3340} INFO - Setting next_dagrun for example_external_task_marker_child to None, run_after=None
[2024-12-07T19:40:44.421+0000] {logging_mixin.py:120} INFO - [2024-12-07T19:40:44.420+0000] {dag.py:3340} INFO - Setting next_dagrun for example_external_task_marker_parent to None, run_after=None
[2024-12-07T19:40:44.445+0000] {processor.py:176} INFO - Processing /home/airflow/.local/lib/python3.7/site-packages/airflow/example_dags/example_external_task_marker_dag.py took 0.264 seconds
