[2024-12-07T19:35:38.371+0000] {processor.py:154} INFO - Started process (PID=76) to work on /home/airflow/.local/lib/python3.7/site-packages/airflow/example_dags/example_branch_day_of_week_operator.py
[2024-12-07T19:35:38.372+0000] {processor.py:756} INFO - Processing file /home/airflow/.local/lib/python3.7/site-packages/airflow/example_dags/example_branch_day_of_week_operator.py for tasks to queue
[2024-12-07T19:35:38.377+0000] {logging_mixin.py:120} INFO - [2024-12-07T19:35:38.377+0000] {dagbag.py:537} INFO - Filling up the DagBag from /home/airflow/.local/lib/python3.7/site-packages/airflow/example_dags/example_branch_day_of_week_operator.py
[2024-12-07T19:35:38.440+0000] {processor.py:766} INFO - DAG(s) dict_keys(['example_weekday_branch_operator']) retrieved from /home/airflow/.local/lib/python3.7/site-packages/airflow/example_dags/example_branch_day_of_week_operator.py
[2024-12-07T19:35:38.623+0000] {logging_mixin.py:120} INFO - [2024-12-07T19:35:38.623+0000] {dag.py:2585} INFO - Sync 1 DAGs
[2024-12-07T19:35:38.713+0000] {logging_mixin.py:120} INFO - [2024-12-07T19:35:38.712+0000] {dag.py:3340} INFO - Setting next_dagrun for example_weekday_branch_operator to 2024-12-06T00:00:00+00:00, run_after=2024-12-07T00:00:00+00:00
[2024-12-07T19:35:38.772+0000] {processor.py:176} INFO - Processing /home/airflow/.local/lib/python3.7/site-packages/airflow/example_dags/example_branch_day_of_week_operator.py took 0.407 seconds
[2024-12-07T19:36:08.863+0000] {processor.py:154} INFO - Started process (PID=140) to work on /home/airflow/.local/lib/python3.7/site-packages/airflow/example_dags/example_branch_day_of_week_operator.py
[2024-12-07T19:36:08.866+0000] {processor.py:756} INFO - Processing file /home/airflow/.local/lib/python3.7/site-packages/airflow/example_dags/example_branch_day_of_week_operator.py for tasks to queue
[2024-12-07T19:36:08.868+0000] {logging_mixin.py:120} INFO - [2024-12-07T19:36:08.867+0000] {dagbag.py:537} INFO - Filling up the DagBag from /home/airflow/.local/lib/python3.7/site-packages/airflow/example_dags/example_branch_day_of_week_operator.py
[2024-12-07T19:36:08.887+0000] {processor.py:766} INFO - DAG(s) dict_keys(['example_weekday_branch_operator']) retrieved from /home/airflow/.local/lib/python3.7/site-packages/airflow/example_dags/example_branch_day_of_week_operator.py
[2024-12-07T19:36:08.939+0000] {logging_mixin.py:120} INFO - [2024-12-07T19:36:08.939+0000] {dag.py:2585} INFO - Sync 1 DAGs
[2024-12-07T19:36:08.975+0000] {logging_mixin.py:120} INFO - [2024-12-07T19:36:08.974+0000] {dag.py:3340} INFO - Setting next_dagrun for example_weekday_branch_operator to 2024-12-06T00:00:00+00:00, run_after=2024-12-07T00:00:00+00:00
[2024-12-07T19:36:09.000+0000] {processor.py:176} INFO - Processing /home/airflow/.local/lib/python3.7/site-packages/airflow/example_dags/example_branch_day_of_week_operator.py took 0.141 seconds
[2024-12-07T19:36:39.220+0000] {processor.py:154} INFO - Started process (PID=196) to work on /home/airflow/.local/lib/python3.7/site-packages/airflow/example_dags/example_branch_day_of_week_operator.py
[2024-12-07T19:36:39.221+0000] {processor.py:756} INFO - Processing file /home/airflow/.local/lib/python3.7/site-packages/airflow/example_dags/example_branch_day_of_week_operator.py for tasks to queue
[2024-12-07T19:36:39.222+0000] {logging_mixin.py:120} INFO - [2024-12-07T19:36:39.222+0000] {dagbag.py:537} INFO - Filling up the DagBag from /home/airflow/.local/lib/python3.7/site-packages/airflow/example_dags/example_branch_day_of_week_operator.py
[2024-12-07T19:36:39.238+0000] {processor.py:766} INFO - DAG(s) dict_keys(['example_weekday_branch_operator']) retrieved from /home/airflow/.local/lib/python3.7/site-packages/airflow/example_dags/example_branch_day_of_week_operator.py
[2024-12-07T19:36:39.282+0000] {logging_mixin.py:120} INFO - [2024-12-07T19:36:39.282+0000] {dag.py:2585} INFO - Sync 1 DAGs
[2024-12-07T19:36:39.314+0000] {logging_mixin.py:120} INFO - [2024-12-07T19:36:39.313+0000] {dag.py:3340} INFO - Setting next_dagrun for example_weekday_branch_operator to 2024-12-06T00:00:00+00:00, run_after=2024-12-07T00:00:00+00:00
[2024-12-07T19:36:39.338+0000] {processor.py:176} INFO - Processing /home/airflow/.local/lib/python3.7/site-packages/airflow/example_dags/example_branch_day_of_week_operator.py took 0.121 seconds
[2024-12-07T19:37:09.374+0000] {processor.py:154} INFO - Started process (PID=259) to work on /home/airflow/.local/lib/python3.7/site-packages/airflow/example_dags/example_branch_day_of_week_operator.py
[2024-12-07T19:37:09.375+0000] {processor.py:756} INFO - Processing file /home/airflow/.local/lib/python3.7/site-packages/airflow/example_dags/example_branch_day_of_week_operator.py for tasks to queue
[2024-12-07T19:37:09.376+0000] {logging_mixin.py:120} INFO - [2024-12-07T19:37:09.376+0000] {dagbag.py:537} INFO - Filling up the DagBag from /home/airflow/.local/lib/python3.7/site-packages/airflow/example_dags/example_branch_day_of_week_operator.py
[2024-12-07T19:37:09.391+0000] {processor.py:766} INFO - DAG(s) dict_keys(['example_weekday_branch_operator']) retrieved from /home/airflow/.local/lib/python3.7/site-packages/airflow/example_dags/example_branch_day_of_week_operator.py
[2024-12-07T19:37:09.438+0000] {logging_mixin.py:120} INFO - [2024-12-07T19:37:09.438+0000] {dag.py:2585} INFO - Sync 1 DAGs
[2024-12-07T19:37:09.466+0000] {logging_mixin.py:120} INFO - [2024-12-07T19:37:09.466+0000] {dag.py:3340} INFO - Setting next_dagrun for example_weekday_branch_operator to 2024-12-06T00:00:00+00:00, run_after=2024-12-07T00:00:00+00:00
[2024-12-07T19:37:09.486+0000] {processor.py:176} INFO - Processing /home/airflow/.local/lib/python3.7/site-packages/airflow/example_dags/example_branch_day_of_week_operator.py took 0.114 seconds
[2024-12-07T19:37:39.853+0000] {processor.py:154} INFO - Started process (PID=324) to work on /home/airflow/.local/lib/python3.7/site-packages/airflow/example_dags/example_branch_day_of_week_operator.py
[2024-12-07T19:37:39.855+0000] {processor.py:756} INFO - Processing file /home/airflow/.local/lib/python3.7/site-packages/airflow/example_dags/example_branch_day_of_week_operator.py for tasks to queue
[2024-12-07T19:37:39.856+0000] {logging_mixin.py:120} INFO - [2024-12-07T19:37:39.856+0000] {dagbag.py:537} INFO - Filling up the DagBag from /home/airflow/.local/lib/python3.7/site-packages/airflow/example_dags/example_branch_day_of_week_operator.py
[2024-12-07T19:37:39.870+0000] {processor.py:766} INFO - DAG(s) dict_keys(['example_weekday_branch_operator']) retrieved from /home/airflow/.local/lib/python3.7/site-packages/airflow/example_dags/example_branch_day_of_week_operator.py
[2024-12-07T19:37:39.899+0000] {logging_mixin.py:120} INFO - [2024-12-07T19:37:39.899+0000] {dag.py:2585} INFO - Sync 1 DAGs
[2024-12-07T19:37:39.925+0000] {logging_mixin.py:120} INFO - [2024-12-07T19:37:39.925+0000] {dag.py:3340} INFO - Setting next_dagrun for example_weekday_branch_operator to 2024-12-06T00:00:00+00:00, run_after=2024-12-07T00:00:00+00:00
[2024-12-07T19:37:39.955+0000] {processor.py:176} INFO - Processing /home/airflow/.local/lib/python3.7/site-packages/airflow/example_dags/example_branch_day_of_week_operator.py took 0.105 seconds
[2024-12-07T19:38:13.942+0000] {processor.py:154} INFO - Started process (PID=389) to work on /home/airflow/.local/lib/python3.7/site-packages/airflow/example_dags/example_branch_day_of_week_operator.py
[2024-12-07T19:38:13.945+0000] {processor.py:756} INFO - Processing file /home/airflow/.local/lib/python3.7/site-packages/airflow/example_dags/example_branch_day_of_week_operator.py for tasks to queue
[2024-12-07T19:38:13.949+0000] {logging_mixin.py:120} INFO - [2024-12-07T19:38:13.947+0000] {dagbag.py:537} INFO - Filling up the DagBag from /home/airflow/.local/lib/python3.7/site-packages/airflow/example_dags/example_branch_day_of_week_operator.py
[2024-12-07T19:38:14.001+0000] {processor.py:766} INFO - DAG(s) dict_keys(['example_weekday_branch_operator']) retrieved from /home/airflow/.local/lib/python3.7/site-packages/airflow/example_dags/example_branch_day_of_week_operator.py
[2024-12-07T19:38:14.185+0000] {logging_mixin.py:120} INFO - [2024-12-07T19:38:14.185+0000] {dag.py:2585} INFO - Sync 1 DAGs
[2024-12-07T19:38:14.306+0000] {logging_mixin.py:120} INFO - [2024-12-07T19:38:14.305+0000] {dag.py:3340} INFO - Setting next_dagrun for example_weekday_branch_operator to 2024-12-06T00:00:00+00:00, run_after=2024-12-07T00:00:00+00:00
[2024-12-07T19:38:14.402+0000] {processor.py:176} INFO - Processing /home/airflow/.local/lib/python3.7/site-packages/airflow/example_dags/example_branch_day_of_week_operator.py took 0.463 seconds
[2024-12-07T19:38:44.512+0000] {processor.py:154} INFO - Started process (PID=444) to work on /home/airflow/.local/lib/python3.7/site-packages/airflow/example_dags/example_branch_day_of_week_operator.py
[2024-12-07T19:38:44.514+0000] {processor.py:756} INFO - Processing file /home/airflow/.local/lib/python3.7/site-packages/airflow/example_dags/example_branch_day_of_week_operator.py for tasks to queue
[2024-12-07T19:38:44.515+0000] {logging_mixin.py:120} INFO - [2024-12-07T19:38:44.515+0000] {dagbag.py:537} INFO - Filling up the DagBag from /home/airflow/.local/lib/python3.7/site-packages/airflow/example_dags/example_branch_day_of_week_operator.py
[2024-12-07T19:38:44.530+0000] {processor.py:766} INFO - DAG(s) dict_keys(['example_weekday_branch_operator']) retrieved from /home/airflow/.local/lib/python3.7/site-packages/airflow/example_dags/example_branch_day_of_week_operator.py
[2024-12-07T19:38:44.572+0000] {logging_mixin.py:120} INFO - [2024-12-07T19:38:44.572+0000] {dag.py:2585} INFO - Sync 1 DAGs
[2024-12-07T19:38:44.597+0000] {logging_mixin.py:120} INFO - [2024-12-07T19:38:44.597+0000] {dag.py:3340} INFO - Setting next_dagrun for example_weekday_branch_operator to 2024-12-06T00:00:00+00:00, run_after=2024-12-07T00:00:00+00:00
[2024-12-07T19:38:44.623+0000] {processor.py:176} INFO - Processing /home/airflow/.local/lib/python3.7/site-packages/airflow/example_dags/example_branch_day_of_week_operator.py took 0.113 seconds
[2024-12-07T19:39:14.822+0000] {processor.py:154} INFO - Started process (PID=508) to work on /home/airflow/.local/lib/python3.7/site-packages/airflow/example_dags/example_branch_day_of_week_operator.py
[2024-12-07T19:39:14.824+0000] {processor.py:756} INFO - Processing file /home/airflow/.local/lib/python3.7/site-packages/airflow/example_dags/example_branch_day_of_week_operator.py for tasks to queue
[2024-12-07T19:39:14.825+0000] {logging_mixin.py:120} INFO - [2024-12-07T19:39:14.825+0000] {dagbag.py:537} INFO - Filling up the DagBag from /home/airflow/.local/lib/python3.7/site-packages/airflow/example_dags/example_branch_day_of_week_operator.py
[2024-12-07T19:39:14.840+0000] {processor.py:766} INFO - DAG(s) dict_keys(['example_weekday_branch_operator']) retrieved from /home/airflow/.local/lib/python3.7/site-packages/airflow/example_dags/example_branch_day_of_week_operator.py
[2024-12-07T19:39:14.893+0000] {logging_mixin.py:120} INFO - [2024-12-07T19:39:14.893+0000] {dag.py:2585} INFO - Sync 1 DAGs
[2024-12-07T19:39:14.920+0000] {logging_mixin.py:120} INFO - [2024-12-07T19:39:14.920+0000] {dag.py:3340} INFO - Setting next_dagrun for example_weekday_branch_operator to 2024-12-06T00:00:00+00:00, run_after=2024-12-07T00:00:00+00:00
[2024-12-07T19:39:14.966+0000] {processor.py:176} INFO - Processing /home/airflow/.local/lib/python3.7/site-packages/airflow/example_dags/example_branch_day_of_week_operator.py took 0.148 seconds
[2024-12-07T19:39:45.119+0000] {processor.py:154} INFO - Started process (PID=563) to work on /home/airflow/.local/lib/python3.7/site-packages/airflow/example_dags/example_branch_day_of_week_operator.py
[2024-12-07T19:39:45.120+0000] {processor.py:756} INFO - Processing file /home/airflow/.local/lib/python3.7/site-packages/airflow/example_dags/example_branch_day_of_week_operator.py for tasks to queue
[2024-12-07T19:39:45.121+0000] {logging_mixin.py:120} INFO - [2024-12-07T19:39:45.121+0000] {dagbag.py:537} INFO - Filling up the DagBag from /home/airflow/.local/lib/python3.7/site-packages/airflow/example_dags/example_branch_day_of_week_operator.py
[2024-12-07T19:39:45.135+0000] {processor.py:766} INFO - DAG(s) dict_keys(['example_weekday_branch_operator']) retrieved from /home/airflow/.local/lib/python3.7/site-packages/airflow/example_dags/example_branch_day_of_week_operator.py
[2024-12-07T19:39:45.172+0000] {logging_mixin.py:120} INFO - [2024-12-07T19:39:45.172+0000] {dag.py:2585} INFO - Sync 1 DAGs
[2024-12-07T19:39:45.199+0000] {logging_mixin.py:120} INFO - [2024-12-07T19:39:45.198+0000] {dag.py:3340} INFO - Setting next_dagrun for example_weekday_branch_operator to 2024-12-06T00:00:00+00:00, run_after=2024-12-07T00:00:00+00:00
[2024-12-07T19:39:45.221+0000] {processor.py:176} INFO - Processing /home/airflow/.local/lib/python3.7/site-packages/airflow/example_dags/example_branch_day_of_week_operator.py took 0.105 seconds
[2024-12-07T19:40:15.341+0000] {processor.py:154} INFO - Started process (PID=626) to work on /home/airflow/.local/lib/python3.7/site-packages/airflow/example_dags/example_branch_day_of_week_operator.py
[2024-12-07T19:40:15.342+0000] {processor.py:756} INFO - Processing file /home/airflow/.local/lib/python3.7/site-packages/airflow/example_dags/example_branch_day_of_week_operator.py for tasks to queue
[2024-12-07T19:40:15.343+0000] {logging_mixin.py:120} INFO - [2024-12-07T19:40:15.343+0000] {dagbag.py:537} INFO - Filling up the DagBag from /home/airflow/.local/lib/python3.7/site-packages/airflow/example_dags/example_branch_day_of_week_operator.py
[2024-12-07T19:40:15.360+0000] {processor.py:766} INFO - DAG(s) dict_keys(['example_weekday_branch_operator']) retrieved from /home/airflow/.local/lib/python3.7/site-packages/airflow/example_dags/example_branch_day_of_week_operator.py
[2024-12-07T19:40:15.398+0000] {logging_mixin.py:120} INFO - [2024-12-07T19:40:15.398+0000] {dag.py:2585} INFO - Sync 1 DAGs
[2024-12-07T19:40:15.424+0000] {logging_mixin.py:120} INFO - [2024-12-07T19:40:15.424+0000] {dag.py:3340} INFO - Setting next_dagrun for example_weekday_branch_operator to 2024-12-06T00:00:00+00:00, run_after=2024-12-07T00:00:00+00:00
[2024-12-07T19:40:15.448+0000] {processor.py:176} INFO - Processing /home/airflow/.local/lib/python3.7/site-packages/airflow/example_dags/example_branch_day_of_week_operator.py took 0.111 seconds
[2024-12-07T19:40:45.550+0000] {processor.py:154} INFO - Started process (PID=690) to work on /home/airflow/.local/lib/python3.7/site-packages/airflow/example_dags/example_branch_day_of_week_operator.py
[2024-12-07T19:40:45.552+0000] {processor.py:756} INFO - Processing file /home/airflow/.local/lib/python3.7/site-packages/airflow/example_dags/example_branch_day_of_week_operator.py for tasks to queue
[2024-12-07T19:40:45.553+0000] {logging_mixin.py:120} INFO - [2024-12-07T19:40:45.553+0000] {dagbag.py:537} INFO - Filling up the DagBag from /home/airflow/.local/lib/python3.7/site-packages/airflow/example_dags/example_branch_day_of_week_operator.py
[2024-12-07T19:40:45.571+0000] {processor.py:766} INFO - DAG(s) dict_keys(['example_weekday_branch_operator']) retrieved from /home/airflow/.local/lib/python3.7/site-packages/airflow/example_dags/example_branch_day_of_week_operator.py
[2024-12-07T19:40:45.620+0000] {logging_mixin.py:120} INFO - [2024-12-07T19:40:45.620+0000] {dag.py:2585} INFO - Sync 1 DAGs
[2024-12-07T19:40:45.650+0000] {logging_mixin.py:120} INFO - [2024-12-07T19:40:45.650+0000] {dag.py:3340} INFO - Setting next_dagrun for example_weekday_branch_operator to 2024-12-06T00:00:00+00:00, run_after=2024-12-07T00:00:00+00:00
[2024-12-07T19:40:45.683+0000] {processor.py:176} INFO - Processing /home/airflow/.local/lib/python3.7/site-packages/airflow/example_dags/example_branch_day_of_week_operator.py took 0.137 seconds
