[2024-12-07T19:35:38.922+0000] {processor.py:154} INFO - Started process (PID=79) to work on /home/airflow/.local/lib/python3.7/site-packages/airflow/example_dags/example_short_circuit_decorator.py
[2024-12-07T19:35:38.931+0000] {processor.py:756} INFO - Processing file /home/airflow/.local/lib/python3.7/site-packages/airflow/example_dags/example_short_circuit_decorator.py for tasks to queue
[2024-12-07T19:35:38.938+0000] {logging_mixin.py:120} INFO - [2024-12-07T19:35:38.938+0000] {dagbag.py:537} INFO - Filling up the DagBag from /home/airflow/.local/lib/python3.7/site-packages/airflow/example_dags/example_short_circuit_decorator.py
[2024-12-07T19:35:39.004+0000] {processor.py:766} INFO - DAG(s) dict_keys(['example_short_circuit_decorator']) retrieved from /home/airflow/.local/lib/python3.7/site-packages/airflow/example_dags/example_short_circuit_decorator.py
[2024-12-07T19:35:39.168+0000] {logging_mixin.py:120} INFO - [2024-12-07T19:35:39.168+0000] {dag.py:2585} INFO - Sync 1 DAGs
[2024-12-07T19:35:39.234+0000] {logging_mixin.py:120} INFO - [2024-12-07T19:35:39.234+0000] {dag.py:3340} INFO - Setting next_dagrun for example_short_circuit_decorator to 2024-12-06T19:35:39.233747+00:00, run_after=2024-12-07T19:35:39.233747+00:00
[2024-12-07T19:35:39.276+0000] {processor.py:176} INFO - Processing /home/airflow/.local/lib/python3.7/site-packages/airflow/example_dags/example_short_circuit_decorator.py took 0.358 seconds
[2024-12-07T19:36:10.071+0000] {processor.py:154} INFO - Started process (PID=143) to work on /home/airflow/.local/lib/python3.7/site-packages/airflow/example_dags/example_short_circuit_decorator.py
[2024-12-07T19:36:10.080+0000] {processor.py:756} INFO - Processing file /home/airflow/.local/lib/python3.7/site-packages/airflow/example_dags/example_short_circuit_decorator.py for tasks to queue
[2024-12-07T19:36:10.081+0000] {logging_mixin.py:120} INFO - [2024-12-07T19:36:10.081+0000] {dagbag.py:537} INFO - Filling up the DagBag from /home/airflow/.local/lib/python3.7/site-packages/airflow/example_dags/example_short_circuit_decorator.py
[2024-12-07T19:36:10.126+0000] {processor.py:766} INFO - DAG(s) dict_keys(['example_short_circuit_decorator']) retrieved from /home/airflow/.local/lib/python3.7/site-packages/airflow/example_dags/example_short_circuit_decorator.py
[2024-12-07T19:36:10.201+0000] {logging_mixin.py:120} INFO - [2024-12-07T19:36:10.200+0000] {dag.py:2585} INFO - Sync 1 DAGs
[2024-12-07T19:36:10.251+0000] {logging_mixin.py:120} INFO - [2024-12-07T19:36:10.251+0000] {dag.py:3340} INFO - Setting next_dagrun for example_short_circuit_decorator to 2024-12-06T19:36:10.250794+00:00, run_after=2024-12-07T19:36:10.250794+00:00
[2024-12-07T19:36:10.282+0000] {processor.py:176} INFO - Processing /home/airflow/.local/lib/python3.7/site-packages/airflow/example_dags/example_short_circuit_decorator.py took 0.216 seconds
[2024-12-07T19:36:40.400+0000] {processor.py:154} INFO - Started process (PID=199) to work on /home/airflow/.local/lib/python3.7/site-packages/airflow/example_dags/example_short_circuit_decorator.py
[2024-12-07T19:36:40.402+0000] {processor.py:756} INFO - Processing file /home/airflow/.local/lib/python3.7/site-packages/airflow/example_dags/example_short_circuit_decorator.py for tasks to queue
[2024-12-07T19:36:40.404+0000] {logging_mixin.py:120} INFO - [2024-12-07T19:36:40.404+0000] {dagbag.py:537} INFO - Filling up the DagBag from /home/airflow/.local/lib/python3.7/site-packages/airflow/example_dags/example_short_circuit_decorator.py
[2024-12-07T19:36:40.428+0000] {processor.py:766} INFO - DAG(s) dict_keys(['example_short_circuit_decorator']) retrieved from /home/airflow/.local/lib/python3.7/site-packages/airflow/example_dags/example_short_circuit_decorator.py
[2024-12-07T19:36:40.474+0000] {logging_mixin.py:120} INFO - [2024-12-07T19:36:40.474+0000] {dag.py:2585} INFO - Sync 1 DAGs
[2024-12-07T19:36:40.500+0000] {logging_mixin.py:120} INFO - [2024-12-07T19:36:40.500+0000] {dag.py:3340} INFO - Setting next_dagrun for example_short_circuit_decorator to 2024-12-06T19:36:40.500321+00:00, run_after=2024-12-07T19:36:40.500321+00:00
[2024-12-07T19:36:40.530+0000] {processor.py:176} INFO - Processing /home/airflow/.local/lib/python3.7/site-packages/airflow/example_dags/example_short_circuit_decorator.py took 0.133 seconds
[2024-12-07T19:37:10.778+0000] {processor.py:154} INFO - Started process (PID=263) to work on /home/airflow/.local/lib/python3.7/site-packages/airflow/example_dags/example_short_circuit_decorator.py
[2024-12-07T19:37:10.780+0000] {processor.py:756} INFO - Processing file /home/airflow/.local/lib/python3.7/site-packages/airflow/example_dags/example_short_circuit_decorator.py for tasks to queue
[2024-12-07T19:37:10.783+0000] {logging_mixin.py:120} INFO - [2024-12-07T19:37:10.782+0000] {dagbag.py:537} INFO - Filling up the DagBag from /home/airflow/.local/lib/python3.7/site-packages/airflow/example_dags/example_short_circuit_decorator.py
[2024-12-07T19:37:10.821+0000] {processor.py:766} INFO - DAG(s) dict_keys(['example_short_circuit_decorator']) retrieved from /home/airflow/.local/lib/python3.7/site-packages/airflow/example_dags/example_short_circuit_decorator.py
[2024-12-07T19:37:10.881+0000] {logging_mixin.py:120} INFO - [2024-12-07T19:37:10.881+0000] {dag.py:2585} INFO - Sync 1 DAGs
[2024-12-07T19:37:10.909+0000] {logging_mixin.py:120} INFO - [2024-12-07T19:37:10.909+0000] {dag.py:3340} INFO - Setting next_dagrun for example_short_circuit_decorator to 2024-12-06T19:37:10.909233+00:00, run_after=2024-12-07T19:37:10.909233+00:00
[2024-12-07T19:37:10.948+0000] {processor.py:176} INFO - Processing /home/airflow/.local/lib/python3.7/site-packages/airflow/example_dags/example_short_circuit_decorator.py took 0.174 seconds
[2024-12-07T19:37:41.141+0000] {processor.py:154} INFO - Started process (PID=328) to work on /home/airflow/.local/lib/python3.7/site-packages/airflow/example_dags/example_short_circuit_decorator.py
[2024-12-07T19:37:41.143+0000] {processor.py:756} INFO - Processing file /home/airflow/.local/lib/python3.7/site-packages/airflow/example_dags/example_short_circuit_decorator.py for tasks to queue
[2024-12-07T19:37:41.145+0000] {logging_mixin.py:120} INFO - [2024-12-07T19:37:41.145+0000] {dagbag.py:537} INFO - Filling up the DagBag from /home/airflow/.local/lib/python3.7/site-packages/airflow/example_dags/example_short_circuit_decorator.py
[2024-12-07T19:37:41.169+0000] {processor.py:766} INFO - DAG(s) dict_keys(['example_short_circuit_decorator']) retrieved from /home/airflow/.local/lib/python3.7/site-packages/airflow/example_dags/example_short_circuit_decorator.py
[2024-12-07T19:37:41.194+0000] {logging_mixin.py:120} INFO - [2024-12-07T19:37:41.194+0000] {dag.py:2585} INFO - Sync 1 DAGs
[2024-12-07T19:37:41.225+0000] {logging_mixin.py:120} INFO - [2024-12-07T19:37:41.225+0000] {dag.py:3340} INFO - Setting next_dagrun for example_short_circuit_decorator to 2024-12-06T19:37:41.224850+00:00, run_after=2024-12-07T19:37:41.224850+00:00
[2024-12-07T19:37:41.270+0000] {processor.py:176} INFO - Processing /home/airflow/.local/lib/python3.7/site-packages/airflow/example_dags/example_short_circuit_decorator.py took 0.132 seconds
[2024-12-07T19:38:14.650+0000] {processor.py:154} INFO - Started process (PID=392) to work on /home/airflow/.local/lib/python3.7/site-packages/airflow/example_dags/example_short_circuit_decorator.py
[2024-12-07T19:38:14.684+0000] {processor.py:756} INFO - Processing file /home/airflow/.local/lib/python3.7/site-packages/airflow/example_dags/example_short_circuit_decorator.py for tasks to queue
[2024-12-07T19:38:14.692+0000] {logging_mixin.py:120} INFO - [2024-12-07T19:38:14.691+0000] {dagbag.py:537} INFO - Filling up the DagBag from /home/airflow/.local/lib/python3.7/site-packages/airflow/example_dags/example_short_circuit_decorator.py
[2024-12-07T19:38:14.750+0000] {processor.py:766} INFO - DAG(s) dict_keys(['example_short_circuit_decorator']) retrieved from /home/airflow/.local/lib/python3.7/site-packages/airflow/example_dags/example_short_circuit_decorator.py
[2024-12-07T19:38:14.842+0000] {logging_mixin.py:120} INFO - [2024-12-07T19:38:14.842+0000] {dag.py:2585} INFO - Sync 1 DAGs
[2024-12-07T19:38:14.920+0000] {logging_mixin.py:120} INFO - [2024-12-07T19:38:14.920+0000] {dag.py:3340} INFO - Setting next_dagrun for example_short_circuit_decorator to 2024-12-06T19:38:14.920066+00:00, run_after=2024-12-07T19:38:14.920066+00:00
[2024-12-07T19:38:14.985+0000] {processor.py:176} INFO - Processing /home/airflow/.local/lib/python3.7/site-packages/airflow/example_dags/example_short_circuit_decorator.py took 0.364 seconds
[2024-12-07T19:38:45.672+0000] {processor.py:154} INFO - Started process (PID=447) to work on /home/airflow/.local/lib/python3.7/site-packages/airflow/example_dags/example_short_circuit_decorator.py
[2024-12-07T19:38:45.674+0000] {processor.py:756} INFO - Processing file /home/airflow/.local/lib/python3.7/site-packages/airflow/example_dags/example_short_circuit_decorator.py for tasks to queue
[2024-12-07T19:38:45.676+0000] {logging_mixin.py:120} INFO - [2024-12-07T19:38:45.676+0000] {dagbag.py:537} INFO - Filling up the DagBag from /home/airflow/.local/lib/python3.7/site-packages/airflow/example_dags/example_short_circuit_decorator.py
[2024-12-07T19:38:45.700+0000] {processor.py:766} INFO - DAG(s) dict_keys(['example_short_circuit_decorator']) retrieved from /home/airflow/.local/lib/python3.7/site-packages/airflow/example_dags/example_short_circuit_decorator.py
[2024-12-07T19:38:45.742+0000] {logging_mixin.py:120} INFO - [2024-12-07T19:38:45.742+0000] {dag.py:2585} INFO - Sync 1 DAGs
[2024-12-07T19:38:45.767+0000] {logging_mixin.py:120} INFO - [2024-12-07T19:38:45.767+0000] {dag.py:3340} INFO - Setting next_dagrun for example_short_circuit_decorator to 2024-12-06T19:38:45.767418+00:00, run_after=2024-12-07T19:38:45.767418+00:00
[2024-12-07T19:38:45.792+0000] {processor.py:176} INFO - Processing /home/airflow/.local/lib/python3.7/site-packages/airflow/example_dags/example_short_circuit_decorator.py took 0.122 seconds
[2024-12-07T19:39:16.027+0000] {processor.py:154} INFO - Started process (PID=511) to work on /home/airflow/.local/lib/python3.7/site-packages/airflow/example_dags/example_short_circuit_decorator.py
[2024-12-07T19:39:16.028+0000] {processor.py:756} INFO - Processing file /home/airflow/.local/lib/python3.7/site-packages/airflow/example_dags/example_short_circuit_decorator.py for tasks to queue
[2024-12-07T19:39:16.030+0000] {logging_mixin.py:120} INFO - [2024-12-07T19:39:16.030+0000] {dagbag.py:537} INFO - Filling up the DagBag from /home/airflow/.local/lib/python3.7/site-packages/airflow/example_dags/example_short_circuit_decorator.py
[2024-12-07T19:39:16.050+0000] {processor.py:766} INFO - DAG(s) dict_keys(['example_short_circuit_decorator']) retrieved from /home/airflow/.local/lib/python3.7/site-packages/airflow/example_dags/example_short_circuit_decorator.py
[2024-12-07T19:39:16.093+0000] {logging_mixin.py:120} INFO - [2024-12-07T19:39:16.093+0000] {dag.py:2585} INFO - Sync 1 DAGs
[2024-12-07T19:39:16.116+0000] {logging_mixin.py:120} INFO - [2024-12-07T19:39:16.116+0000] {dag.py:3340} INFO - Setting next_dagrun for example_short_circuit_decorator to 2024-12-06T19:39:16.116513+00:00, run_after=2024-12-07T19:39:16.116513+00:00
[2024-12-07T19:39:16.153+0000] {processor.py:176} INFO - Processing /home/airflow/.local/lib/python3.7/site-packages/airflow/example_dags/example_short_circuit_decorator.py took 0.129 seconds
[2024-12-07T19:39:46.419+0000] {processor.py:154} INFO - Started process (PID=566) to work on /home/airflow/.local/lib/python3.7/site-packages/airflow/example_dags/example_short_circuit_decorator.py
[2024-12-07T19:39:46.420+0000] {processor.py:756} INFO - Processing file /home/airflow/.local/lib/python3.7/site-packages/airflow/example_dags/example_short_circuit_decorator.py for tasks to queue
[2024-12-07T19:39:46.421+0000] {logging_mixin.py:120} INFO - [2024-12-07T19:39:46.421+0000] {dagbag.py:537} INFO - Filling up the DagBag from /home/airflow/.local/lib/python3.7/site-packages/airflow/example_dags/example_short_circuit_decorator.py
[2024-12-07T19:39:46.442+0000] {processor.py:766} INFO - DAG(s) dict_keys(['example_short_circuit_decorator']) retrieved from /home/airflow/.local/lib/python3.7/site-packages/airflow/example_dags/example_short_circuit_decorator.py
[2024-12-07T19:39:46.482+0000] {logging_mixin.py:120} INFO - [2024-12-07T19:39:46.482+0000] {dag.py:2585} INFO - Sync 1 DAGs
[2024-12-07T19:39:46.508+0000] {logging_mixin.py:120} INFO - [2024-12-07T19:39:46.508+0000] {dag.py:3340} INFO - Setting next_dagrun for example_short_circuit_decorator to 2024-12-06T19:39:46.507653+00:00, run_after=2024-12-07T19:39:46.507653+00:00
[2024-12-07T19:39:46.531+0000] {processor.py:176} INFO - Processing /home/airflow/.local/lib/python3.7/site-packages/airflow/example_dags/example_short_circuit_decorator.py took 0.115 seconds
[2024-12-07T19:40:16.632+0000] {processor.py:154} INFO - Started process (PID=630) to work on /home/airflow/.local/lib/python3.7/site-packages/airflow/example_dags/example_short_circuit_decorator.py
[2024-12-07T19:40:16.633+0000] {processor.py:756} INFO - Processing file /home/airflow/.local/lib/python3.7/site-packages/airflow/example_dags/example_short_circuit_decorator.py for tasks to queue
[2024-12-07T19:40:16.635+0000] {logging_mixin.py:120} INFO - [2024-12-07T19:40:16.634+0000] {dagbag.py:537} INFO - Filling up the DagBag from /home/airflow/.local/lib/python3.7/site-packages/airflow/example_dags/example_short_circuit_decorator.py
[2024-12-07T19:40:16.660+0000] {processor.py:766} INFO - DAG(s) dict_keys(['example_short_circuit_decorator']) retrieved from /home/airflow/.local/lib/python3.7/site-packages/airflow/example_dags/example_short_circuit_decorator.py
[2024-12-07T19:40:16.703+0000] {logging_mixin.py:120} INFO - [2024-12-07T19:40:16.703+0000] {dag.py:2585} INFO - Sync 1 DAGs
[2024-12-07T19:40:16.729+0000] {logging_mixin.py:120} INFO - [2024-12-07T19:40:16.729+0000] {dag.py:3340} INFO - Setting next_dagrun for example_short_circuit_decorator to 2024-12-06T19:40:16.729283+00:00, run_after=2024-12-07T19:40:16.729283+00:00
[2024-12-07T19:40:16.753+0000] {processor.py:176} INFO - Processing /home/airflow/.local/lib/python3.7/site-packages/airflow/example_dags/example_short_circuit_decorator.py took 0.125 seconds
[2024-12-07T19:40:47.017+0000] {processor.py:154} INFO - Started process (PID=694) to work on /home/airflow/.local/lib/python3.7/site-packages/airflow/example_dags/example_short_circuit_decorator.py
[2024-12-07T19:40:47.021+0000] {processor.py:756} INFO - Processing file /home/airflow/.local/lib/python3.7/site-packages/airflow/example_dags/example_short_circuit_decorator.py for tasks to queue
[2024-12-07T19:40:47.023+0000] {logging_mixin.py:120} INFO - [2024-12-07T19:40:47.023+0000] {dagbag.py:537} INFO - Filling up the DagBag from /home/airflow/.local/lib/python3.7/site-packages/airflow/example_dags/example_short_circuit_decorator.py
[2024-12-07T19:40:47.082+0000] {processor.py:766} INFO - DAG(s) dict_keys(['example_short_circuit_decorator']) retrieved from /home/airflow/.local/lib/python3.7/site-packages/airflow/example_dags/example_short_circuit_decorator.py
[2024-12-07T19:40:47.147+0000] {logging_mixin.py:120} INFO - [2024-12-07T19:40:47.147+0000] {dag.py:2585} INFO - Sync 1 DAGs
[2024-12-07T19:40:47.173+0000] {logging_mixin.py:120} INFO - [2024-12-07T19:40:47.173+0000] {dag.py:3340} INFO - Setting next_dagrun for example_short_circuit_decorator to 2024-12-06T19:40:47.173436+00:00, run_after=2024-12-07T19:40:47.173436+00:00
[2024-12-07T19:40:47.199+0000] {processor.py:176} INFO - Processing /home/airflow/.local/lib/python3.7/site-packages/airflow/example_dags/example_short_circuit_decorator.py took 0.189 seconds
