[2024-12-07T19:35:33.840+0000] {processor.py:154} INFO - Started process (PID=56) to work on /home/airflow/.local/lib/python3.7/site-packages/airflow/example_dags/example_nested_branch_dag.py
[2024-12-07T19:35:33.841+0000] {processor.py:756} INFO - Processing file /home/airflow/.local/lib/python3.7/site-packages/airflow/example_dags/example_nested_branch_dag.py for tasks to queue
[2024-12-07T19:35:33.842+0000] {logging_mixin.py:120} INFO - [2024-12-07T19:35:33.842+0000] {dagbag.py:537} INFO - Filling up the DagBag from /home/airflow/.local/lib/python3.7/site-packages/airflow/example_dags/example_nested_branch_dag.py
[2024-12-07T19:35:33.872+0000] {processor.py:766} INFO - DAG(s) dict_keys(['example_nested_branch_dag']) retrieved from /home/airflow/.local/lib/python3.7/site-packages/airflow/example_dags/example_nested_branch_dag.py
[2024-12-07T19:35:33.962+0000] {logging_mixin.py:120} INFO - [2024-12-07T19:35:33.962+0000] {dag.py:2585} INFO - Sync 1 DAGs
[2024-12-07T19:35:33.990+0000] {logging_mixin.py:120} INFO - [2024-12-07T19:35:33.990+0000] {dag.py:3340} INFO - Setting next_dagrun for example_nested_branch_dag to 2024-12-06T00:00:00+00:00, run_after=2024-12-07T00:00:00+00:00
[2024-12-07T19:35:34.016+0000] {processor.py:176} INFO - Processing /home/airflow/.local/lib/python3.7/site-packages/airflow/example_dags/example_nested_branch_dag.py took 0.180 seconds
[2024-12-07T19:36:04.130+0000] {processor.py:154} INFO - Started process (PID=111) to work on /home/airflow/.local/lib/python3.7/site-packages/airflow/example_dags/example_nested_branch_dag.py
[2024-12-07T19:36:04.169+0000] {processor.py:756} INFO - Processing file /home/airflow/.local/lib/python3.7/site-packages/airflow/example_dags/example_nested_branch_dag.py for tasks to queue
[2024-12-07T19:36:04.200+0000] {logging_mixin.py:120} INFO - [2024-12-07T19:36:04.199+0000] {dagbag.py:537} INFO - Filling up the DagBag from /home/airflow/.local/lib/python3.7/site-packages/airflow/example_dags/example_nested_branch_dag.py
[2024-12-07T19:36:04.239+0000] {processor.py:766} INFO - DAG(s) dict_keys(['example_nested_branch_dag']) retrieved from /home/airflow/.local/lib/python3.7/site-packages/airflow/example_dags/example_nested_branch_dag.py
[2024-12-07T19:36:04.282+0000] {logging_mixin.py:120} INFO - [2024-12-07T19:36:04.282+0000] {dag.py:2585} INFO - Sync 1 DAGs
[2024-12-07T19:36:04.305+0000] {logging_mixin.py:120} INFO - [2024-12-07T19:36:04.305+0000] {dag.py:3340} INFO - Setting next_dagrun for example_nested_branch_dag to 2024-12-06T00:00:00+00:00, run_after=2024-12-07T00:00:00+00:00
[2024-12-07T19:36:04.331+0000] {processor.py:176} INFO - Processing /home/airflow/.local/lib/python3.7/site-packages/airflow/example_dags/example_nested_branch_dag.py took 0.205 seconds
[2024-12-07T19:36:34.994+0000] {processor.py:154} INFO - Started process (PID=176) to work on /home/airflow/.local/lib/python3.7/site-packages/airflow/example_dags/example_nested_branch_dag.py
[2024-12-07T19:36:34.995+0000] {processor.py:756} INFO - Processing file /home/airflow/.local/lib/python3.7/site-packages/airflow/example_dags/example_nested_branch_dag.py for tasks to queue
[2024-12-07T19:36:34.998+0000] {logging_mixin.py:120} INFO - [2024-12-07T19:36:34.998+0000] {dagbag.py:537} INFO - Filling up the DagBag from /home/airflow/.local/lib/python3.7/site-packages/airflow/example_dags/example_nested_branch_dag.py
[2024-12-07T19:36:35.019+0000] {processor.py:766} INFO - DAG(s) dict_keys(['example_nested_branch_dag']) retrieved from /home/airflow/.local/lib/python3.7/site-packages/airflow/example_dags/example_nested_branch_dag.py
[2024-12-07T19:36:35.070+0000] {logging_mixin.py:120} INFO - [2024-12-07T19:36:35.069+0000] {dag.py:2585} INFO - Sync 1 DAGs
[2024-12-07T19:36:35.104+0000] {logging_mixin.py:120} INFO - [2024-12-07T19:36:35.103+0000] {dag.py:3340} INFO - Setting next_dagrun for example_nested_branch_dag to 2024-12-06T00:00:00+00:00, run_after=2024-12-07T00:00:00+00:00
[2024-12-07T19:36:35.140+0000] {processor.py:176} INFO - Processing /home/airflow/.local/lib/python3.7/site-packages/airflow/example_dags/example_nested_branch_dag.py took 0.148 seconds
[2024-12-07T19:37:05.691+0000] {processor.py:154} INFO - Started process (PID=240) to work on /home/airflow/.local/lib/python3.7/site-packages/airflow/example_dags/example_nested_branch_dag.py
[2024-12-07T19:37:05.693+0000] {processor.py:756} INFO - Processing file /home/airflow/.local/lib/python3.7/site-packages/airflow/example_dags/example_nested_branch_dag.py for tasks to queue
[2024-12-07T19:37:05.694+0000] {logging_mixin.py:120} INFO - [2024-12-07T19:37:05.694+0000] {dagbag.py:537} INFO - Filling up the DagBag from /home/airflow/.local/lib/python3.7/site-packages/airflow/example_dags/example_nested_branch_dag.py
[2024-12-07T19:37:05.716+0000] {processor.py:766} INFO - DAG(s) dict_keys(['example_nested_branch_dag']) retrieved from /home/airflow/.local/lib/python3.7/site-packages/airflow/example_dags/example_nested_branch_dag.py
[2024-12-07T19:37:05.762+0000] {logging_mixin.py:120} INFO - [2024-12-07T19:37:05.762+0000] {dag.py:2585} INFO - Sync 1 DAGs
[2024-12-07T19:37:05.788+0000] {logging_mixin.py:120} INFO - [2024-12-07T19:37:05.787+0000] {dag.py:3340} INFO - Setting next_dagrun for example_nested_branch_dag to 2024-12-06T00:00:00+00:00, run_after=2024-12-07T00:00:00+00:00
[2024-12-07T19:37:05.819+0000] {processor.py:176} INFO - Processing /home/airflow/.local/lib/python3.7/site-packages/airflow/example_dags/example_nested_branch_dag.py took 0.131 seconds
[2024-12-07T19:37:36.151+0000] {processor.py:154} INFO - Started process (PID=295) to work on /home/airflow/.local/lib/python3.7/site-packages/airflow/example_dags/example_nested_branch_dag.py
[2024-12-07T19:37:36.152+0000] {processor.py:756} INFO - Processing file /home/airflow/.local/lib/python3.7/site-packages/airflow/example_dags/example_nested_branch_dag.py for tasks to queue
[2024-12-07T19:37:36.153+0000] {logging_mixin.py:120} INFO - [2024-12-07T19:37:36.153+0000] {dagbag.py:537} INFO - Filling up the DagBag from /home/airflow/.local/lib/python3.7/site-packages/airflow/example_dags/example_nested_branch_dag.py
[2024-12-07T19:37:36.175+0000] {processor.py:766} INFO - DAG(s) dict_keys(['example_nested_branch_dag']) retrieved from /home/airflow/.local/lib/python3.7/site-packages/airflow/example_dags/example_nested_branch_dag.py
[2024-12-07T19:37:36.209+0000] {logging_mixin.py:120} INFO - [2024-12-07T19:37:36.209+0000] {dag.py:2585} INFO - Sync 1 DAGs
[2024-12-07T19:37:36.239+0000] {logging_mixin.py:120} INFO - [2024-12-07T19:37:36.238+0000] {dag.py:3340} INFO - Setting next_dagrun for example_nested_branch_dag to 2024-12-06T00:00:00+00:00, run_after=2024-12-07T00:00:00+00:00
[2024-12-07T19:37:36.268+0000] {processor.py:176} INFO - Processing /home/airflow/.local/lib/python3.7/site-packages/airflow/example_dags/example_nested_branch_dag.py took 0.121 seconds
[2024-12-07T19:38:08.351+0000] {processor.py:154} INFO - Started process (PID=360) to work on /home/airflow/.local/lib/python3.7/site-packages/airflow/example_dags/example_nested_branch_dag.py
[2024-12-07T19:38:08.358+0000] {processor.py:756} INFO - Processing file /home/airflow/.local/lib/python3.7/site-packages/airflow/example_dags/example_nested_branch_dag.py for tasks to queue
[2024-12-07T19:38:08.361+0000] {logging_mixin.py:120} INFO - [2024-12-07T19:38:08.361+0000] {dagbag.py:537} INFO - Filling up the DagBag from /home/airflow/.local/lib/python3.7/site-packages/airflow/example_dags/example_nested_branch_dag.py
[2024-12-07T19:38:08.439+0000] {processor.py:766} INFO - DAG(s) dict_keys(['example_nested_branch_dag']) retrieved from /home/airflow/.local/lib/python3.7/site-packages/airflow/example_dags/example_nested_branch_dag.py
[2024-12-07T19:38:08.567+0000] {logging_mixin.py:120} INFO - [2024-12-07T19:38:08.566+0000] {dag.py:2585} INFO - Sync 1 DAGs
[2024-12-07T19:38:08.653+0000] {logging_mixin.py:120} INFO - [2024-12-07T19:38:08.651+0000] {dag.py:3340} INFO - Setting next_dagrun for example_nested_branch_dag to 2024-12-06T00:00:00+00:00, run_after=2024-12-07T00:00:00+00:00
[2024-12-07T19:38:08.722+0000] {processor.py:176} INFO - Processing /home/airflow/.local/lib/python3.7/site-packages/airflow/example_dags/example_nested_branch_dag.py took 0.384 seconds
[2024-12-07T19:38:39.040+0000] {processor.py:154} INFO - Started process (PID=422) to work on /home/airflow/.local/lib/python3.7/site-packages/airflow/example_dags/example_nested_branch_dag.py
[2024-12-07T19:38:39.044+0000] {processor.py:756} INFO - Processing file /home/airflow/.local/lib/python3.7/site-packages/airflow/example_dags/example_nested_branch_dag.py for tasks to queue
[2024-12-07T19:38:39.046+0000] {logging_mixin.py:120} INFO - [2024-12-07T19:38:39.045+0000] {dagbag.py:537} INFO - Filling up the DagBag from /home/airflow/.local/lib/python3.7/site-packages/airflow/example_dags/example_nested_branch_dag.py
[2024-12-07T19:38:39.102+0000] {processor.py:766} INFO - DAG(s) dict_keys(['example_nested_branch_dag']) retrieved from /home/airflow/.local/lib/python3.7/site-packages/airflow/example_dags/example_nested_branch_dag.py
[2024-12-07T19:38:39.193+0000] {logging_mixin.py:120} INFO - [2024-12-07T19:38:39.193+0000] {dag.py:2585} INFO - Sync 1 DAGs
[2024-12-07T19:38:39.265+0000] {logging_mixin.py:120} INFO - [2024-12-07T19:38:39.260+0000] {dag.py:3340} INFO - Setting next_dagrun for example_nested_branch_dag to 2024-12-06T00:00:00+00:00, run_after=2024-12-07T00:00:00+00:00
[2024-12-07T19:38:39.322+0000] {processor.py:176} INFO - Processing /home/airflow/.local/lib/python3.7/site-packages/airflow/example_dags/example_nested_branch_dag.py took 0.286 seconds
[2024-12-07T19:39:09.868+0000] {processor.py:154} INFO - Started process (PID=479) to work on /home/airflow/.local/lib/python3.7/site-packages/airflow/example_dags/example_nested_branch_dag.py
[2024-12-07T19:39:09.869+0000] {processor.py:756} INFO - Processing file /home/airflow/.local/lib/python3.7/site-packages/airflow/example_dags/example_nested_branch_dag.py for tasks to queue
[2024-12-07T19:39:09.870+0000] {logging_mixin.py:120} INFO - [2024-12-07T19:39:09.870+0000] {dagbag.py:537} INFO - Filling up the DagBag from /home/airflow/.local/lib/python3.7/site-packages/airflow/example_dags/example_nested_branch_dag.py
[2024-12-07T19:39:09.889+0000] {processor.py:766} INFO - DAG(s) dict_keys(['example_nested_branch_dag']) retrieved from /home/airflow/.local/lib/python3.7/site-packages/airflow/example_dags/example_nested_branch_dag.py
[2024-12-07T19:39:09.925+0000] {logging_mixin.py:120} INFO - [2024-12-07T19:39:09.925+0000] {dag.py:2585} INFO - Sync 1 DAGs
[2024-12-07T19:39:09.949+0000] {logging_mixin.py:120} INFO - [2024-12-07T19:39:09.949+0000] {dag.py:3340} INFO - Setting next_dagrun for example_nested_branch_dag to 2024-12-06T00:00:00+00:00, run_after=2024-12-07T00:00:00+00:00
[2024-12-07T19:39:09.973+0000] {processor.py:176} INFO - Processing /home/airflow/.local/lib/python3.7/site-packages/airflow/example_dags/example_nested_branch_dag.py took 0.108 seconds
[2024-12-07T19:39:40.350+0000] {processor.py:154} INFO - Started process (PID=543) to work on /home/airflow/.local/lib/python3.7/site-packages/airflow/example_dags/example_nested_branch_dag.py
[2024-12-07T19:39:40.351+0000] {processor.py:756} INFO - Processing file /home/airflow/.local/lib/python3.7/site-packages/airflow/example_dags/example_nested_branch_dag.py for tasks to queue
[2024-12-07T19:39:40.352+0000] {logging_mixin.py:120} INFO - [2024-12-07T19:39:40.352+0000] {dagbag.py:537} INFO - Filling up the DagBag from /home/airflow/.local/lib/python3.7/site-packages/airflow/example_dags/example_nested_branch_dag.py
[2024-12-07T19:39:40.373+0000] {processor.py:766} INFO - DAG(s) dict_keys(['example_nested_branch_dag']) retrieved from /home/airflow/.local/lib/python3.7/site-packages/airflow/example_dags/example_nested_branch_dag.py
[2024-12-07T19:39:40.412+0000] {logging_mixin.py:120} INFO - [2024-12-07T19:39:40.412+0000] {dag.py:2585} INFO - Sync 1 DAGs
[2024-12-07T19:39:40.435+0000] {logging_mixin.py:120} INFO - [2024-12-07T19:39:40.435+0000] {dag.py:3340} INFO - Setting next_dagrun for example_nested_branch_dag to 2024-12-06T00:00:00+00:00, run_after=2024-12-07T00:00:00+00:00
[2024-12-07T19:39:40.462+0000] {processor.py:176} INFO - Processing /home/airflow/.local/lib/python3.7/site-packages/airflow/example_dags/example_nested_branch_dag.py took 0.114 seconds
[2024-12-07T19:40:10.612+0000] {processor.py:154} INFO - Started process (PID=607) to work on /home/airflow/.local/lib/python3.7/site-packages/airflow/example_dags/example_nested_branch_dag.py
[2024-12-07T19:40:10.613+0000] {processor.py:756} INFO - Processing file /home/airflow/.local/lib/python3.7/site-packages/airflow/example_dags/example_nested_branch_dag.py for tasks to queue
[2024-12-07T19:40:10.615+0000] {logging_mixin.py:120} INFO - [2024-12-07T19:40:10.614+0000] {dagbag.py:537} INFO - Filling up the DagBag from /home/airflow/.local/lib/python3.7/site-packages/airflow/example_dags/example_nested_branch_dag.py
[2024-12-07T19:40:10.640+0000] {processor.py:766} INFO - DAG(s) dict_keys(['example_nested_branch_dag']) retrieved from /home/airflow/.local/lib/python3.7/site-packages/airflow/example_dags/example_nested_branch_dag.py
[2024-12-07T19:40:10.685+0000] {logging_mixin.py:120} INFO - [2024-12-07T19:40:10.685+0000] {dag.py:2585} INFO - Sync 1 DAGs
[2024-12-07T19:40:10.716+0000] {logging_mixin.py:120} INFO - [2024-12-07T19:40:10.716+0000] {dag.py:3340} INFO - Setting next_dagrun for example_nested_branch_dag to 2024-12-06T00:00:00+00:00, run_after=2024-12-07T00:00:00+00:00
[2024-12-07T19:40:10.740+0000] {processor.py:176} INFO - Processing /home/airflow/.local/lib/python3.7/site-packages/airflow/example_dags/example_nested_branch_dag.py took 0.132 seconds
[2024-12-07T19:40:40.936+0000] {processor.py:154} INFO - Started process (PID=662) to work on /home/airflow/.local/lib/python3.7/site-packages/airflow/example_dags/example_nested_branch_dag.py
[2024-12-07T19:40:40.938+0000] {processor.py:756} INFO - Processing file /home/airflow/.local/lib/python3.7/site-packages/airflow/example_dags/example_nested_branch_dag.py for tasks to queue
[2024-12-07T19:40:40.939+0000] {logging_mixin.py:120} INFO - [2024-12-07T19:40:40.939+0000] {dagbag.py:537} INFO - Filling up the DagBag from /home/airflow/.local/lib/python3.7/site-packages/airflow/example_dags/example_nested_branch_dag.py
[2024-12-07T19:40:40.961+0000] {processor.py:766} INFO - DAG(s) dict_keys(['example_nested_branch_dag']) retrieved from /home/airflow/.local/lib/python3.7/site-packages/airflow/example_dags/example_nested_branch_dag.py
[2024-12-07T19:40:40.999+0000] {logging_mixin.py:120} INFO - [2024-12-07T19:40:40.999+0000] {dag.py:2585} INFO - Sync 1 DAGs
[2024-12-07T19:40:41.023+0000] {logging_mixin.py:120} INFO - [2024-12-07T19:40:41.023+0000] {dag.py:3340} INFO - Setting next_dagrun for example_nested_branch_dag to 2024-12-06T00:00:00+00:00, run_after=2024-12-07T00:00:00+00:00
[2024-12-07T19:40:41.053+0000] {processor.py:176} INFO - Processing /home/airflow/.local/lib/python3.7/site-packages/airflow/example_dags/example_nested_branch_dag.py took 0.121 seconds
[2024-12-07T19:41:12.374+0000] {processor.py:154} INFO - Started process (PID=717) to work on /home/airflow/.local/lib/python3.7/site-packages/airflow/example_dags/example_nested_branch_dag.py
[2024-12-07T19:41:12.375+0000] {processor.py:756} INFO - Processing file /home/airflow/.local/lib/python3.7/site-packages/airflow/example_dags/example_nested_branch_dag.py for tasks to queue
[2024-12-07T19:41:12.377+0000] {logging_mixin.py:120} INFO - [2024-12-07T19:41:12.377+0000] {dagbag.py:537} INFO - Filling up the DagBag from /home/airflow/.local/lib/python3.7/site-packages/airflow/example_dags/example_nested_branch_dag.py
[2024-12-07T19:41:12.424+0000] {processor.py:766} INFO - DAG(s) dict_keys(['example_nested_branch_dag']) retrieved from /home/airflow/.local/lib/python3.7/site-packages/airflow/example_dags/example_nested_branch_dag.py
[2024-12-07T19:41:12.487+0000] {logging_mixin.py:120} INFO - [2024-12-07T19:41:12.486+0000] {dag.py:2585} INFO - Sync 1 DAGs
[2024-12-07T19:41:12.532+0000] {logging_mixin.py:120} INFO - [2024-12-07T19:41:12.532+0000] {dag.py:3340} INFO - Setting next_dagrun for example_nested_branch_dag to 2024-12-06T00:00:00+00:00, run_after=2024-12-07T00:00:00+00:00
[2024-12-07T19:41:12.566+0000] {processor.py:176} INFO - Processing /home/airflow/.local/lib/python3.7/site-packages/airflow/example_dags/example_nested_branch_dag.py took 0.196 seconds
