[2024-12-07T19:35:35.214+0000] {processor.py:154} INFO - Started process (PID=66) to work on /home/airflow/.local/lib/python3.7/site-packages/airflow/example_dags/example_latest_only_with_trigger.py
[2024-12-07T19:35:35.216+0000] {processor.py:756} INFO - Processing file /home/airflow/.local/lib/python3.7/site-packages/airflow/example_dags/example_latest_only_with_trigger.py for tasks to queue
[2024-12-07T19:35:35.217+0000] {logging_mixin.py:120} INFO - [2024-12-07T19:35:35.217+0000] {dagbag.py:537} INFO - Filling up the DagBag from /home/airflow/.local/lib/python3.7/site-packages/airflow/example_dags/example_latest_only_with_trigger.py
[2024-12-07T19:35:35.235+0000] {processor.py:766} INFO - DAG(s) dict_keys(['latest_only_with_trigger']) retrieved from /home/airflow/.local/lib/python3.7/site-packages/airflow/example_dags/example_latest_only_with_trigger.py
[2024-12-07T19:35:35.368+0000] {logging_mixin.py:120} INFO - [2024-12-07T19:35:35.367+0000] {dag.py:2585} INFO - Sync 1 DAGs
[2024-12-07T19:35:35.402+0000] {logging_mixin.py:120} INFO - [2024-12-07T19:35:35.402+0000] {dag.py:3340} INFO - Setting next_dagrun for latest_only_with_trigger to 2024-12-07T15:35:35.401725+00:00, run_after=2024-12-07T19:35:35.401725+00:00
[2024-12-07T19:35:35.463+0000] {processor.py:176} INFO - Processing /home/airflow/.local/lib/python3.7/site-packages/airflow/example_dags/example_latest_only_with_trigger.py took 0.251 seconds
[2024-12-07T19:36:05.686+0000] {processor.py:154} INFO - Started process (PID=121) to work on /home/airflow/.local/lib/python3.7/site-packages/airflow/example_dags/example_latest_only_with_trigger.py
[2024-12-07T19:36:05.689+0000] {processor.py:756} INFO - Processing file /home/airflow/.local/lib/python3.7/site-packages/airflow/example_dags/example_latest_only_with_trigger.py for tasks to queue
[2024-12-07T19:36:05.690+0000] {logging_mixin.py:120} INFO - [2024-12-07T19:36:05.690+0000] {dagbag.py:537} INFO - Filling up the DagBag from /home/airflow/.local/lib/python3.7/site-packages/airflow/example_dags/example_latest_only_with_trigger.py
[2024-12-07T19:36:05.707+0000] {processor.py:766} INFO - DAG(s) dict_keys(['latest_only_with_trigger']) retrieved from /home/airflow/.local/lib/python3.7/site-packages/airflow/example_dags/example_latest_only_with_trigger.py
[2024-12-07T19:36:05.758+0000] {logging_mixin.py:120} INFO - [2024-12-07T19:36:05.758+0000] {dag.py:2585} INFO - Sync 1 DAGs
[2024-12-07T19:36:05.784+0000] {logging_mixin.py:120} INFO - [2024-12-07T19:36:05.784+0000] {dag.py:3340} INFO - Setting next_dagrun for latest_only_with_trigger to 2024-12-07T15:36:05.784376+00:00, run_after=2024-12-07T19:36:05.784376+00:00
[2024-12-07T19:36:05.805+0000] {processor.py:176} INFO - Processing /home/airflow/.local/lib/python3.7/site-packages/airflow/example_dags/example_latest_only_with_trigger.py took 0.121 seconds
[2024-12-07T19:36:35.832+0000] {processor.py:154} INFO - Started process (PID=186) to work on /home/airflow/.local/lib/python3.7/site-packages/airflow/example_dags/example_latest_only_with_trigger.py
[2024-12-07T19:36:35.834+0000] {processor.py:756} INFO - Processing file /home/airflow/.local/lib/python3.7/site-packages/airflow/example_dags/example_latest_only_with_trigger.py for tasks to queue
[2024-12-07T19:36:35.835+0000] {logging_mixin.py:120} INFO - [2024-12-07T19:36:35.835+0000] {dagbag.py:537} INFO - Filling up the DagBag from /home/airflow/.local/lib/python3.7/site-packages/airflow/example_dags/example_latest_only_with_trigger.py
[2024-12-07T19:36:35.855+0000] {processor.py:766} INFO - DAG(s) dict_keys(['latest_only_with_trigger']) retrieved from /home/airflow/.local/lib/python3.7/site-packages/airflow/example_dags/example_latest_only_with_trigger.py
[2024-12-07T19:36:35.903+0000] {logging_mixin.py:120} INFO - [2024-12-07T19:36:35.903+0000] {dag.py:2585} INFO - Sync 1 DAGs
[2024-12-07T19:36:35.929+0000] {logging_mixin.py:120} INFO - [2024-12-07T19:36:35.929+0000] {dag.py:3340} INFO - Setting next_dagrun for latest_only_with_trigger to 2024-12-07T15:36:35.928780+00:00, run_after=2024-12-07T19:36:35.928780+00:00
[2024-12-07T19:36:35.964+0000] {processor.py:176} INFO - Processing /home/airflow/.local/lib/python3.7/site-packages/airflow/example_dags/example_latest_only_with_trigger.py took 0.134 seconds
[2024-12-07T19:37:06.556+0000] {processor.py:154} INFO - Started process (PID=250) to work on /home/airflow/.local/lib/python3.7/site-packages/airflow/example_dags/example_latest_only_with_trigger.py
[2024-12-07T19:37:06.557+0000] {processor.py:756} INFO - Processing file /home/airflow/.local/lib/python3.7/site-packages/airflow/example_dags/example_latest_only_with_trigger.py for tasks to queue
[2024-12-07T19:37:06.558+0000] {logging_mixin.py:120} INFO - [2024-12-07T19:37:06.558+0000] {dagbag.py:537} INFO - Filling up the DagBag from /home/airflow/.local/lib/python3.7/site-packages/airflow/example_dags/example_latest_only_with_trigger.py
[2024-12-07T19:37:06.574+0000] {processor.py:766} INFO - DAG(s) dict_keys(['latest_only_with_trigger']) retrieved from /home/airflow/.local/lib/python3.7/site-packages/airflow/example_dags/example_latest_only_with_trigger.py
[2024-12-07T19:37:06.614+0000] {logging_mixin.py:120} INFO - [2024-12-07T19:37:06.614+0000] {dag.py:2585} INFO - Sync 1 DAGs
[2024-12-07T19:37:06.640+0000] {logging_mixin.py:120} INFO - [2024-12-07T19:37:06.639+0000] {dag.py:3340} INFO - Setting next_dagrun for latest_only_with_trigger to 2024-12-07T15:37:06.639601+00:00, run_after=2024-12-07T19:37:06.639601+00:00
[2024-12-07T19:37:06.668+0000] {processor.py:176} INFO - Processing /home/airflow/.local/lib/python3.7/site-packages/airflow/example_dags/example_latest_only_with_trigger.py took 0.116 seconds
[2024-12-07T19:37:37.059+0000] {processor.py:154} INFO - Started process (PID=305) to work on /home/airflow/.local/lib/python3.7/site-packages/airflow/example_dags/example_latest_only_with_trigger.py
[2024-12-07T19:37:37.061+0000] {processor.py:756} INFO - Processing file /home/airflow/.local/lib/python3.7/site-packages/airflow/example_dags/example_latest_only_with_trigger.py for tasks to queue
[2024-12-07T19:37:37.064+0000] {logging_mixin.py:120} INFO - [2024-12-07T19:37:37.064+0000] {dagbag.py:537} INFO - Filling up the DagBag from /home/airflow/.local/lib/python3.7/site-packages/airflow/example_dags/example_latest_only_with_trigger.py
[2024-12-07T19:37:37.083+0000] {processor.py:766} INFO - DAG(s) dict_keys(['latest_only_with_trigger']) retrieved from /home/airflow/.local/lib/python3.7/site-packages/airflow/example_dags/example_latest_only_with_trigger.py
[2024-12-07T19:37:37.122+0000] {logging_mixin.py:120} INFO - [2024-12-07T19:37:37.122+0000] {dag.py:2585} INFO - Sync 1 DAGs
[2024-12-07T19:37:37.166+0000] {logging_mixin.py:120} INFO - [2024-12-07T19:37:37.166+0000] {dag.py:3340} INFO - Setting next_dagrun for latest_only_with_trigger to 2024-12-07T15:37:37.165886+00:00, run_after=2024-12-07T19:37:37.165886+00:00
[2024-12-07T19:37:37.207+0000] {processor.py:176} INFO - Processing /home/airflow/.local/lib/python3.7/site-packages/airflow/example_dags/example_latest_only_with_trigger.py took 0.152 seconds
[2024-12-07T19:38:10.355+0000] {processor.py:154} INFO - Started process (PID=370) to work on /home/airflow/.local/lib/python3.7/site-packages/airflow/example_dags/example_latest_only_with_trigger.py
[2024-12-07T19:38:10.364+0000] {processor.py:756} INFO - Processing file /home/airflow/.local/lib/python3.7/site-packages/airflow/example_dags/example_latest_only_with_trigger.py for tasks to queue
[2024-12-07T19:38:10.369+0000] {logging_mixin.py:120} INFO - [2024-12-07T19:38:10.369+0000] {dagbag.py:537} INFO - Filling up the DagBag from /home/airflow/.local/lib/python3.7/site-packages/airflow/example_dags/example_latest_only_with_trigger.py
[2024-12-07T19:38:10.484+0000] {processor.py:766} INFO - DAG(s) dict_keys(['latest_only_with_trigger']) retrieved from /home/airflow/.local/lib/python3.7/site-packages/airflow/example_dags/example_latest_only_with_trigger.py
[2024-12-07T19:38:10.574+0000] {logging_mixin.py:120} INFO - [2024-12-07T19:38:10.574+0000] {dag.py:2585} INFO - Sync 1 DAGs
[2024-12-07T19:38:10.638+0000] {logging_mixin.py:120} INFO - [2024-12-07T19:38:10.637+0000] {dag.py:3340} INFO - Setting next_dagrun for latest_only_with_trigger to 2024-12-07T15:38:10.637478+00:00, run_after=2024-12-07T19:38:10.637478+00:00
[2024-12-07T19:38:10.718+0000] {processor.py:176} INFO - Processing /home/airflow/.local/lib/python3.7/site-packages/airflow/example_dags/example_latest_only_with_trigger.py took 0.366 seconds
[2024-12-07T19:38:41.196+0000] {processor.py:154} INFO - Started process (PID=434) to work on /home/airflow/.local/lib/python3.7/site-packages/airflow/example_dags/example_latest_only_with_trigger.py
[2024-12-07T19:38:41.199+0000] {processor.py:756} INFO - Processing file /home/airflow/.local/lib/python3.7/site-packages/airflow/example_dags/example_latest_only_with_trigger.py for tasks to queue
[2024-12-07T19:38:41.200+0000] {logging_mixin.py:120} INFO - [2024-12-07T19:38:41.200+0000] {dagbag.py:537} INFO - Filling up the DagBag from /home/airflow/.local/lib/python3.7/site-packages/airflow/example_dags/example_latest_only_with_trigger.py
[2024-12-07T19:38:41.218+0000] {processor.py:766} INFO - DAG(s) dict_keys(['latest_only_with_trigger']) retrieved from /home/airflow/.local/lib/python3.7/site-packages/airflow/example_dags/example_latest_only_with_trigger.py
[2024-12-07T19:38:41.277+0000] {logging_mixin.py:120} INFO - [2024-12-07T19:38:41.276+0000] {dag.py:2585} INFO - Sync 1 DAGs
[2024-12-07T19:38:41.309+0000] {logging_mixin.py:120} INFO - [2024-12-07T19:38:41.309+0000] {dag.py:3340} INFO - Setting next_dagrun for latest_only_with_trigger to 2024-12-07T15:38:41.308885+00:00, run_after=2024-12-07T19:38:41.308885+00:00
[2024-12-07T19:38:41.349+0000] {processor.py:176} INFO - Processing /home/airflow/.local/lib/python3.7/site-packages/airflow/example_dags/example_latest_only_with_trigger.py took 0.158 seconds
[2024-12-07T19:39:11.659+0000] {processor.py:154} INFO - Started process (PID=489) to work on /home/airflow/.local/lib/python3.7/site-packages/airflow/example_dags/example_latest_only_with_trigger.py
[2024-12-07T19:39:11.660+0000] {processor.py:756} INFO - Processing file /home/airflow/.local/lib/python3.7/site-packages/airflow/example_dags/example_latest_only_with_trigger.py for tasks to queue
[2024-12-07T19:39:11.661+0000] {logging_mixin.py:120} INFO - [2024-12-07T19:39:11.661+0000] {dagbag.py:537} INFO - Filling up the DagBag from /home/airflow/.local/lib/python3.7/site-packages/airflow/example_dags/example_latest_only_with_trigger.py
[2024-12-07T19:39:11.678+0000] {processor.py:766} INFO - DAG(s) dict_keys(['latest_only_with_trigger']) retrieved from /home/airflow/.local/lib/python3.7/site-packages/airflow/example_dags/example_latest_only_with_trigger.py
[2024-12-07T19:39:11.720+0000] {logging_mixin.py:120} INFO - [2024-12-07T19:39:11.719+0000] {dag.py:2585} INFO - Sync 1 DAGs
[2024-12-07T19:39:11.751+0000] {logging_mixin.py:120} INFO - [2024-12-07T19:39:11.750+0000] {dag.py:3340} INFO - Setting next_dagrun for latest_only_with_trigger to 2024-12-07T15:39:11.750617+00:00, run_after=2024-12-07T19:39:11.750617+00:00
[2024-12-07T19:39:11.780+0000] {processor.py:176} INFO - Processing /home/airflow/.local/lib/python3.7/site-packages/airflow/example_dags/example_latest_only_with_trigger.py took 0.124 seconds
[2024-12-07T19:39:42.149+0000] {processor.py:154} INFO - Started process (PID=553) to work on /home/airflow/.local/lib/python3.7/site-packages/airflow/example_dags/example_latest_only_with_trigger.py
[2024-12-07T19:39:42.150+0000] {processor.py:756} INFO - Processing file /home/airflow/.local/lib/python3.7/site-packages/airflow/example_dags/example_latest_only_with_trigger.py for tasks to queue
[2024-12-07T19:39:42.151+0000] {logging_mixin.py:120} INFO - [2024-12-07T19:39:42.150+0000] {dagbag.py:537} INFO - Filling up the DagBag from /home/airflow/.local/lib/python3.7/site-packages/airflow/example_dags/example_latest_only_with_trigger.py
[2024-12-07T19:39:42.170+0000] {processor.py:766} INFO - DAG(s) dict_keys(['latest_only_with_trigger']) retrieved from /home/airflow/.local/lib/python3.7/site-packages/airflow/example_dags/example_latest_only_with_trigger.py
[2024-12-07T19:39:42.227+0000] {logging_mixin.py:120} INFO - [2024-12-07T19:39:42.227+0000] {dag.py:2585} INFO - Sync 1 DAGs
[2024-12-07T19:39:42.251+0000] {logging_mixin.py:120} INFO - [2024-12-07T19:39:42.251+0000] {dag.py:3340} INFO - Setting next_dagrun for latest_only_with_trigger to 2024-12-07T15:39:42.251533+00:00, run_after=2024-12-07T19:39:42.251533+00:00
[2024-12-07T19:39:42.272+0000] {processor.py:176} INFO - Processing /home/airflow/.local/lib/python3.7/site-packages/airflow/example_dags/example_latest_only_with_trigger.py took 0.128 seconds
[2024-12-07T19:40:12.422+0000] {processor.py:154} INFO - Started process (PID=617) to work on /home/airflow/.local/lib/python3.7/site-packages/airflow/example_dags/example_latest_only_with_trigger.py
[2024-12-07T19:40:12.423+0000] {processor.py:756} INFO - Processing file /home/airflow/.local/lib/python3.7/site-packages/airflow/example_dags/example_latest_only_with_trigger.py for tasks to queue
[2024-12-07T19:40:12.424+0000] {logging_mixin.py:120} INFO - [2024-12-07T19:40:12.424+0000] {dagbag.py:537} INFO - Filling up the DagBag from /home/airflow/.local/lib/python3.7/site-packages/airflow/example_dags/example_latest_only_with_trigger.py
[2024-12-07T19:40:12.438+0000] {processor.py:766} INFO - DAG(s) dict_keys(['latest_only_with_trigger']) retrieved from /home/airflow/.local/lib/python3.7/site-packages/airflow/example_dags/example_latest_only_with_trigger.py
[2024-12-07T19:40:12.475+0000] {logging_mixin.py:120} INFO - [2024-12-07T19:40:12.475+0000] {dag.py:2585} INFO - Sync 1 DAGs
[2024-12-07T19:40:12.502+0000] {logging_mixin.py:120} INFO - [2024-12-07T19:40:12.502+0000] {dag.py:3340} INFO - Setting next_dagrun for latest_only_with_trigger to 2024-12-07T15:40:12.502604+00:00, run_after=2024-12-07T19:40:12.502604+00:00
[2024-12-07T19:40:12.526+0000] {processor.py:176} INFO - Processing /home/airflow/.local/lib/python3.7/site-packages/airflow/example_dags/example_latest_only_with_trigger.py took 0.106 seconds
[2024-12-07T19:40:42.719+0000] {processor.py:154} INFO - Started process (PID=672) to work on /home/airflow/.local/lib/python3.7/site-packages/airflow/example_dags/example_latest_only_with_trigger.py
[2024-12-07T19:40:42.720+0000] {processor.py:756} INFO - Processing file /home/airflow/.local/lib/python3.7/site-packages/airflow/example_dags/example_latest_only_with_trigger.py for tasks to queue
[2024-12-07T19:40:42.721+0000] {logging_mixin.py:120} INFO - [2024-12-07T19:40:42.721+0000] {dagbag.py:537} INFO - Filling up the DagBag from /home/airflow/.local/lib/python3.7/site-packages/airflow/example_dags/example_latest_only_with_trigger.py
[2024-12-07T19:40:42.733+0000] {processor.py:766} INFO - DAG(s) dict_keys(['latest_only_with_trigger']) retrieved from /home/airflow/.local/lib/python3.7/site-packages/airflow/example_dags/example_latest_only_with_trigger.py
[2024-12-07T19:40:42.775+0000] {logging_mixin.py:120} INFO - [2024-12-07T19:40:42.775+0000] {dag.py:2585} INFO - Sync 1 DAGs
[2024-12-07T19:40:42.800+0000] {logging_mixin.py:120} INFO - [2024-12-07T19:40:42.800+0000] {dag.py:3340} INFO - Setting next_dagrun for latest_only_with_trigger to 2024-12-07T15:40:42.800230+00:00, run_after=2024-12-07T19:40:42.800230+00:00
[2024-12-07T19:40:42.825+0000] {processor.py:176} INFO - Processing /home/airflow/.local/lib/python3.7/site-packages/airflow/example_dags/example_latest_only_with_trigger.py took 0.109 seconds
[2024-12-07T19:41:13.958+0000] {processor.py:154} INFO - Started process (PID=736) to work on /home/airflow/.local/lib/python3.7/site-packages/airflow/example_dags/example_latest_only_with_trigger.py
[2024-12-07T19:41:13.960+0000] {processor.py:756} INFO - Processing file /home/airflow/.local/lib/python3.7/site-packages/airflow/example_dags/example_latest_only_with_trigger.py for tasks to queue
[2024-12-07T19:41:13.961+0000] {logging_mixin.py:120} INFO - [2024-12-07T19:41:13.961+0000] {dagbag.py:537} INFO - Filling up the DagBag from /home/airflow/.local/lib/python3.7/site-packages/airflow/example_dags/example_latest_only_with_trigger.py
[2024-12-07T19:41:13.977+0000] {processor.py:766} INFO - DAG(s) dict_keys(['latest_only_with_trigger']) retrieved from /home/airflow/.local/lib/python3.7/site-packages/airflow/example_dags/example_latest_only_with_trigger.py
[2024-12-07T19:41:14.046+0000] {logging_mixin.py:120} INFO - [2024-12-07T19:41:14.046+0000] {dag.py:2585} INFO - Sync 1 DAGs
[2024-12-07T19:41:14.113+0000] {logging_mixin.py:120} INFO - [2024-12-07T19:41:14.113+0000] {dag.py:3340} INFO - Setting next_dagrun for latest_only_with_trigger to 2024-12-07T15:41:14.113315+00:00, run_after=2024-12-07T19:41:14.113315+00:00
[2024-12-07T19:41:14.377+0000] {processor.py:176} INFO - Processing /home/airflow/.local/lib/python3.7/site-packages/airflow/example_dags/example_latest_only_with_trigger.py took 0.422 seconds
