[2024-12-07T19:35:33.840+0000] {processor.py:154} INFO - Started process (PID=57) to work on /home/airflow/.local/lib/python3.7/site-packages/airflow/example_dags/example_branch_datetime_operator.py
[2024-12-07T19:35:33.841+0000] {processor.py:756} INFO - Processing file /home/airflow/.local/lib/python3.7/site-packages/airflow/example_dags/example_branch_datetime_operator.py for tasks to queue
[2024-12-07T19:35:33.842+0000] {logging_mixin.py:120} INFO - [2024-12-07T19:35:33.842+0000] {dagbag.py:537} INFO - Filling up the DagBag from /home/airflow/.local/lib/python3.7/site-packages/airflow/example_dags/example_branch_datetime_operator.py
[2024-12-07T19:35:33.864+0000] {processor.py:766} INFO - DAG(s) dict_keys(['example_branch_datetime_operator_3', 'example_branch_datetime_operator_2', 'example_branch_datetime_operator']) retrieved from /home/airflow/.local/lib/python3.7/site-packages/airflow/example_dags/example_branch_datetime_operator.py
[2024-12-07T19:35:33.972+0000] {logging_mixin.py:120} INFO - [2024-12-07T19:35:33.972+0000] {dag.py:2585} INFO - Sync 3 DAGs
[2024-12-07T19:35:34.002+0000] {logging_mixin.py:120} INFO - [2024-12-07T19:35:34.002+0000] {dag.py:3340} INFO - Setting next_dagrun for example_branch_datetime_operator to 2024-12-06T00:00:00+00:00, run_after=2024-12-07T00:00:00+00:00
[2024-12-07T19:35:34.007+0000] {logging_mixin.py:120} INFO - [2024-12-07T19:35:34.007+0000] {dag.py:3340} INFO - Setting next_dagrun for example_branch_datetime_operator_2 to 2024-12-06T00:00:00+00:00, run_after=2024-12-07T00:00:00+00:00
[2024-12-07T19:35:34.009+0000] {logging_mixin.py:120} INFO - [2024-12-07T19:35:34.009+0000] {dag.py:3340} INFO - Setting next_dagrun for example_branch_datetime_operator_3 to 2024-12-06T00:00:00+00:00, run_after=2024-12-07T00:00:00+00:00
[2024-12-07T19:35:34.037+0000] {processor.py:176} INFO - Processing /home/airflow/.local/lib/python3.7/site-packages/airflow/example_dags/example_branch_datetime_operator.py took 0.200 seconds
[2024-12-07T19:36:04.134+0000] {processor.py:154} INFO - Started process (PID=112) to work on /home/airflow/.local/lib/python3.7/site-packages/airflow/example_dags/example_branch_datetime_operator.py
[2024-12-07T19:36:04.169+0000] {processor.py:756} INFO - Processing file /home/airflow/.local/lib/python3.7/site-packages/airflow/example_dags/example_branch_datetime_operator.py for tasks to queue
[2024-12-07T19:36:04.200+0000] {logging_mixin.py:120} INFO - [2024-12-07T19:36:04.199+0000] {dagbag.py:537} INFO - Filling up the DagBag from /home/airflow/.local/lib/python3.7/site-packages/airflow/example_dags/example_branch_datetime_operator.py
[2024-12-07T19:36:04.226+0000] {processor.py:766} INFO - DAG(s) dict_keys(['example_branch_datetime_operator_3', 'example_branch_datetime_operator', 'example_branch_datetime_operator_2']) retrieved from /home/airflow/.local/lib/python3.7/site-packages/airflow/example_dags/example_branch_datetime_operator.py
[2024-12-07T19:36:04.280+0000] {logging_mixin.py:120} INFO - [2024-12-07T19:36:04.280+0000] {dag.py:2585} INFO - Sync 3 DAGs
[2024-12-07T19:36:04.305+0000] {logging_mixin.py:120} INFO - [2024-12-07T19:36:04.305+0000] {dag.py:3340} INFO - Setting next_dagrun for example_branch_datetime_operator to 2024-12-06T00:00:00+00:00, run_after=2024-12-07T00:00:00+00:00
[2024-12-07T19:36:04.310+0000] {logging_mixin.py:120} INFO - [2024-12-07T19:36:04.310+0000] {dag.py:3340} INFO - Setting next_dagrun for example_branch_datetime_operator_2 to 2024-12-06T00:00:00+00:00, run_after=2024-12-07T00:00:00+00:00
[2024-12-07T19:36:04.313+0000] {logging_mixin.py:120} INFO - [2024-12-07T19:36:04.312+0000] {dag.py:3340} INFO - Setting next_dagrun for example_branch_datetime_operator_3 to 2024-12-06T00:00:00+00:00, run_after=2024-12-07T00:00:00+00:00
[2024-12-07T19:36:04.332+0000] {processor.py:176} INFO - Processing /home/airflow/.local/lib/python3.7/site-packages/airflow/example_dags/example_branch_datetime_operator.py took 0.205 seconds
[2024-12-07T19:36:34.993+0000] {processor.py:154} INFO - Started process (PID=177) to work on /home/airflow/.local/lib/python3.7/site-packages/airflow/example_dags/example_branch_datetime_operator.py
[2024-12-07T19:36:34.995+0000] {processor.py:756} INFO - Processing file /home/airflow/.local/lib/python3.7/site-packages/airflow/example_dags/example_branch_datetime_operator.py for tasks to queue
[2024-12-07T19:36:34.998+0000] {logging_mixin.py:120} INFO - [2024-12-07T19:36:34.998+0000] {dagbag.py:537} INFO - Filling up the DagBag from /home/airflow/.local/lib/python3.7/site-packages/airflow/example_dags/example_branch_datetime_operator.py
[2024-12-07T19:36:35.014+0000] {processor.py:766} INFO - DAG(s) dict_keys(['example_branch_datetime_operator_3', 'example_branch_datetime_operator_2', 'example_branch_datetime_operator']) retrieved from /home/airflow/.local/lib/python3.7/site-packages/airflow/example_dags/example_branch_datetime_operator.py
[2024-12-07T19:36:35.071+0000] {logging_mixin.py:120} INFO - [2024-12-07T19:36:35.071+0000] {dag.py:2585} INFO - Sync 3 DAGs
[2024-12-07T19:36:35.104+0000] {logging_mixin.py:120} INFO - [2024-12-07T19:36:35.104+0000] {dag.py:3340} INFO - Setting next_dagrun for example_branch_datetime_operator to 2024-12-06T00:00:00+00:00, run_after=2024-12-07T00:00:00+00:00
[2024-12-07T19:36:35.112+0000] {logging_mixin.py:120} INFO - [2024-12-07T19:36:35.110+0000] {dag.py:3340} INFO - Setting next_dagrun for example_branch_datetime_operator_2 to 2024-12-06T00:00:00+00:00, run_after=2024-12-07T00:00:00+00:00
[2024-12-07T19:36:35.117+0000] {logging_mixin.py:120} INFO - [2024-12-07T19:36:35.116+0000] {dag.py:3340} INFO - Setting next_dagrun for example_branch_datetime_operator_3 to 2024-12-06T00:00:00+00:00, run_after=2024-12-07T00:00:00+00:00
[2024-12-07T19:36:35.148+0000] {processor.py:176} INFO - Processing /home/airflow/.local/lib/python3.7/site-packages/airflow/example_dags/example_branch_datetime_operator.py took 0.157 seconds
[2024-12-07T19:37:05.846+0000] {processor.py:154} INFO - Started process (PID=241) to work on /home/airflow/.local/lib/python3.7/site-packages/airflow/example_dags/example_branch_datetime_operator.py
[2024-12-07T19:37:05.847+0000] {processor.py:756} INFO - Processing file /home/airflow/.local/lib/python3.7/site-packages/airflow/example_dags/example_branch_datetime_operator.py for tasks to queue
[2024-12-07T19:37:05.848+0000] {logging_mixin.py:120} INFO - [2024-12-07T19:37:05.848+0000] {dagbag.py:537} INFO - Filling up the DagBag from /home/airflow/.local/lib/python3.7/site-packages/airflow/example_dags/example_branch_datetime_operator.py
[2024-12-07T19:37:05.862+0000] {processor.py:766} INFO - DAG(s) dict_keys(['example_branch_datetime_operator_2', 'example_branch_datetime_operator_3', 'example_branch_datetime_operator']) retrieved from /home/airflow/.local/lib/python3.7/site-packages/airflow/example_dags/example_branch_datetime_operator.py
[2024-12-07T19:37:05.903+0000] {logging_mixin.py:120} INFO - [2024-12-07T19:37:05.903+0000] {dag.py:2585} INFO - Sync 3 DAGs
[2024-12-07T19:37:05.937+0000] {logging_mixin.py:120} INFO - [2024-12-07T19:37:05.936+0000] {dag.py:3340} INFO - Setting next_dagrun for example_branch_datetime_operator to 2024-12-06T00:00:00+00:00, run_after=2024-12-07T00:00:00+00:00
[2024-12-07T19:37:05.941+0000] {logging_mixin.py:120} INFO - [2024-12-07T19:37:05.941+0000] {dag.py:3340} INFO - Setting next_dagrun for example_branch_datetime_operator_2 to 2024-12-06T00:00:00+00:00, run_after=2024-12-07T00:00:00+00:00
[2024-12-07T19:37:05.944+0000] {logging_mixin.py:120} INFO - [2024-12-07T19:37:05.944+0000] {dag.py:3340} INFO - Setting next_dagrun for example_branch_datetime_operator_3 to 2024-12-06T00:00:00+00:00, run_after=2024-12-07T00:00:00+00:00
[2024-12-07T19:37:05.967+0000] {processor.py:176} INFO - Processing /home/airflow/.local/lib/python3.7/site-packages/airflow/example_dags/example_branch_datetime_operator.py took 0.124 seconds
[2024-12-07T19:37:36.240+0000] {processor.py:154} INFO - Started process (PID=296) to work on /home/airflow/.local/lib/python3.7/site-packages/airflow/example_dags/example_branch_datetime_operator.py
[2024-12-07T19:37:36.241+0000] {processor.py:756} INFO - Processing file /home/airflow/.local/lib/python3.7/site-packages/airflow/example_dags/example_branch_datetime_operator.py for tasks to queue
[2024-12-07T19:37:36.242+0000] {logging_mixin.py:120} INFO - [2024-12-07T19:37:36.242+0000] {dagbag.py:537} INFO - Filling up the DagBag from /home/airflow/.local/lib/python3.7/site-packages/airflow/example_dags/example_branch_datetime_operator.py
[2024-12-07T19:37:36.264+0000] {processor.py:766} INFO - DAG(s) dict_keys(['example_branch_datetime_operator', 'example_branch_datetime_operator_2', 'example_branch_datetime_operator_3']) retrieved from /home/airflow/.local/lib/python3.7/site-packages/airflow/example_dags/example_branch_datetime_operator.py
[2024-12-07T19:37:36.292+0000] {logging_mixin.py:120} INFO - [2024-12-07T19:37:36.292+0000] {dag.py:2585} INFO - Sync 3 DAGs
[2024-12-07T19:37:36.357+0000] {logging_mixin.py:120} INFO - [2024-12-07T19:37:36.357+0000] {dag.py:3340} INFO - Setting next_dagrun for example_branch_datetime_operator to 2024-12-06T00:00:00+00:00, run_after=2024-12-07T00:00:00+00:00
[2024-12-07T19:37:36.365+0000] {logging_mixin.py:120} INFO - [2024-12-07T19:37:36.365+0000] {dag.py:3340} INFO - Setting next_dagrun for example_branch_datetime_operator_2 to 2024-12-06T00:00:00+00:00, run_after=2024-12-07T00:00:00+00:00
[2024-12-07T19:37:36.369+0000] {logging_mixin.py:120} INFO - [2024-12-07T19:37:36.369+0000] {dag.py:3340} INFO - Setting next_dagrun for example_branch_datetime_operator_3 to 2024-12-06T00:00:00+00:00, run_after=2024-12-07T00:00:00+00:00
[2024-12-07T19:37:36.410+0000] {processor.py:176} INFO - Processing /home/airflow/.local/lib/python3.7/site-packages/airflow/example_dags/example_branch_datetime_operator.py took 0.174 seconds
[2024-12-07T19:38:08.717+0000] {processor.py:154} INFO - Started process (PID=361) to work on /home/airflow/.local/lib/python3.7/site-packages/airflow/example_dags/example_branch_datetime_operator.py
[2024-12-07T19:38:08.726+0000] {processor.py:756} INFO - Processing file /home/airflow/.local/lib/python3.7/site-packages/airflow/example_dags/example_branch_datetime_operator.py for tasks to queue
[2024-12-07T19:38:08.736+0000] {logging_mixin.py:120} INFO - [2024-12-07T19:38:08.736+0000] {dagbag.py:537} INFO - Filling up the DagBag from /home/airflow/.local/lib/python3.7/site-packages/airflow/example_dags/example_branch_datetime_operator.py
[2024-12-07T19:38:08.798+0000] {processor.py:766} INFO - DAG(s) dict_keys(['example_branch_datetime_operator_2', 'example_branch_datetime_operator_3', 'example_branch_datetime_operator']) retrieved from /home/airflow/.local/lib/python3.7/site-packages/airflow/example_dags/example_branch_datetime_operator.py
[2024-12-07T19:38:08.940+0000] {logging_mixin.py:120} INFO - [2024-12-07T19:38:08.939+0000] {dag.py:2585} INFO - Sync 3 DAGs
[2024-12-07T19:38:09.006+0000] {logging_mixin.py:120} INFO - [2024-12-07T19:38:09.006+0000] {dag.py:3340} INFO - Setting next_dagrun for example_branch_datetime_operator to 2024-12-06T00:00:00+00:00, run_after=2024-12-07T00:00:00+00:00
[2024-12-07T19:38:09.023+0000] {logging_mixin.py:120} INFO - [2024-12-07T19:38:09.022+0000] {dag.py:3340} INFO - Setting next_dagrun for example_branch_datetime_operator_2 to 2024-12-06T00:00:00+00:00, run_after=2024-12-07T00:00:00+00:00
[2024-12-07T19:38:09.037+0000] {logging_mixin.py:120} INFO - [2024-12-07T19:38:09.037+0000] {dag.py:3340} INFO - Setting next_dagrun for example_branch_datetime_operator_3 to 2024-12-06T00:00:00+00:00, run_after=2024-12-07T00:00:00+00:00
[2024-12-07T19:38:09.080+0000] {processor.py:176} INFO - Processing /home/airflow/.local/lib/python3.7/site-packages/airflow/example_dags/example_branch_datetime_operator.py took 0.374 seconds
[2024-12-07T19:38:39.309+0000] {processor.py:154} INFO - Started process (PID=425) to work on /home/airflow/.local/lib/python3.7/site-packages/airflow/example_dags/example_branch_datetime_operator.py
[2024-12-07T19:38:39.314+0000] {processor.py:756} INFO - Processing file /home/airflow/.local/lib/python3.7/site-packages/airflow/example_dags/example_branch_datetime_operator.py for tasks to queue
[2024-12-07T19:38:39.322+0000] {logging_mixin.py:120} INFO - [2024-12-07T19:38:39.321+0000] {dagbag.py:537} INFO - Filling up the DagBag from /home/airflow/.local/lib/python3.7/site-packages/airflow/example_dags/example_branch_datetime_operator.py
[2024-12-07T19:38:39.359+0000] {processor.py:766} INFO - DAG(s) dict_keys(['example_branch_datetime_operator_2', 'example_branch_datetime_operator_3', 'example_branch_datetime_operator']) retrieved from /home/airflow/.local/lib/python3.7/site-packages/airflow/example_dags/example_branch_datetime_operator.py
[2024-12-07T19:38:39.477+0000] {logging_mixin.py:120} INFO - [2024-12-07T19:38:39.476+0000] {dag.py:2585} INFO - Sync 3 DAGs
[2024-12-07T19:38:39.517+0000] {logging_mixin.py:120} INFO - [2024-12-07T19:38:39.516+0000] {dag.py:3340} INFO - Setting next_dagrun for example_branch_datetime_operator to 2024-12-06T00:00:00+00:00, run_after=2024-12-07T00:00:00+00:00
[2024-12-07T19:38:39.524+0000] {logging_mixin.py:120} INFO - [2024-12-07T19:38:39.523+0000] {dag.py:3340} INFO - Setting next_dagrun for example_branch_datetime_operator_2 to 2024-12-06T00:00:00+00:00, run_after=2024-12-07T00:00:00+00:00
[2024-12-07T19:38:39.527+0000] {logging_mixin.py:120} INFO - [2024-12-07T19:38:39.527+0000] {dag.py:3340} INFO - Setting next_dagrun for example_branch_datetime_operator_3 to 2024-12-06T00:00:00+00:00, run_after=2024-12-07T00:00:00+00:00
[2024-12-07T19:38:39.557+0000] {processor.py:176} INFO - Processing /home/airflow/.local/lib/python3.7/site-packages/airflow/example_dags/example_branch_datetime_operator.py took 0.252 seconds
[2024-12-07T19:39:10.015+0000] {processor.py:154} INFO - Started process (PID=480) to work on /home/airflow/.local/lib/python3.7/site-packages/airflow/example_dags/example_branch_datetime_operator.py
[2024-12-07T19:39:10.016+0000] {processor.py:756} INFO - Processing file /home/airflow/.local/lib/python3.7/site-packages/airflow/example_dags/example_branch_datetime_operator.py for tasks to queue
[2024-12-07T19:39:10.018+0000] {logging_mixin.py:120} INFO - [2024-12-07T19:39:10.017+0000] {dagbag.py:537} INFO - Filling up the DagBag from /home/airflow/.local/lib/python3.7/site-packages/airflow/example_dags/example_branch_datetime_operator.py
[2024-12-07T19:39:10.034+0000] {processor.py:766} INFO - DAG(s) dict_keys(['example_branch_datetime_operator_3', 'example_branch_datetime_operator', 'example_branch_datetime_operator_2']) retrieved from /home/airflow/.local/lib/python3.7/site-packages/airflow/example_dags/example_branch_datetime_operator.py
[2024-12-07T19:39:10.088+0000] {logging_mixin.py:120} INFO - [2024-12-07T19:39:10.088+0000] {dag.py:2585} INFO - Sync 3 DAGs
[2024-12-07T19:39:10.116+0000] {logging_mixin.py:120} INFO - [2024-12-07T19:39:10.116+0000] {dag.py:3340} INFO - Setting next_dagrun for example_branch_datetime_operator to 2024-12-06T00:00:00+00:00, run_after=2024-12-07T00:00:00+00:00
[2024-12-07T19:39:10.121+0000] {logging_mixin.py:120} INFO - [2024-12-07T19:39:10.121+0000] {dag.py:3340} INFO - Setting next_dagrun for example_branch_datetime_operator_2 to 2024-12-06T00:00:00+00:00, run_after=2024-12-07T00:00:00+00:00
[2024-12-07T19:39:10.124+0000] {logging_mixin.py:120} INFO - [2024-12-07T19:39:10.123+0000] {dag.py:3340} INFO - Setting next_dagrun for example_branch_datetime_operator_3 to 2024-12-06T00:00:00+00:00, run_after=2024-12-07T00:00:00+00:00
[2024-12-07T19:39:10.146+0000] {processor.py:176} INFO - Processing /home/airflow/.local/lib/python3.7/site-packages/airflow/example_dags/example_branch_datetime_operator.py took 0.133 seconds
[2024-12-07T19:39:40.492+0000] {processor.py:154} INFO - Started process (PID=544) to work on /home/airflow/.local/lib/python3.7/site-packages/airflow/example_dags/example_branch_datetime_operator.py
[2024-12-07T19:39:40.493+0000] {processor.py:756} INFO - Processing file /home/airflow/.local/lib/python3.7/site-packages/airflow/example_dags/example_branch_datetime_operator.py for tasks to queue
[2024-12-07T19:39:40.494+0000] {logging_mixin.py:120} INFO - [2024-12-07T19:39:40.494+0000] {dagbag.py:537} INFO - Filling up the DagBag from /home/airflow/.local/lib/python3.7/site-packages/airflow/example_dags/example_branch_datetime_operator.py
[2024-12-07T19:39:40.509+0000] {processor.py:766} INFO - DAG(s) dict_keys(['example_branch_datetime_operator_2', 'example_branch_datetime_operator', 'example_branch_datetime_operator_3']) retrieved from /home/airflow/.local/lib/python3.7/site-packages/airflow/example_dags/example_branch_datetime_operator.py
[2024-12-07T19:39:40.553+0000] {logging_mixin.py:120} INFO - [2024-12-07T19:39:40.552+0000] {dag.py:2585} INFO - Sync 3 DAGs
[2024-12-07T19:39:40.577+0000] {logging_mixin.py:120} INFO - [2024-12-07T19:39:40.577+0000] {dag.py:3340} INFO - Setting next_dagrun for example_branch_datetime_operator to 2024-12-06T00:00:00+00:00, run_after=2024-12-07T00:00:00+00:00
[2024-12-07T19:39:40.582+0000] {logging_mixin.py:120} INFO - [2024-12-07T19:39:40.582+0000] {dag.py:3340} INFO - Setting next_dagrun for example_branch_datetime_operator_2 to 2024-12-06T00:00:00+00:00, run_after=2024-12-07T00:00:00+00:00
[2024-12-07T19:39:40.586+0000] {logging_mixin.py:120} INFO - [2024-12-07T19:39:40.586+0000] {dag.py:3340} INFO - Setting next_dagrun for example_branch_datetime_operator_3 to 2024-12-06T00:00:00+00:00, run_after=2024-12-07T00:00:00+00:00
[2024-12-07T19:39:40.612+0000] {processor.py:176} INFO - Processing /home/airflow/.local/lib/python3.7/site-packages/airflow/example_dags/example_branch_datetime_operator.py took 0.123 seconds
[2024-12-07T19:40:10.732+0000] {processor.py:154} INFO - Started process (PID=608) to work on /home/airflow/.local/lib/python3.7/site-packages/airflow/example_dags/example_branch_datetime_operator.py
[2024-12-07T19:40:10.734+0000] {processor.py:756} INFO - Processing file /home/airflow/.local/lib/python3.7/site-packages/airflow/example_dags/example_branch_datetime_operator.py for tasks to queue
[2024-12-07T19:40:10.735+0000] {logging_mixin.py:120} INFO - [2024-12-07T19:40:10.734+0000] {dagbag.py:537} INFO - Filling up the DagBag from /home/airflow/.local/lib/python3.7/site-packages/airflow/example_dags/example_branch_datetime_operator.py
[2024-12-07T19:40:10.755+0000] {processor.py:766} INFO - DAG(s) dict_keys(['example_branch_datetime_operator_3', 'example_branch_datetime_operator_2', 'example_branch_datetime_operator']) retrieved from /home/airflow/.local/lib/python3.7/site-packages/airflow/example_dags/example_branch_datetime_operator.py
[2024-12-07T19:40:10.806+0000] {logging_mixin.py:120} INFO - [2024-12-07T19:40:10.806+0000] {dag.py:2585} INFO - Sync 3 DAGs
[2024-12-07T19:40:10.830+0000] {logging_mixin.py:120} INFO - [2024-12-07T19:40:10.829+0000] {dag.py:3340} INFO - Setting next_dagrun for example_branch_datetime_operator to 2024-12-06T00:00:00+00:00, run_after=2024-12-07T00:00:00+00:00
[2024-12-07T19:40:10.834+0000] {logging_mixin.py:120} INFO - [2024-12-07T19:40:10.834+0000] {dag.py:3340} INFO - Setting next_dagrun for example_branch_datetime_operator_2 to 2024-12-06T00:00:00+00:00, run_after=2024-12-07T00:00:00+00:00
[2024-12-07T19:40:10.837+0000] {logging_mixin.py:120} INFO - [2024-12-07T19:40:10.837+0000] {dag.py:3340} INFO - Setting next_dagrun for example_branch_datetime_operator_3 to 2024-12-06T00:00:00+00:00, run_after=2024-12-07T00:00:00+00:00
[2024-12-07T19:40:10.855+0000] {processor.py:176} INFO - Processing /home/airflow/.local/lib/python3.7/site-packages/airflow/example_dags/example_branch_datetime_operator.py took 0.125 seconds
[2024-12-07T19:40:41.066+0000] {processor.py:154} INFO - Started process (PID=663) to work on /home/airflow/.local/lib/python3.7/site-packages/airflow/example_dags/example_branch_datetime_operator.py
[2024-12-07T19:40:41.067+0000] {processor.py:756} INFO - Processing file /home/airflow/.local/lib/python3.7/site-packages/airflow/example_dags/example_branch_datetime_operator.py for tasks to queue
[2024-12-07T19:40:41.068+0000] {logging_mixin.py:120} INFO - [2024-12-07T19:40:41.068+0000] {dagbag.py:537} INFO - Filling up the DagBag from /home/airflow/.local/lib/python3.7/site-packages/airflow/example_dags/example_branch_datetime_operator.py
[2024-12-07T19:40:41.089+0000] {processor.py:766} INFO - DAG(s) dict_keys(['example_branch_datetime_operator', 'example_branch_datetime_operator_3', 'example_branch_datetime_operator_2']) retrieved from /home/airflow/.local/lib/python3.7/site-packages/airflow/example_dags/example_branch_datetime_operator.py
[2024-12-07T19:40:41.136+0000] {logging_mixin.py:120} INFO - [2024-12-07T19:40:41.136+0000] {dag.py:2585} INFO - Sync 3 DAGs
[2024-12-07T19:40:41.158+0000] {logging_mixin.py:120} INFO - [2024-12-07T19:40:41.158+0000] {dag.py:3340} INFO - Setting next_dagrun for example_branch_datetime_operator to 2024-12-06T00:00:00+00:00, run_after=2024-12-07T00:00:00+00:00
[2024-12-07T19:40:41.163+0000] {logging_mixin.py:120} INFO - [2024-12-07T19:40:41.163+0000] {dag.py:3340} INFO - Setting next_dagrun for example_branch_datetime_operator_2 to 2024-12-06T00:00:00+00:00, run_after=2024-12-07T00:00:00+00:00
[2024-12-07T19:40:41.165+0000] {logging_mixin.py:120} INFO - [2024-12-07T19:40:41.165+0000] {dag.py:3340} INFO - Setting next_dagrun for example_branch_datetime_operator_3 to 2024-12-06T00:00:00+00:00, run_after=2024-12-07T00:00:00+00:00
[2024-12-07T19:40:41.182+0000] {processor.py:176} INFO - Processing /home/airflow/.local/lib/python3.7/site-packages/airflow/example_dags/example_branch_datetime_operator.py took 0.122 seconds
[2024-12-07T19:41:12.536+0000] {processor.py:154} INFO - Started process (PID=718) to work on /home/airflow/.local/lib/python3.7/site-packages/airflow/example_dags/example_branch_datetime_operator.py
[2024-12-07T19:41:12.538+0000] {processor.py:756} INFO - Processing file /home/airflow/.local/lib/python3.7/site-packages/airflow/example_dags/example_branch_datetime_operator.py for tasks to queue
[2024-12-07T19:41:12.541+0000] {logging_mixin.py:120} INFO - [2024-12-07T19:41:12.540+0000] {dagbag.py:537} INFO - Filling up the DagBag from /home/airflow/.local/lib/python3.7/site-packages/airflow/example_dags/example_branch_datetime_operator.py
[2024-12-07T19:41:12.577+0000] {processor.py:766} INFO - DAG(s) dict_keys(['example_branch_datetime_operator_2', 'example_branch_datetime_operator', 'example_branch_datetime_operator_3']) retrieved from /home/airflow/.local/lib/python3.7/site-packages/airflow/example_dags/example_branch_datetime_operator.py
[2024-12-07T19:41:12.668+0000] {logging_mixin.py:120} INFO - [2024-12-07T19:41:12.668+0000] {dag.py:2585} INFO - Sync 3 DAGs
[2024-12-07T19:41:12.723+0000] {logging_mixin.py:120} INFO - [2024-12-07T19:41:12.722+0000] {dag.py:3340} INFO - Setting next_dagrun for example_branch_datetime_operator to 2024-12-06T00:00:00+00:00, run_after=2024-12-07T00:00:00+00:00
[2024-12-07T19:41:12.730+0000] {logging_mixin.py:120} INFO - [2024-12-07T19:41:12.729+0000] {dag.py:3340} INFO - Setting next_dagrun for example_branch_datetime_operator_2 to 2024-12-06T00:00:00+00:00, run_after=2024-12-07T00:00:00+00:00
[2024-12-07T19:41:12.734+0000] {logging_mixin.py:120} INFO - [2024-12-07T19:41:12.734+0000] {dag.py:3340} INFO - Setting next_dagrun for example_branch_datetime_operator_3 to 2024-12-06T00:00:00+00:00, run_after=2024-12-07T00:00:00+00:00
[2024-12-07T19:41:12.765+0000] {processor.py:176} INFO - Processing /home/airflow/.local/lib/python3.7/site-packages/airflow/example_dags/example_branch_datetime_operator.py took 0.232 seconds
