[2024-12-07T19:35:33.640+0000] {processor.py:154} INFO - Started process (PID=55) to work on /home/airflow/.local/lib/python3.7/site-packages/airflow/example_dags/example_branch_python_dop_operator_3.py
[2024-12-07T19:35:33.641+0000] {processor.py:756} INFO - Processing file /home/airflow/.local/lib/python3.7/site-packages/airflow/example_dags/example_branch_python_dop_operator_3.py for tasks to queue
[2024-12-07T19:35:33.642+0000] {logging_mixin.py:120} INFO - [2024-12-07T19:35:33.642+0000] {dagbag.py:537} INFO - Filling up the DagBag from /home/airflow/.local/lib/python3.7/site-packages/airflow/example_dags/example_branch_python_dop_operator_3.py
[2024-12-07T19:35:33.670+0000] {processor.py:766} INFO - DAG(s) dict_keys(['example_branch_dop_operator_v3']) retrieved from /home/airflow/.local/lib/python3.7/site-packages/airflow/example_dags/example_branch_python_dop_operator_3.py
[2024-12-07T19:35:33.747+0000] {logging_mixin.py:120} INFO - [2024-12-07T19:35:33.747+0000] {dag.py:2585} INFO - Sync 1 DAGs
[2024-12-07T19:35:33.780+0000] {logging_mixin.py:120} INFO - [2024-12-07T19:35:33.779+0000] {dag.py:3340} INFO - Setting next_dagrun for example_branch_dop_operator_v3 to 2024-12-07T19:34:00+00:00, run_after=2024-12-07T19:35:00+00:00
[2024-12-07T19:35:33.802+0000] {processor.py:176} INFO - Processing /home/airflow/.local/lib/python3.7/site-packages/airflow/example_dags/example_branch_python_dop_operator_3.py took 0.165 seconds
[2024-12-07T19:36:03.943+0000] {processor.py:154} INFO - Started process (PID=110) to work on /home/airflow/.local/lib/python3.7/site-packages/airflow/example_dags/example_branch_python_dop_operator_3.py
[2024-12-07T19:36:03.944+0000] {processor.py:756} INFO - Processing file /home/airflow/.local/lib/python3.7/site-packages/airflow/example_dags/example_branch_python_dop_operator_3.py for tasks to queue
[2024-12-07T19:36:03.945+0000] {logging_mixin.py:120} INFO - [2024-12-07T19:36:03.945+0000] {dagbag.py:537} INFO - Filling up the DagBag from /home/airflow/.local/lib/python3.7/site-packages/airflow/example_dags/example_branch_python_dop_operator_3.py
[2024-12-07T19:36:03.968+0000] {processor.py:766} INFO - DAG(s) dict_keys(['example_branch_dop_operator_v3']) retrieved from /home/airflow/.local/lib/python3.7/site-packages/airflow/example_dags/example_branch_python_dop_operator_3.py
[2024-12-07T19:36:04.010+0000] {logging_mixin.py:120} INFO - [2024-12-07T19:36:04.010+0000] {dag.py:2585} INFO - Sync 1 DAGs
[2024-12-07T19:36:04.053+0000] {logging_mixin.py:120} INFO - [2024-12-07T19:36:04.053+0000] {dag.py:3340} INFO - Setting next_dagrun for example_branch_dop_operator_v3 to 2024-12-07T19:35:00+00:00, run_after=2024-12-07T19:36:00+00:00
[2024-12-07T19:36:04.081+0000] {processor.py:176} INFO - Processing /home/airflow/.local/lib/python3.7/site-packages/airflow/example_dags/example_branch_python_dop_operator_3.py took 0.143 seconds
[2024-12-07T19:36:34.840+0000] {processor.py:154} INFO - Started process (PID=175) to work on /home/airflow/.local/lib/python3.7/site-packages/airflow/example_dags/example_branch_python_dop_operator_3.py
[2024-12-07T19:36:34.841+0000] {processor.py:756} INFO - Processing file /home/airflow/.local/lib/python3.7/site-packages/airflow/example_dags/example_branch_python_dop_operator_3.py for tasks to queue
[2024-12-07T19:36:34.842+0000] {logging_mixin.py:120} INFO - [2024-12-07T19:36:34.842+0000] {dagbag.py:537} INFO - Filling up the DagBag from /home/airflow/.local/lib/python3.7/site-packages/airflow/example_dags/example_branch_python_dop_operator_3.py
[2024-12-07T19:36:34.861+0000] {processor.py:766} INFO - DAG(s) dict_keys(['example_branch_dop_operator_v3']) retrieved from /home/airflow/.local/lib/python3.7/site-packages/airflow/example_dags/example_branch_python_dop_operator_3.py
[2024-12-07T19:36:34.897+0000] {logging_mixin.py:120} INFO - [2024-12-07T19:36:34.897+0000] {dag.py:2585} INFO - Sync 1 DAGs
[2024-12-07T19:36:34.926+0000] {logging_mixin.py:120} INFO - [2024-12-07T19:36:34.925+0000] {dag.py:3340} INFO - Setting next_dagrun for example_branch_dop_operator_v3 to 2024-12-07T19:35:00+00:00, run_after=2024-12-07T19:36:00+00:00
[2024-12-07T19:36:34.952+0000] {processor.py:176} INFO - Processing /home/airflow/.local/lib/python3.7/site-packages/airflow/example_dags/example_branch_python_dop_operator_3.py took 0.114 seconds
[2024-12-07T19:37:05.691+0000] {processor.py:154} INFO - Started process (PID=239) to work on /home/airflow/.local/lib/python3.7/site-packages/airflow/example_dags/example_branch_python_dop_operator_3.py
[2024-12-07T19:37:05.693+0000] {processor.py:756} INFO - Processing file /home/airflow/.local/lib/python3.7/site-packages/airflow/example_dags/example_branch_python_dop_operator_3.py for tasks to queue
[2024-12-07T19:37:05.694+0000] {logging_mixin.py:120} INFO - [2024-12-07T19:37:05.693+0000] {dagbag.py:537} INFO - Filling up the DagBag from /home/airflow/.local/lib/python3.7/site-packages/airflow/example_dags/example_branch_python_dop_operator_3.py
[2024-12-07T19:37:05.715+0000] {processor.py:766} INFO - DAG(s) dict_keys(['example_branch_dop_operator_v3']) retrieved from /home/airflow/.local/lib/python3.7/site-packages/airflow/example_dags/example_branch_python_dop_operator_3.py
[2024-12-07T19:37:05.759+0000] {logging_mixin.py:120} INFO - [2024-12-07T19:37:05.758+0000] {dag.py:2585} INFO - Sync 1 DAGs
[2024-12-07T19:37:05.787+0000] {logging_mixin.py:120} INFO - [2024-12-07T19:37:05.787+0000] {dag.py:3340} INFO - Setting next_dagrun for example_branch_dop_operator_v3 to 2024-12-07T19:36:00+00:00, run_after=2024-12-07T19:37:00+00:00
[2024-12-07T19:37:05.819+0000] {processor.py:176} INFO - Processing /home/airflow/.local/lib/python3.7/site-packages/airflow/example_dags/example_branch_python_dop_operator_3.py took 0.131 seconds
[2024-12-07T19:37:36.093+0000] {processor.py:154} INFO - Started process (PID=294) to work on /home/airflow/.local/lib/python3.7/site-packages/airflow/example_dags/example_branch_python_dop_operator_3.py
[2024-12-07T19:37:36.095+0000] {processor.py:756} INFO - Processing file /home/airflow/.local/lib/python3.7/site-packages/airflow/example_dags/example_branch_python_dop_operator_3.py for tasks to queue
[2024-12-07T19:37:36.097+0000] {logging_mixin.py:120} INFO - [2024-12-07T19:37:36.096+0000] {dagbag.py:537} INFO - Filling up the DagBag from /home/airflow/.local/lib/python3.7/site-packages/airflow/example_dags/example_branch_python_dop_operator_3.py
[2024-12-07T19:37:36.122+0000] {processor.py:766} INFO - DAG(s) dict_keys(['example_branch_dop_operator_v3']) retrieved from /home/airflow/.local/lib/python3.7/site-packages/airflow/example_dags/example_branch_python_dop_operator_3.py
[2024-12-07T19:37:36.153+0000] {logging_mixin.py:120} INFO - [2024-12-07T19:37:36.153+0000] {dag.py:2585} INFO - Sync 1 DAGs
[2024-12-07T19:37:36.187+0000] {logging_mixin.py:120} INFO - [2024-12-07T19:37:36.187+0000] {dag.py:3340} INFO - Setting next_dagrun for example_branch_dop_operator_v3 to 2024-12-07T19:36:00+00:00, run_after=2024-12-07T19:37:00+00:00
[2024-12-07T19:37:36.212+0000] {processor.py:176} INFO - Processing /home/airflow/.local/lib/python3.7/site-packages/airflow/example_dags/example_branch_python_dop_operator_3.py took 0.123 seconds
[2024-12-07T19:38:08.241+0000] {processor.py:154} INFO - Started process (PID=359) to work on /home/airflow/.local/lib/python3.7/site-packages/airflow/example_dags/example_branch_python_dop_operator_3.py
[2024-12-07T19:38:08.250+0000] {processor.py:756} INFO - Processing file /home/airflow/.local/lib/python3.7/site-packages/airflow/example_dags/example_branch_python_dop_operator_3.py for tasks to queue
[2024-12-07T19:38:08.253+0000] {logging_mixin.py:120} INFO - [2024-12-07T19:38:08.252+0000] {dagbag.py:537} INFO - Filling up the DagBag from /home/airflow/.local/lib/python3.7/site-packages/airflow/example_dags/example_branch_python_dop_operator_3.py
[2024-12-07T19:38:08.371+0000] {processor.py:766} INFO - DAG(s) dict_keys(['example_branch_dop_operator_v3']) retrieved from /home/airflow/.local/lib/python3.7/site-packages/airflow/example_dags/example_branch_python_dop_operator_3.py
[2024-12-07T19:38:08.498+0000] {logging_mixin.py:120} INFO - [2024-12-07T19:38:08.498+0000] {dag.py:2585} INFO - Sync 1 DAGs
[2024-12-07T19:38:08.590+0000] {logging_mixin.py:120} INFO - [2024-12-07T19:38:08.590+0000] {dag.py:3340} INFO - Setting next_dagrun for example_branch_dop_operator_v3 to 2024-12-07T19:37:00+00:00, run_after=2024-12-07T19:38:00+00:00
[2024-12-07T19:38:08.663+0000] {processor.py:176} INFO - Processing /home/airflow/.local/lib/python3.7/site-packages/airflow/example_dags/example_branch_python_dop_operator_3.py took 0.429 seconds
[2024-12-07T19:38:38.974+0000] {processor.py:154} INFO - Started process (PID=421) to work on /home/airflow/.local/lib/python3.7/site-packages/airflow/example_dags/example_branch_python_dop_operator_3.py
[2024-12-07T19:38:38.977+0000] {processor.py:756} INFO - Processing file /home/airflow/.local/lib/python3.7/site-packages/airflow/example_dags/example_branch_python_dop_operator_3.py for tasks to queue
[2024-12-07T19:38:38.983+0000] {logging_mixin.py:120} INFO - [2024-12-07T19:38:38.983+0000] {dagbag.py:537} INFO - Filling up the DagBag from /home/airflow/.local/lib/python3.7/site-packages/airflow/example_dags/example_branch_python_dop_operator_3.py
[2024-12-07T19:38:39.038+0000] {processor.py:766} INFO - DAG(s) dict_keys(['example_branch_dop_operator_v3']) retrieved from /home/airflow/.local/lib/python3.7/site-packages/airflow/example_dags/example_branch_python_dop_operator_3.py
[2024-12-07T19:38:39.121+0000] {logging_mixin.py:120} INFO - [2024-12-07T19:38:39.121+0000] {dag.py:2585} INFO - Sync 1 DAGs
[2024-12-07T19:38:39.177+0000] {logging_mixin.py:120} INFO - [2024-12-07T19:38:39.177+0000] {dag.py:3340} INFO - Setting next_dagrun for example_branch_dop_operator_v3 to 2024-12-07T19:37:00+00:00, run_after=2024-12-07T19:38:00+00:00
[2024-12-07T19:38:39.251+0000] {processor.py:176} INFO - Processing /home/airflow/.local/lib/python3.7/site-packages/airflow/example_dags/example_branch_python_dop_operator_3.py took 0.281 seconds
[2024-12-07T19:39:09.722+0000] {processor.py:154} INFO - Started process (PID=478) to work on /home/airflow/.local/lib/python3.7/site-packages/airflow/example_dags/example_branch_python_dop_operator_3.py
[2024-12-07T19:39:09.723+0000] {processor.py:756} INFO - Processing file /home/airflow/.local/lib/python3.7/site-packages/airflow/example_dags/example_branch_python_dop_operator_3.py for tasks to queue
[2024-12-07T19:39:09.725+0000] {logging_mixin.py:120} INFO - [2024-12-07T19:39:09.724+0000] {dagbag.py:537} INFO - Filling up the DagBag from /home/airflow/.local/lib/python3.7/site-packages/airflow/example_dags/example_branch_python_dop_operator_3.py
[2024-12-07T19:39:09.749+0000] {processor.py:766} INFO - DAG(s) dict_keys(['example_branch_dop_operator_v3']) retrieved from /home/airflow/.local/lib/python3.7/site-packages/airflow/example_dags/example_branch_python_dop_operator_3.py
[2024-12-07T19:39:09.791+0000] {logging_mixin.py:120} INFO - [2024-12-07T19:39:09.791+0000] {dag.py:2585} INFO - Sync 1 DAGs
[2024-12-07T19:39:09.822+0000] {logging_mixin.py:120} INFO - [2024-12-07T19:39:09.822+0000] {dag.py:3340} INFO - Setting next_dagrun for example_branch_dop_operator_v3 to 2024-12-07T19:38:00+00:00, run_after=2024-12-07T19:39:00+00:00
[2024-12-07T19:39:09.842+0000] {processor.py:176} INFO - Processing /home/airflow/.local/lib/python3.7/site-packages/airflow/example_dags/example_branch_python_dop_operator_3.py took 0.124 seconds
[2024-12-07T19:39:40.201+0000] {processor.py:154} INFO - Started process (PID=542) to work on /home/airflow/.local/lib/python3.7/site-packages/airflow/example_dags/example_branch_python_dop_operator_3.py
[2024-12-07T19:39:40.202+0000] {processor.py:756} INFO - Processing file /home/airflow/.local/lib/python3.7/site-packages/airflow/example_dags/example_branch_python_dop_operator_3.py for tasks to queue
[2024-12-07T19:39:40.203+0000] {logging_mixin.py:120} INFO - [2024-12-07T19:39:40.203+0000] {dagbag.py:537} INFO - Filling up the DagBag from /home/airflow/.local/lib/python3.7/site-packages/airflow/example_dags/example_branch_python_dop_operator_3.py
[2024-12-07T19:39:40.222+0000] {processor.py:766} INFO - DAG(s) dict_keys(['example_branch_dop_operator_v3']) retrieved from /home/airflow/.local/lib/python3.7/site-packages/airflow/example_dags/example_branch_python_dop_operator_3.py
[2024-12-07T19:39:40.261+0000] {logging_mixin.py:120} INFO - [2024-12-07T19:39:40.261+0000] {dag.py:2585} INFO - Sync 1 DAGs
[2024-12-07T19:39:40.287+0000] {logging_mixin.py:120} INFO - [2024-12-07T19:39:40.287+0000] {dag.py:3340} INFO - Setting next_dagrun for example_branch_dop_operator_v3 to 2024-12-07T19:38:00+00:00, run_after=2024-12-07T19:39:00+00:00
[2024-12-07T19:39:40.310+0000] {processor.py:176} INFO - Processing /home/airflow/.local/lib/python3.7/site-packages/airflow/example_dags/example_branch_python_dop_operator_3.py took 0.112 seconds
[2024-12-07T19:40:10.574+0000] {processor.py:154} INFO - Started process (PID=606) to work on /home/airflow/.local/lib/python3.7/site-packages/airflow/example_dags/example_branch_python_dop_operator_3.py
[2024-12-07T19:40:10.575+0000] {processor.py:756} INFO - Processing file /home/airflow/.local/lib/python3.7/site-packages/airflow/example_dags/example_branch_python_dop_operator_3.py for tasks to queue
[2024-12-07T19:40:10.576+0000] {logging_mixin.py:120} INFO - [2024-12-07T19:40:10.576+0000] {dagbag.py:537} INFO - Filling up the DagBag from /home/airflow/.local/lib/python3.7/site-packages/airflow/example_dags/example_branch_python_dop_operator_3.py
[2024-12-07T19:40:10.599+0000] {processor.py:766} INFO - DAG(s) dict_keys(['example_branch_dop_operator_v3']) retrieved from /home/airflow/.local/lib/python3.7/site-packages/airflow/example_dags/example_branch_python_dop_operator_3.py
[2024-12-07T19:40:10.637+0000] {logging_mixin.py:120} INFO - [2024-12-07T19:40:10.637+0000] {dag.py:2585} INFO - Sync 1 DAGs
[2024-12-07T19:40:10.677+0000] {logging_mixin.py:120} INFO - [2024-12-07T19:40:10.677+0000] {dag.py:3340} INFO - Setting next_dagrun for example_branch_dop_operator_v3 to 2024-12-07T19:39:00+00:00, run_after=2024-12-07T19:40:00+00:00
[2024-12-07T19:40:10.704+0000] {processor.py:176} INFO - Processing /home/airflow/.local/lib/python3.7/site-packages/airflow/example_dags/example_branch_python_dop_operator_3.py took 0.133 seconds
[2024-12-07T19:40:40.915+0000] {processor.py:154} INFO - Started process (PID=661) to work on /home/airflow/.local/lib/python3.7/site-packages/airflow/example_dags/example_branch_python_dop_operator_3.py
[2024-12-07T19:40:40.916+0000] {processor.py:756} INFO - Processing file /home/airflow/.local/lib/python3.7/site-packages/airflow/example_dags/example_branch_python_dop_operator_3.py for tasks to queue
[2024-12-07T19:40:40.918+0000] {logging_mixin.py:120} INFO - [2024-12-07T19:40:40.917+0000] {dagbag.py:537} INFO - Filling up the DagBag from /home/airflow/.local/lib/python3.7/site-packages/airflow/example_dags/example_branch_python_dop_operator_3.py
[2024-12-07T19:40:40.944+0000] {processor.py:766} INFO - DAG(s) dict_keys(['example_branch_dop_operator_v3']) retrieved from /home/airflow/.local/lib/python3.7/site-packages/airflow/example_dags/example_branch_python_dop_operator_3.py
[2024-12-07T19:40:40.982+0000] {logging_mixin.py:120} INFO - [2024-12-07T19:40:40.982+0000] {dag.py:2585} INFO - Sync 1 DAGs
[2024-12-07T19:40:41.010+0000] {logging_mixin.py:120} INFO - [2024-12-07T19:40:41.010+0000] {dag.py:3340} INFO - Setting next_dagrun for example_branch_dop_operator_v3 to 2024-12-07T19:39:00+00:00, run_after=2024-12-07T19:40:00+00:00
[2024-12-07T19:40:41.034+0000] {processor.py:176} INFO - Processing /home/airflow/.local/lib/python3.7/site-packages/airflow/example_dags/example_branch_python_dop_operator_3.py took 0.123 seconds
[2024-12-07T19:41:12.315+0000] {processor.py:154} INFO - Started process (PID=716) to work on /home/airflow/.local/lib/python3.7/site-packages/airflow/example_dags/example_branch_python_dop_operator_3.py
[2024-12-07T19:41:12.320+0000] {processor.py:756} INFO - Processing file /home/airflow/.local/lib/python3.7/site-packages/airflow/example_dags/example_branch_python_dop_operator_3.py for tasks to queue
[2024-12-07T19:41:12.322+0000] {logging_mixin.py:120} INFO - [2024-12-07T19:41:12.322+0000] {dagbag.py:537} INFO - Filling up the DagBag from /home/airflow/.local/lib/python3.7/site-packages/airflow/example_dags/example_branch_python_dop_operator_3.py
[2024-12-07T19:41:12.360+0000] {processor.py:766} INFO - DAG(s) dict_keys(['example_branch_dop_operator_v3']) retrieved from /home/airflow/.local/lib/python3.7/site-packages/airflow/example_dags/example_branch_python_dop_operator_3.py
[2024-12-07T19:41:12.420+0000] {logging_mixin.py:120} INFO - [2024-12-07T19:41:12.419+0000] {dag.py:2585} INFO - Sync 1 DAGs
[2024-12-07T19:41:12.474+0000] {logging_mixin.py:120} INFO - [2024-12-07T19:41:12.474+0000] {dag.py:3340} INFO - Setting next_dagrun for example_branch_dop_operator_v3 to 2024-12-07T19:40:00+00:00, run_after=2024-12-07T19:41:00+00:00
[2024-12-07T19:41:12.508+0000] {processor.py:176} INFO - Processing /home/airflow/.local/lib/python3.7/site-packages/airflow/example_dags/example_branch_python_dop_operator_3.py took 0.197 seconds
