[2024-12-07T19:35:32.965+0000] {processor.py:154} INFO - Started process (PID=51) to work on /home/airflow/.local/lib/python3.7/site-packages/airflow/example_dags/example_latest_only.py
[2024-12-07T19:35:32.965+0000] {processor.py:756} INFO - Processing file /home/airflow/.local/lib/python3.7/site-packages/airflow/example_dags/example_latest_only.py for tasks to queue
[2024-12-07T19:35:32.966+0000] {logging_mixin.py:120} INFO - [2024-12-07T19:35:32.966+0000] {dagbag.py:537} INFO - Filling up the DagBag from /home/airflow/.local/lib/python3.7/site-packages/airflow/example_dags/example_latest_only.py
[2024-12-07T19:35:32.980+0000] {processor.py:766} INFO - DAG(s) dict_keys(['latest_only']) retrieved from /home/airflow/.local/lib/python3.7/site-packages/airflow/example_dags/example_latest_only.py
[2024-12-07T19:35:33.062+0000] {logging_mixin.py:120} INFO - [2024-12-07T19:35:33.062+0000] {dag.py:2585} INFO - Sync 1 DAGs
[2024-12-07T19:35:33.094+0000] {logging_mixin.py:120} INFO - [2024-12-07T19:35:33.094+0000] {dag.py:3340} INFO - Setting next_dagrun for latest_only to 2024-12-07T15:35:33.094080+00:00, run_after=2024-12-07T19:35:33.094080+00:00
[2024-12-07T19:35:33.120+0000] {processor.py:176} INFO - Processing /home/airflow/.local/lib/python3.7/site-packages/airflow/example_dags/example_latest_only.py took 0.158 seconds
[2024-12-07T19:36:03.439+0000] {processor.py:154} INFO - Started process (PID=106) to work on /home/airflow/.local/lib/python3.7/site-packages/airflow/example_dags/example_latest_only.py
[2024-12-07T19:36:03.440+0000] {processor.py:756} INFO - Processing file /home/airflow/.local/lib/python3.7/site-packages/airflow/example_dags/example_latest_only.py for tasks to queue
[2024-12-07T19:36:03.441+0000] {logging_mixin.py:120} INFO - [2024-12-07T19:36:03.441+0000] {dagbag.py:537} INFO - Filling up the DagBag from /home/airflow/.local/lib/python3.7/site-packages/airflow/example_dags/example_latest_only.py
[2024-12-07T19:36:03.459+0000] {processor.py:766} INFO - DAG(s) dict_keys(['latest_only']) retrieved from /home/airflow/.local/lib/python3.7/site-packages/airflow/example_dags/example_latest_only.py
[2024-12-07T19:36:03.519+0000] {logging_mixin.py:120} INFO - [2024-12-07T19:36:03.519+0000] {dag.py:2585} INFO - Sync 1 DAGs
[2024-12-07T19:36:03.559+0000] {logging_mixin.py:120} INFO - [2024-12-07T19:36:03.559+0000] {dag.py:3340} INFO - Setting next_dagrun for latest_only to 2024-12-07T15:36:03.559037+00:00, run_after=2024-12-07T19:36:03.559037+00:00
[2024-12-07T19:36:03.585+0000] {processor.py:176} INFO - Processing /home/airflow/.local/lib/python3.7/site-packages/airflow/example_dags/example_latest_only.py took 0.149 seconds
[2024-12-07T19:36:34.216+0000] {processor.py:154} INFO - Started process (PID=171) to work on /home/airflow/.local/lib/python3.7/site-packages/airflow/example_dags/example_latest_only.py
[2024-12-07T19:36:34.219+0000] {processor.py:756} INFO - Processing file /home/airflow/.local/lib/python3.7/site-packages/airflow/example_dags/example_latest_only.py for tasks to queue
[2024-12-07T19:36:34.221+0000] {logging_mixin.py:120} INFO - [2024-12-07T19:36:34.221+0000] {dagbag.py:537} INFO - Filling up the DagBag from /home/airflow/.local/lib/python3.7/site-packages/airflow/example_dags/example_latest_only.py
[2024-12-07T19:36:34.235+0000] {processor.py:766} INFO - DAG(s) dict_keys(['latest_only']) retrieved from /home/airflow/.local/lib/python3.7/site-packages/airflow/example_dags/example_latest_only.py
[2024-12-07T19:36:34.282+0000] {logging_mixin.py:120} INFO - [2024-12-07T19:36:34.281+0000] {dag.py:2585} INFO - Sync 1 DAGs
[2024-12-07T19:36:34.319+0000] {logging_mixin.py:120} INFO - [2024-12-07T19:36:34.319+0000] {dag.py:3340} INFO - Setting next_dagrun for latest_only to 2024-12-07T15:36:34.319248+00:00, run_after=2024-12-07T19:36:34.319248+00:00
[2024-12-07T19:36:34.424+0000] {processor.py:176} INFO - Processing /home/airflow/.local/lib/python3.7/site-packages/airflow/example_dags/example_latest_only.py took 0.211 seconds
[2024-12-07T19:37:05.264+0000] {processor.py:154} INFO - Started process (PID=235) to work on /home/airflow/.local/lib/python3.7/site-packages/airflow/example_dags/example_latest_only.py
[2024-12-07T19:37:05.265+0000] {processor.py:756} INFO - Processing file /home/airflow/.local/lib/python3.7/site-packages/airflow/example_dags/example_latest_only.py for tasks to queue
[2024-12-07T19:37:05.266+0000] {logging_mixin.py:120} INFO - [2024-12-07T19:37:05.266+0000] {dagbag.py:537} INFO - Filling up the DagBag from /home/airflow/.local/lib/python3.7/site-packages/airflow/example_dags/example_latest_only.py
[2024-12-07T19:37:05.280+0000] {processor.py:766} INFO - DAG(s) dict_keys(['latest_only']) retrieved from /home/airflow/.local/lib/python3.7/site-packages/airflow/example_dags/example_latest_only.py
[2024-12-07T19:37:05.317+0000] {logging_mixin.py:120} INFO - [2024-12-07T19:37:05.317+0000] {dag.py:2585} INFO - Sync 1 DAGs
[2024-12-07T19:37:05.338+0000] {logging_mixin.py:120} INFO - [2024-12-07T19:37:05.338+0000] {dag.py:3340} INFO - Setting next_dagrun for latest_only to 2024-12-07T15:37:05.338332+00:00, run_after=2024-12-07T19:37:05.338332+00:00
[2024-12-07T19:37:05.363+0000] {processor.py:176} INFO - Processing /home/airflow/.local/lib/python3.7/site-packages/airflow/example_dags/example_latest_only.py took 0.101 seconds
[2024-12-07T19:37:35.815+0000] {processor.py:154} INFO - Started process (PID=290) to work on /home/airflow/.local/lib/python3.7/site-packages/airflow/example_dags/example_latest_only.py
[2024-12-07T19:37:35.816+0000] {processor.py:756} INFO - Processing file /home/airflow/.local/lib/python3.7/site-packages/airflow/example_dags/example_latest_only.py for tasks to queue
[2024-12-07T19:37:35.817+0000] {logging_mixin.py:120} INFO - [2024-12-07T19:37:35.817+0000] {dagbag.py:537} INFO - Filling up the DagBag from /home/airflow/.local/lib/python3.7/site-packages/airflow/example_dags/example_latest_only.py
[2024-12-07T19:37:35.832+0000] {processor.py:766} INFO - DAG(s) dict_keys(['latest_only']) retrieved from /home/airflow/.local/lib/python3.7/site-packages/airflow/example_dags/example_latest_only.py
[2024-12-07T19:37:35.871+0000] {logging_mixin.py:120} INFO - [2024-12-07T19:37:35.871+0000] {dag.py:2585} INFO - Sync 1 DAGs
[2024-12-07T19:37:35.900+0000] {logging_mixin.py:120} INFO - [2024-12-07T19:37:35.900+0000] {dag.py:3340} INFO - Setting next_dagrun for latest_only to 2024-12-07T15:37:35.900348+00:00, run_after=2024-12-07T19:37:35.900348+00:00
[2024-12-07T19:37:35.925+0000] {processor.py:176} INFO - Processing /home/airflow/.local/lib/python3.7/site-packages/airflow/example_dags/example_latest_only.py took 0.115 seconds
[2024-12-07T19:38:07.595+0000] {processor.py:154} INFO - Started process (PID=355) to work on /home/airflow/.local/lib/python3.7/site-packages/airflow/example_dags/example_latest_only.py
[2024-12-07T19:38:07.597+0000] {processor.py:756} INFO - Processing file /home/airflow/.local/lib/python3.7/site-packages/airflow/example_dags/example_latest_only.py for tasks to queue
[2024-12-07T19:38:07.599+0000] {logging_mixin.py:120} INFO - [2024-12-07T19:38:07.598+0000] {dagbag.py:537} INFO - Filling up the DagBag from /home/airflow/.local/lib/python3.7/site-packages/airflow/example_dags/example_latest_only.py
[2024-12-07T19:38:07.651+0000] {processor.py:766} INFO - DAG(s) dict_keys(['latest_only']) retrieved from /home/airflow/.local/lib/python3.7/site-packages/airflow/example_dags/example_latest_only.py
[2024-12-07T19:38:07.734+0000] {logging_mixin.py:120} INFO - [2024-12-07T19:38:07.734+0000] {dag.py:2585} INFO - Sync 1 DAGs
[2024-12-07T19:38:07.818+0000] {logging_mixin.py:120} INFO - [2024-12-07T19:38:07.818+0000] {dag.py:3340} INFO - Setting next_dagrun for latest_only to 2024-12-07T15:38:07.815711+00:00, run_after=2024-12-07T19:38:07.815711+00:00
[2024-12-07T19:38:07.874+0000] {processor.py:176} INFO - Processing /home/airflow/.local/lib/python3.7/site-packages/airflow/example_dags/example_latest_only.py took 0.282 seconds
[2024-12-07T19:38:38.333+0000] {processor.py:154} INFO - Started process (PID=410) to work on /home/airflow/.local/lib/python3.7/site-packages/airflow/example_dags/example_latest_only.py
[2024-12-07T19:38:38.336+0000] {processor.py:756} INFO - Processing file /home/airflow/.local/lib/python3.7/site-packages/airflow/example_dags/example_latest_only.py for tasks to queue
[2024-12-07T19:38:38.338+0000] {logging_mixin.py:120} INFO - [2024-12-07T19:38:38.338+0000] {dagbag.py:537} INFO - Filling up the DagBag from /home/airflow/.local/lib/python3.7/site-packages/airflow/example_dags/example_latest_only.py
[2024-12-07T19:38:38.387+0000] {processor.py:766} INFO - DAG(s) dict_keys(['latest_only']) retrieved from /home/airflow/.local/lib/python3.7/site-packages/airflow/example_dags/example_latest_only.py
[2024-12-07T19:38:38.467+0000] {logging_mixin.py:120} INFO - [2024-12-07T19:38:38.467+0000] {dag.py:2585} INFO - Sync 1 DAGs
[2024-12-07T19:38:38.506+0000] {logging_mixin.py:120} INFO - [2024-12-07T19:38:38.506+0000] {dag.py:3340} INFO - Setting next_dagrun for latest_only to 2024-12-07T15:38:38.505760+00:00, run_after=2024-12-07T19:38:38.505760+00:00
[2024-12-07T19:38:38.556+0000] {processor.py:176} INFO - Processing /home/airflow/.local/lib/python3.7/site-packages/airflow/example_dags/example_latest_only.py took 0.232 seconds
[2024-12-07T19:39:09.439+0000] {processor.py:154} INFO - Started process (PID=474) to work on /home/airflow/.local/lib/python3.7/site-packages/airflow/example_dags/example_latest_only.py
[2024-12-07T19:39:09.440+0000] {processor.py:756} INFO - Processing file /home/airflow/.local/lib/python3.7/site-packages/airflow/example_dags/example_latest_only.py for tasks to queue
[2024-12-07T19:39:09.442+0000] {logging_mixin.py:120} INFO - [2024-12-07T19:39:09.441+0000] {dagbag.py:537} INFO - Filling up the DagBag from /home/airflow/.local/lib/python3.7/site-packages/airflow/example_dags/example_latest_only.py
[2024-12-07T19:39:09.457+0000] {processor.py:766} INFO - DAG(s) dict_keys(['latest_only']) retrieved from /home/airflow/.local/lib/python3.7/site-packages/airflow/example_dags/example_latest_only.py
[2024-12-07T19:39:09.495+0000] {logging_mixin.py:120} INFO - [2024-12-07T19:39:09.495+0000] {dag.py:2585} INFO - Sync 1 DAGs
[2024-12-07T19:39:09.520+0000] {logging_mixin.py:120} INFO - [2024-12-07T19:39:09.520+0000] {dag.py:3340} INFO - Setting next_dagrun for latest_only to 2024-12-07T15:39:09.520555+00:00, run_after=2024-12-07T19:39:09.520555+00:00
[2024-12-07T19:39:09.547+0000] {processor.py:176} INFO - Processing /home/airflow/.local/lib/python3.7/site-packages/airflow/example_dags/example_latest_only.py took 0.110 seconds
[2024-12-07T19:39:39.903+0000] {processor.py:154} INFO - Started process (PID=538) to work on /home/airflow/.local/lib/python3.7/site-packages/airflow/example_dags/example_latest_only.py
[2024-12-07T19:39:39.905+0000] {processor.py:756} INFO - Processing file /home/airflow/.local/lib/python3.7/site-packages/airflow/example_dags/example_latest_only.py for tasks to queue
[2024-12-07T19:39:39.906+0000] {logging_mixin.py:120} INFO - [2024-12-07T19:39:39.906+0000] {dagbag.py:537} INFO - Filling up the DagBag from /home/airflow/.local/lib/python3.7/site-packages/airflow/example_dags/example_latest_only.py
[2024-12-07T19:39:39.925+0000] {processor.py:766} INFO - DAG(s) dict_keys(['latest_only']) retrieved from /home/airflow/.local/lib/python3.7/site-packages/airflow/example_dags/example_latest_only.py
[2024-12-07T19:39:39.979+0000] {logging_mixin.py:120} INFO - [2024-12-07T19:39:39.979+0000] {dag.py:2585} INFO - Sync 1 DAGs
[2024-12-07T19:39:40.004+0000] {logging_mixin.py:120} INFO - [2024-12-07T19:39:40.004+0000] {dag.py:3340} INFO - Setting next_dagrun for latest_only to 2024-12-07T15:39:40.003807+00:00, run_after=2024-12-07T19:39:40.003807+00:00
[2024-12-07T19:39:40.025+0000] {processor.py:176} INFO - Processing /home/airflow/.local/lib/python3.7/site-packages/airflow/example_dags/example_latest_only.py took 0.126 seconds
[2024-12-07T19:40:10.307+0000] {processor.py:154} INFO - Started process (PID=602) to work on /home/airflow/.local/lib/python3.7/site-packages/airflow/example_dags/example_latest_only.py
[2024-12-07T19:40:10.309+0000] {processor.py:756} INFO - Processing file /home/airflow/.local/lib/python3.7/site-packages/airflow/example_dags/example_latest_only.py for tasks to queue
[2024-12-07T19:40:10.310+0000] {logging_mixin.py:120} INFO - [2024-12-07T19:40:10.310+0000] {dagbag.py:537} INFO - Filling up the DagBag from /home/airflow/.local/lib/python3.7/site-packages/airflow/example_dags/example_latest_only.py
[2024-12-07T19:40:10.324+0000] {processor.py:766} INFO - DAG(s) dict_keys(['latest_only']) retrieved from /home/airflow/.local/lib/python3.7/site-packages/airflow/example_dags/example_latest_only.py
[2024-12-07T19:40:10.365+0000] {logging_mixin.py:120} INFO - [2024-12-07T19:40:10.365+0000] {dag.py:2585} INFO - Sync 1 DAGs
[2024-12-07T19:40:10.391+0000] {logging_mixin.py:120} INFO - [2024-12-07T19:40:10.391+0000] {dag.py:3340} INFO - Setting next_dagrun for latest_only to 2024-12-07T15:40:10.391204+00:00, run_after=2024-12-07T19:40:10.391204+00:00
[2024-12-07T19:40:10.415+0000] {processor.py:176} INFO - Processing /home/airflow/.local/lib/python3.7/site-packages/airflow/example_dags/example_latest_only.py took 0.111 seconds
[2024-12-07T19:40:40.618+0000] {processor.py:154} INFO - Started process (PID=657) to work on /home/airflow/.local/lib/python3.7/site-packages/airflow/example_dags/example_latest_only.py
[2024-12-07T19:40:40.620+0000] {processor.py:756} INFO - Processing file /home/airflow/.local/lib/python3.7/site-packages/airflow/example_dags/example_latest_only.py for tasks to queue
[2024-12-07T19:40:40.621+0000] {logging_mixin.py:120} INFO - [2024-12-07T19:40:40.621+0000] {dagbag.py:537} INFO - Filling up the DagBag from /home/airflow/.local/lib/python3.7/site-packages/airflow/example_dags/example_latest_only.py
[2024-12-07T19:40:40.633+0000] {processor.py:766} INFO - DAG(s) dict_keys(['latest_only']) retrieved from /home/airflow/.local/lib/python3.7/site-packages/airflow/example_dags/example_latest_only.py
[2024-12-07T19:40:40.677+0000] {logging_mixin.py:120} INFO - [2024-12-07T19:40:40.677+0000] {dag.py:2585} INFO - Sync 1 DAGs
[2024-12-07T19:40:40.706+0000] {logging_mixin.py:120} INFO - [2024-12-07T19:40:40.705+0000] {dag.py:3340} INFO - Setting next_dagrun for latest_only to 2024-12-07T15:40:40.705539+00:00, run_after=2024-12-07T19:40:40.705539+00:00
[2024-12-07T19:40:40.734+0000] {processor.py:176} INFO - Processing /home/airflow/.local/lib/python3.7/site-packages/airflow/example_dags/example_latest_only.py took 0.119 seconds
[2024-12-07T19:41:11.811+0000] {processor.py:154} INFO - Started process (PID=712) to work on /home/airflow/.local/lib/python3.7/site-packages/airflow/example_dags/example_latest_only.py
[2024-12-07T19:41:11.823+0000] {processor.py:756} INFO - Processing file /home/airflow/.local/lib/python3.7/site-packages/airflow/example_dags/example_latest_only.py for tasks to queue
[2024-12-07T19:41:11.825+0000] {logging_mixin.py:120} INFO - [2024-12-07T19:41:11.825+0000] {dagbag.py:537} INFO - Filling up the DagBag from /home/airflow/.local/lib/python3.7/site-packages/airflow/example_dags/example_latest_only.py
[2024-12-07T19:41:11.877+0000] {processor.py:766} INFO - DAG(s) dict_keys(['latest_only']) retrieved from /home/airflow/.local/lib/python3.7/site-packages/airflow/example_dags/example_latest_only.py
[2024-12-07T19:41:11.980+0000] {logging_mixin.py:120} INFO - [2024-12-07T19:41:11.979+0000] {dag.py:2585} INFO - Sync 1 DAGs
[2024-12-07T19:41:12.024+0000] {logging_mixin.py:120} INFO - [2024-12-07T19:41:12.024+0000] {dag.py:3340} INFO - Setting next_dagrun for latest_only to 2024-12-07T15:41:12.023902+00:00, run_after=2024-12-07T19:41:12.023902+00:00
[2024-12-07T19:41:12.065+0000] {processor.py:176} INFO - Processing /home/airflow/.local/lib/python3.7/site-packages/airflow/example_dags/example_latest_only.py took 0.259 seconds
