[2024-12-07T19:35:36.186+0000] {processor.py:154} INFO - Started process (PID=70) to work on /home/airflow/.local/lib/python3.7/site-packages/airflow/example_dags/example_task_group_decorator.py
[2024-12-07T19:35:36.190+0000] {processor.py:756} INFO - Processing file /home/airflow/.local/lib/python3.7/site-packages/airflow/example_dags/example_task_group_decorator.py for tasks to queue
[2024-12-07T19:35:36.191+0000] {logging_mixin.py:120} INFO - [2024-12-07T19:35:36.191+0000] {dagbag.py:537} INFO - Filling up the DagBag from /home/airflow/.local/lib/python3.7/site-packages/airflow/example_dags/example_task_group_decorator.py
[2024-12-07T19:35:36.251+0000] {processor.py:766} INFO - DAG(s) dict_keys(['example_task_group_decorator']) retrieved from /home/airflow/.local/lib/python3.7/site-packages/airflow/example_dags/example_task_group_decorator.py
[2024-12-07T19:35:36.358+0000] {logging_mixin.py:120} INFO - [2024-12-07T19:35:36.358+0000] {dag.py:2585} INFO - Sync 1 DAGs
[2024-12-07T19:35:36.389+0000] {logging_mixin.py:120} INFO - [2024-12-07T19:35:36.388+0000] {dag.py:3340} INFO - Setting next_dagrun for example_task_group_decorator to 2024-12-06T19:35:36.388432+00:00, run_after=2024-12-07T19:35:36.388432+00:00
[2024-12-07T19:35:36.419+0000] {processor.py:176} INFO - Processing /home/airflow/.local/lib/python3.7/site-packages/airflow/example_dags/example_task_group_decorator.py took 0.239 seconds
[2024-12-07T19:36:07.023+0000] {processor.py:154} INFO - Started process (PID=134) to work on /home/airflow/.local/lib/python3.7/site-packages/airflow/example_dags/example_task_group_decorator.py
[2024-12-07T19:36:07.025+0000] {processor.py:756} INFO - Processing file /home/airflow/.local/lib/python3.7/site-packages/airflow/example_dags/example_task_group_decorator.py for tasks to queue
[2024-12-07T19:36:07.026+0000] {logging_mixin.py:120} INFO - [2024-12-07T19:36:07.026+0000] {dagbag.py:537} INFO - Filling up the DagBag from /home/airflow/.local/lib/python3.7/site-packages/airflow/example_dags/example_task_group_decorator.py
[2024-12-07T19:36:07.059+0000] {processor.py:766} INFO - DAG(s) dict_keys(['example_task_group_decorator']) retrieved from /home/airflow/.local/lib/python3.7/site-packages/airflow/example_dags/example_task_group_decorator.py
[2024-12-07T19:36:07.141+0000] {logging_mixin.py:120} INFO - [2024-12-07T19:36:07.141+0000] {dag.py:2585} INFO - Sync 1 DAGs
[2024-12-07T19:36:07.183+0000] {logging_mixin.py:120} INFO - [2024-12-07T19:36:07.183+0000] {dag.py:3340} INFO - Setting next_dagrun for example_task_group_decorator to 2024-12-06T19:36:07.182580+00:00, run_after=2024-12-07T19:36:07.182580+00:00
[2024-12-07T19:36:07.226+0000] {processor.py:176} INFO - Processing /home/airflow/.local/lib/python3.7/site-packages/airflow/example_dags/example_task_group_decorator.py took 0.206 seconds
[2024-12-07T19:36:37.409+0000] {processor.py:154} INFO - Started process (PID=190) to work on /home/airflow/.local/lib/python3.7/site-packages/airflow/example_dags/example_task_group_decorator.py
[2024-12-07T19:36:37.411+0000] {processor.py:756} INFO - Processing file /home/airflow/.local/lib/python3.7/site-packages/airflow/example_dags/example_task_group_decorator.py for tasks to queue
[2024-12-07T19:36:37.411+0000] {logging_mixin.py:120} INFO - [2024-12-07T19:36:37.411+0000] {dagbag.py:537} INFO - Filling up the DagBag from /home/airflow/.local/lib/python3.7/site-packages/airflow/example_dags/example_task_group_decorator.py
[2024-12-07T19:36:37.445+0000] {processor.py:766} INFO - DAG(s) dict_keys(['example_task_group_decorator']) retrieved from /home/airflow/.local/lib/python3.7/site-packages/airflow/example_dags/example_task_group_decorator.py
[2024-12-07T19:36:37.505+0000] {logging_mixin.py:120} INFO - [2024-12-07T19:36:37.505+0000] {dag.py:2585} INFO - Sync 1 DAGs
[2024-12-07T19:36:37.533+0000] {logging_mixin.py:120} INFO - [2024-12-07T19:36:37.533+0000] {dag.py:3340} INFO - Setting next_dagrun for example_task_group_decorator to 2024-12-06T19:36:37.533284+00:00, run_after=2024-12-07T19:36:37.533284+00:00
[2024-12-07T19:36:37.559+0000] {processor.py:176} INFO - Processing /home/airflow/.local/lib/python3.7/site-packages/airflow/example_dags/example_task_group_decorator.py took 0.153 seconds
[2024-12-07T19:37:07.702+0000] {processor.py:154} INFO - Started process (PID=253) to work on /home/airflow/.local/lib/python3.7/site-packages/airflow/example_dags/example_task_group_decorator.py
[2024-12-07T19:37:07.703+0000] {processor.py:756} INFO - Processing file /home/airflow/.local/lib/python3.7/site-packages/airflow/example_dags/example_task_group_decorator.py for tasks to queue
[2024-12-07T19:37:07.704+0000] {logging_mixin.py:120} INFO - [2024-12-07T19:37:07.704+0000] {dagbag.py:537} INFO - Filling up the DagBag from /home/airflow/.local/lib/python3.7/site-packages/airflow/example_dags/example_task_group_decorator.py
[2024-12-07T19:37:07.732+0000] {processor.py:766} INFO - DAG(s) dict_keys(['example_task_group_decorator']) retrieved from /home/airflow/.local/lib/python3.7/site-packages/airflow/example_dags/example_task_group_decorator.py
[2024-12-07T19:37:07.786+0000] {logging_mixin.py:120} INFO - [2024-12-07T19:37:07.786+0000] {dag.py:2585} INFO - Sync 1 DAGs
[2024-12-07T19:37:07.820+0000] {logging_mixin.py:120} INFO - [2024-12-07T19:37:07.820+0000] {dag.py:3340} INFO - Setting next_dagrun for example_task_group_decorator to 2024-12-06T19:37:07.820487+00:00, run_after=2024-12-07T19:37:07.820487+00:00
[2024-12-07T19:37:07.862+0000] {processor.py:176} INFO - Processing /home/airflow/.local/lib/python3.7/site-packages/airflow/example_dags/example_task_group_decorator.py took 0.163 seconds
[2024-12-07T19:37:38.409+0000] {processor.py:154} INFO - Started process (PID=319) to work on /home/airflow/.local/lib/python3.7/site-packages/airflow/example_dags/example_task_group_decorator.py
[2024-12-07T19:37:38.411+0000] {processor.py:756} INFO - Processing file /home/airflow/.local/lib/python3.7/site-packages/airflow/example_dags/example_task_group_decorator.py for tasks to queue
[2024-12-07T19:37:38.412+0000] {logging_mixin.py:120} INFO - [2024-12-07T19:37:38.412+0000] {dagbag.py:537} INFO - Filling up the DagBag from /home/airflow/.local/lib/python3.7/site-packages/airflow/example_dags/example_task_group_decorator.py
[2024-12-07T19:37:38.436+0000] {processor.py:766} INFO - DAG(s) dict_keys(['example_task_group_decorator']) retrieved from /home/airflow/.local/lib/python3.7/site-packages/airflow/example_dags/example_task_group_decorator.py
[2024-12-07T19:37:38.460+0000] {logging_mixin.py:120} INFO - [2024-12-07T19:37:38.459+0000] {dag.py:2585} INFO - Sync 1 DAGs
[2024-12-07T19:37:38.486+0000] {logging_mixin.py:120} INFO - [2024-12-07T19:37:38.486+0000] {dag.py:3340} INFO - Setting next_dagrun for example_task_group_decorator to 2024-12-06T19:37:38.485984+00:00, run_after=2024-12-07T19:37:38.485984+00:00
[2024-12-07T19:37:38.508+0000] {processor.py:176} INFO - Processing /home/airflow/.local/lib/python3.7/site-packages/airflow/example_dags/example_task_group_decorator.py took 0.102 seconds
[2024-12-07T19:38:11.534+0000] {processor.py:154} INFO - Started process (PID=374) to work on /home/airflow/.local/lib/python3.7/site-packages/airflow/example_dags/example_task_group_decorator.py
[2024-12-07T19:38:11.539+0000] {processor.py:756} INFO - Processing file /home/airflow/.local/lib/python3.7/site-packages/airflow/example_dags/example_task_group_decorator.py for tasks to queue
[2024-12-07T19:38:11.542+0000] {logging_mixin.py:120} INFO - [2024-12-07T19:38:11.541+0000] {dagbag.py:537} INFO - Filling up the DagBag from /home/airflow/.local/lib/python3.7/site-packages/airflow/example_dags/example_task_group_decorator.py
[2024-12-07T19:38:11.618+0000] {processor.py:766} INFO - DAG(s) dict_keys(['example_task_group_decorator']) retrieved from /home/airflow/.local/lib/python3.7/site-packages/airflow/example_dags/example_task_group_decorator.py
[2024-12-07T19:38:11.743+0000] {logging_mixin.py:120} INFO - [2024-12-07T19:38:11.742+0000] {dag.py:2585} INFO - Sync 1 DAGs
[2024-12-07T19:38:11.814+0000] {logging_mixin.py:120} INFO - [2024-12-07T19:38:11.814+0000] {dag.py:3340} INFO - Setting next_dagrun for example_task_group_decorator to 2024-12-06T19:38:11.813876+00:00, run_after=2024-12-07T19:38:11.813876+00:00
[2024-12-07T19:38:11.929+0000] {processor.py:176} INFO - Processing /home/airflow/.local/lib/python3.7/site-packages/airflow/example_dags/example_task_group_decorator.py took 0.400 seconds
[2024-12-07T19:38:42.550+0000] {processor.py:154} INFO - Started process (PID=438) to work on /home/airflow/.local/lib/python3.7/site-packages/airflow/example_dags/example_task_group_decorator.py
[2024-12-07T19:38:42.551+0000] {processor.py:756} INFO - Processing file /home/airflow/.local/lib/python3.7/site-packages/airflow/example_dags/example_task_group_decorator.py for tasks to queue
[2024-12-07T19:38:42.552+0000] {logging_mixin.py:120} INFO - [2024-12-07T19:38:42.552+0000] {dagbag.py:537} INFO - Filling up the DagBag from /home/airflow/.local/lib/python3.7/site-packages/airflow/example_dags/example_task_group_decorator.py
[2024-12-07T19:38:42.583+0000] {processor.py:766} INFO - DAG(s) dict_keys(['example_task_group_decorator']) retrieved from /home/airflow/.local/lib/python3.7/site-packages/airflow/example_dags/example_task_group_decorator.py
[2024-12-07T19:38:42.628+0000] {logging_mixin.py:120} INFO - [2024-12-07T19:38:42.628+0000] {dag.py:2585} INFO - Sync 1 DAGs
[2024-12-07T19:38:42.654+0000] {logging_mixin.py:120} INFO - [2024-12-07T19:38:42.654+0000] {dag.py:3340} INFO - Setting next_dagrun for example_task_group_decorator to 2024-12-06T19:38:42.654610+00:00, run_after=2024-12-07T19:38:42.654610+00:00
[2024-12-07T19:38:42.676+0000] {processor.py:176} INFO - Processing /home/airflow/.local/lib/python3.7/site-packages/airflow/example_dags/example_task_group_decorator.py took 0.130 seconds
[2024-12-07T19:39:12.940+0000] {processor.py:154} INFO - Started process (PID=493) to work on /home/airflow/.local/lib/python3.7/site-packages/airflow/example_dags/example_task_group_decorator.py
[2024-12-07T19:39:12.941+0000] {processor.py:756} INFO - Processing file /home/airflow/.local/lib/python3.7/site-packages/airflow/example_dags/example_task_group_decorator.py for tasks to queue
[2024-12-07T19:39:12.942+0000] {logging_mixin.py:120} INFO - [2024-12-07T19:39:12.942+0000] {dagbag.py:537} INFO - Filling up the DagBag from /home/airflow/.local/lib/python3.7/site-packages/airflow/example_dags/example_task_group_decorator.py
[2024-12-07T19:39:12.969+0000] {processor.py:766} INFO - DAG(s) dict_keys(['example_task_group_decorator']) retrieved from /home/airflow/.local/lib/python3.7/site-packages/airflow/example_dags/example_task_group_decorator.py
[2024-12-07T19:39:13.012+0000] {logging_mixin.py:120} INFO - [2024-12-07T19:39:13.011+0000] {dag.py:2585} INFO - Sync 1 DAGs
[2024-12-07T19:39:13.035+0000] {logging_mixin.py:120} INFO - [2024-12-07T19:39:13.035+0000] {dag.py:3340} INFO - Setting next_dagrun for example_task_group_decorator to 2024-12-06T19:39:13.035147+00:00, run_after=2024-12-07T19:39:13.035147+00:00
[2024-12-07T19:39:13.056+0000] {processor.py:176} INFO - Processing /home/airflow/.local/lib/python3.7/site-packages/airflow/example_dags/example_task_group_decorator.py took 0.119 seconds
[2024-12-07T19:39:43.451+0000] {processor.py:154} INFO - Started process (PID=557) to work on /home/airflow/.local/lib/python3.7/site-packages/airflow/example_dags/example_task_group_decorator.py
[2024-12-07T19:39:43.452+0000] {processor.py:756} INFO - Processing file /home/airflow/.local/lib/python3.7/site-packages/airflow/example_dags/example_task_group_decorator.py for tasks to queue
[2024-12-07T19:39:43.453+0000] {logging_mixin.py:120} INFO - [2024-12-07T19:39:43.453+0000] {dagbag.py:537} INFO - Filling up the DagBag from /home/airflow/.local/lib/python3.7/site-packages/airflow/example_dags/example_task_group_decorator.py
[2024-12-07T19:39:43.477+0000] {processor.py:766} INFO - DAG(s) dict_keys(['example_task_group_decorator']) retrieved from /home/airflow/.local/lib/python3.7/site-packages/airflow/example_dags/example_task_group_decorator.py
[2024-12-07T19:39:43.519+0000] {logging_mixin.py:120} INFO - [2024-12-07T19:39:43.519+0000] {dag.py:2585} INFO - Sync 1 DAGs
[2024-12-07T19:39:43.548+0000] {logging_mixin.py:120} INFO - [2024-12-07T19:39:43.548+0000] {dag.py:3340} INFO - Setting next_dagrun for example_task_group_decorator to 2024-12-06T19:39:43.548370+00:00, run_after=2024-12-07T19:39:43.548370+00:00
[2024-12-07T19:39:43.570+0000] {processor.py:176} INFO - Processing /home/airflow/.local/lib/python3.7/site-packages/airflow/example_dags/example_task_group_decorator.py took 0.122 seconds
[2024-12-07T19:40:13.713+0000] {processor.py:154} INFO - Started process (PID=620) to work on /home/airflow/.local/lib/python3.7/site-packages/airflow/example_dags/example_task_group_decorator.py
[2024-12-07T19:40:13.714+0000] {processor.py:756} INFO - Processing file /home/airflow/.local/lib/python3.7/site-packages/airflow/example_dags/example_task_group_decorator.py for tasks to queue
[2024-12-07T19:40:13.716+0000] {logging_mixin.py:120} INFO - [2024-12-07T19:40:13.716+0000] {dagbag.py:537} INFO - Filling up the DagBag from /home/airflow/.local/lib/python3.7/site-packages/airflow/example_dags/example_task_group_decorator.py
[2024-12-07T19:40:13.747+0000] {processor.py:766} INFO - DAG(s) dict_keys(['example_task_group_decorator']) retrieved from /home/airflow/.local/lib/python3.7/site-packages/airflow/example_dags/example_task_group_decorator.py
[2024-12-07T19:40:13.785+0000] {logging_mixin.py:120} INFO - [2024-12-07T19:40:13.784+0000] {dag.py:2585} INFO - Sync 1 DAGs
[2024-12-07T19:40:13.808+0000] {logging_mixin.py:120} INFO - [2024-12-07T19:40:13.807+0000] {dag.py:3340} INFO - Setting next_dagrun for example_task_group_decorator to 2024-12-06T19:40:13.807660+00:00, run_after=2024-12-07T19:40:13.807660+00:00
[2024-12-07T19:40:13.835+0000] {processor.py:176} INFO - Processing /home/airflow/.local/lib/python3.7/site-packages/airflow/example_dags/example_task_group_decorator.py took 0.126 seconds
[2024-12-07T19:40:44.019+0000] {processor.py:154} INFO - Started process (PID=684) to work on /home/airflow/.local/lib/python3.7/site-packages/airflow/example_dags/example_task_group_decorator.py
[2024-12-07T19:40:44.022+0000] {processor.py:756} INFO - Processing file /home/airflow/.local/lib/python3.7/site-packages/airflow/example_dags/example_task_group_decorator.py for tasks to queue
[2024-12-07T19:40:44.023+0000] {logging_mixin.py:120} INFO - [2024-12-07T19:40:44.023+0000] {dagbag.py:537} INFO - Filling up the DagBag from /home/airflow/.local/lib/python3.7/site-packages/airflow/example_dags/example_task_group_decorator.py
[2024-12-07T19:40:44.056+0000] {processor.py:766} INFO - DAG(s) dict_keys(['example_task_group_decorator']) retrieved from /home/airflow/.local/lib/python3.7/site-packages/airflow/example_dags/example_task_group_decorator.py
[2024-12-07T19:40:44.108+0000] {logging_mixin.py:120} INFO - [2024-12-07T19:40:44.108+0000] {dag.py:2585} INFO - Sync 1 DAGs
[2024-12-07T19:40:44.136+0000] {logging_mixin.py:120} INFO - [2024-12-07T19:40:44.135+0000] {dag.py:3340} INFO - Setting next_dagrun for example_task_group_decorator to 2024-12-06T19:40:44.135627+00:00, run_after=2024-12-07T19:40:44.135627+00:00
[2024-12-07T19:40:44.158+0000] {processor.py:176} INFO - Processing /home/airflow/.local/lib/python3.7/site-packages/airflow/example_dags/example_task_group_decorator.py took 0.142 seconds
