[2024-12-07T19:35:34.904+0000] {processor.py:154} INFO - Started process (PID=64) to work on /home/airflow/.local/lib/python3.7/site-packages/airflow/example_dags/example_sla_dag.py
[2024-12-07T19:35:34.906+0000] {processor.py:756} INFO - Processing file /home/airflow/.local/lib/python3.7/site-packages/airflow/example_dags/example_sla_dag.py for tasks to queue
[2024-12-07T19:35:34.907+0000] {logging_mixin.py:120} INFO - [2024-12-07T19:35:34.906+0000] {dagbag.py:537} INFO - Filling up the DagBag from /home/airflow/.local/lib/python3.7/site-packages/airflow/example_dags/example_sla_dag.py
[2024-12-07T19:35:34.951+0000] {processor.py:766} INFO - DAG(s) dict_keys(['example_sla_dag']) retrieved from /home/airflow/.local/lib/python3.7/site-packages/airflow/example_dags/example_sla_dag.py
[2024-12-07T19:35:35.072+0000] {logging_mixin.py:120} INFO - [2024-12-07T19:35:35.072+0000] {dag.py:2585} INFO - Sync 1 DAGs
[2024-12-07T19:35:35.127+0000] {logging_mixin.py:120} INFO - [2024-12-07T19:35:35.126+0000] {dag.py:3340} INFO - Setting next_dagrun for example_sla_dag to 2024-12-07T19:32:00+00:00, run_after=2024-12-07T19:34:00+00:00
[2024-12-07T19:35:35.174+0000] {processor.py:176} INFO - Processing /home/airflow/.local/lib/python3.7/site-packages/airflow/example_dags/example_sla_dag.py took 0.274 seconds
[2024-12-07T19:36:05.270+0000] {processor.py:154} INFO - Started process (PID=119) to work on /home/airflow/.local/lib/python3.7/site-packages/airflow/example_dags/example_sla_dag.py
[2024-12-07T19:36:05.272+0000] {processor.py:756} INFO - Processing file /home/airflow/.local/lib/python3.7/site-packages/airflow/example_dags/example_sla_dag.py for tasks to queue
[2024-12-07T19:36:05.273+0000] {logging_mixin.py:120} INFO - [2024-12-07T19:36:05.273+0000] {dagbag.py:537} INFO - Filling up the DagBag from /home/airflow/.local/lib/python3.7/site-packages/airflow/example_dags/example_sla_dag.py
[2024-12-07T19:36:05.292+0000] {processor.py:766} INFO - DAG(s) dict_keys(['example_sla_dag']) retrieved from /home/airflow/.local/lib/python3.7/site-packages/airflow/example_dags/example_sla_dag.py
[2024-12-07T19:36:05.329+0000] {logging_mixin.py:120} INFO - [2024-12-07T19:36:05.329+0000] {dag.py:2585} INFO - Sync 1 DAGs
[2024-12-07T19:36:05.354+0000] {logging_mixin.py:120} INFO - [2024-12-07T19:36:05.353+0000] {dag.py:3340} INFO - Setting next_dagrun for example_sla_dag to 2024-12-07T19:34:00+00:00, run_after=2024-12-07T19:36:00+00:00
[2024-12-07T19:36:05.378+0000] {processor.py:176} INFO - Processing /home/airflow/.local/lib/python3.7/site-packages/airflow/example_dags/example_sla_dag.py took 0.111 seconds
[2024-12-07T19:36:35.682+0000] {processor.py:154} INFO - Started process (PID=184) to work on /home/airflow/.local/lib/python3.7/site-packages/airflow/example_dags/example_sla_dag.py
[2024-12-07T19:36:35.684+0000] {processor.py:756} INFO - Processing file /home/airflow/.local/lib/python3.7/site-packages/airflow/example_dags/example_sla_dag.py for tasks to queue
[2024-12-07T19:36:35.685+0000] {logging_mixin.py:120} INFO - [2024-12-07T19:36:35.685+0000] {dagbag.py:537} INFO - Filling up the DagBag from /home/airflow/.local/lib/python3.7/site-packages/airflow/example_dags/example_sla_dag.py
[2024-12-07T19:36:35.704+0000] {processor.py:766} INFO - DAG(s) dict_keys(['example_sla_dag']) retrieved from /home/airflow/.local/lib/python3.7/site-packages/airflow/example_dags/example_sla_dag.py
[2024-12-07T19:36:35.745+0000] {logging_mixin.py:120} INFO - [2024-12-07T19:36:35.745+0000] {dag.py:2585} INFO - Sync 1 DAGs
[2024-12-07T19:36:35.777+0000] {logging_mixin.py:120} INFO - [2024-12-07T19:36:35.777+0000] {dag.py:3340} INFO - Setting next_dagrun for example_sla_dag to 2024-12-07T19:34:00+00:00, run_after=2024-12-07T19:36:00+00:00
[2024-12-07T19:36:35.800+0000] {processor.py:176} INFO - Processing /home/airflow/.local/lib/python3.7/site-packages/airflow/example_dags/example_sla_dag.py took 0.120 seconds
[2024-12-07T19:37:06.415+0000] {processor.py:154} INFO - Started process (PID=248) to work on /home/airflow/.local/lib/python3.7/site-packages/airflow/example_dags/example_sla_dag.py
[2024-12-07T19:37:06.416+0000] {processor.py:756} INFO - Processing file /home/airflow/.local/lib/python3.7/site-packages/airflow/example_dags/example_sla_dag.py for tasks to queue
[2024-12-07T19:37:06.417+0000] {logging_mixin.py:120} INFO - [2024-12-07T19:37:06.417+0000] {dagbag.py:537} INFO - Filling up the DagBag from /home/airflow/.local/lib/python3.7/site-packages/airflow/example_dags/example_sla_dag.py
[2024-12-07T19:37:06.435+0000] {processor.py:766} INFO - DAG(s) dict_keys(['example_sla_dag']) retrieved from /home/airflow/.local/lib/python3.7/site-packages/airflow/example_dags/example_sla_dag.py
[2024-12-07T19:37:06.475+0000] {logging_mixin.py:120} INFO - [2024-12-07T19:37:06.475+0000] {dag.py:2585} INFO - Sync 1 DAGs
[2024-12-07T19:37:06.503+0000] {logging_mixin.py:120} INFO - [2024-12-07T19:37:06.503+0000] {dag.py:3340} INFO - Setting next_dagrun for example_sla_dag to 2024-12-07T19:34:00+00:00, run_after=2024-12-07T19:36:00+00:00
[2024-12-07T19:37:06.529+0000] {processor.py:176} INFO - Processing /home/airflow/.local/lib/python3.7/site-packages/airflow/example_dags/example_sla_dag.py took 0.116 seconds
[2024-12-07T19:37:36.820+0000] {processor.py:154} INFO - Started process (PID=303) to work on /home/airflow/.local/lib/python3.7/site-packages/airflow/example_dags/example_sla_dag.py
[2024-12-07T19:37:36.821+0000] {processor.py:756} INFO - Processing file /home/airflow/.local/lib/python3.7/site-packages/airflow/example_dags/example_sla_dag.py for tasks to queue
[2024-12-07T19:37:36.822+0000] {logging_mixin.py:120} INFO - [2024-12-07T19:37:36.822+0000] {dagbag.py:537} INFO - Filling up the DagBag from /home/airflow/.local/lib/python3.7/site-packages/airflow/example_dags/example_sla_dag.py
[2024-12-07T19:37:36.853+0000] {processor.py:766} INFO - DAG(s) dict_keys(['example_sla_dag']) retrieved from /home/airflow/.local/lib/python3.7/site-packages/airflow/example_dags/example_sla_dag.py
[2024-12-07T19:37:36.903+0000] {logging_mixin.py:120} INFO - [2024-12-07T19:37:36.903+0000] {dag.py:2585} INFO - Sync 1 DAGs
[2024-12-07T19:37:36.991+0000] {logging_mixin.py:120} INFO - [2024-12-07T19:37:36.990+0000] {dag.py:3340} INFO - Setting next_dagrun for example_sla_dag to 2024-12-07T19:34:00+00:00, run_after=2024-12-07T19:36:00+00:00
[2024-12-07T19:37:37.028+0000] {processor.py:176} INFO - Processing /home/airflow/.local/lib/python3.7/site-packages/airflow/example_dags/example_sla_dag.py took 0.212 seconds
[2024-12-07T19:38:10.033+0000] {processor.py:154} INFO - Started process (PID=368) to work on /home/airflow/.local/lib/python3.7/site-packages/airflow/example_dags/example_sla_dag.py
[2024-12-07T19:38:10.034+0000] {processor.py:756} INFO - Processing file /home/airflow/.local/lib/python3.7/site-packages/airflow/example_dags/example_sla_dag.py for tasks to queue
[2024-12-07T19:38:10.036+0000] {logging_mixin.py:120} INFO - [2024-12-07T19:38:10.036+0000] {dagbag.py:537} INFO - Filling up the DagBag from /home/airflow/.local/lib/python3.7/site-packages/airflow/example_dags/example_sla_dag.py
[2024-12-07T19:38:10.093+0000] {processor.py:766} INFO - DAG(s) dict_keys(['example_sla_dag']) retrieved from /home/airflow/.local/lib/python3.7/site-packages/airflow/example_dags/example_sla_dag.py
[2024-12-07T19:38:10.185+0000] {logging_mixin.py:120} INFO - [2024-12-07T19:38:10.185+0000] {dag.py:2585} INFO - Sync 1 DAGs
[2024-12-07T19:38:10.261+0000] {logging_mixin.py:120} INFO - [2024-12-07T19:38:10.261+0000] {dag.py:3340} INFO - Setting next_dagrun for example_sla_dag to 2024-12-07T19:36:00+00:00, run_after=2024-12-07T19:38:00+00:00
[2024-12-07T19:38:10.319+0000] {processor.py:176} INFO - Processing /home/airflow/.local/lib/python3.7/site-packages/airflow/example_dags/example_sla_dag.py took 0.295 seconds
[2024-12-07T19:38:41.035+0000] {processor.py:154} INFO - Started process (PID=432) to work on /home/airflow/.local/lib/python3.7/site-packages/airflow/example_dags/example_sla_dag.py
[2024-12-07T19:38:41.036+0000] {processor.py:756} INFO - Processing file /home/airflow/.local/lib/python3.7/site-packages/airflow/example_dags/example_sla_dag.py for tasks to queue
[2024-12-07T19:38:41.037+0000] {logging_mixin.py:120} INFO - [2024-12-07T19:38:41.037+0000] {dagbag.py:537} INFO - Filling up the DagBag from /home/airflow/.local/lib/python3.7/site-packages/airflow/example_dags/example_sla_dag.py
[2024-12-07T19:38:41.059+0000] {processor.py:766} INFO - DAG(s) dict_keys(['example_sla_dag']) retrieved from /home/airflow/.local/lib/python3.7/site-packages/airflow/example_dags/example_sla_dag.py
[2024-12-07T19:38:41.106+0000] {logging_mixin.py:120} INFO - [2024-12-07T19:38:41.106+0000] {dag.py:2585} INFO - Sync 1 DAGs
[2024-12-07T19:38:41.141+0000] {logging_mixin.py:120} INFO - [2024-12-07T19:38:41.141+0000] {dag.py:3340} INFO - Setting next_dagrun for example_sla_dag to 2024-12-07T19:36:00+00:00, run_after=2024-12-07T19:38:00+00:00
[2024-12-07T19:38:41.170+0000] {processor.py:176} INFO - Processing /home/airflow/.local/lib/python3.7/site-packages/airflow/example_dags/example_sla_dag.py took 0.137 seconds
[2024-12-07T19:39:11.506+0000] {processor.py:154} INFO - Started process (PID=487) to work on /home/airflow/.local/lib/python3.7/site-packages/airflow/example_dags/example_sla_dag.py
[2024-12-07T19:39:11.508+0000] {processor.py:756} INFO - Processing file /home/airflow/.local/lib/python3.7/site-packages/airflow/example_dags/example_sla_dag.py for tasks to queue
[2024-12-07T19:39:11.509+0000] {logging_mixin.py:120} INFO - [2024-12-07T19:39:11.509+0000] {dagbag.py:537} INFO - Filling up the DagBag from /home/airflow/.local/lib/python3.7/site-packages/airflow/example_dags/example_sla_dag.py
[2024-12-07T19:39:11.528+0000] {processor.py:766} INFO - DAG(s) dict_keys(['example_sla_dag']) retrieved from /home/airflow/.local/lib/python3.7/site-packages/airflow/example_dags/example_sla_dag.py
[2024-12-07T19:39:11.575+0000] {logging_mixin.py:120} INFO - [2024-12-07T19:39:11.575+0000] {dag.py:2585} INFO - Sync 1 DAGs
[2024-12-07T19:39:11.604+0000] {logging_mixin.py:120} INFO - [2024-12-07T19:39:11.604+0000] {dag.py:3340} INFO - Setting next_dagrun for example_sla_dag to 2024-12-07T19:36:00+00:00, run_after=2024-12-07T19:38:00+00:00
[2024-12-07T19:39:11.629+0000] {processor.py:176} INFO - Processing /home/airflow/.local/lib/python3.7/site-packages/airflow/example_dags/example_sla_dag.py took 0.126 seconds
[2024-12-07T19:39:41.977+0000] {processor.py:154} INFO - Started process (PID=551) to work on /home/airflow/.local/lib/python3.7/site-packages/airflow/example_dags/example_sla_dag.py
[2024-12-07T19:39:41.978+0000] {processor.py:756} INFO - Processing file /home/airflow/.local/lib/python3.7/site-packages/airflow/example_dags/example_sla_dag.py for tasks to queue
[2024-12-07T19:39:41.980+0000] {logging_mixin.py:120} INFO - [2024-12-07T19:39:41.980+0000] {dagbag.py:537} INFO - Filling up the DagBag from /home/airflow/.local/lib/python3.7/site-packages/airflow/example_dags/example_sla_dag.py
[2024-12-07T19:39:42.011+0000] {processor.py:766} INFO - DAG(s) dict_keys(['example_sla_dag']) retrieved from /home/airflow/.local/lib/python3.7/site-packages/airflow/example_dags/example_sla_dag.py
[2024-12-07T19:39:42.068+0000] {logging_mixin.py:120} INFO - [2024-12-07T19:39:42.068+0000] {dag.py:2585} INFO - Sync 1 DAGs
[2024-12-07T19:39:42.103+0000] {logging_mixin.py:120} INFO - [2024-12-07T19:39:42.103+0000] {dag.py:3340} INFO - Setting next_dagrun for example_sla_dag to 2024-12-07T19:36:00+00:00, run_after=2024-12-07T19:38:00+00:00
[2024-12-07T19:39:42.123+0000] {processor.py:176} INFO - Processing /home/airflow/.local/lib/python3.7/site-packages/airflow/example_dags/example_sla_dag.py took 0.151 seconds
[2024-12-07T19:40:12.287+0000] {processor.py:154} INFO - Started process (PID=615) to work on /home/airflow/.local/lib/python3.7/site-packages/airflow/example_dags/example_sla_dag.py
[2024-12-07T19:40:12.288+0000] {processor.py:756} INFO - Processing file /home/airflow/.local/lib/python3.7/site-packages/airflow/example_dags/example_sla_dag.py for tasks to queue
[2024-12-07T19:40:12.289+0000] {logging_mixin.py:120} INFO - [2024-12-07T19:40:12.288+0000] {dagbag.py:537} INFO - Filling up the DagBag from /home/airflow/.local/lib/python3.7/site-packages/airflow/example_dags/example_sla_dag.py
[2024-12-07T19:40:12.308+0000] {processor.py:766} INFO - DAG(s) dict_keys(['example_sla_dag']) retrieved from /home/airflow/.local/lib/python3.7/site-packages/airflow/example_dags/example_sla_dag.py
[2024-12-07T19:40:12.346+0000] {logging_mixin.py:120} INFO - [2024-12-07T19:40:12.345+0000] {dag.py:2585} INFO - Sync 1 DAGs
[2024-12-07T19:40:12.376+0000] {logging_mixin.py:120} INFO - [2024-12-07T19:40:12.376+0000] {dag.py:3340} INFO - Setting next_dagrun for example_sla_dag to 2024-12-07T19:38:00+00:00, run_after=2024-12-07T19:40:00+00:00
[2024-12-07T19:40:12.397+0000] {processor.py:176} INFO - Processing /home/airflow/.local/lib/python3.7/site-packages/airflow/example_dags/example_sla_dag.py took 0.114 seconds
[2024-12-07T19:40:42.571+0000] {processor.py:154} INFO - Started process (PID=670) to work on /home/airflow/.local/lib/python3.7/site-packages/airflow/example_dags/example_sla_dag.py
[2024-12-07T19:40:42.573+0000] {processor.py:756} INFO - Processing file /home/airflow/.local/lib/python3.7/site-packages/airflow/example_dags/example_sla_dag.py for tasks to queue
[2024-12-07T19:40:42.573+0000] {logging_mixin.py:120} INFO - [2024-12-07T19:40:42.573+0000] {dagbag.py:537} INFO - Filling up the DagBag from /home/airflow/.local/lib/python3.7/site-packages/airflow/example_dags/example_sla_dag.py
[2024-12-07T19:40:42.598+0000] {processor.py:766} INFO - DAG(s) dict_keys(['example_sla_dag']) retrieved from /home/airflow/.local/lib/python3.7/site-packages/airflow/example_dags/example_sla_dag.py
[2024-12-07T19:40:42.642+0000] {logging_mixin.py:120} INFO - [2024-12-07T19:40:42.642+0000] {dag.py:2585} INFO - Sync 1 DAGs
[2024-12-07T19:40:42.673+0000] {logging_mixin.py:120} INFO - [2024-12-07T19:40:42.672+0000] {dag.py:3340} INFO - Setting next_dagrun for example_sla_dag to 2024-12-07T19:38:00+00:00, run_after=2024-12-07T19:40:00+00:00
[2024-12-07T19:40:42.694+0000] {processor.py:176} INFO - Processing /home/airflow/.local/lib/python3.7/site-packages/airflow/example_dags/example_sla_dag.py took 0.126 seconds
[2024-12-07T19:41:13.706+0000] {processor.py:154} INFO - Started process (PID=734) to work on /home/airflow/.local/lib/python3.7/site-packages/airflow/example_dags/example_sla_dag.py
[2024-12-07T19:41:13.708+0000] {processor.py:756} INFO - Processing file /home/airflow/.local/lib/python3.7/site-packages/airflow/example_dags/example_sla_dag.py for tasks to queue
[2024-12-07T19:41:13.714+0000] {logging_mixin.py:120} INFO - [2024-12-07T19:41:13.714+0000] {dagbag.py:537} INFO - Filling up the DagBag from /home/airflow/.local/lib/python3.7/site-packages/airflow/example_dags/example_sla_dag.py
[2024-12-07T19:41:13.774+0000] {processor.py:766} INFO - DAG(s) dict_keys(['example_sla_dag']) retrieved from /home/airflow/.local/lib/python3.7/site-packages/airflow/example_dags/example_sla_dag.py
[2024-12-07T19:41:13.848+0000] {logging_mixin.py:120} INFO - [2024-12-07T19:41:13.848+0000] {dag.py:2585} INFO - Sync 1 DAGs
[2024-12-07T19:41:13.898+0000] {logging_mixin.py:120} INFO - [2024-12-07T19:41:13.898+0000] {dag.py:3340} INFO - Setting next_dagrun for example_sla_dag to 2024-12-07T19:38:00+00:00, run_after=2024-12-07T19:40:00+00:00
[2024-12-07T19:41:13.926+0000] {processor.py:176} INFO - Processing /home/airflow/.local/lib/python3.7/site-packages/airflow/example_dags/example_sla_dag.py took 0.224 seconds
