[2024-12-07T19:35:36.452+0000] {processor.py:154} INFO - Started process (PID=72) to work on /home/airflow/.local/lib/python3.7/site-packages/airflow/example_dags/example_python_operator.py
[2024-12-07T19:35:36.453+0000] {processor.py:756} INFO - Processing file /home/airflow/.local/lib/python3.7/site-packages/airflow/example_dags/example_python_operator.py for tasks to queue
[2024-12-07T19:35:36.454+0000] {logging_mixin.py:120} INFO - [2024-12-07T19:35:36.454+0000] {dagbag.py:537} INFO - Filling up the DagBag from /home/airflow/.local/lib/python3.7/site-packages/airflow/example_dags/example_python_operator.py
[2024-12-07T19:35:36.476+0000] {logging_mixin.py:120} INFO - [2024-12-07T19:35:36.476+0000] {taskmixin.py:205} WARNING - Dependency <Task(_PythonDecoratedOperator): print_the_context>, log_sql_query already registered for DAG: example_python_operator
[2024-12-07T19:35:36.477+0000] {logging_mixin.py:120} INFO - [2024-12-07T19:35:36.477+0000] {taskmixin.py:205} WARNING - Dependency <Task(_PythonDecoratedOperator): log_sql_query>, print_the_context already registered for DAG: example_python_operator
[2024-12-07T19:35:36.479+0000] {logging_mixin.py:120} INFO - [2024-12-07T19:35:36.478+0000] {taskmixin.py:205} WARNING - Dependency <Task(_PythonDecoratedOperator): print_the_context>, log_sql_query already registered for DAG: example_python_operator
[2024-12-07T19:35:36.479+0000] {logging_mixin.py:120} INFO - [2024-12-07T19:35:36.479+0000] {taskmixin.py:205} WARNING - Dependency <Task(_PythonDecoratedOperator): log_sql_query>, print_the_context already registered for DAG: example_python_operator
[2024-12-07T19:35:36.480+0000] {logging_mixin.py:120} INFO - [2024-12-07T19:35:36.480+0000] {taskmixin.py:205} WARNING - Dependency <Task(_PythonDecoratedOperator): print_the_context>, log_sql_query already registered for DAG: example_python_operator
[2024-12-07T19:35:36.481+0000] {logging_mixin.py:120} INFO - [2024-12-07T19:35:36.481+0000] {taskmixin.py:205} WARNING - Dependency <Task(_PythonDecoratedOperator): log_sql_query>, print_the_context already registered for DAG: example_python_operator
[2024-12-07T19:35:36.482+0000] {logging_mixin.py:120} INFO - [2024-12-07T19:35:36.482+0000] {taskmixin.py:205} WARNING - Dependency <Task(_PythonDecoratedOperator): print_the_context>, log_sql_query already registered for DAG: example_python_operator
[2024-12-07T19:35:36.483+0000] {logging_mixin.py:120} INFO - [2024-12-07T19:35:36.482+0000] {taskmixin.py:205} WARNING - Dependency <Task(_PythonDecoratedOperator): log_sql_query>, print_the_context already registered for DAG: example_python_operator
[2024-12-07T19:35:36.495+0000] {processor.py:766} INFO - DAG(s) dict_keys(['example_python_operator']) retrieved from /home/airflow/.local/lib/python3.7/site-packages/airflow/example_dags/example_python_operator.py
[2024-12-07T19:35:36.595+0000] {logging_mixin.py:120} INFO - [2024-12-07T19:35:36.595+0000] {dag.py:2585} INFO - Sync 1 DAGs
[2024-12-07T19:35:36.652+0000] {logging_mixin.py:120} INFO - [2024-12-07T19:35:36.652+0000] {dag.py:3340} INFO - Setting next_dagrun for example_python_operator to None, run_after=None
[2024-12-07T19:35:36.727+0000] {processor.py:176} INFO - Processing /home/airflow/.local/lib/python3.7/site-packages/airflow/example_dags/example_python_operator.py took 0.278 seconds
[2024-12-07T19:36:07.259+0000] {processor.py:154} INFO - Started process (PID=135) to work on /home/airflow/.local/lib/python3.7/site-packages/airflow/example_dags/example_python_operator.py
[2024-12-07T19:36:07.261+0000] {processor.py:756} INFO - Processing file /home/airflow/.local/lib/python3.7/site-packages/airflow/example_dags/example_python_operator.py for tasks to queue
[2024-12-07T19:36:07.262+0000] {logging_mixin.py:120} INFO - [2024-12-07T19:36:07.262+0000] {dagbag.py:537} INFO - Filling up the DagBag from /home/airflow/.local/lib/python3.7/site-packages/airflow/example_dags/example_python_operator.py
[2024-12-07T19:36:07.282+0000] {logging_mixin.py:120} INFO - [2024-12-07T19:36:07.282+0000] {taskmixin.py:205} WARNING - Dependency <Task(_PythonDecoratedOperator): print_the_context>, log_sql_query already registered for DAG: example_python_operator
[2024-12-07T19:36:07.283+0000] {logging_mixin.py:120} INFO - [2024-12-07T19:36:07.283+0000] {taskmixin.py:205} WARNING - Dependency <Task(_PythonDecoratedOperator): log_sql_query>, print_the_context already registered for DAG: example_python_operator
[2024-12-07T19:36:07.284+0000] {logging_mixin.py:120} INFO - [2024-12-07T19:36:07.284+0000] {taskmixin.py:205} WARNING - Dependency <Task(_PythonDecoratedOperator): print_the_context>, log_sql_query already registered for DAG: example_python_operator
[2024-12-07T19:36:07.284+0000] {logging_mixin.py:120} INFO - [2024-12-07T19:36:07.284+0000] {taskmixin.py:205} WARNING - Dependency <Task(_PythonDecoratedOperator): log_sql_query>, print_the_context already registered for DAG: example_python_operator
[2024-12-07T19:36:07.285+0000] {logging_mixin.py:120} INFO - [2024-12-07T19:36:07.285+0000] {taskmixin.py:205} WARNING - Dependency <Task(_PythonDecoratedOperator): print_the_context>, log_sql_query already registered for DAG: example_python_operator
[2024-12-07T19:36:07.285+0000] {logging_mixin.py:120} INFO - [2024-12-07T19:36:07.285+0000] {taskmixin.py:205} WARNING - Dependency <Task(_PythonDecoratedOperator): log_sql_query>, print_the_context already registered for DAG: example_python_operator
[2024-12-07T19:36:07.286+0000] {logging_mixin.py:120} INFO - [2024-12-07T19:36:07.286+0000] {taskmixin.py:205} WARNING - Dependency <Task(_PythonDecoratedOperator): print_the_context>, log_sql_query already registered for DAG: example_python_operator
[2024-12-07T19:36:07.286+0000] {logging_mixin.py:120} INFO - [2024-12-07T19:36:07.286+0000] {taskmixin.py:205} WARNING - Dependency <Task(_PythonDecoratedOperator): log_sql_query>, print_the_context already registered for DAG: example_python_operator
[2024-12-07T19:36:07.293+0000] {processor.py:766} INFO - DAG(s) dict_keys(['example_python_operator']) retrieved from /home/airflow/.local/lib/python3.7/site-packages/airflow/example_dags/example_python_operator.py
[2024-12-07T19:36:07.347+0000] {logging_mixin.py:120} INFO - [2024-12-07T19:36:07.346+0000] {dag.py:2585} INFO - Sync 1 DAGs
[2024-12-07T19:36:07.390+0000] {logging_mixin.py:120} INFO - [2024-12-07T19:36:07.389+0000] {dag.py:3340} INFO - Setting next_dagrun for example_python_operator to None, run_after=None
[2024-12-07T19:36:07.422+0000] {processor.py:176} INFO - Processing /home/airflow/.local/lib/python3.7/site-packages/airflow/example_dags/example_python_operator.py took 0.167 seconds
[2024-12-07T19:36:37.590+0000] {processor.py:154} INFO - Started process (PID=191) to work on /home/airflow/.local/lib/python3.7/site-packages/airflow/example_dags/example_python_operator.py
[2024-12-07T19:36:37.591+0000] {processor.py:756} INFO - Processing file /home/airflow/.local/lib/python3.7/site-packages/airflow/example_dags/example_python_operator.py for tasks to queue
[2024-12-07T19:36:37.592+0000] {logging_mixin.py:120} INFO - [2024-12-07T19:36:37.592+0000] {dagbag.py:537} INFO - Filling up the DagBag from /home/airflow/.local/lib/python3.7/site-packages/airflow/example_dags/example_python_operator.py
[2024-12-07T19:36:37.608+0000] {logging_mixin.py:120} INFO - [2024-12-07T19:36:37.608+0000] {taskmixin.py:205} WARNING - Dependency <Task(_PythonDecoratedOperator): print_the_context>, log_sql_query already registered for DAG: example_python_operator
[2024-12-07T19:36:37.609+0000] {logging_mixin.py:120} INFO - [2024-12-07T19:36:37.609+0000] {taskmixin.py:205} WARNING - Dependency <Task(_PythonDecoratedOperator): log_sql_query>, print_the_context already registered for DAG: example_python_operator
[2024-12-07T19:36:37.610+0000] {logging_mixin.py:120} INFO - [2024-12-07T19:36:37.610+0000] {taskmixin.py:205} WARNING - Dependency <Task(_PythonDecoratedOperator): print_the_context>, log_sql_query already registered for DAG: example_python_operator
[2024-12-07T19:36:37.611+0000] {logging_mixin.py:120} INFO - [2024-12-07T19:36:37.611+0000] {taskmixin.py:205} WARNING - Dependency <Task(_PythonDecoratedOperator): log_sql_query>, print_the_context already registered for DAG: example_python_operator
[2024-12-07T19:36:37.612+0000] {logging_mixin.py:120} INFO - [2024-12-07T19:36:37.612+0000] {taskmixin.py:205} WARNING - Dependency <Task(_PythonDecoratedOperator): print_the_context>, log_sql_query already registered for DAG: example_python_operator
[2024-12-07T19:36:37.612+0000] {logging_mixin.py:120} INFO - [2024-12-07T19:36:37.612+0000] {taskmixin.py:205} WARNING - Dependency <Task(_PythonDecoratedOperator): log_sql_query>, print_the_context already registered for DAG: example_python_operator
[2024-12-07T19:36:37.613+0000] {logging_mixin.py:120} INFO - [2024-12-07T19:36:37.613+0000] {taskmixin.py:205} WARNING - Dependency <Task(_PythonDecoratedOperator): print_the_context>, log_sql_query already registered for DAG: example_python_operator
[2024-12-07T19:36:37.614+0000] {logging_mixin.py:120} INFO - [2024-12-07T19:36:37.614+0000] {taskmixin.py:205} WARNING - Dependency <Task(_PythonDecoratedOperator): log_sql_query>, print_the_context already registered for DAG: example_python_operator
[2024-12-07T19:36:37.621+0000] {processor.py:766} INFO - DAG(s) dict_keys(['example_python_operator']) retrieved from /home/airflow/.local/lib/python3.7/site-packages/airflow/example_dags/example_python_operator.py
[2024-12-07T19:36:37.661+0000] {logging_mixin.py:120} INFO - [2024-12-07T19:36:37.660+0000] {dag.py:2585} INFO - Sync 1 DAGs
[2024-12-07T19:36:37.685+0000] {logging_mixin.py:120} INFO - [2024-12-07T19:36:37.685+0000] {dag.py:3340} INFO - Setting next_dagrun for example_python_operator to None, run_after=None
[2024-12-07T19:36:37.709+0000] {processor.py:176} INFO - Processing /home/airflow/.local/lib/python3.7/site-packages/airflow/example_dags/example_python_operator.py took 0.122 seconds
[2024-12-07T19:37:07.906+0000] {processor.py:154} INFO - Started process (PID=255) to work on /home/airflow/.local/lib/python3.7/site-packages/airflow/example_dags/example_python_operator.py
[2024-12-07T19:37:07.906+0000] {processor.py:756} INFO - Processing file /home/airflow/.local/lib/python3.7/site-packages/airflow/example_dags/example_python_operator.py for tasks to queue
[2024-12-07T19:37:07.907+0000] {logging_mixin.py:120} INFO - [2024-12-07T19:37:07.907+0000] {dagbag.py:537} INFO - Filling up the DagBag from /home/airflow/.local/lib/python3.7/site-packages/airflow/example_dags/example_python_operator.py
[2024-12-07T19:37:07.923+0000] {logging_mixin.py:120} INFO - [2024-12-07T19:37:07.923+0000] {taskmixin.py:205} WARNING - Dependency <Task(_PythonDecoratedOperator): print_the_context>, log_sql_query already registered for DAG: example_python_operator
[2024-12-07T19:37:07.923+0000] {logging_mixin.py:120} INFO - [2024-12-07T19:37:07.923+0000] {taskmixin.py:205} WARNING - Dependency <Task(_PythonDecoratedOperator): log_sql_query>, print_the_context already registered for DAG: example_python_operator
[2024-12-07T19:37:07.924+0000] {logging_mixin.py:120} INFO - [2024-12-07T19:37:07.924+0000] {taskmixin.py:205} WARNING - Dependency <Task(_PythonDecoratedOperator): print_the_context>, log_sql_query already registered for DAG: example_python_operator
[2024-12-07T19:37:07.925+0000] {logging_mixin.py:120} INFO - [2024-12-07T19:37:07.925+0000] {taskmixin.py:205} WARNING - Dependency <Task(_PythonDecoratedOperator): log_sql_query>, print_the_context already registered for DAG: example_python_operator
[2024-12-07T19:37:07.926+0000] {logging_mixin.py:120} INFO - [2024-12-07T19:37:07.925+0000] {taskmixin.py:205} WARNING - Dependency <Task(_PythonDecoratedOperator): print_the_context>, log_sql_query already registered for DAG: example_python_operator
[2024-12-07T19:37:07.926+0000] {logging_mixin.py:120} INFO - [2024-12-07T19:37:07.926+0000] {taskmixin.py:205} WARNING - Dependency <Task(_PythonDecoratedOperator): log_sql_query>, print_the_context already registered for DAG: example_python_operator
[2024-12-07T19:37:07.927+0000] {logging_mixin.py:120} INFO - [2024-12-07T19:37:07.926+0000] {taskmixin.py:205} WARNING - Dependency <Task(_PythonDecoratedOperator): print_the_context>, log_sql_query already registered for DAG: example_python_operator
[2024-12-07T19:37:07.927+0000] {logging_mixin.py:120} INFO - [2024-12-07T19:37:07.927+0000] {taskmixin.py:205} WARNING - Dependency <Task(_PythonDecoratedOperator): log_sql_query>, print_the_context already registered for DAG: example_python_operator
[2024-12-07T19:37:07.935+0000] {processor.py:766} INFO - DAG(s) dict_keys(['example_python_operator']) retrieved from /home/airflow/.local/lib/python3.7/site-packages/airflow/example_dags/example_python_operator.py
[2024-12-07T19:37:07.976+0000] {logging_mixin.py:120} INFO - [2024-12-07T19:37:07.976+0000] {dag.py:2585} INFO - Sync 1 DAGs
[2024-12-07T19:37:08.008+0000] {logging_mixin.py:120} INFO - [2024-12-07T19:37:08.008+0000] {dag.py:3340} INFO - Setting next_dagrun for example_python_operator to None, run_after=None
[2024-12-07T19:37:08.040+0000] {processor.py:176} INFO - Processing /home/airflow/.local/lib/python3.7/site-packages/airflow/example_dags/example_python_operator.py took 0.138 seconds
[2024-12-07T19:37:38.539+0000] {processor.py:154} INFO - Started process (PID=320) to work on /home/airflow/.local/lib/python3.7/site-packages/airflow/example_dags/example_python_operator.py
[2024-12-07T19:37:38.540+0000] {processor.py:756} INFO - Processing file /home/airflow/.local/lib/python3.7/site-packages/airflow/example_dags/example_python_operator.py for tasks to queue
[2024-12-07T19:37:38.541+0000] {logging_mixin.py:120} INFO - [2024-12-07T19:37:38.541+0000] {dagbag.py:537} INFO - Filling up the DagBag from /home/airflow/.local/lib/python3.7/site-packages/airflow/example_dags/example_python_operator.py
[2024-12-07T19:37:38.555+0000] {logging_mixin.py:120} INFO - [2024-12-07T19:37:38.555+0000] {taskmixin.py:205} WARNING - Dependency <Task(_PythonDecoratedOperator): print_the_context>, log_sql_query already registered for DAG: example_python_operator
[2024-12-07T19:37:38.555+0000] {logging_mixin.py:120} INFO - [2024-12-07T19:37:38.555+0000] {taskmixin.py:205} WARNING - Dependency <Task(_PythonDecoratedOperator): log_sql_query>, print_the_context already registered for DAG: example_python_operator
[2024-12-07T19:37:38.556+0000] {logging_mixin.py:120} INFO - [2024-12-07T19:37:38.556+0000] {taskmixin.py:205} WARNING - Dependency <Task(_PythonDecoratedOperator): print_the_context>, log_sql_query already registered for DAG: example_python_operator
[2024-12-07T19:37:38.556+0000] {logging_mixin.py:120} INFO - [2024-12-07T19:37:38.556+0000] {taskmixin.py:205} WARNING - Dependency <Task(_PythonDecoratedOperator): log_sql_query>, print_the_context already registered for DAG: example_python_operator
[2024-12-07T19:37:38.557+0000] {logging_mixin.py:120} INFO - [2024-12-07T19:37:38.557+0000] {taskmixin.py:205} WARNING - Dependency <Task(_PythonDecoratedOperator): print_the_context>, log_sql_query already registered for DAG: example_python_operator
[2024-12-07T19:37:38.557+0000] {logging_mixin.py:120} INFO - [2024-12-07T19:37:38.557+0000] {taskmixin.py:205} WARNING - Dependency <Task(_PythonDecoratedOperator): log_sql_query>, print_the_context already registered for DAG: example_python_operator
[2024-12-07T19:37:38.558+0000] {logging_mixin.py:120} INFO - [2024-12-07T19:37:38.558+0000] {taskmixin.py:205} WARNING - Dependency <Task(_PythonDecoratedOperator): print_the_context>, log_sql_query already registered for DAG: example_python_operator
[2024-12-07T19:37:38.558+0000] {logging_mixin.py:120} INFO - [2024-12-07T19:37:38.558+0000] {taskmixin.py:205} WARNING - Dependency <Task(_PythonDecoratedOperator): log_sql_query>, print_the_context already registered for DAG: example_python_operator
[2024-12-07T19:37:38.565+0000] {processor.py:766} INFO - DAG(s) dict_keys(['example_python_operator']) retrieved from /home/airflow/.local/lib/python3.7/site-packages/airflow/example_dags/example_python_operator.py
[2024-12-07T19:37:38.591+0000] {logging_mixin.py:120} INFO - [2024-12-07T19:37:38.591+0000] {dag.py:2585} INFO - Sync 1 DAGs
[2024-12-07T19:37:38.627+0000] {logging_mixin.py:120} INFO - [2024-12-07T19:37:38.627+0000] {dag.py:3340} INFO - Setting next_dagrun for example_python_operator to None, run_after=None
[2024-12-07T19:37:38.652+0000] {processor.py:176} INFO - Processing /home/airflow/.local/lib/python3.7/site-packages/airflow/example_dags/example_python_operator.py took 0.116 seconds
[2024-12-07T19:38:12.014+0000] {processor.py:154} INFO - Started process (PID=376) to work on /home/airflow/.local/lib/python3.7/site-packages/airflow/example_dags/example_python_operator.py
[2024-12-07T19:38:12.032+0000] {processor.py:756} INFO - Processing file /home/airflow/.local/lib/python3.7/site-packages/airflow/example_dags/example_python_operator.py for tasks to queue
[2024-12-07T19:38:12.034+0000] {logging_mixin.py:120} INFO - [2024-12-07T19:38:12.034+0000] {dagbag.py:537} INFO - Filling up the DagBag from /home/airflow/.local/lib/python3.7/site-packages/airflow/example_dags/example_python_operator.py
[2024-12-07T19:38:12.108+0000] {logging_mixin.py:120} INFO - [2024-12-07T19:38:12.108+0000] {taskmixin.py:205} WARNING - Dependency <Task(_PythonDecoratedOperator): print_the_context>, log_sql_query already registered for DAG: example_python_operator
[2024-12-07T19:38:12.113+0000] {logging_mixin.py:120} INFO - [2024-12-07T19:38:12.113+0000] {taskmixin.py:205} WARNING - Dependency <Task(_PythonDecoratedOperator): log_sql_query>, print_the_context already registered for DAG: example_python_operator
[2024-12-07T19:38:12.144+0000] {logging_mixin.py:120} INFO - [2024-12-07T19:38:12.143+0000] {taskmixin.py:205} WARNING - Dependency <Task(_PythonDecoratedOperator): print_the_context>, log_sql_query already registered for DAG: example_python_operator
[2024-12-07T19:38:12.146+0000] {logging_mixin.py:120} INFO - [2024-12-07T19:38:12.145+0000] {taskmixin.py:205} WARNING - Dependency <Task(_PythonDecoratedOperator): log_sql_query>, print_the_context already registered for DAG: example_python_operator
[2024-12-07T19:38:12.165+0000] {logging_mixin.py:120} INFO - [2024-12-07T19:38:12.165+0000] {taskmixin.py:205} WARNING - Dependency <Task(_PythonDecoratedOperator): print_the_context>, log_sql_query already registered for DAG: example_python_operator
[2024-12-07T19:38:12.187+0000] {logging_mixin.py:120} INFO - [2024-12-07T19:38:12.187+0000] {taskmixin.py:205} WARNING - Dependency <Task(_PythonDecoratedOperator): log_sql_query>, print_the_context already registered for DAG: example_python_operator
[2024-12-07T19:38:12.189+0000] {logging_mixin.py:120} INFO - [2024-12-07T19:38:12.189+0000] {taskmixin.py:205} WARNING - Dependency <Task(_PythonDecoratedOperator): print_the_context>, log_sql_query already registered for DAG: example_python_operator
[2024-12-07T19:38:12.198+0000] {logging_mixin.py:120} INFO - [2024-12-07T19:38:12.198+0000] {taskmixin.py:205} WARNING - Dependency <Task(_PythonDecoratedOperator): log_sql_query>, print_the_context already registered for DAG: example_python_operator
[2024-12-07T19:38:12.227+0000] {processor.py:766} INFO - DAG(s) dict_keys(['example_python_operator']) retrieved from /home/airflow/.local/lib/python3.7/site-packages/airflow/example_dags/example_python_operator.py
[2024-12-07T19:38:12.398+0000] {logging_mixin.py:120} INFO - [2024-12-07T19:38:12.398+0000] {dag.py:2585} INFO - Sync 1 DAGs
[2024-12-07T19:38:12.534+0000] {logging_mixin.py:120} INFO - [2024-12-07T19:38:12.534+0000] {dag.py:3340} INFO - Setting next_dagrun for example_python_operator to None, run_after=None
[2024-12-07T19:38:12.647+0000] {processor.py:176} INFO - Processing /home/airflow/.local/lib/python3.7/site-packages/airflow/example_dags/example_python_operator.py took 0.638 seconds
[2024-12-07T19:38:42.702+0000] {processor.py:154} INFO - Started process (PID=439) to work on /home/airflow/.local/lib/python3.7/site-packages/airflow/example_dags/example_python_operator.py
[2024-12-07T19:38:42.703+0000] {processor.py:756} INFO - Processing file /home/airflow/.local/lib/python3.7/site-packages/airflow/example_dags/example_python_operator.py for tasks to queue
[2024-12-07T19:38:42.704+0000] {logging_mixin.py:120} INFO - [2024-12-07T19:38:42.704+0000] {dagbag.py:537} INFO - Filling up the DagBag from /home/airflow/.local/lib/python3.7/site-packages/airflow/example_dags/example_python_operator.py
[2024-12-07T19:38:42.720+0000] {logging_mixin.py:120} INFO - [2024-12-07T19:38:42.720+0000] {taskmixin.py:205} WARNING - Dependency <Task(_PythonDecoratedOperator): print_the_context>, log_sql_query already registered for DAG: example_python_operator
[2024-12-07T19:38:42.721+0000] {logging_mixin.py:120} INFO - [2024-12-07T19:38:42.721+0000] {taskmixin.py:205} WARNING - Dependency <Task(_PythonDecoratedOperator): log_sql_query>, print_the_context already registered for DAG: example_python_operator
[2024-12-07T19:38:42.721+0000] {logging_mixin.py:120} INFO - [2024-12-07T19:38:42.721+0000] {taskmixin.py:205} WARNING - Dependency <Task(_PythonDecoratedOperator): print_the_context>, log_sql_query already registered for DAG: example_python_operator
[2024-12-07T19:38:42.722+0000] {logging_mixin.py:120} INFO - [2024-12-07T19:38:42.722+0000] {taskmixin.py:205} WARNING - Dependency <Task(_PythonDecoratedOperator): log_sql_query>, print_the_context already registered for DAG: example_python_operator
[2024-12-07T19:38:42.722+0000] {logging_mixin.py:120} INFO - [2024-12-07T19:38:42.722+0000] {taskmixin.py:205} WARNING - Dependency <Task(_PythonDecoratedOperator): print_the_context>, log_sql_query already registered for DAG: example_python_operator
[2024-12-07T19:38:42.723+0000] {logging_mixin.py:120} INFO - [2024-12-07T19:38:42.723+0000] {taskmixin.py:205} WARNING - Dependency <Task(_PythonDecoratedOperator): log_sql_query>, print_the_context already registered for DAG: example_python_operator
[2024-12-07T19:38:42.723+0000] {logging_mixin.py:120} INFO - [2024-12-07T19:38:42.723+0000] {taskmixin.py:205} WARNING - Dependency <Task(_PythonDecoratedOperator): print_the_context>, log_sql_query already registered for DAG: example_python_operator
[2024-12-07T19:38:42.724+0000] {logging_mixin.py:120} INFO - [2024-12-07T19:38:42.724+0000] {taskmixin.py:205} WARNING - Dependency <Task(_PythonDecoratedOperator): log_sql_query>, print_the_context already registered for DAG: example_python_operator
[2024-12-07T19:38:42.731+0000] {processor.py:766} INFO - DAG(s) dict_keys(['example_python_operator']) retrieved from /home/airflow/.local/lib/python3.7/site-packages/airflow/example_dags/example_python_operator.py
[2024-12-07T19:38:42.773+0000] {logging_mixin.py:120} INFO - [2024-12-07T19:38:42.773+0000] {dag.py:2585} INFO - Sync 1 DAGs
[2024-12-07T19:38:42.796+0000] {logging_mixin.py:120} INFO - [2024-12-07T19:38:42.795+0000] {dag.py:3340} INFO - Setting next_dagrun for example_python_operator to None, run_after=None
[2024-12-07T19:38:42.819+0000] {processor.py:176} INFO - Processing /home/airflow/.local/lib/python3.7/site-packages/airflow/example_dags/example_python_operator.py took 0.119 seconds
[2024-12-07T19:39:13.085+0000] {processor.py:154} INFO - Started process (PID=495) to work on /home/airflow/.local/lib/python3.7/site-packages/airflow/example_dags/example_python_operator.py
[2024-12-07T19:39:13.086+0000] {processor.py:756} INFO - Processing file /home/airflow/.local/lib/python3.7/site-packages/airflow/example_dags/example_python_operator.py for tasks to queue
[2024-12-07T19:39:13.087+0000] {logging_mixin.py:120} INFO - [2024-12-07T19:39:13.087+0000] {dagbag.py:537} INFO - Filling up the DagBag from /home/airflow/.local/lib/python3.7/site-packages/airflow/example_dags/example_python_operator.py
[2024-12-07T19:39:13.102+0000] {logging_mixin.py:120} INFO - [2024-12-07T19:39:13.102+0000] {taskmixin.py:205} WARNING - Dependency <Task(_PythonDecoratedOperator): print_the_context>, log_sql_query already registered for DAG: example_python_operator
[2024-12-07T19:39:13.103+0000] {logging_mixin.py:120} INFO - [2024-12-07T19:39:13.103+0000] {taskmixin.py:205} WARNING - Dependency <Task(_PythonDecoratedOperator): log_sql_query>, print_the_context already registered for DAG: example_python_operator
[2024-12-07T19:39:13.104+0000] {logging_mixin.py:120} INFO - [2024-12-07T19:39:13.103+0000] {taskmixin.py:205} WARNING - Dependency <Task(_PythonDecoratedOperator): print_the_context>, log_sql_query already registered for DAG: example_python_operator
[2024-12-07T19:39:13.104+0000] {logging_mixin.py:120} INFO - [2024-12-07T19:39:13.104+0000] {taskmixin.py:205} WARNING - Dependency <Task(_PythonDecoratedOperator): log_sql_query>, print_the_context already registered for DAG: example_python_operator
[2024-12-07T19:39:13.105+0000] {logging_mixin.py:120} INFO - [2024-12-07T19:39:13.105+0000] {taskmixin.py:205} WARNING - Dependency <Task(_PythonDecoratedOperator): print_the_context>, log_sql_query already registered for DAG: example_python_operator
[2024-12-07T19:39:13.106+0000] {logging_mixin.py:120} INFO - [2024-12-07T19:39:13.105+0000] {taskmixin.py:205} WARNING - Dependency <Task(_PythonDecoratedOperator): log_sql_query>, print_the_context already registered for DAG: example_python_operator
[2024-12-07T19:39:13.107+0000] {logging_mixin.py:120} INFO - [2024-12-07T19:39:13.107+0000] {taskmixin.py:205} WARNING - Dependency <Task(_PythonDecoratedOperator): print_the_context>, log_sql_query already registered for DAG: example_python_operator
[2024-12-07T19:39:13.108+0000] {logging_mixin.py:120} INFO - [2024-12-07T19:39:13.108+0000] {taskmixin.py:205} WARNING - Dependency <Task(_PythonDecoratedOperator): log_sql_query>, print_the_context already registered for DAG: example_python_operator
[2024-12-07T19:39:13.115+0000] {processor.py:766} INFO - DAG(s) dict_keys(['example_python_operator']) retrieved from /home/airflow/.local/lib/python3.7/site-packages/airflow/example_dags/example_python_operator.py
[2024-12-07T19:39:13.155+0000] {logging_mixin.py:120} INFO - [2024-12-07T19:39:13.155+0000] {dag.py:2585} INFO - Sync 1 DAGs
[2024-12-07T19:39:13.179+0000] {logging_mixin.py:120} INFO - [2024-12-07T19:39:13.179+0000] {dag.py:3340} INFO - Setting next_dagrun for example_python_operator to None, run_after=None
[2024-12-07T19:39:13.205+0000] {processor.py:176} INFO - Processing /home/airflow/.local/lib/python3.7/site-packages/airflow/example_dags/example_python_operator.py took 0.122 seconds
[2024-12-07T19:39:43.596+0000] {processor.py:154} INFO - Started process (PID=558) to work on /home/airflow/.local/lib/python3.7/site-packages/airflow/example_dags/example_python_operator.py
[2024-12-07T19:39:43.597+0000] {processor.py:756} INFO - Processing file /home/airflow/.local/lib/python3.7/site-packages/airflow/example_dags/example_python_operator.py for tasks to queue
[2024-12-07T19:39:43.598+0000] {logging_mixin.py:120} INFO - [2024-12-07T19:39:43.598+0000] {dagbag.py:537} INFO - Filling up the DagBag from /home/airflow/.local/lib/python3.7/site-packages/airflow/example_dags/example_python_operator.py
[2024-12-07T19:39:43.611+0000] {logging_mixin.py:120} INFO - [2024-12-07T19:39:43.611+0000] {taskmixin.py:205} WARNING - Dependency <Task(_PythonDecoratedOperator): print_the_context>, log_sql_query already registered for DAG: example_python_operator
[2024-12-07T19:39:43.611+0000] {logging_mixin.py:120} INFO - [2024-12-07T19:39:43.611+0000] {taskmixin.py:205} WARNING - Dependency <Task(_PythonDecoratedOperator): log_sql_query>, print_the_context already registered for DAG: example_python_operator
[2024-12-07T19:39:43.612+0000] {logging_mixin.py:120} INFO - [2024-12-07T19:39:43.612+0000] {taskmixin.py:205} WARNING - Dependency <Task(_PythonDecoratedOperator): print_the_context>, log_sql_query already registered for DAG: example_python_operator
[2024-12-07T19:39:43.613+0000] {logging_mixin.py:120} INFO - [2024-12-07T19:39:43.613+0000] {taskmixin.py:205} WARNING - Dependency <Task(_PythonDecoratedOperator): log_sql_query>, print_the_context already registered for DAG: example_python_operator
[2024-12-07T19:39:43.614+0000] {logging_mixin.py:120} INFO - [2024-12-07T19:39:43.614+0000] {taskmixin.py:205} WARNING - Dependency <Task(_PythonDecoratedOperator): print_the_context>, log_sql_query already registered for DAG: example_python_operator
[2024-12-07T19:39:43.614+0000] {logging_mixin.py:120} INFO - [2024-12-07T19:39:43.614+0000] {taskmixin.py:205} WARNING - Dependency <Task(_PythonDecoratedOperator): log_sql_query>, print_the_context already registered for DAG: example_python_operator
[2024-12-07T19:39:43.615+0000] {logging_mixin.py:120} INFO - [2024-12-07T19:39:43.615+0000] {taskmixin.py:205} WARNING - Dependency <Task(_PythonDecoratedOperator): print_the_context>, log_sql_query already registered for DAG: example_python_operator
[2024-12-07T19:39:43.616+0000] {logging_mixin.py:120} INFO - [2024-12-07T19:39:43.616+0000] {taskmixin.py:205} WARNING - Dependency <Task(_PythonDecoratedOperator): log_sql_query>, print_the_context already registered for DAG: example_python_operator
[2024-12-07T19:39:43.622+0000] {processor.py:766} INFO - DAG(s) dict_keys(['example_python_operator']) retrieved from /home/airflow/.local/lib/python3.7/site-packages/airflow/example_dags/example_python_operator.py
[2024-12-07T19:39:43.668+0000] {logging_mixin.py:120} INFO - [2024-12-07T19:39:43.668+0000] {dag.py:2585} INFO - Sync 1 DAGs
[2024-12-07T19:39:43.694+0000] {logging_mixin.py:120} INFO - [2024-12-07T19:39:43.694+0000] {dag.py:3340} INFO - Setting next_dagrun for example_python_operator to None, run_after=None
[2024-12-07T19:39:43.717+0000] {processor.py:176} INFO - Processing /home/airflow/.local/lib/python3.7/site-packages/airflow/example_dags/example_python_operator.py took 0.125 seconds
[2024-12-07T19:40:13.862+0000] {processor.py:154} INFO - Started process (PID=622) to work on /home/airflow/.local/lib/python3.7/site-packages/airflow/example_dags/example_python_operator.py
[2024-12-07T19:40:13.864+0000] {processor.py:756} INFO - Processing file /home/airflow/.local/lib/python3.7/site-packages/airflow/example_dags/example_python_operator.py for tasks to queue
[2024-12-07T19:40:13.865+0000] {logging_mixin.py:120} INFO - [2024-12-07T19:40:13.865+0000] {dagbag.py:537} INFO - Filling up the DagBag from /home/airflow/.local/lib/python3.7/site-packages/airflow/example_dags/example_python_operator.py
[2024-12-07T19:40:13.882+0000] {logging_mixin.py:120} INFO - [2024-12-07T19:40:13.881+0000] {taskmixin.py:205} WARNING - Dependency <Task(_PythonDecoratedOperator): print_the_context>, log_sql_query already registered for DAG: example_python_operator
[2024-12-07T19:40:13.882+0000] {logging_mixin.py:120} INFO - [2024-12-07T19:40:13.882+0000] {taskmixin.py:205} WARNING - Dependency <Task(_PythonDecoratedOperator): log_sql_query>, print_the_context already registered for DAG: example_python_operator
[2024-12-07T19:40:13.884+0000] {logging_mixin.py:120} INFO - [2024-12-07T19:40:13.883+0000] {taskmixin.py:205} WARNING - Dependency <Task(_PythonDecoratedOperator): print_the_context>, log_sql_query already registered for DAG: example_python_operator
[2024-12-07T19:40:13.884+0000] {logging_mixin.py:120} INFO - [2024-12-07T19:40:13.884+0000] {taskmixin.py:205} WARNING - Dependency <Task(_PythonDecoratedOperator): log_sql_query>, print_the_context already registered for DAG: example_python_operator
[2024-12-07T19:40:13.885+0000] {logging_mixin.py:120} INFO - [2024-12-07T19:40:13.885+0000] {taskmixin.py:205} WARNING - Dependency <Task(_PythonDecoratedOperator): print_the_context>, log_sql_query already registered for DAG: example_python_operator
[2024-12-07T19:40:13.886+0000] {logging_mixin.py:120} INFO - [2024-12-07T19:40:13.886+0000] {taskmixin.py:205} WARNING - Dependency <Task(_PythonDecoratedOperator): log_sql_query>, print_the_context already registered for DAG: example_python_operator
[2024-12-07T19:40:13.887+0000] {logging_mixin.py:120} INFO - [2024-12-07T19:40:13.887+0000] {taskmixin.py:205} WARNING - Dependency <Task(_PythonDecoratedOperator): print_the_context>, log_sql_query already registered for DAG: example_python_operator
[2024-12-07T19:40:13.887+0000] {logging_mixin.py:120} INFO - [2024-12-07T19:40:13.887+0000] {taskmixin.py:205} WARNING - Dependency <Task(_PythonDecoratedOperator): log_sql_query>, print_the_context already registered for DAG: example_python_operator
[2024-12-07T19:40:13.898+0000] {processor.py:766} INFO - DAG(s) dict_keys(['example_python_operator']) retrieved from /home/airflow/.local/lib/python3.7/site-packages/airflow/example_dags/example_python_operator.py
[2024-12-07T19:40:13.943+0000] {logging_mixin.py:120} INFO - [2024-12-07T19:40:13.943+0000] {dag.py:2585} INFO - Sync 1 DAGs
[2024-12-07T19:40:13.972+0000] {logging_mixin.py:120} INFO - [2024-12-07T19:40:13.972+0000] {dag.py:3340} INFO - Setting next_dagrun for example_python_operator to None, run_after=None
[2024-12-07T19:40:13.994+0000] {processor.py:176} INFO - Processing /home/airflow/.local/lib/python3.7/site-packages/airflow/example_dags/example_python_operator.py took 0.135 seconds
[2024-12-07T19:40:44.043+0000] {processor.py:154} INFO - Started process (PID=685) to work on /home/airflow/.local/lib/python3.7/site-packages/airflow/example_dags/example_python_operator.py
[2024-12-07T19:40:44.045+0000] {processor.py:756} INFO - Processing file /home/airflow/.local/lib/python3.7/site-packages/airflow/example_dags/example_python_operator.py for tasks to queue
[2024-12-07T19:40:44.046+0000] {logging_mixin.py:120} INFO - [2024-12-07T19:40:44.046+0000] {dagbag.py:537} INFO - Filling up the DagBag from /home/airflow/.local/lib/python3.7/site-packages/airflow/example_dags/example_python_operator.py
[2024-12-07T19:40:44.062+0000] {logging_mixin.py:120} INFO - [2024-12-07T19:40:44.061+0000] {taskmixin.py:205} WARNING - Dependency <Task(_PythonDecoratedOperator): print_the_context>, log_sql_query already registered for DAG: example_python_operator
[2024-12-07T19:40:44.062+0000] {logging_mixin.py:120} INFO - [2024-12-07T19:40:44.062+0000] {taskmixin.py:205} WARNING - Dependency <Task(_PythonDecoratedOperator): log_sql_query>, print_the_context already registered for DAG: example_python_operator
[2024-12-07T19:40:44.064+0000] {logging_mixin.py:120} INFO - [2024-12-07T19:40:44.064+0000] {taskmixin.py:205} WARNING - Dependency <Task(_PythonDecoratedOperator): print_the_context>, log_sql_query already registered for DAG: example_python_operator
[2024-12-07T19:40:44.064+0000] {logging_mixin.py:120} INFO - [2024-12-07T19:40:44.064+0000] {taskmixin.py:205} WARNING - Dependency <Task(_PythonDecoratedOperator): log_sql_query>, print_the_context already registered for DAG: example_python_operator
[2024-12-07T19:40:44.066+0000] {logging_mixin.py:120} INFO - [2024-12-07T19:40:44.066+0000] {taskmixin.py:205} WARNING - Dependency <Task(_PythonDecoratedOperator): print_the_context>, log_sql_query already registered for DAG: example_python_operator
[2024-12-07T19:40:44.066+0000] {logging_mixin.py:120} INFO - [2024-12-07T19:40:44.066+0000] {taskmixin.py:205} WARNING - Dependency <Task(_PythonDecoratedOperator): log_sql_query>, print_the_context already registered for DAG: example_python_operator
[2024-12-07T19:40:44.067+0000] {logging_mixin.py:120} INFO - [2024-12-07T19:40:44.067+0000] {taskmixin.py:205} WARNING - Dependency <Task(_PythonDecoratedOperator): print_the_context>, log_sql_query already registered for DAG: example_python_operator
[2024-12-07T19:40:44.068+0000] {logging_mixin.py:120} INFO - [2024-12-07T19:40:44.067+0000] {taskmixin.py:205} WARNING - Dependency <Task(_PythonDecoratedOperator): log_sql_query>, print_the_context already registered for DAG: example_python_operator
[2024-12-07T19:40:44.076+0000] {processor.py:766} INFO - DAG(s) dict_keys(['example_python_operator']) retrieved from /home/airflow/.local/lib/python3.7/site-packages/airflow/example_dags/example_python_operator.py
[2024-12-07T19:40:44.122+0000] {logging_mixin.py:120} INFO - [2024-12-07T19:40:44.121+0000] {dag.py:2585} INFO - Sync 1 DAGs
[2024-12-07T19:40:44.151+0000] {logging_mixin.py:120} INFO - [2024-12-07T19:40:44.151+0000] {dag.py:3340} INFO - Setting next_dagrun for example_python_operator to None, run_after=None
[2024-12-07T19:40:44.176+0000] {processor.py:176} INFO - Processing /home/airflow/.local/lib/python3.7/site-packages/airflow/example_dags/example_python_operator.py took 0.136 seconds
