[2024-11-26T19:15:29.991+0000] {taskinstance.py:1165} INFO - Dependencies all met for <TaskInstance: demo.hello scheduled__2022-10-13T00:00:00+00:00 [queued]>
[2024-11-26T19:15:30.009+0000] {taskinstance.py:1165} INFO - Dependencies all met for <TaskInstance: demo.hello scheduled__2022-10-13T00:00:00+00:00 [queued]>
[2024-11-26T19:15:30.011+0000] {taskinstance.py:1362} INFO - 
--------------------------------------------------------------------------------
[2024-11-26T19:15:30.012+0000] {taskinstance.py:1363} INFO - Starting attempt 1 of 1
[2024-11-26T19:15:30.013+0000] {taskinstance.py:1364} INFO - 
--------------------------------------------------------------------------------
[2024-11-26T19:15:30.046+0000] {taskinstance.py:1383} INFO - Executing <Task(BashOperator): hello> on 2022-10-13 00:00:00+00:00
[2024-11-26T19:15:30.055+0000] {standard_task_runner.py:55} INFO - Started process 1282 to run task
[2024-11-26T19:15:30.060+0000] {standard_task_runner.py:82} INFO - Running: ['***', 'tasks', 'run', 'demo', 'hello', 'scheduled__2022-10-13T00:00:00+00:00', '--job-id', '619', '--raw', '--subdir', 'DAGS_FOLDER/demo.py', '--cfg-path', '/tmp/tmp4bya1oqf']
[2024-11-26T19:15:30.061+0000] {standard_task_runner.py:83} INFO - Job 619: Subtask hello
[2024-11-26T19:15:30.168+0000] {task_command.py:376} INFO - Running <TaskInstance: demo.hello scheduled__2022-10-13T00:00:00+00:00 [running]> on host ece2bbff80df
[2024-11-26T19:15:30.292+0000] {taskinstance.py:1592} INFO - Exporting the following env vars:
AIRFLOW_CTX_DAG_OWNER=***
AIRFLOW_CTX_DAG_ID=demo
AIRFLOW_CTX_TASK_ID=hello
AIRFLOW_CTX_EXECUTION_DATE=2022-10-13T00:00:00+00:00
AIRFLOW_CTX_TRY_NUMBER=1
AIRFLOW_CTX_DAG_RUN_ID=scheduled__2022-10-13T00:00:00+00:00
[2024-11-26T19:15:30.294+0000] {subprocess.py:63} INFO - Tmp dir root location: 
 /tmp
[2024-11-26T19:15:30.295+0000] {subprocess.py:75} INFO - Running command: ['/bin/bash', '-c', 'echo hello soundarya']
[2024-11-26T19:15:30.324+0000] {subprocess.py:86} INFO - Output:
[2024-11-26T19:15:30.326+0000] {subprocess.py:93} INFO - hello soundarya
[2024-11-26T19:15:30.327+0000] {subprocess.py:97} INFO - Command exited with return code 0
[2024-11-26T19:15:30.401+0000] {taskinstance.py:1406} INFO - Marking task as SUCCESS. dag_id=demo, task_id=hello, execution_date=20221013T000000, start_date=20241126T191529, end_date=20241126T191530
[2024-11-26T19:15:30.473+0000] {local_task_job.py:164} INFO - Task exited with return code 0
[2024-11-26T19:15:30.540+0000] {local_task_job.py:273} INFO - 0 downstream tasks scheduled from follow-on schedule check
