[2024-11-26T19:09:54.095+0000] {taskinstance.py:1165} INFO - Dependencies all met for <TaskInstance: demo.hello scheduled__2022-01-24T00:00:00+00:00 [queued]>
[2024-11-26T19:09:54.129+0000] {taskinstance.py:1165} INFO - Dependencies all met for <TaskInstance: demo.hello scheduled__2022-01-24T00:00:00+00:00 [queued]>
[2024-11-26T19:09:54.130+0000] {taskinstance.py:1362} INFO - 
--------------------------------------------------------------------------------
[2024-11-26T19:09:54.131+0000] {taskinstance.py:1363} INFO - Starting attempt 1 of 1
[2024-11-26T19:09:54.133+0000] {taskinstance.py:1364} INFO - 
--------------------------------------------------------------------------------
[2024-11-26T19:09:54.220+0000] {taskinstance.py:1383} INFO - Executing <Task(BashOperator): hello> on 2022-01-24 00:00:00+00:00
[2024-11-26T19:09:54.237+0000] {standard_task_runner.py:55} INFO - Started process 233 to run task
[2024-11-26T19:09:54.249+0000] {standard_task_runner.py:82} INFO - Running: ['***', 'tasks', 'run', 'demo', 'hello', 'scheduled__2022-01-24T00:00:00+00:00', '--job-id', '85', '--raw', '--subdir', 'DAGS_FOLDER/demo.py', '--cfg-path', '/tmp/tmps_3eh74r']
[2024-11-26T19:09:54.255+0000] {standard_task_runner.py:83} INFO - Job 85: Subtask hello
[2024-11-26T19:09:54.505+0000] {task_command.py:376} INFO - Running <TaskInstance: demo.hello scheduled__2022-01-24T00:00:00+00:00 [running]> on host ece2bbff80df
[2024-11-26T19:09:54.738+0000] {taskinstance.py:1592} INFO - Exporting the following env vars:
AIRFLOW_CTX_DAG_OWNER=***
AIRFLOW_CTX_DAG_ID=demo
AIRFLOW_CTX_TASK_ID=hello
AIRFLOW_CTX_EXECUTION_DATE=2022-01-24T00:00:00+00:00
AIRFLOW_CTX_TRY_NUMBER=1
AIRFLOW_CTX_DAG_RUN_ID=scheduled__2022-01-24T00:00:00+00:00
[2024-11-26T19:09:54.741+0000] {subprocess.py:63} INFO - Tmp dir root location: 
 /tmp
[2024-11-26T19:09:54.747+0000] {subprocess.py:75} INFO - Running command: ['/bin/bash', '-c', 'echo hello']
[2024-11-26T19:09:54.766+0000] {subprocess.py:86} INFO - Output:
[2024-11-26T19:09:54.768+0000] {subprocess.py:93} INFO - hello
[2024-11-26T19:09:54.770+0000] {subprocess.py:97} INFO - Command exited with return code 0
[2024-11-26T19:09:54.831+0000] {taskinstance.py:1406} INFO - Marking task as SUCCESS. dag_id=demo, task_id=hello, execution_date=20220124T000000, start_date=20241126T190954, end_date=20241126T190954
[2024-11-26T19:09:54.915+0000] {local_task_job.py:164} INFO - Task exited with return code 0
[2024-11-26T19:09:54.984+0000] {local_task_job.py:273} INFO - 1 downstream tasks scheduled from follow-on schedule check
