[2024-11-26T19:26:01.614+0000] {taskinstance.py:1165} INFO - Dependencies all met for <TaskInstance: demo.hello scheduled__2024-07-09T00:00:00+00:00 [queued]>
[2024-11-26T19:26:01.647+0000] {taskinstance.py:1165} INFO - Dependencies all met for <TaskInstance: demo.hello scheduled__2024-07-09T00:00:00+00:00 [queued]>
[2024-11-26T19:26:01.648+0000] {taskinstance.py:1362} INFO - 
--------------------------------------------------------------------------------
[2024-11-26T19:26:01.649+0000] {taskinstance.py:1363} INFO - Starting attempt 1 of 1
[2024-11-26T19:26:01.650+0000] {taskinstance.py:1364} INFO - 
--------------------------------------------------------------------------------
[2024-11-26T19:26:01.685+0000] {taskinstance.py:1383} INFO - Executing <Task(BashOperator): hello> on 2024-07-09 00:00:00+00:00
[2024-11-26T19:26:01.698+0000] {standard_task_runner.py:55} INFO - Started process 4866 to run task
[2024-11-26T19:26:01.706+0000] {standard_task_runner.py:82} INFO - Running: ['***', 'tasks', 'run', 'demo', 'hello', 'scheduled__2024-07-09T00:00:00+00:00', '--job-id', '1886', '--raw', '--subdir', 'DAGS_FOLDER/demo.py', '--cfg-path', '/tmp/tmp14b6_f0s']
[2024-11-26T19:26:01.709+0000] {standard_task_runner.py:83} INFO - Job 1886: Subtask hello
[2024-11-26T19:26:01.865+0000] {task_command.py:376} INFO - Running <TaskInstance: demo.hello scheduled__2024-07-09T00:00:00+00:00 [running]> on host ece2bbff80df
[2024-11-26T19:26:02.077+0000] {taskinstance.py:1592} INFO - Exporting the following env vars:
AIRFLOW_CTX_DAG_OWNER=***
AIRFLOW_CTX_DAG_ID=demo
AIRFLOW_CTX_TASK_ID=hello
AIRFLOW_CTX_EXECUTION_DATE=2024-07-09T00:00:00+00:00
AIRFLOW_CTX_TRY_NUMBER=1
AIRFLOW_CTX_DAG_RUN_ID=scheduled__2024-07-09T00:00:00+00:00
[2024-11-26T19:26:02.079+0000] {subprocess.py:63} INFO - Tmp dir root location: 
 /tmp
[2024-11-26T19:26:02.080+0000] {subprocess.py:75} INFO - Running command: ['/bin/bash', '-c', 'echo hello soundarya']
[2024-11-26T19:26:02.107+0000] {subprocess.py:86} INFO - Output:
[2024-11-26T19:26:02.110+0000] {subprocess.py:93} INFO - hello soundarya
[2024-11-26T19:26:02.112+0000] {subprocess.py:97} INFO - Command exited with return code 0
[2024-11-26T19:26:02.181+0000] {taskinstance.py:1406} INFO - Marking task as SUCCESS. dag_id=demo, task_id=hello, execution_date=20240709T000000, start_date=20241126T192601, end_date=20241126T192602
[2024-11-26T19:26:02.306+0000] {local_task_job.py:164} INFO - Task exited with return code 0
[2024-11-26T19:26:02.400+0000] {local_task_job.py:273} INFO - 1 downstream tasks scheduled from follow-on schedule check
