[2024-11-26T19:22:28.874+0000] {taskinstance.py:1165} INFO - Dependencies all met for <TaskInstance: demo.airflow scheduled__2023-11-28T00:00:00+00:00 [queued]>
[2024-11-26T19:22:28.921+0000] {taskinstance.py:1165} INFO - Dependencies all met for <TaskInstance: demo.airflow scheduled__2023-11-28T00:00:00+00:00 [queued]>
[2024-11-26T19:22:28.924+0000] {taskinstance.py:1362} INFO - 
--------------------------------------------------------------------------------
[2024-11-26T19:22:28.925+0000] {taskinstance.py:1363} INFO - Starting attempt 1 of 1
[2024-11-26T19:22:28.928+0000] {taskinstance.py:1364} INFO - 
--------------------------------------------------------------------------------
[2024-11-26T19:22:28.961+0000] {taskinstance.py:1383} INFO - Executing <Task(_PythonDecoratedOperator): airflow> on 2023-11-28 00:00:00+00:00
[2024-11-26T19:22:28.968+0000] {standard_task_runner.py:55} INFO - Started process 3621 to run task
[2024-11-26T19:22:28.976+0000] {standard_task_runner.py:82} INFO - Running: ['***', 'tasks', 'run', 'demo', '***', 'scheduled__2023-11-28T00:00:00+00:00', '--job-id', '1444', '--raw', '--subdir', 'DAGS_FOLDER/demo.py', '--cfg-path', '/tmp/tmpr6eehwqd']
[2024-11-26T19:22:28.978+0000] {standard_task_runner.py:83} INFO - Job 1444: Subtask ***
[2024-11-26T19:22:29.097+0000] {task_command.py:376} INFO - Running <TaskInstance: demo.airflow scheduled__2023-11-28T00:00:00+00:00 [running]> on host ece2bbff80df
[2024-11-26T19:22:29.232+0000] {taskinstance.py:1592} INFO - Exporting the following env vars:
AIRFLOW_CTX_DAG_OWNER=***
AIRFLOW_CTX_DAG_ID=demo
AIRFLOW_CTX_TASK_ID=***
AIRFLOW_CTX_EXECUTION_DATE=2023-11-28T00:00:00+00:00
AIRFLOW_CTX_TRY_NUMBER=1
AIRFLOW_CTX_DAG_RUN_ID=scheduled__2023-11-28T00:00:00+00:00
[2024-11-26T19:22:29.234+0000] {logging_mixin.py:120} INFO - ***
[2024-11-26T19:22:29.234+0000] {python.py:177} INFO - Done. Returned value was: None
[2024-11-26T19:22:29.250+0000] {taskinstance.py:1406} INFO - Marking task as SUCCESS. dag_id=demo, task_id=***, execution_date=20231128T000000, start_date=20241126T192228, end_date=20241126T192229
[2024-11-26T19:22:29.310+0000] {local_task_job.py:164} INFO - Task exited with return code 0
[2024-11-26T19:22:29.344+0000] {local_task_job.py:273} INFO - 0 downstream tasks scheduled from follow-on schedule check
