[2024-11-26T19:21:09.691+0000] {taskinstance.py:1165} INFO - Dependencies all met for <TaskInstance: demo.airflow scheduled__2023-09-12T00:00:00+00:00 [queued]>
[2024-11-26T19:21:09.716+0000] {taskinstance.py:1165} INFO - Dependencies all met for <TaskInstance: demo.airflow scheduled__2023-09-12T00:00:00+00:00 [queued]>
[2024-11-26T19:21:09.717+0000] {taskinstance.py:1362} INFO - 
--------------------------------------------------------------------------------
[2024-11-26T19:21:09.718+0000] {taskinstance.py:1363} INFO - Starting attempt 1 of 1
[2024-11-26T19:21:09.718+0000] {taskinstance.py:1364} INFO - 
--------------------------------------------------------------------------------
[2024-11-26T19:21:09.752+0000] {taskinstance.py:1383} INFO - Executing <Task(_PythonDecoratedOperator): airflow> on 2023-09-12 00:00:00+00:00
[2024-11-26T19:21:09.765+0000] {standard_task_runner.py:55} INFO - Started process 3192 to run task
[2024-11-26T19:21:09.774+0000] {standard_task_runner.py:82} INFO - Running: ['***', 'tasks', 'run', 'demo', '***', 'scheduled__2023-09-12T00:00:00+00:00', '--job-id', '1292', '--raw', '--subdir', 'DAGS_FOLDER/demo.py', '--cfg-path', '/tmp/tmp4r1s4r4r']
[2024-11-26T19:21:09.777+0000] {standard_task_runner.py:83} INFO - Job 1292: Subtask ***
[2024-11-26T19:21:09.910+0000] {task_command.py:376} INFO - Running <TaskInstance: demo.airflow scheduled__2023-09-12T00:00:00+00:00 [running]> on host ece2bbff80df
[2024-11-26T19:21:10.066+0000] {taskinstance.py:1592} INFO - Exporting the following env vars:
AIRFLOW_CTX_DAG_OWNER=***
AIRFLOW_CTX_DAG_ID=demo
AIRFLOW_CTX_TASK_ID=***
AIRFLOW_CTX_EXECUTION_DATE=2023-09-12T00:00:00+00:00
AIRFLOW_CTX_TRY_NUMBER=1
AIRFLOW_CTX_DAG_RUN_ID=scheduled__2023-09-12T00:00:00+00:00
[2024-11-26T19:21:10.068+0000] {logging_mixin.py:120} INFO - ***
[2024-11-26T19:21:10.069+0000] {python.py:177} INFO - Done. Returned value was: None
[2024-11-26T19:21:10.108+0000] {taskinstance.py:1406} INFO - Marking task as SUCCESS. dag_id=demo, task_id=***, execution_date=20230912T000000, start_date=20241126T192109, end_date=20241126T192110
[2024-11-26T19:21:10.191+0000] {local_task_job.py:164} INFO - Task exited with return code 0
[2024-11-26T19:21:10.249+0000] {local_task_job.py:273} INFO - 0 downstream tasks scheduled from follow-on schedule check
