[2024-12-08T13:25:45.817+0000] {taskinstance.py:1165} INFO - Dependencies all met for <TaskInstance: json_to_postgres_dag.parse_json_task manual__2024-12-08T13:25:43.722006+00:00 [queued]>
[2024-12-08T13:25:45.831+0000] {taskinstance.py:1165} INFO - Dependencies all met for <TaskInstance: json_to_postgres_dag.parse_json_task manual__2024-12-08T13:25:43.722006+00:00 [queued]>
[2024-12-08T13:25:45.832+0000] {taskinstance.py:1362} INFO - 
--------------------------------------------------------------------------------
[2024-12-08T13:25:45.833+0000] {taskinstance.py:1363} INFO - Starting attempt 1 of 2
[2024-12-08T13:25:45.833+0000] {taskinstance.py:1364} INFO - 
--------------------------------------------------------------------------------
[2024-12-08T13:25:45.850+0000] {taskinstance.py:1383} INFO - Executing <Task(PythonOperator): parse_json_task> on 2024-12-08 13:25:43.722006+00:00
[2024-12-08T13:25:45.855+0000] {standard_task_runner.py:55} INFO - Started process 517 to run task
[2024-12-08T13:25:45.857+0000] {standard_task_runner.py:82} INFO - Running: ['***', 'tasks', 'run', 'json_to_postgres_dag', 'parse_json_task', 'manual__2024-12-08T13:25:43.722006+00:00', '--job-id', '2568', '--raw', '--subdir', 'DAGS_FOLDER/demo.py', '--cfg-path', '/tmp/tmpdweh9gfq']
[2024-12-08T13:25:45.858+0000] {standard_task_runner.py:83} INFO - Job 2568: Subtask parse_json_task
[2024-12-08T13:25:45.911+0000] {task_command.py:376} INFO - Running <TaskInstance: json_to_postgres_dag.parse_json_task manual__2024-12-08T13:25:43.722006+00:00 [running]> on host ece2bbff80df
[2024-12-08T13:25:45.978+0000] {taskinstance.py:1592} INFO - Exporting the following env vars:
AIRFLOW_CTX_DAG_OWNER=***
AIRFLOW_CTX_DAG_ID=json_to_postgres_dag
AIRFLOW_CTX_TASK_ID=parse_json_task
AIRFLOW_CTX_EXECUTION_DATE=2024-12-08T13:25:43.722006+00:00
AIRFLOW_CTX_TRY_NUMBER=1
AIRFLOW_CTX_DAG_RUN_ID=manual__2024-12-08T13:25:43.722006+00:00
[2024-12-08T13:25:45.979+0000] {logging_mixin.py:120} INFO - /opt/***/dags/employee.json
[2024-12-08T13:25:45.981+0000] {python.py:177} INFO - Done. Returned value was: {'employee_records': [(1, 'John', 'Doe', 'john.doe@example.com', '123-456-7890', 'New York', 'NY', '10001'), (2, 'Jane', 'Smith', 'jane.smith@example.com', '987-654-3210', 'San Francisco', 'CA', '94105')], 'skills_records': [(1, 'Python', 5), (1, 'SQL', 3), (2, 'Java', 4), (2, 'Big Data', 2)], 'projects_records': [(1, 'P001', 'Data Pipeline', '6 months'), (1, 'P002', 'ETL Optimization', '3 months'), (2, 'P003', 'Cloud Migration', '8 months')]}
[2024-12-08T13:25:46.002+0000] {taskinstance.py:1406} INFO - Marking task as SUCCESS. dag_id=json_to_postgres_dag, task_id=parse_json_task, execution_date=20241208T132543, start_date=20241208T132545, end_date=20241208T132546
[2024-12-08T13:25:46.029+0000] {local_task_job.py:164} INFO - Task exited with return code 0
[2024-12-08T13:25:46.046+0000] {local_task_job.py:273} INFO - 0 downstream tasks scheduled from follow-on schedule check
