[2024-11-26T19:11:50.727+0000] {taskinstance.py:1165} INFO - Dependencies all met for <TaskInstance: demo.hello scheduled__2022-03-29T00:00:00+00:00 [queued]>
[2024-11-26T19:11:51.003+0000] {taskinstance.py:1165} INFO - Dependencies all met for <TaskInstance: demo.hello scheduled__2022-03-29T00:00:00+00:00 [queued]>
[2024-11-26T19:11:51.035+0000] {taskinstance.py:1362} INFO - 
--------------------------------------------------------------------------------
[2024-11-26T19:11:51.067+0000] {taskinstance.py:1363} INFO - Starting attempt 1 of 1
[2024-11-26T19:11:51.079+0000] {taskinstance.py:1364} INFO - 
--------------------------------------------------------------------------------
[2024-11-26T19:11:51.269+0000] {taskinstance.py:1383} INFO - Executing <Task(BashOperator): hello> on 2022-03-29 00:00:00+00:00
[2024-11-26T19:11:51.301+0000] {standard_task_runner.py:55} INFO - Started process 109 to run task
[2024-11-26T19:11:51.323+0000] {standard_task_runner.py:82} INFO - Running: ['***', 'tasks', 'run', 'demo', 'hello', 'scheduled__2022-03-29T00:00:00+00:00', '--job-id', '206', '--raw', '--subdir', 'DAGS_FOLDER/demo.py', '--cfg-path', '/tmp/tmprcrwurwf']
[2024-11-26T19:11:51.370+0000] {standard_task_runner.py:83} INFO - Job 206: Subtask hello
[2024-11-26T19:11:51.930+0000] {task_command.py:376} INFO - Running <TaskInstance: demo.hello scheduled__2022-03-29T00:00:00+00:00 [running]> on host ece2bbff80df
[2024-11-26T19:11:52.543+0000] {taskinstance.py:1592} INFO - Exporting the following env vars:
AIRFLOW_CTX_DAG_OWNER=***
AIRFLOW_CTX_DAG_ID=demo
AIRFLOW_CTX_TASK_ID=hello
AIRFLOW_CTX_EXECUTION_DATE=2022-03-29T00:00:00+00:00
AIRFLOW_CTX_TRY_NUMBER=1
AIRFLOW_CTX_DAG_RUN_ID=scheduled__2022-03-29T00:00:00+00:00
[2024-11-26T19:11:52.550+0000] {subprocess.py:63} INFO - Tmp dir root location: 
 /tmp
[2024-11-26T19:11:52.559+0000] {subprocess.py:75} INFO - Running command: ['/bin/bash', '-c', 'echo hello soundarya']
[2024-11-26T19:11:52.647+0000] {subprocess.py:86} INFO - Output:
[2024-11-26T19:11:52.710+0000] {subprocess.py:93} INFO - hello soundarya
[2024-11-26T19:11:52.728+0000] {subprocess.py:97} INFO - Command exited with return code 0
[2024-11-26T19:11:53.027+0000] {taskinstance.py:1406} INFO - Marking task as SUCCESS. dag_id=demo, task_id=hello, execution_date=20220329T000000, start_date=20241126T191150, end_date=20241126T191153
[2024-11-26T19:11:53.215+0000] {local_task_job.py:164} INFO - Task exited with return code 0
[2024-11-26T19:11:53.391+0000] {local_task_job.py:273} INFO - 1 downstream tasks scheduled from follow-on schedule check
