[2024-11-26T19:21:09.140+0000] {taskinstance.py:1165} INFO - Dependencies all met for <TaskInstance: demo.hello scheduled__2023-09-16T00:00:00+00:00 [queued]>
[2024-11-26T19:21:09.157+0000] {taskinstance.py:1165} INFO - Dependencies all met for <TaskInstance: demo.hello scheduled__2023-09-16T00:00:00+00:00 [queued]>
[2024-11-26T19:21:09.158+0000] {taskinstance.py:1362} INFO - 
--------------------------------------------------------------------------------
[2024-11-26T19:21:09.158+0000] {taskinstance.py:1363} INFO - Starting attempt 1 of 1
[2024-11-26T19:21:09.159+0000] {taskinstance.py:1364} INFO - 
--------------------------------------------------------------------------------
[2024-11-26T19:21:09.252+0000] {taskinstance.py:1383} INFO - Executing <Task(BashOperator): hello> on 2023-09-16 00:00:00+00:00
[2024-11-26T19:21:09.263+0000] {standard_task_runner.py:55} INFO - Started process 3187 to run task
[2024-11-26T19:21:09.268+0000] {standard_task_runner.py:82} INFO - Running: ['***', 'tasks', 'run', 'demo', 'hello', 'scheduled__2023-09-16T00:00:00+00:00', '--job-id', '1291', '--raw', '--subdir', 'DAGS_FOLDER/demo.py', '--cfg-path', '/tmp/tmpjczr7hh4']
[2024-11-26T19:21:09.269+0000] {standard_task_runner.py:83} INFO - Job 1291: Subtask hello
[2024-11-26T19:21:09.449+0000] {task_command.py:376} INFO - Running <TaskInstance: demo.hello scheduled__2023-09-16T00:00:00+00:00 [running]> on host ece2bbff80df
[2024-11-26T19:21:09.644+0000] {taskinstance.py:1592} INFO - Exporting the following env vars:
AIRFLOW_CTX_DAG_OWNER=***
AIRFLOW_CTX_DAG_ID=demo
AIRFLOW_CTX_TASK_ID=hello
AIRFLOW_CTX_EXECUTION_DATE=2023-09-16T00:00:00+00:00
AIRFLOW_CTX_TRY_NUMBER=1
AIRFLOW_CTX_DAG_RUN_ID=scheduled__2023-09-16T00:00:00+00:00
[2024-11-26T19:21:09.648+0000] {subprocess.py:63} INFO - Tmp dir root location: 
 /tmp
[2024-11-26T19:21:09.649+0000] {subprocess.py:75} INFO - Running command: ['/bin/bash', '-c', 'echo hello soundarya']
[2024-11-26T19:21:09.675+0000] {subprocess.py:86} INFO - Output:
[2024-11-26T19:21:09.677+0000] {subprocess.py:93} INFO - hello soundarya
[2024-11-26T19:21:09.678+0000] {subprocess.py:97} INFO - Command exited with return code 0
[2024-11-26T19:21:09.741+0000] {taskinstance.py:1406} INFO - Marking task as SUCCESS. dag_id=demo, task_id=hello, execution_date=20230916T000000, start_date=20241126T192109, end_date=20241126T192109
[2024-11-26T19:21:09.812+0000] {local_task_job.py:164} INFO - Task exited with return code 0
[2024-11-26T19:21:09.950+0000] {local_task_job.py:273} INFO - 0 downstream tasks scheduled from follow-on schedule check
