[2024-11-26T19:27:09.110+0000] {taskinstance.py:1165} INFO - Dependencies all met for <TaskInstance: demo.hello scheduled__2024-09-05T00:00:00+00:00 [queued]>
[2024-11-26T19:27:09.138+0000] {taskinstance.py:1165} INFO - Dependencies all met for <TaskInstance: demo.hello scheduled__2024-09-05T00:00:00+00:00 [queued]>
[2024-11-26T19:27:09.139+0000] {taskinstance.py:1362} INFO - 
--------------------------------------------------------------------------------
[2024-11-26T19:27:09.140+0000] {taskinstance.py:1363} INFO - Starting attempt 1 of 1
[2024-11-26T19:27:09.141+0000] {taskinstance.py:1364} INFO - 
--------------------------------------------------------------------------------
[2024-11-26T19:27:09.190+0000] {taskinstance.py:1383} INFO - Executing <Task(BashOperator): hello> on 2024-09-05 00:00:00+00:00
[2024-11-26T19:27:09.197+0000] {standard_task_runner.py:55} INFO - Started process 5208 to run task
[2024-11-26T19:27:09.201+0000] {standard_task_runner.py:82} INFO - Running: ['***', 'tasks', 'run', 'demo', 'hello', 'scheduled__2024-09-05T00:00:00+00:00', '--job-id', '2005', '--raw', '--subdir', 'DAGS_FOLDER/demo.py', '--cfg-path', '/tmp/tmpsy1c5wp1']
[2024-11-26T19:27:09.203+0000] {standard_task_runner.py:83} INFO - Job 2005: Subtask hello
[2024-11-26T19:27:09.452+0000] {task_command.py:376} INFO - Running <TaskInstance: demo.hello scheduled__2024-09-05T00:00:00+00:00 [running]> on host ece2bbff80df
[2024-11-26T19:27:09.743+0000] {taskinstance.py:1592} INFO - Exporting the following env vars:
AIRFLOW_CTX_DAG_OWNER=***
AIRFLOW_CTX_DAG_ID=demo
AIRFLOW_CTX_TASK_ID=hello
AIRFLOW_CTX_EXECUTION_DATE=2024-09-05T00:00:00+00:00
AIRFLOW_CTX_TRY_NUMBER=1
AIRFLOW_CTX_DAG_RUN_ID=scheduled__2024-09-05T00:00:00+00:00
[2024-11-26T19:27:09.799+0000] {subprocess.py:63} INFO - Tmp dir root location: 
 /tmp
[2024-11-26T19:27:09.817+0000] {subprocess.py:75} INFO - Running command: ['/bin/bash', '-c', 'echo hello soundarya']
[2024-11-26T19:27:09.866+0000] {subprocess.py:86} INFO - Output:
[2024-11-26T19:27:09.878+0000] {subprocess.py:93} INFO - hello soundarya
[2024-11-26T19:27:09.884+0000] {subprocess.py:97} INFO - Command exited with return code 0
[2024-11-26T19:27:09.970+0000] {taskinstance.py:1406} INFO - Marking task as SUCCESS. dag_id=demo, task_id=hello, execution_date=20240905T000000, start_date=20241126T192709, end_date=20241126T192709
[2024-11-26T19:27:10.130+0000] {local_task_job.py:164} INFO - Task exited with return code 0
[2024-11-26T19:27:10.210+0000] {local_task_job.py:273} INFO - 1 downstream tasks scheduled from follow-on schedule check
