[2024-11-26T19:18:05.151+0000] {taskinstance.py:1165} INFO - Dependencies all met for <TaskInstance: demo.airflow scheduled__2023-02-26T00:00:00+00:00 [queued]>
[2024-11-26T19:18:05.172+0000] {taskinstance.py:1165} INFO - Dependencies all met for <TaskInstance: demo.airflow scheduled__2023-02-26T00:00:00+00:00 [queued]>
[2024-11-26T19:18:05.173+0000] {taskinstance.py:1362} INFO - 
--------------------------------------------------------------------------------
[2024-11-26T19:18:05.174+0000] {taskinstance.py:1363} INFO - Starting attempt 1 of 1
[2024-11-26T19:18:05.175+0000] {taskinstance.py:1364} INFO - 
--------------------------------------------------------------------------------
[2024-11-26T19:18:05.219+0000] {taskinstance.py:1383} INFO - Executing <Task(_PythonDecoratedOperator): airflow> on 2023-02-26 00:00:00+00:00
[2024-11-26T19:18:05.231+0000] {standard_task_runner.py:55} INFO - Started process 2073 to run task
[2024-11-26T19:18:05.238+0000] {standard_task_runner.py:82} INFO - Running: ['***', 'tasks', 'run', 'demo', '***', 'scheduled__2023-02-26T00:00:00+00:00', '--job-id', '896', '--raw', '--subdir', 'DAGS_FOLDER/demo.py', '--cfg-path', '/tmp/tmpk6gfrqiw']
[2024-11-26T19:18:05.240+0000] {standard_task_runner.py:83} INFO - Job 896: Subtask ***
[2024-11-26T19:18:05.422+0000] {task_command.py:376} INFO - Running <TaskInstance: demo.airflow scheduled__2023-02-26T00:00:00+00:00 [running]> on host ece2bbff80df
[2024-11-26T19:18:05.566+0000] {taskinstance.py:1592} INFO - Exporting the following env vars:
AIRFLOW_CTX_DAG_OWNER=***
AIRFLOW_CTX_DAG_ID=demo
AIRFLOW_CTX_TASK_ID=***
AIRFLOW_CTX_EXECUTION_DATE=2023-02-26T00:00:00+00:00
AIRFLOW_CTX_TRY_NUMBER=1
AIRFLOW_CTX_DAG_RUN_ID=scheduled__2023-02-26T00:00:00+00:00
[2024-11-26T19:18:05.569+0000] {logging_mixin.py:120} INFO - ***
[2024-11-26T19:18:05.570+0000] {python.py:177} INFO - Done. Returned value was: None
[2024-11-26T19:18:05.591+0000] {taskinstance.py:1406} INFO - Marking task as SUCCESS. dag_id=demo, task_id=***, execution_date=20230226T000000, start_date=20241126T191805, end_date=20241126T191805
[2024-11-26T19:18:05.656+0000] {local_task_job.py:164} INFO - Task exited with return code 0
[2024-11-26T19:18:05.704+0000] {local_task_job.py:273} INFO - 0 downstream tasks scheduled from follow-on schedule check
