[2024-11-26T19:09:35.113+0000] {taskinstance.py:1165} INFO - Dependencies all met for <TaskInstance: demo.hello scheduled__2022-01-05T00:00:00+00:00 [queued]>
[2024-11-26T19:09:35.146+0000] {taskinstance.py:1165} INFO - Dependencies all met for <TaskInstance: demo.hello scheduled__2022-01-05T00:00:00+00:00 [queued]>
[2024-11-26T19:09:35.150+0000] {taskinstance.py:1362} INFO - 
--------------------------------------------------------------------------------
[2024-11-26T19:09:35.151+0000] {taskinstance.py:1363} INFO - Starting attempt 1 of 1
[2024-11-26T19:09:35.157+0000] {taskinstance.py:1364} INFO - 
--------------------------------------------------------------------------------
[2024-11-26T19:09:35.227+0000] {taskinstance.py:1383} INFO - Executing <Task(BashOperator): hello> on 2022-01-05 00:00:00+00:00
[2024-11-26T19:09:35.235+0000] {standard_task_runner.py:55} INFO - Started process 130 to run task
[2024-11-26T19:09:35.251+0000] {standard_task_runner.py:82} INFO - Running: ['***', 'tasks', 'run', 'demo', 'hello', 'scheduled__2022-01-05T00:00:00+00:00', '--job-id', '47', '--raw', '--subdir', 'DAGS_FOLDER/demo.py', '--cfg-path', '/tmp/tmpappbsnal']
[2024-11-26T19:09:35.253+0000] {standard_task_runner.py:83} INFO - Job 47: Subtask hello
[2024-11-26T19:09:35.528+0000] {task_command.py:376} INFO - Running <TaskInstance: demo.hello scheduled__2022-01-05T00:00:00+00:00 [running]> on host ece2bbff80df
[2024-11-26T19:09:35.851+0000] {taskinstance.py:1592} INFO - Exporting the following env vars:
AIRFLOW_CTX_DAG_OWNER=***
AIRFLOW_CTX_DAG_ID=demo
AIRFLOW_CTX_TASK_ID=hello
AIRFLOW_CTX_EXECUTION_DATE=2022-01-05T00:00:00+00:00
AIRFLOW_CTX_TRY_NUMBER=1
AIRFLOW_CTX_DAG_RUN_ID=scheduled__2022-01-05T00:00:00+00:00
[2024-11-26T19:09:35.853+0000] {subprocess.py:63} INFO - Tmp dir root location: 
 /tmp
[2024-11-26T19:09:35.866+0000] {subprocess.py:75} INFO - Running command: ['/bin/bash', '-c', 'echo hello']
[2024-11-26T19:09:35.942+0000] {subprocess.py:86} INFO - Output:
[2024-11-26T19:09:35.944+0000] {subprocess.py:93} INFO - hello
[2024-11-26T19:09:35.957+0000] {subprocess.py:97} INFO - Command exited with return code 0
[2024-11-26T19:09:36.128+0000] {taskinstance.py:1406} INFO - Marking task as SUCCESS. dag_id=demo, task_id=hello, execution_date=20220105T000000, start_date=20241126T190935, end_date=20241126T190936
[2024-11-26T19:09:36.229+0000] {local_task_job.py:164} INFO - Task exited with return code 0
[2024-11-26T19:09:36.297+0000] {local_task_job.py:273} INFO - 1 downstream tasks scheduled from follow-on schedule check
