[2024-11-26T19:12:29.704+0000] {taskinstance.py:1165} INFO - Dependencies all met for <TaskInstance: demo.airflow manual__2024-11-26T19:12:25.533423+00:00 [queued]>
[2024-11-26T19:12:29.729+0000] {taskinstance.py:1165} INFO - Dependencies all met for <TaskInstance: demo.airflow manual__2024-11-26T19:12:25.533423+00:00 [queued]>
[2024-11-26T19:12:29.730+0000] {taskinstance.py:1362} INFO - 
--------------------------------------------------------------------------------
[2024-11-26T19:12:29.731+0000] {taskinstance.py:1363} INFO - Starting attempt 1 of 1
[2024-11-26T19:12:29.731+0000] {taskinstance.py:1364} INFO - 
--------------------------------------------------------------------------------
[2024-11-26T19:12:29.766+0000] {taskinstance.py:1383} INFO - Executing <Task(_PythonDecoratedOperator): airflow> on 2024-11-26 19:12:25.533423+00:00
[2024-11-26T19:12:29.776+0000] {standard_task_runner.py:55} INFO - Started process 324 to run task
[2024-11-26T19:12:29.780+0000] {standard_task_runner.py:82} INFO - Running: ['***', 'tasks', 'run', 'demo', '***', 'manual__2024-11-26T19:12:25.533423+00:00', '--job-id', '284', '--raw', '--subdir', 'DAGS_FOLDER/demo.py', '--cfg-path', '/tmp/tmpnor1k72_']
[2024-11-26T19:12:29.781+0000] {standard_task_runner.py:83} INFO - Job 284: Subtask ***
[2024-11-26T19:12:29.864+0000] {task_command.py:376} INFO - Running <TaskInstance: demo.airflow manual__2024-11-26T19:12:25.533423+00:00 [running]> on host ece2bbff80df
[2024-11-26T19:12:29.953+0000] {taskinstance.py:1592} INFO - Exporting the following env vars:
AIRFLOW_CTX_DAG_OWNER=***
AIRFLOW_CTX_DAG_ID=demo
AIRFLOW_CTX_TASK_ID=***
AIRFLOW_CTX_EXECUTION_DATE=2024-11-26T19:12:25.533423+00:00
AIRFLOW_CTX_TRY_NUMBER=1
AIRFLOW_CTX_DAG_RUN_ID=manual__2024-11-26T19:12:25.533423+00:00
[2024-11-26T19:12:29.956+0000] {logging_mixin.py:120} INFO - ***
[2024-11-26T19:12:29.956+0000] {python.py:177} INFO - Done. Returned value was: None
[2024-11-26T19:12:29.972+0000] {taskinstance.py:1406} INFO - Marking task as SUCCESS. dag_id=demo, task_id=***, execution_date=20241126T191225, start_date=20241126T191229, end_date=20241126T191229
[2024-11-26T19:12:30.032+0000] {local_task_job.py:164} INFO - Task exited with return code 0
[2024-11-26T19:12:30.068+0000] {local_task_job.py:273} INFO - 0 downstream tasks scheduled from follow-on schedule check
