[2024-12-05T16:30:27.852+0000] {taskinstance.py:1165} INFO - Dependencies all met for <TaskInstance: demo.airflow scheduled__2024-12-01T00:00:00+00:00 [queued]>
[2024-12-05T16:30:27.880+0000] {taskinstance.py:1165} INFO - Dependencies all met for <TaskInstance: demo.airflow scheduled__2024-12-01T00:00:00+00:00 [queued]>
[2024-12-05T16:30:27.881+0000] {taskinstance.py:1362} INFO - 
--------------------------------------------------------------------------------
[2024-12-05T16:30:27.884+0000] {taskinstance.py:1363} INFO - Starting attempt 1 of 1
[2024-12-05T16:30:27.888+0000] {taskinstance.py:1364} INFO - 
--------------------------------------------------------------------------------
[2024-12-05T16:30:27.958+0000] {taskinstance.py:1383} INFO - Executing <Task(_PythonDecoratedOperator): airflow> on 2024-12-01 00:00:00+00:00
[2024-12-05T16:30:27.982+0000] {standard_task_runner.py:55} INFO - Started process 297 to run task
[2024-12-05T16:30:27.986+0000] {standard_task_runner.py:82} INFO - Running: ['***', 'tasks', 'run', 'demo', '***', 'scheduled__2024-12-01T00:00:00+00:00', '--job-id', '2253', '--raw', '--subdir', 'DAGS_FOLDER/demo.py', '--cfg-path', '/tmp/tmppmtcoc58']
[2024-12-05T16:30:28.001+0000] {standard_task_runner.py:83} INFO - Job 2253: Subtask ***
[2024-12-05T16:30:28.219+0000] {task_command.py:376} INFO - Running <TaskInstance: demo.airflow scheduled__2024-12-01T00:00:00+00:00 [running]> on host ece2bbff80df
[2024-12-05T16:30:28.509+0000] {taskinstance.py:1592} INFO - Exporting the following env vars:
AIRFLOW_CTX_DAG_OWNER=***
AIRFLOW_CTX_DAG_ID=demo
AIRFLOW_CTX_TASK_ID=***
AIRFLOW_CTX_EXECUTION_DATE=2024-12-01T00:00:00+00:00
AIRFLOW_CTX_TRY_NUMBER=1
AIRFLOW_CTX_DAG_RUN_ID=scheduled__2024-12-01T00:00:00+00:00
[2024-12-05T16:30:28.513+0000] {logging_mixin.py:120} INFO - ***
[2024-12-05T16:30:28.515+0000] {python.py:177} INFO - Done. Returned value was: None
[2024-12-05T16:30:28.557+0000] {taskinstance.py:1406} INFO - Marking task as SUCCESS. dag_id=demo, task_id=***, execution_date=20241201T000000, start_date=20241205T163027, end_date=20241205T163028
[2024-12-05T16:30:28.625+0000] {local_task_job.py:164} INFO - Task exited with return code 0
[2024-12-05T16:30:28.683+0000] {local_task_job.py:273} INFO - 0 downstream tasks scheduled from follow-on schedule check
