[2024-12-08T12:58:34.603+0000] {taskinstance.py:1165} INFO - Dependencies all met for <TaskInstance: json_to_postgres_dag.Bashin manual__2024-12-08T12:58:33.628246+00:00 [queued]>
[2024-12-08T12:58:34.612+0000] {taskinstance.py:1165} INFO - Dependencies all met for <TaskInstance: json_to_postgres_dag.Bashin manual__2024-12-08T12:58:33.628246+00:00 [queued]>
[2024-12-08T12:58:34.612+0000] {taskinstance.py:1362} INFO - 
--------------------------------------------------------------------------------
[2024-12-08T12:58:34.613+0000] {taskinstance.py:1363} INFO - Starting attempt 1 of 2
[2024-12-08T12:58:34.614+0000] {taskinstance.py:1364} INFO - 
--------------------------------------------------------------------------------
[2024-12-08T12:58:34.627+0000] {taskinstance.py:1383} INFO - Executing <Task(BashOperator): Bashin> on 2024-12-08 12:58:33.628246+00:00
[2024-12-08T12:58:34.631+0000] {standard_task_runner.py:55} INFO - Started process 554 to run task
[2024-12-08T12:58:34.633+0000] {standard_task_runner.py:82} INFO - Running: ['***', 'tasks', 'run', 'json_to_postgres_dag', 'Bashin', 'manual__2024-12-08T12:58:33.628246+00:00', '--job-id', '2482', '--raw', '--subdir', 'DAGS_FOLDER/demo.py', '--cfg-path', '/tmp/tmpmadpx9kf']
[2024-12-08T12:58:34.634+0000] {standard_task_runner.py:83} INFO - Job 2482: Subtask Bashin
[2024-12-08T12:58:34.681+0000] {task_command.py:376} INFO - Running <TaskInstance: json_to_postgres_dag.Bashin manual__2024-12-08T12:58:33.628246+00:00 [running]> on host ece2bbff80df
[2024-12-08T12:58:34.739+0000] {taskinstance.py:1592} INFO - Exporting the following env vars:
AIRFLOW_CTX_DAG_OWNER=***
AIRFLOW_CTX_DAG_ID=json_to_postgres_dag
AIRFLOW_CTX_TASK_ID=Bashin
AIRFLOW_CTX_EXECUTION_DATE=2024-12-08T12:58:33.628246+00:00
AIRFLOW_CTX_TRY_NUMBER=1
AIRFLOW_CTX_DAG_RUN_ID=manual__2024-12-08T12:58:33.628246+00:00
[2024-12-08T12:58:34.740+0000] {subprocess.py:63} INFO - Tmp dir root location: 
 /tmp
[2024-12-08T12:58:34.741+0000] {subprocess.py:75} INFO - Running command: ['/bin/bash', '-c', 'echo started process']
[2024-12-08T12:58:34.749+0000] {subprocess.py:86} INFO - Output:
[2024-12-08T12:58:34.750+0000] {subprocess.py:93} INFO - started process
[2024-12-08T12:58:34.750+0000] {subprocess.py:97} INFO - Command exited with return code 0
[2024-12-08T12:58:34.770+0000] {taskinstance.py:1406} INFO - Marking task as SUCCESS. dag_id=json_to_postgres_dag, task_id=Bashin, execution_date=20241208T125833, start_date=20241208T125834, end_date=20241208T125834
[2024-12-08T12:58:34.806+0000] {local_task_job.py:164} INFO - Task exited with return code 0
[2024-12-08T12:58:34.825+0000] {local_task_job.py:273} INFO - 1 downstream tasks scheduled from follow-on schedule check
