[2024-11-26T19:11:49.955+0000] {taskinstance.py:1165} INFO - Dependencies all met for <TaskInstance: demo.hello scheduled__2022-03-28T00:00:00+00:00 [queued]>
[2024-11-26T19:11:50.127+0000] {taskinstance.py:1165} INFO - Dependencies all met for <TaskInstance: demo.hello scheduled__2022-03-28T00:00:00+00:00 [queued]>
[2024-11-26T19:11:50.142+0000] {taskinstance.py:1362} INFO - 
--------------------------------------------------------------------------------
[2024-11-26T19:11:50.145+0000] {taskinstance.py:1363} INFO - Starting attempt 1 of 1
[2024-11-26T19:11:50.148+0000] {taskinstance.py:1364} INFO - 
--------------------------------------------------------------------------------
[2024-11-26T19:11:50.359+0000] {taskinstance.py:1383} INFO - Executing <Task(BashOperator): hello> on 2022-03-28 00:00:00+00:00
[2024-11-26T19:11:50.480+0000] {standard_task_runner.py:55} INFO - Started process 108 to run task
[2024-11-26T19:11:50.544+0000] {standard_task_runner.py:82} INFO - Running: ['***', 'tasks', 'run', 'demo', 'hello', 'scheduled__2022-03-28T00:00:00+00:00', '--job-id', '205', '--raw', '--subdir', 'DAGS_FOLDER/demo.py', '--cfg-path', '/tmp/tmpnd7ykxdp']
[2024-11-26T19:11:50.563+0000] {standard_task_runner.py:83} INFO - Job 205: Subtask hello
[2024-11-26T19:11:50.953+0000] {task_command.py:376} INFO - Running <TaskInstance: demo.hello scheduled__2022-03-28T00:00:00+00:00 [running]> on host ece2bbff80df
[2024-11-26T19:11:51.946+0000] {taskinstance.py:1592} INFO - Exporting the following env vars:
AIRFLOW_CTX_DAG_OWNER=***
AIRFLOW_CTX_DAG_ID=demo
AIRFLOW_CTX_TASK_ID=hello
AIRFLOW_CTX_EXECUTION_DATE=2022-03-28T00:00:00+00:00
AIRFLOW_CTX_TRY_NUMBER=1
AIRFLOW_CTX_DAG_RUN_ID=scheduled__2022-03-28T00:00:00+00:00
[2024-11-26T19:11:51.952+0000] {subprocess.py:63} INFO - Tmp dir root location: 
 /tmp
[2024-11-26T19:11:51.956+0000] {subprocess.py:75} INFO - Running command: ['/bin/bash', '-c', 'echo hello soundarya']
[2024-11-26T19:11:51.991+0000] {subprocess.py:86} INFO - Output:
[2024-11-26T19:11:51.995+0000] {subprocess.py:93} INFO - hello soundarya
[2024-11-26T19:11:51.996+0000] {subprocess.py:97} INFO - Command exited with return code 0
[2024-11-26T19:11:52.113+0000] {taskinstance.py:1406} INFO - Marking task as SUCCESS. dag_id=demo, task_id=hello, execution_date=20220328T000000, start_date=20241126T191149, end_date=20241126T191152
[2024-11-26T19:11:52.228+0000] {local_task_job.py:164} INFO - Task exited with return code 0
[2024-11-26T19:11:52.378+0000] {local_task_job.py:273} INFO - 1 downstream tasks scheduled from follow-on schedule check
