[2024-11-26T19:18:03.696+0000] {taskinstance.py:1165} INFO - Dependencies all met for <TaskInstance: demo.airflow scheduled__2023-02-23T00:00:00+00:00 [queued]>
[2024-11-26T19:18:03.736+0000] {taskinstance.py:1165} INFO - Dependencies all met for <TaskInstance: demo.airflow scheduled__2023-02-23T00:00:00+00:00 [queued]>
[2024-11-26T19:18:03.739+0000] {taskinstance.py:1362} INFO - 
--------------------------------------------------------------------------------
[2024-11-26T19:18:03.739+0000] {taskinstance.py:1363} INFO - Starting attempt 1 of 1
[2024-11-26T19:18:03.740+0000] {taskinstance.py:1364} INFO - 
--------------------------------------------------------------------------------
[2024-11-26T19:18:03.901+0000] {taskinstance.py:1383} INFO - Executing <Task(_PythonDecoratedOperator): airflow> on 2023-02-23 00:00:00+00:00
[2024-11-26T19:18:03.936+0000] {standard_task_runner.py:55} INFO - Started process 2061 to run task
[2024-11-26T19:18:03.953+0000] {standard_task_runner.py:82} INFO - Running: ['***', 'tasks', 'run', 'demo', '***', 'scheduled__2023-02-23T00:00:00+00:00', '--job-id', '891', '--raw', '--subdir', 'DAGS_FOLDER/demo.py', '--cfg-path', '/tmp/tmpowzhp0gu']
[2024-11-26T19:18:03.976+0000] {standard_task_runner.py:83} INFO - Job 891: Subtask ***
[2024-11-26T19:18:04.137+0000] {task_command.py:376} INFO - Running <TaskInstance: demo.airflow scheduled__2023-02-23T00:00:00+00:00 [running]> on host ece2bbff80df
[2024-11-26T19:18:04.347+0000] {taskinstance.py:1592} INFO - Exporting the following env vars:
AIRFLOW_CTX_DAG_OWNER=***
AIRFLOW_CTX_DAG_ID=demo
AIRFLOW_CTX_TASK_ID=***
AIRFLOW_CTX_EXECUTION_DATE=2023-02-23T00:00:00+00:00
AIRFLOW_CTX_TRY_NUMBER=1
AIRFLOW_CTX_DAG_RUN_ID=scheduled__2023-02-23T00:00:00+00:00
[2024-11-26T19:18:04.357+0000] {logging_mixin.py:120} INFO - ***
[2024-11-26T19:18:04.358+0000] {python.py:177} INFO - Done. Returned value was: None
[2024-11-26T19:18:04.384+0000] {taskinstance.py:1406} INFO - Marking task as SUCCESS. dag_id=demo, task_id=***, execution_date=20230223T000000, start_date=20241126T191803, end_date=20241126T191804
[2024-11-26T19:18:04.467+0000] {local_task_job.py:164} INFO - Task exited with return code 0
[2024-11-26T19:18:04.619+0000] {local_task_job.py:273} INFO - 0 downstream tasks scheduled from follow-on schedule check
