[2024-12-08T12:52:37.441+0000] {taskinstance.py:1165} INFO - Dependencies all met for <TaskInstance: json_to_postgres_dag.Bashin manual__2024-12-08T12:52:36.392289+00:00 [queued]>
[2024-12-08T12:52:37.466+0000] {taskinstance.py:1165} INFO - Dependencies all met for <TaskInstance: json_to_postgres_dag.Bashin manual__2024-12-08T12:52:36.392289+00:00 [queued]>
[2024-12-08T12:52:37.480+0000] {taskinstance.py:1362} INFO - 
--------------------------------------------------------------------------------
[2024-12-08T12:52:37.481+0000] {taskinstance.py:1363} INFO - Starting attempt 1 of 2
[2024-12-08T12:52:37.482+0000] {taskinstance.py:1364} INFO - 
--------------------------------------------------------------------------------
[2024-12-08T12:52:37.502+0000] {taskinstance.py:1383} INFO - Executing <Task(BashOperator): Bashin> on 2024-12-08 12:52:36.392289+00:00
[2024-12-08T12:52:37.506+0000] {standard_task_runner.py:55} INFO - Started process 268 to run task
[2024-12-08T12:52:37.509+0000] {standard_task_runner.py:82} INFO - Running: ['***', 'tasks', 'run', 'json_to_postgres_dag', 'Bashin', 'manual__2024-12-08T12:52:36.392289+00:00', '--job-id', '2480', '--raw', '--subdir', 'DAGS_FOLDER/demo.py', '--cfg-path', '/tmp/tmprrji5eml']
[2024-12-08T12:52:37.510+0000] {standard_task_runner.py:83} INFO - Job 2480: Subtask Bashin
[2024-12-08T12:52:37.569+0000] {task_command.py:376} INFO - Running <TaskInstance: json_to_postgres_dag.Bashin manual__2024-12-08T12:52:36.392289+00:00 [running]> on host ece2bbff80df
[2024-12-08T12:52:37.633+0000] {taskinstance.py:1592} INFO - Exporting the following env vars:
AIRFLOW_CTX_DAG_OWNER=***
AIRFLOW_CTX_DAG_ID=json_to_postgres_dag
AIRFLOW_CTX_TASK_ID=Bashin
AIRFLOW_CTX_EXECUTION_DATE=2024-12-08T12:52:36.392289+00:00
AIRFLOW_CTX_TRY_NUMBER=1
AIRFLOW_CTX_DAG_RUN_ID=manual__2024-12-08T12:52:36.392289+00:00
[2024-12-08T12:52:37.634+0000] {subprocess.py:63} INFO - Tmp dir root location: 
 /tmp
[2024-12-08T12:52:37.635+0000] {subprocess.py:75} INFO - Running command: ['/bin/bash', '-c', 'echo started process']
[2024-12-08T12:52:37.645+0000] {subprocess.py:86} INFO - Output:
[2024-12-08T12:52:37.646+0000] {subprocess.py:93} INFO - started process
[2024-12-08T12:52:37.647+0000] {subprocess.py:97} INFO - Command exited with return code 0
[2024-12-08T12:52:37.670+0000] {taskinstance.py:1406} INFO - Marking task as SUCCESS. dag_id=json_to_postgres_dag, task_id=Bashin, execution_date=20241208T125236, start_date=20241208T125237, end_date=20241208T125237
[2024-12-08T12:52:37.722+0000] {local_task_job.py:164} INFO - Task exited with return code 0
[2024-12-08T12:52:37.754+0000] {local_task_job.py:273} INFO - 1 downstream tasks scheduled from follow-on schedule check
