[2024-11-26T19:25:18.220+0000] {taskinstance.py:1165} INFO - Dependencies all met for <TaskInstance: demo.hello scheduled__2024-05-27T00:00:00+00:00 [queued]>
[2024-11-26T19:25:18.243+0000] {taskinstance.py:1165} INFO - Dependencies all met for <TaskInstance: demo.hello scheduled__2024-05-27T00:00:00+00:00 [queued]>
[2024-11-26T19:25:18.244+0000] {taskinstance.py:1362} INFO - 
--------------------------------------------------------------------------------
[2024-11-26T19:25:18.244+0000] {taskinstance.py:1363} INFO - Starting attempt 1 of 1
[2024-11-26T19:25:18.245+0000] {taskinstance.py:1364} INFO - 
--------------------------------------------------------------------------------
[2024-11-26T19:25:18.327+0000] {taskinstance.py:1383} INFO - Executing <Task(BashOperator): hello> on 2024-05-27 00:00:00+00:00
[2024-11-26T19:25:18.335+0000] {standard_task_runner.py:55} INFO - Started process 4625 to run task
[2024-11-26T19:25:18.345+0000] {standard_task_runner.py:82} INFO - Running: ['***', 'tasks', 'run', 'demo', 'hello', 'scheduled__2024-05-27T00:00:00+00:00', '--job-id', '1800', '--raw', '--subdir', 'DAGS_FOLDER/demo.py', '--cfg-path', '/tmp/tmpdx8j9eqg']
[2024-11-26T19:25:18.347+0000] {standard_task_runner.py:83} INFO - Job 1800: Subtask hello
[2024-11-26T19:25:18.593+0000] {task_command.py:376} INFO - Running <TaskInstance: demo.hello scheduled__2024-05-27T00:00:00+00:00 [running]> on host ece2bbff80df
[2024-11-26T19:25:18.798+0000] {taskinstance.py:1592} INFO - Exporting the following env vars:
AIRFLOW_CTX_DAG_OWNER=***
AIRFLOW_CTX_DAG_ID=demo
AIRFLOW_CTX_TASK_ID=hello
AIRFLOW_CTX_EXECUTION_DATE=2024-05-27T00:00:00+00:00
AIRFLOW_CTX_TRY_NUMBER=1
AIRFLOW_CTX_DAG_RUN_ID=scheduled__2024-05-27T00:00:00+00:00
[2024-11-26T19:25:18.802+0000] {subprocess.py:63} INFO - Tmp dir root location: 
 /tmp
[2024-11-26T19:25:18.803+0000] {subprocess.py:75} INFO - Running command: ['/bin/bash', '-c', 'echo hello soundarya']
[2024-11-26T19:25:18.861+0000] {subprocess.py:86} INFO - Output:
[2024-11-26T19:25:18.867+0000] {subprocess.py:93} INFO - hello soundarya
[2024-11-26T19:25:18.868+0000] {subprocess.py:97} INFO - Command exited with return code 0
[2024-11-26T19:25:18.932+0000] {taskinstance.py:1406} INFO - Marking task as SUCCESS. dag_id=demo, task_id=hello, execution_date=20240527T000000, start_date=20241126T192518, end_date=20241126T192518
[2024-11-26T19:25:19.026+0000] {local_task_job.py:164} INFO - Task exited with return code 0
[2024-11-26T19:25:19.127+0000] {local_task_job.py:273} INFO - 1 downstream tasks scheduled from follow-on schedule check
