[2024-11-26T19:19:29.725+0000] {taskinstance.py:1165} INFO - Dependencies all met for <TaskInstance: demo.hello scheduled__2023-05-28T00:00:00+00:00 [queued]>
[2024-11-26T19:19:29.755+0000] {taskinstance.py:1165} INFO - Dependencies all met for <TaskInstance: demo.hello scheduled__2023-05-28T00:00:00+00:00 [queued]>
[2024-11-26T19:19:29.758+0000] {taskinstance.py:1362} INFO - 
--------------------------------------------------------------------------------
[2024-11-26T19:19:29.759+0000] {taskinstance.py:1363} INFO - Starting attempt 1 of 1
[2024-11-26T19:19:29.760+0000] {taskinstance.py:1364} INFO - 
--------------------------------------------------------------------------------
[2024-11-26T19:19:29.795+0000] {taskinstance.py:1383} INFO - Executing <Task(BashOperator): hello> on 2023-05-28 00:00:00+00:00
[2024-11-26T19:19:29.808+0000] {standard_task_runner.py:55} INFO - Started process 2567 to run task
[2024-11-26T19:19:29.815+0000] {standard_task_runner.py:82} INFO - Running: ['***', 'tasks', 'run', 'demo', 'hello', 'scheduled__2023-05-28T00:00:00+00:00', '--job-id', '1072', '--raw', '--subdir', 'DAGS_FOLDER/demo.py', '--cfg-path', '/tmp/tmpn2ch08g5']
[2024-11-26T19:19:29.817+0000] {standard_task_runner.py:83} INFO - Job 1072: Subtask hello
[2024-11-26T19:19:29.951+0000] {task_command.py:376} INFO - Running <TaskInstance: demo.hello scheduled__2023-05-28T00:00:00+00:00 [running]> on host ece2bbff80df
[2024-11-26T19:19:30.101+0000] {taskinstance.py:1592} INFO - Exporting the following env vars:
AIRFLOW_CTX_DAG_OWNER=***
AIRFLOW_CTX_DAG_ID=demo
AIRFLOW_CTX_TASK_ID=hello
AIRFLOW_CTX_EXECUTION_DATE=2023-05-28T00:00:00+00:00
AIRFLOW_CTX_TRY_NUMBER=1
AIRFLOW_CTX_DAG_RUN_ID=scheduled__2023-05-28T00:00:00+00:00
[2024-11-26T19:19:30.106+0000] {subprocess.py:63} INFO - Tmp dir root location: 
 /tmp
[2024-11-26T19:19:30.107+0000] {subprocess.py:75} INFO - Running command: ['/bin/bash', '-c', 'echo hello soundarya']
[2024-11-26T19:19:30.132+0000] {subprocess.py:86} INFO - Output:
[2024-11-26T19:19:30.135+0000] {subprocess.py:93} INFO - hello soundarya
[2024-11-26T19:19:30.136+0000] {subprocess.py:97} INFO - Command exited with return code 0
[2024-11-26T19:19:30.175+0000] {taskinstance.py:1406} INFO - Marking task as SUCCESS. dag_id=demo, task_id=hello, execution_date=20230528T000000, start_date=20241126T191929, end_date=20241126T191930
[2024-11-26T19:19:30.245+0000] {local_task_job.py:164} INFO - Task exited with return code 0
[2024-11-26T19:19:30.333+0000] {local_task_job.py:273} INFO - 1 downstream tasks scheduled from follow-on schedule check
