[2024-11-26T19:26:42.959+0000] {taskinstance.py:1165} INFO - Dependencies all met for <TaskInstance: demo.airflow scheduled__2024-08-12T00:00:00+00:00 [queued]>
[2024-11-26T19:26:42.983+0000] {taskinstance.py:1165} INFO - Dependencies all met for <TaskInstance: demo.airflow scheduled__2024-08-12T00:00:00+00:00 [queued]>
[2024-11-26T19:26:42.985+0000] {taskinstance.py:1362} INFO - 
--------------------------------------------------------------------------------
[2024-11-26T19:26:42.987+0000] {taskinstance.py:1363} INFO - Starting attempt 1 of 1
[2024-11-26T19:26:42.989+0000] {taskinstance.py:1364} INFO - 
--------------------------------------------------------------------------------
[2024-11-26T19:26:43.105+0000] {taskinstance.py:1383} INFO - Executing <Task(_PythonDecoratedOperator): airflow> on 2024-08-12 00:00:00+00:00
[2024-11-26T19:26:43.127+0000] {standard_task_runner.py:55} INFO - Started process 5084 to run task
[2024-11-26T19:26:43.155+0000] {standard_task_runner.py:82} INFO - Running: ['***', 'tasks', 'run', 'demo', '***', 'scheduled__2024-08-12T00:00:00+00:00', '--job-id', '1962', '--raw', '--subdir', 'DAGS_FOLDER/demo.py', '--cfg-path', '/tmp/tmpsprx_5io']
[2024-11-26T19:26:43.156+0000] {standard_task_runner.py:83} INFO - Job 1962: Subtask ***
[2024-11-26T19:26:43.355+0000] {task_command.py:376} INFO - Running <TaskInstance: demo.airflow scheduled__2024-08-12T00:00:00+00:00 [running]> on host ece2bbff80df
[2024-11-26T19:26:43.488+0000] {taskinstance.py:1592} INFO - Exporting the following env vars:
AIRFLOW_CTX_DAG_OWNER=***
AIRFLOW_CTX_DAG_ID=demo
AIRFLOW_CTX_TASK_ID=***
AIRFLOW_CTX_EXECUTION_DATE=2024-08-12T00:00:00+00:00
AIRFLOW_CTX_TRY_NUMBER=1
AIRFLOW_CTX_DAG_RUN_ID=scheduled__2024-08-12T00:00:00+00:00
[2024-11-26T19:26:43.490+0000] {logging_mixin.py:120} INFO - ***
[2024-11-26T19:26:43.491+0000] {python.py:177} INFO - Done. Returned value was: None
[2024-11-26T19:26:43.509+0000] {taskinstance.py:1406} INFO - Marking task as SUCCESS. dag_id=demo, task_id=***, execution_date=20240812T000000, start_date=20241126T192642, end_date=20241126T192643
[2024-11-26T19:26:43.585+0000] {local_task_job.py:164} INFO - Task exited with return code 0
[2024-11-26T19:26:43.616+0000] {local_task_job.py:273} INFO - 0 downstream tasks scheduled from follow-on schedule check
